<?xml version="1.0" encoding="UTF-8"?>
<!-- Generated by org.testng.reporters.JUnitReportReporter -->
<testsuite skipped="0" hostname="CLLK-SHIWANTHAL" name="se.cambio.qa.dev.MbSampleTest" tests="1" failures="0" timestamp="21 Jan 2019 12:05:53 GMT" time="58.991" errors="1">
  <testcase name="step_mb_region_membership" time="58.991" classname="se.cambio.qa.dev.MbSampleTest">
    <error type="java.lang.RuntimeException" message="se.cambio.test.taf.core.exception.ApplicationException: Unable to find JMenuItem using the specified GenericTypeMatcher. 
Error: Unable to find component using matcher se.cambio.test.taf.element.desktop.elementbase.core.BaseJMenu$2@4215e133.

Component hierarchy:
se.cambiosys.client.framework.core.internal.gui.MainWindow[name=&#039;jframe_main_window&#039;, title=&#039;Prasad Ranasinghe, (PrasadR), Central administrator*The Emergency department*&#039;, enabled=true, visible=true, showing=true]
  javax.swing.JRootPane[]
    se.cambiosys.client.framework.core.internal.gui.MainGlassPane[name=null]
    javax.swing.JLayeredPane[]
      javax.swing.JPanel[name=null]
        javax.swing.JPopupMenu[name=null, label=null, enabled=true, visible=true, showing=true]
          se.cambiosys.client.framework.core.internal.gui.CambioMenuSearchComponent[name=null]
            se.cambiosys.client.framework.components.CambioPanel[name=null]
              javax.swing.JTextField[name=null, text=&#039;&#039;, enabled=true, visible=true, showing=true]
              se.cambiosys.client.framework.components.CambioLabel[name=&#039;Table.cellRenderer&#039;, text=&#039;&#039;, enabled=true, visible=true, showing=true]
              se.cambiosys.client.framework.components.CambioButton[name=null, text=&#039;&#039;, enabled=true, visible=false, showing=false]
          se.cambiosys.client.framework.components.CambioMenu[name=null, text=&#039;Page Object Creator&#039;, selected=false, enabled=true, visible=true, showing=true]
            javax.swing.JPopupMenu[name=null, label=null, enabled=true, visible=false, showing=false]
              se.cambiosys.client.framework.menueditor.internal.InitializingMenuItem[name=null, text=&#039;Loading...&#039;, selected=false, enabled=true, visible=true, showing=false]
                se.cambiosys.client.framework.core.internal.CambioShortcutMenuButton[name=null, text=&#039;&#039;, selected=false, enabled=true, visible=true, showing=false]
          se.cambiosys.client.framework.components.CambioMenu[name=null, text=&#039;Activity&#039;, selected=false, enabled=true, visible=true, showing=true]
            javax.swing.JPopupMenu[name=null, label=null, enabled=true, visible=false, showing=false]
              se.cambiosys.client.framework.menueditor.internal.InitializingMenuItem[name=null, text=&#039;Order&#039;, selected=false, enabled=false, visible=true, showing=false]
                se.cambiosys.client.framework.core.internal.CambioShortcutMenuButton[name=null, text=&#039;&#039;, selected=true, enabled=true, visible=true, showing=false]
              se.cambiosys.client.framework.menueditor.internal.InitializingMenuItem[name=null, text=&#039;Order Administration&#039;, selected=false, enabled=true, visible=true, showing=false]
                se.cambiosys.client.framework.core.internal.CambioShortcutMenuButton[name=null, text=&#039;&#039;, selected=false, enabled=true, visible=true, showing=false]
          se.cambiosys.client.framework.components.CambioMenu[name=null, text=&#039;Patient Generated Care Entries&#039;, selected=false, enabled=true, visible=true, showing=true]
            javax.swing.JPopupMenu[name=null, label=null, enabled=true, visible=false, showing=false]
              se.cambiosys.client.framework.menueditor.internal.InitializingMenuItem[name=null, text=&#039;PG CareEntries Testing Tool&#039;, selected=false, enabled=true, visible=true, showing=false]
                se.cambiosys.client.framework.core.internal.CambioShortcutMenuButton[name=null, text=&#039;&#039;, selected=false, enabled=true, visible=true, showing=false]
          se.cambiosys.client.framework.components.CambioMenu[name=null, text=&#039;Referral&#039;, selected=false, enabled=true, visible=true, showing=true]
            javax.swing.JPopupMenu[name=null, label=null, enabled=true, visible=false, showing=false]
              se.cambiosys.client.framework.menueditor.internal.InitializingMenuItem[name=null, text=&#039;New referral&#039;, selected=false, enabled=true, visible=true, showing=false]
                se.cambiosys.client.framework.core.internal.CambioShortcutMenuButton[name=null, text=&#039;&#039;, selected=false, enabled=true, visible=true, showing=false]
              se.cambiosys.client.framework.menueditor.internal.InitializingMenuItem[name=null, text=&#039;Received referrals&#039;, selected=false, enabled=true, visible=true, showing=false]
                se.cambiosys.client.framework.core.internal.CambioShortcutMenuButton[name=null, text=&#039;&#039;, selected=false, enabled=true, visible=true, showing=false]
              se.cambiosys.client.framework.menueditor.internal.InitializingMenuItem[name=null, text=&#039;Register referral&#039;, selected=false, enabled=true, visible=true, showing=false]
                se.cambiosys.client.framework.core.internal.CambioShortcutMenuButton[name=null, text=&#039;&#039;, selected=false, enabled=true, visible=true, showing=false]
              se.cambiosys.client.framework.menueditor.internal.InitializingMenuItem[name=null, text=&#039;Saved and sent referrals&#039;, selected=false, enabled=true, visible=true, showing=false]
                se.cambiosys.client.framework.core.internal.CambioShortcutMenuButton[name=null, text=&#039;&#039;, selected=false, enabled=true, visible=true, showing=false]
              se.cambiosys.client.framework.menueditor.internal.InitializingMenuItem[name=null, text=&#039;Patient&#039;s list of answers&#039;, selected=false, enabled=true, visible=true, showing=false]
                se.cambiosys.client.framework.core.internal.CambioShortcutMenuButton[name=null, text=&#039;&#039;, selected=false, enabled=true, visible=true, showing=false]
              se.cambiosys.client.framework.components.CambioMenu[name=null, text=&#039;Administration&#039;, selected=false, enabled=true, visible=true, showing=false]
                javax.swing.JPopupMenu[name=null, label=null, enabled=true, visible=false, showing=false]
                  se.cambiosys.client.framework.menueditor.internal.InitializingMenuItem[name=null, text=&#039;Documentation templates&#039;, selected=false, enabled=true, visible=true, showing=false]
                    se.cambiosys.client.framework.core.internal.CambioShortcutMenuButton[name=null, text=&#039;&#039;, selected=false, enabled=true, visible=true, showing=false]
          se.cambiosys.client.framework.components.CambioMenu[name=null, text=&#039;Link&#039;, selected=false, enabled=true, visible=true, showing=true]
            javax.swing.JPopupMenu[name=null, label=null, enabled=true, visible=false, showing=false]
              se.cambiosys.client.framework.menueditor.internal.InitializingMenuItem[name=null, text=&#039;Case overview&#039;, selected=false, enabled=true, visible=true, showing=false]
                se.cambiosys.client.framework.core.internal.CambioShortcutMenuButton[name=null, text=&#039;&#039;, selected=false, enabled=true, visible=true, showing=false]
              se.cambiosys.client.framework.components.CambioMenu[name=null, text=&#039;Administration&#039;, selected=false, enabled=true, visible=true, showing=false]
                javax.swing.JPopupMenu[name=null, label=null, enabled=true, visible=false, showing=false]
                  se.cambiosys.client.framework.menueditor.internal.InitializingMenuItem[name=null, text=&#039;Suggested Admission message receivers&#039;, selected=false, enabled=true, visible=true, showing=false]
                    se.cambiosys.client.framework.core.internal.CambioShortcutMenuButton[name=null, text=&#039;&#039;, selected=false, enabled=true, visible=true, showing=false]
          se.cambiosys.client.framework.components.CambioMenu[name=null, text=&#039;Fluid balance&#039;, selected=false, enabled=true, visible=true, showing=true]
            javax.swing.JPopupMenu[name=null, label=null, enabled=true, visible=false, showing=false]
              se.cambiosys.client.framework.menueditor.internal.InitializingMenuItem[name=null, text=&#039;Fluid Balance&#039;, selected=false, enabled=true, visible=true, showing=false]
                se.cambiosys.client.framework.core.internal.CambioShortcutMenuButton[name=null, text=&#039;&#039;, selected=false, enabled=true, visible=true, showing=false]
          se.cambiosys.client.framework.components.CambioMenu[name=null, text=&#039;Help&#039;, selected=false, enabled=true, visible=true, showing=true]
            javax.swing.JPopupMenu[name=null, label=null, enabled=true, visible=false, showing=false]
              se.cambiosys.client.framework.menueditor.internal.InitializingMenuItem[name=null, text=&#039;About Cambio COSMIC...&#039;, selected=false, enabled=true, visible=true, showing=false]
                se.cambiosys.client.framework.core.internal.CambioShortcutMenuButton[name=null, text=&#039;&#039;, selected=false, enabled=true, visible=true, showing=false]
              se.cambiosys.client.framework.menueditor.internal.InitializingMenuItem[name=null, text=&#039;Help for Cosmic&#039;, selected=false, enabled=true, visible=true, showing=false]
                se.cambiosys.client.framework.core.internal.CambioShortcutMenuButton[name=null, text=&#039;&#039;, selected=false, enabled=true, visible=true, showing=false]
          se.cambiosys.client.framework.components.CambioMenu[name=null, text=&#039;CDS&#039;, selected=false, enabled=true, visible=true, showing=true]
            javax.swing.JPopupMenu[name=null, label=null, enabled=true, visible=false, showing=false]
              se.cambiosys.client.framework.menueditor.internal.InitializingMenuItem[name=null, text=&#039;CDS App Administration&#039;, selected=false, enabled=true, visible=true, showing=false]
                se.cambiosys.client.framework.core.internal.CambioShortcutMenuButton[name=null, text=&#039;&#039;, selected=false, enabled=true, visible=true, showing=false]
              se.cambiosys.client.framework.menueditor.internal.InitializingMenuItem[name=null, text=&#039;Stroke Prevention for Atrial Fibrillation&#039;, selected=false, enabled=true, visible=true, showing=false]
                se.cambiosys.client.framework.core.internal.CambioShortcutMenuButton[name=null, text=&#039;&#039;, selected=false, enabled=true, visible=true, showing=false]
          se.cambiosys.client.framework.components.CambioMenu[name=null, text=&#039;Resource planning&#039;, selected=false, enabled=true, visible=true, showing=true]
            javax.swing.JPopupMenu[name=null, label=null, enabled=true, visible=false, showing=false]
              se.cambiosys.client.framework.menueditor.internal.InitializingMenuItem[name=null, text=&#039;Schedule&#039;, selected=false, enabled=true, visible=true, showing=false]
                se.cambiosys.client.framework.core.internal.CambioShortcutMenuButton[name=null, text=&#039;&#039;, selected=false, enabled=true, visible=true, showing=false]
              se.cambiosys.client.framework.menueditor.internal.InitializingMenuItem[name=null, text=&#039;Schedule groups&#039;, selected=false, enabled=true, visible=true, showing=false]
                se.cambiosys.client.framework.core.internal.CambioShortcutMenuButton[name=null, text=&#039;&#039;, selected=false, enabled=true, visible=true, showing=false]
              se.cambiosys.client.framework.menueditor.internal.InitializingMenuItem[name=null, text=&#039;Schedule overview&#039;, selected=false, enabled=true, visible=true, showing=false]
                se.cambiosys.client.framework.core.internal.CambioShortcutMenuButton[name=null, text=&#039;&#039;, selected=false, enabled=true, visible=true, showing=false]
              se.cambiosys.client.framework.components.CambioMenu[name=null, text=&#039;Administration&#039;, selected=false, enabled=true, visible=true, showing=false]
                javax.swing.JPopupMenu[name=null, label=null, enabled=true, visible=false, showing=false]
                  se.cambiosys.client.framework.menueditor.internal.InitializingMenuItem[name=null, text=&#039;Connect time slot services&#039;, selected=false, enabled=true, visible=true, showing=false]
                    se.cambiosys.client.framework.core.internal.CambioShortcutMenuButton[name=null, text=&#039;&#039;, selected=false, enabled=true, visible=true, showing=false]
                  se.cambiosys.client.framework.components.CambioMenu[name=null, text=&#039;Scheme&#039;, selected=false, enabled=true, visible=true, showing=false]
                    javax.swing.JPopupMenu[name=null, label=null, enabled=true, visible=false, showing=false]
                      se.cambiosys.client.framework.menueditor.internal.InitializingMenuItem[name=null, text=&#039;Services scheme&#039;, selected=false, enabled=true, visible=true, showing=false]
                        se.cambiosys.client.framework.core.internal.CambioShortcutMenuButton[name=null, text=&#039;&#039;, selected=false, enabled=true, visible=true, showing=false]
                      se.cambiosys.client.framework.menueditor.internal.InitializingMenuItem[name=null, text=&#039;Scheme templates&#039;, selected=false, enabled=true, visible=true, showing=false]
                        se.cambiosys.client.framework.core.internal.CambioShortcutMenuButton[name=null, text=&#039;&#039;, selected=false, enabled=true, visible=true, showing=false]
                      se.cambiosys.client.framework.menueditor.internal.InitializingMenuItem[name=null, text=&#039;Resource&#039;s scheme&#039;, selected=false, enabled=true, visible=true, showing=false]
                        se.cambiosys.client.framework.core.internal.CambioShortcutMenuButton[name=null, text=&#039;&#039;, selected=false, enabled=true, visible=true, showing=false]
                  se.cambiosys.client.framework.components.CambioMenu[name=null, text=&#039;Staffing&#039;, selected=false, enabled=true, visible=true, showing=false]
                    javax.swing.JPopupMenu[name=null, label=null, enabled=true, visible=false, showing=false]
                      se.cambiosys.client.framework.menueditor.internal.InitializingMenuItem[name=null, text=&#039;Allocate resources - Services scheme&#039;, selected=false, enabled=true, visible=true, showing=false]
                        se.cambiosys.client.framework.core.internal.CambioShortcutMenuButton[name=null, text=&#039;&#039;, selected=false, enabled=true, visible=true, showing=false]
                      se.cambiosys.client.framework.menueditor.internal.InitializingMenuItem[name=null, text=&#039;Allocate resources - Scheme templates&#039;, selected=false, enabled=true, visible=true, showing=false]
                        se.cambiosys.client.framework.core.internal.CambioShortcutMenuButton[name=null, text=&#039;&#039;, selected=false, enabled=true, visible=true, showing=false]
                      se.cambiosys.client.framework.menueditor.internal.InitializingMenuItem[name=null, text=&#039;Services missing resources&#039;, selected=false, enabled=true, visible=true, showing=false]
                        se.cambiosys.client.framework.core.internal.CambioShortcutMenuButton[name=null, text=&#039;&#039;, selected=false, enabled=true, visible=true, showing=false]
              se.cambiosys.client.framework.menueditor.internal.InitializingMenuItem[name=null, text=&#039;Planned activities&#039;, selected=false, enabled=true, visible=true, showing=false]
                se.cambiosys.client.framework.core.internal.CambioShortcutMenuButton[name=null, text=&#039;&#039;, selected=false, enabled=true, visible=true, showing=false]
              se.cambiosys.client.framework.menueditor.internal.InitializingMenuItem[name=null, text=&#039;Planning form&#039;, selected=false, enabled=true, visible=true, showing=false]
                se.cambiosys.client.framework.core.internal.CambioShortcutMenuButton[name=null, text=&#039;&#039;, selected=false, enabled=true, visible=true, showing=false]
              se.cambiosys.client.framework.menueditor.internal.InitializingMenuItem[name=null, text=&#039;Light planning form&#039;, selected=false, enabled=true, visible=true, showing=false]
                se.cambiosys.client.framework.core.internal.CambioShortcutMenuButton[name=null, text=&#039;&#039;, selected=false, enabled=true, visible=true, showing=false]
          se.cambiosys.client.framework.components.CambioMenu[name=null, text=&#039;Activity handling&#039;, selected=false, enabled=true, visible=true, showing=true]
            javax.swing.JPopupMenu[name=null, label=null, enabled=true, visible=false, showing=false]
              se.cambiosys.client.framework.menueditor.internal.InitializingMenuItem[name=null, text=&#039;Activity handler&#039;, selected=false, enabled=true, visible=true, showing=false]
                se.cambiosys.client.framework.core.internal.CambioShortcutMenuButton[name=null, text=&#039;&#039;, selected=false, enabled=true, visible=true, showing=false]
              se.cambiosys.client.framework.components.CambioMenu[name=null, text=&#039;Administration&#039;, selected=false, enabled=true, visible=true, showing=false]
                javax.swing.JPopupMenu[name=null, label=null, enabled=true, visible=false, showing=false]
                  se.cambiosys.client.framework.menueditor.internal.InitializingMenuItem[name=null, text=&#039;Configuration of Activity plans&#039;, selected=false, enabled=true, visible=true, showing=false]
                    se.cambiosys.client.framework.core.internal.CambioShortcutMenuButton[name=null, text=&#039;&#039;, selected=false, enabled=true, visible=true, showing=false]
                  se.cambiosys.client.framework.menueditor.internal.InitializingMenuItem[name=null, text=&#039;Configuration of activity plan activation&#039;, selected=false, enabled=true, visible=true, showing=false]
                    se.cambiosys.client.framework.core.internal.CambioShortcutMenuButton[name=null, text=&#039;&#039;, selected=false, enabled=true, visible=true, showing=false]
          se.cambiosys.client.framework.components.CambioMenu[name=null, text=&#039;Drugs&#039;, selected=false, enabled=true, visible=true, showing=true]
            javax.swing.JPopupMenu[name=null, label=null, enabled=true, visible=false, showing=false]
              se.cambiosys.client.framework.menueditor.internal.InitializingMenuItem[name=null, text=&#039;Appliance&#039;, selected=false, enabled=true, visible=true, showing=false]
                se.cambiosys.client.framework.core.internal.CambioShortcutMenuButton[name=null, text=&#039;&#039;, selected=false, enabled=true, visible=true, showing=false]
              se.cambiosys.client.framework.menueditor.internal.InitializingMenuItem[name=null, text=&#039;Prescription&#039;, selected=false, enabled=true, visible=true, showing=false]
                se.cambiosys.client.framework.core.internal.CambioShortcutMenuButton[name=null, text=&#039;&#039;, selected=false, enabled=true, visible=true, showing=false]
              se.cambiosys.client.framework.menueditor.internal.InitializingMenuItem[name=null, text=&#039;R8.0 List of medications&#039;, selected=false, enabled=true, visible=true, showing=false]
                se.cambiosys.client.framework.core.internal.CambioShortcutMenuButton[name=null, text=&#039;&#039;, selected=false, enabled=true, visible=true, showing=false]
              se.cambiosys.client.framework.components.CambioMenu[name=null, text=&#039;Administration&#039;, selected=false, enabled=true, visible=true, showing=false]
                javax.swing.JPopupMenu[name=null, label=null, enabled=true, visible=false, showing=false]
                  se.cambiosys.client.framework.menueditor.internal.InitializingMenuItem[name=null, text=&#039;Sent E-prescriptions&#039;, selected=false, enabled=true, visible=true, showing=false]
                    se.cambiosys.client.framework.core.internal.CambioShortcutMenuButton[name=null, text=&#039;&#039;, selected=false, enabled=true, visible=true, showing=false]
              se.cambiosys.client.framework.menueditor.internal.InitializingMenuItem[name=null, text=&#039;Warnings, cautions and infected blood&#039;, selected=false, enabled=false, visible=true, showing=false]
                se.cambiosys.client.framework.core.internal.CambioShortcutMenuButton[name=null, text=&#039;&#039;, selected=false, enabled=true, visible=true, showing=false]
              se.cambiosys.client.framework.menueditor.internal.InitializingMenuItem[name=null, text=&#039;Medical administration record&#039;, selected=false, enabled=true, visible=true, showing=false]
                se.cambiosys.client.framework.core.internal.CambioShortcutMenuButton[name=null, text=&#039;&#039;, selected=false, enabled=true, visible=true, showing=false]
              se.cambiosys.client.framework.menueditor.internal.InitializingMenuItem[name=null, text=&#039;Decision about medication at admission&#039;, selected=false, enabled=true, visible=true, showing=false]
                se.cambiosys.client.framework.core.internal.CambioShortcutMenuButton[name=null, text=&#039;&#039;, selected=false, enabled=true, visible=true, showing=false]
          se.cambiosys.client.framework.components.CambioMenu[name=null, text=&#039;Concept&#039;, selected=false, enabled=true, visible=true, showing=true]
            javax.swing.JPopupMenu[name=null, label=null, enabled=true, visible=false, showing=false]
              se.cambiosys.client.framework.menueditor.internal.InitializingMenuItem[name=null, text=&#039;Terminology binding configuration&#039;, selected=false, enabled=true, visible=true, showing=false]
                se.cambiosys.client.framework.core.internal.CambioShortcutMenuButton[name=null, text=&#039;&#039;, selected=false, enabled=true, visible=true, showing=false]
          se.cambiosys.client.framework.components.CambioMenu[name=null, text=&#039;Block Administration&#039;, selected=false, enabled=true, visible=true, showing=true]
            javax.swing.JPopupMenu[name=null, label=null, enabled=true, visible=false, showing=false]
              se.cambiosys.client.framework.menueditor.internal.InitializingMenuItem[name=null, text=&#039;Block Administration&#039;, selected=false, enabled=true, visible=true, showing=false]
                se.cambiosys.client.framework.core.internal.CambioShortcutMenuButton[name=null, text=&#039;&#039;, selected=false, enabled=true, visible=true, showing=false]
          se.cambiosys.client.framework.components.CambioMenu[name=null, text=&#039;Overviews&#039;, selected=false, enabled=true, visible=true, showing=true]
            javax.swing.JPopupMenu[name=null, label=null, enabled=true, visible=false, showing=false]
              se.cambiosys.client.framework.menueditor.internal.InitializingMenuItem[name=null, text=&#039;Unsigned and Unacknowledged&#039;, selected=false, enabled=true, visible=true, showing=false]
                se.cambiosys.client.framework.core.internal.CambioShortcutMenuButton[name=null, text=&#039;&#039;, selected=false, enabled=true, visible=true, showing=false]
              se.cambiosys.client.framework.components.CambioMenu[name=null, text=&#039;Unit overviews&#039;, selected=false, enabled=true, visible=true, showing=false]
                javax.swing.JPopupMenu[name=null, label=null, enabled=true, visible=false, showing=false]
                  se.cambiosys.client.framework.menueditor.internal.InitializingMenuItem[name=null, text=&#039;Services&#039;, selected=false, enabled=true, visible=true, showing=false]
                    se.cambiosys.client.framework.core.internal.CambioShortcutMenuButton[name=null, text=&#039;&#039;, selected=false, enabled=true, visible=true, showing=false]
                  se.cambiosys.client.framework.menueditor.internal.InitializingMenuItem[name=null, text=&#039;Commitment&#039;, selected=false, enabled=true, visible=true, showing=false]
                    se.cambiosys.client.framework.core.internal.CambioShortcutMenuButton[name=null, text=&#039;&#039;, selected=false, enabled=true, visible=true, showing=false]
                  se.cambiosys.client.framework.menueditor.internal.InitializingMenuItem[name=null, text=&#039;Admission overview&#039;, selected=false, enabled=true, visible=true, showing=false]
                    se.cambiosys.client.framework.core.internal.CambioShortcutMenuButton[name=null, text=&#039;&#039;, selected=false, enabled=true, visible=true, showing=false]
                  se.cambiosys.client.framework.menueditor.internal.InitializingMenuItem[name=null, text=&#039;Loading...&#039;, selected=false, enabled=true, visible=true, showing=false]
                    se.cambiosys.client.framework.core.internal.CambioShortcutMenuButton[name=null, text=&#039;&#039;, selected=false, enabled=true, visible=true, showing=false]
                  se.cambiosys.client.framework.menueditor.internal.InitializingMenuItem[name=null, text=&#039;Loading...&#039;, selected=false, enabled=true, visible=true, showing=false]
                    se.cambiosys.client.framework.core.internal.CambioShortcutMenuButton[name=null, text=&#039;&#039;, selected=false, enabled=true, visible=true, showing=false]
              se.cambiosys.client.framework.menueditor.internal.InitializingMenuItem[name=null, text=&#039;Visit Overview&#039;, selected=false, enabled=true, visible=true, showing=false]
                se.cambiosys.client.framework.core.internal.CambioShortcutMenuButton[name=null, text=&#039;&#039;, selected=false, enabled=true, visible=true, showing=false]
              se.cambiosys.client.framework.menueditor.internal.InitializingMenuItem[name=null, text=&#039;Clinical overview - OP&#039;, selected=false, enabled=true, visible=true, showing=false]
                se.cambiosys.client.framework.core.internal.CambioShortcutMenuButton[name=null, text=&#039;&#039;, selected=false, enabled=true, visible=true, showing=false]
              se.cambiosys.client.framework.menueditor.internal.InitializingMenuItem[name=null, text=&#039;Clinical overview - IP&#039;, selected=false, enabled=true, visible=true, showing=false]
                se.cambiosys.client.framework.core.internal.CambioShortcutMenuButton[name=null, text=&#039;&#039;, selected=false, enabled=true, visible=true, showing=false]
              se.cambiosys.client.framework.menueditor.internal.InitializingMenuItem[name=null, text=&#039;Process view&#039;, selected=false, enabled=true, visible=true, showing=false]
                se.cambiosys.client.framework.core.internal.CambioShortcutMenuButton[name=null, text=&#039;&#039;, selected=false, enabled=true, visible=true, showing=false]
              se.cambiosys.client.framework.menueditor.internal.InitializingMenuItem[name=null, text=&#039;Dynamic overviews - Administration&#039;, selected=false, enabled=true, visible=true, showing=false]
                se.cambiosys.client.framework.core.internal.CambioShortcutMenuButton[name=null, text=&#039;&#039;, selected=false, enabled=true, visible=true, showing=false]
              se.cambiosys.client.framework.components.CambioMenu[name=null, text=&#039;Dynamic overviews&#039;, selected=false, enabled=true, visible=true, showing=false]
                javax.swing.JPopupMenu[name=null, label=null, enabled=true, visible=false, showing=false]
                  se.cambiosys.client.overviewmodule.Module$8(se.cambiosys.client.framework.components.CambioMenuItem)[name=null, text=&#039;All views*&#039;, selected=false, enabled=true, visible=true, showing=false]
                    se.cambiosys.client.framework.core.internal.CambioShortcutMenuButton[name=null, text=&#039;&#039;, selected=false, enabled=true, visible=true, showing=false]
                  se.cambiosys.client.overviewmodule.Module$8(se.cambiosys.client.framework.components.CambioMenuItem)[name=null, text=&#039;Doctor*&#039;, selected=false, enabled=true, visible=true, showing=false]
                    se.cambiosys.client.framework.core.internal.CambioShortcutMenuButton[name=null, text=&#039;&#039;, selected=false, enabled=true, visible=true, showing=false]
                  se.cambiosys.client.overviewmodule.Module$8(se.cambiosys.client.framework.components.CambioMenuItem)[name=null, text=&#039;Inpatient*&#039;, selected=false, enabled=true, visible=true, showing=false]
                    se.cambiosys.client.framework.core.internal.CambioShortcutMenuButton[name=null, text=&#039;&#039;, selected=false, enabled=true, visible=true, showing=false]
                  se.cambiosys.client.overviewmodule.Module$8(se.cambiosys.client.framework.components.CambioMenuItem)[name=null, text=&#039;Patient*&#039;, selected=false, enabled=true, visible=true, showing=false]
                    se.cambiosys.client.framework.core.internal.CambioShortcutMenuButton[name=null, text=&#039;&#039;, selected=false, enabled=true, visible=true, showing=false]
              se.cambiosys.client.framework.menueditor.internal.InitializingMenuItem[name=null, text=&#039;Patient Overview&#039;, selected=false, enabled=true, visible=true, showing=false]
                se.cambiosys.client.framework.core.internal.CambioShortcutMenuButton[name=null, text=&#039;&#039;, selected=false, enabled=true, visible=true, showing=false]
              se.cambiosys.client.framework.menueditor.internal.InitializingMenuItem[name=null, text=&#039;Analyse Area&#039;, selected=false, enabled=true, visible=true, showing=false]
                se.cambiosys.client.framework.core.internal.CambioShortcutMenuButton[name=null, text=&#039;&#039;, selected=false, enabled=true, visible=true, showing=false]
              se.cambiosys.client.framework.menueditor.internal.InitializingMenuItem[name=null, text=&#039;My Overview&#039;, selected=false, enabled=true, visible=true, showing=false]
                se.cambiosys.client.framework.core.internal.CambioShortcutMenuButton[name=null, text=&#039;&#039;, selected=false, enabled=true, visible=true, showing=false]
              se.cambiosys.client.framework.menueditor.internal.InitializingMenuItem[name=null, text=&#039;Management Overview&#039;, selected=false, enabled=true, visible=true, showing=false]
                se.cambiosys.client.framework.core.internal.CambioShortcutMenuButton[name=null, text=&#039;&#039;, selected=false, enabled=true, visible=true, showing=false]
              se.cambiosys.client.framework.menueditor.internal.InitializingMenuItem[name=null, text=&#039;List of visits&#039;, selected=false, enabled=true, visible=true, showing=false]
                se.cambiosys.client.framework.core.internal.CambioShortcutMenuButton[name=null, text=&#039;&#039;, selected=false, enabled=true, visible=true, showing=false]
              se.cambiosys.client.framework.menueditor.internal.InitializingMenuItem[name=null, text=&#039;Connection Overview&#039;, selected=false, enabled=true, visible=true, showing=false]
                se.cambiosys.client.framework.core.internal.CambioShortcutMenuButton[name=null, text=&#039;&#039;, selected=false, enabled=true, visible=true, showing=false]
              se.cambiosys.client.framework.components.CambioMenu[name=null, text=&#039;Unit overview-Administration&#039;, selected=false, enabled=true, visible=true, showing=false]
                javax.swing.JPopupMenu[name=null, label=null, enabled=true, visible=false, showing=false]
                  se.cambiosys.client.framework.components.CambioMenu[name=null, text=&#039;Priority configuration&#039;, selected=false, enabled=true, visible=true, showing=false]
                    javax.swing.JPopupMenu[name=null, label=null, enabled=true, visible=false, showing=false]
                      se.cambiosys.client.framework.menueditor.internal.InitializingMenuItem[name=null, text=&#039;Loading...&#039;, selected=false, enabled=true, visible=true, showing=false]
                        se.cambiosys.client.framework.core.internal.CambioShortcutMenuButton[name=null, text=&#039;&#039;, selected=false, enabled=true, visible=true, showing=false]
                      se.cambiosys.client.framework.menueditor.internal.InitializingMenuItem[name=null, text=&#039;Loading...&#039;, selected=false, enabled=true, visible=true, showing=false]
                        se.cambiosys.client.framework.core.internal.CambioShortcutMenuButton[name=null, text=&#039;&#039;, selected=false, enabled=true, visible=true, showing=false]
                  se.cambiosys.client.framework.components.CambioMenu[name=null, text=&#039;OW Configuration&#039;, selected=false, enabled=true, visible=true, showing=false]
                    javax.swing.JPopupMenu[name=null, label=null, enabled=true, visible=false, showing=false]
                      se.cambiosys.client.framework.menueditor.internal.InitializingMenuItem[name=null, text=&#039;Loading...&#039;, selected=false, enabled=true, visible=true, showing=false]
                        se.cambiosys.client.framework.core.internal.CambioShortcutMenuButton[name=null, text=&#039;&#039;, selected=false, enabled=true, visible=true, showing=false]
                      se.cambiosys.client.framework.menueditor.internal.InitializingMenuItem[name=null, text=&#039;Loading...&#039;, selected=false, enabled=true, visible=true, showing=false]
                        se.cambiosys.client.framework.core.internal.CambioShortcutMenuButton[name=null, text=&#039;&#039;, selected=false, enabled=true, visible=true, showing=false]
                      se.cambiosys.client.framework.menueditor.internal.InitializingMenuItem[name=null, text=&#039;Loading...&#039;, selected=false, enabled=true, visible=true, showing=false]
                        se.cambiosys.client.framework.core.internal.CambioShortcutMenuButton[name=null, text=&#039;&#039;, selected=false, enabled=true, visible=true, showing=false]
                  se.cambiosys.client.framework.menueditor.internal.InitializingMenuItem[name=null, text=&#039;Loading...&#039;, selected=false, enabled=true, visible=true, showing=false]
                    se.cambiosys.client.framework.core.internal.CambioShortcutMenuButton[name=null, text=&#039;&#039;, selected=false, enabled=true, visible=true, showing=false]
          se.cambiosys.client.framework.components.CambioMenu[name=null, text=&#039;Messenger&#039;, selected=false, enabled=true, visible=true, showing=true]
            javax.swing.JPopupMenu[name=null, label=null, enabled=true, visible=false, showing=false]
              se.cambiosys.client.framework.menueditor.internal.InitializingMenuItem[name=null, text=&#039;Inbox&#039;, selected=false, enabled=true, visible=true, showing=false]
                se.cambiosys.client.framework.core.internal.CambioShortcutMenuButton[name=null, text=&#039;&#039;, selected=false, enabled=true, visible=true, showing=false]
              se.cambiosys.client.framework.menueditor.internal.InitializingMenuItem[name=null, text=&#039;New message&#039;, selected=false, enabled=true, visible=true, showing=false]
                se.cambiosys.client.framework.core.internal.CambioShortcutMenuButton[name=null, text=&#039;&#039;, selected=false, enabled=true, visible=true, showing=false]
              se.cambiosys.client.framework.menueditor.internal.InitializingMenuItem[name=null, text=&#039;New broadcast message&#039;, selected=false, enabled=true, visible=true, showing=false]
                se.cambiosys.client.framework.core.internal.CambioShortcutMenuButton[name=null, text=&#039;&#039;, selected=false, enabled=true, visible=true, showing=false]
              se.cambiosys.client.framework.components.CambioMenu[name=null, text=&#039;Administration&#039;, selected=false, enabled=true, visible=true, showing=false]
                javax.swing.JPopupMenu[name=null, label=null, enabled=true, visible=false, showing=false]
                  se.cambiosys.client.framework.menueditor.internal.InitializingMenuItem[name=null, text=&#039;Recipient group&#039;, selected=false, enabled=true, visible=true, showing=false]
                    se.cambiosys.client.framework.core.internal.CambioShortcutMenuButton[name=null, text=&#039;&#039;, selected=false, enabled=true, visible=true, showing=false]
                  se.cambiosys.client.framework.menueditor.internal.InitializingMenuItem[name=null, text=&#039;Messenger accounts&#039;, selected=false, enabled=true, visible=true, showing=false]
                    se.cambiosys.client.framework.core.internal.CambioShortcutMenuButton[name=null, text=&#039;&#039;, selected=false, enabled=true, visible=true, showing=false]
                  se.cambiosys.client.framework.menueditor.internal.InitializingMenuItem[name=null, text=&#039;Access to other users&#039; Messenger accounts&#039;, selected=false, enabled=true, visible=true, showing=false]
                    se.cambiosys.client.framework.core.internal.CambioShortcutMenuButton[name=null, text=&#039;&#039;, selected=false, enabled=true, visible=true, showing=false]
                  se.cambiosys.client.framework.menueditor.internal.InitializingMenuItem[name=null, text=&#039;Out of office administration&#039;, selected=false, enabled=true, visible=true, showing=false]
                    se.cambiosys.client.framework.core.internal.CambioShortcutMenuButton[name=null, text=&#039;&#039;, selected=false, enabled=true, visible=true, showing=false]
          se.cambiosys.client.framework.components.CambioMenu[name=null, text=&#039;Administration&#039;, selected=false, enabled=true, visible=true, showing=true]
            javax.swing.JPopupMenu[name=null, label=null, enabled=true, visible=false, showing=false]
              se.cambiosys.client.framework.menueditor.internal.InitializingMenuItem[name=null, text=&#039;Unit register&#039;, selected=false, enabled=true, visible=true, showing=false]
                se.cambiosys.client.framework.core.internal.CambioShortcutMenuButton[name=null, text=&#039;&#039;, selected=false, enabled=true, visible=true, showing=false]
              se.cambiosys.client.framework.menueditor.internal.InitializingMenuItem[name=null, text=&#039;Resources&#039;, selected=false, enabled=true, visible=true, showing=false]
                se.cambiosys.client.framework.core.internal.CambioShortcutMenuButton[name=null, text=&#039;&#039;, selected=false, enabled=true, visible=true, showing=false]
              se.cambiosys.client.framework.components.CambioMenu[name=null, text=&#039;Permission&#039;, selected=false, enabled=true, visible=true, showing=false]
                javax.swing.JPopupMenu[name=null, label=null, enabled=true, visible=false, showing=false]
                  se.cambiosys.client.framework.menueditor.internal.InitializingMenuItem[name=null, text=&#039;Define access&#039;, selected=false, enabled=true, visible=true, showing=false]
                    se.cambiosys.client.framework.core.internal.CambioShortcutMenuButton[name=null, text=&#039;&#039;, selected=false, enabled=true, visible=true, showing=false]
                  se.cambiosys.client.framework.menueditor.internal.InitializingMenuItem[name=null, text=&#039;Access overview&#039;, selected=false, enabled=true, visible=true, showing=false]
                    se.cambiosys.client.framework.core.internal.CambioShortcutMenuButton[name=null, text=&#039;&#039;, selected=false, enabled=true, visible=true, showing=false]
                  se.cambiosys.client.framework.menueditor.internal.InitializingMenuItem[name=null, text=&#039;Profile manager&#039;, selected=false, enabled=true, visible=true, showing=false]
                    se.cambiosys.client.framework.core.internal.CambioShortcutMenuButton[name=null, text=&#039;&#039;, selected=false, enabled=true, visible=true, showing=false]
              se.cambiosys.client.framework.components.CambioMenu[name=null, text=&#039;Settings&#039;, selected=false, enabled=true, visible=true, showing=false]
                javax.swing.JPopupMenu[name=null, label=null, enabled=true, visible=false, showing=false]
                  se.cambiosys.client.framework.menueditor.internal.InitializingMenuItem[name=null, text=&#039;Log settings&#039;, selected=false, enabled=true, visible=true, showing=false]
                    se.cambiosys.client.framework.core.internal.CambioShortcutMenuButton[name=null, text=&#039;&#039;, selected=false, enabled=true, visible=true, showing=false]
                  se.cambiosys.client.framework.menueditor.internal.InitializingMenuItem[name=null, text=&#039;Server settings&#039;, selected=false, enabled=true, visible=true, showing=false]
                    se.cambiosys.client.framework.core.internal.CambioShortcutMenuButton[name=null, text=&#039;&#039;, selected=false, enabled=true, visible=true, showing=false]
                  se.cambiosys.client.framework.menueditor.internal.InitializingMenuItem[name=null, text=&#039;Personal settings and selections&#039;, selected=false, enabled=true, visible=true, showing=false]
                    se.cambiosys.client.framework.core.internal.CambioShortcutMenuButton[name=null, text=&#039;&#039;, selected=false, enabled=true, visible=true, showing=false]
                  se.cambiosys.client.framework.menueditor.internal.InitializingMenuItem[name=null, text=&#039;Global settings and selections&#039;, selected=false, enabled=true, visible=true, showing=false]
                    se.cambiosys.client.framework.core.internal.CambioShortcutMenuButton[name=null, text=&#039;&#039;, selected=false, enabled=true, visible=true, showing=false]
                  se.cambiosys.client.framework.menueditor.internal.InitializingMenuItem[name=null, text=&#039;Settings and selections&#039;, selected=false, enabled=true, visible=true, showing=false]
                    se.cambiosys.client.framework.core.internal.CambioShortcutMenuButton[name=null, text=&#039;&#039;, selected=false, enabled=true, visible=true, showing=false]
                  se.cambiosys.client.framework.menueditor.internal.InitializingMenuItem[name=null, text=&#039;Administration nodes&#039;, selected=false, enabled=true, visible=true, showing=false]
                    se.cambiosys.client.framework.core.internal.CambioShortcutMenuButton[name=null, text=&#039;&#039;, selected=false, enabled=true, visible=true, showing=false]
                  se.cambiosys.client.framework.menueditor.internal.InitializingMenuItem[name=null, text=&#039;Places&#039;, selected=false, enabled=true, visible=true, showing=false]
                    se.cambiosys.client.framework.core.internal.CambioShortcutMenuButton[name=null, text=&#039;&#039;, selected=false, enabled=true, visible=true, showing=false]
              se.cambiosys.client.framework.menueditor.internal.InitializingMenuItem[name=null, text=&#039;User&#039;, selected=false, enabled=true, visible=true, showing=false]
                se.cambiosys.client.framework.core.internal.CambioShortcutMenuButton[name=null, text=&#039;&#039;, selected=false, enabled=true, visible=true, showing=false]
              se.cambiosys.client.framework.menueditor.internal.InitializingMenuItem[name=null, text=&#039;Roles&#039;, selected=false, enabled=true, visible=true, showing=false]
                se.cambiosys.client.framework.core.internal.CambioShortcutMenuButton[name=null, text=&#039;&#039;, selected=false, enabled=true, visible=true, showing=false]
              se.cambiosys.client.framework.menueditor.internal.InitializingMenuItem[name=null, text=&#039;Type definitions&#039;, selected=false, enabled=true, visible=true, showing=false]
                se.cambiosys.client.framework.core.internal.CambioShortcutMenuButton[name=null, text=&#039;&#039;, selected=false, enabled=true, visible=true, showing=false]
              se.cambiosys.client.framework.components.CambioMenu[name=null, text=&#039;Terms &amp; Concept&#039;, selected=false, enabled=true, visible=true, showing=false]
                javax.swing.JPopupMenu[name=null, label=null, enabled=true, visible=false, showing=false]
                  se.cambiosys.client.framework.menueditor.internal.InitializingMenuItem[name=null, text=&#039;Terms&#039;, selected=false, enabled=true, visible=true, showing=false]
                    se.cambiosys.client.framework.core.internal.CambioShortcutMenuButton[name=null, text=&#039;&#039;, selected=false, enabled=true, visible=true, showing=false]
                  se.cambiosys.client.framework.menueditor.internal.InitializingMenuItem[name=null, text=&#039;Concept&#039;, selected=false, enabled=true, visible=true, showing=false]
                    se.cambiosys.client.framework.core.internal.CambioShortcutMenuButton[name=null, text=&#039;&#039;, selected=false, enabled=true, visible=true, showing=false]
              se.cambiosys.client.framework.menueditor.internal.InitializingMenuItem[name=null, text=&#039;Ranges&#039;, selected=false, enabled=true, visible=true, showing=false]
                se.cambiosys.client.framework.core.internal.CambioShortcutMenuButton[name=null, text=&#039;&#039;, selected=false, enabled=true, visible=true, showing=false]
              se.cambiosys.client.framework.menueditor.internal.InitializingMenuItem[name=null, text=&#039;Reports&#039;, selected=false, enabled=true, visible=true, showing=false]
                se.cambiosys.client.framework.core.internal.CambioShortcutMenuButton[name=null, text=&#039;&#039;, selected=false, enabled=true, visible=true, showing=false]
              se.cambiosys.client.framework.menueditor.internal.InitializingMenuItem[name=null, text=&#039;Import reports&#039;, selected=false, enabled=true, visible=true, showing=false]
                se.cambiosys.client.framework.core.internal.CambioShortcutMenuButton[name=null, text=&#039;&#039;, selected=false, enabled=true, visible=true, showing=false]
              se.cambiosys.client.framework.menueditor.internal.InitializingMenuItem[name=null, text=&#039;Phrase editor&#039;, selected=false, enabled=true, visible=true, showing=false]
                se.cambiosys.client.framework.core.internal.CambioShortcutMenuButton[name=null, text=&#039;&#039;, selected=false, enabled=true, visible=true, showing=false]
              se.cambiosys.client.framework.components.CambioMenu[name=null, text=&#039;Services&#039;, selected=false, enabled=true, visible=true, showing=false]
                javax.swing.JPopupMenu[name=null, label=null, enabled=true, visible=false, showing=false]
                  se.cambiosys.client.framework.menueditor.internal.InitializingMenuItem[name=null, text=&#039;Services&#039;, selected=false, enabled=true, visible=true, showing=false]
                    se.cambiosys.client.framework.core.internal.CambioShortcutMenuButton[name=null, text=&#039;&#039;, selected=false, enabled=true, visible=true, showing=false]
                  se.cambiosys.client.framework.menueditor.internal.InitializingMenuItem[name=null, text=&#039;Offers of the unit&#039;, selected=false, enabled=true, visible=true, showing=false]
                    se.cambiosys.client.framework.core.internal.CambioShortcutMenuButton[name=null, text=&#039;&#039;, selected=false, enabled=true, visible=true, showing=false]
              se.cambiosys.client.framework.menueditor.internal.InitializingMenuItem[name=null, text=&#039;Selection&#039;, selected=false, enabled=true, visible=true, showing=false]
                se.cambiosys.client.framework.core.internal.CambioShortcutMenuButton[name=null, text=&#039;&#039;, selected=false, enabled=true, visible=true, showing=false]
              se.cambiosys.client.framework.menueditor.internal.InitializingMenuItem[name=null, text=&#039;Printers&#039;, selected=false, enabled=true, visible=true, showing=false]
                se.cambiosys.client.framework.core.internal.CambioShortcutMenuButton[name=null, text=&#039;&#039;, selected=false, enabled=true, visible=true, showing=false]
              se.cambiosys.client.framework.components.CambioMenu[name=null, text=&#039;Secrecy administration&#039;, selected=false, enabled=true, visible=true, showing=false]
                javax.swing.JPopupMenu[name=null, label=null, enabled=true, visible=false, showing=false]
                  se.cambiosys.client.framework.menueditor.internal.InitializingMenuItem[name=null, text=&#039;Secrecy groups&#039;, selected=false, enabled=true, visible=true, showing=false]
                    se.cambiosys.client.framework.core.internal.CambioShortcutMenuButton[name=null, text=&#039;&#039;, selected=false, enabled=true, visible=true, showing=false]
                  se.cambiosys.client.framework.menueditor.internal.InitializingMenuItem[name=null, text=&#039;Secrecy level&#039;, selected=false, enabled=true, visible=true, showing=false]
                    se.cambiosys.client.framework.core.internal.CambioShortcutMenuButton[name=null, text=&#039;&#039;, selected=false, enabled=true, visible=true, showing=false]
                  se.cambiosys.client.framework.menueditor.internal.InitializingMenuItem[name=null, text=&#039;Secrecy rules&#039;, selected=false, enabled=true, visible=true, showing=false]
                    se.cambiosys.client.framework.core.internal.CambioShortcutMenuButton[name=null, text=&#039;&#039;, selected=false, enabled=true, visible=true, showing=false]
              se.cambiosys.client.framework.menueditor.internal.InitializingMenuItem[name=null, text=&#039;Schedule backup&#039;, selected=false, enabled=true, visible=true, showing=false]
                se.cambiosys.client.framework.core.internal.CambioShortcutMenuButton[name=null, text=&#039;&#039;, selected=false, enabled=true, visible=true, showing=false]
              se.cambiosys.client.framework.menueditor.internal.InitializingMenuItem[name=null, text=&#039;Template administration&#039;, selected=false, enabled=true, visible=true, showing=false]
                se.cambiosys.client.framework.core.internal.CambioShortcutMenuButton[name=null, text=&#039;&#039;, selected=false, enabled=true, visible=true, showing=false]
              se.cambiosys.client.framework.menueditor.internal.InitializingMenuItem[name=null, text=&#039;Printout Handler&#039;, selected=false, enabled=true, visible=true, showing=false]
                se.cambiosys.client.framework.core.internal.CambioShortcutMenuButton[name=null, text=&#039;&#039;, selected=false, enabled=true, visible=true, showing=false]
              se.cambiosys.client.framework.menueditor.internal.InitializingMenuItem[name=null, text=&#039;Unit handler&#039;, selected=false, enabled=true, visible=true, showing=false]
                se.cambiosys.client.framework.core.internal.CambioShortcutMenuButton[name=null, text=&#039;&#039;, selected=false, enabled=true, visible=true, showing=false]
              se.cambiosys.client.framework.menueditor.internal.InitializingMenuItem[name=null, text=&#039;Access Log&#039;, selected=false, enabled=true, visible=true, showing=false]
                se.cambiosys.client.framework.core.internal.CambioShortcutMenuButton[name=null, text=&#039;&#039;, selected=false, enabled=true, visible=true, showing=false]
              se.cambiosys.client.framework.menueditor.internal.InitializingMenuItem[name=null, text=&#039;Configuration of Access Log&#039;, selected=false, enabled=true, visible=true, showing=false]
                se.cambiosys.client.framework.core.internal.CambioShortcutMenuButton[name=null, text=&#039;&#039;, selected=false, enabled=true, visible=true, showing=false]
              se.cambiosys.client.framework.menueditor.internal.InitializingMenuItem[name=null, text=&#039;Application logger&#039;, selected=false, enabled=true, visible=true, showing=false]
                se.cambiosys.client.framework.core.internal.CambioShortcutMenuButton[name=null, text=&#039;&#039;, selected=false, enabled=true, visible=true, showing=false]
              se.cambiosys.client.framework.menueditor.internal.InitializingMenuItem[name=null, text=&#039;eVisit Configuration&#039;, selected=false, enabled=true, visible=true, showing=false]
                se.cambiosys.client.framework.core.internal.CambioShortcutMenuButton[name=null, text=&#039;&#039;, selected=false, enabled=true, visible=true, showing=false]
              se.cambiosys.client.framework.components.CambioMenu[name=null, text=&#039;Order management&#039;, selected=false, enabled=true, visible=true, showing=false]
                javax.swing.JPopupMenu[name=null, label=null, enabled=true, visible=false, showing=false]
                  se.cambiosys.client.framework.menueditor.internal.InitializingMenuItem[name=null, text=&#039;Catalog administration&#039;, selected=false, enabled=true, visible=true, showing=false]
                    se.cambiosys.client.framework.core.internal.CambioShortcutMenuButton[name=null, text=&#039;&#039;, selected=false, enabled=true, visible=true, showing=false]
                  se.cambiosys.client.framework.menueditor.internal.InitializingMenuItem[name=null, text=&#039;File administration&#039;, selected=false, enabled=true, visible=true, showing=false]
                    se.cambiosys.client.framework.core.internal.CambioShortcutMenuButton[name=null, text=&#039;&#039;, selected=false, enabled=true, visible=true, showing=false]
                  se.cambiosys.client.framework.menueditor.internal.InitializingMenuItem[name=null, text=&#039;Secrecy administration&#039;, selected=false, enabled=true, visible=true, showing=false]
                    se.cambiosys.client.framework.core.internal.CambioShortcutMenuButton[name=null, text=&#039;&#039;, selected=false, enabled=true, visible=true, showing=false]
                  se.cambiosys.client.framework.menueditor.internal.InitializingMenuItem[name=null, text=&#039;Groups/packages/profiles&#039;, selected=false, enabled=true, visible=true, showing=false]
                    se.cambiosys.client.framework.core.internal.CambioShortcutMenuButton[name=null, text=&#039;&#039;, selected=false, enabled=true, visible=true, showing=false]
                  se.cambiosys.client.framework.menueditor.internal.InitializingMenuItem[name=null, text=&#039;Sorting orders&#039;, selected=false, enabled=true, visible=true, showing=false]
                    se.cambiosys.client.framework.core.internal.CambioShortcutMenuButton[name=null, text=&#039;&#039;, selected=false, enabled=true, visible=true, showing=false]
                  se.cambiosys.client.framework.menueditor.internal.InitializingMenuItem[name=null, text=&#039;Local analyses&#039;, selected=false, enabled=true, visible=true, showing=false]
                    se.cambiosys.client.framework.core.internal.CambioShortcutMenuButton[name=null, text=&#039;&#039;, selected=false, enabled=true, visible=true, showing=false]
                  se.cambiosys.client.framework.menueditor.internal.InitializingMenuItem[name=null, text=&#039;Label printer&#039;, selected=false, enabled=true, visible=true, showing=false]
                    se.cambiosys.client.framework.core.internal.CambioShortcutMenuButton[name=null, text=&#039;&#039;, selected=false, enabled=true, visible=true, showing=false]
              se.cambiosys.client.framework.menueditor.internal.InitializingMenuItem[name=null, text=&#039;Configure Y-axis for Clinical Parameter&#039;, selected=false, enabled=true, visible=true, showing=false]
                se.cambiosys.client.framework.core.internal.CambioShortcutMenuButton[name=null, text=&#039;&#039;, selected=false, enabled=true, visible=true, showing=false]
              se.cambiosys.client.framework.components.CambioMenu[name=null, text=&#039;Visits and admissions&#039;, selected=false, enabled=true, visible=true, showing=false]
                javax.swing.JPopupMenu[name=null, label=null, enabled=true, visible=false, showing=false]
                  se.cambiosys.client.framework.menueditor.internal.InitializingMenuItem[name=null, text=&#039;Create new visit / admission&#039;, selected=false, enabled=true, visible=true, showing=false]
                    se.cambiosys.client.framework.core.internal.CambioShortcutMenuButton[name=null, text=&#039;&#039;, selected=false, enabled=true, visible=true, showing=false]
                  se.cambiosys.client.framework.menueditor.internal.InitializingMenuItem[name=null, text=&#039;Edit visit / admission&#039;, selected=false, enabled=true, visible=true, showing=false]
                    se.cambiosys.client.framework.core.internal.CambioShortcutMenuButton[name=null, text=&#039;&#039;, selected=false, enabled=true, visible=true, showing=false]
              se.cambiosys.client.framework.components.CambioMenu[name=null, text=&#039;Publishing&#039;, selected=false, enabled=true, visible=true, showing=false]
                javax.swing.JPopupMenu[name=null, label=null, enabled=true, visible=false, showing=false]
                  se.cambiosys.client.framework.menueditor.internal.InitializingMenuItem[name=null, text=&#039;Mining&#039;, selected=false, enabled=true, visible=true, showing=false]
                    se.cambiosys.client.framework.core.internal.CambioShortcutMenuButton[name=null, text=&#039;&#039;, selected=false, enabled=true, visible=true, showing=false]
                  se.cambiosys.client.framework.menueditor.internal.InitializingMenuItem[name=null, text=&#039;Error management&#039;, selected=false, enabled=true, visible=true, showing=false]
                    se.cambiosys.client.framework.core.internal.CambioShortcutMenuButton[name=null, text=&#039;&#039;, selected=false, enabled=true, visible=true, showing=false]
              se.cambiosys.client.framework.menueditor.internal.InitializingMenuItem[name=null, text=&#039;CCP Filter Configuration&#039;, selected=false, enabled=true, visible=true, showing=false]
                se.cambiosys.client.framework.core.internal.CambioShortcutMenuButton[name=null, text=&#039;&#039;, selected=false, enabled=true, visible=true, showing=false]
              se.cambiosys.client.framework.menueditor.internal.InitializingMenuItem[name=null, text=&#039;Menu editor&#039;, selected=false, enabled=true, visible=true, showing=false]
                se.cambiosys.client.framework.core.internal.CambioShortcutMenuButton[name=null, text=&#039;&#039;, selected=false, enabled=true, visible=true, showing=false]
              se.cambiosys.client.framework.menueditor.internal.InitializingMenuItem[name=null, text=&#039;Script&#039;, selected=false, enabled=true, visible=true, showing=false]
                se.cambiosys.client.framework.core.internal.CambioShortcutMenuButton[name=null, text=&#039;&#039;, selected=false, enabled=true, visible=true, showing=false]
              se.cambiosys.client.framework.components.CambioMenu[name=null, text=&#039;Spell Check&#039;, selected=false, enabled=true, visible=true, showing=false]
                javax.swing.JPopupMenu[name=null, label=null, enabled=true, visible=false, showing=false]
                  se.cambiosys.client.framework.menueditor.internal.InitializingMenuItem[name=null, text=&#039;Settings&#039;, selected=false, enabled=true, visible=true, showing=false]
                    se.cambiosys.client.framework.core.internal.CambioShortcutMenuButton[name=null, text=&#039;&#039;, selected=false, enabled=true, visible=true, showing=false]
                  se.cambiosys.client.framework.menueditor.internal.InitializingMenuItem[name=null, text=&#039;User dictionary&#039;, selected=false, enabled=true, visible=true, showing=false]
                    se.cambiosys.client.framework.core.internal.CambioShortcutMenuButton[name=null, text=&#039;&#039;, selected=false, enabled=true, visible=true, showing=false]
                  se.cambiosys.client.framework.menueditor.internal.InitializingMenuItem[name=null, text=&#039;Global dictionary&#039;, selected=false, enabled=true, visible=true, showing=false]
                    se.cambiosys.client.framework.core.internal.CambioShortcutMenuButton[name=null, text=&#039;&#039;, selected=false, enabled=true, visible=true, showing=false]
          se.cambiosys.client.framework.components.CambioMenu[name=null, text=&#039;Child Healthcare&#039;, selected=false, enabled=true, visible=true, showing=true]
            javax.swing.JPopupMenu[name=null, label=null, enabled=true, visible=false, showing=false]
              se.cambiosys.client.framework.menueditor.internal.InitializingMenuItem[name=null, text=&#039;Print Child Healthcare data&#039;, selected=false, enabled=true, visible=true, showing=false]
                se.cambiosys.client.framework.core.internal.CambioShortcutMenuButton[name=null, text=&#039;&#039;, selected=false, enabled=true, visible=true, showing=false]
          se.cambiosys.client.framework.components.CambioMenu[name=null, text=&#039;Medication&#039;, selected=false, enabled=true, visible=true, showing=true]
            javax.swing.JPopupMenu[name=null, label=null, enabled=true, visible=false, showing=false]
              se.cambiosys.client.framework.components.CambioMenu[name=null, text=&#039;Administration&#039;, selected=false, enabled=true, visible=true, showing=false]
                javax.swing.JPopupMenu[name=null, label=null, enabled=true, visible=false, showing=false]
                  se.cambiosys.client.framework.menueditor.internal.InitializingMenuItem[name=null, text=&#039;Sent e-recipe overview&#039;, selected=false, enabled=true, visible=true, showing=false]
                    se.cambiosys.client.framework.core.internal.CambioShortcutMenuButton[name=null, text=&#039;&#039;, selected=false, enabled=true, visible=true, showing=false]
                  se.cambiosys.client.framework.menueditor.internal.InitializingMenuItem[name=null, text=&#039;Catalogue administration&#039;, selected=false, enabled=true, visible=true, showing=false]
                    se.cambiosys.client.framework.core.internal.CambioShortcutMenuButton[name=null, text=&#039;&#039;, selected=false, enabled=true, visible=true, showing=false]
                  se.cambiosys.client.framework.menueditor.internal.InitializingMenuItem[name=null, text=&#039;Unit Times and Medicine Cabinet&#039;, selected=false, enabled=true, visible=true, showing=false]
                    se.cambiosys.client.framework.core.internal.CambioShortcutMenuButton[name=null, text=&#039;&#039;, selected=false, enabled=true, visible=true, showing=false]
                  se.cambiosys.client.framework.menueditor.internal.InitializingMenuItem[name=null, text=&#039;Order basis for vaccine&#039;, selected=false, enabled=true, visible=true, showing=false]
                    se.cambiosys.client.framework.core.internal.CambioShortcutMenuButton[name=null, text=&#039;&#039;, selected=false, enabled=true, visible=true, showing=false]
              se.cambiosys.client.framework.components.CambioMenu[name=null, text=&#039;New prescription&#039;, selected=false, enabled=true, visible=true, showing=false]
                javax.swing.JPopupMenu[name=null, label=null, enabled=true, visible=false, showing=false]
                  se.cambiosys.client.framework.menueditor.internal.InitializingMenuItem[name=null, text=&#039;Drug&#039;, selected=false, enabled=true, visible=true, showing=false]
                    se.cambiosys.client.framework.core.internal.CambioShortcutMenuButton[name=null, text=&#039;&#039;, selected=false, enabled=true, visible=true, showing=false]
                  se.cambiosys.client.framework.menueditor.internal.InitializingMenuItem[name=null, text=&#039;Nutrition product&#039;, selected=false, enabled=true, visible=true, showing=false]
                    se.cambiosys.client.framework.core.internal.CambioShortcutMenuButton[name=null, text=&#039;&#039;, selected=false, enabled=true, visible=true, showing=false]
                  se.cambiosys.client.framework.menueditor.internal.InitializingMenuItem[name=null, text=&#039;Consumable&#039;, selected=false, enabled=true, visible=true, showing=false]
                    se.cambiosys.client.framework.core.internal.CambioShortcutMenuButton[name=null, text=&#039;&#039;, selected=false, enabled=true, visible=true, showing=false]
              se.cambiosys.client.framework.components.CambioMenu[name=null, text=&#039;Lists&#039;, selected=false, enabled=true, visible=true, showing=false]
                javax.swing.JPopupMenu[name=null, label=null, enabled=true, visible=false, showing=false]
                  se.cambiosys.client.framework.menueditor.internal.InitializingMenuItem[name=null, text=&#039;Drugs&#039;, selected=false, enabled=true, visible=true, showing=false]
                    se.cambiosys.client.framework.core.internal.CambioShortcutMenuButton[name=null, text=&#039;&#039;, selected=false, enabled=true, visible=true, showing=false]
                  se.cambiosys.client.framework.menueditor.internal.InitializingMenuItem[name=null, text=&#039;Nutritions&#039;, selected=false, enabled=true, visible=true, showing=false]
                    se.cambiosys.client.framework.core.internal.CambioShortcutMenuButton[name=null, text=&#039;&#039;, selected=false, enabled=true, visible=true, showing=false]
                  se.cambiosys.client.framework.menueditor.internal.InitializingMenuItem[name=null, text=&#039;Consumables&#039;, selected=false, enabled=true, visible=true, showing=false]
                    se.cambiosys.client.framework.core.internal.CambioShortcutMenuButton[name=null, text=&#039;&#039;, selected=false, enabled=true, visible=true, showing=false]
                  se.cambiosys.client.framework.menueditor.internal.InitializingMenuItem[name=null, text=&#039;Vaccination list&#039;, selected=false, enabled=true, visible=true, showing=false]
                    se.cambiosys.client.framework.core.internal.CambioShortcutMenuButton[name=null, text=&#039;&#039;, selected=false, enabled=true, visible=true, showing=false]
                  se.cambiosys.client.framework.menueditor.internal.InitializingMenuItem[name=null, text=&#039;Recipe overview&#039;, selected=false, enabled=true, visible=true, showing=false]
                    se.cambiosys.client.framework.core.internal.CambioShortcutMenuButton[name=null, text=&#039;&#039;, selected=false, enabled=true, visible=true, showing=false]
              se.cambiosys.client.framework.menueditor.internal.InitializingMenuItem[name=null, text=&#039;Nurse view&#039;, selected=false, enabled=true, visible=true, showing=false]
                se.cambiosys.client.framework.core.internal.CambioShortcutMenuButton[name=null, text=&#039;&#039;, selected=false, enabled=true, visible=true, showing=false]
          se.cambiosys.client.framework.components.CambioMenu[name=null, text=&#039;Theatre&#039;, selected=false, enabled=true, visible=true, showing=true]
            javax.swing.JPopupMenu[name=null, label=null, enabled=true, visible=false, showing=false]
              se.cambiosys.client.framework.menueditor.internal.InitializingMenuItem[name=null, text=&#039;Create theatre registration&#039;, selected=false, enabled=true, visible=true, showing=false]
                se.cambiosys.client.framework.core.internal.CambioShortcutMenuButton[name=null, text=&#039;&#039;, selected=false, enabled=true, visible=true, showing=false]
              se.cambiosys.client.framework.menueditor.internal.InitializingMenuItem[name=null, text=&#039;Operation list&#039;, selected=false, enabled=true, visible=true, showing=false]
                se.cambiosys.client.framework.core.internal.CambioShortcutMenuButton[name=null, text=&#039;&#039;, selected=false, enabled=true, visible=true, showing=false]
              se.cambiosys.client.framework.menueditor.internal.InitializingMenuItem[name=null, text=&#039;Planning schedule&#039;, selected=false, enabled=true, visible=true, showing=false]
                se.cambiosys.client.framework.core.internal.CambioShortcutMenuButton[name=null, text=&#039;&#039;, selected=false, enabled=true, visible=true, showing=false]
              se.cambiosys.client.framework.menueditor.internal.InitializingMenuItem[name=null, text=&#039;Schedule overview&#039;, selected=false, enabled=true, visible=true, showing=false]
                se.cambiosys.client.framework.core.internal.CambioShortcutMenuButton[name=null, text=&#039;&#039;, selected=false, enabled=true, visible=true, showing=false]
              se.cambiosys.client.framework.menueditor.internal.InitializingMenuItem[name=null, text=&#039;Live Schedule&#039;, selected=false, enabled=true, visible=true, showing=false]
                se.cambiosys.client.framework.core.internal.CambioShortcutMenuButton[name=null, text=&#039;&#039;, selected=false, enabled=true, visible=true, showing=false]
              se.cambiosys.client.framework.components.CambioMenu[name=null, text=&#039;Administration&#039;, selected=false, enabled=true, visible=true, showing=false]
                javax.swing.JPopupMenu[name=null, label=null, enabled=true, visible=false, showing=false]
                  se.cambiosys.client.framework.menueditor.internal.InitializingMenuItem[name=null, text=&#039;Templates for Anaesthetic, Th.record, Recovery&#039;, selected=false, enabled=true, visible=true, showing=false]
                    se.cambiosys.client.framework.core.internal.CambioShortcutMenuButton[name=null, text=&#039;&#039;, selected=false, enabled=true, visible=true, showing=false]
                  se.cambiosys.client.framework.menueditor.internal.InitializingMenuItem[name=null, text=&#039;Basic templates for Th. registration&#039;, selected=false, enabled=true, visible=true, showing=false]
                    se.cambiosys.client.framework.core.internal.CambioShortcutMenuButton[name=null, text=&#039;&#039;, selected=false, enabled=true, visible=true, showing=false]
                  se.cambiosys.client.framework.menueditor.internal.InitializingMenuItem[name=null, text=&#039;Templates for Waypoints&#039;, selected=false, enabled=true, visible=true, showing=false]
                    se.cambiosys.client.framework.core.internal.CambioShortcutMenuButton[name=null, text=&#039;&#039;, selected=false, enabled=true, visible=true, showing=false]
                  se.cambiosys.client.framework.menueditor.internal.InitializingMenuItem[name=null, text=&#039;Theatre suite administration&#039;, selected=false, enabled=true, visible=true, showing=false]
                    se.cambiosys.client.framework.core.internal.CambioShortcutMenuButton[name=null, text=&#039;&#039;, selected=false, enabled=true, visible=true, showing=false]
                  se.cambiosys.client.framework.menueditor.internal.InitializingMenuItem[name=null, text=&#039;Medical priority&#039;, selected=false, enabled=true, visible=true, showing=false]
                    se.cambiosys.client.framework.core.internal.CambioShortcutMenuButton[name=null, text=&#039;&#039;, selected=false, enabled=true, visible=true, showing=false]
                  se.cambiosys.client.framework.menueditor.internal.InitializingMenuItem[name=null, text=&#039;Keyword mapping&#039;, selected=false, enabled=true, visible=true, showing=false]
                    se.cambiosys.client.framework.core.internal.CambioShortcutMenuButton[name=null, text=&#039;&#039;, selected=false, enabled=true, visible=true, showing=false]
                  se.cambiosys.client.framework.menueditor.internal.InitializingMenuItem[name=null, text=&#039;Create theatres&#039;, selected=false, enabled=true, visible=true, showing=false]
                    se.cambiosys.client.framework.core.internal.CambioShortcutMenuButton[name=null, text=&#039;&#039;, selected=false, enabled=true, visible=true, showing=false]
                  se.cambiosys.client.framework.menueditor.internal.InitializingMenuItem[name=null, text=&#039;Global filters&#039;, selected=false, enabled=true, visible=true, showing=false]
                    se.cambiosys.client.framework.core.internal.CambioShortcutMenuButton[name=null, text=&#039;&#039;, selected=false, enabled=true, visible=true, showing=false]
                  se.cambiosys.client.framework.menueditor.internal.InitializingMenuItem[name=null, text=&#039;Activity lists&#039;, selected=false, enabled=true, visible=true, showing=false]
                    se.cambiosys.client.framework.core.internal.CambioShortcutMenuButton[name=null, text=&#039;&#039;, selected=false, enabled=true, visible=true, showing=false]
                  se.cambiosys.client.framework.menueditor.internal.InitializingMenuItem[name=null, text=&#039;Templates for Th. registration&#039;, selected=false, enabled=true, visible=true, showing=false]
                    se.cambiosys.client.framework.core.internal.CambioShortcutMenuButton[name=null, text=&#039;&#039;, selected=false, enabled=true, visible=true, showing=false]
                  se.cambiosys.client.framework.menueditor.internal.InitializingMenuItem[name=null, text=&#039;Colour configuration&#039;, selected=false, enabled=true, visible=true, showing=false]
                    se.cambiosys.client.framework.core.internal.CambioShortcutMenuButton[name=null, text=&#039;&#039;, selected=false, enabled=true, visible=true, showing=false]
                  se.cambiosys.client.framework.menueditor.internal.InitializingMenuItem[name=null, text=&#039;Surgical Unit Administration&#039;, selected=false, enabled=true, visible=true, showing=false]
                    se.cambiosys.client.framework.core.internal.CambioShortcutMenuButton[name=null, text=&#039;&#039;, selected=false, enabled=true, visible=true, showing=false]
                  se.cambiosys.client.framework.menueditor.internal.InitializingMenuItem[name=null, text=&#039;Code Packages&#039;, selected=false, enabled=true, visible=true, showing=false]
                    se.cambiosys.client.framework.core.internal.CambioShortcutMenuButton[name=null, text=&#039;&#039;, selected=false, enabled=true, visible=true, showing=false]
          se.cambiosys.client.framework.components.CambioMenu[name=null, text=&#039;Order management&#039;, selected=false, enabled=true, visible=true, showing=true]
            javax.swing.JPopupMenu[name=null, label=null, enabled=true, visible=false, showing=false]
              se.cambiosys.client.framework.menueditor.internal.InitializingMenuItem[name=null, text=&#039;Request&#039;, selected=false, enabled=true, visible=true, showing=false]
                se.cambiosys.client.framework.core.internal.CambioShortcutMenuButton[name=null, text=&#039;&#039;, selected=false, enabled=true, visible=true, showing=false]
              se.cambiosys.client.framework.menueditor.internal.InitializingMenuItem[name=null, text=&#039;Specimen collection&#039;, selected=false, enabled=true, visible=true, showing=false]
                se.cambiosys.client.framework.core.internal.CambioShortcutMenuButton[name=null, text=&#039;&#039;, selected=false, enabled=true, visible=true, showing=false]
              se.cambiosys.client.framework.menueditor.internal.InitializingMenuItem[name=null, text=&#039;Radiology Request&#039;, selected=false, enabled=true, visible=true, showing=false]
                se.cambiosys.client.framework.core.internal.CambioShortcutMenuButton[name=null, text=&#039;&#039;, selected=false, enabled=true, visible=true, showing=false]
              se.cambiosys.client.framework.menueditor.internal.InitializingMenuItem[name=null, text=&#039;Unsent Radiology Request&#039;, selected=false, enabled=true, visible=true, showing=false]
                se.cambiosys.client.framework.core.internal.CambioShortcutMenuButton[name=null, text=&#039;&#039;, selected=false, enabled=true, visible=true, showing=false]
              se.cambiosys.client.framework.menueditor.internal.InitializingMenuItem[name=null, text=&#039;Request status&#039;, selected=false, enabled=true, visible=true, showing=false]
                se.cambiosys.client.framework.core.internal.CambioShortcutMenuButton[name=null, text=&#039;&#039;, selected=false, enabled=true, visible=true, showing=false]
              se.cambiosys.client.framework.menueditor.internal.InitializingMenuItem[name=null, text=&#039;Local analyses input&#039;, selected=false, enabled=true, visible=true, showing=false]
                se.cambiosys.client.framework.core.internal.CambioShortcutMenuButton[name=null, text=&#039;&#039;, selected=false, enabled=true, visible=true, showing=false]
              se.cambiosys.client.framework.menueditor.internal.InitializingMenuItem[name=null, text=&#039;Result inbox&#039;, selected=false, enabled=true, visible=true, showing=false]
                se.cambiosys.client.framework.core.internal.CambioShortcutMenuButton[name=null, text=&#039;&#039;, selected=false, enabled=true, visible=true, showing=false]
              se.cambiosys.client.framework.menueditor.internal.InitializingMenuItem[name=null, text=&#039;Test result&#039;, selected=false, enabled=true, visible=true, showing=false]
                se.cambiosys.client.framework.core.internal.CambioShortcutMenuButton[name=null, text=&#039;&#039;, selected=false, enabled=true, visible=true, showing=false]
              se.cambiosys.client.framework.menueditor.internal.InitializingMenuItem[name=null, text=&#039;Radiology Report&#039;, selected=false, enabled=true, visible=true, showing=false]
                se.cambiosys.client.framework.core.internal.CambioShortcutMenuButton[name=null, text=&#039;&#039;, selected=false, enabled=true, visible=true, showing=false]
              se.cambiosys.client.framework.menueditor.internal.InitializingMenuItem[name=null, text=&#039;Manual input&#039;, selected=false, enabled=true, visible=true, showing=false]
                se.cambiosys.client.framework.core.internal.CambioShortcutMenuButton[name=null, text=&#039;&#039;, selected=false, enabled=true, visible=true, showing=false]
              se.cambiosys.client.framework.components.CambioMenu[name=null, text=&#039;Administration&#039;, selected=false, enabled=true, visible=true, showing=false]
                javax.swing.JPopupMenu[name=null, label=null, enabled=true, visible=false, showing=false]
                  se.cambiosys.client.framework.menueditor.internal.InitializingMenuItem[name=null, text=&#039;Sketch administration&#039;, selected=false, enabled=true, visible=true, showing=false]
                    se.cambiosys.client.framework.core.internal.CambioShortcutMenuButton[name=null, text=&#039;&#039;, selected=false, enabled=true, visible=true, showing=false]
                  se.cambiosys.client.framework.menueditor.internal.InitializingMenuItem[name=null, text=&#039;Pathology request templates&#039;, selected=false, enabled=true, visible=true, showing=false]
                    se.cambiosys.client.framework.core.internal.CambioShortcutMenuButton[name=null, text=&#039;&#039;, selected=false, enabled=true, visible=true, showing=false]
              se.cambiosys.client.framework.menueditor.internal.InitializingMenuItem[name=null, text=&#039;Signed Radiology Request &#039;, selected=false, enabled=true, visible=true, showing=false]
                se.cambiosys.client.framework.core.internal.CambioShortcutMenuButton[name=null, text=&#039;&#039;, selected=false, enabled=true, visible=true, showing=false]
          se.cambiosys.client.framework.components.CambioMenu[name=null, text=&#039;Medical record&#039;, selected=false, enabled=true, visible=true, showing=true]
            javax.swing.JPopupMenu[name=null, label=null, enabled=true, visible=false, showing=false]
              se.cambiosys.client.framework.components.CambioMenu[name=null, text=&#039;Medical record table&#039;, selected=false, enabled=true, visible=true, showing=false]
                javax.swing.JPopupMenu[name=null, label=null, enabled=true, visible=false, showing=false]
                  se.cambiosys.client.framework.menueditor.internal.InitializingMenuItem[name=null, text=&#039;Administration of templates for medical record tables&#039;, selected=false, enabled=true, visible=true, showing=false]
                    se.cambiosys.client.framework.core.internal.CambioShortcutMenuButton[name=null, text=&#039;&#039;, selected=false, enabled=true, visible=true, showing=false]
                  se.cambiosys.client.framework.menueditor.internal.InitializingMenuItem[name=null, text=&#039;New medical record table&#039;, selected=false, enabled=false, visible=true, showing=false]
                    se.cambiosys.client.framework.core.internal.CambioShortcutMenuButton[name=null, text=&#039;&#039;, selected=false, enabled=true, visible=true, showing=false]
              se.cambiosys.client.framework.menueditor.internal.InitializingMenuItem[name=null, text=&#039;Medical record&#039;, selected=false, enabled=true, visible=true, showing=false]
                se.cambiosys.client.framework.core.internal.CambioShortcutMenuButton[name=null, text=&#039;&#039;, selected=false, enabled=true, visible=true, showing=false]
              se.cambiosys.client.framework.menueditor.internal.InitializingMenuItem[name=null, text=&#039;New note&#039;, selected=false, enabled=true, visible=true, showing=false]
                se.cambiosys.client.framework.core.internal.CambioShortcutMenuButton[name=null, text=&#039;&#039;, selected=false, enabled=true, visible=true, showing=false]
              se.cambiosys.client.framework.menueditor.internal.InitializingMenuItem[name=null, text=&#039;New form&#039;, selected=false, enabled=true, visible=true, showing=false]
                se.cambiosys.client.framework.core.internal.CambioShortcutMenuButton[name=null, text=&#039;&#039;, selected=false, enabled=true, visible=true, showing=false]
              se.cambiosys.client.framework.menueditor.internal.InitializingMenuItem[name=null, text=&#039;New care plan note&#039;, selected=false, enabled=false, visible=false, showing=false]
                se.cambiosys.client.framework.core.internal.CambioShortcutMenuButton[name=null, text=&#039;&#039;, selected=false, enabled=true, visible=true, showing=false]
              se.cambiosys.client.framework.menueditor.internal.InitializingMenuItem[name=null, text=&#039;Observation&#039;, selected=false, enabled=true, visible=true, showing=false]
                se.cambiosys.client.framework.core.internal.CambioShortcutMenuButton[name=null, text=&#039;&#039;, selected=false, enabled=true, visible=true, showing=false]
              se.cambiosys.client.framework.menueditor.internal.InitializingMenuItem[name=null, text=&#039;Graphic view&#039;, selected=false, enabled=true, visible=true, showing=false]
                se.cambiosys.client.framework.core.internal.CambioShortcutMenuButton[name=null, text=&#039;&#039;, selected=false, enabled=true, visible=true, showing=false]
              se.cambiosys.client.framework.menueditor.internal.InitializingMenuItem[name=null, text=&#039;List of activities&#039;, selected=false, enabled=true, visible=true, showing=false]
                se.cambiosys.client.framework.core.internal.CambioShortcutMenuButton[name=null, text=&#039;&#039;, selected=false, enabled=true, visible=true, showing=false]
              se.cambiosys.client.framework.components.CambioMenu[name=null, text=&#039;Administration&#039;, selected=false, enabled=true, visible=true, showing=false]
                javax.swing.JPopupMenu[name=null, label=null, enabled=true, visible=false, showing=false]
                  se.cambiosys.client.framework.menueditor.internal.InitializingMenuItem[name=null, text=&#039;Keyword editor&#039;, selected=false, enabled=true, visible=true, showing=false]
                    se.cambiosys.client.framework.core.internal.CambioShortcutMenuButton[name=null, text=&#039;&#039;, selected=false, enabled=true, visible=true, showing=false]
                  se.cambiosys.client.framework.menueditor.internal.InitializingMenuItem[name=null, text=&#039;Search occurrences of keyword&#039;, selected=false, enabled=true, visible=true, showing=false]
                    se.cambiosys.client.framework.core.internal.CambioShortcutMenuButton[name=null, text=&#039;&#039;, selected=false, enabled=true, visible=true, showing=false]
                  se.cambiosys.client.framework.menueditor.internal.InitializingMenuItem[name=null, text=&#039;Template manager&#039;, selected=false, enabled=true, visible=true, showing=false]
                    se.cambiosys.client.framework.core.internal.CambioShortcutMenuButton[name=null, text=&#039;&#039;, selected=false, enabled=true, visible=true, showing=false]
                  se.cambiosys.client.framework.menueditor.internal.InitializingMenuItem[name=null, text=&#039;Fixed values&#039;, selected=false, enabled=true, visible=true, showing=false]
                    se.cambiosys.client.framework.core.internal.CambioShortcutMenuButton[name=null, text=&#039;&#039;, selected=false, enabled=true, visible=true, showing=false]
                  se.cambiosys.client.framework.menueditor.internal.InitializingMenuItem[name=null, text=&#039;Form administration&#039;, selected=false, enabled=true, visible=true, showing=false]
                    se.cambiosys.client.framework.core.internal.CambioShortcutMenuButton[name=null, text=&#039;&#039;, selected=false, enabled=true, visible=true, showing=false]
                  se.cambiosys.client.framework.menueditor.internal.InitializingMenuItem[name=null, text=&#039;Administration views&#039;, selected=false, enabled=true, visible=true, showing=false]
                    se.cambiosys.client.framework.core.internal.CambioShortcutMenuButton[name=null, text=&#039;&#039;, selected=false, enabled=true, visible=true, showing=false]
                  se.cambiosys.client.framework.menueditor.internal.InitializingMenuItem[name=null, text=&#039;Administration filter&#039;, selected=false, enabled=true, visible=true, showing=false]
                    se.cambiosys.client.framework.core.internal.CambioShortcutMenuButton[name=null, text=&#039;&#039;, selected=false, enabled=true, visible=true, showing=false]
                  se.cambiosys.client.framework.menueditor.internal.InitializingMenuItem[name=null, text=&#039;Selection of problems&#039;, selected=false, enabled=true, visible=true, showing=false]
                    se.cambiosys.client.framework.core.internal.CambioShortcutMenuButton[name=null, text=&#039;&#039;, selected=false, enabled=true, visible=true, showing=false]
              se.cambiosys.client.framework.components.CambioMenu[name=null, text=&#039;Digital dictation&#039;, selected=false, enabled=true, visible=true, showing=false]
                javax.swing.JPopupMenu[name=null, label=null, enabled=true, visible=false, showing=false]
                  se.cambiosys.client.framework.menueditor.internal.InitializingMenuItem[name=null, text=&#039;Create new dictation&#039;, selected=false, enabled=true, visible=true, showing=false]
                    se.cambiosys.client.framework.core.internal.CambioShortcutMenuButton[name=null, text=&#039;&#039;, selected=false, enabled=true, visible=true, showing=false]
                  se.cambiosys.client.framework.menueditor.internal.InitializingMenuItem[name=null, text=&#039;Dictation list&#039;, selected=false, enabled=true, visible=true, showing=false]
                    se.cambiosys.client.framework.core.internal.CambioShortcutMenuButton[name=null, text=&#039;&#039;, selected=false, enabled=true, visible=true, showing=false]
                  se.cambiosys.client.framework.menueditor.internal.InitializingMenuItem[name=null, text=&#039;Create new dictation from file&#039;, selected=false, enabled=true, visible=true, showing=false]
                    se.cambiosys.client.framework.core.internal.CambioShortcutMenuButton[name=null, text=&#039;&#039;, selected=false, enabled=true, visible=true, showing=false]
                  se.cambiosys.client.framework.menueditor.internal.InitializingMenuItem[name=null, text=&#039;Create new dictation minimized&#039;, selected=false, enabled=true, visible=true, showing=false]
                    se.cambiosys.client.framework.core.internal.CambioShortcutMenuButton[name=null, text=&#039;&#039;, selected=false, enabled=true, visible=true, showing=false]
              se.cambiosys.client.framework.components.CambioMenu[name=null, text=&#039;Birth&#039;, selected=false, enabled=true, visible=true, showing=false]
                javax.swing.JPopupMenu[name=null, label=null, enabled=true, visible=false, showing=false]
                  se.cambiosys.client.framework.menueditor.internal.InitializingMenuItem[name=null, text=&#039;Partogram&#039;, selected=false, enabled=false, visible=true, showing=false]
                    se.cambiosys.client.framework.core.internal.CambioShortcutMenuButton[name=null, text=&#039;&#039;, selected=false, enabled=true, visible=true, showing=false]
                  se.cambiosys.client.framework.menueditor.internal.InitializingMenuItem[name=null, text=&#039;New delivery&#039;, selected=false, enabled=false, visible=true, showing=false]
                    se.cambiosys.client.framework.core.internal.CambioShortcutMenuButton[name=null, text=&#039;&#039;, selected=false, enabled=true, visible=true, showing=false]
                  se.cambiosys.client.framework.menueditor.internal.InitializingMenuItem[name=null, text=&#039;Delete partogram&#039;, selected=false, enabled=false, visible=true, showing=false]
                    se.cambiosys.client.framework.core.internal.CambioShortcutMenuButton[name=null, text=&#039;&#039;, selected=false, enabled=true, visible=true, showing=false]
                  se.cambiosys.client.framework.menueditor.internal.InitializingMenuItem[name=null, text=&#039;Configuration of registrations&#039;, selected=false, enabled=true, visible=true, showing=false]
                    se.cambiosys.client.framework.core.internal.CambioShortcutMenuButton[name=null, text=&#039;&#039;, selected=false, enabled=true, visible=true, showing=false]
                  se.cambiosys.client.framework.menueditor.internal.InitializingMenuItem[name=null, text=&#039;Child number configuration&#039;, selected=false, enabled=true, visible=true, showing=false]
                    se.cambiosys.client.framework.core.internal.CambioShortcutMenuButton[name=null, text=&#039;&#039;, selected=false, enabled=true, visible=true, showing=false]
          se.cambiosys.client.framework.components.CambioMenu[name=null, text=&#039;Window&#039;, selected=false, enabled=true, visible=true, showing=true]
            javax.swing.JPopupMenu[name=null, label=null, enabled=true, visible=false, showing=false]
              se.cambiosys.client.framework.core.internal.MenuHandler$10(se.cambiosys.client.framework.components.CambioCheckBoxMenuItem)[name=null, text=&#039;Keep windows&#039;, selected=true, enabled=true, visible=true, showing=false]
              se.cambiosys.client.framework.menueditor.internal.InitializingMenuItem[name=null, text=&#039;Minimize all&#039;, selected=false, enabled=true, visible=true, showing=false]
                se.cambiosys.client.framework.core.internal.CambioShortcutMenuButton[name=null, text=&#039;&#039;, selected=false, enabled=true, visible=true, showing=false]
          se.cambiosys.client.framework.components.CambioMenu[name=null, text=&#039;Basic Menu&#039;, selected=false, enabled=true, visible=true, showing=true]
            javax.swing.JPopupMenu[name=null, label=null, enabled=true, visible=false, showing=false]
              se.cambiosys.client.framework.menueditor.internal.InitializingMenuItem[name=null, text=&#039;Basic Text&#039;, selected=false, enabled=true, visible=true, showing=false]
                se.cambiosys.client.framework.core.internal.CambioShortcutMenuButton[name=null, text=&#039;&#039;, selected=false, enabled=true, visible=true, showing=false]
          se.cambiosys.client.framework.components.CambioMenu[name=null, text=&#039;Patient administration IP &amp; OP&#039;, selected=false, enabled=true, visible=true, showing=true]
            javax.swing.JPopupMenu[name=null, label=null, enabled=true, visible=false, showing=false]
              se.cambiosys.client.framework.components.CambioMenu[name=null, text=&#039;Administration&#039;, selected=false, enabled=true, visible=true, showing=false]
                javax.swing.JPopupMenu[name=null, label=null, enabled=true, visible=false, showing=false]
                  se.cambiosys.client.framework.menueditor.internal.InitializingMenuItem[name=null, text=&#039;Region membership&#039;, selected=false, enabled=true, visible=true, showing=false]
                    se.cambiosys.client.framework.core.internal.CambioShortcutMenuButton[name=null, text=&#039;&#039;, selected=false, enabled=true, visible=true, showing=false]
                  se.cambiosys.client.framework.menueditor.internal.InitializingMenuItem[name=null, text=&#039;Search order number&#039;, selected=false, enabled=true, visible=true, showing=false]
                    se.cambiosys.client.framework.core.internal.CambioShortcutMenuButton[name=null, text=&#039;&#039;, selected=false, enabled=true, visible=true, showing=false]
                  se.cambiosys.client.framework.menueditor.internal.InitializingMenuItem[name=null, text=&#039;Reception administration &amp; reception period&#039;, selected=false, enabled=true, visible=true, showing=false]
                    se.cambiosys.client.framework.core.internal.CambioShortcutMenuButton[name=null, text=&#039;&#039;, selected=false, enabled=true, visible=true, showing=false]
                  se.cambiosys.client.framework.menueditor.internal.InitializingMenuItem[name=null, text=&#039;Receptions and reception locations&#039;, selected=false, enabled=true, visible=true, showing=false]
                    se.cambiosys.client.framework.core.internal.CambioShortcutMenuButton[name=null, text=&#039;&#039;, selected=false, enabled=true, visible=true, showing=false]
                  se.cambiosys.client.framework.components.CambioMenu[name=null, text=&#039;Contract&#039;, selected=false, enabled=true, visible=true, showing=false]
                    javax.swing.JPopupMenu[name=null, label=null, enabled=true, visible=false, showing=false]
                      se.cambiosys.client.framework.menueditor.internal.InitializingMenuItem[name=null, text=&#039;New base price list&#039;, selected=false, enabled=true, visible=true, showing=false]
                        se.cambiosys.client.framework.core.internal.CambioShortcutMenuButton[name=null, text=&#039;&#039;, selected=false, enabled=true, visible=true, showing=false]
                      se.cambiosys.client.framework.menueditor.internal.InitializingMenuItem[name=null, text=&#039;Open base price list&#039;, selected=false, enabled=true, visible=true, showing=false]
                        se.cambiosys.client.framework.core.internal.CambioShortcutMenuButton[name=null, text=&#039;&#039;, selected=false, enabled=true, visible=true, showing=false]
                      se.cambiosys.client.framework.menueditor.internal.InitializingMenuItem[name=null, text=&#039;New contract&#039;, selected=false, enabled=true, visible=true, showing=false]
                        se.cambiosys.client.framework.core.internal.CambioShortcutMenuButton[name=null, text=&#039;&#039;, selected=false, enabled=true, visible=true, showing=false]
                      se.cambiosys.client.framework.menueditor.internal.InitializingMenuItem[name=null, text=&#039;Open contract&#039;, selected=false, enabled=true, visible=true, showing=false]
                        se.cambiosys.client.framework.core.internal.CambioShortcutMenuButton[name=null, text=&#039;&#039;, selected=false, enabled=true, visible=true, showing=false]
                      se.cambiosys.client.framework.menueditor.internal.InitializingMenuItem[name=null, text=&#039;Administration of contracts of goods sales&#039;, selected=false, enabled=true, visible=true, showing=false]
                        se.cambiosys.client.framework.core.internal.CambioShortcutMenuButton[name=null, text=&#039;&#039;, selected=false, enabled=true, visible=true, showing=false]
                  se.cambiosys.client.framework.menueditor.internal.InitializingMenuItem[name=null, text=&#039;Products&#039;, selected=false, enabled=true, visible=true, showing=false]
                    se.cambiosys.client.framework.core.internal.CambioShortcutMenuButton[name=null, text=&#039;&#039;, selected=false, enabled=true, visible=true, showing=false]
                  se.cambiosys.client.framework.menueditor.internal.InitializingMenuItem[name=null, text=&#039;Goods&#039;, selected=false, enabled=true, visible=true, showing=false]
                    se.cambiosys.client.framework.core.internal.CambioShortcutMenuButton[name=null, text=&#039;&#039;, selected=false, enabled=true, visible=true, showing=false]
                  se.cambiosys.client.framework.menueditor.internal.InitializingMenuItem[name=null, text=&#039;VAT classes&#039;, selected=false, enabled=true, visible=true, showing=false]
                    se.cambiosys.client.framework.core.internal.CambioShortcutMenuButton[name=null, text=&#039;&#039;, selected=false, enabled=true, visible=true, showing=false]
              se.cambiosys.client.framework.menueditor.internal.InitializingMenuItem[name=null, text=&#039;Configure economy exports&#039;, selected=false, enabled=true, visible=true, showing=false]
                se.cambiosys.client.framework.core.internal.CambioShortcutMenuButton[name=null, text=&#039;&#039;, selected=false, enabled=true, visible=true, showing=false]
              se.cambiosys.client.framework.menueditor.internal.InitializingMenuItem[name=null, text=&#039;Export management&#039;, selected=false, enabled=true, visible=true, showing=false]
                se.cambiosys.client.framework.core.internal.CambioShortcutMenuButton[name=null, text=&#039;&#039;, selected=false, enabled=true, visible=true, showing=false]
              se.cambiosys.client.framework.menueditor.internal.InitializingMenuItem[name=null, text=&#039;Visit and procedure registration&#039;, selected=false, enabled=true, visible=true, showing=false]
                se.cambiosys.client.framework.core.internal.CambioShortcutMenuButton[name=null, text=&#039;&#039;, selected=false, enabled=true, visible=true, showing=false]
              se.cambiosys.client.framework.menueditor.internal.InitializingMenuItem[name=null, text=&#039;Inpatient registration&#039;, selected=false, enabled=true, visible=true, showing=false]
                se.cambiosys.client.framework.core.internal.CambioShortcutMenuButton[name=null, text=&#039;&#039;, selected=false, enabled=true, visible=true, showing=false]
              se.cambiosys.client.framework.menueditor.internal.InitializingMenuItem[name=null, text=&#039;Acute overview&#039;, selected=false, enabled=true, visible=true, showing=false]
                se.cambiosys.client.framework.core.internal.CambioShortcutMenuButton[name=null, text=&#039;&#039;, selected=false, enabled=true, visible=true, showing=false]
              se.cambiosys.client.framework.menueditor.internal.InitializingMenuItem[name=null, text=&#039;Registration overview&#039;, selected=false, enabled=true, visible=true, showing=false]
                se.cambiosys.client.framework.core.internal.CambioShortcutMenuButton[name=null, text=&#039;&#039;, selected=false, enabled=true, visible=true, showing=false]
              se.cambiosys.client.framework.menueditor.internal.InitializingMenuItem[name=null, text=&#039;Goods Sale overview&#039;, selected=false, enabled=true, visible=true, showing=false]
                se.cambiosys.client.framework.core.internal.CambioShortcutMenuButton[name=null, text=&#039;&#039;, selected=false, enabled=true, visible=true, showing=false]
              se.cambiosys.client.framework.menueditor.internal.InitializingMenuItem[name=null, text=&#039;Invoice overview&#039;, selected=false, enabled=true, visible=true, showing=false]
                se.cambiosys.client.framework.core.internal.CambioShortcutMenuButton[name=null, text=&#039;&#039;, selected=false, enabled=true, visible=true, showing=false]
              se.cambiosys.client.framework.menueditor.internal.InitializingMenuItem[name=null, text=&#039;Register codes&#039;, selected=false, enabled=false, visible=true, showing=false]
                se.cambiosys.client.framework.core.internal.CambioShortcutMenuButton[name=null, text=&#039;&#039;, selected=false, enabled=true, visible=true, showing=false]
              se.cambiosys.client.framework.menueditor.internal.InitializingMenuItem[name=null, text=&#039;Undo&#039;, selected=false, enabled=true, visible=true, showing=false]
                se.cambiosys.client.framework.core.internal.CambioShortcutMenuButton[name=null, text=&#039;&#039;, selected=false, enabled=true, visible=true, showing=false]
          se.cambiosys.client.framework.components.CambioMenu[name=null, text=&#039;Patient&#039;, selected=false, enabled=true, visible=true, showing=true]
            javax.swing.JPopupMenu[name=null, label=null, enabled=true, visible=false, showing=false]
              se.cambiosys.client.framework.components.CambioMenu[name=null, text=&#039;Groups&#039;, selected=false, enabled=true, visible=true, showing=false]
                javax.swing.JPopupMenu[name=null, label=null, enabled=true, visible=false, showing=false]
                  se.cambiosys.client.framework.menueditor.internal.InitializingMenuItem[name=null, text=&#039;Group card&#039;, selected=false, enabled=false, visible=true, showing=false]
                    se.cambiosys.client.framework.core.internal.CambioShortcutMenuButton[name=null, text=&#039;&#039;, selected=false, enabled=true, visible=true, showing=false]
                  se.cambiosys.client.framework.menueditor.internal.InitializingMenuItem[name=null, text=&#039;Group administration&#039;, selected=false, enabled=true, visible=true, showing=false]
                    se.cambiosys.client.framework.core.internal.CambioShortcutMenuButton[name=null, text=&#039;&#039;, selected=false, enabled=true, visible=true, showing=false]
              se.cambiosys.client.framework.subjectofcare.internal.SecurityOverrideHandlerImpl$1(se.cambiosys.client.framework.components.CambioCheckBoxMenuItem)[name=null, text=&#039;Activate security override&#039;, selected=false, enabled=false, visible=true, showing=false]
              se.cambiosys.client.framework.menueditor.internal.InitializingMenuItem[name=null, text=&#039;Patient card&#039;, selected=false, enabled=true, visible=true, showing=false]
                se.cambiosys.client.framework.core.internal.CambioShortcutMenuButton[name=null, text=&#039;&#039;, selected=false, enabled=true, visible=true, showing=false]
              se.cambiosys.client.framework.menueditor.internal.InitializingMenuItem[name=null, text=&#039;Print patient information&#039;, selected=false, enabled=true, visible=true, showing=false]
                se.cambiosys.client.framework.core.internal.CambioShortcutMenuButton[name=null, text=&#039;&#039;, selected=false, enabled=true, visible=true, showing=false]
              se.cambiosys.client.framework.menueditor.internal.InitializingMenuItem[name=null, text=&#039;Connect mother-child&#039;, selected=false, enabled=false, visible=true, showing=false]
                se.cambiosys.client.framework.core.internal.CambioShortcutMenuButton[name=null, text=&#039;&#039;, selected=false, enabled=true, visible=true, showing=false]
              se.cambiosys.client.framework.menueditor.internal.InitializingMenuItem[name=null, text=&#039;Disconnect child-mother&#039;, selected=false, enabled=false, visible=true, showing=false]
                se.cambiosys.client.framework.core.internal.CambioShortcutMenuButton[name=null, text=&#039;&#039;, selected=false, enabled=true, visible=true, showing=false]
              se.cambiosys.client.framework.menueditor.internal.InitializingMenuItem[name=null, text=&#039;Reservenumber...&#039;, selected=false, enabled=true, visible=true, showing=false]
                se.cambiosys.client.framework.core.internal.CambioShortcutMenuButton[name=null, text=&#039;&#039;, selected=false, enabled=true, visible=true, showing=false]
          se.cambiosys.client.framework.components.CambioMenu[name=null, text=&#039;Link (previous version)&#039;, selected=false, enabled=true, visible=true, showing=true]
            javax.swing.JPopupMenu[name=null, label=null, enabled=true, visible=false, showing=false]
              se.cambiosys.client.framework.menueditor.internal.InitializingMenuItem[name=null, text=&#039;Loading...&#039;, selected=false, enabled=true, visible=true, showing=false]
                se.cambiosys.client.framework.core.internal.CambioShortcutMenuButton[name=null, text=&#039;&#039;, selected=false, enabled=true, visible=true, showing=false]
              se.cambiosys.client.framework.menueditor.internal.InitializingMenuItem[name=null, text=&#039;Loading...&#039;, selected=false, enabled=true, visible=true, showing=false]
                se.cambiosys.client.framework.core.internal.CambioShortcutMenuButton[name=null, text=&#039;&#039;, selected=false, enabled=true, visible=true, showing=false]
          se.cambiosys.client.framework.components.CambioMenu[name=null, text=&#039;File&#039;, selected=false, enabled=true, visible=true, showing=true]
            javax.swing.JPopupMenu[name=null, label=null, enabled=true, visible=false, showing=false]
              se.cambiosys.client.framework.menueditor.internal.InitializingMenuItem[name=null, text=&#039;Change password&#039;, selected=false, enabled=true, visible=true, showing=false]
                se.cambiosys.client.framework.core.internal.CambioShortcutMenuButton[name=null, text=&#039;&#039;, selected=false, enabled=true, visible=true, showing=false]
              se.cambiosys.client.framework.menueditor.internal.InitializingMenuItem[name=null, text=&#039;Lock COSMIC&#039;, selected=false, enabled=true, visible=true, showing=false]
                se.cambiosys.client.framework.core.internal.CambioShortcutMenuButton[name=null, text=&#039;&#039;, selected=false, enabled=true, visible=true, showing=false]
              se.cambiosys.client.framework.menueditor.internal.InitializingMenuItem[name=null, text=&#039;Change profile&#039;, selected=false, enabled=true, visible=true, showing=false]
                se.cambiosys.client.framework.core.internal.CambioShortcutMenuButton[name=null, text=&#039;&#039;, selected=false, enabled=true, visible=true, showing=false]
              se.cambiosys.client.framework.menueditor.internal.InitializingMenuItem[name=null, text=&#039;Log out&#039;, selected=false, enabled=true, visible=true, showing=false]
                se.cambiosys.client.framework.core.internal.CambioShortcutMenuButton[name=null, text=&#039;&#039;, selected=false, enabled=true, visible=true, showing=false]
              se.cambiosys.client.framework.menueditor.internal.InitializingMenuItem[name=null, text=&#039;Quit&#039;, selected=false, enabled=true, visible=true, showing=false]
                se.cambiosys.client.framework.core.internal.CambioShortcutMenuButton[name=null, text=&#039;&#039;, selected=false, enabled=true, visible=true, showing=false]
          se.cambiosys.client.framework.components.CambioMenu[name=null, text=&#039;External Applications&#039;, selected=false, enabled=true, visible=true, showing=true]
            javax.swing.JPopupMenu[name=null, label=null, enabled=true, visible=false, showing=false]
              se.cambiosys.client.framework.menueditor.internal.InitializingMenuItem[name=null, text=&#039;DrCompanion&#039;, selected=false, enabled=true, visible=true, showing=false]
                se.cambiosys.client.framework.core.internal.CambioShortcutMenuButton[name=null, text=&#039;&#039;, selected=false, enabled=true, visible=true, showing=false]
              se.cambiosys.client.framework.menueditor.internal.InitializingMenuItem[name=null, text=&#039;OBSTETRIX (Ext)&#039;, selected=false, enabled=true, visible=true, showing=false]
                se.cambiosys.client.framework.core.internal.CambioShortcutMenuButton[name=null, text=&#039;&#039;, selected=false, enabled=true, visible=true, showing=false]
          se.cambiosys.client.framework.components.CambioMenu[name=null, text=&#039;Analytics&#039;, selected=false, enabled=true, visible=true, showing=true]
            javax.swing.JPopupMenu[name=null, label=null, enabled=true, visible=false, showing=false]
              se.cambiosys.client.framework.menueditor.internal.InitializingMenuItem[name=null, text=&#039;Insight&#039;, selected=false, enabled=true, visible=true, showing=false]
                se.cambiosys.client.framework.core.internal.CambioShortcutMenuButton[name=null, text=&#039;&#039;, selected=false, enabled=true, visible=true, showing=false]
          se.cambiosys.client.framework.components.CambioMenu[name=null, text=&#039;Bed management&#039;, selected=false, enabled=true, visible=true, showing=true]
            javax.swing.JPopupMenu[name=null, label=null, enabled=true, visible=false, showing=false]
              se.cambiosys.client.framework.menueditor.internal.InitializingMenuItem[name=null, text=&#039;Patient search&#039;, selected=false, enabled=true, visible=true, showing=false]
                se.cambiosys.client.framework.core.internal.CambioShortcutMenuButton[name=null, text=&#039;&#039;, selected=false, enabled=true, visible=true, showing=false]
              se.cambiosys.client.framework.menueditor.internal.InitializingMenuItem[name=null, text=&#039;Bed reservation overview&#039;, selected=false, enabled=true, visible=true, showing=false]
                se.cambiosys.client.framework.core.internal.CambioShortcutMenuButton[name=null, text=&#039;&#039;, selected=false, enabled=true, visible=true, showing=false]
              se.cambiosys.client.framework.menueditor.internal.InitializingMenuItem[name=null, text=&#039;Bed Administration&#039;, selected=false, enabled=true, visible=true, showing=false]
                se.cambiosys.client.framework.core.internal.CambioShortcutMenuButton[name=null, text=&#039;&#039;, selected=false, enabled=true, visible=true, showing=false]
      javax.swing.JPanel[name=&#039;null.contentPane&#039;]
        se.cambiosys.client.framework.core.internal.gui.MainWindow$2(javax.swing.JPanel)[name=null]
        se.cambiosys.client.framework.components.CambioDesktopPane[]
          javax.swing.JLabel[name=null, text=&#039;&#039;, enabled=true, visible=true, showing=false]
        se.cambiosys.client.framework.components.CambioPanel[name=null]
          se.cambiosys.client.framework.core.internal.gui.MainWindow$1(se.cambiosys.client.framework.subjectofcare.internal.gui.PatientBannerTopPanel)[name=null]
            se.cambiosys.client.framework.core.internal.gui.SideBarToggleButton[name=null, text=&#039;&#039;, enabled=true, visible=true, showing=true]
            se.cambiosys.client.framework.core.internal.gui.CambioVerticalMenu[name=null]
              javax.swing.JMenuBar[]
                javax.swing.JMenu[name=null, text=&#039;&#039;, selected=true, enabled=true, visible=true, showing=true]
                  javax.swing.JPopupMenu[name=null, label=null, enabled=true, visible=true, showing=true]
                    se.cambiosys.client.framework.core.internal.gui.CambioMenuSearchComponent[name=null]
                      se.cambiosys.client.framework.components.CambioPanel[name=null]
                        javax.swing.JTextField[name=null, text=&#039;&#039;, enabled=true, visible=true, showing=true]
                        se.cambiosys.client.framework.components.CambioLabel[name=&#039;Table.cellRenderer&#039;, text=&#039;&#039;, enabled=true, visible=true, showing=true]
                        se.cambiosys.client.framework.components.CambioButton[name=null, text=&#039;&#039;, enabled=true, visible=false, showing=false]
                    se.cambiosys.client.framework.components.CambioMenu[name=null, text=&#039;Page Object Creator&#039;, selected=false, enabled=true, visible=true, showing=true]
                      javax.swing.JPopupMenu[name=null, label=null, enabled=true, visible=false, showing=false]
                        se.cambiosys.client.framework.menueditor.internal.InitializingMenuItem[name=null, text=&#039;Loading...&#039;, selected=false, enabled=true, visible=true, showing=false]
                          se.cambiosys.client.framework.core.internal.CambioShortcutMenuButton[name=null, text=&#039;&#039;, selected=false, enabled=true, visible=true, showing=false]
                    se.cambiosys.client.framework.components.CambioMenu[name=null, text=&#039;Activity&#039;, selected=false, enabled=true, visible=true, showing=true]
                      javax.swing.JPopupMenu[name=null, label=null, enabled=true, visible=false, showing=false]
                        se.cambiosys.client.framework.menueditor.internal.InitializingMenuItem[name=null, text=&#039;Order&#039;, selected=false, enabled=false, visible=true, showing=false]
                          se.cambiosys.client.framework.core.internal.CambioShortcutMenuButton[name=null, text=&#039;&#039;, selected=true, enabled=true, visible=true, showing=false]
                        se.cambiosys.client.framework.menueditor.internal.InitializingMenuItem[name=null, text=&#039;Order Administration&#039;, selected=false, enabled=true, visible=true, showing=false]
                          se.cambiosys.client.framework.core.internal.CambioShortcutMenuButton[name=null, text=&#039;&#039;, selected=false, enabled=true, visible=true, showing=false]
                    se.cambiosys.client.framework.components.CambioMenu[name=null, text=&#039;Patient Generated Care Entries&#039;, selected=false, enabled=true, visible=true, showing=true]
                      javax.swing.JPopupMenu[name=null, label=null, enabled=true, visible=false, showing=false]
                        se.cambiosys.client.framework.menueditor.internal.InitializingMenuItem[name=null, text=&#039;PG CareEntries Testing Tool&#039;, selected=false, enabled=true, visible=true, showing=false]
                          se.cambiosys.client.framework.core.internal.CambioShortcutMenuButton[name=null, text=&#039;&#039;, selected=false, enabled=true, visible=true, showing=false]
                    se.cambiosys.client.framework.components.CambioMenu[name=null, text=&#039;Referral&#039;, selected=false, enabled=true, visible=true, showing=true]
                      javax.swing.JPopupMenu[name=null, label=null, enabled=true, visible=false, showing=false]
                        se.cambiosys.client.framework.menueditor.internal.InitializingMenuItem[name=null, text=&#039;New referral&#039;, selected=false, enabled=true, visible=true, showing=false]
                          se.cambiosys.client.framework.core.internal.CambioShortcutMenuButton[name=null, text=&#039;&#039;, selected=false, enabled=true, visible=true, showing=false]
                        se.cambiosys.client.framework.menueditor.internal.InitializingMenuItem[name=null, text=&#039;Received referrals&#039;, selected=false, enabled=true, visible=true, showing=false]
                          se.cambiosys.client.framework.core.internal.CambioShortcutMenuButton[name=null, text=&#039;&#039;, selected=false, enabled=true, visible=true, showing=false]
                        se.cambiosys.client.framework.menueditor.internal.InitializingMenuItem[name=null, text=&#039;Register referral&#039;, selected=false, enabled=true, visible=true, showing=false]
                          se.cambiosys.client.framework.core.internal.CambioShortcutMenuButton[name=null, text=&#039;&#039;, selected=false, enabled=true, visible=true, showing=false]
                        se.cambiosys.client.framework.menueditor.internal.InitializingMenuItem[name=null, text=&#039;Saved and sent referrals&#039;, selected=false, enabled=true, visible=true, showing=false]
                          se.cambiosys.client.framework.core.internal.CambioShortcutMenuButton[name=null, text=&#039;&#039;, selected=false, enabled=true, visible=true, showing=false]
                        se.cambiosys.client.framework.menueditor.internal.InitializingMenuItem[name=null, text=&#039;Patient&#039;s list of answers&#039;, selected=false, enabled=true, visible=true, showing=false]
                          se.cambiosys.client.framework.core.internal.CambioShortcutMenuButton[name=null, text=&#039;&#039;, selected=false, enabled=true, visible=true, showing=false]
                        se.cambiosys.client.framework.components.CambioMenu[name=null, text=&#039;Administration&#039;, selected=false, enabled=true, visible=true, showing=false]
                          javax.swing.JPopupMenu[name=null, label=null, enabled=true, visible=false, showing=false]
                            se.cambiosys.client.framework.menueditor.internal.InitializingMenuItem[name=null, text=&#039;Documentation templates&#039;, selected=false, enabled=true, visible=true, showing=false]
                              se.cambiosys.client.framework.core.internal.CambioShortcutMenuButton[name=null, text=&#039;&#039;, selected=false, enabled=true, visible=true, showing=false]
                    se.cambiosys.client.framework.components.CambioMenu[name=null, text=&#039;Link&#039;, selected=false, enabled=true, visible=true, showing=true]
                      javax.swing.JPopupMenu[name=null, label=null, enabled=true, visible=false, showing=false]
                        se.cambiosys.client.framework.menueditor.internal.InitializingMenuItem[name=null, text=&#039;Case overview&#039;, selected=false, enabled=true, visible=true, showing=false]
                          se.cambiosys.client.framework.core.internal.CambioShortcutMenuButton[name=null, text=&#039;&#039;, selected=false, enabled=true, visible=true, showing=false]
                        se.cambiosys.client.framework.components.CambioMenu[name=null, text=&#039;Administration&#039;, selected=false, enabled=true, visible=true, showing=false]
                          javax.swing.JPopupMenu[name=null, label=null, enabled=true, visible=false, showing=false]
                            se.cambiosys.client.framework.menueditor.internal.InitializingMenuItem[name=null, text=&#039;Suggested Admission message receivers&#039;, selected=false, enabled=true, visible=true, showing=false]
                              se.cambiosys.client.framework.core.internal.CambioShortcutMenuButton[name=null, text=&#039;&#039;, selected=false, enabled=true, visible=true, showing=false]
                    se.cambiosys.client.framework.components.CambioMenu[name=null, text=&#039;Fluid balance&#039;, selected=false, enabled=true, visible=true, showing=true]
                      javax.swing.JPopupMenu[name=null, label=null, enabled=true, visible=false, showing=false]
                        se.cambiosys.client.framework.menueditor.internal.InitializingMenuItem[name=null, text=&#039;Fluid Balance&#039;, selected=false, enabled=true, visible=true, showing=false]
                          se.cambiosys.client.framework.core.internal.CambioShortcutMenuButton[name=null, text=&#039;&#039;, selected=false, enabled=true, visible=true, showing=false]
                    se.cambiosys.client.framework.components.CambioMenu[name=null, text=&#039;Help&#039;, selected=false, enabled=true, visible=true, showing=true]
                      javax.swing.JPopupMenu[name=null, label=null, enabled=true, visible=false, showing=false]
                        se.cambiosys.client.framework.menueditor.internal.InitializingMenuItem[name=null, text=&#039;About Cambio COSMIC...&#039;, selected=false, enabled=true, visible=true, showing=false]
                          se.cambiosys.client.framework.core.internal.CambioShortcutMenuButton[name=null, text=&#039;&#039;, selected=false, enabled=true, visible=true, showing=false]
                        se.cambiosys.client.framework.menueditor.internal.InitializingMenuItem[name=null, text=&#039;Help for Cosmic&#039;, selected=false, enabled=true, visible=true, showing=false]
                          se.cambiosys.client.framework.core.internal.CambioShortcutMenuButton[name=null, text=&#039;&#039;, selected=false, enabled=true, visible=true, showing=false]
                    se.cambiosys.client.framework.components.CambioMenu[name=null, text=&#039;CDS&#039;, selected=false, enabled=true, visible=true, showing=true]
                      javax.swing.JPopupMenu[name=null, label=null, enabled=true, visible=false, showing=false]
                        se.cambiosys.client.framework.menueditor.internal.InitializingMenuItem[name=null, text=&#039;CDS App Administration&#039;, selected=false, enabled=true, visible=true, showing=false]
                          se.cambiosys.client.framework.core.internal.CambioShortcutMenuButton[name=null, text=&#039;&#039;, selected=false, enabled=true, visible=true, showing=false]
                        se.cambiosys.client.framework.menueditor.internal.InitializingMenuItem[name=null, text=&#039;Stroke Prevention for Atrial Fibrillation&#039;, selected=false, enabled=true, visible=true, showing=false]
                          se.cambiosys.client.framework.core.internal.CambioShortcutMenuButton[name=null, text=&#039;&#039;, selected=false, enabled=true, visible=true, showing=false]
                    se.cambiosys.client.framework.components.CambioMenu[name=null, text=&#039;Resource planning&#039;, selected=false, enabled=true, visible=true, showing=true]
                      javax.swing.JPopupMenu[name=null, label=null, enabled=true, visible=false, showing=false]
                        se.cambiosys.client.framework.menueditor.internal.InitializingMenuItem[name=null, text=&#039;Schedule&#039;, selected=false, enabled=true, visible=true, showing=false]
                          se.cambiosys.client.framework.core.internal.CambioShortcutMenuButton[name=null, text=&#039;&#039;, selected=false, enabled=true, visible=true, showing=false]
                        se.cambiosys.client.framework.menueditor.internal.InitializingMenuItem[name=null, text=&#039;Schedule groups&#039;, selected=false, enabled=true, visible=true, showing=false]
                          se.cambiosys.client.framework.core.internal.CambioShortcutMenuButton[name=null, text=&#039;&#039;, selected=false, enabled=true, visible=true, showing=false]
                        se.cambiosys.client.framework.menueditor.internal.InitializingMenuItem[name=null, text=&#039;Schedule overview&#039;, selected=false, enabled=true, visible=true, showing=false]
                          se.cambiosys.client.framework.core.internal.CambioShortcutMenuButton[name=null, text=&#039;&#039;, selected=false, enabled=true, visible=true, showing=false]
                        se.cambiosys.client.framework.components.CambioMenu[name=null, text=&#039;Administration&#039;, selected=false, enabled=true, visible=true, showing=false]
                          javax.swing.JPopupMenu[name=null, label=null, enabled=true, visible=false, showing=false]
                            se.cambiosys.client.framework.menueditor.internal.InitializingMenuItem[name=null, text=&#039;Connect time slot services&#039;, selected=false, enabled=true, visible=true, showing=false]
                              se.cambiosys.client.framework.core.internal.CambioShortcutMenuButton[name=null, text=&#039;&#039;, selected=false, enabled=true, visible=true, showing=false]
                            se.cambiosys.client.framework.components.CambioMenu[name=null, text=&#039;Scheme&#039;, selected=false, enabled=true, visible=true, showing=false]
                              javax.swing.JPopupMenu[name=null, label=null, enabled=true, visible=false, showing=false]
                                se.cambiosys.client.framework.menueditor.internal.InitializingMenuItem[name=null, text=&#039;Services scheme&#039;, selected=false, enabled=true, visible=true, showing=false]
                                  se.cambiosys.client.framework.core.internal.CambioShortcutMenuButton[name=null, text=&#039;&#039;, selected=false, enabled=true, visible=true, showing=false]
                                se.cambiosys.client.framework.menueditor.internal.InitializingMenuItem[name=null, text=&#039;Scheme templates&#039;, selected=false, enabled=true, visible=true, showing=false]
                                  se.cambiosys.client.framework.core.internal.CambioShortcutMenuButton[name=null, text=&#039;&#039;, selected=false, enabled=true, visible=true, showing=false]
                                se.cambiosys.client.framework.menueditor.internal.InitializingMenuItem[name=null, text=&#039;Resource&#039;s scheme&#039;, selected=false, enabled=true, visible=true, showing=false]
                                  se.cambiosys.client.framework.core.internal.CambioShortcutMenuButton[name=null, text=&#039;&#039;, selected=false, enabled=true, visible=true, showing=false]
                            se.cambiosys.client.framework.components.CambioMenu[name=null, text=&#039;Staffing&#039;, selected=false, enabled=true, visible=true, showing=false]
                              javax.swing.JPopupMenu[name=null, label=null, enabled=true, visible=false, showing=false]
                                se.cambiosys.client.framework.menueditor.internal.InitializingMenuItem[name=null, text=&#039;Allocate resources - Services scheme&#039;, selected=false, enabled=true, visible=true, showing=false]
                                  se.cambiosys.client.framework.core.internal.CambioShortcutMenuButton[name=null, text=&#039;&#039;, selected=false, enabled=true, visible=true, showing=false]
                                se.cambiosys.client.framework.menueditor.internal.InitializingMenuItem[name=null, text=&#039;Allocate resources - Scheme templates&#039;, selected=false, enabled=true, visible=true, showing=false]
                                  se.cambiosys.client.framework.core.internal.CambioShortcutMenuButton[name=null, text=&#039;&#039;, selected=false, enabled=true, visible=true, showing=false]
                                se.cambiosys.client.framework.menueditor.internal.InitializingMenuItem[name=null, text=&#039;Services missing resources&#039;, selected=false, enabled=true, visible=true, showing=false]
                                  se.cambiosys.client.framework.core.internal.CambioShortcutMenuButton[name=null, text=&#039;&#039;, selected=false, enabled=true, visible=true, showing=false]
                        se.cambiosys.client.framework.menueditor.internal.InitializingMenuItem[name=null, text=&#039;Planned activities&#039;, selected=false, enabled=true, visible=true, showing=false]
                          se.cambiosys.client.framework.core.internal.CambioShortcutMenuButton[name=null, text=&#039;&#039;, selected=false, enabled=true, visible=true, showing=false]
                        se.cambiosys.client.framework.menueditor.internal.InitializingMenuItem[name=null, text=&#039;Planning form&#039;, selected=false, enabled=true, visible=true, showing=false]
                          se.cambiosys.client.framework.core.internal.CambioShortcutMenuButton[name=null, text=&#039;&#039;, selected=false, enabled=true, visible=true, showing=false]
                        se.cambiosys.client.framework.menueditor.internal.InitializingMenuItem[name=null, text=&#039;Light planning form&#039;, selected=false, enabled=true, visible=true, showing=false]
                          se.cambiosys.client.framework.core.internal.CambioShortcutMenuButton[name=null, text=&#039;&#039;, selected=false, enabled=true, visible=true, showing=false]
                    se.cambiosys.client.framework.components.CambioMenu[name=null, text=&#039;Activity handling&#039;, selected=false, enabled=true, visible=true, showing=true]
                      javax.swing.JPopupMenu[name=null, label=null, enabled=true, visible=false, showing=false]
                        se.cambiosys.client.framework.menueditor.internal.InitializingMenuItem[name=null, text=&#039;Activity handler&#039;, selected=false, enabled=true, visible=true, showing=false]
                          se.cambiosys.client.framework.core.internal.CambioShortcutMenuButton[name=null, text=&#039;&#039;, selected=false, enabled=true, visible=true, showing=false]
                        se.cambiosys.client.framework.components.CambioMenu[name=null, text=&#039;Administration&#039;, selected=false, enabled=true, visible=true, showing=false]
                          javax.swing.JPopupMenu[name=null, label=null, enabled=true, visible=false, showing=false]
                            se.cambiosys.client.framework.menueditor.internal.InitializingMenuItem[name=null, text=&#039;Configuration of Activity plans&#039;, selected=false, enabled=true, visible=true, showing=false]
                              se.cambiosys.client.framework.core.internal.CambioShortcutMenuButton[name=null, text=&#039;&#039;, selected=false, enabled=true, visible=true, showing=false]
                            se.cambiosys.client.framework.menueditor.internal.InitializingMenuItem[name=null, text=&#039;Configuration of activity plan activation&#039;, selected=false, enabled=true, visible=true, showing=false]
                              se.cambiosys.client.framework.core.internal.CambioShortcutMenuButton[name=null, text=&#039;&#039;, selected=false, enabled=true, visible=true, showing=false]
                    se.cambiosys.client.framework.components.CambioMenu[name=null, text=&#039;Drugs&#039;, selected=false, enabled=true, visible=true, showing=true]
                      javax.swing.JPopupMenu[name=null, label=null, enabled=true, visible=false, showing=false]
                        se.cambiosys.client.framework.menueditor.internal.InitializingMenuItem[name=null, text=&#039;Appliance&#039;, selected=false, enabled=true, visible=true, showing=false]
                          se.cambiosys.client.framework.core.internal.CambioShortcutMenuButton[name=null, text=&#039;&#039;, selected=false, enabled=true, visible=true, showing=false]
                        se.cambiosys.client.framework.menueditor.internal.InitializingMenuItem[name=null, text=&#039;Prescription&#039;, selected=false, enabled=true, visible=true, showing=false]
                          se.cambiosys.client.framework.core.internal.CambioShortcutMenuButton[name=null, text=&#039;&#039;, selected=false, enabled=true, visible=true, showing=false]
                        se.cambiosys.client.framework.menueditor.internal.InitializingMenuItem[name=null, text=&#039;R8.0 List of medications&#039;, selected=false, enabled=true, visible=true, showing=false]
                          se.cambiosys.client.framework.core.internal.CambioShortcutMenuButton[name=null, text=&#039;&#039;, selected=false, enabled=true, visible=true, showing=false]
                        se.cambiosys.client.framework.components.CambioMenu[name=null, text=&#039;Administration&#039;, selected=false, enabled=true, visible=true, showing=false]
                          javax.swing.JPopupMenu[name=null, label=null, enabled=true, visible=false, showing=false]
                            se.cambiosys.client.framework.menueditor.internal.InitializingMenuItem[name=null, text=&#039;Sent E-prescriptions&#039;, selected=false, enabled=true, visible=true, showing=false]
                              se.cambiosys.client.framework.core.internal.CambioShortcutMenuButton[name=null, text=&#039;&#039;, selected=false, enabled=true, visible=true, showing=false]
                        se.cambiosys.client.framework.menueditor.internal.InitializingMenuItem[name=null, text=&#039;Warnings, cautions and infected blood&#039;, selected=false, enabled=false, visible=true, showing=false]
                          se.cambiosys.client.framework.core.internal.CambioShortcutMenuButton[name=null, text=&#039;&#039;, selected=false, enabled=true, visible=true, showing=false]
                        se.cambiosys.client.framework.menueditor.internal.InitializingMenuItem[name=null, text=&#039;Medical administration record&#039;, selected=false, enabled=true, visible=true, showing=false]
                          se.cambiosys.client.framework.core.internal.CambioShortcutMenuButton[name=null, text=&#039;&#039;, selected=false, enabled=true, visible=true, showing=false]
                        se.cambiosys.client.framework.menueditor.internal.InitializingMenuItem[name=null, text=&#039;Decision about medication at admission&#039;, selected=false, enabled=true, visible=true, showing=false]
                          se.cambiosys.client.framework.core.internal.CambioShortcutMenuButton[name=null, text=&#039;&#039;, selected=false, enabled=true, visible=true, showing=false]
                    se.cambiosys.client.framework.components.CambioMenu[name=null, text=&#039;Concept&#039;, selected=false, enabled=true, visible=true, showing=true]
                      javax.swing.JPopupMenu[name=null, label=null, enabled=true, visible=false, showing=false]
                        se.cambiosys.client.framework.menueditor.internal.InitializingMenuItem[name=null, text=&#039;Terminology binding configuration&#039;, selected=false, enabled=true, visible=true, showing=false]
                          se.cambiosys.client.framework.core.internal.CambioShortcutMenuButton[name=null, text=&#039;&#039;, selected=false, enabled=true, visible=true, showing=false]
                    se.cambiosys.client.framework.components.CambioMenu[name=null, text=&#039;Block Administration&#039;, selected=false, enabled=true, visible=true, showing=true]
                      javax.swing.JPopupMenu[name=null, label=null, enabled=true, visible=false, showing=false]
                        se.cambiosys.client.framework.menueditor.internal.InitializingMenuItem[name=null, text=&#039;Block Administration&#039;, selected=false, enabled=true, visible=true, showing=false]
                          se.cambiosys.client.framework.core.internal.CambioShortcutMenuButton[name=null, text=&#039;&#039;, selected=false, enabled=true, visible=true, showing=false]
                    se.cambiosys.client.framework.components.CambioMenu[name=null, text=&#039;Overviews&#039;, selected=false, enabled=true, visible=true, showing=true]
                      javax.swing.JPopupMenu[name=null, label=null, enabled=true, visible=false, showing=false]
                        se.cambiosys.client.framework.menueditor.internal.InitializingMenuItem[name=null, text=&#039;Unsigned and Unacknowledged&#039;, selected=false, enabled=true, visible=true, showing=false]
                          se.cambiosys.client.framework.core.internal.CambioShortcutMenuButton[name=null, text=&#039;&#039;, selected=false, enabled=true, visible=true, showing=false]
                        se.cambiosys.client.framework.components.CambioMenu[name=null, text=&#039;Unit overviews&#039;, selected=false, enabled=true, visible=true, showing=false]
                          javax.swing.JPopupMenu[name=null, label=null, enabled=true, visible=false, showing=false]
                            se.cambiosys.client.framework.menueditor.internal.InitializingMenuItem[name=null, text=&#039;Services&#039;, selected=false, enabled=true, visible=true, showing=false]
                              se.cambiosys.client.framework.core.internal.CambioShortcutMenuButton[name=null, text=&#039;&#039;, selected=false, enabled=true, visible=true, showing=false]
                            se.cambiosys.client.framework.menueditor.internal.InitializingMenuItem[name=null, text=&#039;Commitment&#039;, selected=false, enabled=true, visible=true, showing=false]
                              se.cambiosys.client.framework.core.internal.CambioShortcutMenuButton[name=null, text=&#039;&#039;, selected=false, enabled=true, visible=true, showing=false]
                            se.cambiosys.client.framework.menueditor.internal.InitializingMenuItem[name=null, text=&#039;Admission overview&#039;, selected=false, enabled=true, visible=true, showing=false]
                              se.cambiosys.client.framework.core.internal.CambioShortcutMenuButton[name=null, text=&#039;&#039;, selected=false, enabled=true, visible=true, showing=false]
                            se.cambiosys.client.framework.menueditor.internal.InitializingMenuItem[name=null, text=&#039;Loading...&#039;, selected=false, enabled=true, visible=true, showing=false]
                              se.cambiosys.client.framework.core.internal.CambioShortcutMenuButton[name=null, text=&#039;&#039;, selected=false, enabled=true, visible=true, showing=false]
                            se.cambiosys.client.framework.menueditor.internal.InitializingMenuItem[name=null, text=&#039;Loading...&#039;, selected=false, enabled=true, visible=true, showing=false]
                              se.cambiosys.client.framework.core.internal.CambioShortcutMenuButton[name=null, text=&#039;&#039;, selected=false, enabled=true, visible=true, showing=false]
                        se.cambiosys.client.framework.menueditor.internal.InitializingMenuItem[name=null, text=&#039;Visit Overview&#039;, selected=false, enabled=true, visible=true, showing=false]
                          se.cambiosys.client.framework.core.internal.CambioShortcutMenuButton[name=null, text=&#039;&#039;, selected=false, enabled=true, visible=true, showing=false]
                        se.cambiosys.client.framework.menueditor.internal.InitializingMenuItem[name=null, text=&#039;Clinical overview - OP&#039;, selected=false, enabled=true, visible=true, showing=false]
                          se.cambiosys.client.framework.core.internal.CambioShortcutMenuButton[name=null, text=&#039;&#039;, selected=false, enabled=true, visible=true, showing=false]
                        se.cambiosys.client.framework.menueditor.internal.InitializingMenuItem[name=null, text=&#039;Clinical overview - IP&#039;, selected=false, enabled=true, visible=true, showing=false]
                          se.cambiosys.client.framework.core.internal.CambioShortcutMenuButton[name=null, text=&#039;&#039;, selected=false, enabled=true, visible=true, showing=false]
                        se.cambiosys.client.framework.menueditor.internal.InitializingMenuItem[name=null, text=&#039;Process view&#039;, selected=false, enabled=true, visible=true, showing=false]
                          se.cambiosys.client.framework.core.internal.CambioShortcutMenuButton[name=null, text=&#039;&#039;, selected=false, enabled=true, visible=true, showing=false]
                        se.cambiosys.client.framework.menueditor.internal.InitializingMenuItem[name=null, text=&#039;Dynamic overviews - Administration&#039;, selected=false, enabled=true, visible=true, showing=false]
                          se.cambiosys.client.framework.core.internal.CambioShortcutMenuButton[name=null, text=&#039;&#039;, selected=false, enabled=true, visible=true, showing=false]
                        se.cambiosys.client.framework.components.CambioMenu[name=null, text=&#039;Dynamic overviews&#039;, selected=false, enabled=true, visible=true, showing=false]
                          javax.swing.JPopupMenu[name=null, label=null, enabled=true, visible=false, showing=false]
                            se.cambiosys.client.overviewmodule.Module$8(se.cambiosys.client.framework.components.CambioMenuItem)[name=null, text=&#039;All views*&#039;, selected=false, enabled=true, visible=true, showing=false]
                              se.cambiosys.client.framework.core.internal.CambioShortcutMenuButton[name=null, text=&#039;&#039;, selected=false, enabled=true, visible=true, showing=false]
                            se.cambiosys.client.overviewmodule.Module$8(se.cambiosys.client.framework.components.CambioMenuItem)[name=null, text=&#039;Doctor*&#039;, selected=false, enabled=true, visible=true, showing=false]
                              se.cambiosys.client.framework.core.internal.CambioShortcutMenuButton[name=null, text=&#039;&#039;, selected=false, enabled=true, visible=true, showing=false]
                            se.cambiosys.client.overviewmodule.Module$8(se.cambiosys.client.framework.components.CambioMenuItem)[name=null, text=&#039;Inpatient*&#039;, selected=false, enabled=true, visible=true, showing=false]
                              se.cambiosys.client.framework.core.internal.CambioShortcutMenuButton[name=null, text=&#039;&#039;, selected=false, enabled=true, visible=true, showing=false]
                            se.cambiosys.client.overviewmodule.Module$8(se.cambiosys.client.framework.components.CambioMenuItem)[name=null, text=&#039;Patient*&#039;, selected=false, enabled=true, visible=true, showing=false]
                              se.cambiosys.client.framework.core.internal.CambioShortcutMenuButton[name=null, text=&#039;&#039;, selected=false, enabled=true, visible=true, showing=false]
                        se.cambiosys.client.framework.menueditor.internal.InitializingMenuItem[name=null, text=&#039;Patient Overview&#039;, selected=false, enabled=true, visible=true, showing=false]
                          se.cambiosys.client.framework.core.internal.CambioShortcutMenuButton[name=null, text=&#039;&#039;, selected=false, enabled=true, visible=true, showing=false]
                        se.cambiosys.client.framework.menueditor.internal.InitializingMenuItem[name=null, text=&#039;Analyse Area&#039;, selected=false, enabled=true, visible=true, showing=false]
                          se.cambiosys.client.framework.core.internal.CambioShortcutMenuButton[name=null, text=&#039;&#039;, selected=false, enabled=true, visible=true, showing=false]
                        se.cambiosys.client.framework.menueditor.internal.InitializingMenuItem[name=null, text=&#039;My Overview&#039;, selected=false, enabled=true, visible=true, showing=false]
                          se.cambiosys.client.framework.core.internal.CambioShortcutMenuButton[name=null, text=&#039;&#039;, selected=false, enabled=true, visible=true, showing=false]
                        se.cambiosys.client.framework.menueditor.internal.InitializingMenuItem[name=null, text=&#039;Management Overview&#039;, selected=false, enabled=true, visible=true, showing=false]
                          se.cambiosys.client.framework.core.internal.CambioShortcutMenuButton[name=null, text=&#039;&#039;, selected=false, enabled=true, visible=true, showing=false]
                        se.cambiosys.client.framework.menueditor.internal.InitializingMenuItem[name=null, text=&#039;List of visits&#039;, selected=false, enabled=true, visible=true, showing=false]
                          se.cambiosys.client.framework.core.internal.CambioShortcutMenuButton[name=null, text=&#039;&#039;, selected=false, enabled=true, visible=true, showing=false]
                        se.cambiosys.client.framework.menueditor.internal.InitializingMenuItem[name=null, text=&#039;Connection Overview&#039;, selected=false, enabled=true, visible=true, showing=false]
                          se.cambiosys.client.framework.core.internal.CambioShortcutMenuButton[name=null, text=&#039;&#039;, selected=false, enabled=true, visible=true, showing=false]
                        se.cambiosys.client.framework.components.CambioMenu[name=null, text=&#039;Unit overview-Administration&#039;, selected=false, enabled=true, visible=true, showing=false]
                          javax.swing.JPopupMenu[name=null, label=null, enabled=true, visible=false, showing=false]
                            se.cambiosys.client.framework.components.CambioMenu[name=null, text=&#039;Priority configuration&#039;, selected=false, enabled=true, visible=true, showing=false]
                              javax.swing.JPopupMenu[name=null, label=null, enabled=true, visible=false, showing=false]
                                se.cambiosys.client.framework.menueditor.internal.InitializingMenuItem[name=null, text=&#039;Loading...&#039;, selected=false, enabled=true, visible=true, showing=false]
                                  se.cambiosys.client.framework.core.internal.CambioShortcutMenuButton[name=null, text=&#039;&#039;, selected=false, enabled=true, visible=true, showing=false]
                                se.cambiosys.client.framework.menueditor.internal.InitializingMenuItem[name=null, text=&#039;Loading...&#039;, selected=false, enabled=true, visible=true, showing=false]
                                  se.cambiosys.client.framework.core.internal.CambioShortcutMenuButton[name=null, text=&#039;&#039;, selected=false, enabled=true, visible=true, showing=false]
                            se.cambiosys.client.framework.components.CambioMenu[name=null, text=&#039;OW Configuration&#039;, selected=false, enabled=true, visible=true, showing=false]
                              javax.swing.JPopupMenu[name=null, label=null, enabled=true, visible=false, showing=false]
                                se.cambiosys.client.framework.menueditor.internal.InitializingMenuItem[name=null, text=&#039;Loading...&#039;, selected=false, enabled=true, visible=true, showing=false]
                                  se.cambiosys.client.framework.core.internal.CambioShortcutMenuButton[name=null, text=&#039;&#039;, selected=false, enabled=true, visible=true, showing=false]
                                se.cambiosys.client.framework.menueditor.internal.InitializingMenuItem[name=null, text=&#039;Loading...&#039;, selected=false, enabled=true, visible=true, showing=false]
                                  se.cambiosys.client.framework.core.internal.CambioShortcutMenuButton[name=null, text=&#039;&#039;, selected=false, enabled=true, visible=true, showing=false]
                                se.cambiosys.client.framework.menueditor.internal.InitializingMenuItem[name=null, text=&#039;Loading...&#039;, selected=false, enabled=true, visible=true, showing=false]
                                  se.cambiosys.client.framework.core.internal.CambioShortcutMenuButton[name=null, text=&#039;&#039;, selected=false, enabled=true, visible=true, showing=false]
                            se.cambiosys.client.framework.menueditor.internal.InitializingMenuItem[name=null, text=&#039;Loading...&#039;, selected=false, enabled=true, visible=true, showing=false]
                              se.cambiosys.client.framework.core.internal.CambioShortcutMenuButton[name=null, text=&#039;&#039;, selected=false, enabled=true, visible=true, showing=false]
                    se.cambiosys.client.framework.components.CambioMenu[name=null, text=&#039;Messenger&#039;, selected=false, enabled=true, visible=true, showing=true]
                      javax.swing.JPopupMenu[name=null, label=null, enabled=true, visible=false, showing=false]
                        se.cambiosys.client.framework.menueditor.internal.InitializingMenuItem[name=null, text=&#039;Inbox&#039;, selected=false, enabled=true, visible=true, showing=false]
                          se.cambiosys.client.framework.core.internal.CambioShortcutMenuButton[name=null, text=&#039;&#039;, selected=false, enabled=true, visible=true, showing=false]
                        se.cambiosys.client.framework.menueditor.internal.InitializingMenuItem[name=null, text=&#039;New message&#039;, selected=false, enabled=true, visible=true, showing=false]
                          se.cambiosys.client.framework.core.internal.CambioShortcutMenuButton[name=null, text=&#039;&#039;, selected=false, enabled=true, visible=true, showing=false]
                        se.cambiosys.client.framework.menueditor.internal.InitializingMenuItem[name=null, text=&#039;New broadcast message&#039;, selected=false, enabled=true, visible=true, showing=false]
                          se.cambiosys.client.framework.core.internal.CambioShortcutMenuButton[name=null, text=&#039;&#039;, selected=false, enabled=true, visible=true, showing=false]
                        se.cambiosys.client.framework.components.CambioMenu[name=null, text=&#039;Administration&#039;, selected=false, enabled=true, visible=true, showing=false]
                          javax.swing.JPopupMenu[name=null, label=null, enabled=true, visible=false, showing=false]
                            se.cambiosys.client.framework.menueditor.internal.InitializingMenuItem[name=null, text=&#039;Recipient group&#039;, selected=false, enabled=true, visible=true, showing=false]
                              se.cambiosys.client.framework.core.internal.CambioShortcutMenuButton[name=null, text=&#039;&#039;, selected=false, enabled=true, visible=true, showing=false]
                            se.cambiosys.client.framework.menueditor.internal.InitializingMenuItem[name=null, text=&#039;Messenger accounts&#039;, selected=false, enabled=true, visible=true, showing=false]
                              se.cambiosys.client.framework.core.internal.CambioShortcutMenuButton[name=null, text=&#039;&#039;, selected=false, enabled=true, visible=true, showing=false]
                            se.cambiosys.client.framework.menueditor.internal.InitializingMenuItem[name=null, text=&#039;Access to other users&#039; Messenger accounts&#039;, selected=false, enabled=true, visible=true, showing=false]
                              se.cambiosys.client.framework.core.internal.CambioShortcutMenuButton[name=null, text=&#039;&#039;, selected=false, enabled=true, visible=true, showing=false]
                            se.cambiosys.client.framework.menueditor.internal.InitializingMenuItem[name=null, text=&#039;Out of office administration&#039;, selected=false, enabled=true, visible=true, showing=false]
                              se.cambiosys.client.framework.core.internal.CambioShortcutMenuButton[name=null, text=&#039;&#039;, selected=false, enabled=true, visible=true, showing=false]
                    se.cambiosys.client.framework.components.CambioMenu[name=null, text=&#039;Administration&#039;, selected=false, enabled=true, visible=true, showing=true]
                      javax.swing.JPopupMenu[name=null, label=null, enabled=true, visible=false, showing=false]
                        se.cambiosys.client.framework.menueditor.internal.InitializingMenuItem[name=null, text=&#039;Unit register&#039;, selected=false, enabled=true, visible=true, showing=false]
                          se.cambiosys.client.framework.core.internal.CambioShortcutMenuButton[name=null, text=&#039;&#039;, selected=false, enabled=true, visible=true, showing=false]
                        se.cambiosys.client.framework.menueditor.internal.InitializingMenuItem[name=null, text=&#039;Resources&#039;, selected=false, enabled=true, visible=true, showing=false]
                          se.cambiosys.client.framework.core.internal.CambioShortcutMenuButton[name=null, text=&#039;&#039;, selected=false, enabled=true, visible=true, showing=false]
                        se.cambiosys.client.framework.components.CambioMenu[name=null, text=&#039;Permission&#039;, selected=false, enabled=true, visible=true, showing=false]
                          javax.swing.JPopupMenu[name=null, label=null, enabled=true, visible=false, showing=false]
                            se.cambiosys.client.framework.menueditor.internal.InitializingMenuItem[name=null, text=&#039;Define access&#039;, selected=false, enabled=true, visible=true, showing=false]
                              se.cambiosys.client.framework.core.internal.CambioShortcutMenuButton[name=null, text=&#039;&#039;, selected=false, enabled=true, visible=true, showing=false]
                            se.cambiosys.client.framework.menueditor.internal.InitializingMenuItem[name=null, text=&#039;Access overview&#039;, selected=false, enabled=true, visible=true, showing=false]
                              se.cambiosys.client.framework.core.internal.CambioShortcutMenuButton[name=null, text=&#039;&#039;, selected=false, enabled=true, visible=true, showing=false]
                            se.cambiosys.client.framework.menueditor.internal.InitializingMenuItem[name=null, text=&#039;Profile manager&#039;, selected=false, enabled=true, visible=true, showing=false]
                              se.cambiosys.client.framework.core.internal.CambioShortcutMenuButton[name=null, text=&#039;&#039;, selected=false, enabled=true, visible=true, showing=false]
                        se.cambiosys.client.framework.components.CambioMenu[name=null, text=&#039;Settings&#039;, selected=false, enabled=true, visible=true, showing=false]
                          javax.swing.JPopupMenu[name=null, label=null, enabled=true, visible=false, showing=false]
                            se.cambiosys.client.framework.menueditor.internal.InitializingMenuItem[name=null, text=&#039;Log settings&#039;, selected=false, enabled=true, visible=true, showing=false]
                              se.cambiosys.client.framework.core.internal.CambioShortcutMenuButton[name=null, text=&#039;&#039;, selected=false, enabled=true, visible=true, showing=false]
                            se.cambiosys.client.framework.menueditor.internal.InitializingMenuItem[name=null, text=&#039;Server settings&#039;, selected=false, enabled=true, visible=true, showing=false]
                              se.cambiosys.client.framework.core.internal.CambioShortcutMenuButton[name=null, text=&#039;&#039;, selected=false, enabled=true, visible=true, showing=false]
                            se.cambiosys.client.framework.menueditor.internal.InitializingMenuItem[name=null, text=&#039;Personal settings and selections&#039;, selected=false, enabled=true, visible=true, showing=false]
                              se.cambiosys.client.framework.core.internal.CambioShortcutMenuButton[name=null, text=&#039;&#039;, selected=false, enabled=true, visible=true, showing=false]
                            se.cambiosys.client.framework.menueditor.internal.InitializingMenuItem[name=null, text=&#039;Global settings and selections&#039;, selected=false, enabled=true, visible=true, showing=false]
                              se.cambiosys.client.framework.core.internal.CambioShortcutMenuButton[name=null, text=&#039;&#039;, selected=false, enabled=true, visible=true, showing=false]
                            se.cambiosys.client.framework.menueditor.internal.InitializingMenuItem[name=null, text=&#039;Settings and selections&#039;, selected=false, enabled=true, visible=true, showing=false]
                              se.cambiosys.client.framework.core.internal.CambioShortcutMenuButton[name=null, text=&#039;&#039;, selected=false, enabled=true, visible=true, showing=false]
                            se.cambiosys.client.framework.menueditor.internal.InitializingMenuItem[name=null, text=&#039;Administration nodes&#039;, selected=false, enabled=true, visible=true, showing=false]
                              se.cambiosys.client.framework.core.internal.CambioShortcutMenuButton[name=null, text=&#039;&#039;, selected=false, enabled=true, visible=true, showing=false]
                            se.cambiosys.client.framework.menueditor.internal.InitializingMenuItem[name=null, text=&#039;Places&#039;, selected=false, enabled=true, visible=true, showing=false]
                              se.cambiosys.client.framework.core.internal.CambioShortcutMenuButton[name=null, text=&#039;&#039;, selected=false, enabled=true, visible=true, showing=false]
                        se.cambiosys.client.framework.menueditor.internal.InitializingMenuItem[name=null, text=&#039;User&#039;, selected=false, enabled=true, visible=true, showing=false]
                          se.cambiosys.client.framework.core.internal.CambioShortcutMenuButton[name=null, text=&#039;&#039;, selected=false, enabled=true, visible=true, showing=false]
                        se.cambiosys.client.framework.menueditor.internal.InitializingMenuItem[name=null, text=&#039;Roles&#039;, selected=false, enabled=true, visible=true, showing=false]
                          se.cambiosys.client.framework.core.internal.CambioShortcutMenuButton[name=null, text=&#039;&#039;, selected=false, enabled=true, visible=true, showing=false]
                        se.cambiosys.client.framework.menueditor.internal.InitializingMenuItem[name=null, text=&#039;Type definitions&#039;, selected=false, enabled=true, visible=true, showing=false]
                          se.cambiosys.client.framework.core.internal.CambioShortcutMenuButton[name=null, text=&#039;&#039;, selected=false, enabled=true, visible=true, showing=false]
                        se.cambiosys.client.framework.components.CambioMenu[name=null, text=&#039;Terms &amp; Concept&#039;, selected=false, enabled=true, visible=true, showing=false]
                          javax.swing.JPopupMenu[name=null, label=null, enabled=true, visible=false, showing=false]
                            se.cambiosys.client.framework.menueditor.internal.InitializingMenuItem[name=null, text=&#039;Terms&#039;, selected=false, enabled=true, visible=true, showing=false]
                              se.cambiosys.client.framework.core.internal.CambioShortcutMenuButton[name=null, text=&#039;&#039;, selected=false, enabled=true, visible=true, showing=false]
                            se.cambiosys.client.framework.menueditor.internal.InitializingMenuItem[name=null, text=&#039;Concept&#039;, selected=false, enabled=true, visible=true, showing=false]
                              se.cambiosys.client.framework.core.internal.CambioShortcutMenuButton[name=null, text=&#039;&#039;, selected=false, enabled=true, visible=true, showing=false]
                        se.cambiosys.client.framework.menueditor.internal.InitializingMenuItem[name=null, text=&#039;Ranges&#039;, selected=false, enabled=true, visible=true, showing=false]
                          se.cambiosys.client.framework.core.internal.CambioShortcutMenuButton[name=null, text=&#039;&#039;, selected=false, enabled=true, visible=true, showing=false]
                        se.cambiosys.client.framework.menueditor.internal.InitializingMenuItem[name=null, text=&#039;Reports&#039;, selected=false, enabled=true, visible=true, showing=false]
                          se.cambiosys.client.framework.core.internal.CambioShortcutMenuButton[name=null, text=&#039;&#039;, selected=false, enabled=true, visible=true, showing=false]
                        se.cambiosys.client.framework.menueditor.internal.InitializingMenuItem[name=null, text=&#039;Import reports&#039;, selected=false, enabled=true, visible=true, showing=false]
                          se.cambiosys.client.framework.core.internal.CambioShortcutMenuButton[name=null, text=&#039;&#039;, selected=false, enabled=true, visible=true, showing=false]
                        se.cambiosys.client.framework.menueditor.internal.InitializingMenuItem[name=null, text=&#039;Phrase editor&#039;, selected=false, enabled=true, visible=true, showing=false]
                          se.cambiosys.client.framework.core.internal.CambioShortcutMenuButton[name=null, text=&#039;&#039;, selected=false, enabled=true, visible=true, showing=false]
                        se.cambiosys.client.framework.components.CambioMenu[name=null, text=&#039;Services&#039;, selected=false, enabled=true, visible=true, showing=false]
                          javax.swing.JPopupMenu[name=null, label=null, enabled=true, visible=false, showing=false]
                            se.cambiosys.client.framework.menueditor.internal.InitializingMenuItem[name=null, text=&#039;Services&#039;, selected=false, enabled=true, visible=true, showing=false]
                              se.cambiosys.client.framework.core.internal.CambioShortcutMenuButton[name=null, text=&#039;&#039;, selected=false, enabled=true, visible=true, showing=false]
                            se.cambiosys.client.framework.menueditor.internal.InitializingMenuItem[name=null, text=&#039;Offers of the unit&#039;, selected=false, enabled=true, visible=true, showing=false]
                              se.cambiosys.client.framework.core.internal.CambioShortcutMenuButton[name=null, text=&#039;&#039;, selected=false, enabled=true, visible=true, showing=false]
                        se.cambiosys.client.framework.menueditor.internal.InitializingMenuItem[name=null, text=&#039;Selection&#039;, selected=false, enabled=true, visible=true, showing=false]
                          se.cambiosys.client.framework.core.internal.CambioShortcutMenuButton[name=null, text=&#039;&#039;, selected=false, enabled=true, visible=true, showing=false]
                        se.cambiosys.client.framework.menueditor.internal.InitializingMenuItem[name=null, text=&#039;Printers&#039;, selected=false, enabled=true, visible=true, showing=false]
                          se.cambiosys.client.framework.core.internal.CambioShortcutMenuButton[name=null, text=&#039;&#039;, selected=false, enabled=true, visible=true, showing=false]
                        se.cambiosys.client.framework.components.CambioMenu[name=null, text=&#039;Secrecy administration&#039;, selected=false, enabled=true, visible=true, showing=false]
                          javax.swing.JPopupMenu[name=null, label=null, enabled=true, visible=false, showing=false]
                            se.cambiosys.client.framework.menueditor.internal.InitializingMenuItem[name=null, text=&#039;Secrecy groups&#039;, selected=false, enabled=true, visible=true, showing=false]
                              se.cambiosys.client.framework.core.internal.CambioShortcutMenuButton[name=null, text=&#039;&#039;, selected=false, enabled=true, visible=true, showing=false]
                            se.cambiosys.client.framework.menueditor.internal.InitializingMenuItem[name=null, text=&#039;Secrecy level&#039;, selected=false, enabled=true, visible=true, showing=false]
                              se.cambiosys.client.framework.core.internal.CambioShortcutMenuButton[name=null, text=&#039;&#039;, selected=false, enabled=true, visible=true, showing=false]
                            se.cambiosys.client.framework.menueditor.internal.InitializingMenuItem[name=null, text=&#039;Secrecy rules&#039;, selected=false, enabled=true, visible=true, showing=false]
                              se.cambiosys.client.framework.core.internal.CambioShortcutMenuButton[name=null, text=&#039;&#039;, selected=false, enabled=true, visible=true, showing=false]
                        se.cambiosys.client.framework.menueditor.internal.InitializingMenuItem[name=null, text=&#039;Schedule backup&#039;, selected=false, enabled=true, visible=true, showing=false]
                          se.cambiosys.client.framework.core.internal.CambioShortcutMenuButton[name=null, text=&#039;&#039;, selected=false, enabled=true, visible=true, showing=false]
                        se.cambiosys.client.framework.menueditor.internal.InitializingMenuItem[name=null, text=&#039;Template administration&#039;, selected=false, enabled=true, visible=true, showing=false]
                          se.cambiosys.client.framework.core.internal.CambioShortcutMenuButton[name=null, text=&#039;&#039;, selected=false, enabled=true, visible=true, showing=false]
                        se.cambiosys.client.framework.menueditor.internal.InitializingMenuItem[name=null, text=&#039;Printout Handler&#039;, selected=false, enabled=true, visible=true, showing=false]
                          se.cambiosys.client.framework.core.internal.CambioShortcutMenuButton[name=null, text=&#039;&#039;, selected=false, enabled=true, visible=true, showing=false]
                        se.cambiosys.client.framework.menueditor.internal.InitializingMenuItem[name=null, text=&#039;Unit handler&#039;, selected=false, enabled=true, visible=true, showing=false]
                          se.cambiosys.client.framework.core.internal.CambioShortcutMenuButton[name=null, text=&#039;&#039;, selected=false, enabled=true, visible=true, showing=false]
                        se.cambiosys.client.framework.menueditor.internal.InitializingMenuItem[name=null, text=&#039;Access Log&#039;, selected=false, enabled=true, visible=true, showing=false]
                          se.cambiosys.client.framework.core.internal.CambioShortcutMenuButton[name=null, text=&#039;&#039;, selected=false, enabled=true, visible=true, showing=false]
                        se.cambiosys.client.framework.menueditor.internal.InitializingMenuItem[name=null, text=&#039;Configuration of Access Log&#039;, selected=false, enabled=true, visible=true, showing=false]
                          se.cambiosys.client.framework.core.internal.CambioShortcutMenuButton[name=null, text=&#039;&#039;, selected=false, enabled=true, visible=true, showing=false]
                        se.cambiosys.client.framework.menueditor.internal.InitializingMenuItem[name=null, text=&#039;Application logger&#039;, selected=false, enabled=true, visible=true, showing=false]
                          se.cambiosys.client.framework.core.internal.CambioShortcutMenuButton[name=null, text=&#039;&#039;, selected=false, enabled=true, visible=true, showing=false]
                        se.cambiosys.client.framework.menueditor.internal.InitializingMenuItem[name=null, text=&#039;eVisit Configuration&#039;, selected=false, enabled=true, visible=true, showing=false]
                          se.cambiosys.client.framework.core.internal.CambioShortcutMenuButton[name=null, text=&#039;&#039;, selected=false, enabled=true, visible=true, showing=false]
                        se.cambiosys.client.framework.components.CambioMenu[name=null, text=&#039;Order management&#039;, selected=false, enabled=true, visible=true, showing=false]
                          javax.swing.JPopupMenu[name=null, label=null, enabled=true, visible=false, showing=false]
                            se.cambiosys.client.framework.menueditor.internal.InitializingMenuItem[name=null, text=&#039;Catalog administration&#039;, selected=false, enabled=true, visible=true, showing=false]
                              se.cambiosys.client.framework.core.internal.CambioShortcutMenuButton[name=null, text=&#039;&#039;, selected=false, enabled=true, visible=true, showing=false]
                            se.cambiosys.client.framework.menueditor.internal.InitializingMenuItem[name=null, text=&#039;File administration&#039;, selected=false, enabled=true, visible=true, showing=false]
                              se.cambiosys.client.framework.core.internal.CambioShortcutMenuButton[name=null, text=&#039;&#039;, selected=false, enabled=true, visible=true, showing=false]
                            se.cambiosys.client.framework.menueditor.internal.InitializingMenuItem[name=null, text=&#039;Secrecy administration&#039;, selected=false, enabled=true, visible=true, showing=false]
                              se.cambiosys.client.framework.core.internal.CambioShortcutMenuButton[name=null, text=&#039;&#039;, selected=false, enabled=true, visible=true, showing=false]
                            se.cambiosys.client.framework.menueditor.internal.InitializingMenuItem[name=null, text=&#039;Groups/packages/profiles&#039;, selected=false, enabled=true, visible=true, showing=false]
                              se.cambiosys.client.framework.core.internal.CambioShortcutMenuButton[name=null, text=&#039;&#039;, selected=false, enabled=true, visible=true, showing=false]
                            se.cambiosys.client.framework.menueditor.internal.InitializingMenuItem[name=null, text=&#039;Sorting orders&#039;, selected=false, enabled=true, visible=true, showing=false]
                              se.cambiosys.client.framework.core.internal.CambioShortcutMenuButton[name=null, text=&#039;&#039;, selected=false, enabled=true, visible=true, showing=false]
                            se.cambiosys.client.framework.menueditor.internal.InitializingMenuItem[name=null, text=&#039;Local analyses&#039;, selected=false, enabled=true, visible=true, showing=false]
                              se.cambiosys.client.framework.core.internal.CambioShortcutMenuButton[name=null, text=&#039;&#039;, selected=false, enabled=true, visible=true, showing=false]
                            se.cambiosys.client.framework.menueditor.internal.InitializingMenuItem[name=null, text=&#039;Label printer&#039;, selected=false, enabled=true, visible=true, showing=false]
                              se.cambiosys.client.framework.core.internal.CambioShortcutMenuButton[name=null, text=&#039;&#039;, selected=false, enabled=true, visible=true, showing=false]
                        se.cambiosys.client.framework.menueditor.internal.InitializingMenuItem[name=null, text=&#039;Configure Y-axis for Clinical Parameter&#039;, selected=false, enabled=true, visible=true, showing=false]
                          se.cambiosys.client.framework.core.internal.CambioShortcutMenuButton[name=null, text=&#039;&#039;, selected=false, enabled=true, visible=true, showing=false]
                        se.cambiosys.client.framework.components.CambioMenu[name=null, text=&#039;Visits and admissions&#039;, selected=false, enabled=true, visible=true, showing=false]
                          javax.swing.JPopupMenu[name=null, label=null, enabled=true, visible=false, showing=false]
                            se.cambiosys.client.framework.menueditor.internal.InitializingMenuItem[name=null, text=&#039;Create new visit / admission&#039;, selected=false, enabled=true, visible=true, showing=false]
                              se.cambiosys.client.framework.core.internal.CambioShortcutMenuButton[name=null, text=&#039;&#039;, selected=false, enabled=true, visible=true, showing=false]
                            se.cambiosys.client.framework.menueditor.internal.InitializingMenuItem[name=null, text=&#039;Edit visit / admission&#039;, selected=false, enabled=true, visible=true, showing=false]
                              se.cambiosys.client.framework.core.internal.CambioShortcutMenuButton[name=null, text=&#039;&#039;, selected=false, enabled=true, visible=true, showing=false]
                        se.cambiosys.client.framework.components.CambioMenu[name=null, text=&#039;Publishing&#039;, selected=false, enabled=true, visible=true, showing=false]
                          javax.swing.JPopupMenu[name=null, label=null, enabled=true, visible=false, showing=false]
                            se.cambiosys.client.framework.menueditor.internal.InitializingMenuItem[name=null, text=&#039;Mining&#039;, selected=false, enabled=true, visible=true, showing=false]
                              se.cambiosys.client.framework.core.internal.CambioShortcutMenuButton[name=null, text=&#039;&#039;, selected=false, enabled=true, visible=true, showing=false]
                            se.cambiosys.client.framework.menueditor.internal.InitializingMenuItem[name=null, text=&#039;Error management&#039;, selected=false, enabled=true, visible=true, showing=false]
                              se.cambiosys.client.framework.core.internal.CambioShortcutMenuButton[name=null, text=&#039;&#039;, selected=false, enabled=true, visible=true, showing=false]
                        se.cambiosys.client.framework.menueditor.internal.InitializingMenuItem[name=null, text=&#039;CCP Filter Configuration&#039;, selected=false, enabled=true, visible=true, showing=false]
                          se.cambiosys.client.framework.core.internal.CambioShortcutMenuButton[name=null, text=&#039;&#039;, selected=false, enabled=true, visible=true, showing=false]
                        se.cambiosys.client.framework.menueditor.internal.InitializingMenuItem[name=null, text=&#039;Menu editor&#039;, selected=false, enabled=true, visible=true, showing=false]
                          se.cambiosys.client.framework.core.internal.CambioShortcutMenuButton[name=null, text=&#039;&#039;, selected=false, enabled=true, visible=true, showing=false]
                        se.cambiosys.client.framework.menueditor.internal.InitializingMenuItem[name=null, text=&#039;Script&#039;, selected=false, enabled=true, visible=true, showing=false]
                          se.cambiosys.client.framework.core.internal.CambioShortcutMenuButton[name=null, text=&#039;&#039;, selected=false, enabled=true, visible=true, showing=false]
                        se.cambiosys.client.framework.components.CambioMenu[name=null, text=&#039;Spell Check&#039;, selected=false, enabled=true, visible=true, showing=false]
                          javax.swing.JPopupMenu[name=null, label=null, enabled=true, visible=false, showing=false]
                            se.cambiosys.client.framework.menueditor.internal.InitializingMenuItem[name=null, text=&#039;Settings&#039;, selected=false, enabled=true, visible=true, showing=false]
                              se.cambiosys.client.framework.core.internal.CambioShortcutMenuButton[name=null, text=&#039;&#039;, selected=false, enabled=true, visible=true, showing=false]
                            se.cambiosys.client.framework.menueditor.internal.InitializingMenuItem[name=null, text=&#039;User dictionary&#039;, selected=false, enabled=true, visible=true, showing=false]
                              se.cambiosys.client.framework.core.internal.CambioShortcutMenuButton[name=null, text=&#039;&#039;, selected=false, enabled=true, visible=true, showing=false]
                            se.cambiosys.client.framework.menueditor.internal.InitializingMenuItem[name=null, text=&#039;Global dictionary&#039;, selected=false, enabled=true, visible=true, showing=false]
                              se.cambiosys.client.framework.core.internal.CambioShortcutMenuButton[name=null, text=&#039;&#039;, selected=false, enabled=true, visible=true, showing=false]
                    se.cambiosys.client.framework.components.CambioMenu[name=null, text=&#039;Child Healthcare&#039;, selected=false, enabled=true, visible=true, showing=true]
                      javax.swing.JPopupMenu[name=null, label=null, enabled=true, visible=false, showing=false]
                        se.cambiosys.client.framework.menueditor.internal.InitializingMenuItem[name=null, text=&#039;Print Child Healthcare data&#039;, selected=false, enabled=true, visible=true, showing=false]
                          se.cambiosys.client.framework.core.internal.CambioShortcutMenuButton[name=null, text=&#039;&#039;, selected=false, enabled=true, visible=true, showing=false]
                    se.cambiosys.client.framework.components.CambioMenu[name=null, text=&#039;Medication&#039;, selected=false, enabled=true, visible=true, showing=true]
                      javax.swing.JPopupMenu[name=null, label=null, enabled=true, visible=false, showing=false]
                        se.cambiosys.client.framework.components.CambioMenu[name=null, text=&#039;Administration&#039;, selected=false, enabled=true, visible=true, showing=false]
                          javax.swing.JPopupMenu[name=null, label=null, enabled=true, visible=false, showing=false]
                            se.cambiosys.client.framework.menueditor.internal.InitializingMenuItem[name=null, text=&#039;Sent e-recipe overview&#039;, selected=false, enabled=true, visible=true, showing=false]
                              se.cambiosys.client.framework.core.internal.CambioShortcutMenuButton[name=null, text=&#039;&#039;, selected=false, enabled=true, visible=true, showing=false]
                            se.cambiosys.client.framework.menueditor.internal.InitializingMenuItem[name=null, text=&#039;Catalogue administration&#039;, selected=false, enabled=true, visible=true, showing=false]
                              se.cambiosys.client.framework.core.internal.CambioShortcutMenuButton[name=null, text=&#039;&#039;, selected=false, enabled=true, visible=true, showing=false]
                            se.cambiosys.client.framework.menueditor.internal.InitializingMenuItem[name=null, text=&#039;Unit Times and Medicine Cabinet&#039;, selected=false, enabled=true, visible=true, showing=false]
                              se.cambiosys.client.framework.core.internal.CambioShortcutMenuButton[name=null, text=&#039;&#039;, selected=false, enabled=true, visible=true, showing=false]
                            se.cambiosys.client.framework.menueditor.internal.InitializingMenuItem[name=null, text=&#039;Order basis for vaccine&#039;, selected=false, enabled=true, visible=true, showing=false]
                              se.cambiosys.client.framework.core.internal.CambioShortcutMenuButton[name=null, text=&#039;&#039;, selected=false, enabled=true, visible=true, showing=false]
                        se.cambiosys.client.framework.components.CambioMenu[name=null, text=&#039;New prescription&#039;, selected=false, enabled=true, visible=true, showing=false]
                          javax.swing.JPopupMenu[name=null, label=null, enabled=true, visible=false, showing=false]
                            se.cambiosys.client.framework.menueditor.internal.InitializingMenuItem[name=null, text=&#039;Drug&#039;, selected=false, enabled=true, visible=true, showing=false]
                              se.cambiosys.client.framework.core.internal.CambioShortcutMenuButton[name=null, text=&#039;&#039;, selected=false, enabled=true, visible=true, showing=false]
                            se.cambiosys.client.framework.menueditor.internal.InitializingMenuItem[name=null, text=&#039;Nutrition product&#039;, selected=false, enabled=true, visible=true, showing=false]
                              se.cambiosys.client.framework.core.internal.CambioShortcutMenuButton[name=null, text=&#039;&#039;, selected=false, enabled=true, visible=true, showing=false]
                            se.cambiosys.client.framework.menueditor.internal.InitializingMenuItem[name=null, text=&#039;Consumable&#039;, selected=false, enabled=true, visible=true, showing=false]
                              se.cambiosys.client.framework.core.internal.CambioShortcutMenuButton[name=null, text=&#039;&#039;, selected=false, enabled=true, visible=true, showing=false]
                        se.cambiosys.client.framework.components.CambioMenu[name=null, text=&#039;Lists&#039;, selected=false, enabled=true, visible=true, showing=false]
                          javax.swing.JPopupMenu[name=null, label=null, enabled=true, visible=false, showing=false]
                            se.cambiosys.client.framework.menueditor.internal.InitializingMenuItem[name=null, text=&#039;Drugs&#039;, selected=false, enabled=true, visible=true, showing=false]
                              se.cambiosys.client.framework.core.internal.CambioShortcutMenuButton[name=null, text=&#039;&#039;, selected=false, enabled=true, visible=true, showing=false]
                            se.cambiosys.client.framework.menueditor.internal.InitializingMenuItem[name=null, text=&#039;Nutritions&#039;, selected=false, enabled=true, visible=true, showing=false]
                              se.cambiosys.client.framework.core.internal.CambioShortcutMenuButton[name=null, text=&#039;&#039;, selected=false, enabled=true, visible=true, showing=false]
                            se.cambiosys.client.framework.menueditor.internal.InitializingMenuItem[name=null, text=&#039;Consumables&#039;, selected=false, enabled=true, visible=true, showing=false]
                              se.cambiosys.client.framework.core.internal.CambioShortcutMenuButton[name=null, text=&#039;&#039;, selected=false, enabled=true, visible=true, showing=false]
                            se.cambiosys.client.framework.menueditor.internal.InitializingMenuItem[name=null, text=&#039;Vaccination list&#039;, selected=false, enabled=true, visible=true, showing=false]
                              se.cambiosys.client.framework.core.internal.CambioShortcutMenuButton[name=null, text=&#039;&#039;, selected=false, enabled=true, visible=true, showing=false]
                            se.cambiosys.client.framework.menueditor.internal.InitializingMenuItem[name=null, text=&#039;Recipe overview&#039;, selected=false, enabled=true, visible=true, showing=false]
                              se.cambiosys.client.framework.core.internal.CambioShortcutMenuButton[name=null, text=&#039;&#039;, selected=false, enabled=true, visible=true, showing=false]
                        se.cambiosys.client.framework.menueditor.internal.InitializingMenuItem[name=null, text=&#039;Nurse view&#039;, selected=false, enabled=true, visible=true, showing=false]
                          se.cambiosys.client.framework.core.internal.CambioShortcutMenuButton[name=null, text=&#039;&#039;, selected=false, enabled=true, visible=true, showing=false]
                    se.cambiosys.client.framework.components.CambioMenu[name=null, text=&#039;Theatre&#039;, selected=false, enabled=true, visible=true, showing=true]
                      javax.swing.JPopupMenu[name=null, label=null, enabled=true, visible=false, showing=false]
                        se.cambiosys.client.framework.menueditor.internal.InitializingMenuItem[name=null, text=&#039;Create theatre registration&#039;, selected=false, enabled=true, visible=true, showing=false]
                          se.cambiosys.client.framework.core.internal.CambioShortcutMenuButton[name=null, text=&#039;&#039;, selected=false, enabled=true, visible=true, showing=false]
                        se.cambiosys.client.framework.menueditor.internal.InitializingMenuItem[name=null, text=&#039;Operation list&#039;, selected=false, enabled=true, visible=true, showing=false]
                          se.cambiosys.client.framework.core.internal.CambioShortcutMenuButton[name=null, text=&#039;&#039;, selected=false, enabled=true, visible=true, showing=false]
                        se.cambiosys.client.framework.menueditor.internal.InitializingMenuItem[name=null, text=&#039;Planning schedule&#039;, selected=false, enabled=true, visible=true, showing=false]
                          se.cambiosys.client.framework.core.internal.CambioShortcutMenuButton[name=null, text=&#039;&#039;, selected=false, enabled=true, visible=true, showing=false]
                        se.cambiosys.client.framework.menueditor.internal.InitializingMenuItem[name=null, text=&#039;Schedule overview&#039;, selected=false, enabled=true, visible=true, showing=false]
                          se.cambiosys.client.framework.core.internal.CambioShortcutMenuButton[name=null, text=&#039;&#039;, selected=false, enabled=true, visible=true, showing=false]
                        se.cambiosys.client.framework.menueditor.internal.InitializingMenuItem[name=null, text=&#039;Live Schedule&#039;, selected=false, enabled=true, visible=true, showing=false]
                          se.cambiosys.client.framework.core.internal.CambioShortcutMenuButton[name=null, text=&#039;&#039;, selected=false, enabled=true, visible=true, showing=false]
                        se.cambiosys.client.framework.components.CambioMenu[name=null, text=&#039;Administration&#039;, selected=false, enabled=true, visible=true, showing=false]
                          javax.swing.JPopupMenu[name=null, label=null, enabled=true, visible=false, showing=false]
                            se.cambiosys.client.framework.menueditor.internal.InitializingMenuItem[name=null, text=&#039;Templates for Anaesthetic, Th.record, Recovery&#039;, selected=false, enabled=true, visible=true, showing=false]
                              se.cambiosys.client.framework.core.internal.CambioShortcutMenuButton[name=null, text=&#039;&#039;, selected=false, enabled=true, visible=true, showing=false]
                            se.cambiosys.client.framework.menueditor.internal.InitializingMenuItem[name=null, text=&#039;Basic templates for Th. registration&#039;, selected=false, enabled=true, visible=true, showing=false]
                              se.cambiosys.client.framework.core.internal.CambioShortcutMenuButton[name=null, text=&#039;&#039;, selected=false, enabled=true, visible=true, showing=false]
                            se.cambiosys.client.framework.menueditor.internal.InitializingMenuItem[name=null, text=&#039;Templates for Waypoints&#039;, selected=false, enabled=true, visible=true, showing=false]
                              se.cambiosys.client.framework.core.internal.CambioShortcutMenuButton[name=null, text=&#039;&#039;, selected=false, enabled=true, visible=true, showing=false]
                            se.cambiosys.client.framework.menueditor.internal.InitializingMenuItem[name=null, text=&#039;Theatre suite administration&#039;, selected=false, enabled=true, visible=true, showing=false]
                              se.cambiosys.client.framework.core.internal.CambioShortcutMenuButton[name=null, text=&#039;&#039;, selected=false, enabled=true, visible=true, showing=false]
                            se.cambiosys.client.framework.menueditor.internal.InitializingMenuItem[name=null, text=&#039;Medical priority&#039;, selected=false, enabled=true, visible=true, showing=false]
                              se.cambiosys.client.framework.core.internal.CambioShortcutMenuButton[name=null, text=&#039;&#039;, selected=false, enabled=true, visible=true, showing=false]
                            se.cambiosys.client.framework.menueditor.internal.InitializingMenuItem[name=null, text=&#039;Keyword mapping&#039;, selected=false, enabled=true, visible=true, showing=false]
                              se.cambiosys.client.framework.core.internal.CambioShortcutMenuButton[name=null, text=&#039;&#039;, selected=false, enabled=true, visible=true, showing=false]
                            se.cambiosys.client.framework.menueditor.internal.InitializingMenuItem[name=null, text=&#039;Create theatres&#039;, selected=false, enabled=true, visible=true, showing=false]
                              se.cambiosys.client.framework.core.internal.CambioShortcutMenuButton[name=null, text=&#039;&#039;, selected=false, enabled=true, visible=true, showing=false]
                            se.cambiosys.client.framework.menueditor.internal.InitializingMenuItem[name=null, text=&#039;Global filters&#039;, selected=false, enabled=true, visible=true, showing=false]
                              se.cambiosys.client.framework.core.internal.CambioShortcutMenuButton[name=null, text=&#039;&#039;, selected=false, enabled=true, visible=true, showing=false]
                            se.cambiosys.client.framework.menueditor.internal.InitializingMenuItem[name=null, text=&#039;Activity lists&#039;, selected=false, enabled=true, visible=true, showing=false]
                              se.cambiosys.client.framework.core.internal.CambioShortcutMenuButton[name=null, text=&#039;&#039;, selected=false, enabled=true, visible=true, showing=false]
                            se.cambiosys.client.framework.menueditor.internal.InitializingMenuItem[name=null, text=&#039;Templates for Th. registration&#039;, selected=false, enabled=true, visible=true, showing=false]
                              se.cambiosys.client.framework.core.internal.CambioShortcutMenuButton[name=null, text=&#039;&#039;, selected=false, enabled=true, visible=true, showing=false]
                            se.cambiosys.client.framework.menueditor.internal.InitializingMenuItem[name=null, text=&#039;Colour configuration&#039;, selected=false, enabled=true, visible=true, showing=false]
                              se.cambiosys.client.framework.core.internal.CambioShortcutMenuButton[name=null, text=&#039;&#039;, selected=false, enabled=true, visible=true, showing=false]
                            se.cambiosys.client.framework.menueditor.internal.InitializingMenuItem[name=null, text=&#039;Surgical Unit Administration&#039;, selected=false, enabled=true, visible=true, showing=false]
                              se.cambiosys.client.framework.core.internal.CambioShortcutMenuButton[name=null, text=&#039;&#039;, selected=false, enabled=true, visible=true, showing=false]
                            se.cambiosys.client.framework.menueditor.internal.InitializingMenuItem[name=null, text=&#039;Code Packages&#039;, selected=false, enabled=true, visible=true, showing=false]
                              se.cambiosys.client.framework.core.internal.CambioShortcutMenuButton[name=null, text=&#039;&#039;, selected=false, enabled=true, visible=true, showing=false]
                    se.cambiosys.client.framework.components.CambioMenu[name=null, text=&#039;Order management&#039;, selected=false, enabled=true, visible=true, showing=true]
                      javax.swing.JPopupMenu[name=null, label=null, enabled=true, visible=false, showing=false]
                        se.cambiosys.client.framework.menueditor.internal.InitializingMenuItem[name=null, text=&#039;Request&#039;, selected=false, enabled=true, visible=true, showing=false]
                          se.cambiosys.client.framework.core.internal.CambioShortcutMenuButton[name=null, text=&#039;&#039;, selected=false, enabled=true, visible=true, showing=false]
                        se.cambiosys.client.framework.menueditor.internal.InitializingMenuItem[name=null, text=&#039;Specimen collection&#039;, selected=false, enabled=true, visible=true, showing=false]
                          se.cambiosys.client.framework.core.internal.CambioShortcutMenuButton[name=null, text=&#039;&#039;, selected=false, enabled=true, visible=true, showing=false]
                        se.cambiosys.client.framework.menueditor.internal.InitializingMenuItem[name=null, text=&#039;Radiology Request&#039;, selected=false, enabled=true, visible=true, showing=false]
                          se.cambiosys.client.framework.core.internal.CambioShortcutMenuButton[name=null, text=&#039;&#039;, selected=false, enabled=true, visible=true, showing=false]
                        se.cambiosys.client.framework.menueditor.internal.InitializingMenuItem[name=null, text=&#039;Unsent Radiology Request&#039;, selected=false, enabled=true, visible=true, showing=false]
                          se.cambiosys.client.framework.core.internal.CambioShortcutMenuButton[name=null, text=&#039;&#039;, selected=false, enabled=true, visible=true, showing=false]
                        se.cambiosys.client.framework.menueditor.internal.InitializingMenuItem[name=null, text=&#039;Request status&#039;, selected=false, enabled=true, visible=true, showing=false]
                          se.cambiosys.client.framework.core.internal.CambioShortcutMenuButton[name=null, text=&#039;&#039;, selected=false, enabled=true, visible=true, showing=false]
                        se.cambiosys.client.framework.menueditor.internal.InitializingMenuItem[name=null, text=&#039;Local analyses input&#039;, selected=false, enabled=true, visible=true, showing=false]
                          se.cambiosys.client.framework.core.internal.CambioShortcutMenuButton[name=null, text=&#039;&#039;, selected=false, enabled=true, visible=true, showing=false]
                        se.cambiosys.client.framework.menueditor.internal.InitializingMenuItem[name=null, text=&#039;Result inbox&#039;, selected=false, enabled=true, visible=true, showing=false]
                          se.cambiosys.client.framework.core.internal.CambioShortcutMenuButton[name=null, text=&#039;&#039;, selected=false, enabled=true, visible=true, showing=false]
                        se.cambiosys.client.framework.menueditor.internal.InitializingMenuItem[name=null, text=&#039;Test result&#039;, selected=false, enabled=true, visible=true, showing=false]
                          se.cambiosys.client.framework.core.internal.CambioShortcutMenuButton[name=null, text=&#039;&#039;, selected=false, enabled=true, visible=true, showing=false]
                        se.cambiosys.client.framework.menueditor.internal.InitializingMenuItem[name=null, text=&#039;Radiology Report&#039;, selected=false, enabled=true, visible=true, showing=false]
                          se.cambiosys.client.framework.core.internal.CambioShortcutMenuButton[name=null, text=&#039;&#039;, selected=false, enabled=true, visible=true, showing=false]
                        se.cambiosys.client.framework.menueditor.internal.InitializingMenuItem[name=null, text=&#039;Manual input&#039;, selected=false, enabled=true, visible=true, showing=false]
                          se.cambiosys.client.framework.core.internal.CambioShortcutMenuButton[name=null, text=&#039;&#039;, selected=false, enabled=true, visible=true, showing=false]
                        se.cambiosys.client.framework.components.CambioMenu[name=null, text=&#039;Administration&#039;, selected=false, enabled=true, visible=true, showing=false]
                          javax.swing.JPopupMenu[name=null, label=null, enabled=true, visible=false, showing=false]
                            se.cambiosys.client.framework.menueditor.internal.InitializingMenuItem[name=null, text=&#039;Sketch administration&#039;, selected=false, enabled=true, visible=true, showing=false]
                              se.cambiosys.client.framework.core.internal.CambioShortcutMenuButton[name=null, text=&#039;&#039;, selected=false, enabled=true, visible=true, showing=false]
                            se.cambiosys.client.framework.menueditor.internal.InitializingMenuItem[name=null, text=&#039;Pathology request templates&#039;, selected=false, enabled=true, visible=true, showing=false]
                              se.cambiosys.client.framework.core.internal.CambioShortcutMenuButton[name=null, text=&#039;&#039;, selected=false, enabled=true, visible=true, showing=false]
                        se.cambiosys.client.framework.menueditor.internal.InitializingMenuItem[name=null, text=&#039;Signed Radiology Request &#039;, selected=false, enabled=true, visible=true, showing=false]
                          se.cambiosys.client.framework.core.internal.CambioShortcutMenuButton[name=null, text=&#039;&#039;, selected=false, enabled=true, visible=true, showing=false]
                    se.cambiosys.client.framework.components.CambioMenu[name=null, text=&#039;Medical record&#039;, selected=false, enabled=true, visible=true, showing=true]
                      javax.swing.JPopupMenu[name=null, label=null, enabled=true, visible=false, showing=false]
                        se.cambiosys.client.framework.components.CambioMenu[name=null, text=&#039;Medical record table&#039;, selected=false, enabled=true, visible=true, showing=false]
                          javax.swing.JPopupMenu[name=null, label=null, enabled=true, visible=false, showing=false]
                            se.cambiosys.client.framework.menueditor.internal.InitializingMenuItem[name=null, text=&#039;Administration of templates for medical record tables&#039;, selected=false, enabled=true, visible=true, showing=false]
                              se.cambiosys.client.framework.core.internal.CambioShortcutMenuButton[name=null, text=&#039;&#039;, selected=false, enabled=true, visible=true, showing=false]
                            se.cambiosys.client.framework.menueditor.internal.InitializingMenuItem[name=null, text=&#039;New medical record table&#039;, selected=false, enabled=false, visible=true, showing=false]
                              se.cambiosys.client.framework.core.internal.CambioShortcutMenuButton[name=null, text=&#039;&#039;, selected=false, enabled=true, visible=true, showing=false]
                        se.cambiosys.client.framework.menueditor.internal.InitializingMenuItem[name=null, text=&#039;Medical record&#039;, selected=false, enabled=true, visible=true, showing=false]
                          se.cambiosys.client.framework.core.internal.CambioShortcutMenuButton[name=null, text=&#039;&#039;, selected=false, enabled=true, visible=true, showing=false]
                        se.cambiosys.client.framework.menueditor.internal.InitializingMenuItem[name=null, text=&#039;New note&#039;, selected=false, enabled=true, visible=true, showing=false]
                          se.cambiosys.client.framework.core.internal.CambioShortcutMenuButton[name=null, text=&#039;&#039;, selected=false, enabled=true, visible=true, showing=false]
                        se.cambiosys.client.framework.menueditor.internal.InitializingMenuItem[name=null, text=&#039;New form&#039;, selected=false, enabled=true, visible=true, showing=false]
                          se.cambiosys.client.framework.core.internal.CambioShortcutMenuButton[name=null, text=&#039;&#039;, selected=false, enabled=true, visible=true, showing=false]
                        se.cambiosys.client.framework.menueditor.internal.InitializingMenuItem[name=null, text=&#039;New care plan note&#039;, selected=false, enabled=false, visible=false, showing=false]
                          se.cambiosys.client.framework.core.internal.CambioShortcutMenuButton[name=null, text=&#039;&#039;, selected=false, enabled=true, visible=true, showing=false]
                        se.cambiosys.client.framework.menueditor.internal.InitializingMenuItem[name=null, text=&#039;Observation&#039;, selected=false, enabled=true, visible=true, showing=false]
                          se.cambiosys.client.framework.core.internal.CambioShortcutMenuButton[name=null, text=&#039;&#039;, selected=false, enabled=true, visible=true, showing=false]
                        se.cambiosys.client.framework.menueditor.internal.InitializingMenuItem[name=null, text=&#039;Graphic view&#039;, selected=false, enabled=true, visible=true, showing=false]
                          se.cambiosys.client.framework.core.internal.CambioShortcutMenuButton[name=null, text=&#039;&#039;, selected=false, enabled=true, visible=true, showing=false]
                        se.cambiosys.client.framework.menueditor.internal.InitializingMenuItem[name=null, text=&#039;List of activities&#039;, selected=false, enabled=true, visible=true, showing=false]
                          se.cambiosys.client.framework.core.internal.CambioShortcutMenuButton[name=null, text=&#039;&#039;, selected=false, enabled=true, visible=true, showing=false]
                        se.cambiosys.client.framework.components.CambioMenu[name=null, text=&#039;Administration&#039;, selected=false, enabled=true, visible=true, showing=false]
                          javax.swing.JPopupMenu[name=null, label=null, enabled=true, visible=false, showing=false]
                            se.cambiosys.client.framework.menueditor.internal.InitializingMenuItem[name=null, text=&#039;Keyword editor&#039;, selected=false, enabled=true, visible=true, showing=false]
                              se.cambiosys.client.framework.core.internal.CambioShortcutMenuButton[name=null, text=&#039;&#039;, selected=false, enabled=true, visible=true, showing=false]
                            se.cambiosys.client.framework.menueditor.internal.InitializingMenuItem[name=null, text=&#039;Search occurrences of keyword&#039;, selected=false, enabled=true, visible=true, showing=false]
                              se.cambiosys.client.framework.core.internal.CambioShortcutMenuButton[name=null, text=&#039;&#039;, selected=false, enabled=true, visible=true, showing=false]
                            se.cambiosys.client.framework.menueditor.internal.InitializingMenuItem[name=null, text=&#039;Template manager&#039;, selected=false, enabled=true, visible=true, showing=false]
                              se.cambiosys.client.framework.core.internal.CambioShortcutMenuButton[name=null, text=&#039;&#039;, selected=false, enabled=true, visible=true, showing=false]
                            se.cambiosys.client.framework.menueditor.internal.InitializingMenuItem[name=null, text=&#039;Fixed values&#039;, selected=false, enabled=true, visible=true, showing=false]
                              se.cambiosys.client.framework.core.internal.CambioShortcutMenuButton[name=null, text=&#039;&#039;, selected=false, enabled=true, visible=true, showing=false]
                            se.cambiosys.client.framework.menueditor.internal.InitializingMenuItem[name=null, text=&#039;Form administration&#039;, selected=false, enabled=true, visible=true, showing=false]
                              se.cambiosys.client.framework.core.internal.CambioShortcutMenuButton[name=null, text=&#039;&#039;, selected=false, enabled=true, visible=true, showing=false]
                            se.cambiosys.client.framework.menueditor.internal.InitializingMenuItem[name=null, text=&#039;Administration views&#039;, selected=false, enabled=true, visible=true, showing=false]
                              se.cambiosys.client.framework.core.internal.CambioShortcutMenuButton[name=null, text=&#039;&#039;, selected=false, enabled=true, visible=true, showing=false]
                            se.cambiosys.client.framework.menueditor.internal.InitializingMenuItem[name=null, text=&#039;Administration filter&#039;, selected=false, enabled=true, visible=true, showing=false]
                              se.cambiosys.client.framework.core.internal.CambioShortcutMenuButton[name=null, text=&#039;&#039;, selected=false, enabled=true, visible=true, showing=false]
                            se.cambiosys.client.framework.menueditor.internal.InitializingMenuItem[name=null, text=&#039;Selection of problems&#039;, selected=false, enabled=true, visible=true, showing=false]
                              se.cambiosys.client.framework.core.internal.CambioShortcutMenuButton[name=null, text=&#039;&#039;, selected=false, enabled=true, visible=true, showing=false]
                        se.cambiosys.client.framework.components.CambioMenu[name=null, text=&#039;Digital dictation&#039;, selected=false, enabled=true, visible=true, showing=false]
                          javax.swing.JPopupMenu[name=null, label=null, enabled=true, visible=false, showing=false]
                            se.cambiosys.client.framework.menueditor.internal.InitializingMenuItem[name=null, text=&#039;Create new dictation&#039;, selected=false, enabled=true, visible=true, showing=false]
                              se.cambiosys.client.framework.core.internal.CambioShortcutMenuButton[name=null, text=&#039;&#039;, selected=false, enabled=true, visible=true, showing=false]
                            se.cambiosys.client.framework.menueditor.internal.InitializingMenuItem[name=null, text=&#039;Dictation list&#039;, selected=false, enabled=true, visible=true, showing=false]
                              se.cambiosys.client.framework.core.internal.CambioShortcutMenuButton[name=null, text=&#039;&#039;, selected=false, enabled=true, visible=true, showing=false]
                            se.cambiosys.client.framework.menueditor.internal.InitializingMenuItem[name=null, text=&#039;Create new dictation from file&#039;, selected=false, enabled=true, visible=true, showing=false]
                              se.cambiosys.client.framework.core.internal.CambioShortcutMenuButton[name=null, text=&#039;&#039;, selected=false, enabled=true, visible=true, showing=false]
                            se.cambiosys.client.framework.menueditor.internal.InitializingMenuItem[name=null, text=&#039;Create new dictation minimized&#039;, selected=false, enabled=true, visible=true, showing=false]
                              se.cambiosys.client.framework.core.internal.CambioShortcutMenuButton[name=null, text=&#039;&#039;, selected=false, enabled=true, visible=true, showing=false]
                        se.cambiosys.client.framework.components.CambioMenu[name=null, text=&#039;Birth&#039;, selected=false, enabled=true, visible=true, showing=false]
                          javax.swing.JPopupMenu[name=null, label=null, enabled=true, visible=false, showing=false]
                            se.cambiosys.client.framework.menueditor.internal.InitializingMenuItem[name=null, text=&#039;Partogram&#039;, selected=false, enabled=false, visible=true, showing=false]
                              se.cambiosys.client.framework.core.internal.CambioShortcutMenuButton[name=null, text=&#039;&#039;, selected=false, enabled=true, visible=true, showing=false]
                            se.cambiosys.client.framework.menueditor.internal.InitializingMenuItem[name=null, text=&#039;New delivery&#039;, selected=false, enabled=false, visible=true, showing=false]
                              se.cambiosys.client.framework.core.internal.CambioShortcutMenuButton[name=null, text=&#039;&#039;, selected=false, enabled=true, visible=true, showing=false]
                            se.cambiosys.client.framework.menueditor.internal.InitializingMenuItem[name=null, text=&#039;Delete partogram&#039;, selected=false, enabled=false, visible=true, showing=false]
                              se.cambiosys.client.framework.core.internal.CambioShortcutMenuButton[name=null, text=&#039;&#039;, selected=false, enabled=true, visible=true, showing=false]
                            se.cambiosys.client.framework.menueditor.internal.InitializingMenuItem[name=null, text=&#039;Configuration of registrations&#039;, selected=false, enabled=true, visible=true, showing=false]
                              se.cambiosys.client.framework.core.internal.CambioShortcutMenuButton[name=null, text=&#039;&#039;, selected=false, enabled=true, visible=true, showing=false]
                            se.cambiosys.client.framework.menueditor.internal.InitializingMenuItem[name=null, text=&#039;Child number configuration&#039;, selected=false, enabled=true, visible=true, showing=false]
                              se.cambiosys.client.framework.core.internal.CambioShortcutMenuButton[name=null, text=&#039;&#039;, selected=false, enabled=true, visible=true, showing=false]
                    se.cambiosys.client.framework.components.CambioMenu[name=null, text=&#039;Window&#039;, selected=false, enabled=true, visible=true, showing=true]
                      javax.swing.JPopupMenu[name=null, label=null, enabled=true, visible=false, showing=false]
                        se.cambiosys.client.framework.core.internal.MenuHandler$10(se.cambiosys.client.framework.components.CambioCheckBoxMenuItem)[name=null, text=&#039;Keep windows&#039;, selected=true, enabled=true, visible=true, showing=false]
                        se.cambiosys.client.framework.menueditor.internal.InitializingMenuItem[name=null, text=&#039;Minimize all&#039;, selected=false, enabled=true, visible=true, showing=false]
                          se.cambiosys.client.framework.core.internal.CambioShortcutMenuButton[name=null, text=&#039;&#039;, selected=false, enabled=true, visible=true, showing=false]
                    se.cambiosys.client.framework.components.CambioMenu[name=null, text=&#039;Basic Menu&#039;, selected=false, enabled=true, visible=true, showing=true]
                      javax.swing.JPopupMenu[name=null, label=null, enabled=true, visible=false, showing=false]
                        se.cambiosys.client.framework.menueditor.internal.InitializingMenuItem[name=null, text=&#039;Basic Text&#039;, selected=false, enabled=true, visible=true, showing=false]
                          se.cambiosys.client.framework.core.internal.CambioShortcutMenuButton[name=null, text=&#039;&#039;, selected=false, enabled=true, visible=true, showing=false]
                    se.cambiosys.client.framework.components.CambioMenu[name=null, text=&#039;Patient administration IP &amp; OP&#039;, selected=false, enabled=true, visible=true, showing=true]
                      javax.swing.JPopupMenu[name=null, label=null, enabled=true, visible=false, showing=false]
                        se.cambiosys.client.framework.components.CambioMenu[name=null, text=&#039;Administration&#039;, selected=false, enabled=true, visible=true, showing=false]
                          javax.swing.JPopupMenu[name=null, label=null, enabled=true, visible=false, showing=false]
                            se.cambiosys.client.framework.menueditor.internal.InitializingMenuItem[name=null, text=&#039;Region membership&#039;, selected=false, enabled=true, visible=true, showing=false]
                              se.cambiosys.client.framework.core.internal.CambioShortcutMenuButton[name=null, text=&#039;&#039;, selected=false, enabled=true, visible=true, showing=false]
                            se.cambiosys.client.framework.menueditor.internal.InitializingMenuItem[name=null, text=&#039;Search order number&#039;, selected=false, enabled=true, visible=true, showing=false]
                              se.cambiosys.client.framework.core.internal.CambioShortcutMenuButton[name=null, text=&#039;&#039;, selected=false, enabled=true, visible=true, showing=false]
                            se.cambiosys.client.framework.menueditor.internal.InitializingMenuItem[name=null, text=&#039;Reception administration &amp; reception period&#039;, selected=false, enabled=true, visible=true, showing=false]
                              se.cambiosys.client.framework.core.internal.CambioShortcutMenuButton[name=null, text=&#039;&#039;, selected=false, enabled=true, visible=true, showing=false]
                            se.cambiosys.client.framework.menueditor.internal.InitializingMenuItem[name=null, text=&#039;Receptions and reception locations&#039;, selected=false, enabled=true, visible=true, showing=false]
                              se.cambiosys.client.framework.core.internal.CambioShortcutMenuButton[name=null, text=&#039;&#039;, selected=false, enabled=true, visible=true, showing=false]
                            se.cambiosys.client.framework.components.CambioMenu[name=null, text=&#039;Contract&#039;, selected=false, enabled=true, visible=true, showing=false]
                              javax.swing.JPopupMenu[name=null, label=null, enabled=true, visible=false, showing=false]
                                se.cambiosys.client.framework.menueditor.internal.InitializingMenuItem[name=null, text=&#039;New base price list&#039;, selected=false, enabled=true, visible=true, showing=false]
                                  se.cambiosys.client.framework.core.internal.CambioShortcutMenuButton[name=null, text=&#039;&#039;, selected=false, enabled=true, visible=true, showing=false]
                                se.cambiosys.client.framework.menueditor.internal.InitializingMenuItem[name=null, text=&#039;Open base price list&#039;, selected=false, enabled=true, visible=true, showing=false]
                                  se.cambiosys.client.framework.core.internal.CambioShortcutMenuButton[name=null, text=&#039;&#039;, selected=false, enabled=true, visible=true, showing=false]
                                se.cambiosys.client.framework.menueditor.internal.InitializingMenuItem[name=null, text=&#039;New contract&#039;, selected=false, enabled=true, visible=true, showing=false]
                                  se.cambiosys.client.framework.core.internal.CambioShortcutMenuButton[name=null, text=&#039;&#039;, selected=false, enabled=true, visible=true, showing=false]
                                se.cambiosys.client.framework.menueditor.internal.InitializingMenuItem[name=null, text=&#039;Open contract&#039;, selected=false, enabled=true, visible=true, showing=false]
                                  se.cambiosys.client.framework.core.internal.CambioShortcutMenuButton[name=null, text=&#039;&#039;, selected=false, enabled=true, visible=true, showing=false]
                                se.cambiosys.client.framework.menueditor.internal.InitializingMenuItem[name=null, text=&#039;Administration of contracts of goods sales&#039;, selected=false, enabled=true, visible=true, showing=false]
                                  se.cambiosys.client.framework.core.internal.CambioShortcutMenuButton[name=null, text=&#039;&#039;, selected=false, enabled=true, visible=true, showing=false]
                            se.cambiosys.client.framework.menueditor.internal.InitializingMenuItem[name=null, text=&#039;Products&#039;, selected=false, enabled=true, visible=true, showing=false]
                              se.cambiosys.client.framework.core.internal.CambioShortcutMenuButton[name=null, text=&#039;&#039;, selected=false, enabled=true, visible=true, showing=false]
                            se.cambiosys.client.framework.menueditor.internal.InitializingMenuItem[name=null, text=&#039;Goods&#039;, selected=false, enabled=true, visible=true, showing=false]
                              se.cambiosys.client.framework.core.internal.CambioShortcutMenuButton[name=null, text=&#039;&#039;, selected=false, enabled=true, visible=true, showing=false]
                            se.cambiosys.client.framework.menueditor.internal.InitializingMenuItem[name=null, text=&#039;VAT classes&#039;, selected=false, enabled=true, visible=true, showing=false]
                              se.cambiosys.client.framework.core.internal.CambioShortcutMenuButton[name=null, text=&#039;&#039;, selected=false, enabled=true, visible=true, showing=false]
                        se.cambiosys.client.framework.menueditor.internal.InitializingMenuItem[name=null, text=&#039;Configure economy exports&#039;, selected=false, enabled=true, visible=true, showing=false]
                          se.cambiosys.client.framework.core.internal.CambioShortcutMenuButton[name=null, text=&#039;&#039;, selected=false, enabled=true, visible=true, showing=false]
                        se.cambiosys.client.framework.menueditor.internal.InitializingMenuItem[name=null, text=&#039;Export management&#039;, selected=false, enabled=true, visible=true, showing=false]
                          se.cambiosys.client.framework.core.internal.CambioShortcutMenuButton[name=null, text=&#039;&#039;, selected=false, enabled=true, visible=true, showing=false]
                        se.cambiosys.client.framework.menueditor.internal.InitializingMenuItem[name=null, text=&#039;Visit and procedure registration&#039;, selected=false, enabled=true, visible=true, showing=false]
                          se.cambiosys.client.framework.core.internal.CambioShortcutMenuButton[name=null, text=&#039;&#039;, selected=false, enabled=true, visible=true, showing=false]
                        se.cambiosys.client.framework.menueditor.internal.InitializingMenuItem[name=null, text=&#039;Inpatient registration&#039;, selected=false, enabled=true, visible=true, showing=false]
                          se.cambiosys.client.framework.core.internal.CambioShortcutMenuButton[name=null, text=&#039;&#039;, selected=false, enabled=true, visible=true, showing=false]
                        se.cambiosys.client.framework.menueditor.internal.InitializingMenuItem[name=null, text=&#039;Acute overview&#039;, selected=false, enabled=true, visible=true, showing=false]
                          se.cambiosys.client.framework.core.internal.CambioShortcutMenuButton[name=null, text=&#039;&#039;, selected=false, enabled=true, visible=true, showing=false]
                        se.cambiosys.client.framework.menueditor.internal.InitializingMenuItem[name=null, text=&#039;Registration overview&#039;, selected=false, enabled=true, visible=true, showing=false]
                          se.cambiosys.client.framework.core.internal.CambioShortcutMenuButton[name=null, text=&#039;&#039;, selected=false, enabled=true, visible=true, showing=false]
                        se.cambiosys.client.framework.menueditor.internal.InitializingMenuItem[name=null, text=&#039;Goods Sale overview&#039;, selected=false, enabled=true, visible=true, showing=false]
                          se.cambiosys.client.framework.core.internal.CambioShortcutMenuButton[name=null, text=&#039;&#039;, selected=false, enabled=true, visible=true, showing=false]
                        se.cambiosys.client.framework.menueditor.internal.InitializingMenuItem[name=null, text=&#039;Invoice overview&#039;, selected=false, enabled=true, visible=true, showing=false]
                          se.cambiosys.client.framework.core.internal.CambioShortcutMenuButton[name=null, text=&#039;&#039;, selected=false, enabled=true, visible=true, showing=false]
                        se.cambiosys.client.framework.menueditor.internal.InitializingMenuItem[name=null, text=&#039;Register codes&#039;, selected=false, enabled=false, visible=true, showing=false]
                          se.cambiosys.client.framework.core.internal.CambioShortcutMenuButton[name=null, text=&#039;&#039;, selected=false, enabled=true, visible=true, showing=false]
                        se.cambiosys.client.framework.menueditor.internal.InitializingMenuItem[name=null, text=&#039;Undo&#039;, selected=false, enabled=true, visible=true, showing=false]
                          se.cambiosys.client.framework.core.internal.CambioShortcutMenuButton[name=null, text=&#039;&#039;, selected=false, enabled=true, visible=true, showing=false]
                    se.cambiosys.client.framework.components.CambioMenu[name=null, text=&#039;Patient&#039;, selected=false, enabled=true, visible=true, showing=true]
                      javax.swing.JPopupMenu[name=null, label=null, enabled=true, visible=false, showing=false]
                        se.cambiosys.client.framework.components.CambioMenu[name=null, text=&#039;Groups&#039;, selected=false, enabled=true, visible=true, showing=false]
                          javax.swing.JPopupMenu[name=null, label=null, enabled=true, visible=false, showing=false]
                            se.cambiosys.client.framework.menueditor.internal.InitializingMenuItem[name=null, text=&#039;Group card&#039;, selected=false, enabled=false, visible=true, showing=false]
                              se.cambiosys.client.framework.core.internal.CambioShortcutMenuButton[name=null, text=&#039;&#039;, selected=false, enabled=true, visible=true, showing=false]
                            se.cambiosys.client.framework.menueditor.internal.InitializingMenuItem[name=null, text=&#039;Group administration&#039;, selected=false, enabled=true, visible=true, showing=false]
                              se.cambiosys.client.framework.core.internal.CambioShortcutMenuButton[name=null, text=&#039;&#039;, selected=false, enabled=true, visible=true, showing=false]
                        se.cambiosys.client.framework.subjectofcare.internal.SecurityOverrideHandlerImpl$1(se.cambiosys.client.framework.components.CambioCheckBoxMenuItem)[name=null, text=&#039;Activate security override&#039;, selected=false, enabled=false, visible=true, showing=false]
                        se.cambiosys.client.framework.menueditor.internal.InitializingMenuItem[name=null, text=&#039;Patient card&#039;, selected=false, enabled=true, visible=true, showing=false]
                          se.cambiosys.client.framework.core.internal.CambioShortcutMenuButton[name=null, text=&#039;&#039;, selected=false, enabled=true, visible=true, showing=false]
                        se.cambiosys.client.framework.menueditor.internal.InitializingMenuItem[name=null, text=&#039;Print patient information&#039;, selected=false, enabled=true, visible=true, showing=false]
                          se.cambiosys.client.framework.core.internal.CambioShortcutMenuButton[name=null, text=&#039;&#039;, selected=false, enabled=true, visible=true, showing=false]
                        se.cambiosys.client.framework.menueditor.internal.InitializingMenuItem[name=null, text=&#039;Connect mother-child&#039;, selected=false, enabled=false, visible=true, showing=false]
                          se.cambiosys.client.framework.core.internal.CambioShortcutMenuButton[name=null, text=&#039;&#039;, selected=false, enabled=true, visible=true, showing=false]
                        se.cambiosys.client.framework.menueditor.internal.InitializingMenuItem[name=null, text=&#039;Disconnect child-mother&#039;, selected=false, enabled=false, visible=true, showing=false]
                          se.cambiosys.client.framework.core.internal.CambioShortcutMenuButton[name=null, text=&#039;&#039;, selected=false, enabled=true, visible=true, showing=false]
                        se.cambiosys.client.framework.menueditor.internal.InitializingMenuItem[name=null, text=&#039;Reservenumber...&#039;, selected=false, enabled=true, visible=true, showing=false]
                          se.cambiosys.client.framework.core.internal.CambioShortcutMenuButton[name=null, text=&#039;&#039;, selected=false, enabled=true, visible=true, showing=false]
                    se.cambiosys.client.framework.components.CambioMenu[name=null, text=&#039;Link (previous version)&#039;, selected=false, enabled=true, visible=true, showing=true]
                      javax.swing.JPopupMenu[name=null, label=null, enabled=true, visible=false, showing=false]
                        se.cambiosys.client.framework.menueditor.internal.InitializingMenuItem[name=null, text=&#039;Loading...&#039;, selected=false, enabled=true, visible=true, showing=false]
                          se.cambiosys.client.framework.core.internal.CambioShortcutMenuButton[name=null, text=&#039;&#039;, selected=false, enabled=true, visible=true, showing=false]
                        se.cambiosys.client.framework.menueditor.internal.InitializingMenuItem[name=null, text=&#039;Loading...&#039;, selected=false, enabled=true, visible=true, showing=false]
                          se.cambiosys.client.framework.core.internal.CambioShortcutMenuButton[name=null, text=&#039;&#039;, selected=false, enabled=true, visible=true, showing=false]
                    se.cambiosys.client.framework.components.CambioMenu[name=null, text=&#039;File&#039;, selected=false, enabled=true, visible=true, showing=true]
                      javax.swing.JPopupMenu[name=null, label=null, enabled=true, visible=false, showing=false]
                        se.cambiosys.client.framework.menueditor.internal.InitializingMenuItem[name=null, text=&#039;Change password&#039;, selected=false, enabled=true, visible=true, showing=false]
                          se.cambiosys.client.framework.core.internal.CambioShortcutMenuButton[name=null, text=&#039;&#039;, selected=false, enabled=true, visible=true, showing=false]
                        se.cambiosys.client.framework.menueditor.internal.InitializingMenuItem[name=null, text=&#039;Lock COSMIC&#039;, selected=false, enabled=true, visible=true, showing=false]
                          se.cambiosys.client.framework.core.internal.CambioShortcutMenuButton[name=null, text=&#039;&#039;, selected=false, enabled=true, visible=true, showing=false]
                        se.cambiosys.client.framework.menueditor.internal.InitializingMenuItem[name=null, text=&#039;Change profile&#039;, selected=false, enabled=true, visible=true, showing=false]
                          se.cambiosys.client.framework.core.internal.CambioShortcutMenuButton[name=null, text=&#039;&#039;, selected=false, enabled=true, visible=true, showing=false]
                        se.cambiosys.client.framework.menueditor.internal.InitializingMenuItem[name=null, text=&#039;Log out&#039;, selected=false, enabled=true, visible=true, showing=false]
                          se.cambiosys.client.framework.core.internal.CambioShortcutMenuButton[name=null, text=&#039;&#039;, selected=false, enabled=true, visible=true, showing=false]
                        se.cambiosys.client.framework.menueditor.internal.InitializingMenuItem[name=null, text=&#039;Quit&#039;, selected=false, enabled=true, visible=true, showing=false]
                          se.cambiosys.client.framework.core.internal.CambioShortcutMenuButton[name=null, text=&#039;&#039;, selected=false, enabled=true, visible=true, showing=false]
                    se.cambiosys.client.framework.components.CambioMenu[name=null, text=&#039;External Applications&#039;, selected=false, enabled=true, visible=true, showing=true]
                      javax.swing.JPopupMenu[name=null, label=null, enabled=true, visible=false, showing=false]
                        se.cambiosys.client.framework.menueditor.internal.InitializingMenuItem[name=null, text=&#039;DrCompanion&#039;, selected=false, enabled=true, visible=true, showing=false]
                          se.cambiosys.client.framework.core.internal.CambioShortcutMenuButton[name=null, text=&#039;&#039;, selected=false, enabled=true, visible=true, showing=false]
                        se.cambiosys.client.framework.menueditor.internal.InitializingMenuItem[name=null, text=&#039;OBSTETRIX (Ext)&#039;, selected=false, enabled=true, visible=true, showing=false]
                          se.cambiosys.client.framework.core.internal.CambioShortcutMenuButton[name=null, text=&#039;&#039;, selected=false, enabled=true, visible=true, showing=false]
                    se.cambiosys.client.framework.components.CambioMenu[name=null, text=&#039;Analytics&#039;, selected=false, enabled=true, visible=true, showing=true]
                      javax.swing.JPopupMenu[name=null, label=null, enabled=true, visible=false, showing=false]
                        se.cambiosys.client.framework.menueditor.internal.InitializingMenuItem[name=null, text=&#039;Insight&#039;, selected=false, enabled=true, visible=true, showing=false]
                          se.cambiosys.client.framework.core.internal.CambioShortcutMenuButton[name=null, text=&#039;&#039;, selected=false, enabled=true, visible=true, showing=false]
                    se.cambiosys.client.framework.components.CambioMenu[name=null, text=&#039;Bed management&#039;, selected=false, enabled=true, visible=true, showing=true]
                      javax.swing.JPopupMenu[name=null, label=null, enabled=true, visible=false, showing=false]
                        se.cambiosys.client.framework.menueditor.internal.InitializingMenuItem[name=null, text=&#039;Patient search&#039;, selected=false, enabled=true, visible=true, showing=false]
                          se.cambiosys.client.framework.core.internal.CambioShortcutMenuButton[name=null, text=&#039;&#039;, selected=false, enabled=true, visible=true, showing=false]
                        se.cambiosys.client.framework.menueditor.internal.InitializingMenuItem[name=null, text=&#039;Bed reservation overview&#039;, selected=false, enabled=true, visible=true, showing=false]
                          se.cambiosys.client.framework.core.internal.CambioShortcutMenuButton[name=null, text=&#039;&#039;, selected=false, enabled=true, visible=true, showing=false]
                        se.cambiosys.client.framework.menueditor.internal.InitializingMenuItem[name=null, text=&#039;Bed Administration&#039;, selected=false, enabled=true, visible=true, showing=false]
                          se.cambiosys.client.framework.core.internal.CambioShortcutMenuButton[name=null, text=&#039;&#039;, selected=false, enabled=true, visible=true, showing=false]
            se.cambiosys.client.framework.subjectofcare.internal.gui.SOCComponentPanel[name=null]
              se.cambiosys.client.framework.subjectofcare.internal.gui.SOCComponentPanel$1(se.cambiosys.client.framework.components.CambioTabbedPane)[name=&#039;TopTabbedPaneTab&#039;, selectedTabIndex=0, selectedTabTitle=&#039;&#039;, tabCount=2, tabTitles=[&quot;&quot;, &quot;&quot;], enabled=true, visible=true, showing=true
                se.cambiosys.client.framework.patients.internal.gui.PatientSOCPanel[name=&#039;Patient.PatientSOCPanel&#039;]
                  se.cambiosys.client.framework.patients.internal.gui.PatientSOCSearchPanel[name=&#039;Patient.PatientSOCPanel.searchPanel&#039;]
                    se.cambiosys.client.framework.patients.gui.PatientIdentifierNumberTextField[name=&#039;Patient.PatientSOCSearchPanel.numberTextField&#039;, text=&#039;19&#039;, enabled=true, visible=true, showing=true]
                    se.cambiosys.client.framework.components.CambioLabeledTextField[name=&#039;Patient.PatientSOCSearchPanel.nameTextField&#039;, text=&#039;&#039;, enabled=true, visible=true, showing=true]
                    se.cambiosys.client.framework.components.CambioLabeledTextField[name=&#039;Patient.PatientSOCSearchPanel.familyNameTextField&#039;, text=&#039;&#039;, enabled=true, visible=true, showing=true]
                    se.cambiosys.client.framework.subjectofcare.gui.CambioClickablePatientBannerButton[name=&#039;Patient.PatientSOCSearchPanel.searchButton&#039;, text=null, enabled=true, visible=true, showing=true]
                    se.cambiosys.client.framework.components.CambioLabel[name=&#039;Patient.PatientSOCSearchPanel.dummyLabel2&#039;, text=&#039;&#039;, enabled=true, visible=true, showing=true]
                    se.cambiosys.client.framework.subjectofcare.CambioPatientBannerButton[name=&#039;Patient.PatientSOCSearchPanel.clearButton&#039;, text=&#039;Clear&#039;, enabled=true, visible=true, showing=true]
                    se.cambiosys.client.framework.subjectofcare.CambioPatientBannerButton[name=&#039;Patient.PatientSOCSearchPanel.getPatientButton&#039;, text=&#039;Lists&#039;, enabled=true, visible=true, showing=true]
                  se.cambiosys.client.framework.patients.internal.gui.PatientSOCSelectedPanel[name=&#039;Patient.PatientSOCPanel.selectedPanel&#039;]
                    se.cambiosys.client.framework.components.CambioLabel[name=&#039;Patients.PatientSOCSelectedPanel.PatientSOCSelectedPanel&#039;, text=&#039;&#039;, enabled=true, visible=true, showing=false]
                    se.cambiosys.client.framework.components.CambioPanel[name=&#039;Patients.PatientSOCSelectedPanel.PatientSOCSelectedPanel&#039;]
                      se.cambio.attentionsignal.plugin.AttentionSignalSoCListPlugin[name=null]
                        se.cambiosys.client.framework.components.CambioPanel[name=null]
                          se.cambiosys.client.framework.components.CambioPanel[name=null]
                            se.cambio.attentionsignal.icons.BusyIconLabel[name=null, text=&#039;&#039;, enabled=true, visible=true, showing=false]
                          se.cambiosys.client.framework.components.CambioPanel[name=null]
                            se.cambio.attentionsignal.component.view.AbstractAttentionSignalIconView$2(se.cambiosys.client.framework.components.CambioLabel)[name=&#039;Table.cellRenderer&#039;, text=&#039;&#039;, enabled=true, visible=true, showing=false]
                    se.cambiosys.client.framework.subjectofcare.internal.gui.PatientDetailsPanel[name=&#039;Patients.PatientSOCSelectedPanel.PatientSOCSelectedPanel&#039;]
                      se.cambiosys.client.framework.components.CambioPanel[name=&#039;Subjectofcare.PatientDetailsPanel.endPanel&#039;]
                        se.cambiosys.client.framework.components.CambioLabel[name=&#039;Subjectofcare.PatientDetailsPanel.ageLabel&#039;, text=&#039;&#039;, enabled=true, visible=true, showing=false]
                        se.cambiosys.client.framework.subjectofcare.internal.gui.PatientPluginLoadingPanel[name=null]
                          se.cambiosys.client.framework.patients.internal.gui.PatientSOCLoadingPanel[name=null]
                            org.jdesktop.swingx.JXBusyLabel[name=null, text=&#039;&#039;, enabled=true, visible=true, showing=false]
                          se.cambiosys.client.framework.components.CambioPanel[name=&#039;Patients.PatientSOCSelectedPanel.PatientSOCSelectedPanel&#039;]
                            se.cambiosys.client.framework.components.CambioPanel[name=&#039;Patients.PatientSOCSelectedPanel.PatientSOCSelectedPanel&#039;]
                            se.cambiosys.client.framework.components.CambioPanel[name=&#039;Patients.PatientSOCSelectedPanel.PatientSOCSelectedPanel&#039;]
                              se.cambiosys.client.framework.patients.internal.gui.patientbannerplugins.SexPatientBannerPlugin[name=&#039;Table.cellRenderer&#039;, text=&#039;&#039;, enabled=true, visible=true, showing=false]
                              se.cambiosys.client.framework.components.CambioLabel[name=&#039;Patient.PatientCommunicationBannerPlugin.bannerLabel&#039;, text=&#039;&#039;, enabled=true, visible=true, showing=false]
                              se.cambiosys.client.membership.plugin.patient.MembershipPatientBannerPlugin[name=&#039;Table.cellRenderer&#039;, text=&#039;&#039;, enabled=true, visible=true, showing=false]
                              se.cambiosys.client.framework.patients.internal.gui.patientbannerplugins.ConnectedPatientButtonPlugin[name=null, text=&#039;&#039;, enabled=true, visible=false, showing=false]
                              se.cambiosys.client.framework.patients.internal.gui.patientbannerplugins.MotherChildPatientBannerPlugin[name=&#039;Patients.PatientBannerPlugins.MotherChildPatientBannerPlugin&#039;, text=&#039;&#039;, enabled=true, visible=true, showing=false]
                              se.cambiosys.client.patientlist.mylist.comment.AddToMyListPatientBannerPlugin[name=null, text=&#039;&#039;, enabled=false, visible=true, showing=false]
                              se.cambiosys.client.framework.patients.internal.gui.patientbannerplugins.InfoClassedButtonPlugin[name=null, text=&#039;&#039;, enabled=true, visible=false, showing=false]
                              se.cambiosys.client.countermodule.patientbannerplugins.ongoingcontact.OngoingContactPatientBannerComponent[name=null]
                                se.cambiosys.client.countermodule.patientbannerplugins.ongoingcontact.PatientBannerContactButton[name=null, text=&#039;&#039;, enabled=true, visible=false, showing=false]
                                se.cambiosys.client.countermodule.patientbannerplugins.ongoingcontact.PatientBannerContactButton[name=null, text=&#039;&#039;, enabled=true, visible=false, showing=false]
                                se.cambiosys.client.countermodule.patientbannerplugins.ongoingcontact.PatientBannerContactButton[name=null, text=&#039;&#039;, enabled=true, visible=false, showing=false]
                                se.cambiosys.client.countermodule.patientbannerplugins.ongoingcontact.PatientBannerContactButton[name=null, text=&#039;&#039;, enabled=true, visible=false, showing=false]
                                se.cambiosys.client.countermodule.patientbannerplugins.ongoingcontact.PatientBannerContactButton[name=null, text=&#039;&#039;, enabled=true, visible=false, showing=false]
                              se.cambiosys.client.psychiatricmodule.patientbannerplugins.CareTypePatientBannerPlugin[name=null]
                              se.cambio.link.client.linkcase.patientbanner.view.LinkCasePatientBannerComponent[name=null, text=&#039;&#039;, enabled=true, visible=false, showing=false]
                              se.cambio.client.cds.adaptor.gui.CdsPatientBannerButton[name=&#039;CambioClickablePatientBannerButton_cdsPatientBannerButton&#039;, text=&#039;&#039;, enabled=true, visible=false, showing=false]
                      se.cambiosys.client.framework.components.CambioLabel[name=&#039;Subjectofcare.PatientDetailsPanel.identifierLabel&#039;, text=&#039;&#039;, enabled=true, visible=true, showing=false]
                      se.cambiosys.client.framework.components.CambioTextPane[name=&#039;Subjectofcare.PatientDetailsPanel.namePanel&#039;, text=&#039;&#039;, enabled=true, visible=false, showing=false]
                      se.cambiosys.client.framework.components.CambioTextPane[name=&#039;Subjectofcare.PatientDetailsPanel.namePanelTruncated&#039;, text=&#039;&#039;, enabled=true, visible=true, showing=false]
                      se.cambiosys.client.framework.components.CambioLabel[name=&#039;Table.cellRenderer&#039;, text=&#039;&#039;, enabled=true, visible=false, showing=false]
                    se.cambiosys.client.framework.components.CambioPanel[name=null]
                    se.cambiosys.client.framework.subjectofcare.CambioPatientBannerButton[name=&#039;Patients.PatientSOCSelectedPanel.PatientSOCSelectedPanel&#039;, text=&#039;Clear&#039;, enabled=true, visible=true, showing=false]
                    se.cambiosys.client.framework.subjectofcare.CambioPatientBannerButton[name=null, text=&#039;Lists&#039;, enabled=true, visible=true, showing=false]
                    se.cambiosys.client.framework.subjectofcare.CambioPatientBannerButton[name=&#039;Patients.PatientSOCSelectedPanel.PatientSOCSelectedPanel&#039;, text=&#039;&#039;, enabled=true, visible=true, showing=false]
                se.cambiosys.client.framework.subjectofcare.internal.group.gui.GroupSOCPanel[name=null]
                  se.cambiosys.client.framework.subjectofcare.internal.group.gui.GroupSOCSearchPanel[name=&#039;Subjectofcare.GroupSOCPanel.searchPanel&#039;]
                    se.cambiosys.client.framework.components.CambioSelectionComboBox[name=&#039;Subjectofcare.GroupSOCSearchPanel.careUnitSelectionComboBox&#039;, selectedItem=null, contents=[], editable=false, enabled=true, visible=true, showing=false]
                      javax.swing.plaf.synth.SynthArrowButton[name=&#039;ComboBox.arrowButton&#039;, text=&#039;&#039;, enabled=true, visible=true, showing=false]
                      javax.swing.CellRendererPane[,0,0,0x0,hidden]
                    se.cambiosys.client.framework.components.CambioSelectionComboBox[name=&#039;Subjectofcare.GroupSOCSearchPanel.careGiverSelectionComboBox&#039;, selectedItem=null, contents=[], editable=false, enabled=true, visible=true, showing=false]
                      javax.swing.plaf.synth.SynthArrowButton[name=&#039;ComboBox.arrowButton&#039;, text=&#039;&#039;, enabled=true, visible=true, showing=false]
                      javax.swing.CellRendererPane[,0,0,0x0,hidden]
                    se.cambiosys.client.framework.components.CambioLabeledTextField[name=&#039;Subjectofcare.GroupSOCSearchPanel.groupNameTextField&#039;, text=&#039;&#039;, enabled=true, visible=true, showing=false]
                    se.cambiosys.client.framework.subjectofcare.gui.CambioClickablePatientBannerButton[name=&#039;Subjectofcare.GroupSOCSearchPanel.searchButton&#039;, text=null, enabled=true, visible=true, showing=false]
                    se.cambiosys.client.framework.subjectofcare.CambioPatientBannerButton[name=&#039;Subjectofcare.GroupSOCSearchPanel.clearButton&#039;, text=&#039;Clear&#039;, enabled=true, visible=true, showing=false]
                  se.cambiosys.client.framework.subjectofcare.internal.group.gui.GroupSOCSelectedPanel[name=&#039;Subjectofcare.GroupSOCPanel.selectedPanel&#039;]
                    se.cambiosys.client.framework.components.CambioLabel[name=&#039;SubjectGroupSOCSelectedPanel.detailLabel&#039;, text=&#039;&#039;, enabled=true, visible=true, showing=false]
                    se.cambiosys.client.framework.subjectofcare.internal.group.gui.GroupDetailsPanel[name=&#039;SubjectGroupSOCSelectedPanel.groupDetailsPanel&#039;]
                      se.cambiosys.client.framework.components.CambioLabel[name=&#039;Subjectofcare.GroupDetailsPanel.groupSizeLabel&#039;, text=&#039;&#039;, enabled=true, visible=true, showing=false]
                      se.cambiosys.client.framework.components.CambioLabel[name=&#039;Subjectofcare.GroupDetailsPanel.groupNameLabel&#039;, text=&#039;&#039;, enabled=true, visible=true, showing=false]
                      se.cambiosys.client.framework.components.CambioLabel[name=&#039;Subjectofcare.GroupDetailsPanel.dummyLabel&#039;, text=&#039;&#039;, enabled=true, visible=true, showing=false]
                    se.cambiosys.client.framework.subjectofcare.CambioPatientBannerButton[name=&#039;SubjectGroupSOCSelectedPanel.clearButton&#039;, text=&#039;Clear&#039;, enabled=true, visible=true, showing=false]
                    se.cambiosys.client.framework.subjectofcare.CambioPatientBannerButton[name=&#039;SubjectGroupSOCSelectedPanel.toggleButton&#039;, text=&#039;&#039;, enabled=true, visible=true, showing=false]
            se.cambiosys.client.framework.core.internal.gui.SecurityStatusComponent[name=null]
          se.cambiosys.client.framework.components.CambioSplitPane[,0,62,2880x1469,invalid,layout=javax.swing.plaf.basic.BasicSplitPaneUI$BasicHorizontalLayoutManager,alignmentX=0.0,alignmentY=0.0,border=javax.swing.plaf.synth.SynthBorder@3d9f4d7e,flags=201326920,maximumSize=,minimumSize=,preferredSize=,continuousLayout=false,dividerSize=2,lastDividerLocation=-1,oneTouchExpandable=false,orientation=HORIZONTAL_SPLIT]
            javax.swing.plaf.synth.SynthSplitPaneDivider[,200,0,2x1469,layout=javax.swing.plaf.basic.BasicSplitPaneDivider$DividerLayout]
            se.cambiosys.client.framework.core.internal.gui.SidebarPanel[name=null]
              se.cambiosys.client.framework.components.CambioPanel[name=null]
                se.cambiosys.client.framework.core.internal.gui.ShortcutContainerPanel[name=null]
                  se.cambiosys.client.framework.components.CambioPanel[name=null]
                    se.cambiosys.client.framework.components.CambioPanel[name=null]
                      javax.swing.JLabel[name=null, text=&#039;MY SHORTCUTS&#039;, enabled=true, visible=true, showing=true]
                    se.cambiosys.client.framework.core.internal.gui.ShortcutContainerPanel$2(se.cambiosys.client.framework.components.CambioPanel)[name=null]
                  se.cambiosys.client.framework.components.CambioPanel[name=null]
                    se.cambiosys.client.framework.components.CambioScrollPane[name=null, enabled=true, visible=true, showing=true]
                      javax.swing.JViewport[,0,0,191x663,layout=javax.swing.ViewportLayout,alignmentX=0.0,alignmentY=0.0,border=,flags=25165832,maximumSize=,minimumSize=,preferredSize=,isViewSizeSet=true,lastPaintPosition=java.awt.Point[x=0,y=0],scrollUnderway=false]
                        se.cambiosys.client.framework.core.internal.gui.ScrollableContainerPanel[name=null]
                          se.cambiosys.client.framework.core.internal.gui.OpenedWindowPanel[name=null]
                            se.cambiosys.client.framework.core.internal.gui.OpenedWindowPanel$2(javax.swing.JToggleButton)[name=null, text=&#039;Order&#039;, selected=false, enabled=false, visible=true, showing=true]
                            se.cambiosys.client.framework.components.CambioPanel[name=null]
                              javax.swing.JButton[name=null, text=&#039;&#039;, enabled=false, visible=false, showing=false]
                      javax.swing.JScrollPane$ScrollBar[name=null, value=0, blockIncrement=10, minimum=0, maximum=663, enabled=true, visible=false, showing=false]
                        javax.swing.plaf.synth.SynthScrollBarUI$2(javax.swing.plaf.synth.SynthArrowButton)[name=&#039;ScrollBar.button&#039;, text=&#039;&#039;, enabled=true, visible=true, showing=false]
                        javax.swing.plaf.synth.SynthScrollBarUI$1(javax.swing.plaf.synth.SynthArrowButton)[name=&#039;ScrollBar.button&#039;, text=&#039;&#039;, enabled=true, visible=true, showing=false]
                      javax.swing.JScrollPane$ScrollBar[name=null, value=0, blockIncrement=10, minimum=0, maximum=191, enabled=true, visible=false, showing=false]
                        javax.swing.plaf.synth.SynthScrollBarUI$2(javax.swing.plaf.synth.SynthArrowButton)[name=&#039;ScrollBar.button&#039;, text=&#039;&#039;, enabled=true, visible=true, showing=false]
                        javax.swing.plaf.synth.SynthScrollBarUI$1(javax.swing.plaf.synth.SynthArrowButton)[name=&#039;ScrollBar.button&#039;, text=&#039;&#039;, enabled=true, visible=true, showing=false]
                    se.cambiosys.client.framework.core.internal.gui.ShortcutContainerPanel$1(se.cambiosys.client.framework.components.CambioPanel)[name=null]
                se.cambiosys.client.framework.components.CambioPanel[name=null]
                  javax.swing.JSeparator[,0,0,191x3,alignmentX=0.0,alignmentY=0.0,border=javax.swing.plaf.synth.SynthBorder@64c4e2a9,flags=0,maximumSize=,minimumSize=,preferredSize=,orientation=HORIZONTAL]
                  se.cambiosys.client.framework.core.internal.gui.SidebarPanel$1(se.cambiosys.client.framework.components.CambioPanel)[name=null]
                se.cambiosys.client.framework.core.internal.gui.OpenedWindowsContainerPanel[name=null]
                  se.cambiosys.client.framework.components.CambioPanel[name=null]
                    se.cambiosys.client.framework.components.CambioScrollPane[name=null, enabled=true, visible=true, showing=true]
                      javax.swing.JViewport[,0,0,191x640,layout=javax.swing.ViewportLayout,alignmentX=0.0,alignmentY=0.0,border=,flags=25165832,maximumSize=,minimumSize=,preferredSize=,isViewSizeSet=true,lastPaintPosition=java.awt.Point[x=0,y=0],scrollUnderway=false]
                        se.cambiosys.client.framework.core.internal.gui.ScrollableContainerPanel[name=null]
                      javax.swing.JScrollPane$ScrollBar[name=null, value=0, blockIncrement=10, minimum=0, maximum=640, enabled=true, visible=false, showing=false]
                        javax.swing.plaf.synth.SynthScrollBarUI$2(javax.swing.plaf.synth.SynthArrowButton)[name=&#039;ScrollBar.button&#039;, text=&#039;&#039;, enabled=true, visible=true, showing=false]
                        javax.swing.plaf.synth.SynthScrollBarUI$1(javax.swing.plaf.synth.SynthArrowButton)[name=&#039;ScrollBar.button&#039;, text=&#039;&#039;, enabled=true, visible=true, showing=false]
                      javax.swing.JScrollPane$ScrollBar[name=null, value=0, blockIncrement=10, minimum=0, maximum=191, enabled=true, visible=false, showing=false]
                        javax.swing.plaf.synth.SynthScrollBarUI$2(javax.swing.plaf.synth.SynthArrowButton)[name=&#039;ScrollBar.button&#039;, text=&#039;&#039;, enabled=true, visible=true, showing=false]
                        javax.swing.plaf.synth.SynthScrollBarUI$1(javax.swing.plaf.synth.SynthArrowButton)[name=&#039;ScrollBar.button&#039;, text=&#039;&#039;, enabled=true, visible=true, showing=false]
                    se.cambiosys.client.framework.core.internal.gui.OpenedWindowsContainerPanel$1(se.cambiosys.client.framework.components.CambioPanel)[name=null]
                  se.cambiosys.client.framework.components.CambioPanel[name=null]
                    se.cambiosys.client.framework.components.CambioCheckBox[name=null, text=&#039;Keep windows&#039;, selected=true, enabled=true, visible=true, showing=true]
                    se.cambiosys.client.framework.core.internal.multimonitor.MultiMonitorComponent[name=null, text=&#039;&#039;, enabled=true, visible=true, showing=true]
              se.cambiosys.client.framework.components.notification.plugin.gui.NotificationPluginComponent[name=null]
                se.cambiosys.client.framework.components.progress.CambioBusyLabel[name=null, text=&#039;&#039;, enabled=true, visible=true, showing=true]
              se.cambiosys.client.framework.core.internal.gui.SideBarBottomPanel[name=null]
                se.cambiosys.client.framework.subjectofcare.gui.CambioClickablePatientBannerButton[name=null, text=&#039;&#039;, enabled=true, visible=true, showing=true]
                se.cambiosys.client.framework.subjectofcare.gui.CambioClickablePatientBannerButton[name=null, text=&#039;&#039;, enabled=true, visible=true, showing=true]
                se.cambiosys.client.framework.subjectofcare.gui.CambioClickablePatientBannerButton[name=null, text=&#039;&#039;, enabled=true, visible=true, showing=true]
                se.cambiosys.client.framework.subjectofcare.gui.CambioClickablePatientBannerButton[name=null, text=&#039;&#039;, enabled=true, visible=true, showing=true]
                se.cambiosys.client.framework.components.CambioLabel[name=&#039;Table.cellRenderer&#039;, text=&#039;&#039;, enabled=true, visible=true, showing=true]
            se.cambiosys.client.framework.components.CambioDesktopPane[]
              javax.swing.JLabel[name=null, text=&#039;&#039;, enabled=true, visible=true, showing=true]
        se.cambiosys.client.framework.core.internal.gui.ScreenSaverPanel[name=null]
          se.cambiosys.client.framework.components.CambioLabel[name=&#039;Table.cellRenderer&#039;, text=&#039; &#039;, enabled=true, visible=true, showing=false]
        se.cambiosys.client.framework.core.internal.gui.ScreenSaverLoginPanel[name=null]
        se.cambiosys.client.framework.core.internal.gui.NoPermissionPanel[name=null]
          se.cambiosys.client.framework.core.internal.gui.NoPermissionPanel$1(javax.swing.JPanel)[name=null]
            se.cambiosys.client.framework.components.CambioPanel[name=null]
              se.cambiosys.client.framework.core.internal.gui.NoPermissionPanel$3(se.cambiosys.client.framework.components.CambioLabel)[name=&#039;Table.cellRenderer&#039;, text=&#039;or if the user is inactivated by the system administrator. Click OK to login again.&#039;, enabled=true, visible=true, showing=false]
              se.cambiosys.client.framework.components.CambioPanel[name=null]
              se.cambiosys.client.framework.components.CambioButton[name=null, text=&#039;OK&#039;, enabled=true, visible=true, showing=false]
              se.cambiosys.client.framework.core.internal.gui.NoPermissionPanel$2(se.cambiosys.client.framework.components.CambioLabel)[name=&#039;Table.cellRenderer&#039;, text=&#039;You have been logged out from this computer. This happens if the same user log in to another computer&#039;, enabled=true, visible=true, showing=false]
      de.javasoft.plaf.synthetica.SyntheticaTitlePane[name=&#039;RootPane.titlePane&#039;]
        javax.swing.JButton[name=&#039;RootPane.titlePane.menuButton&#039;, text=&#039;&#039;, enabled=true, visible=true, showing=true]
        javax.swing.JLabel[name=&#039;RootPane.title&#039;, text=&#039; &#039;, enabled=true, visible=true, showing=true]
        javax.swing.JLabel[name=&#039;RootPane.menuBar&#039;, text=&#039; &#039;, enabled=true, visible=false, showing=false]
        javax.swing.JButton[name=&#039;RootPane.titlePane.iconifyButton&#039;, text=null, enabled=true, visible=true, showing=true]
        javax.swing.JButton[name=&#039;RootPane.titlePane.toggleButton&#039;, text=null, enabled=true, visible=true, showing=true]
        javax.swing.JButton[name=&#039;RootPane.titlePane.closeButton&#039;, text=null, enabled=true, visible=true, showing=true]
  se.cambiosys.client.framework.subjectofcare.internal.group.gui.GroupSOCSelectedPanel$ExtendedGroupBannerDialog[name=&#039;dialog2&#039;, title=null, enabled=true, modal=false, visible=false, showing=false]
    javax.swing.JRootPane[]
      javax.swing.JPanel[name=&#039;null.glassPane&#039;]
      javax.swing.JLayeredPane[]
        javax.swing.JPanel[name=&#039;null.contentPane&#039;]
          se.cambiosys.client.framework.subjectofcare.internal.group.gui.ExtendedGroupBannerPanel[name=&#039;SubjectGroupSOCSelectedPanel.groupBannerPanel&#039;]
            se.cambiosys.client.framework.components.CambioScrollPane[name=&#039;Subjectofcare.ExtendedGroupBannerPanel.scrollPane&#039;, enabled=true, visible=true, showing=false]
              javax.swing.JViewport[,0,0,0x0,invalid,layout=javax.swing.ViewportLayout,alignmentX=0.0,alignmentY=0.0,border=,flags=25165824,maximumSize=,minimumSize=,preferredSize=,isViewSizeSet=false,lastPaintPosition=,scrollUnderway=false]
                se.cambiosys.client.framework.subjectofcare.internal.group.gui.ExtendedGroupBannerPanel$1(se.cambiosys.client.framework.components.CambioTextPane)[name=&#039;Subjectofcare.ExtendedGroupBannerPanel.textPane&#039;, text=&#039;&lt;html&gt;
  &lt;head&gt;

  &lt;/head&gt;
  &lt;body&gt;
    &lt;p style=&quot;margin-top: 0&quot;&gt;
      
    &lt;/p&gt;
  &lt;/body&gt;
&lt;/html&gt;
&#039;, enabled=true, visible=true, showing=false]
              javax.swing.JScrollPane$ScrollBar[name=null, value=0, blockIncrement=10, minimum=0, maximum=100, enabled=true, visible=true, showing=false]
                javax.swing.plaf.synth.SynthScrollBarUI$2(javax.swing.plaf.synth.SynthArrowButton)[name=&#039;ScrollBar.button&#039;, text=&#039;&#039;, enabled=true, visible=true, showing=false]
                javax.swing.plaf.synth.SynthScrollBarUI$1(javax.swing.plaf.synth.SynthArrowButton)[name=&#039;ScrollBar.button&#039;, text=&#039;&#039;, enabled=true, visible=true, showing=false]
              javax.swing.JScrollPane$ScrollBar[name=null, value=0, blockIncrement=10, minimum=0, maximum=100, enabled=true, visible=true, showing=false]
                javax.swing.plaf.synth.SynthScrollBarUI$2(javax.swing.plaf.synth.SynthArrowButton)[name=&#039;ScrollBar.button&#039;, text=&#039;&#039;, enabled=true, visible=true, showing=false]
                javax.swing.plaf.synth.SynthScrollBarUI$1(javax.swing.plaf.synth.SynthArrowButton)[name=&#039;ScrollBar.button&#039;, text=&#039;&#039;, enabled=true, visible=true, showing=false]
            se.cambiosys.client.framework.components.CambioPanel[name=&#039;Subjectofcare.ExtendedGroupBannerPanel.buttonPanel&#039;]
              se.cambiosys.client.framework.components.CambioButton[name=&#039;Subjectofcare.ExtendedGroupBannerPanel.btnGroupCard&#039;, text=&#039;Group card&#039;, enabled=true, visible=true, showing=false]
  se.cambiosys.client.framework.subjectofcare.internal.gui.ExtendedPatientBannerDialog[name=&#039;Patients.PatientSOCSelectedPanel.PatientSOCSelectedPanel&#039;, title=null, enabled=true, modal=false, visible=false, showing=false]
    javax.swing.JRootPane[]
      javax.swing.JPanel[name=&#039;null.glassPane&#039;]
      javax.swing.JLayeredPane[]
        javax.swing.JPanel[name=&#039;null.contentPane&#039;]
          se.cambiosys.client.framework.subjectofcare.internal.gui.ExtendedPatientBannerPanel[name=&#039;Patients.PatientSOCSelectedPanel.PatientSOCSelectedPanel&#039;]
            se.cambiosys.client.framework.components.CambioScrollPane[name=&#039;Subjectofcare.ExtendedPatientBannerPanel.scrollPane&#039;, enabled=true, visible=true, showing=false]
              javax.swing.JViewport[,0,0,0x0,invalid,layout=javax.swing.ViewportLayout,alignmentX=0.0,alignmentY=0.0,border=,flags=25165824,maximumSize=,minimumSize=,preferredSize=,isViewSizeSet=false,lastPaintPosition=,scrollUnderway=false]
                se.cambiosys.client.framework.subjectofcare.internal.gui.ExtendedPatientBannerPanel$1(se.cambiosys.client.framework.components.CambioTextPane)[name=&#039;Subjectofcare.ExtendedPatientBannerPanel.textPane&#039;, text=&#039;&lt;html&gt;
  &lt;head&gt;

  &lt;/head&gt;
  &lt;body&gt;
    &lt;p style=&quot;margin-top: 0&quot;&gt;
      
    &lt;/p&gt;
  &lt;/body&gt;
&lt;/html&gt;
&#039;, enabled=true, visible=true, showing=false]
              javax.swing.JScrollPane$ScrollBar[name=null, value=0, blockIncrement=10, minimum=0, maximum=100, enabled=true, visible=true, showing=false]
                javax.swing.plaf.synth.SynthScrollBarUI$2(javax.swing.plaf.synth.SynthArrowButton)[name=&#039;ScrollBar.button&#039;, text=&#039;&#039;, enabled=true, visible=true, showing=false]
                javax.swing.plaf.synth.SynthScrollBarUI$1(javax.swing.plaf.synth.SynthArrowButton)[name=&#039;ScrollBar.button&#039;, text=&#039;&#039;, enabled=true, visible=true, showing=false]
              javax.swing.JScrollPane$ScrollBar[name=null, value=0, blockIncrement=10, minimum=0, maximum=100, enabled=true, visible=true, showing=false]
                javax.swing.plaf.synth.SynthScrollBarUI$2(javax.swing.plaf.synth.SynthArrowButton)[name=&#039;ScrollBar.button&#039;, text=&#039;&#039;, enabled=true, visible=true, showing=false]
                javax.swing.plaf.synth.SynthScrollBarUI$1(javax.swing.plaf.synth.SynthArrowButton)[name=&#039;ScrollBar.button&#039;, text=&#039;&#039;, enabled=true, visible=true, showing=false]
            se.cambiosys.client.framework.components.CambioPanel[name=&#039;Subjectofcare.ExtendedPatientBannerPanel.buttonPanel&#039;]
              se.cambiosys.client.framework.components.CambioButton[name=&#039;Subjectofcare.ExtendedPatientBannerPanel.btnPatientCard&#039;, text=&#039;Patient card&#039;, enabled=true, visible=true, showing=false]
">
      <![CDATA[java.lang.RuntimeException: se.cambio.test.taf.core.exception.ApplicationException: Unable to find JMenuItem using the specified GenericTypeMatcher. 
Error: Unable to find component using matcher se.cambio.test.taf.element.desktop.elementbase.core.BaseJMenu$2@4215e133.

Component hierarchy:
se.cambiosys.client.framework.core.internal.gui.MainWindow[name='jframe_main_window', title='Prasad Ranasinghe, (PrasadR), Central administrator*The Emergency department*', enabled=true, visible=true, showing=true]
  javax.swing.JRootPane[]
    se.cambiosys.client.framework.core.internal.gui.MainGlassPane[name=null]
    javax.swing.JLayeredPane[]
      javax.swing.JPanel[name=null]
        javax.swing.JPopupMenu[name=null, label=null, enabled=true, visible=true, showing=true]
          se.cambiosys.client.framework.core.internal.gui.CambioMenuSearchComponent[name=null]
            se.cambiosys.client.framework.components.CambioPanel[name=null]
              javax.swing.JTextField[name=null, text='', enabled=true, visible=true, showing=true]
              se.cambiosys.client.framework.components.CambioLabel[name='Table.cellRenderer', text='', enabled=true, visible=true, showing=true]
              se.cambiosys.client.framework.components.CambioButton[name=null, text='', enabled=true, visible=false, showing=false]
          se.cambiosys.client.framework.components.CambioMenu[name=null, text='Page Object Creator', selected=false, enabled=true, visible=true, showing=true]
            javax.swing.JPopupMenu[name=null, label=null, enabled=true, visible=false, showing=false]
              se.cambiosys.client.framework.menueditor.internal.InitializingMenuItem[name=null, text='Loading...', selected=false, enabled=true, visible=true, showing=false]
                se.cambiosys.client.framework.core.internal.CambioShortcutMenuButton[name=null, text='', selected=false, enabled=true, visible=true, showing=false]
          se.cambiosys.client.framework.components.CambioMenu[name=null, text='Activity', selected=false, enabled=true, visible=true, showing=true]
            javax.swing.JPopupMenu[name=null, label=null, enabled=true, visible=false, showing=false]
              se.cambiosys.client.framework.menueditor.internal.InitializingMenuItem[name=null, text='Order', selected=false, enabled=false, visible=true, showing=false]
                se.cambiosys.client.framework.core.internal.CambioShortcutMenuButton[name=null, text='', selected=true, enabled=true, visible=true, showing=false]
              se.cambiosys.client.framework.menueditor.internal.InitializingMenuItem[name=null, text='Order Administration', selected=false, enabled=true, visible=true, showing=false]
                se.cambiosys.client.framework.core.internal.CambioShortcutMenuButton[name=null, text='', selected=false, enabled=true, visible=true, showing=false]
          se.cambiosys.client.framework.components.CambioMenu[name=null, text='Patient Generated Care Entries', selected=false, enabled=true, visible=true, showing=true]
            javax.swing.JPopupMenu[name=null, label=null, enabled=true, visible=false, showing=false]
              se.cambiosys.client.framework.menueditor.internal.InitializingMenuItem[name=null, text='PG CareEntries Testing Tool', selected=false, enabled=true, visible=true, showing=false]
                se.cambiosys.client.framework.core.internal.CambioShortcutMenuButton[name=null, text='', selected=false, enabled=true, visible=true, showing=false]
          se.cambiosys.client.framework.components.CambioMenu[name=null, text='Referral', selected=false, enabled=true, visible=true, showing=true]
            javax.swing.JPopupMenu[name=null, label=null, enabled=true, visible=false, showing=false]
              se.cambiosys.client.framework.menueditor.internal.InitializingMenuItem[name=null, text='New referral', selected=false, enabled=true, visible=true, showing=false]
                se.cambiosys.client.framework.core.internal.CambioShortcutMenuButton[name=null, text='', selected=false, enabled=true, visible=true, showing=false]
              se.cambiosys.client.framework.menueditor.internal.InitializingMenuItem[name=null, text='Received referrals', selected=false, enabled=true, visible=true, showing=false]
                se.cambiosys.client.framework.core.internal.CambioShortcutMenuButton[name=null, text='', selected=false, enabled=true, visible=true, showing=false]
              se.cambiosys.client.framework.menueditor.internal.InitializingMenuItem[name=null, text='Register referral', selected=false, enabled=true, visible=true, showing=false]
                se.cambiosys.client.framework.core.internal.CambioShortcutMenuButton[name=null, text='', selected=false, enabled=true, visible=true, showing=false]
              se.cambiosys.client.framework.menueditor.internal.InitializingMenuItem[name=null, text='Saved and sent referrals', selected=false, enabled=true, visible=true, showing=false]
                se.cambiosys.client.framework.core.internal.CambioShortcutMenuButton[name=null, text='', selected=false, enabled=true, visible=true, showing=false]
              se.cambiosys.client.framework.menueditor.internal.InitializingMenuItem[name=null, text='Patient's list of answers', selected=false, enabled=true, visible=true, showing=false]
                se.cambiosys.client.framework.core.internal.CambioShortcutMenuButton[name=null, text='', selected=false, enabled=true, visible=true, showing=false]
              se.cambiosys.client.framework.components.CambioMenu[name=null, text='Administration', selected=false, enabled=true, visible=true, showing=false]
                javax.swing.JPopupMenu[name=null, label=null, enabled=true, visible=false, showing=false]
                  se.cambiosys.client.framework.menueditor.internal.InitializingMenuItem[name=null, text='Documentation templates', selected=false, enabled=true, visible=true, showing=false]
                    se.cambiosys.client.framework.core.internal.CambioShortcutMenuButton[name=null, text='', selected=false, enabled=true, visible=true, showing=false]
          se.cambiosys.client.framework.components.CambioMenu[name=null, text='Link', selected=false, enabled=true, visible=true, showing=true]
            javax.swing.JPopupMenu[name=null, label=null, enabled=true, visible=false, showing=false]
              se.cambiosys.client.framework.menueditor.internal.InitializingMenuItem[name=null, text='Case overview', selected=false, enabled=true, visible=true, showing=false]
                se.cambiosys.client.framework.core.internal.CambioShortcutMenuButton[name=null, text='', selected=false, enabled=true, visible=true, showing=false]
              se.cambiosys.client.framework.components.CambioMenu[name=null, text='Administration', selected=false, enabled=true, visible=true, showing=false]
                javax.swing.JPopupMenu[name=null, label=null, enabled=true, visible=false, showing=false]
                  se.cambiosys.client.framework.menueditor.internal.InitializingMenuItem[name=null, text='Suggested Admission message receivers', selected=false, enabled=true, visible=true, showing=false]
                    se.cambiosys.client.framework.core.internal.CambioShortcutMenuButton[name=null, text='', selected=false, enabled=true, visible=true, showing=false]
          se.cambiosys.client.framework.components.CambioMenu[name=null, text='Fluid balance', selected=false, enabled=true, visible=true, showing=true]
            javax.swing.JPopupMenu[name=null, label=null, enabled=true, visible=false, showing=false]
              se.cambiosys.client.framework.menueditor.internal.InitializingMenuItem[name=null, text='Fluid Balance', selected=false, enabled=true, visible=true, showing=false]
                se.cambiosys.client.framework.core.internal.CambioShortcutMenuButton[name=null, text='', selected=false, enabled=true, visible=true, showing=false]
          se.cambiosys.client.framework.components.CambioMenu[name=null, text='Help', selected=false, enabled=true, visible=true, showing=true]
            javax.swing.JPopupMenu[name=null, label=null, enabled=true, visible=false, showing=false]
              se.cambiosys.client.framework.menueditor.internal.InitializingMenuItem[name=null, text='About Cambio COSMIC...', selected=false, enabled=true, visible=true, showing=false]
                se.cambiosys.client.framework.core.internal.CambioShortcutMenuButton[name=null, text='', selected=false, enabled=true, visible=true, showing=false]
              se.cambiosys.client.framework.menueditor.internal.InitializingMenuItem[name=null, text='Help for Cosmic', selected=false, enabled=true, visible=true, showing=false]
                se.cambiosys.client.framework.core.internal.CambioShortcutMenuButton[name=null, text='', selected=false, enabled=true, visible=true, showing=false]
          se.cambiosys.client.framework.components.CambioMenu[name=null, text='CDS', selected=false, enabled=true, visible=true, showing=true]
            javax.swing.JPopupMenu[name=null, label=null, enabled=true, visible=false, showing=false]
              se.cambiosys.client.framework.menueditor.internal.InitializingMenuItem[name=null, text='CDS App Administration', selected=false, enabled=true, visible=true, showing=false]
                se.cambiosys.client.framework.core.internal.CambioShortcutMenuButton[name=null, text='', selected=false, enabled=true, visible=true, showing=false]
              se.cambiosys.client.framework.menueditor.internal.InitializingMenuItem[name=null, text='Stroke Prevention for Atrial Fibrillation', selected=false, enabled=true, visible=true, showing=false]
                se.cambiosys.client.framework.core.internal.CambioShortcutMenuButton[name=null, text='', selected=false, enabled=true, visible=true, showing=false]
          se.cambiosys.client.framework.components.CambioMenu[name=null, text='Resource planning', selected=false, enabled=true, visible=true, showing=true]
            javax.swing.JPopupMenu[name=null, label=null, enabled=true, visible=false, showing=false]
              se.cambiosys.client.framework.menueditor.internal.InitializingMenuItem[name=null, text='Schedule', selected=false, enabled=true, visible=true, showing=false]
                se.cambiosys.client.framework.core.internal.CambioShortcutMenuButton[name=null, text='', selected=false, enabled=true, visible=true, showing=false]
              se.cambiosys.client.framework.menueditor.internal.InitializingMenuItem[name=null, text='Schedule groups', selected=false, enabled=true, visible=true, showing=false]
                se.cambiosys.client.framework.core.internal.CambioShortcutMenuButton[name=null, text='', selected=false, enabled=true, visible=true, showing=false]
              se.cambiosys.client.framework.menueditor.internal.InitializingMenuItem[name=null, text='Schedule overview', selected=false, enabled=true, visible=true, showing=false]
                se.cambiosys.client.framework.core.internal.CambioShortcutMenuButton[name=null, text='', selected=false, enabled=true, visible=true, showing=false]
              se.cambiosys.client.framework.components.CambioMenu[name=null, text='Administration', selected=false, enabled=true, visible=true, showing=false]
                javax.swing.JPopupMenu[name=null, label=null, enabled=true, visible=false, showing=false]
                  se.cambiosys.client.framework.menueditor.internal.InitializingMenuItem[name=null, text='Connect time slot services', selected=false, enabled=true, visible=true, showing=false]
                    se.cambiosys.client.framework.core.internal.CambioShortcutMenuButton[name=null, text='', selected=false, enabled=true, visible=true, showing=false]
                  se.cambiosys.client.framework.components.CambioMenu[name=null, text='Scheme', selected=false, enabled=true, visible=true, showing=false]
                    javax.swing.JPopupMenu[name=null, label=null, enabled=true, visible=false, showing=false]
                      se.cambiosys.client.framework.menueditor.internal.InitializingMenuItem[name=null, text='Services scheme', selected=false, enabled=true, visible=true, showing=false]
                        se.cambiosys.client.framework.core.internal.CambioShortcutMenuButton[name=null, text='', selected=false, enabled=true, visible=true, showing=false]
                      se.cambiosys.client.framework.menueditor.internal.InitializingMenuItem[name=null, text='Scheme templates', selected=false, enabled=true, visible=true, showing=false]
                        se.cambiosys.client.framework.core.internal.CambioShortcutMenuButton[name=null, text='', selected=false, enabled=true, visible=true, showing=false]
                      se.cambiosys.client.framework.menueditor.internal.InitializingMenuItem[name=null, text='Resource's scheme', selected=false, enabled=true, visible=true, showing=false]
                        se.cambiosys.client.framework.core.internal.CambioShortcutMenuButton[name=null, text='', selected=false, enabled=true, visible=true, showing=false]
                  se.cambiosys.client.framework.components.CambioMenu[name=null, text='Staffing', selected=false, enabled=true, visible=true, showing=false]
                    javax.swing.JPopupMenu[name=null, label=null, enabled=true, visible=false, showing=false]
                      se.cambiosys.client.framework.menueditor.internal.InitializingMenuItem[name=null, text='Allocate resources - Services scheme', selected=false, enabled=true, visible=true, showing=false]
                        se.cambiosys.client.framework.core.internal.CambioShortcutMenuButton[name=null, text='', selected=false, enabled=true, visible=true, showing=false]
                      se.cambiosys.client.framework.menueditor.internal.InitializingMenuItem[name=null, text='Allocate resources - Scheme templates', selected=false, enabled=true, visible=true, showing=false]
                        se.cambiosys.client.framework.core.internal.CambioShortcutMenuButton[name=null, text='', selected=false, enabled=true, visible=true, showing=false]
                      se.cambiosys.client.framework.menueditor.internal.InitializingMenuItem[name=null, text='Services missing resources', selected=false, enabled=true, visible=true, showing=false]
                        se.cambiosys.client.framework.core.internal.CambioShortcutMenuButton[name=null, text='', selected=false, enabled=true, visible=true, showing=false]
              se.cambiosys.client.framework.menueditor.internal.InitializingMenuItem[name=null, text='Planned activities', selected=false, enabled=true, visible=true, showing=false]
                se.cambiosys.client.framework.core.internal.CambioShortcutMenuButton[name=null, text='', selected=false, enabled=true, visible=true, showing=false]
              se.cambiosys.client.framework.menueditor.internal.InitializingMenuItem[name=null, text='Planning form', selected=false, enabled=true, visible=true, showing=false]
                se.cambiosys.client.framework.core.internal.CambioShortcutMenuButton[name=null, text='', selected=false, enabled=true, visible=true, showing=false]
              se.cambiosys.client.framework.menueditor.internal.InitializingMenuItem[name=null, text='Light planning form', selected=false, enabled=true, visible=true, showing=false]
                se.cambiosys.client.framework.core.internal.CambioShortcutMenuButton[name=null, text='', selected=false, enabled=true, visible=true, showing=false]
          se.cambiosys.client.framework.components.CambioMenu[name=null, text='Activity handling', selected=false, enabled=true, visible=true, showing=true]
            javax.swing.JPopupMenu[name=null, label=null, enabled=true, visible=false, showing=false]
              se.cambiosys.client.framework.menueditor.internal.InitializingMenuItem[name=null, text='Activity handler', selected=false, enabled=true, visible=true, showing=false]
                se.cambiosys.client.framework.core.internal.CambioShortcutMenuButton[name=null, text='', selected=false, enabled=true, visible=true, showing=false]
              se.cambiosys.client.framework.components.CambioMenu[name=null, text='Administration', selected=false, enabled=true, visible=true, showing=false]
                javax.swing.JPopupMenu[name=null, label=null, enabled=true, visible=false, showing=false]
                  se.cambiosys.client.framework.menueditor.internal.InitializingMenuItem[name=null, text='Configuration of Activity plans', selected=false, enabled=true, visible=true, showing=false]
                    se.cambiosys.client.framework.core.internal.CambioShortcutMenuButton[name=null, text='', selected=false, enabled=true, visible=true, showing=false]
                  se.cambiosys.client.framework.menueditor.internal.InitializingMenuItem[name=null, text='Configuration of activity plan activation', selected=false, enabled=true, visible=true, showing=false]
                    se.cambiosys.client.framework.core.internal.CambioShortcutMenuButton[name=null, text='', selected=false, enabled=true, visible=true, showing=false]
          se.cambiosys.client.framework.components.CambioMenu[name=null, text='Drugs', selected=false, enabled=true, visible=true, showing=true]
            javax.swing.JPopupMenu[name=null, label=null, enabled=true, visible=false, showing=false]
              se.cambiosys.client.framework.menueditor.internal.InitializingMenuItem[name=null, text='Appliance', selected=false, enabled=true, visible=true, showing=false]
                se.cambiosys.client.framework.core.internal.CambioShortcutMenuButton[name=null, text='', selected=false, enabled=true, visible=true, showing=false]
              se.cambiosys.client.framework.menueditor.internal.InitializingMenuItem[name=null, text='Prescription', selected=false, enabled=true, visible=true, showing=false]
                se.cambiosys.client.framework.core.internal.CambioShortcutMenuButton[name=null, text='', selected=false, enabled=true, visible=true, showing=false]
              se.cambiosys.client.framework.menueditor.internal.InitializingMenuItem[name=null, text='R8.0 List of medications', selected=false, enabled=true, visible=true, showing=false]
                se.cambiosys.client.framework.core.internal.CambioShortcutMenuButton[name=null, text='', selected=false, enabled=true, visible=true, showing=false]
              se.cambiosys.client.framework.components.CambioMenu[name=null, text='Administration', selected=false, enabled=true, visible=true, showing=false]
                javax.swing.JPopupMenu[name=null, label=null, enabled=true, visible=false, showing=false]
                  se.cambiosys.client.framework.menueditor.internal.InitializingMenuItem[name=null, text='Sent E-prescriptions', selected=false, enabled=true, visible=true, showing=false]
                    se.cambiosys.client.framework.core.internal.CambioShortcutMenuButton[name=null, text='', selected=false, enabled=true, visible=true, showing=false]
              se.cambiosys.client.framework.menueditor.internal.InitializingMenuItem[name=null, text='Warnings, cautions and infected blood', selected=false, enabled=false, visible=true, showing=false]
                se.cambiosys.client.framework.core.internal.CambioShortcutMenuButton[name=null, text='', selected=false, enabled=true, visible=true, showing=false]
              se.cambiosys.client.framework.menueditor.internal.InitializingMenuItem[name=null, text='Medical administration record', selected=false, enabled=true, visible=true, showing=false]
                se.cambiosys.client.framework.core.internal.CambioShortcutMenuButton[name=null, text='', selected=false, enabled=true, visible=true, showing=false]
              se.cambiosys.client.framework.menueditor.internal.InitializingMenuItem[name=null, text='Decision about medication at admission', selected=false, enabled=true, visible=true, showing=false]
                se.cambiosys.client.framework.core.internal.CambioShortcutMenuButton[name=null, text='', selected=false, enabled=true, visible=true, showing=false]
          se.cambiosys.client.framework.components.CambioMenu[name=null, text='Concept', selected=false, enabled=true, visible=true, showing=true]
            javax.swing.JPopupMenu[name=null, label=null, enabled=true, visible=false, showing=false]
              se.cambiosys.client.framework.menueditor.internal.InitializingMenuItem[name=null, text='Terminology binding configuration', selected=false, enabled=true, visible=true, showing=false]
                se.cambiosys.client.framework.core.internal.CambioShortcutMenuButton[name=null, text='', selected=false, enabled=true, visible=true, showing=false]
          se.cambiosys.client.framework.components.CambioMenu[name=null, text='Block Administration', selected=false, enabled=true, visible=true, showing=true]
            javax.swing.JPopupMenu[name=null, label=null, enabled=true, visible=false, showing=false]
              se.cambiosys.client.framework.menueditor.internal.InitializingMenuItem[name=null, text='Block Administration', selected=false, enabled=true, visible=true, showing=false]
                se.cambiosys.client.framework.core.internal.CambioShortcutMenuButton[name=null, text='', selected=false, enabled=true, visible=true, showing=false]
          se.cambiosys.client.framework.components.CambioMenu[name=null, text='Overviews', selected=false, enabled=true, visible=true, showing=true]
            javax.swing.JPopupMenu[name=null, label=null, enabled=true, visible=false, showing=false]
              se.cambiosys.client.framework.menueditor.internal.InitializingMenuItem[name=null, text='Unsigned and Unacknowledged', selected=false, enabled=true, visible=true, showing=false]
                se.cambiosys.client.framework.core.internal.CambioShortcutMenuButton[name=null, text='', selected=false, enabled=true, visible=true, showing=false]
              se.cambiosys.client.framework.components.CambioMenu[name=null, text='Unit overviews', selected=false, enabled=true, visible=true, showing=false]
                javax.swing.JPopupMenu[name=null, label=null, enabled=true, visible=false, showing=false]
                  se.cambiosys.client.framework.menueditor.internal.InitializingMenuItem[name=null, text='Services', selected=false, enabled=true, visible=true, showing=false]
                    se.cambiosys.client.framework.core.internal.CambioShortcutMenuButton[name=null, text='', selected=false, enabled=true, visible=true, showing=false]
                  se.cambiosys.client.framework.menueditor.internal.InitializingMenuItem[name=null, text='Commitment', selected=false, enabled=true, visible=true, showing=false]
                    se.cambiosys.client.framework.core.internal.CambioShortcutMenuButton[name=null, text='', selected=false, enabled=true, visible=true, showing=false]
                  se.cambiosys.client.framework.menueditor.internal.InitializingMenuItem[name=null, text='Admission overview', selected=false, enabled=true, visible=true, showing=false]
                    se.cambiosys.client.framework.core.internal.CambioShortcutMenuButton[name=null, text='', selected=false, enabled=true, visible=true, showing=false]
                  se.cambiosys.client.framework.menueditor.internal.InitializingMenuItem[name=null, text='Loading...', selected=false, enabled=true, visible=true, showing=false]
                    se.cambiosys.client.framework.core.internal.CambioShortcutMenuButton[name=null, text='', selected=false, enabled=true, visible=true, showing=false]
                  se.cambiosys.client.framework.menueditor.internal.InitializingMenuItem[name=null, text='Loading...', selected=false, enabled=true, visible=true, showing=false]
                    se.cambiosys.client.framework.core.internal.CambioShortcutMenuButton[name=null, text='', selected=false, enabled=true, visible=true, showing=false]
              se.cambiosys.client.framework.menueditor.internal.InitializingMenuItem[name=null, text='Visit Overview', selected=false, enabled=true, visible=true, showing=false]
                se.cambiosys.client.framework.core.internal.CambioShortcutMenuButton[name=null, text='', selected=false, enabled=true, visible=true, showing=false]
              se.cambiosys.client.framework.menueditor.internal.InitializingMenuItem[name=null, text='Clinical overview - OP', selected=false, enabled=true, visible=true, showing=false]
                se.cambiosys.client.framework.core.internal.CambioShortcutMenuButton[name=null, text='', selected=false, enabled=true, visible=true, showing=false]
              se.cambiosys.client.framework.menueditor.internal.InitializingMenuItem[name=null, text='Clinical overview - IP', selected=false, enabled=true, visible=true, showing=false]
                se.cambiosys.client.framework.core.internal.CambioShortcutMenuButton[name=null, text='', selected=false, enabled=true, visible=true, showing=false]
              se.cambiosys.client.framework.menueditor.internal.InitializingMenuItem[name=null, text='Process view', selected=false, enabled=true, visible=true, showing=false]
                se.cambiosys.client.framework.core.internal.CambioShortcutMenuButton[name=null, text='', selected=false, enabled=true, visible=true, showing=false]
              se.cambiosys.client.framework.menueditor.internal.InitializingMenuItem[name=null, text='Dynamic overviews - Administration', selected=false, enabled=true, visible=true, showing=false]
                se.cambiosys.client.framework.core.internal.CambioShortcutMenuButton[name=null, text='', selected=false, enabled=true, visible=true, showing=false]
              se.cambiosys.client.framework.components.CambioMenu[name=null, text='Dynamic overviews', selected=false, enabled=true, visible=true, showing=false]
                javax.swing.JPopupMenu[name=null, label=null, enabled=true, visible=false, showing=false]
                  se.cambiosys.client.overviewmodule.Module$8(se.cambiosys.client.framework.components.CambioMenuItem)[name=null, text='All views*', selected=false, enabled=true, visible=true, showing=false]
                    se.cambiosys.client.framework.core.internal.CambioShortcutMenuButton[name=null, text='', selected=false, enabled=true, visible=true, showing=false]
                  se.cambiosys.client.overviewmodule.Module$8(se.cambiosys.client.framework.components.CambioMenuItem)[name=null, text='Doctor*', selected=false, enabled=true, visible=true, showing=false]
                    se.cambiosys.client.framework.core.internal.CambioShortcutMenuButton[name=null, text='', selected=false, enabled=true, visible=true, showing=false]
                  se.cambiosys.client.overviewmodule.Module$8(se.cambiosys.client.framework.components.CambioMenuItem)[name=null, text='Inpatient*', selected=false, enabled=true, visible=true, showing=false]
                    se.cambiosys.client.framework.core.internal.CambioShortcutMenuButton[name=null, text='', selected=false, enabled=true, visible=true, showing=false]
                  se.cambiosys.client.overviewmodule.Module$8(se.cambiosys.client.framework.components.CambioMenuItem)[name=null, text='Patient*', selected=false, enabled=true, visible=true, showing=false]
                    se.cambiosys.client.framework.core.internal.CambioShortcutMenuButton[name=null, text='', selected=false, enabled=true, visible=true, showing=false]
              se.cambiosys.client.framework.menueditor.internal.InitializingMenuItem[name=null, text='Patient Overview', selected=false, enabled=true, visible=true, showing=false]
                se.cambiosys.client.framework.core.internal.CambioShortcutMenuButton[name=null, text='', selected=false, enabled=true, visible=true, showing=false]
              se.cambiosys.client.framework.menueditor.internal.InitializingMenuItem[name=null, text='Analyse Area', selected=false, enabled=true, visible=true, showing=false]
                se.cambiosys.client.framework.core.internal.CambioShortcutMenuButton[name=null, text='', selected=false, enabled=true, visible=true, showing=false]
              se.cambiosys.client.framework.menueditor.internal.InitializingMenuItem[name=null, text='My Overview', selected=false, enabled=true, visible=true, showing=false]
                se.cambiosys.client.framework.core.internal.CambioShortcutMenuButton[name=null, text='', selected=false, enabled=true, visible=true, showing=false]
              se.cambiosys.client.framework.menueditor.internal.InitializingMenuItem[name=null, text='Management Overview', selected=false, enabled=true, visible=true, showing=false]
                se.cambiosys.client.framework.core.internal.CambioShortcutMenuButton[name=null, text='', selected=false, enabled=true, visible=true, showing=false]
              se.cambiosys.client.framework.menueditor.internal.InitializingMenuItem[name=null, text='List of visits', selected=false, enabled=true, visible=true, showing=false]
                se.cambiosys.client.framework.core.internal.CambioShortcutMenuButton[name=null, text='', selected=false, enabled=true, visible=true, showing=false]
              se.cambiosys.client.framework.menueditor.internal.InitializingMenuItem[name=null, text='Connection Overview', selected=false, enabled=true, visible=true, showing=false]
                se.cambiosys.client.framework.core.internal.CambioShortcutMenuButton[name=null, text='', selected=false, enabled=true, visible=true, showing=false]
              se.cambiosys.client.framework.components.CambioMenu[name=null, text='Unit overview-Administration', selected=false, enabled=true, visible=true, showing=false]
                javax.swing.JPopupMenu[name=null, label=null, enabled=true, visible=false, showing=false]
                  se.cambiosys.client.framework.components.CambioMenu[name=null, text='Priority configuration', selected=false, enabled=true, visible=true, showing=false]
                    javax.swing.JPopupMenu[name=null, label=null, enabled=true, visible=false, showing=false]
                      se.cambiosys.client.framework.menueditor.internal.InitializingMenuItem[name=null, text='Loading...', selected=false, enabled=true, visible=true, showing=false]
                        se.cambiosys.client.framework.core.internal.CambioShortcutMenuButton[name=null, text='', selected=false, enabled=true, visible=true, showing=false]
                      se.cambiosys.client.framework.menueditor.internal.InitializingMenuItem[name=null, text='Loading...', selected=false, enabled=true, visible=true, showing=false]
                        se.cambiosys.client.framework.core.internal.CambioShortcutMenuButton[name=null, text='', selected=false, enabled=true, visible=true, showing=false]
                  se.cambiosys.client.framework.components.CambioMenu[name=null, text='OW Configuration', selected=false, enabled=true, visible=true, showing=false]
                    javax.swing.JPopupMenu[name=null, label=null, enabled=true, visible=false, showing=false]
                      se.cambiosys.client.framework.menueditor.internal.InitializingMenuItem[name=null, text='Loading...', selected=false, enabled=true, visible=true, showing=false]
                        se.cambiosys.client.framework.core.internal.CambioShortcutMenuButton[name=null, text='', selected=false, enabled=true, visible=true, showing=false]
                      se.cambiosys.client.framework.menueditor.internal.InitializingMenuItem[name=null, text='Loading...', selected=false, enabled=true, visible=true, showing=false]
                        se.cambiosys.client.framework.core.internal.CambioShortcutMenuButton[name=null, text='', selected=false, enabled=true, visible=true, showing=false]
                      se.cambiosys.client.framework.menueditor.internal.InitializingMenuItem[name=null, text='Loading...', selected=false, enabled=true, visible=true, showing=false]
                        se.cambiosys.client.framework.core.internal.CambioShortcutMenuButton[name=null, text='', selected=false, enabled=true, visible=true, showing=false]
                  se.cambiosys.client.framework.menueditor.internal.InitializingMenuItem[name=null, text='Loading...', selected=false, enabled=true, visible=true, showing=false]
                    se.cambiosys.client.framework.core.internal.CambioShortcutMenuButton[name=null, text='', selected=false, enabled=true, visible=true, showing=false]
          se.cambiosys.client.framework.components.CambioMenu[name=null, text='Messenger', selected=false, enabled=true, visible=true, showing=true]
            javax.swing.JPopupMenu[name=null, label=null, enabled=true, visible=false, showing=false]
              se.cambiosys.client.framework.menueditor.internal.InitializingMenuItem[name=null, text='Inbox', selected=false, enabled=true, visible=true, showing=false]
                se.cambiosys.client.framework.core.internal.CambioShortcutMenuButton[name=null, text='', selected=false, enabled=true, visible=true, showing=false]
              se.cambiosys.client.framework.menueditor.internal.InitializingMenuItem[name=null, text='New message', selected=false, enabled=true, visible=true, showing=false]
                se.cambiosys.client.framework.core.internal.CambioShortcutMenuButton[name=null, text='', selected=false, enabled=true, visible=true, showing=false]
              se.cambiosys.client.framework.menueditor.internal.InitializingMenuItem[name=null, text='New broadcast message', selected=false, enabled=true, visible=true, showing=false]
                se.cambiosys.client.framework.core.internal.CambioShortcutMenuButton[name=null, text='', selected=false, enabled=true, visible=true, showing=false]
              se.cambiosys.client.framework.components.CambioMenu[name=null, text='Administration', selected=false, enabled=true, visible=true, showing=false]
                javax.swing.JPopupMenu[name=null, label=null, enabled=true, visible=false, showing=false]
                  se.cambiosys.client.framework.menueditor.internal.InitializingMenuItem[name=null, text='Recipient group', selected=false, enabled=true, visible=true, showing=false]
                    se.cambiosys.client.framework.core.internal.CambioShortcutMenuButton[name=null, text='', selected=false, enabled=true, visible=true, showing=false]
                  se.cambiosys.client.framework.menueditor.internal.InitializingMenuItem[name=null, text='Messenger accounts', selected=false, enabled=true, visible=true, showing=false]
                    se.cambiosys.client.framework.core.internal.CambioShortcutMenuButton[name=null, text='', selected=false, enabled=true, visible=true, showing=false]
                  se.cambiosys.client.framework.menueditor.internal.InitializingMenuItem[name=null, text='Access to other users' Messenger accounts', selected=false, enabled=true, visible=true, showing=false]
                    se.cambiosys.client.framework.core.internal.CambioShortcutMenuButton[name=null, text='', selected=false, enabled=true, visible=true, showing=false]
                  se.cambiosys.client.framework.menueditor.internal.InitializingMenuItem[name=null, text='Out of office administration', selected=false, enabled=true, visible=true, showing=false]
                    se.cambiosys.client.framework.core.internal.CambioShortcutMenuButton[name=null, text='', selected=false, enabled=true, visible=true, showing=false]
          se.cambiosys.client.framework.components.CambioMenu[name=null, text='Administration', selected=false, enabled=true, visible=true, showing=true]
            javax.swing.JPopupMenu[name=null, label=null, enabled=true, visible=false, showing=false]
              se.cambiosys.client.framework.menueditor.internal.InitializingMenuItem[name=null, text='Unit register', selected=false, enabled=true, visible=true, showing=false]
                se.cambiosys.client.framework.core.internal.CambioShortcutMenuButton[name=null, text='', selected=false, enabled=true, visible=true, showing=false]
              se.cambiosys.client.framework.menueditor.internal.InitializingMenuItem[name=null, text='Resources', selected=false, enabled=true, visible=true, showing=false]
                se.cambiosys.client.framework.core.internal.CambioShortcutMenuButton[name=null, text='', selected=false, enabled=true, visible=true, showing=false]
              se.cambiosys.client.framework.components.CambioMenu[name=null, text='Permission', selected=false, enabled=true, visible=true, showing=false]
                javax.swing.JPopupMenu[name=null, label=null, enabled=true, visible=false, showing=false]
                  se.cambiosys.client.framework.menueditor.internal.InitializingMenuItem[name=null, text='Define access', selected=false, enabled=true, visible=true, showing=false]
                    se.cambiosys.client.framework.core.internal.CambioShortcutMenuButton[name=null, text='', selected=false, enabled=true, visible=true, showing=false]
                  se.cambiosys.client.framework.menueditor.internal.InitializingMenuItem[name=null, text='Access overview', selected=false, enabled=true, visible=true, showing=false]
                    se.cambiosys.client.framework.core.internal.CambioShortcutMenuButton[name=null, text='', selected=false, enabled=true, visible=true, showing=false]
                  se.cambiosys.client.framework.menueditor.internal.InitializingMenuItem[name=null, text='Profile manager', selected=false, enabled=true, visible=true, showing=false]
                    se.cambiosys.client.framework.core.internal.CambioShortcutMenuButton[name=null, text='', selected=false, enabled=true, visible=true, showing=false]
              se.cambiosys.client.framework.components.CambioMenu[name=null, text='Settings', selected=false, enabled=true, visible=true, showing=false]
                javax.swing.JPopupMenu[name=null, label=null, enabled=true, visible=false, showing=false]
                  se.cambiosys.client.framework.menueditor.internal.InitializingMenuItem[name=null, text='Log settings', selected=false, enabled=true, visible=true, showing=false]
                    se.cambiosys.client.framework.core.internal.CambioShortcutMenuButton[name=null, text='', selected=false, enabled=true, visible=true, showing=false]
                  se.cambiosys.client.framework.menueditor.internal.InitializingMenuItem[name=null, text='Server settings', selected=false, enabled=true, visible=true, showing=false]
                    se.cambiosys.client.framework.core.internal.CambioShortcutMenuButton[name=null, text='', selected=false, enabled=true, visible=true, showing=false]
                  se.cambiosys.client.framework.menueditor.internal.InitializingMenuItem[name=null, text='Personal settings and selections', selected=false, enabled=true, visible=true, showing=false]
                    se.cambiosys.client.framework.core.internal.CambioShortcutMenuButton[name=null, text='', selected=false, enabled=true, visible=true, showing=false]
                  se.cambiosys.client.framework.menueditor.internal.InitializingMenuItem[name=null, text='Global settings and selections', selected=false, enabled=true, visible=true, showing=false]
                    se.cambiosys.client.framework.core.internal.CambioShortcutMenuButton[name=null, text='', selected=false, enabled=true, visible=true, showing=false]
                  se.cambiosys.client.framework.menueditor.internal.InitializingMenuItem[name=null, text='Settings and selections', selected=false, enabled=true, visible=true, showing=false]
                    se.cambiosys.client.framework.core.internal.CambioShortcutMenuButton[name=null, text='', selected=false, enabled=true, visible=true, showing=false]
                  se.cambiosys.client.framework.menueditor.internal.InitializingMenuItem[name=null, text='Administration nodes', selected=false, enabled=true, visible=true, showing=false]
                    se.cambiosys.client.framework.core.internal.CambioShortcutMenuButton[name=null, text='', selected=false, enabled=true, visible=true, showing=false]
                  se.cambiosys.client.framework.menueditor.internal.InitializingMenuItem[name=null, text='Places', selected=false, enabled=true, visible=true, showing=false]
                    se.cambiosys.client.framework.core.internal.CambioShortcutMenuButton[name=null, text='', selected=false, enabled=true, visible=true, showing=false]
              se.cambiosys.client.framework.menueditor.internal.InitializingMenuItem[name=null, text='User', selected=false, enabled=true, visible=true, showing=false]
                se.cambiosys.client.framework.core.internal.CambioShortcutMenuButton[name=null, text='', selected=false, enabled=true, visible=true, showing=false]
              se.cambiosys.client.framework.menueditor.internal.InitializingMenuItem[name=null, text='Roles', selected=false, enabled=true, visible=true, showing=false]
                se.cambiosys.client.framework.core.internal.CambioShortcutMenuButton[name=null, text='', selected=false, enabled=true, visible=true, showing=false]
              se.cambiosys.client.framework.menueditor.internal.InitializingMenuItem[name=null, text='Type definitions', selected=false, enabled=true, visible=true, showing=false]
                se.cambiosys.client.framework.core.internal.CambioShortcutMenuButton[name=null, text='', selected=false, enabled=true, visible=true, showing=false]
              se.cambiosys.client.framework.components.CambioMenu[name=null, text='Terms & Concept', selected=false, enabled=true, visible=true, showing=false]
                javax.swing.JPopupMenu[name=null, label=null, enabled=true, visible=false, showing=false]
                  se.cambiosys.client.framework.menueditor.internal.InitializingMenuItem[name=null, text='Terms', selected=false, enabled=true, visible=true, showing=false]
                    se.cambiosys.client.framework.core.internal.CambioShortcutMenuButton[name=null, text='', selected=false, enabled=true, visible=true, showing=false]
                  se.cambiosys.client.framework.menueditor.internal.InitializingMenuItem[name=null, text='Concept', selected=false, enabled=true, visible=true, showing=false]
                    se.cambiosys.client.framework.core.internal.CambioShortcutMenuButton[name=null, text='', selected=false, enabled=true, visible=true, showing=false]
              se.cambiosys.client.framework.menueditor.internal.InitializingMenuItem[name=null, text='Ranges', selected=false, enabled=true, visible=true, showing=false]
                se.cambiosys.client.framework.core.internal.CambioShortcutMenuButton[name=null, text='', selected=false, enabled=true, visible=true, showing=false]
              se.cambiosys.client.framework.menueditor.internal.InitializingMenuItem[name=null, text='Reports', selected=false, enabled=true, visible=true, showing=false]
                se.cambiosys.client.framework.core.internal.CambioShortcutMenuButton[name=null, text='', selected=false, enabled=true, visible=true, showing=false]
              se.cambiosys.client.framework.menueditor.internal.InitializingMenuItem[name=null, text='Import reports', selected=false, enabled=true, visible=true, showing=false]
                se.cambiosys.client.framework.core.internal.CambioShortcutMenuButton[name=null, text='', selected=false, enabled=true, visible=true, showing=false]
              se.cambiosys.client.framework.menueditor.internal.InitializingMenuItem[name=null, text='Phrase editor', selected=false, enabled=true, visible=true, showing=false]
                se.cambiosys.client.framework.core.internal.CambioShortcutMenuButton[name=null, text='', selected=false, enabled=true, visible=true, showing=false]
              se.cambiosys.client.framework.components.CambioMenu[name=null, text='Services', selected=false, enabled=true, visible=true, showing=false]
                javax.swing.JPopupMenu[name=null, label=null, enabled=true, visible=false, showing=false]
                  se.cambiosys.client.framework.menueditor.internal.InitializingMenuItem[name=null, text='Services', selected=false, enabled=true, visible=true, showing=false]
                    se.cambiosys.client.framework.core.internal.CambioShortcutMenuButton[name=null, text='', selected=false, enabled=true, visible=true, showing=false]
                  se.cambiosys.client.framework.menueditor.internal.InitializingMenuItem[name=null, text='Offers of the unit', selected=false, enabled=true, visible=true, showing=false]
                    se.cambiosys.client.framework.core.internal.CambioShortcutMenuButton[name=null, text='', selected=false, enabled=true, visible=true, showing=false]
              se.cambiosys.client.framework.menueditor.internal.InitializingMenuItem[name=null, text='Selection', selected=false, enabled=true, visible=true, showing=false]
                se.cambiosys.client.framework.core.internal.CambioShortcutMenuButton[name=null, text='', selected=false, enabled=true, visible=true, showing=false]
              se.cambiosys.client.framework.menueditor.internal.InitializingMenuItem[name=null, text='Printers', selected=false, enabled=true, visible=true, showing=false]
                se.cambiosys.client.framework.core.internal.CambioShortcutMenuButton[name=null, text='', selected=false, enabled=true, visible=true, showing=false]
              se.cambiosys.client.framework.components.CambioMenu[name=null, text='Secrecy administration', selected=false, enabled=true, visible=true, showing=false]
                javax.swing.JPopupMenu[name=null, label=null, enabled=true, visible=false, showing=false]
                  se.cambiosys.client.framework.menueditor.internal.InitializingMenuItem[name=null, text='Secrecy groups', selected=false, enabled=true, visible=true, showing=false]
                    se.cambiosys.client.framework.core.internal.CambioShortcutMenuButton[name=null, text='', selected=false, enabled=true, visible=true, showing=false]
                  se.cambiosys.client.framework.menueditor.internal.InitializingMenuItem[name=null, text='Secrecy level', selected=false, enabled=true, visible=true, showing=false]
                    se.cambiosys.client.framework.core.internal.CambioShortcutMenuButton[name=null, text='', selected=false, enabled=true, visible=true, showing=false]
                  se.cambiosys.client.framework.menueditor.internal.InitializingMenuItem[name=null, text='Secrecy rules', selected=false, enabled=true, visible=true, showing=false]
                    se.cambiosys.client.framework.core.internal.CambioShortcutMenuButton[name=null, text='', selected=false, enabled=true, visible=true, showing=false]
              se.cambiosys.client.framework.menueditor.internal.InitializingMenuItem[name=null, text='Schedule backup', selected=false, enabled=true, visible=true, showing=false]
                se.cambiosys.client.framework.core.internal.CambioShortcutMenuButton[name=null, text='', selected=false, enabled=true, visible=true, showing=false]
              se.cambiosys.client.framework.menueditor.internal.InitializingMenuItem[name=null, text='Template administration', selected=false, enabled=true, visible=true, showing=false]
                se.cambiosys.client.framework.core.internal.CambioShortcutMenuButton[name=null, text='', selected=false, enabled=true, visible=true, showing=false]
              se.cambiosys.client.framework.menueditor.internal.InitializingMenuItem[name=null, text='Printout Handler', selected=false, enabled=true, visible=true, showing=false]
                se.cambiosys.client.framework.core.internal.CambioShortcutMenuButton[name=null, text='', selected=false, enabled=true, visible=true, showing=false]
              se.cambiosys.client.framework.menueditor.internal.InitializingMenuItem[name=null, text='Unit handler', selected=false, enabled=true, visible=true, showing=false]
                se.cambiosys.client.framework.core.internal.CambioShortcutMenuButton[name=null, text='', selected=false, enabled=true, visible=true, showing=false]
              se.cambiosys.client.framework.menueditor.internal.InitializingMenuItem[name=null, text='Access Log', selected=false, enabled=true, visible=true, showing=false]
                se.cambiosys.client.framework.core.internal.CambioShortcutMenuButton[name=null, text='', selected=false, enabled=true, visible=true, showing=false]
              se.cambiosys.client.framework.menueditor.internal.InitializingMenuItem[name=null, text='Configuration of Access Log', selected=false, enabled=true, visible=true, showing=false]
                se.cambiosys.client.framework.core.internal.CambioShortcutMenuButton[name=null, text='', selected=false, enabled=true, visible=true, showing=false]
              se.cambiosys.client.framework.menueditor.internal.InitializingMenuItem[name=null, text='Application logger', selected=false, enabled=true, visible=true, showing=false]
                se.cambiosys.client.framework.core.internal.CambioShortcutMenuButton[name=null, text='', selected=false, enabled=true, visible=true, showing=false]
              se.cambiosys.client.framework.menueditor.internal.InitializingMenuItem[name=null, text='eVisit Configuration', selected=false, enabled=true, visible=true, showing=false]
                se.cambiosys.client.framework.core.internal.CambioShortcutMenuButton[name=null, text='', selected=false, enabled=true, visible=true, showing=false]
              se.cambiosys.client.framework.components.CambioMenu[name=null, text='Order management', selected=false, enabled=true, visible=true, showing=false]
                javax.swing.JPopupMenu[name=null, label=null, enabled=true, visible=false, showing=false]
                  se.cambiosys.client.framework.menueditor.internal.InitializingMenuItem[name=null, text='Catalog administration', selected=false, enabled=true, visible=true, showing=false]
                    se.cambiosys.client.framework.core.internal.CambioShortcutMenuButton[name=null, text='', selected=false, enabled=true, visible=true, showing=false]
                  se.cambiosys.client.framework.menueditor.internal.InitializingMenuItem[name=null, text='File administration', selected=false, enabled=true, visible=true, showing=false]
                    se.cambiosys.client.framework.core.internal.CambioShortcutMenuButton[name=null, text='', selected=false, enabled=true, visible=true, showing=false]
                  se.cambiosys.client.framework.menueditor.internal.InitializingMenuItem[name=null, text='Secrecy administration', selected=false, enabled=true, visible=true, showing=false]
                    se.cambiosys.client.framework.core.internal.CambioShortcutMenuButton[name=null, text='', selected=false, enabled=true, visible=true, showing=false]
                  se.cambiosys.client.framework.menueditor.internal.InitializingMenuItem[name=null, text='Groups/packages/profiles', selected=false, enabled=true, visible=true, showing=false]
                    se.cambiosys.client.framework.core.internal.CambioShortcutMenuButton[name=null, text='', selected=false, enabled=true, visible=true, showing=false]
                  se.cambiosys.client.framework.menueditor.internal.InitializingMenuItem[name=null, text='Sorting orders', selected=false, enabled=true, visible=true, showing=false]
                    se.cambiosys.client.framework.core.internal.CambioShortcutMenuButton[name=null, text='', selected=false, enabled=true, visible=true, showing=false]
                  se.cambiosys.client.framework.menueditor.internal.InitializingMenuItem[name=null, text='Local analyses', selected=false, enabled=true, visible=true, showing=false]
                    se.cambiosys.client.framework.core.internal.CambioShortcutMenuButton[name=null, text='', selected=false, enabled=true, visible=true, showing=false]
                  se.cambiosys.client.framework.menueditor.internal.InitializingMenuItem[name=null, text='Label printer', selected=false, enabled=true, visible=true, showing=false]
                    se.cambiosys.client.framework.core.internal.CambioShortcutMenuButton[name=null, text='', selected=false, enabled=true, visible=true, showing=false]
              se.cambiosys.client.framework.menueditor.internal.InitializingMenuItem[name=null, text='Configure Y-axis for Clinical Parameter', selected=false, enabled=true, visible=true, showing=false]
                se.cambiosys.client.framework.core.internal.CambioShortcutMenuButton[name=null, text='', selected=false, enabled=true, visible=true, showing=false]
              se.cambiosys.client.framework.components.CambioMenu[name=null, text='Visits and admissions', selected=false, enabled=true, visible=true, showing=false]
                javax.swing.JPopupMenu[name=null, label=null, enabled=true, visible=false, showing=false]
                  se.cambiosys.client.framework.menueditor.internal.InitializingMenuItem[name=null, text='Create new visit / admission', selected=false, enabled=true, visible=true, showing=false]
                    se.cambiosys.client.framework.core.internal.CambioShortcutMenuButton[name=null, text='', selected=false, enabled=true, visible=true, showing=false]
                  se.cambiosys.client.framework.menueditor.internal.InitializingMenuItem[name=null, text='Edit visit / admission', selected=false, enabled=true, visible=true, showing=false]
                    se.cambiosys.client.framework.core.internal.CambioShortcutMenuButton[name=null, text='', selected=false, enabled=true, visible=true, showing=false]
              se.cambiosys.client.framework.components.CambioMenu[name=null, text='Publishing', selected=false, enabled=true, visible=true, showing=false]
                javax.swing.JPopupMenu[name=null, label=null, enabled=true, visible=false, showing=false]
                  se.cambiosys.client.framework.menueditor.internal.InitializingMenuItem[name=null, text='Mining', selected=false, enabled=true, visible=true, showing=false]
                    se.cambiosys.client.framework.core.internal.CambioShortcutMenuButton[name=null, text='', selected=false, enabled=true, visible=true, showing=false]
                  se.cambiosys.client.framework.menueditor.internal.InitializingMenuItem[name=null, text='Error management', selected=false, enabled=true, visible=true, showing=false]
                    se.cambiosys.client.framework.core.internal.CambioShortcutMenuButton[name=null, text='', selected=false, enabled=true, visible=true, showing=false]
              se.cambiosys.client.framework.menueditor.internal.InitializingMenuItem[name=null, text='CCP Filter Configuration', selected=false, enabled=true, visible=true, showing=false]
                se.cambiosys.client.framework.core.internal.CambioShortcutMenuButton[name=null, text='', selected=false, enabled=true, visible=true, showing=false]
              se.cambiosys.client.framework.menueditor.internal.InitializingMenuItem[name=null, text='Menu editor', selected=false, enabled=true, visible=true, showing=false]
                se.cambiosys.client.framework.core.internal.CambioShortcutMenuButton[name=null, text='', selected=false, enabled=true, visible=true, showing=false]
              se.cambiosys.client.framework.menueditor.internal.InitializingMenuItem[name=null, text='Script', selected=false, enabled=true, visible=true, showing=false]
                se.cambiosys.client.framework.core.internal.CambioShortcutMenuButton[name=null, text='', selected=false, enabled=true, visible=true, showing=false]
              se.cambiosys.client.framework.components.CambioMenu[name=null, text='Spell Check', selected=false, enabled=true, visible=true, showing=false]
                javax.swing.JPopupMenu[name=null, label=null, enabled=true, visible=false, showing=false]
                  se.cambiosys.client.framework.menueditor.internal.InitializingMenuItem[name=null, text='Settings', selected=false, enabled=true, visible=true, showing=false]
                    se.cambiosys.client.framework.core.internal.CambioShortcutMenuButton[name=null, text='', selected=false, enabled=true, visible=true, showing=false]
                  se.cambiosys.client.framework.menueditor.internal.InitializingMenuItem[name=null, text='User dictionary', selected=false, enabled=true, visible=true, showing=false]
                    se.cambiosys.client.framework.core.internal.CambioShortcutMenuButton[name=null, text='', selected=false, enabled=true, visible=true, showing=false]
                  se.cambiosys.client.framework.menueditor.internal.InitializingMenuItem[name=null, text='Global dictionary', selected=false, enabled=true, visible=true, showing=false]
                    se.cambiosys.client.framework.core.internal.CambioShortcutMenuButton[name=null, text='', selected=false, enabled=true, visible=true, showing=false]
          se.cambiosys.client.framework.components.CambioMenu[name=null, text='Child Healthcare', selected=false, enabled=true, visible=true, showing=true]
            javax.swing.JPopupMenu[name=null, label=null, enabled=true, visible=false, showing=false]
              se.cambiosys.client.framework.menueditor.internal.InitializingMenuItem[name=null, text='Print Child Healthcare data', selected=false, enabled=true, visible=true, showing=false]
                se.cambiosys.client.framework.core.internal.CambioShortcutMenuButton[name=null, text='', selected=false, enabled=true, visible=true, showing=false]
          se.cambiosys.client.framework.components.CambioMenu[name=null, text='Medication', selected=false, enabled=true, visible=true, showing=true]
            javax.swing.JPopupMenu[name=null, label=null, enabled=true, visible=false, showing=false]
              se.cambiosys.client.framework.components.CambioMenu[name=null, text='Administration', selected=false, enabled=true, visible=true, showing=false]
                javax.swing.JPopupMenu[name=null, label=null, enabled=true, visible=false, showing=false]
                  se.cambiosys.client.framework.menueditor.internal.InitializingMenuItem[name=null, text='Sent e-recipe overview', selected=false, enabled=true, visible=true, showing=false]
                    se.cambiosys.client.framework.core.internal.CambioShortcutMenuButton[name=null, text='', selected=false, enabled=true, visible=true, showing=false]
                  se.cambiosys.client.framework.menueditor.internal.InitializingMenuItem[name=null, text='Catalogue administration', selected=false, enabled=true, visible=true, showing=false]
                    se.cambiosys.client.framework.core.internal.CambioShortcutMenuButton[name=null, text='', selected=false, enabled=true, visible=true, showing=false]
                  se.cambiosys.client.framework.menueditor.internal.InitializingMenuItem[name=null, text='Unit Times and Medicine Cabinet', selected=false, enabled=true, visible=true, showing=false]
                    se.cambiosys.client.framework.core.internal.CambioShortcutMenuButton[name=null, text='', selected=false, enabled=true, visible=true, showing=false]
                  se.cambiosys.client.framework.menueditor.internal.InitializingMenuItem[name=null, text='Order basis for vaccine', selected=false, enabled=true, visible=true, showing=false]
                    se.cambiosys.client.framework.core.internal.CambioShortcutMenuButton[name=null, text='', selected=false, enabled=true, visible=true, showing=false]
              se.cambiosys.client.framework.components.CambioMenu[name=null, text='New prescription', selected=false, enabled=true, visible=true, showing=false]
                javax.swing.JPopupMenu[name=null, label=null, enabled=true, visible=false, showing=false]
                  se.cambiosys.client.framework.menueditor.internal.InitializingMenuItem[name=null, text='Drug', selected=false, enabled=true, visible=true, showing=false]
                    se.cambiosys.client.framework.core.internal.CambioShortcutMenuButton[name=null, text='', selected=false, enabled=true, visible=true, showing=false]
                  se.cambiosys.client.framework.menueditor.internal.InitializingMenuItem[name=null, text='Nutrition product', selected=false, enabled=true, visible=true, showing=false]
                    se.cambiosys.client.framework.core.internal.CambioShortcutMenuButton[name=null, text='', selected=false, enabled=true, visible=true, showing=false]
                  se.cambiosys.client.framework.menueditor.internal.InitializingMenuItem[name=null, text='Consumable', selected=false, enabled=true, visible=true, showing=false]
                    se.cambiosys.client.framework.core.internal.CambioShortcutMenuButton[name=null, text='', selected=false, enabled=true, visible=true, showing=false]
              se.cambiosys.client.framework.components.CambioMenu[name=null, text='Lists', selected=false, enabled=true, visible=true, showing=false]
                javax.swing.JPopupMenu[name=null, label=null, enabled=true, visible=false, showing=false]
                  se.cambiosys.client.framework.menueditor.internal.InitializingMenuItem[name=null, text='Drugs', selected=false, enabled=true, visible=true, showing=false]
                    se.cambiosys.client.framework.core.internal.CambioShortcutMenuButton[name=null, text='', selected=false, enabled=true, visible=true, showing=false]
                  se.cambiosys.client.framework.menueditor.internal.InitializingMenuItem[name=null, text='Nutritions', selected=false, enabled=true, visible=true, showing=false]
                    se.cambiosys.client.framework.core.internal.CambioShortcutMenuButton[name=null, text='', selected=false, enabled=true, visible=true, showing=false]
                  se.cambiosys.client.framework.menueditor.internal.InitializingMenuItem[name=null, text='Consumables', selected=false, enabled=true, visible=true, showing=false]
                    se.cambiosys.client.framework.core.internal.CambioShortcutMenuButton[name=null, text='', selected=false, enabled=true, visible=true, showing=false]
                  se.cambiosys.client.framework.menueditor.internal.InitializingMenuItem[name=null, text='Vaccination list', selected=false, enabled=true, visible=true, showing=false]
                    se.cambiosys.client.framework.core.internal.CambioShortcutMenuButton[name=null, text='', selected=false, enabled=true, visible=true, showing=false]
                  se.cambiosys.client.framework.menueditor.internal.InitializingMenuItem[name=null, text='Recipe overview', selected=false, enabled=true, visible=true, showing=false]
                    se.cambiosys.client.framework.core.internal.CambioShortcutMenuButton[name=null, text='', selected=false, enabled=true, visible=true, showing=false]
              se.cambiosys.client.framework.menueditor.internal.InitializingMenuItem[name=null, text='Nurse view', selected=false, enabled=true, visible=true, showing=false]
                se.cambiosys.client.framework.core.internal.CambioShortcutMenuButton[name=null, text='', selected=false, enabled=true, visible=true, showing=false]
          se.cambiosys.client.framework.components.CambioMenu[name=null, text='Theatre', selected=false, enabled=true, visible=true, showing=true]
            javax.swing.JPopupMenu[name=null, label=null, enabled=true, visible=false, showing=false]
              se.cambiosys.client.framework.menueditor.internal.InitializingMenuItem[name=null, text='Create theatre registration', selected=false, enabled=true, visible=true, showing=false]
                se.cambiosys.client.framework.core.internal.CambioShortcutMenuButton[name=null, text='', selected=false, enabled=true, visible=true, showing=false]
              se.cambiosys.client.framework.menueditor.internal.InitializingMenuItem[name=null, text='Operation list', selected=false, enabled=true, visible=true, showing=false]
                se.cambiosys.client.framework.core.internal.CambioShortcutMenuButton[name=null, text='', selected=false, enabled=true, visible=true, showing=false]
              se.cambiosys.client.framework.menueditor.internal.InitializingMenuItem[name=null, text='Planning schedule', selected=false, enabled=true, visible=true, showing=false]
                se.cambiosys.client.framework.core.internal.CambioShortcutMenuButton[name=null, text='', selected=false, enabled=true, visible=true, showing=false]
              se.cambiosys.client.framework.menueditor.internal.InitializingMenuItem[name=null, text='Schedule overview', selected=false, enabled=true, visible=true, showing=false]
                se.cambiosys.client.framework.core.internal.CambioShortcutMenuButton[name=null, text='', selected=false, enabled=true, visible=true, showing=false]
              se.cambiosys.client.framework.menueditor.internal.InitializingMenuItem[name=null, text='Live Schedule', selected=false, enabled=true, visible=true, showing=false]
                se.cambiosys.client.framework.core.internal.CambioShortcutMenuButton[name=null, text='', selected=false, enabled=true, visible=true, showing=false]
              se.cambiosys.client.framework.components.CambioMenu[name=null, text='Administration', selected=false, enabled=true, visible=true, showing=false]
                javax.swing.JPopupMenu[name=null, label=null, enabled=true, visible=false, showing=false]
                  se.cambiosys.client.framework.menueditor.internal.InitializingMenuItem[name=null, text='Templates for Anaesthetic, Th.record, Recovery', selected=false, enabled=true, visible=true, showing=false]
                    se.cambiosys.client.framework.core.internal.CambioShortcutMenuButton[name=null, text='', selected=false, enabled=true, visible=true, showing=false]
                  se.cambiosys.client.framework.menueditor.internal.InitializingMenuItem[name=null, text='Basic templates for Th. registration', selected=false, enabled=true, visible=true, showing=false]
                    se.cambiosys.client.framework.core.internal.CambioShortcutMenuButton[name=null, text='', selected=false, enabled=true, visible=true, showing=false]
                  se.cambiosys.client.framework.menueditor.internal.InitializingMenuItem[name=null, text='Templates for Waypoints', selected=false, enabled=true, visible=true, showing=false]
                    se.cambiosys.client.framework.core.internal.CambioShortcutMenuButton[name=null, text='', selected=false, enabled=true, visible=true, showing=false]
                  se.cambiosys.client.framework.menueditor.internal.InitializingMenuItem[name=null, text='Theatre suite administration', selected=false, enabled=true, visible=true, showing=false]
                    se.cambiosys.client.framework.core.internal.CambioShortcutMenuButton[name=null, text='', selected=false, enabled=true, visible=true, showing=false]
                  se.cambiosys.client.framework.menueditor.internal.InitializingMenuItem[name=null, text='Medical priority', selected=false, enabled=true, visible=true, showing=false]
                    se.cambiosys.client.framework.core.internal.CambioShortcutMenuButton[name=null, text='', selected=false, enabled=true, visible=true, showing=false]
                  se.cambiosys.client.framework.menueditor.internal.InitializingMenuItem[name=null, text='Keyword mapping', selected=false, enabled=true, visible=true, showing=false]
                    se.cambiosys.client.framework.core.internal.CambioShortcutMenuButton[name=null, text='', selected=false, enabled=true, visible=true, showing=false]
                  se.cambiosys.client.framework.menueditor.internal.InitializingMenuItem[name=null, text='Create theatres', selected=false, enabled=true, visible=true, showing=false]
                    se.cambiosys.client.framework.core.internal.CambioShortcutMenuButton[name=null, text='', selected=false, enabled=true, visible=true, showing=false]
                  se.cambiosys.client.framework.menueditor.internal.InitializingMenuItem[name=null, text='Global filters', selected=false, enabled=true, visible=true, showing=false]
                    se.cambiosys.client.framework.core.internal.CambioShortcutMenuButton[name=null, text='', selected=false, enabled=true, visible=true, showing=false]
                  se.cambiosys.client.framework.menueditor.internal.InitializingMenuItem[name=null, text='Activity lists', selected=false, enabled=true, visible=true, showing=false]
                    se.cambiosys.client.framework.core.internal.CambioShortcutMenuButton[name=null, text='', selected=false, enabled=true, visible=true, showing=false]
                  se.cambiosys.client.framework.menueditor.internal.InitializingMenuItem[name=null, text='Templates for Th. registration', selected=false, enabled=true, visible=true, showing=false]
                    se.cambiosys.client.framework.core.internal.CambioShortcutMenuButton[name=null, text='', selected=false, enabled=true, visible=true, showing=false]
                  se.cambiosys.client.framework.menueditor.internal.InitializingMenuItem[name=null, text='Colour configuration', selected=false, enabled=true, visible=true, showing=false]
                    se.cambiosys.client.framework.core.internal.CambioShortcutMenuButton[name=null, text='', selected=false, enabled=true, visible=true, showing=false]
                  se.cambiosys.client.framework.menueditor.internal.InitializingMenuItem[name=null, text='Surgical Unit Administration', selected=false, enabled=true, visible=true, showing=false]
                    se.cambiosys.client.framework.core.internal.CambioShortcutMenuButton[name=null, text='', selected=false, enabled=true, visible=true, showing=false]
                  se.cambiosys.client.framework.menueditor.internal.InitializingMenuItem[name=null, text='Code Packages', selected=false, enabled=true, visible=true, showing=false]
                    se.cambiosys.client.framework.core.internal.CambioShortcutMenuButton[name=null, text='', selected=false, enabled=true, visible=true, showing=false]
          se.cambiosys.client.framework.components.CambioMenu[name=null, text='Order management', selected=false, enabled=true, visible=true, showing=true]
            javax.swing.JPopupMenu[name=null, label=null, enabled=true, visible=false, showing=false]
              se.cambiosys.client.framework.menueditor.internal.InitializingMenuItem[name=null, text='Request', selected=false, enabled=true, visible=true, showing=false]
                se.cambiosys.client.framework.core.internal.CambioShortcutMenuButton[name=null, text='', selected=false, enabled=true, visible=true, showing=false]
              se.cambiosys.client.framework.menueditor.internal.InitializingMenuItem[name=null, text='Specimen collection', selected=false, enabled=true, visible=true, showing=false]
                se.cambiosys.client.framework.core.internal.CambioShortcutMenuButton[name=null, text='', selected=false, enabled=true, visible=true, showing=false]
              se.cambiosys.client.framework.menueditor.internal.InitializingMenuItem[name=null, text='Radiology Request', selected=false, enabled=true, visible=true, showing=false]
                se.cambiosys.client.framework.core.internal.CambioShortcutMenuButton[name=null, text='', selected=false, enabled=true, visible=true, showing=false]
              se.cambiosys.client.framework.menueditor.internal.InitializingMenuItem[name=null, text='Unsent Radiology Request', selected=false, enabled=true, visible=true, showing=false]
                se.cambiosys.client.framework.core.internal.CambioShortcutMenuButton[name=null, text='', selected=false, enabled=true, visible=true, showing=false]
              se.cambiosys.client.framework.menueditor.internal.InitializingMenuItem[name=null, text='Request status', selected=false, enabled=true, visible=true, showing=false]
                se.cambiosys.client.framework.core.internal.CambioShortcutMenuButton[name=null, text='', selected=false, enabled=true, visible=true, showing=false]
              se.cambiosys.client.framework.menueditor.internal.InitializingMenuItem[name=null, text='Local analyses input', selected=false, enabled=true, visible=true, showing=false]
                se.cambiosys.client.framework.core.internal.CambioShortcutMenuButton[name=null, text='', selected=false, enabled=true, visible=true, showing=false]
              se.cambiosys.client.framework.menueditor.internal.InitializingMenuItem[name=null, text='Result inbox', selected=false, enabled=true, visible=true, showing=false]
                se.cambiosys.client.framework.core.internal.CambioShortcutMenuButton[name=null, text='', selected=false, enabled=true, visible=true, showing=false]
              se.cambiosys.client.framework.menueditor.internal.InitializingMenuItem[name=null, text='Test result', selected=false, enabled=true, visible=true, showing=false]
                se.cambiosys.client.framework.core.internal.CambioShortcutMenuButton[name=null, text='', selected=false, enabled=true, visible=true, showing=false]
              se.cambiosys.client.framework.menueditor.internal.InitializingMenuItem[name=null, text='Radiology Report', selected=false, enabled=true, visible=true, showing=false]
                se.cambiosys.client.framework.core.internal.CambioShortcutMenuButton[name=null, text='', selected=false, enabled=true, visible=true, showing=false]
              se.cambiosys.client.framework.menueditor.internal.InitializingMenuItem[name=null, text='Manual input', selected=false, enabled=true, visible=true, showing=false]
                se.cambiosys.client.framework.core.internal.CambioShortcutMenuButton[name=null, text='', selected=false, enabled=true, visible=true, showing=false]
              se.cambiosys.client.framework.components.CambioMenu[name=null, text='Administration', selected=false, enabled=true, visible=true, showing=false]
                javax.swing.JPopupMenu[name=null, label=null, enabled=true, visible=false, showing=false]
                  se.cambiosys.client.framework.menueditor.internal.InitializingMenuItem[name=null, text='Sketch administration', selected=false, enabled=true, visible=true, showing=false]
                    se.cambiosys.client.framework.core.internal.CambioShortcutMenuButton[name=null, text='', selected=false, enabled=true, visible=true, showing=false]
                  se.cambiosys.client.framework.menueditor.internal.InitializingMenuItem[name=null, text='Pathology request templates', selected=false, enabled=true, visible=true, showing=false]
                    se.cambiosys.client.framework.core.internal.CambioShortcutMenuButton[name=null, text='', selected=false, enabled=true, visible=true, showing=false]
              se.cambiosys.client.framework.menueditor.internal.InitializingMenuItem[name=null, text='Signed Radiology Request ', selected=false, enabled=true, visible=true, showing=false]
                se.cambiosys.client.framework.core.internal.CambioShortcutMenuButton[name=null, text='', selected=false, enabled=true, visible=true, showing=false]
          se.cambiosys.client.framework.components.CambioMenu[name=null, text='Medical record', selected=false, enabled=true, visible=true, showing=true]
            javax.swing.JPopupMenu[name=null, label=null, enabled=true, visible=false, showing=false]
              se.cambiosys.client.framework.components.CambioMenu[name=null, text='Medical record table', selected=false, enabled=true, visible=true, showing=false]
                javax.swing.JPopupMenu[name=null, label=null, enabled=true, visible=false, showing=false]
                  se.cambiosys.client.framework.menueditor.internal.InitializingMenuItem[name=null, text='Administration of templates for medical record tables', selected=false, enabled=true, visible=true, showing=false]
                    se.cambiosys.client.framework.core.internal.CambioShortcutMenuButton[name=null, text='', selected=false, enabled=true, visible=true, showing=false]
                  se.cambiosys.client.framework.menueditor.internal.InitializingMenuItem[name=null, text='New medical record table', selected=false, enabled=false, visible=true, showing=false]
                    se.cambiosys.client.framework.core.internal.CambioShortcutMenuButton[name=null, text='', selected=false, enabled=true, visible=true, showing=false]
              se.cambiosys.client.framework.menueditor.internal.InitializingMenuItem[name=null, text='Medical record', selected=false, enabled=true, visible=true, showing=false]
                se.cambiosys.client.framework.core.internal.CambioShortcutMenuButton[name=null, text='', selected=false, enabled=true, visible=true, showing=false]
              se.cambiosys.client.framework.menueditor.internal.InitializingMenuItem[name=null, text='New note', selected=false, enabled=true, visible=true, showing=false]
                se.cambiosys.client.framework.core.internal.CambioShortcutMenuButton[name=null, text='', selected=false, enabled=true, visible=true, showing=false]
              se.cambiosys.client.framework.menueditor.internal.InitializingMenuItem[name=null, text='New form', selected=false, enabled=true, visible=true, showing=false]
                se.cambiosys.client.framework.core.internal.CambioShortcutMenuButton[name=null, text='', selected=false, enabled=true, visible=true, showing=false]
              se.cambiosys.client.framework.menueditor.internal.InitializingMenuItem[name=null, text='New care plan note', selected=false, enabled=false, visible=false, showing=false]
                se.cambiosys.client.framework.core.internal.CambioShortcutMenuButton[name=null, text='', selected=false, enabled=true, visible=true, showing=false]
              se.cambiosys.client.framework.menueditor.internal.InitializingMenuItem[name=null, text='Observation', selected=false, enabled=true, visible=true, showing=false]
                se.cambiosys.client.framework.core.internal.CambioShortcutMenuButton[name=null, text='', selected=false, enabled=true, visible=true, showing=false]
              se.cambiosys.client.framework.menueditor.internal.InitializingMenuItem[name=null, text='Graphic view', selected=false, enabled=true, visible=true, showing=false]
                se.cambiosys.client.framework.core.internal.CambioShortcutMenuButton[name=null, text='', selected=false, enabled=true, visible=true, showing=false]
              se.cambiosys.client.framework.menueditor.internal.InitializingMenuItem[name=null, text='List of activities', selected=false, enabled=true, visible=true, showing=false]
                se.cambiosys.client.framework.core.internal.CambioShortcutMenuButton[name=null, text='', selected=false, enabled=true, visible=true, showing=false]
              se.cambiosys.client.framework.components.CambioMenu[name=null, text='Administration', selected=false, enabled=true, visible=true, showing=false]
                javax.swing.JPopupMenu[name=null, label=null, enabled=true, visible=false, showing=false]
                  se.cambiosys.client.framework.menueditor.internal.InitializingMenuItem[name=null, text='Keyword editor', selected=false, enabled=true, visible=true, showing=false]
                    se.cambiosys.client.framework.core.internal.CambioShortcutMenuButton[name=null, text='', selected=false, enabled=true, visible=true, showing=false]
                  se.cambiosys.client.framework.menueditor.internal.InitializingMenuItem[name=null, text='Search occurrences of keyword', selected=false, enabled=true, visible=true, showing=false]
                    se.cambiosys.client.framework.core.internal.CambioShortcutMenuButton[name=null, text='', selected=false, enabled=true, visible=true, showing=false]
                  se.cambiosys.client.framework.menueditor.internal.InitializingMenuItem[name=null, text='Template manager', selected=false, enabled=true, visible=true, showing=false]
                    se.cambiosys.client.framework.core.internal.CambioShortcutMenuButton[name=null, text='', selected=false, enabled=true, visible=true, showing=false]
                  se.cambiosys.client.framework.menueditor.internal.InitializingMenuItem[name=null, text='Fixed values', selected=false, enabled=true, visible=true, showing=false]
                    se.cambiosys.client.framework.core.internal.CambioShortcutMenuButton[name=null, text='', selected=false, enabled=true, visible=true, showing=false]
                  se.cambiosys.client.framework.menueditor.internal.InitializingMenuItem[name=null, text='Form administration', selected=false, enabled=true, visible=true, showing=false]
                    se.cambiosys.client.framework.core.internal.CambioShortcutMenuButton[name=null, text='', selected=false, enabled=true, visible=true, showing=false]
                  se.cambiosys.client.framework.menueditor.internal.InitializingMenuItem[name=null, text='Administration views', selected=false, enabled=true, visible=true, showing=false]
                    se.cambiosys.client.framework.core.internal.CambioShortcutMenuButton[name=null, text='', selected=false, enabled=true, visible=true, showing=false]
                  se.cambiosys.client.framework.menueditor.internal.InitializingMenuItem[name=null, text='Administration filter', selected=false, enabled=true, visible=true, showing=false]
                    se.cambiosys.client.framework.core.internal.CambioShortcutMenuButton[name=null, text='', selected=false, enabled=true, visible=true, showing=false]
                  se.cambiosys.client.framework.menueditor.internal.InitializingMenuItem[name=null, text='Selection of problems', selected=false, enabled=true, visible=true, showing=false]
                    se.cambiosys.client.framework.core.internal.CambioShortcutMenuButton[name=null, text='', selected=false, enabled=true, visible=true, showing=false]
              se.cambiosys.client.framework.components.CambioMenu[name=null, text='Digital dictation', selected=false, enabled=true, visible=true, showing=false]
                javax.swing.JPopupMenu[name=null, label=null, enabled=true, visible=false, showing=false]
                  se.cambiosys.client.framework.menueditor.internal.InitializingMenuItem[name=null, text='Create new dictation', selected=false, enabled=true, visible=true, showing=false]
                    se.cambiosys.client.framework.core.internal.CambioShortcutMenuButton[name=null, text='', selected=false, enabled=true, visible=true, showing=false]
                  se.cambiosys.client.framework.menueditor.internal.InitializingMenuItem[name=null, text='Dictation list', selected=false, enabled=true, visible=true, showing=false]
                    se.cambiosys.client.framework.core.internal.CambioShortcutMenuButton[name=null, text='', selected=false, enabled=true, visible=true, showing=false]
                  se.cambiosys.client.framework.menueditor.internal.InitializingMenuItem[name=null, text='Create new dictation from file', selected=false, enabled=true, visible=true, showing=false]
                    se.cambiosys.client.framework.core.internal.CambioShortcutMenuButton[name=null, text='', selected=false, enabled=true, visible=true, showing=false]
                  se.cambiosys.client.framework.menueditor.internal.InitializingMenuItem[name=null, text='Create new dictation minimized', selected=false, enabled=true, visible=true, showing=false]
                    se.cambiosys.client.framework.core.internal.CambioShortcutMenuButton[name=null, text='', selected=false, enabled=true, visible=true, showing=false]
              se.cambiosys.client.framework.components.CambioMenu[name=null, text='Birth', selected=false, enabled=true, visible=true, showing=false]
                javax.swing.JPopupMenu[name=null, label=null, enabled=true, visible=false, showing=false]
                  se.cambiosys.client.framework.menueditor.internal.InitializingMenuItem[name=null, text='Partogram', selected=false, enabled=false, visible=true, showing=false]
                    se.cambiosys.client.framework.core.internal.CambioShortcutMenuButton[name=null, text='', selected=false, enabled=true, visible=true, showing=false]
                  se.cambiosys.client.framework.menueditor.internal.InitializingMenuItem[name=null, text='New delivery', selected=false, enabled=false, visible=true, showing=false]
                    se.cambiosys.client.framework.core.internal.CambioShortcutMenuButton[name=null, text='', selected=false, enabled=true, visible=true, showing=false]
                  se.cambiosys.client.framework.menueditor.internal.InitializingMenuItem[name=null, text='Delete partogram', selected=false, enabled=false, visible=true, showing=false]
                    se.cambiosys.client.framework.core.internal.CambioShortcutMenuButton[name=null, text='', selected=false, enabled=true, visible=true, showing=false]
                  se.cambiosys.client.framework.menueditor.internal.InitializingMenuItem[name=null, text='Configuration of registrations', selected=false, enabled=true, visible=true, showing=false]
                    se.cambiosys.client.framework.core.internal.CambioShortcutMenuButton[name=null, text='', selected=false, enabled=true, visible=true, showing=false]
                  se.cambiosys.client.framework.menueditor.internal.InitializingMenuItem[name=null, text='Child number configuration', selected=false, enabled=true, visible=true, showing=false]
                    se.cambiosys.client.framework.core.internal.CambioShortcutMenuButton[name=null, text='', selected=false, enabled=true, visible=true, showing=false]
          se.cambiosys.client.framework.components.CambioMenu[name=null, text='Window', selected=false, enabled=true, visible=true, showing=true]
            javax.swing.JPopupMenu[name=null, label=null, enabled=true, visible=false, showing=false]
              se.cambiosys.client.framework.core.internal.MenuHandler$10(se.cambiosys.client.framework.components.CambioCheckBoxMenuItem)[name=null, text='Keep windows', selected=true, enabled=true, visible=true, showing=false]
              se.cambiosys.client.framework.menueditor.internal.InitializingMenuItem[name=null, text='Minimize all', selected=false, enabled=true, visible=true, showing=false]
                se.cambiosys.client.framework.core.internal.CambioShortcutMenuButton[name=null, text='', selected=false, enabled=true, visible=true, showing=false]
          se.cambiosys.client.framework.components.CambioMenu[name=null, text='Basic Menu', selected=false, enabled=true, visible=true, showing=true]
            javax.swing.JPopupMenu[name=null, label=null, enabled=true, visible=false, showing=false]
              se.cambiosys.client.framework.menueditor.internal.InitializingMenuItem[name=null, text='Basic Text', selected=false, enabled=true, visible=true, showing=false]
                se.cambiosys.client.framework.core.internal.CambioShortcutMenuButton[name=null, text='', selected=false, enabled=true, visible=true, showing=false]
          se.cambiosys.client.framework.components.CambioMenu[name=null, text='Patient administration IP & OP', selected=false, enabled=true, visible=true, showing=true]
            javax.swing.JPopupMenu[name=null, label=null, enabled=true, visible=false, showing=false]
              se.cambiosys.client.framework.components.CambioMenu[name=null, text='Administration', selected=false, enabled=true, visible=true, showing=false]
                javax.swing.JPopupMenu[name=null, label=null, enabled=true, visible=false, showing=false]
                  se.cambiosys.client.framework.menueditor.internal.InitializingMenuItem[name=null, text='Region membership', selected=false, enabled=true, visible=true, showing=false]
                    se.cambiosys.client.framework.core.internal.CambioShortcutMenuButton[name=null, text='', selected=false, enabled=true, visible=true, showing=false]
                  se.cambiosys.client.framework.menueditor.internal.InitializingMenuItem[name=null, text='Search order number', selected=false, enabled=true, visible=true, showing=false]
                    se.cambiosys.client.framework.core.internal.CambioShortcutMenuButton[name=null, text='', selected=false, enabled=true, visible=true, showing=false]
                  se.cambiosys.client.framework.menueditor.internal.InitializingMenuItem[name=null, text='Reception administration & reception period', selected=false, enabled=true, visible=true, showing=false]
                    se.cambiosys.client.framework.core.internal.CambioShortcutMenuButton[name=null, text='', selected=false, enabled=true, visible=true, showing=false]
                  se.cambiosys.client.framework.menueditor.internal.InitializingMenuItem[name=null, text='Receptions and reception locations', selected=false, enabled=true, visible=true, showing=false]
                    se.cambiosys.client.framework.core.internal.CambioShortcutMenuButton[name=null, text='', selected=false, enabled=true, visible=true, showing=false]
                  se.cambiosys.client.framework.components.CambioMenu[name=null, text='Contract', selected=false, enabled=true, visible=true, showing=false]
                    javax.swing.JPopupMenu[name=null, label=null, enabled=true, visible=false, showing=false]
                      se.cambiosys.client.framework.menueditor.internal.InitializingMenuItem[name=null, text='New base price list', selected=false, enabled=true, visible=true, showing=false]
                        se.cambiosys.client.framework.core.internal.CambioShortcutMenuButton[name=null, text='', selected=false, enabled=true, visible=true, showing=false]
                      se.cambiosys.client.framework.menueditor.internal.InitializingMenuItem[name=null, text='Open base price list', selected=false, enabled=true, visible=true, showing=false]
                        se.cambiosys.client.framework.core.internal.CambioShortcutMenuButton[name=null, text='', selected=false, enabled=true, visible=true, showing=false]
                      se.cambiosys.client.framework.menueditor.internal.InitializingMenuItem[name=null, text='New contract', selected=false, enabled=true, visible=true, showing=false]
                        se.cambiosys.client.framework.core.internal.CambioShortcutMenuButton[name=null, text='', selected=false, enabled=true, visible=true, showing=false]
                      se.cambiosys.client.framework.menueditor.internal.InitializingMenuItem[name=null, text='Open contract', selected=false, enabled=true, visible=true, showing=false]
                        se.cambiosys.client.framework.core.internal.CambioShortcutMenuButton[name=null, text='', selected=false, enabled=true, visible=true, showing=false]
                      se.cambiosys.client.framework.menueditor.internal.InitializingMenuItem[name=null, text='Administration of contracts of goods sales', selected=false, enabled=true, visible=true, showing=false]
                        se.cambiosys.client.framework.core.internal.CambioShortcutMenuButton[name=null, text='', selected=false, enabled=true, visible=true, showing=false]
                  se.cambiosys.client.framework.menueditor.internal.InitializingMenuItem[name=null, text='Products', selected=false, enabled=true, visible=true, showing=false]
                    se.cambiosys.client.framework.core.internal.CambioShortcutMenuButton[name=null, text='', selected=false, enabled=true, visible=true, showing=false]
                  se.cambiosys.client.framework.menueditor.internal.InitializingMenuItem[name=null, text='Goods', selected=false, enabled=true, visible=true, showing=false]
                    se.cambiosys.client.framework.core.internal.CambioShortcutMenuButton[name=null, text='', selected=false, enabled=true, visible=true, showing=false]
                  se.cambiosys.client.framework.menueditor.internal.InitializingMenuItem[name=null, text='VAT classes', selected=false, enabled=true, visible=true, showing=false]
                    se.cambiosys.client.framework.core.internal.CambioShortcutMenuButton[name=null, text='', selected=false, enabled=true, visible=true, showing=false]
              se.cambiosys.client.framework.menueditor.internal.InitializingMenuItem[name=null, text='Configure economy exports', selected=false, enabled=true, visible=true, showing=false]
                se.cambiosys.client.framework.core.internal.CambioShortcutMenuButton[name=null, text='', selected=false, enabled=true, visible=true, showing=false]
              se.cambiosys.client.framework.menueditor.internal.InitializingMenuItem[name=null, text='Export management', selected=false, enabled=true, visible=true, showing=false]
                se.cambiosys.client.framework.core.internal.CambioShortcutMenuButton[name=null, text='', selected=false, enabled=true, visible=true, showing=false]
              se.cambiosys.client.framework.menueditor.internal.InitializingMenuItem[name=null, text='Visit and procedure registration', selected=false, enabled=true, visible=true, showing=false]
                se.cambiosys.client.framework.core.internal.CambioShortcutMenuButton[name=null, text='', selected=false, enabled=true, visible=true, showing=false]
              se.cambiosys.client.framework.menueditor.internal.InitializingMenuItem[name=null, text='Inpatient registration', selected=false, enabled=true, visible=true, showing=false]
                se.cambiosys.client.framework.core.internal.CambioShortcutMenuButton[name=null, text='', selected=false, enabled=true, visible=true, showing=false]
              se.cambiosys.client.framework.menueditor.internal.InitializingMenuItem[name=null, text='Acute overview', selected=false, enabled=true, visible=true, showing=false]
                se.cambiosys.client.framework.core.internal.CambioShortcutMenuButton[name=null, text='', selected=false, enabled=true, visible=true, showing=false]
              se.cambiosys.client.framework.menueditor.internal.InitializingMenuItem[name=null, text='Registration overview', selected=false, enabled=true, visible=true, showing=false]
                se.cambiosys.client.framework.core.internal.CambioShortcutMenuButton[name=null, text='', selected=false, enabled=true, visible=true, showing=false]
              se.cambiosys.client.framework.menueditor.internal.InitializingMenuItem[name=null, text='Goods Sale overview', selected=false, enabled=true, visible=true, showing=false]
                se.cambiosys.client.framework.core.internal.CambioShortcutMenuButton[name=null, text='', selected=false, enabled=true, visible=true, showing=false]
              se.cambiosys.client.framework.menueditor.internal.InitializingMenuItem[name=null, text='Invoice overview', selected=false, enabled=true, visible=true, showing=false]
                se.cambiosys.client.framework.core.internal.CambioShortcutMenuButton[name=null, text='', selected=false, enabled=true, visible=true, showing=false]
              se.cambiosys.client.framework.menueditor.internal.InitializingMenuItem[name=null, text='Register codes', selected=false, enabled=false, visible=true, showing=false]
                se.cambiosys.client.framework.core.internal.CambioShortcutMenuButton[name=null, text='', selected=false, enabled=true, visible=true, showing=false]
              se.cambiosys.client.framework.menueditor.internal.InitializingMenuItem[name=null, text='Undo', selected=false, enabled=true, visible=true, showing=false]
                se.cambiosys.client.framework.core.internal.CambioShortcutMenuButton[name=null, text='', selected=false, enabled=true, visible=true, showing=false]
          se.cambiosys.client.framework.components.CambioMenu[name=null, text='Patient', selected=false, enabled=true, visible=true, showing=true]
            javax.swing.JPopupMenu[name=null, label=null, enabled=true, visible=false, showing=false]
              se.cambiosys.client.framework.components.CambioMenu[name=null, text='Groups', selected=false, enabled=true, visible=true, showing=false]
                javax.swing.JPopupMenu[name=null, label=null, enabled=true, visible=false, showing=false]
                  se.cambiosys.client.framework.menueditor.internal.InitializingMenuItem[name=null, text='Group card', selected=false, enabled=false, visible=true, showing=false]
                    se.cambiosys.client.framework.core.internal.CambioShortcutMenuButton[name=null, text='', selected=false, enabled=true, visible=true, showing=false]
                  se.cambiosys.client.framework.menueditor.internal.InitializingMenuItem[name=null, text='Group administration', selected=false, enabled=true, visible=true, showing=false]
                    se.cambiosys.client.framework.core.internal.CambioShortcutMenuButton[name=null, text='', selected=false, enabled=true, visible=true, showing=false]
              se.cambiosys.client.framework.subjectofcare.internal.SecurityOverrideHandlerImpl$1(se.cambiosys.client.framework.components.CambioCheckBoxMenuItem)[name=null, text='Activate security override', selected=false, enabled=false, visible=true, showing=false]
              se.cambiosys.client.framework.menueditor.internal.InitializingMenuItem[name=null, text='Patient card', selected=false, enabled=true, visible=true, showing=false]
                se.cambiosys.client.framework.core.internal.CambioShortcutMenuButton[name=null, text='', selected=false, enabled=true, visible=true, showing=false]
              se.cambiosys.client.framework.menueditor.internal.InitializingMenuItem[name=null, text='Print patient information', selected=false, enabled=true, visible=true, showing=false]
                se.cambiosys.client.framework.core.internal.CambioShortcutMenuButton[name=null, text='', selected=false, enabled=true, visible=true, showing=false]
              se.cambiosys.client.framework.menueditor.internal.InitializingMenuItem[name=null, text='Connect mother-child', selected=false, enabled=false, visible=true, showing=false]
                se.cambiosys.client.framework.core.internal.CambioShortcutMenuButton[name=null, text='', selected=false, enabled=true, visible=true, showing=false]
              se.cambiosys.client.framework.menueditor.internal.InitializingMenuItem[name=null, text='Disconnect child-mother', selected=false, enabled=false, visible=true, showing=false]
                se.cambiosys.client.framework.core.internal.CambioShortcutMenuButton[name=null, text='', selected=false, enabled=true, visible=true, showing=false]
              se.cambiosys.client.framework.menueditor.internal.InitializingMenuItem[name=null, text='Reservenumber...', selected=false, enabled=true, visible=true, showing=false]
                se.cambiosys.client.framework.core.internal.CambioShortcutMenuButton[name=null, text='', selected=false, enabled=true, visible=true, showing=false]
          se.cambiosys.client.framework.components.CambioMenu[name=null, text='Link (previous version)', selected=false, enabled=true, visible=true, showing=true]
            javax.swing.JPopupMenu[name=null, label=null, enabled=true, visible=false, showing=false]
              se.cambiosys.client.framework.menueditor.internal.InitializingMenuItem[name=null, text='Loading...', selected=false, enabled=true, visible=true, showing=false]
                se.cambiosys.client.framework.core.internal.CambioShortcutMenuButton[name=null, text='', selected=false, enabled=true, visible=true, showing=false]
              se.cambiosys.client.framework.menueditor.internal.InitializingMenuItem[name=null, text='Loading...', selected=false, enabled=true, visible=true, showing=false]
                se.cambiosys.client.framework.core.internal.CambioShortcutMenuButton[name=null, text='', selected=false, enabled=true, visible=true, showing=false]
          se.cambiosys.client.framework.components.CambioMenu[name=null, text='File', selected=false, enabled=true, visible=true, showing=true]
            javax.swing.JPopupMenu[name=null, label=null, enabled=true, visible=false, showing=false]
              se.cambiosys.client.framework.menueditor.internal.InitializingMenuItem[name=null, text='Change password', selected=false, enabled=true, visible=true, showing=false]
                se.cambiosys.client.framework.core.internal.CambioShortcutMenuButton[name=null, text='', selected=false, enabled=true, visible=true, showing=false]
              se.cambiosys.client.framework.menueditor.internal.InitializingMenuItem[name=null, text='Lock COSMIC', selected=false, enabled=true, visible=true, showing=false]
                se.cambiosys.client.framework.core.internal.CambioShortcutMenuButton[name=null, text='', selected=false, enabled=true, visible=true, showing=false]
              se.cambiosys.client.framework.menueditor.internal.InitializingMenuItem[name=null, text='Change profile', selected=false, enabled=true, visible=true, showing=false]
                se.cambiosys.client.framework.core.internal.CambioShortcutMenuButton[name=null, text='', selected=false, enabled=true, visible=true, showing=false]
              se.cambiosys.client.framework.menueditor.internal.InitializingMenuItem[name=null, text='Log out', selected=false, enabled=true, visible=true, showing=false]
                se.cambiosys.client.framework.core.internal.CambioShortcutMenuButton[name=null, text='', selected=false, enabled=true, visible=true, showing=false]
              se.cambiosys.client.framework.menueditor.internal.InitializingMenuItem[name=null, text='Quit', selected=false, enabled=true, visible=true, showing=false]
                se.cambiosys.client.framework.core.internal.CambioShortcutMenuButton[name=null, text='', selected=false, enabled=true, visible=true, showing=false]
          se.cambiosys.client.framework.components.CambioMenu[name=null, text='External Applications', selected=false, enabled=true, visible=true, showing=true]
            javax.swing.JPopupMenu[name=null, label=null, enabled=true, visible=false, showing=false]
              se.cambiosys.client.framework.menueditor.internal.InitializingMenuItem[name=null, text='DrCompanion', selected=false, enabled=true, visible=true, showing=false]
                se.cambiosys.client.framework.core.internal.CambioShortcutMenuButton[name=null, text='', selected=false, enabled=true, visible=true, showing=false]
              se.cambiosys.client.framework.menueditor.internal.InitializingMenuItem[name=null, text='OBSTETRIX (Ext)', selected=false, enabled=true, visible=true, showing=false]
                se.cambiosys.client.framework.core.internal.CambioShortcutMenuButton[name=null, text='', selected=false, enabled=true, visible=true, showing=false]
          se.cambiosys.client.framework.components.CambioMenu[name=null, text='Analytics', selected=false, enabled=true, visible=true, showing=true]
            javax.swing.JPopupMenu[name=null, label=null, enabled=true, visible=false, showing=false]
              se.cambiosys.client.framework.menueditor.internal.InitializingMenuItem[name=null, text='Insight', selected=false, enabled=true, visible=true, showing=false]
                se.cambiosys.client.framework.core.internal.CambioShortcutMenuButton[name=null, text='', selected=false, enabled=true, visible=true, showing=false]
          se.cambiosys.client.framework.components.CambioMenu[name=null, text='Bed management', selected=false, enabled=true, visible=true, showing=true]
            javax.swing.JPopupMenu[name=null, label=null, enabled=true, visible=false, showing=false]
              se.cambiosys.client.framework.menueditor.internal.InitializingMenuItem[name=null, text='Patient search', selected=false, enabled=true, visible=true, showing=false]
                se.cambiosys.client.framework.core.internal.CambioShortcutMenuButton[name=null, text='', selected=false, enabled=true, visible=true, showing=false]
              se.cambiosys.client.framework.menueditor.internal.InitializingMenuItem[name=null, text='Bed reservation overview', selected=false, enabled=true, visible=true, showing=false]
                se.cambiosys.client.framework.core.internal.CambioShortcutMenuButton[name=null, text='', selected=false, enabled=true, visible=true, showing=false]
              se.cambiosys.client.framework.menueditor.internal.InitializingMenuItem[name=null, text='Bed Administration', selected=false, enabled=true, visible=true, showing=false]
                se.cambiosys.client.framework.core.internal.CambioShortcutMenuButton[name=null, text='', selected=false, enabled=true, visible=true, showing=false]
      javax.swing.JPanel[name='null.contentPane']
        se.cambiosys.client.framework.core.internal.gui.MainWindow$2(javax.swing.JPanel)[name=null]
        se.cambiosys.client.framework.components.CambioDesktopPane[]
          javax.swing.JLabel[name=null, text='', enabled=true, visible=true, showing=false]
        se.cambiosys.client.framework.components.CambioPanel[name=null]
          se.cambiosys.client.framework.core.internal.gui.MainWindow$1(se.cambiosys.client.framework.subjectofcare.internal.gui.PatientBannerTopPanel)[name=null]
            se.cambiosys.client.framework.core.internal.gui.SideBarToggleButton[name=null, text='', enabled=true, visible=true, showing=true]
            se.cambiosys.client.framework.core.internal.gui.CambioVerticalMenu[name=null]
              javax.swing.JMenuBar[]
                javax.swing.JMenu[name=null, text='', selected=true, enabled=true, visible=true, showing=true]
                  javax.swing.JPopupMenu[name=null, label=null, enabled=true, visible=true, showing=true]
                    se.cambiosys.client.framework.core.internal.gui.CambioMenuSearchComponent[name=null]
                      se.cambiosys.client.framework.components.CambioPanel[name=null]
                        javax.swing.JTextField[name=null, text='', enabled=true, visible=true, showing=true]
                        se.cambiosys.client.framework.components.CambioLabel[name='Table.cellRenderer', text='', enabled=true, visible=true, showing=true]
                        se.cambiosys.client.framework.components.CambioButton[name=null, text='', enabled=true, visible=false, showing=false]
                    se.cambiosys.client.framework.components.CambioMenu[name=null, text='Page Object Creator', selected=false, enabled=true, visible=true, showing=true]
                      javax.swing.JPopupMenu[name=null, label=null, enabled=true, visible=false, showing=false]
                        se.cambiosys.client.framework.menueditor.internal.InitializingMenuItem[name=null, text='Loading...', selected=false, enabled=true, visible=true, showing=false]
                          se.cambiosys.client.framework.core.internal.CambioShortcutMenuButton[name=null, text='', selected=false, enabled=true, visible=true, showing=false]
                    se.cambiosys.client.framework.components.CambioMenu[name=null, text='Activity', selected=false, enabled=true, visible=true, showing=true]
                      javax.swing.JPopupMenu[name=null, label=null, enabled=true, visible=false, showing=false]
                        se.cambiosys.client.framework.menueditor.internal.InitializingMenuItem[name=null, text='Order', selected=false, enabled=false, visible=true, showing=false]
                          se.cambiosys.client.framework.core.internal.CambioShortcutMenuButton[name=null, text='', selected=true, enabled=true, visible=true, showing=false]
                        se.cambiosys.client.framework.menueditor.internal.InitializingMenuItem[name=null, text='Order Administration', selected=false, enabled=true, visible=true, showing=false]
                          se.cambiosys.client.framework.core.internal.CambioShortcutMenuButton[name=null, text='', selected=false, enabled=true, visible=true, showing=false]
                    se.cambiosys.client.framework.components.CambioMenu[name=null, text='Patient Generated Care Entries', selected=false, enabled=true, visible=true, showing=true]
                      javax.swing.JPopupMenu[name=null, label=null, enabled=true, visible=false, showing=false]
                        se.cambiosys.client.framework.menueditor.internal.InitializingMenuItem[name=null, text='PG CareEntries Testing Tool', selected=false, enabled=true, visible=true, showing=false]
                          se.cambiosys.client.framework.core.internal.CambioShortcutMenuButton[name=null, text='', selected=false, enabled=true, visible=true, showing=false]
                    se.cambiosys.client.framework.components.CambioMenu[name=null, text='Referral', selected=false, enabled=true, visible=true, showing=true]
                      javax.swing.JPopupMenu[name=null, label=null, enabled=true, visible=false, showing=false]
                        se.cambiosys.client.framework.menueditor.internal.InitializingMenuItem[name=null, text='New referral', selected=false, enabled=true, visible=true, showing=false]
                          se.cambiosys.client.framework.core.internal.CambioShortcutMenuButton[name=null, text='', selected=false, enabled=true, visible=true, showing=false]
                        se.cambiosys.client.framework.menueditor.internal.InitializingMenuItem[name=null, text='Received referrals', selected=false, enabled=true, visible=true, showing=false]
                          se.cambiosys.client.framework.core.internal.CambioShortcutMenuButton[name=null, text='', selected=false, enabled=true, visible=true, showing=false]
                        se.cambiosys.client.framework.menueditor.internal.InitializingMenuItem[name=null, text='Register referral', selected=false, enabled=true, visible=true, showing=false]
                          se.cambiosys.client.framework.core.internal.CambioShortcutMenuButton[name=null, text='', selected=false, enabled=true, visible=true, showing=false]
                        se.cambiosys.client.framework.menueditor.internal.InitializingMenuItem[name=null, text='Saved and sent referrals', selected=false, enabled=true, visible=true, showing=false]
                          se.cambiosys.client.framework.core.internal.CambioShortcutMenuButton[name=null, text='', selected=false, enabled=true, visible=true, showing=false]
                        se.cambiosys.client.framework.menueditor.internal.InitializingMenuItem[name=null, text='Patient's list of answers', selected=false, enabled=true, visible=true, showing=false]
                          se.cambiosys.client.framework.core.internal.CambioShortcutMenuButton[name=null, text='', selected=false, enabled=true, visible=true, showing=false]
                        se.cambiosys.client.framework.components.CambioMenu[name=null, text='Administration', selected=false, enabled=true, visible=true, showing=false]
                          javax.swing.JPopupMenu[name=null, label=null, enabled=true, visible=false, showing=false]
                            se.cambiosys.client.framework.menueditor.internal.InitializingMenuItem[name=null, text='Documentation templates', selected=false, enabled=true, visible=true, showing=false]
                              se.cambiosys.client.framework.core.internal.CambioShortcutMenuButton[name=null, text='', selected=false, enabled=true, visible=true, showing=false]
                    se.cambiosys.client.framework.components.CambioMenu[name=null, text='Link', selected=false, enabled=true, visible=true, showing=true]
                      javax.swing.JPopupMenu[name=null, label=null, enabled=true, visible=false, showing=false]
                        se.cambiosys.client.framework.menueditor.internal.InitializingMenuItem[name=null, text='Case overview', selected=false, enabled=true, visible=true, showing=false]
                          se.cambiosys.client.framework.core.internal.CambioShortcutMenuButton[name=null, text='', selected=false, enabled=true, visible=true, showing=false]
                        se.cambiosys.client.framework.components.CambioMenu[name=null, text='Administration', selected=false, enabled=true, visible=true, showing=false]
                          javax.swing.JPopupMenu[name=null, label=null, enabled=true, visible=false, showing=false]
                            se.cambiosys.client.framework.menueditor.internal.InitializingMenuItem[name=null, text='Suggested Admission message receivers', selected=false, enabled=true, visible=true, showing=false]
                              se.cambiosys.client.framework.core.internal.CambioShortcutMenuButton[name=null, text='', selected=false, enabled=true, visible=true, showing=false]
                    se.cambiosys.client.framework.components.CambioMenu[name=null, text='Fluid balance', selected=false, enabled=true, visible=true, showing=true]
                      javax.swing.JPopupMenu[name=null, label=null, enabled=true, visible=false, showing=false]
                        se.cambiosys.client.framework.menueditor.internal.InitializingMenuItem[name=null, text='Fluid Balance', selected=false, enabled=true, visible=true, showing=false]
                          se.cambiosys.client.framework.core.internal.CambioShortcutMenuButton[name=null, text='', selected=false, enabled=true, visible=true, showing=false]
                    se.cambiosys.client.framework.components.CambioMenu[name=null, text='Help', selected=false, enabled=true, visible=true, showing=true]
                      javax.swing.JPopupMenu[name=null, label=null, enabled=true, visible=false, showing=false]
                        se.cambiosys.client.framework.menueditor.internal.InitializingMenuItem[name=null, text='About Cambio COSMIC...', selected=false, enabled=true, visible=true, showing=false]
                          se.cambiosys.client.framework.core.internal.CambioShortcutMenuButton[name=null, text='', selected=false, enabled=true, visible=true, showing=false]
                        se.cambiosys.client.framework.menueditor.internal.InitializingMenuItem[name=null, text='Help for Cosmic', selected=false, enabled=true, visible=true, showing=false]
                          se.cambiosys.client.framework.core.internal.CambioShortcutMenuButton[name=null, text='', selected=false, enabled=true, visible=true, showing=false]
                    se.cambiosys.client.framework.components.CambioMenu[name=null, text='CDS', selected=false, enabled=true, visible=true, showing=true]
                      javax.swing.JPopupMenu[name=null, label=null, enabled=true, visible=false, showing=false]
                        se.cambiosys.client.framework.menueditor.internal.InitializingMenuItem[name=null, text='CDS App Administration', selected=false, enabled=true, visible=true, showing=false]
                          se.cambiosys.client.framework.core.internal.CambioShortcutMenuButton[name=null, text='', selected=false, enabled=true, visible=true, showing=false]
                        se.cambiosys.client.framework.menueditor.internal.InitializingMenuItem[name=null, text='Stroke Prevention for Atrial Fibrillation', selected=false, enabled=true, visible=true, showing=false]
                          se.cambiosys.client.framework.core.internal.CambioShortcutMenuButton[name=null, text='', selected=false, enabled=true, visible=true, showing=false]
                    se.cambiosys.client.framework.components.CambioMenu[name=null, text='Resource planning', selected=false, enabled=true, visible=true, showing=true]
                      javax.swing.JPopupMenu[name=null, label=null, enabled=true, visible=false, showing=false]
                        se.cambiosys.client.framework.menueditor.internal.InitializingMenuItem[name=null, text='Schedule', selected=false, enabled=true, visible=true, showing=false]
                          se.cambiosys.client.framework.core.internal.CambioShortcutMenuButton[name=null, text='', selected=false, enabled=true, visible=true, showing=false]
                        se.cambiosys.client.framework.menueditor.internal.InitializingMenuItem[name=null, text='Schedule groups', selected=false, enabled=true, visible=true, showing=false]
                          se.cambiosys.client.framework.core.internal.CambioShortcutMenuButton[name=null, text='', selected=false, enabled=true, visible=true, showing=false]
                        se.cambiosys.client.framework.menueditor.internal.InitializingMenuItem[name=null, text='Schedule overview', selected=false, enabled=true, visible=true, showing=false]
                          se.cambiosys.client.framework.core.internal.CambioShortcutMenuButton[name=null, text='', selected=false, enabled=true, visible=true, showing=false]
                        se.cambiosys.client.framework.components.CambioMenu[name=null, text='Administration', selected=false, enabled=true, visible=true, showing=false]
                          javax.swing.JPopupMenu[name=null, label=null, enabled=true, visible=false, showing=false]
                            se.cambiosys.client.framework.menueditor.internal.InitializingMenuItem[name=null, text='Connect time slot services', selected=false, enabled=true, visible=true, showing=false]
                              se.cambiosys.client.framework.core.internal.CambioShortcutMenuButton[name=null, text='', selected=false, enabled=true, visible=true, showing=false]
                            se.cambiosys.client.framework.components.CambioMenu[name=null, text='Scheme', selected=false, enabled=true, visible=true, showing=false]
                              javax.swing.JPopupMenu[name=null, label=null, enabled=true, visible=false, showing=false]
                                se.cambiosys.client.framework.menueditor.internal.InitializingMenuItem[name=null, text='Services scheme', selected=false, enabled=true, visible=true, showing=false]
                                  se.cambiosys.client.framework.core.internal.CambioShortcutMenuButton[name=null, text='', selected=false, enabled=true, visible=true, showing=false]
                                se.cambiosys.client.framework.menueditor.internal.InitializingMenuItem[name=null, text='Scheme templates', selected=false, enabled=true, visible=true, showing=false]
                                  se.cambiosys.client.framework.core.internal.CambioShortcutMenuButton[name=null, text='', selected=false, enabled=true, visible=true, showing=false]
                                se.cambiosys.client.framework.menueditor.internal.InitializingMenuItem[name=null, text='Resource's scheme', selected=false, enabled=true, visible=true, showing=false]
                                  se.cambiosys.client.framework.core.internal.CambioShortcutMenuButton[name=null, text='', selected=false, enabled=true, visible=true, showing=false]
                            se.cambiosys.client.framework.components.CambioMenu[name=null, text='Staffing', selected=false, enabled=true, visible=true, showing=false]
                              javax.swing.JPopupMenu[name=null, label=null, enabled=true, visible=false, showing=false]
                                se.cambiosys.client.framework.menueditor.internal.InitializingMenuItem[name=null, text='Allocate resources - Services scheme', selected=false, enabled=true, visible=true, showing=false]
                                  se.cambiosys.client.framework.core.internal.CambioShortcutMenuButton[name=null, text='', selected=false, enabled=true, visible=true, showing=false]
                                se.cambiosys.client.framework.menueditor.internal.InitializingMenuItem[name=null, text='Allocate resources - Scheme templates', selected=false, enabled=true, visible=true, showing=false]
                                  se.cambiosys.client.framework.core.internal.CambioShortcutMenuButton[name=null, text='', selected=false, enabled=true, visible=true, showing=false]
                                se.cambiosys.client.framework.menueditor.internal.InitializingMenuItem[name=null, text='Services missing resources', selected=false, enabled=true, visible=true, showing=false]
                                  se.cambiosys.client.framework.core.internal.CambioShortcutMenuButton[name=null, text='', selected=false, enabled=true, visible=true, showing=false]
                        se.cambiosys.client.framework.menueditor.internal.InitializingMenuItem[name=null, text='Planned activities', selected=false, enabled=true, visible=true, showing=false]
                          se.cambiosys.client.framework.core.internal.CambioShortcutMenuButton[name=null, text='', selected=false, enabled=true, visible=true, showing=false]
                        se.cambiosys.client.framework.menueditor.internal.InitializingMenuItem[name=null, text='Planning form', selected=false, enabled=true, visible=true, showing=false]
                          se.cambiosys.client.framework.core.internal.CambioShortcutMenuButton[name=null, text='', selected=false, enabled=true, visible=true, showing=false]
                        se.cambiosys.client.framework.menueditor.internal.InitializingMenuItem[name=null, text='Light planning form', selected=false, enabled=true, visible=true, showing=false]
                          se.cambiosys.client.framework.core.internal.CambioShortcutMenuButton[name=null, text='', selected=false, enabled=true, visible=true, showing=false]
                    se.cambiosys.client.framework.components.CambioMenu[name=null, text='Activity handling', selected=false, enabled=true, visible=true, showing=true]
                      javax.swing.JPopupMenu[name=null, label=null, enabled=true, visible=false, showing=false]
                        se.cambiosys.client.framework.menueditor.internal.InitializingMenuItem[name=null, text='Activity handler', selected=false, enabled=true, visible=true, showing=false]
                          se.cambiosys.client.framework.core.internal.CambioShortcutMenuButton[name=null, text='', selected=false, enabled=true, visible=true, showing=false]
                        se.cambiosys.client.framework.components.CambioMenu[name=null, text='Administration', selected=false, enabled=true, visible=true, showing=false]
                          javax.swing.JPopupMenu[name=null, label=null, enabled=true, visible=false, showing=false]
                            se.cambiosys.client.framework.menueditor.internal.InitializingMenuItem[name=null, text='Configuration of Activity plans', selected=false, enabled=true, visible=true, showing=false]
                              se.cambiosys.client.framework.core.internal.CambioShortcutMenuButton[name=null, text='', selected=false, enabled=true, visible=true, showing=false]
                            se.cambiosys.client.framework.menueditor.internal.InitializingMenuItem[name=null, text='Configuration of activity plan activation', selected=false, enabled=true, visible=true, showing=false]
                              se.cambiosys.client.framework.core.internal.CambioShortcutMenuButton[name=null, text='', selected=false, enabled=true, visible=true, showing=false]
                    se.cambiosys.client.framework.components.CambioMenu[name=null, text='Drugs', selected=false, enabled=true, visible=true, showing=true]
                      javax.swing.JPopupMenu[name=null, label=null, enabled=true, visible=false, showing=false]
                        se.cambiosys.client.framework.menueditor.internal.InitializingMenuItem[name=null, text='Appliance', selected=false, enabled=true, visible=true, showing=false]
                          se.cambiosys.client.framework.core.internal.CambioShortcutMenuButton[name=null, text='', selected=false, enabled=true, visible=true, showing=false]
                        se.cambiosys.client.framework.menueditor.internal.InitializingMenuItem[name=null, text='Prescription', selected=false, enabled=true, visible=true, showing=false]
                          se.cambiosys.client.framework.core.internal.CambioShortcutMenuButton[name=null, text='', selected=false, enabled=true, visible=true, showing=false]
                        se.cambiosys.client.framework.menueditor.internal.InitializingMenuItem[name=null, text='R8.0 List of medications', selected=false, enabled=true, visible=true, showing=false]
                          se.cambiosys.client.framework.core.internal.CambioShortcutMenuButton[name=null, text='', selected=false, enabled=true, visible=true, showing=false]
                        se.cambiosys.client.framework.components.CambioMenu[name=null, text='Administration', selected=false, enabled=true, visible=true, showing=false]
                          javax.swing.JPopupMenu[name=null, label=null, enabled=true, visible=false, showing=false]
                            se.cambiosys.client.framework.menueditor.internal.InitializingMenuItem[name=null, text='Sent E-prescriptions', selected=false, enabled=true, visible=true, showing=false]
                              se.cambiosys.client.framework.core.internal.CambioShortcutMenuButton[name=null, text='', selected=false, enabled=true, visible=true, showing=false]
                        se.cambiosys.client.framework.menueditor.internal.InitializingMenuItem[name=null, text='Warnings, cautions and infected blood', selected=false, enabled=false, visible=true, showing=false]
                          se.cambiosys.client.framework.core.internal.CambioShortcutMenuButton[name=null, text='', selected=false, enabled=true, visible=true, showing=false]
                        se.cambiosys.client.framework.menueditor.internal.InitializingMenuItem[name=null, text='Medical administration record', selected=false, enabled=true, visible=true, showing=false]
                          se.cambiosys.client.framework.core.internal.CambioShortcutMenuButton[name=null, text='', selected=false, enabled=true, visible=true, showing=false]
                        se.cambiosys.client.framework.menueditor.internal.InitializingMenuItem[name=null, text='Decision about medication at admission', selected=false, enabled=true, visible=true, showing=false]
                          se.cambiosys.client.framework.core.internal.CambioShortcutMenuButton[name=null, text='', selected=false, enabled=true, visible=true, showing=false]
                    se.cambiosys.client.framework.components.CambioMenu[name=null, text='Concept', selected=false, enabled=true, visible=true, showing=true]
                      javax.swing.JPopupMenu[name=null, label=null, enabled=true, visible=false, showing=false]
                        se.cambiosys.client.framework.menueditor.internal.InitializingMenuItem[name=null, text='Terminology binding configuration', selected=false, enabled=true, visible=true, showing=false]
                          se.cambiosys.client.framework.core.internal.CambioShortcutMenuButton[name=null, text='', selected=false, enabled=true, visible=true, showing=false]
                    se.cambiosys.client.framework.components.CambioMenu[name=null, text='Block Administration', selected=false, enabled=true, visible=true, showing=true]
                      javax.swing.JPopupMenu[name=null, label=null, enabled=true, visible=false, showing=false]
                        se.cambiosys.client.framework.menueditor.internal.InitializingMenuItem[name=null, text='Block Administration', selected=false, enabled=true, visible=true, showing=false]
                          se.cambiosys.client.framework.core.internal.CambioShortcutMenuButton[name=null, text='', selected=false, enabled=true, visible=true, showing=false]
                    se.cambiosys.client.framework.components.CambioMenu[name=null, text='Overviews', selected=false, enabled=true, visible=true, showing=true]
                      javax.swing.JPopupMenu[name=null, label=null, enabled=true, visible=false, showing=false]
                        se.cambiosys.client.framework.menueditor.internal.InitializingMenuItem[name=null, text='Unsigned and Unacknowledged', selected=false, enabled=true, visible=true, showing=false]
                          se.cambiosys.client.framework.core.internal.CambioShortcutMenuButton[name=null, text='', selected=false, enabled=true, visible=true, showing=false]
                        se.cambiosys.client.framework.components.CambioMenu[name=null, text='Unit overviews', selected=false, enabled=true, visible=true, showing=false]
                          javax.swing.JPopupMenu[name=null, label=null, enabled=true, visible=false, showing=false]
                            se.cambiosys.client.framework.menueditor.internal.InitializingMenuItem[name=null, text='Services', selected=false, enabled=true, visible=true, showing=false]
                              se.cambiosys.client.framework.core.internal.CambioShortcutMenuButton[name=null, text='', selected=false, enabled=true, visible=true, showing=false]
                            se.cambiosys.client.framework.menueditor.internal.InitializingMenuItem[name=null, text='Commitment', selected=false, enabled=true, visible=true, showing=false]
                              se.cambiosys.client.framework.core.internal.CambioShortcutMenuButton[name=null, text='', selected=false, enabled=true, visible=true, showing=false]
                            se.cambiosys.client.framework.menueditor.internal.InitializingMenuItem[name=null, text='Admission overview', selected=false, enabled=true, visible=true, showing=false]
                              se.cambiosys.client.framework.core.internal.CambioShortcutMenuButton[name=null, text='', selected=false, enabled=true, visible=true, showing=false]
                            se.cambiosys.client.framework.menueditor.internal.InitializingMenuItem[name=null, text='Loading...', selected=false, enabled=true, visible=true, showing=false]
                              se.cambiosys.client.framework.core.internal.CambioShortcutMenuButton[name=null, text='', selected=false, enabled=true, visible=true, showing=false]
                            se.cambiosys.client.framework.menueditor.internal.InitializingMenuItem[name=null, text='Loading...', selected=false, enabled=true, visible=true, showing=false]
                              se.cambiosys.client.framework.core.internal.CambioShortcutMenuButton[name=null, text='', selected=false, enabled=true, visible=true, showing=false]
                        se.cambiosys.client.framework.menueditor.internal.InitializingMenuItem[name=null, text='Visit Overview', selected=false, enabled=true, visible=true, showing=false]
                          se.cambiosys.client.framework.core.internal.CambioShortcutMenuButton[name=null, text='', selected=false, enabled=true, visible=true, showing=false]
                        se.cambiosys.client.framework.menueditor.internal.InitializingMenuItem[name=null, text='Clinical overview - OP', selected=false, enabled=true, visible=true, showing=false]
                          se.cambiosys.client.framework.core.internal.CambioShortcutMenuButton[name=null, text='', selected=false, enabled=true, visible=true, showing=false]
                        se.cambiosys.client.framework.menueditor.internal.InitializingMenuItem[name=null, text='Clinical overview - IP', selected=false, enabled=true, visible=true, showing=false]
                          se.cambiosys.client.framework.core.internal.CambioShortcutMenuButton[name=null, text='', selected=false, enabled=true, visible=true, showing=false]
                        se.cambiosys.client.framework.menueditor.internal.InitializingMenuItem[name=null, text='Process view', selected=false, enabled=true, visible=true, showing=false]
                          se.cambiosys.client.framework.core.internal.CambioShortcutMenuButton[name=null, text='', selected=false, enabled=true, visible=true, showing=false]
                        se.cambiosys.client.framework.menueditor.internal.InitializingMenuItem[name=null, text='Dynamic overviews - Administration', selected=false, enabled=true, visible=true, showing=false]
                          se.cambiosys.client.framework.core.internal.CambioShortcutMenuButton[name=null, text='', selected=false, enabled=true, visible=true, showing=false]
                        se.cambiosys.client.framework.components.CambioMenu[name=null, text='Dynamic overviews', selected=false, enabled=true, visible=true, showing=false]
                          javax.swing.JPopupMenu[name=null, label=null, enabled=true, visible=false, showing=false]
                            se.cambiosys.client.overviewmodule.Module$8(se.cambiosys.client.framework.components.CambioMenuItem)[name=null, text='All views*', selected=false, enabled=true, visible=true, showing=false]
                              se.cambiosys.client.framework.core.internal.CambioShortcutMenuButton[name=null, text='', selected=false, enabled=true, visible=true, showing=false]
                            se.cambiosys.client.overviewmodule.Module$8(se.cambiosys.client.framework.components.CambioMenuItem)[name=null, text='Doctor*', selected=false, enabled=true, visible=true, showing=false]
                              se.cambiosys.client.framework.core.internal.CambioShortcutMenuButton[name=null, text='', selected=false, enabled=true, visible=true, showing=false]
                            se.cambiosys.client.overviewmodule.Module$8(se.cambiosys.client.framework.components.CambioMenuItem)[name=null, text='Inpatient*', selected=false, enabled=true, visible=true, showing=false]
                              se.cambiosys.client.framework.core.internal.CambioShortcutMenuButton[name=null, text='', selected=false, enabled=true, visible=true, showing=false]
                            se.cambiosys.client.overviewmodule.Module$8(se.cambiosys.client.framework.components.CambioMenuItem)[name=null, text='Patient*', selected=false, enabled=true, visible=true, showing=false]
                              se.cambiosys.client.framework.core.internal.CambioShortcutMenuButton[name=null, text='', selected=false, enabled=true, visible=true, showing=false]
                        se.cambiosys.client.framework.menueditor.internal.InitializingMenuItem[name=null, text='Patient Overview', selected=false, enabled=true, visible=true, showing=false]
                          se.cambiosys.client.framework.core.internal.CambioShortcutMenuButton[name=null, text='', selected=false, enabled=true, visible=true, showing=false]
                        se.cambiosys.client.framework.menueditor.internal.InitializingMenuItem[name=null, text='Analyse Area', selected=false, enabled=true, visible=true, showing=false]
                          se.cambiosys.client.framework.core.internal.CambioShortcutMenuButton[name=null, text='', selected=false, enabled=true, visible=true, showing=false]
                        se.cambiosys.client.framework.menueditor.internal.InitializingMenuItem[name=null, text='My Overview', selected=false, enabled=true, visible=true, showing=false]
                          se.cambiosys.client.framework.core.internal.CambioShortcutMenuButton[name=null, text='', selected=false, enabled=true, visible=true, showing=false]
                        se.cambiosys.client.framework.menueditor.internal.InitializingMenuItem[name=null, text='Management Overview', selected=false, enabled=true, visible=true, showing=false]
                          se.cambiosys.client.framework.core.internal.CambioShortcutMenuButton[name=null, text='', selected=false, enabled=true, visible=true, showing=false]
                        se.cambiosys.client.framework.menueditor.internal.InitializingMenuItem[name=null, text='List of visits', selected=false, enabled=true, visible=true, showing=false]
                          se.cambiosys.client.framework.core.internal.CambioShortcutMenuButton[name=null, text='', selected=false, enabled=true, visible=true, showing=false]
                        se.cambiosys.client.framework.menueditor.internal.InitializingMenuItem[name=null, text='Connection Overview', selected=false, enabled=true, visible=true, showing=false]
                          se.cambiosys.client.framework.core.internal.CambioShortcutMenuButton[name=null, text='', selected=false, enabled=true, visible=true, showing=false]
                        se.cambiosys.client.framework.components.CambioMenu[name=null, text='Unit overview-Administration', selected=false, enabled=true, visible=true, showing=false]
                          javax.swing.JPopupMenu[name=null, label=null, enabled=true, visible=false, showing=false]
                            se.cambiosys.client.framework.components.CambioMenu[name=null, text='Priority configuration', selected=false, enabled=true, visible=true, showing=false]
                              javax.swing.JPopupMenu[name=null, label=null, enabled=true, visible=false, showing=false]
                                se.cambiosys.client.framework.menueditor.internal.InitializingMenuItem[name=null, text='Loading...', selected=false, enabled=true, visible=true, showing=false]
                                  se.cambiosys.client.framework.core.internal.CambioShortcutMenuButton[name=null, text='', selected=false, enabled=true, visible=true, showing=false]
                                se.cambiosys.client.framework.menueditor.internal.InitializingMenuItem[name=null, text='Loading...', selected=false, enabled=true, visible=true, showing=false]
                                  se.cambiosys.client.framework.core.internal.CambioShortcutMenuButton[name=null, text='', selected=false, enabled=true, visible=true, showing=false]
                            se.cambiosys.client.framework.components.CambioMenu[name=null, text='OW Configuration', selected=false, enabled=true, visible=true, showing=false]
                              javax.swing.JPopupMenu[name=null, label=null, enabled=true, visible=false, showing=false]
                                se.cambiosys.client.framework.menueditor.internal.InitializingMenuItem[name=null, text='Loading...', selected=false, enabled=true, visible=true, showing=false]
                                  se.cambiosys.client.framework.core.internal.CambioShortcutMenuButton[name=null, text='', selected=false, enabled=true, visible=true, showing=false]
                                se.cambiosys.client.framework.menueditor.internal.InitializingMenuItem[name=null, text='Loading...', selected=false, enabled=true, visible=true, showing=false]
                                  se.cambiosys.client.framework.core.internal.CambioShortcutMenuButton[name=null, text='', selected=false, enabled=true, visible=true, showing=false]
                                se.cambiosys.client.framework.menueditor.internal.InitializingMenuItem[name=null, text='Loading...', selected=false, enabled=true, visible=true, showing=false]
                                  se.cambiosys.client.framework.core.internal.CambioShortcutMenuButton[name=null, text='', selected=false, enabled=true, visible=true, showing=false]
                            se.cambiosys.client.framework.menueditor.internal.InitializingMenuItem[name=null, text='Loading...', selected=false, enabled=true, visible=true, showing=false]
                              se.cambiosys.client.framework.core.internal.CambioShortcutMenuButton[name=null, text='', selected=false, enabled=true, visible=true, showing=false]
                    se.cambiosys.client.framework.components.CambioMenu[name=null, text='Messenger', selected=false, enabled=true, visible=true, showing=true]
                      javax.swing.JPopupMenu[name=null, label=null, enabled=true, visible=false, showing=false]
                        se.cambiosys.client.framework.menueditor.internal.InitializingMenuItem[name=null, text='Inbox', selected=false, enabled=true, visible=true, showing=false]
                          se.cambiosys.client.framework.core.internal.CambioShortcutMenuButton[name=null, text='', selected=false, enabled=true, visible=true, showing=false]
                        se.cambiosys.client.framework.menueditor.internal.InitializingMenuItem[name=null, text='New message', selected=false, enabled=true, visible=true, showing=false]
                          se.cambiosys.client.framework.core.internal.CambioShortcutMenuButton[name=null, text='', selected=false, enabled=true, visible=true, showing=false]
                        se.cambiosys.client.framework.menueditor.internal.InitializingMenuItem[name=null, text='New broadcast message', selected=false, enabled=true, visible=true, showing=false]
                          se.cambiosys.client.framework.core.internal.CambioShortcutMenuButton[name=null, text='', selected=false, enabled=true, visible=true, showing=false]
                        se.cambiosys.client.framework.components.CambioMenu[name=null, text='Administration', selected=false, enabled=true, visible=true, showing=false]
                          javax.swing.JPopupMenu[name=null, label=null, enabled=true, visible=false, showing=false]
                            se.cambiosys.client.framework.menueditor.internal.InitializingMenuItem[name=null, text='Recipient group', selected=false, enabled=true, visible=true, showing=false]
                              se.cambiosys.client.framework.core.internal.CambioShortcutMenuButton[name=null, text='', selected=false, enabled=true, visible=true, showing=false]
                            se.cambiosys.client.framework.menueditor.internal.InitializingMenuItem[name=null, text='Messenger accounts', selected=false, enabled=true, visible=true, showing=false]
                              se.cambiosys.client.framework.core.internal.CambioShortcutMenuButton[name=null, text='', selected=false, enabled=true, visible=true, showing=false]
                            se.cambiosys.client.framework.menueditor.internal.InitializingMenuItem[name=null, text='Access to other users' Messenger accounts', selected=false, enabled=true, visible=true, showing=false]
                              se.cambiosys.client.framework.core.internal.CambioShortcutMenuButton[name=null, text='', selected=false, enabled=true, visible=true, showing=false]
                            se.cambiosys.client.framework.menueditor.internal.InitializingMenuItem[name=null, text='Out of office administration', selected=false, enabled=true, visible=true, showing=false]
                              se.cambiosys.client.framework.core.internal.CambioShortcutMenuButton[name=null, text='', selected=false, enabled=true, visible=true, showing=false]
                    se.cambiosys.client.framework.components.CambioMenu[name=null, text='Administration', selected=false, enabled=true, visible=true, showing=true]
                      javax.swing.JPopupMenu[name=null, label=null, enabled=true, visible=false, showing=false]
                        se.cambiosys.client.framework.menueditor.internal.InitializingMenuItem[name=null, text='Unit register', selected=false, enabled=true, visible=true, showing=false]
                          se.cambiosys.client.framework.core.internal.CambioShortcutMenuButton[name=null, text='', selected=false, enabled=true, visible=true, showing=false]
                        se.cambiosys.client.framework.menueditor.internal.InitializingMenuItem[name=null, text='Resources', selected=false, enabled=true, visible=true, showing=false]
                          se.cambiosys.client.framework.core.internal.CambioShortcutMenuButton[name=null, text='', selected=false, enabled=true, visible=true, showing=false]
                        se.cambiosys.client.framework.components.CambioMenu[name=null, text='Permission', selected=false, enabled=true, visible=true, showing=false]
                          javax.swing.JPopupMenu[name=null, label=null, enabled=true, visible=false, showing=false]
                            se.cambiosys.client.framework.menueditor.internal.InitializingMenuItem[name=null, text='Define access', selected=false, enabled=true, visible=true, showing=false]
                              se.cambiosys.client.framework.core.internal.CambioShortcutMenuButton[name=null, text='', selected=false, enabled=true, visible=true, showing=false]
                            se.cambiosys.client.framework.menueditor.internal.InitializingMenuItem[name=null, text='Access overview', selected=false, enabled=true, visible=true, showing=false]
                              se.cambiosys.client.framework.core.internal.CambioShortcutMenuButton[name=null, text='', selected=false, enabled=true, visible=true, showing=false]
                            se.cambiosys.client.framework.menueditor.internal.InitializingMenuItem[name=null, text='Profile manager', selected=false, enabled=true, visible=true, showing=false]
                              se.cambiosys.client.framework.core.internal.CambioShortcutMenuButton[name=null, text='', selected=false, enabled=true, visible=true, showing=false]
                        se.cambiosys.client.framework.components.CambioMenu[name=null, text='Settings', selected=false, enabled=true, visible=true, showing=false]
                          javax.swing.JPopupMenu[name=null, label=null, enabled=true, visible=false, showing=false]
                            se.cambiosys.client.framework.menueditor.internal.InitializingMenuItem[name=null, text='Log settings', selected=false, enabled=true, visible=true, showing=false]
                              se.cambiosys.client.framework.core.internal.CambioShortcutMenuButton[name=null, text='', selected=false, enabled=true, visible=true, showing=false]
                            se.cambiosys.client.framework.menueditor.internal.InitializingMenuItem[name=null, text='Server settings', selected=false, enabled=true, visible=true, showing=false]
                              se.cambiosys.client.framework.core.internal.CambioShortcutMenuButton[name=null, text='', selected=false, enabled=true, visible=true, showing=false]
                            se.cambiosys.client.framework.menueditor.internal.InitializingMenuItem[name=null, text='Personal settings and selections', selected=false, enabled=true, visible=true, showing=false]
                              se.cambiosys.client.framework.core.internal.CambioShortcutMenuButton[name=null, text='', selected=false, enabled=true, visible=true, showing=false]
                            se.cambiosys.client.framework.menueditor.internal.InitializingMenuItem[name=null, text='Global settings and selections', selected=false, enabled=true, visible=true, showing=false]
                              se.cambiosys.client.framework.core.internal.CambioShortcutMenuButton[name=null, text='', selected=false, enabled=true, visible=true, showing=false]
                            se.cambiosys.client.framework.menueditor.internal.InitializingMenuItem[name=null, text='Settings and selections', selected=false, enabled=true, visible=true, showing=false]
                              se.cambiosys.client.framework.core.internal.CambioShortcutMenuButton[name=null, text='', selected=false, enabled=true, visible=true, showing=false]
                            se.cambiosys.client.framework.menueditor.internal.InitializingMenuItem[name=null, text='Administration nodes', selected=false, enabled=true, visible=true, showing=false]
                              se.cambiosys.client.framework.core.internal.CambioShortcutMenuButton[name=null, text='', selected=false, enabled=true, visible=true, showing=false]
                            se.cambiosys.client.framework.menueditor.internal.InitializingMenuItem[name=null, text='Places', selected=false, enabled=true, visible=true, showing=false]
                              se.cambiosys.client.framework.core.internal.CambioShortcutMenuButton[name=null, text='', selected=false, enabled=true, visible=true, showing=false]
                        se.cambiosys.client.framework.menueditor.internal.InitializingMenuItem[name=null, text='User', selected=false, enabled=true, visible=true, showing=false]
                          se.cambiosys.client.framework.core.internal.CambioShortcutMenuButton[name=null, text='', selected=false, enabled=true, visible=true, showing=false]
                        se.cambiosys.client.framework.menueditor.internal.InitializingMenuItem[name=null, text='Roles', selected=false, enabled=true, visible=true, showing=false]
                          se.cambiosys.client.framework.core.internal.CambioShortcutMenuButton[name=null, text='', selected=false, enabled=true, visible=true, showing=false]
                        se.cambiosys.client.framework.menueditor.internal.InitializingMenuItem[name=null, text='Type definitions', selected=false, enabled=true, visible=true, showing=false]
                          se.cambiosys.client.framework.core.internal.CambioShortcutMenuButton[name=null, text='', selected=false, enabled=true, visible=true, showing=false]
                        se.cambiosys.client.framework.components.CambioMenu[name=null, text='Terms & Concept', selected=false, enabled=true, visible=true, showing=false]
                          javax.swing.JPopupMenu[name=null, label=null, enabled=true, visible=false, showing=false]
                            se.cambiosys.client.framework.menueditor.internal.InitializingMenuItem[name=null, text='Terms', selected=false, enabled=true, visible=true, showing=false]
                              se.cambiosys.client.framework.core.internal.CambioShortcutMenuButton[name=null, text='', selected=false, enabled=true, visible=true, showing=false]
                            se.cambiosys.client.framework.menueditor.internal.InitializingMenuItem[name=null, text='Concept', selected=false, enabled=true, visible=true, showing=false]
                              se.cambiosys.client.framework.core.internal.CambioShortcutMenuButton[name=null, text='', selected=false, enabled=true, visible=true, showing=false]
                        se.cambiosys.client.framework.menueditor.internal.InitializingMenuItem[name=null, text='Ranges', selected=false, enabled=true, visible=true, showing=false]
                          se.cambiosys.client.framework.core.internal.CambioShortcutMenuButton[name=null, text='', selected=false, enabled=true, visible=true, showing=false]
                        se.cambiosys.client.framework.menueditor.internal.InitializingMenuItem[name=null, text='Reports', selected=false, enabled=true, visible=true, showing=false]
                          se.cambiosys.client.framework.core.internal.CambioShortcutMenuButton[name=null, text='', selected=false, enabled=true, visible=true, showing=false]
                        se.cambiosys.client.framework.menueditor.internal.InitializingMenuItem[name=null, text='Import reports', selected=false, enabled=true, visible=true, showing=false]
                          se.cambiosys.client.framework.core.internal.CambioShortcutMenuButton[name=null, text='', selected=false, enabled=true, visible=true, showing=false]
                        se.cambiosys.client.framework.menueditor.internal.InitializingMenuItem[name=null, text='Phrase editor', selected=false, enabled=true, visible=true, showing=false]
                          se.cambiosys.client.framework.core.internal.CambioShortcutMenuButton[name=null, text='', selected=false, enabled=true, visible=true, showing=false]
                        se.cambiosys.client.framework.components.CambioMenu[name=null, text='Services', selected=false, enabled=true, visible=true, showing=false]
                          javax.swing.JPopupMenu[name=null, label=null, enabled=true, visible=false, showing=false]
                            se.cambiosys.client.framework.menueditor.internal.InitializingMenuItem[name=null, text='Services', selected=false, enabled=true, visible=true, showing=false]
                              se.cambiosys.client.framework.core.internal.CambioShortcutMenuButton[name=null, text='', selected=false, enabled=true, visible=true, showing=false]
                            se.cambiosys.client.framework.menueditor.internal.InitializingMenuItem[name=null, text='Offers of the unit', selected=false, enabled=true, visible=true, showing=false]
                              se.cambiosys.client.framework.core.internal.CambioShortcutMenuButton[name=null, text='', selected=false, enabled=true, visible=true, showing=false]
                        se.cambiosys.client.framework.menueditor.internal.InitializingMenuItem[name=null, text='Selection', selected=false, enabled=true, visible=true, showing=false]
                          se.cambiosys.client.framework.core.internal.CambioShortcutMenuButton[name=null, text='', selected=false, enabled=true, visible=true, showing=false]
                        se.cambiosys.client.framework.menueditor.internal.InitializingMenuItem[name=null, text='Printers', selected=false, enabled=true, visible=true, showing=false]
                          se.cambiosys.client.framework.core.internal.CambioShortcutMenuButton[name=null, text='', selected=false, enabled=true, visible=true, showing=false]
                        se.cambiosys.client.framework.components.CambioMenu[name=null, text='Secrecy administration', selected=false, enabled=true, visible=true, showing=false]
                          javax.swing.JPopupMenu[name=null, label=null, enabled=true, visible=false, showing=false]
                            se.cambiosys.client.framework.menueditor.internal.InitializingMenuItem[name=null, text='Secrecy groups', selected=false, enabled=true, visible=true, showing=false]
                              se.cambiosys.client.framework.core.internal.CambioShortcutMenuButton[name=null, text='', selected=false, enabled=true, visible=true, showing=false]
                            se.cambiosys.client.framework.menueditor.internal.InitializingMenuItem[name=null, text='Secrecy level', selected=false, enabled=true, visible=true, showing=false]
                              se.cambiosys.client.framework.core.internal.CambioShortcutMenuButton[name=null, text='', selected=false, enabled=true, visible=true, showing=false]
                            se.cambiosys.client.framework.menueditor.internal.InitializingMenuItem[name=null, text='Secrecy rules', selected=false, enabled=true, visible=true, showing=false]
                              se.cambiosys.client.framework.core.internal.CambioShortcutMenuButton[name=null, text='', selected=false, enabled=true, visible=true, showing=false]
                        se.cambiosys.client.framework.menueditor.internal.InitializingMenuItem[name=null, text='Schedule backup', selected=false, enabled=true, visible=true, showing=false]
                          se.cambiosys.client.framework.core.internal.CambioShortcutMenuButton[name=null, text='', selected=false, enabled=true, visible=true, showing=false]
                        se.cambiosys.client.framework.menueditor.internal.InitializingMenuItem[name=null, text='Template administration', selected=false, enabled=true, visible=true, showing=false]
                          se.cambiosys.client.framework.core.internal.CambioShortcutMenuButton[name=null, text='', selected=false, enabled=true, visible=true, showing=false]
                        se.cambiosys.client.framework.menueditor.internal.InitializingMenuItem[name=null, text='Printout Handler', selected=false, enabled=true, visible=true, showing=false]
                          se.cambiosys.client.framework.core.internal.CambioShortcutMenuButton[name=null, text='', selected=false, enabled=true, visible=true, showing=false]
                        se.cambiosys.client.framework.menueditor.internal.InitializingMenuItem[name=null, text='Unit handler', selected=false, enabled=true, visible=true, showing=false]
                          se.cambiosys.client.framework.core.internal.CambioShortcutMenuButton[name=null, text='', selected=false, enabled=true, visible=true, showing=false]
                        se.cambiosys.client.framework.menueditor.internal.InitializingMenuItem[name=null, text='Access Log', selected=false, enabled=true, visible=true, showing=false]
                          se.cambiosys.client.framework.core.internal.CambioShortcutMenuButton[name=null, text='', selected=false, enabled=true, visible=true, showing=false]
                        se.cambiosys.client.framework.menueditor.internal.InitializingMenuItem[name=null, text='Configuration of Access Log', selected=false, enabled=true, visible=true, showing=false]
                          se.cambiosys.client.framework.core.internal.CambioShortcutMenuButton[name=null, text='', selected=false, enabled=true, visible=true, showing=false]
                        se.cambiosys.client.framework.menueditor.internal.InitializingMenuItem[name=null, text='Application logger', selected=false, enabled=true, visible=true, showing=false]
                          se.cambiosys.client.framework.core.internal.CambioShortcutMenuButton[name=null, text='', selected=false, enabled=true, visible=true, showing=false]
                        se.cambiosys.client.framework.menueditor.internal.InitializingMenuItem[name=null, text='eVisit Configuration', selected=false, enabled=true, visible=true, showing=false]
                          se.cambiosys.client.framework.core.internal.CambioShortcutMenuButton[name=null, text='', selected=false, enabled=true, visible=true, showing=false]
                        se.cambiosys.client.framework.components.CambioMenu[name=null, text='Order management', selected=false, enabled=true, visible=true, showing=false]
                          javax.swing.JPopupMenu[name=null, label=null, enabled=true, visible=false, showing=false]
                            se.cambiosys.client.framework.menueditor.internal.InitializingMenuItem[name=null, text='Catalog administration', selected=false, enabled=true, visible=true, showing=false]
                              se.cambiosys.client.framework.core.internal.CambioShortcutMenuButton[name=null, text='', selected=false, enabled=true, visible=true, showing=false]
                            se.cambiosys.client.framework.menueditor.internal.InitializingMenuItem[name=null, text='File administration', selected=false, enabled=true, visible=true, showing=false]
                              se.cambiosys.client.framework.core.internal.CambioShortcutMenuButton[name=null, text='', selected=false, enabled=true, visible=true, showing=false]
                            se.cambiosys.client.framework.menueditor.internal.InitializingMenuItem[name=null, text='Secrecy administration', selected=false, enabled=true, visible=true, showing=false]
                              se.cambiosys.client.framework.core.internal.CambioShortcutMenuButton[name=null, text='', selected=false, enabled=true, visible=true, showing=false]
                            se.cambiosys.client.framework.menueditor.internal.InitializingMenuItem[name=null, text='Groups/packages/profiles', selected=false, enabled=true, visible=true, showing=false]
                              se.cambiosys.client.framework.core.internal.CambioShortcutMenuButton[name=null, text='', selected=false, enabled=true, visible=true, showing=false]
                            se.cambiosys.client.framework.menueditor.internal.InitializingMenuItem[name=null, text='Sorting orders', selected=false, enabled=true, visible=true, showing=false]
                              se.cambiosys.client.framework.core.internal.CambioShortcutMenuButton[name=null, text='', selected=false, enabled=true, visible=true, showing=false]
                            se.cambiosys.client.framework.menueditor.internal.InitializingMenuItem[name=null, text='Local analyses', selected=false, enabled=true, visible=true, showing=false]
                              se.cambiosys.client.framework.core.internal.CambioShortcutMenuButton[name=null, text='', selected=false, enabled=true, visible=true, showing=false]
                            se.cambiosys.client.framework.menueditor.internal.InitializingMenuItem[name=null, text='Label printer', selected=false, enabled=true, visible=true, showing=false]
                              se.cambiosys.client.framework.core.internal.CambioShortcutMenuButton[name=null, text='', selected=false, enabled=true, visible=true, showing=false]
                        se.cambiosys.client.framework.menueditor.internal.InitializingMenuItem[name=null, text='Configure Y-axis for Clinical Parameter', selected=false, enabled=true, visible=true, showing=false]
                          se.cambiosys.client.framework.core.internal.CambioShortcutMenuButton[name=null, text='', selected=false, enabled=true, visible=true, showing=false]
                        se.cambiosys.client.framework.components.CambioMenu[name=null, text='Visits and admissions', selected=false, enabled=true, visible=true, showing=false]
                          javax.swing.JPopupMenu[name=null, label=null, enabled=true, visible=false, showing=false]
                            se.cambiosys.client.framework.menueditor.internal.InitializingMenuItem[name=null, text='Create new visit / admission', selected=false, enabled=true, visible=true, showing=false]
                              se.cambiosys.client.framework.core.internal.CambioShortcutMenuButton[name=null, text='', selected=false, enabled=true, visible=true, showing=false]
                            se.cambiosys.client.framework.menueditor.internal.InitializingMenuItem[name=null, text='Edit visit / admission', selected=false, enabled=true, visible=true, showing=false]
                              se.cambiosys.client.framework.core.internal.CambioShortcutMenuButton[name=null, text='', selected=false, enabled=true, visible=true, showing=false]
                        se.cambiosys.client.framework.components.CambioMenu[name=null, text='Publishing', selected=false, enabled=true, visible=true, showing=false]
                          javax.swing.JPopupMenu[name=null, label=null, enabled=true, visible=false, showing=false]
                            se.cambiosys.client.framework.menueditor.internal.InitializingMenuItem[name=null, text='Mining', selected=false, enabled=true, visible=true, showing=false]
                              se.cambiosys.client.framework.core.internal.CambioShortcutMenuButton[name=null, text='', selected=false, enabled=true, visible=true, showing=false]
                            se.cambiosys.client.framework.menueditor.internal.InitializingMenuItem[name=null, text='Error management', selected=false, enabled=true, visible=true, showing=false]
                              se.cambiosys.client.framework.core.internal.CambioShortcutMenuButton[name=null, text='', selected=false, enabled=true, visible=true, showing=false]
                        se.cambiosys.client.framework.menueditor.internal.InitializingMenuItem[name=null, text='CCP Filter Configuration', selected=false, enabled=true, visible=true, showing=false]
                          se.cambiosys.client.framework.core.internal.CambioShortcutMenuButton[name=null, text='', selected=false, enabled=true, visible=true, showing=false]
                        se.cambiosys.client.framework.menueditor.internal.InitializingMenuItem[name=null, text='Menu editor', selected=false, enabled=true, visible=true, showing=false]
                          se.cambiosys.client.framework.core.internal.CambioShortcutMenuButton[name=null, text='', selected=false, enabled=true, visible=true, showing=false]
                        se.cambiosys.client.framework.menueditor.internal.InitializingMenuItem[name=null, text='Script', selected=false, enabled=true, visible=true, showing=false]
                          se.cambiosys.client.framework.core.internal.CambioShortcutMenuButton[name=null, text='', selected=false, enabled=true, visible=true, showing=false]
                        se.cambiosys.client.framework.components.CambioMenu[name=null, text='Spell Check', selected=false, enabled=true, visible=true, showing=false]
                          javax.swing.JPopupMenu[name=null, label=null, enabled=true, visible=false, showing=false]
                            se.cambiosys.client.framework.menueditor.internal.InitializingMenuItem[name=null, text='Settings', selected=false, enabled=true, visible=true, showing=false]
                              se.cambiosys.client.framework.core.internal.CambioShortcutMenuButton[name=null, text='', selected=false, enabled=true, visible=true, showing=false]
                            se.cambiosys.client.framework.menueditor.internal.InitializingMenuItem[name=null, text='User dictionary', selected=false, enabled=true, visible=true, showing=false]
                              se.cambiosys.client.framework.core.internal.CambioShortcutMenuButton[name=null, text='', selected=false, enabled=true, visible=true, showing=false]
                            se.cambiosys.client.framework.menueditor.internal.InitializingMenuItem[name=null, text='Global dictionary', selected=false, enabled=true, visible=true, showing=false]
                              se.cambiosys.client.framework.core.internal.CambioShortcutMenuButton[name=null, text='', selected=false, enabled=true, visible=true, showing=false]
                    se.cambiosys.client.framework.components.CambioMenu[name=null, text='Child Healthcare', selected=false, enabled=true, visible=true, showing=true]
                      javax.swing.JPopupMenu[name=null, label=null, enabled=true, visible=false, showing=false]
                        se.cambiosys.client.framework.menueditor.internal.InitializingMenuItem[name=null, text='Print Child Healthcare data', selected=false, enabled=true, visible=true, showing=false]
                          se.cambiosys.client.framework.core.internal.CambioShortcutMenuButton[name=null, text='', selected=false, enabled=true, visible=true, showing=false]
                    se.cambiosys.client.framework.components.CambioMenu[name=null, text='Medication', selected=false, enabled=true, visible=true, showing=true]
                      javax.swing.JPopupMenu[name=null, label=null, enabled=true, visible=false, showing=false]
                        se.cambiosys.client.framework.components.CambioMenu[name=null, text='Administration', selected=false, enabled=true, visible=true, showing=false]
                          javax.swing.JPopupMenu[name=null, label=null, enabled=true, visible=false, showing=false]
                            se.cambiosys.client.framework.menueditor.internal.InitializingMenuItem[name=null, text='Sent e-recipe overview', selected=false, enabled=true, visible=true, showing=false]
                              se.cambiosys.client.framework.core.internal.CambioShortcutMenuButton[name=null, text='', selected=false, enabled=true, visible=true, showing=false]
                            se.cambiosys.client.framework.menueditor.internal.InitializingMenuItem[name=null, text='Catalogue administration', selected=false, enabled=true, visible=true, showing=false]
                              se.cambiosys.client.framework.core.internal.CambioShortcutMenuButton[name=null, text='', selected=false, enabled=true, visible=true, showing=false]
                            se.cambiosys.client.framework.menueditor.internal.InitializingMenuItem[name=null, text='Unit Times and Medicine Cabinet', selected=false, enabled=true, visible=true, showing=false]
                              se.cambiosys.client.framework.core.internal.CambioShortcutMenuButton[name=null, text='', selected=false, enabled=true, visible=true, showing=false]
                            se.cambiosys.client.framework.menueditor.internal.InitializingMenuItem[name=null, text='Order basis for vaccine', selected=false, enabled=true, visible=true, showing=false]
                              se.cambiosys.client.framework.core.internal.CambioShortcutMenuButton[name=null, text='', selected=false, enabled=true, visible=true, showing=false]
                        se.cambiosys.client.framework.components.CambioMenu[name=null, text='New prescription', selected=false, enabled=true, visible=true, showing=false]
                          javax.swing.JPopupMenu[name=null, label=null, enabled=true, visible=false, showing=false]
                            se.cambiosys.client.framework.menueditor.internal.InitializingMenuItem[name=null, text='Drug', selected=false, enabled=true, visible=true, showing=false]
                              se.cambiosys.client.framework.core.internal.CambioShortcutMenuButton[name=null, text='', selected=false, enabled=true, visible=true, showing=false]
                            se.cambiosys.client.framework.menueditor.internal.InitializingMenuItem[name=null, text='Nutrition product', selected=false, enabled=true, visible=true, showing=false]
                              se.cambiosys.client.framework.core.internal.CambioShortcutMenuButton[name=null, text='', selected=false, enabled=true, visible=true, showing=false]
                            se.cambiosys.client.framework.menueditor.internal.InitializingMenuItem[name=null, text='Consumable', selected=false, enabled=true, visible=true, showing=false]
                              se.cambiosys.client.framework.core.internal.CambioShortcutMenuButton[name=null, text='', selected=false, enabled=true, visible=true, showing=false]
                        se.cambiosys.client.framework.components.CambioMenu[name=null, text='Lists', selected=false, enabled=true, visible=true, showing=false]
                          javax.swing.JPopupMenu[name=null, label=null, enabled=true, visible=false, showing=false]
                            se.cambiosys.client.framework.menueditor.internal.InitializingMenuItem[name=null, text='Drugs', selected=false, enabled=true, visible=true, showing=false]
                              se.cambiosys.client.framework.core.internal.CambioShortcutMenuButton[name=null, text='', selected=false, enabled=true, visible=true, showing=false]
                            se.cambiosys.client.framework.menueditor.internal.InitializingMenuItem[name=null, text='Nutritions', selected=false, enabled=true, visible=true, showing=false]
                              se.cambiosys.client.framework.core.internal.CambioShortcutMenuButton[name=null, text='', selected=false, enabled=true, visible=true, showing=false]
                            se.cambiosys.client.framework.menueditor.internal.InitializingMenuItem[name=null, text='Consumables', selected=false, enabled=true, visible=true, showing=false]
                              se.cambiosys.client.framework.core.internal.CambioShortcutMenuButton[name=null, text='', selected=false, enabled=true, visible=true, showing=false]
                            se.cambiosys.client.framework.menueditor.internal.InitializingMenuItem[name=null, text='Vaccination list', selected=false, enabled=true, visible=true, showing=false]
                              se.cambiosys.client.framework.core.internal.CambioShortcutMenuButton[name=null, text='', selected=false, enabled=true, visible=true, showing=false]
                            se.cambiosys.client.framework.menueditor.internal.InitializingMenuItem[name=null, text='Recipe overview', selected=false, enabled=true, visible=true, showing=false]
                              se.cambiosys.client.framework.core.internal.CambioShortcutMenuButton[name=null, text='', selected=false, enabled=true, visible=true, showing=false]
                        se.cambiosys.client.framework.menueditor.internal.InitializingMenuItem[name=null, text='Nurse view', selected=false, enabled=true, visible=true, showing=false]
                          se.cambiosys.client.framework.core.internal.CambioShortcutMenuButton[name=null, text='', selected=false, enabled=true, visible=true, showing=false]
                    se.cambiosys.client.framework.components.CambioMenu[name=null, text='Theatre', selected=false, enabled=true, visible=true, showing=true]
                      javax.swing.JPopupMenu[name=null, label=null, enabled=true, visible=false, showing=false]
                        se.cambiosys.client.framework.menueditor.internal.InitializingMenuItem[name=null, text='Create theatre registration', selected=false, enabled=true, visible=true, showing=false]
                          se.cambiosys.client.framework.core.internal.CambioShortcutMenuButton[name=null, text='', selected=false, enabled=true, visible=true, showing=false]
                        se.cambiosys.client.framework.menueditor.internal.InitializingMenuItem[name=null, text='Operation list', selected=false, enabled=true, visible=true, showing=false]
                          se.cambiosys.client.framework.core.internal.CambioShortcutMenuButton[name=null, text='', selected=false, enabled=true, visible=true, showing=false]
                        se.cambiosys.client.framework.menueditor.internal.InitializingMenuItem[name=null, text='Planning schedule', selected=false, enabled=true, visible=true, showing=false]
                          se.cambiosys.client.framework.core.internal.CambioShortcutMenuButton[name=null, text='', selected=false, enabled=true, visible=true, showing=false]
                        se.cambiosys.client.framework.menueditor.internal.InitializingMenuItem[name=null, text='Schedule overview', selected=false, enabled=true, visible=true, showing=false]
                          se.cambiosys.client.framework.core.internal.CambioShortcutMenuButton[name=null, text='', selected=false, enabled=true, visible=true, showing=false]
                        se.cambiosys.client.framework.menueditor.internal.InitializingMenuItem[name=null, text='Live Schedule', selected=false, enabled=true, visible=true, showing=false]
                          se.cambiosys.client.framework.core.internal.CambioShortcutMenuButton[name=null, text='', selected=false, enabled=true, visible=true, showing=false]
                        se.cambiosys.client.framework.components.CambioMenu[name=null, text='Administration', selected=false, enabled=true, visible=true, showing=false]
                          javax.swing.JPopupMenu[name=null, label=null, enabled=true, visible=false, showing=false]
                            se.cambiosys.client.framework.menueditor.internal.InitializingMenuItem[name=null, text='Templates for Anaesthetic, Th.record, Recovery', selected=false, enabled=true, visible=true, showing=false]
                              se.cambiosys.client.framework.core.internal.CambioShortcutMenuButton[name=null, text='', selected=false, enabled=true, visible=true, showing=false]
                            se.cambiosys.client.framework.menueditor.internal.InitializingMenuItem[name=null, text='Basic templates for Th. registration', selected=false, enabled=true, visible=true, showing=false]
                              se.cambiosys.client.framework.core.internal.CambioShortcutMenuButton[name=null, text='', selected=false, enabled=true, visible=true, showing=false]
                            se.cambiosys.client.framework.menueditor.internal.InitializingMenuItem[name=null, text='Templates for Waypoints', selected=false, enabled=true, visible=true, showing=false]
                              se.cambiosys.client.framework.core.internal.CambioShortcutMenuButton[name=null, text='', selected=false, enabled=true, visible=true, showing=false]
                            se.cambiosys.client.framework.menueditor.internal.InitializingMenuItem[name=null, text='Theatre suite administration', selected=false, enabled=true, visible=true, showing=false]
                              se.cambiosys.client.framework.core.internal.CambioShortcutMenuButton[name=null, text='', selected=false, enabled=true, visible=true, showing=false]
                            se.cambiosys.client.framework.menueditor.internal.InitializingMenuItem[name=null, text='Medical priority', selected=false, enabled=true, visible=true, showing=false]
                              se.cambiosys.client.framework.core.internal.CambioShortcutMenuButton[name=null, text='', selected=false, enabled=true, visible=true, showing=false]
                            se.cambiosys.client.framework.menueditor.internal.InitializingMenuItem[name=null, text='Keyword mapping', selected=false, enabled=true, visible=true, showing=false]
                              se.cambiosys.client.framework.core.internal.CambioShortcutMenuButton[name=null, text='', selected=false, enabled=true, visible=true, showing=false]
                            se.cambiosys.client.framework.menueditor.internal.InitializingMenuItem[name=null, text='Create theatres', selected=false, enabled=true, visible=true, showing=false]
                              se.cambiosys.client.framework.core.internal.CambioShortcutMenuButton[name=null, text='', selected=false, enabled=true, visible=true, showing=false]
                            se.cambiosys.client.framework.menueditor.internal.InitializingMenuItem[name=null, text='Global filters', selected=false, enabled=true, visible=true, showing=false]
                              se.cambiosys.client.framework.core.internal.CambioShortcutMenuButton[name=null, text='', selected=false, enabled=true, visible=true, showing=false]
                            se.cambiosys.client.framework.menueditor.internal.InitializingMenuItem[name=null, text='Activity lists', selected=false, enabled=true, visible=true, showing=false]
                              se.cambiosys.client.framework.core.internal.CambioShortcutMenuButton[name=null, text='', selected=false, enabled=true, visible=true, showing=false]
                            se.cambiosys.client.framework.menueditor.internal.InitializingMenuItem[name=null, text='Templates for Th. registration', selected=false, enabled=true, visible=true, showing=false]
                              se.cambiosys.client.framework.core.internal.CambioShortcutMenuButton[name=null, text='', selected=false, enabled=true, visible=true, showing=false]
                            se.cambiosys.client.framework.menueditor.internal.InitializingMenuItem[name=null, text='Colour configuration', selected=false, enabled=true, visible=true, showing=false]
                              se.cambiosys.client.framework.core.internal.CambioShortcutMenuButton[name=null, text='', selected=false, enabled=true, visible=true, showing=false]
                            se.cambiosys.client.framework.menueditor.internal.InitializingMenuItem[name=null, text='Surgical Unit Administration', selected=false, enabled=true, visible=true, showing=false]
                              se.cambiosys.client.framework.core.internal.CambioShortcutMenuButton[name=null, text='', selected=false, enabled=true, visible=true, showing=false]
                            se.cambiosys.client.framework.menueditor.internal.InitializingMenuItem[name=null, text='Code Packages', selected=false, enabled=true, visible=true, showing=false]
                              se.cambiosys.client.framework.core.internal.CambioShortcutMenuButton[name=null, text='', selected=false, enabled=true, visible=true, showing=false]
                    se.cambiosys.client.framework.components.CambioMenu[name=null, text='Order management', selected=false, enabled=true, visible=true, showing=true]
                      javax.swing.JPopupMenu[name=null, label=null, enabled=true, visible=false, showing=false]
                        se.cambiosys.client.framework.menueditor.internal.InitializingMenuItem[name=null, text='Request', selected=false, enabled=true, visible=true, showing=false]
                          se.cambiosys.client.framework.core.internal.CambioShortcutMenuButton[name=null, text='', selected=false, enabled=true, visible=true, showing=false]
                        se.cambiosys.client.framework.menueditor.internal.InitializingMenuItem[name=null, text='Specimen collection', selected=false, enabled=true, visible=true, showing=false]
                          se.cambiosys.client.framework.core.internal.CambioShortcutMenuButton[name=null, text='', selected=false, enabled=true, visible=true, showing=false]
                        se.cambiosys.client.framework.menueditor.internal.InitializingMenuItem[name=null, text='Radiology Request', selected=false, enabled=true, visible=true, showing=false]
                          se.cambiosys.client.framework.core.internal.CambioShortcutMenuButton[name=null, text='', selected=false, enabled=true, visible=true, showing=false]
                        se.cambiosys.client.framework.menueditor.internal.InitializingMenuItem[name=null, text='Unsent Radiology Request', selected=false, enabled=true, visible=true, showing=false]
                          se.cambiosys.client.framework.core.internal.CambioShortcutMenuButton[name=null, text='', selected=false, enabled=true, visible=true, showing=false]
                        se.cambiosys.client.framework.menueditor.internal.InitializingMenuItem[name=null, text='Request status', selected=false, enabled=true, visible=true, showing=false]
                          se.cambiosys.client.framework.core.internal.CambioShortcutMenuButton[name=null, text='', selected=false, enabled=true, visible=true, showing=false]
                        se.cambiosys.client.framework.menueditor.internal.InitializingMenuItem[name=null, text='Local analyses input', selected=false, enabled=true, visible=true, showing=false]
                          se.cambiosys.client.framework.core.internal.CambioShortcutMenuButton[name=null, text='', selected=false, enabled=true, visible=true, showing=false]
                        se.cambiosys.client.framework.menueditor.internal.InitializingMenuItem[name=null, text='Result inbox', selected=false, enabled=true, visible=true, showing=false]
                          se.cambiosys.client.framework.core.internal.CambioShortcutMenuButton[name=null, text='', selected=false, enabled=true, visible=true, showing=false]
                        se.cambiosys.client.framework.menueditor.internal.InitializingMenuItem[name=null, text='Test result', selected=false, enabled=true, visible=true, showing=false]
                          se.cambiosys.client.framework.core.internal.CambioShortcutMenuButton[name=null, text='', selected=false, enabled=true, visible=true, showing=false]
                        se.cambiosys.client.framework.menueditor.internal.InitializingMenuItem[name=null, text='Radiology Report', selected=false, enabled=true, visible=true, showing=false]
                          se.cambiosys.client.framework.core.internal.CambioShortcutMenuButton[name=null, text='', selected=false, enabled=true, visible=true, showing=false]
                        se.cambiosys.client.framework.menueditor.internal.InitializingMenuItem[name=null, text='Manual input', selected=false, enabled=true, visible=true, showing=false]
                          se.cambiosys.client.framework.core.internal.CambioShortcutMenuButton[name=null, text='', selected=false, enabled=true, visible=true, showing=false]
                        se.cambiosys.client.framework.components.CambioMenu[name=null, text='Administration', selected=false, enabled=true, visible=true, showing=false]
                          javax.swing.JPopupMenu[name=null, label=null, enabled=true, visible=false, showing=false]
                            se.cambiosys.client.framework.menueditor.internal.InitializingMenuItem[name=null, text='Sketch administration', selected=false, enabled=true, visible=true, showing=false]
                              se.cambiosys.client.framework.core.internal.CambioShortcutMenuButton[name=null, text='', selected=false, enabled=true, visible=true, showing=false]
                            se.cambiosys.client.framework.menueditor.internal.InitializingMenuItem[name=null, text='Pathology request templates', selected=false, enabled=true, visible=true, showing=false]
                              se.cambiosys.client.framework.core.internal.CambioShortcutMenuButton[name=null, text='', selected=false, enabled=true, visible=true, showing=false]
                        se.cambiosys.client.framework.menueditor.internal.InitializingMenuItem[name=null, text='Signed Radiology Request ', selected=false, enabled=true, visible=true, showing=false]
                          se.cambiosys.client.framework.core.internal.CambioShortcutMenuButton[name=null, text='', selected=false, enabled=true, visible=true, showing=false]
                    se.cambiosys.client.framework.components.CambioMenu[name=null, text='Medical record', selected=false, enabled=true, visible=true, showing=true]
                      javax.swing.JPopupMenu[name=null, label=null, enabled=true, visible=false, showing=false]
                        se.cambiosys.client.framework.components.CambioMenu[name=null, text='Medical record table', selected=false, enabled=true, visible=true, showing=false]
                          javax.swing.JPopupMenu[name=null, label=null, enabled=true, visible=false, showing=false]
                            se.cambiosys.client.framework.menueditor.internal.InitializingMenuItem[name=null, text='Administration of templates for medical record tables', selected=false, enabled=true, visible=true, showing=false]
                              se.cambiosys.client.framework.core.internal.CambioShortcutMenuButton[name=null, text='', selected=false, enabled=true, visible=true, showing=false]
                            se.cambiosys.client.framework.menueditor.internal.InitializingMenuItem[name=null, text='New medical record table', selected=false, enabled=false, visible=true, showing=false]
                              se.cambiosys.client.framework.core.internal.CambioShortcutMenuButton[name=null, text='', selected=false, enabled=true, visible=true, showing=false]
                        se.cambiosys.client.framework.menueditor.internal.InitializingMenuItem[name=null, text='Medical record', selected=false, enabled=true, visible=true, showing=false]
                          se.cambiosys.client.framework.core.internal.CambioShortcutMenuButton[name=null, text='', selected=false, enabled=true, visible=true, showing=false]
                        se.cambiosys.client.framework.menueditor.internal.InitializingMenuItem[name=null, text='New note', selected=false, enabled=true, visible=true, showing=false]
                          se.cambiosys.client.framework.core.internal.CambioShortcutMenuButton[name=null, text='', selected=false, enabled=true, visible=true, showing=false]
                        se.cambiosys.client.framework.menueditor.internal.InitializingMenuItem[name=null, text='New form', selected=false, enabled=true, visible=true, showing=false]
                          se.cambiosys.client.framework.core.internal.CambioShortcutMenuButton[name=null, text='', selected=false, enabled=true, visible=true, showing=false]
                        se.cambiosys.client.framework.menueditor.internal.InitializingMenuItem[name=null, text='New care plan note', selected=false, enabled=false, visible=false, showing=false]
                          se.cambiosys.client.framework.core.internal.CambioShortcutMenuButton[name=null, text='', selected=false, enabled=true, visible=true, showing=false]
                        se.cambiosys.client.framework.menueditor.internal.InitializingMenuItem[name=null, text='Observation', selected=false, enabled=true, visible=true, showing=false]
                          se.cambiosys.client.framework.core.internal.CambioShortcutMenuButton[name=null, text='', selected=false, enabled=true, visible=true, showing=false]
                        se.cambiosys.client.framework.menueditor.internal.InitializingMenuItem[name=null, text='Graphic view', selected=false, enabled=true, visible=true, showing=false]
                          se.cambiosys.client.framework.core.internal.CambioShortcutMenuButton[name=null, text='', selected=false, enabled=true, visible=true, showing=false]
                        se.cambiosys.client.framework.menueditor.internal.InitializingMenuItem[name=null, text='List of activities', selected=false, enabled=true, visible=true, showing=false]
                          se.cambiosys.client.framework.core.internal.CambioShortcutMenuButton[name=null, text='', selected=false, enabled=true, visible=true, showing=false]
                        se.cambiosys.client.framework.components.CambioMenu[name=null, text='Administration', selected=false, enabled=true, visible=true, showing=false]
                          javax.swing.JPopupMenu[name=null, label=null, enabled=true, visible=false, showing=false]
                            se.cambiosys.client.framework.menueditor.internal.InitializingMenuItem[name=null, text='Keyword editor', selected=false, enabled=true, visible=true, showing=false]
                              se.cambiosys.client.framework.core.internal.CambioShortcutMenuButton[name=null, text='', selected=false, enabled=true, visible=true, showing=false]
                            se.cambiosys.client.framework.menueditor.internal.InitializingMenuItem[name=null, text='Search occurrences of keyword', selected=false, enabled=true, visible=true, showing=false]
                              se.cambiosys.client.framework.core.internal.CambioShortcutMenuButton[name=null, text='', selected=false, enabled=true, visible=true, showing=false]
                            se.cambiosys.client.framework.menueditor.internal.InitializingMenuItem[name=null, text='Template manager', selected=false, enabled=true, visible=true, showing=false]
                              se.cambiosys.client.framework.core.internal.CambioShortcutMenuButton[name=null, text='', selected=false, enabled=true, visible=true, showing=false]
                            se.cambiosys.client.framework.menueditor.internal.InitializingMenuItem[name=null, text='Fixed values', selected=false, enabled=true, visible=true, showing=false]
                              se.cambiosys.client.framework.core.internal.CambioShortcutMenuButton[name=null, text='', selected=false, enabled=true, visible=true, showing=false]
                            se.cambiosys.client.framework.menueditor.internal.InitializingMenuItem[name=null, text='Form administration', selected=false, enabled=true, visible=true, showing=false]
                              se.cambiosys.client.framework.core.internal.CambioShortcutMenuButton[name=null, text='', selected=false, enabled=true, visible=true, showing=false]
                            se.cambiosys.client.framework.menueditor.internal.InitializingMenuItem[name=null, text='Administration views', selected=false, enabled=true, visible=true, showing=false]
                              se.cambiosys.client.framework.core.internal.CambioShortcutMenuButton[name=null, text='', selected=false, enabled=true, visible=true, showing=false]
                            se.cambiosys.client.framework.menueditor.internal.InitializingMenuItem[name=null, text='Administration filter', selected=false, enabled=true, visible=true, showing=false]
                              se.cambiosys.client.framework.core.internal.CambioShortcutMenuButton[name=null, text='', selected=false, enabled=true, visible=true, showing=false]
                            se.cambiosys.client.framework.menueditor.internal.InitializingMenuItem[name=null, text='Selection of problems', selected=false, enabled=true, visible=true, showing=false]
                              se.cambiosys.client.framework.core.internal.CambioShortcutMenuButton[name=null, text='', selected=false, enabled=true, visible=true, showing=false]
                        se.cambiosys.client.framework.components.CambioMenu[name=null, text='Digital dictation', selected=false, enabled=true, visible=true, showing=false]
                          javax.swing.JPopupMenu[name=null, label=null, enabled=true, visible=false, showing=false]
                            se.cambiosys.client.framework.menueditor.internal.InitializingMenuItem[name=null, text='Create new dictation', selected=false, enabled=true, visible=true, showing=false]
                              se.cambiosys.client.framework.core.internal.CambioShortcutMenuButton[name=null, text='', selected=false, enabled=true, visible=true, showing=false]
                            se.cambiosys.client.framework.menueditor.internal.InitializingMenuItem[name=null, text='Dictation list', selected=false, enabled=true, visible=true, showing=false]
                              se.cambiosys.client.framework.core.internal.CambioShortcutMenuButton[name=null, text='', selected=false, enabled=true, visible=true, showing=false]
                            se.cambiosys.client.framework.menueditor.internal.InitializingMenuItem[name=null, text='Create new dictation from file', selected=false, enabled=true, visible=true, showing=false]
                              se.cambiosys.client.framework.core.internal.CambioShortcutMenuButton[name=null, text='', selected=false, enabled=true, visible=true, showing=false]
                            se.cambiosys.client.framework.menueditor.internal.InitializingMenuItem[name=null, text='Create new dictation minimized', selected=false, enabled=true, visible=true, showing=false]
                              se.cambiosys.client.framework.core.internal.CambioShortcutMenuButton[name=null, text='', selected=false, enabled=true, visible=true, showing=false]
                        se.cambiosys.client.framework.components.CambioMenu[name=null, text='Birth', selected=false, enabled=true, visible=true, showing=false]
                          javax.swing.JPopupMenu[name=null, label=null, enabled=true, visible=false, showing=false]
                            se.cambiosys.client.framework.menueditor.internal.InitializingMenuItem[name=null, text='Partogram', selected=false, enabled=false, visible=true, showing=false]
                              se.cambiosys.client.framework.core.internal.CambioShortcutMenuButton[name=null, text='', selected=false, enabled=true, visible=true, showing=false]
                            se.cambiosys.client.framework.menueditor.internal.InitializingMenuItem[name=null, text='New delivery', selected=false, enabled=false, visible=true, showing=false]
                              se.cambiosys.client.framework.core.internal.CambioShortcutMenuButton[name=null, text='', selected=false, enabled=true, visible=true, showing=false]
                            se.cambiosys.client.framework.menueditor.internal.InitializingMenuItem[name=null, text='Delete partogram', selected=false, enabled=false, visible=true, showing=false]
                              se.cambiosys.client.framework.core.internal.CambioShortcutMenuButton[name=null, text='', selected=false, enabled=true, visible=true, showing=false]
                            se.cambiosys.client.framework.menueditor.internal.InitializingMenuItem[name=null, text='Configuration of registrations', selected=false, enabled=true, visible=true, showing=false]
                              se.cambiosys.client.framework.core.internal.CambioShortcutMenuButton[name=null, text='', selected=false, enabled=true, visible=true, showing=false]
                            se.cambiosys.client.framework.menueditor.internal.InitializingMenuItem[name=null, text='Child number configuration', selected=false, enabled=true, visible=true, showing=false]
                              se.cambiosys.client.framework.core.internal.CambioShortcutMenuButton[name=null, text='', selected=false, enabled=true, visible=true, showing=false]
                    se.cambiosys.client.framework.components.CambioMenu[name=null, text='Window', selected=false, enabled=true, visible=true, showing=true]
                      javax.swing.JPopupMenu[name=null, label=null, enabled=true, visible=false, showing=false]
                        se.cambiosys.client.framework.core.internal.MenuHandler$10(se.cambiosys.client.framework.components.CambioCheckBoxMenuItem)[name=null, text='Keep windows', selected=true, enabled=true, visible=true, showing=false]
                        se.cambiosys.client.framework.menueditor.internal.InitializingMenuItem[name=null, text='Minimize all', selected=false, enabled=true, visible=true, showing=false]
                          se.cambiosys.client.framework.core.internal.CambioShortcutMenuButton[name=null, text='', selected=false, enabled=true, visible=true, showing=false]
                    se.cambiosys.client.framework.components.CambioMenu[name=null, text='Basic Menu', selected=false, enabled=true, visible=true, showing=true]
                      javax.swing.JPopupMenu[name=null, label=null, enabled=true, visible=false, showing=false]
                        se.cambiosys.client.framework.menueditor.internal.InitializingMenuItem[name=null, text='Basic Text', selected=false, enabled=true, visible=true, showing=false]
                          se.cambiosys.client.framework.core.internal.CambioShortcutMenuButton[name=null, text='', selected=false, enabled=true, visible=true, showing=false]
                    se.cambiosys.client.framework.components.CambioMenu[name=null, text='Patient administration IP & OP', selected=false, enabled=true, visible=true, showing=true]
                      javax.swing.JPopupMenu[name=null, label=null, enabled=true, visible=false, showing=false]
                        se.cambiosys.client.framework.components.CambioMenu[name=null, text='Administration', selected=false, enabled=true, visible=true, showing=false]
                          javax.swing.JPopupMenu[name=null, label=null, enabled=true, visible=false, showing=false]
                            se.cambiosys.client.framework.menueditor.internal.InitializingMenuItem[name=null, text='Region membership', selected=false, enabled=true, visible=true, showing=false]
                              se.cambiosys.client.framework.core.internal.CambioShortcutMenuButton[name=null, text='', selected=false, enabled=true, visible=true, showing=false]
                            se.cambiosys.client.framework.menueditor.internal.InitializingMenuItem[name=null, text='Search order number', selected=false, enabled=true, visible=true, showing=false]
                              se.cambiosys.client.framework.core.internal.CambioShortcutMenuButton[name=null, text='', selected=false, enabled=true, visible=true, showing=false]
                            se.cambiosys.client.framework.menueditor.internal.InitializingMenuItem[name=null, text='Reception administration & reception period', selected=false, enabled=true, visible=true, showing=false]
                              se.cambiosys.client.framework.core.internal.CambioShortcutMenuButton[name=null, text='', selected=false, enabled=true, visible=true, showing=false]
                            se.cambiosys.client.framework.menueditor.internal.InitializingMenuItem[name=null, text='Receptions and reception locations', selected=false, enabled=true, visible=true, showing=false]
                              se.cambiosys.client.framework.core.internal.CambioShortcutMenuButton[name=null, text='', selected=false, enabled=true, visible=true, showing=false]
                            se.cambiosys.client.framework.components.CambioMenu[name=null, text='Contract', selected=false, enabled=true, visible=true, showing=false]
                              javax.swing.JPopupMenu[name=null, label=null, enabled=true, visible=false, showing=false]
                                se.cambiosys.client.framework.menueditor.internal.InitializingMenuItem[name=null, text='New base price list', selected=false, enabled=true, visible=true, showing=false]
                                  se.cambiosys.client.framework.core.internal.CambioShortcutMenuButton[name=null, text='', selected=false, enabled=true, visible=true, showing=false]
                                se.cambiosys.client.framework.menueditor.internal.InitializingMenuItem[name=null, text='Open base price list', selected=false, enabled=true, visible=true, showing=false]
                                  se.cambiosys.client.framework.core.internal.CambioShortcutMenuButton[name=null, text='', selected=false, enabled=true, visible=true, showing=false]
                                se.cambiosys.client.framework.menueditor.internal.InitializingMenuItem[name=null, text='New contract', selected=false, enabled=true, visible=true, showing=false]
                                  se.cambiosys.client.framework.core.internal.CambioShortcutMenuButton[name=null, text='', selected=false, enabled=true, visible=true, showing=false]
                                se.cambiosys.client.framework.menueditor.internal.InitializingMenuItem[name=null, text='Open contract', selected=false, enabled=true, visible=true, showing=false]
                                  se.cambiosys.client.framework.core.internal.CambioShortcutMenuButton[name=null, text='', selected=false, enabled=true, visible=true, showing=false]
                                se.cambiosys.client.framework.menueditor.internal.InitializingMenuItem[name=null, text='Administration of contracts of goods sales', selected=false, enabled=true, visible=true, showing=false]
                                  se.cambiosys.client.framework.core.internal.CambioShortcutMenuButton[name=null, text='', selected=false, enabled=true, visible=true, showing=false]
                            se.cambiosys.client.framework.menueditor.internal.InitializingMenuItem[name=null, text='Products', selected=false, enabled=true, visible=true, showing=false]
                              se.cambiosys.client.framework.core.internal.CambioShortcutMenuButton[name=null, text='', selected=false, enabled=true, visible=true, showing=false]
                            se.cambiosys.client.framework.menueditor.internal.InitializingMenuItem[name=null, text='Goods', selected=false, enabled=true, visible=true, showing=false]
                              se.cambiosys.client.framework.core.internal.CambioShortcutMenuButton[name=null, text='', selected=false, enabled=true, visible=true, showing=false]
                            se.cambiosys.client.framework.menueditor.internal.InitializingMenuItem[name=null, text='VAT classes', selected=false, enabled=true, visible=true, showing=false]
                              se.cambiosys.client.framework.core.internal.CambioShortcutMenuButton[name=null, text='', selected=false, enabled=true, visible=true, showing=false]
                        se.cambiosys.client.framework.menueditor.internal.InitializingMenuItem[name=null, text='Configure economy exports', selected=false, enabled=true, visible=true, showing=false]
                          se.cambiosys.client.framework.core.internal.CambioShortcutMenuButton[name=null, text='', selected=false, enabled=true, visible=true, showing=false]
                        se.cambiosys.client.framework.menueditor.internal.InitializingMenuItem[name=null, text='Export management', selected=false, enabled=true, visible=true, showing=false]
                          se.cambiosys.client.framework.core.internal.CambioShortcutMenuButton[name=null, text='', selected=false, enabled=true, visible=true, showing=false]
                        se.cambiosys.client.framework.menueditor.internal.InitializingMenuItem[name=null, text='Visit and procedure registration', selected=false, enabled=true, visible=true, showing=false]
                          se.cambiosys.client.framework.core.internal.CambioShortcutMenuButton[name=null, text='', selected=false, enabled=true, visible=true, showing=false]
                        se.cambiosys.client.framework.menueditor.internal.InitializingMenuItem[name=null, text='Inpatient registration', selected=false, enabled=true, visible=true, showing=false]
                          se.cambiosys.client.framework.core.internal.CambioShortcutMenuButton[name=null, text='', selected=false, enabled=true, visible=true, showing=false]
                        se.cambiosys.client.framework.menueditor.internal.InitializingMenuItem[name=null, text='Acute overview', selected=false, enabled=true, visible=true, showing=false]
                          se.cambiosys.client.framework.core.internal.CambioShortcutMenuButton[name=null, text='', selected=false, enabled=true, visible=true, showing=false]
                        se.cambiosys.client.framework.menueditor.internal.InitializingMenuItem[name=null, text='Registration overview', selected=false, enabled=true, visible=true, showing=false]
                          se.cambiosys.client.framework.core.internal.CambioShortcutMenuButton[name=null, text='', selected=false, enabled=true, visible=true, showing=false]
                        se.cambiosys.client.framework.menueditor.internal.InitializingMenuItem[name=null, text='Goods Sale overview', selected=false, enabled=true, visible=true, showing=false]
                          se.cambiosys.client.framework.core.internal.CambioShortcutMenuButton[name=null, text='', selected=false, enabled=true, visible=true, showing=false]
                        se.cambiosys.client.framework.menueditor.internal.InitializingMenuItem[name=null, text='Invoice overview', selected=false, enabled=true, visible=true, showing=false]
                          se.cambiosys.client.framework.core.internal.CambioShortcutMenuButton[name=null, text='', selected=false, enabled=true, visible=true, showing=false]
                        se.cambiosys.client.framework.menueditor.internal.InitializingMenuItem[name=null, text='Register codes', selected=false, enabled=false, visible=true, showing=false]
                          se.cambiosys.client.framework.core.internal.CambioShortcutMenuButton[name=null, text='', selected=false, enabled=true, visible=true, showing=false]
                        se.cambiosys.client.framework.menueditor.internal.InitializingMenuItem[name=null, text='Undo', selected=false, enabled=true, visible=true, showing=false]
                          se.cambiosys.client.framework.core.internal.CambioShortcutMenuButton[name=null, text='', selected=false, enabled=true, visible=true, showing=false]
                    se.cambiosys.client.framework.components.CambioMenu[name=null, text='Patient', selected=false, enabled=true, visible=true, showing=true]
                      javax.swing.JPopupMenu[name=null, label=null, enabled=true, visible=false, showing=false]
                        se.cambiosys.client.framework.components.CambioMenu[name=null, text='Groups', selected=false, enabled=true, visible=true, showing=false]
                          javax.swing.JPopupMenu[name=null, label=null, enabled=true, visible=false, showing=false]
                            se.cambiosys.client.framework.menueditor.internal.InitializingMenuItem[name=null, text='Group card', selected=false, enabled=false, visible=true, showing=false]
                              se.cambiosys.client.framework.core.internal.CambioShortcutMenuButton[name=null, text='', selected=false, enabled=true, visible=true, showing=false]
                            se.cambiosys.client.framework.menueditor.internal.InitializingMenuItem[name=null, text='Group administration', selected=false, enabled=true, visible=true, showing=false]
                              se.cambiosys.client.framework.core.internal.CambioShortcutMenuButton[name=null, text='', selected=false, enabled=true, visible=true, showing=false]
                        se.cambiosys.client.framework.subjectofcare.internal.SecurityOverrideHandlerImpl$1(se.cambiosys.client.framework.components.CambioCheckBoxMenuItem)[name=null, text='Activate security override', selected=false, enabled=false, visible=true, showing=false]
                        se.cambiosys.client.framework.menueditor.internal.InitializingMenuItem[name=null, text='Patient card', selected=false, enabled=true, visible=true, showing=false]
                          se.cambiosys.client.framework.core.internal.CambioShortcutMenuButton[name=null, text='', selected=false, enabled=true, visible=true, showing=false]
                        se.cambiosys.client.framework.menueditor.internal.InitializingMenuItem[name=null, text='Print patient information', selected=false, enabled=true, visible=true, showing=false]
                          se.cambiosys.client.framework.core.internal.CambioShortcutMenuButton[name=null, text='', selected=false, enabled=true, visible=true, showing=false]
                        se.cambiosys.client.framework.menueditor.internal.InitializingMenuItem[name=null, text='Connect mother-child', selected=false, enabled=false, visible=true, showing=false]
                          se.cambiosys.client.framework.core.internal.CambioShortcutMenuButton[name=null, text='', selected=false, enabled=true, visible=true, showing=false]
                        se.cambiosys.client.framework.menueditor.internal.InitializingMenuItem[name=null, text='Disconnect child-mother', selected=false, enabled=false, visible=true, showing=false]
                          se.cambiosys.client.framework.core.internal.CambioShortcutMenuButton[name=null, text='', selected=false, enabled=true, visible=true, showing=false]
                        se.cambiosys.client.framework.menueditor.internal.InitializingMenuItem[name=null, text='Reservenumber...', selected=false, enabled=true, visible=true, showing=false]
                          se.cambiosys.client.framework.core.internal.CambioShortcutMenuButton[name=null, text='', selected=false, enabled=true, visible=true, showing=false]
                    se.cambiosys.client.framework.components.CambioMenu[name=null, text='Link (previous version)', selected=false, enabled=true, visible=true, showing=true]
                      javax.swing.JPopupMenu[name=null, label=null, enabled=true, visible=false, showing=false]
                        se.cambiosys.client.framework.menueditor.internal.InitializingMenuItem[name=null, text='Loading...', selected=false, enabled=true, visible=true, showing=false]
                          se.cambiosys.client.framework.core.internal.CambioShortcutMenuButton[name=null, text='', selected=false, enabled=true, visible=true, showing=false]
                        se.cambiosys.client.framework.menueditor.internal.InitializingMenuItem[name=null, text='Loading...', selected=false, enabled=true, visible=true, showing=false]
                          se.cambiosys.client.framework.core.internal.CambioShortcutMenuButton[name=null, text='', selected=false, enabled=true, visible=true, showing=false]
                    se.cambiosys.client.framework.components.CambioMenu[name=null, text='File', selected=false, enabled=true, visible=true, showing=true]
                      javax.swing.JPopupMenu[name=null, label=null, enabled=true, visible=false, showing=false]
                        se.cambiosys.client.framework.menueditor.internal.InitializingMenuItem[name=null, text='Change password', selected=false, enabled=true, visible=true, showing=false]
                          se.cambiosys.client.framework.core.internal.CambioShortcutMenuButton[name=null, text='', selected=false, enabled=true, visible=true, showing=false]
                        se.cambiosys.client.framework.menueditor.internal.InitializingMenuItem[name=null, text='Lock COSMIC', selected=false, enabled=true, visible=true, showing=false]
                          se.cambiosys.client.framework.core.internal.CambioShortcutMenuButton[name=null, text='', selected=false, enabled=true, visible=true, showing=false]
                        se.cambiosys.client.framework.menueditor.internal.InitializingMenuItem[name=null, text='Change profile', selected=false, enabled=true, visible=true, showing=false]
                          se.cambiosys.client.framework.core.internal.CambioShortcutMenuButton[name=null, text='', selected=false, enabled=true, visible=true, showing=false]
                        se.cambiosys.client.framework.menueditor.internal.InitializingMenuItem[name=null, text='Log out', selected=false, enabled=true, visible=true, showing=false]
                          se.cambiosys.client.framework.core.internal.CambioShortcutMenuButton[name=null, text='', selected=false, enabled=true, visible=true, showing=false]
                        se.cambiosys.client.framework.menueditor.internal.InitializingMenuItem[name=null, text='Quit', selected=false, enabled=true, visible=true, showing=false]
                          se.cambiosys.client.framework.core.internal.CambioShortcutMenuButton[name=null, text='', selected=false, enabled=true, visible=true, showing=false]
                    se.cambiosys.client.framework.components.CambioMenu[name=null, text='External Applications', selected=false, enabled=true, visible=true, showing=true]
                      javax.swing.JPopupMenu[name=null, label=null, enabled=true, visible=false, showing=false]
                        se.cambiosys.client.framework.menueditor.internal.InitializingMenuItem[name=null, text='DrCompanion', selected=false, enabled=true, visible=true, showing=false]
                          se.cambiosys.client.framework.core.internal.CambioShortcutMenuButton[name=null, text='', selected=false, enabled=true, visible=true, showing=false]
                        se.cambiosys.client.framework.menueditor.internal.InitializingMenuItem[name=null, text='OBSTETRIX (Ext)', selected=false, enabled=true, visible=true, showing=false]
                          se.cambiosys.client.framework.core.internal.CambioShortcutMenuButton[name=null, text='', selected=false, enabled=true, visible=true, showing=false]
                    se.cambiosys.client.framework.components.CambioMenu[name=null, text='Analytics', selected=false, enabled=true, visible=true, showing=true]
                      javax.swing.JPopupMenu[name=null, label=null, enabled=true, visible=false, showing=false]
                        se.cambiosys.client.framework.menueditor.internal.InitializingMenuItem[name=null, text='Insight', selected=false, enabled=true, visible=true, showing=false]
                          se.cambiosys.client.framework.core.internal.CambioShortcutMenuButton[name=null, text='', selected=false, enabled=true, visible=true, showing=false]
                    se.cambiosys.client.framework.components.CambioMenu[name=null, text='Bed management', selected=false, enabled=true, visible=true, showing=true]
                      javax.swing.JPopupMenu[name=null, label=null, enabled=true, visible=false, showing=false]
                        se.cambiosys.client.framework.menueditor.internal.InitializingMenuItem[name=null, text='Patient search', selected=false, enabled=true, visible=true, showing=false]
                          se.cambiosys.client.framework.core.internal.CambioShortcutMenuButton[name=null, text='', selected=false, enabled=true, visible=true, showing=false]
                        se.cambiosys.client.framework.menueditor.internal.InitializingMenuItem[name=null, text='Bed reservation overview', selected=false, enabled=true, visible=true, showing=false]
                          se.cambiosys.client.framework.core.internal.CambioShortcutMenuButton[name=null, text='', selected=false, enabled=true, visible=true, showing=false]
                        se.cambiosys.client.framework.menueditor.internal.InitializingMenuItem[name=null, text='Bed Administration', selected=false, enabled=true, visible=true, showing=false]
                          se.cambiosys.client.framework.core.internal.CambioShortcutMenuButton[name=null, text='', selected=false, enabled=true, visible=true, showing=false]
            se.cambiosys.client.framework.subjectofcare.internal.gui.SOCComponentPanel[name=null]
              se.cambiosys.client.framework.subjectofcare.internal.gui.SOCComponentPanel$1(se.cambiosys.client.framework.components.CambioTabbedPane)[name='TopTabbedPaneTab', selectedTabIndex=0, selectedTabTitle='', tabCount=2, tabTitles=["", ""], enabled=true, visible=true, showing=true
                se.cambiosys.client.framework.patients.internal.gui.PatientSOCPanel[name='Patient.PatientSOCPanel']
                  se.cambiosys.client.framework.patients.internal.gui.PatientSOCSearchPanel[name='Patient.PatientSOCPanel.searchPanel']
                    se.cambiosys.client.framework.patients.gui.PatientIdentifierNumberTextField[name='Patient.PatientSOCSearchPanel.numberTextField', text='19', enabled=true, visible=true, showing=true]
                    se.cambiosys.client.framework.components.CambioLabeledTextField[name='Patient.PatientSOCSearchPanel.nameTextField', text='', enabled=true, visible=true, showing=true]
                    se.cambiosys.client.framework.components.CambioLabeledTextField[name='Patient.PatientSOCSearchPanel.familyNameTextField', text='', enabled=true, visible=true, showing=true]
                    se.cambiosys.client.framework.subjectofcare.gui.CambioClickablePatientBannerButton[name='Patient.PatientSOCSearchPanel.searchButton', text=null, enabled=true, visible=true, showing=true]
                    se.cambiosys.client.framework.components.CambioLabel[name='Patient.PatientSOCSearchPanel.dummyLabel2', text='', enabled=true, visible=true, showing=true]
                    se.cambiosys.client.framework.subjectofcare.CambioPatientBannerButton[name='Patient.PatientSOCSearchPanel.clearButton', text='Clear', enabled=true, visible=true, showing=true]
                    se.cambiosys.client.framework.subjectofcare.CambioPatientBannerButton[name='Patient.PatientSOCSearchPanel.getPatientButton', text='Lists', enabled=true, visible=true, showing=true]
                  se.cambiosys.client.framework.patients.internal.gui.PatientSOCSelectedPanel[name='Patient.PatientSOCPanel.selectedPanel']
                    se.cambiosys.client.framework.components.CambioLabel[name='Patients.PatientSOCSelectedPanel.PatientSOCSelectedPanel', text='', enabled=true, visible=true, showing=false]
                    se.cambiosys.client.framework.components.CambioPanel[name='Patients.PatientSOCSelectedPanel.PatientSOCSelectedPanel']
                      se.cambio.attentionsignal.plugin.AttentionSignalSoCListPlugin[name=null]
                        se.cambiosys.client.framework.components.CambioPanel[name=null]
                          se.cambiosys.client.framework.components.CambioPanel[name=null]
                            se.cambio.attentionsignal.icons.BusyIconLabel[name=null, text='', enabled=true, visible=true, showing=false]
                          se.cambiosys.client.framework.components.CambioPanel[name=null]
                            se.cambio.attentionsignal.component.view.AbstractAttentionSignalIconView$2(se.cambiosys.client.framework.components.CambioLabel)[name='Table.cellRenderer', text='', enabled=true, visible=true, showing=false]
                    se.cambiosys.client.framework.subjectofcare.internal.gui.PatientDetailsPanel[name='Patients.PatientSOCSelectedPanel.PatientSOCSelectedPanel']
                      se.cambiosys.client.framework.components.CambioPanel[name='Subjectofcare.PatientDetailsPanel.endPanel']
                        se.cambiosys.client.framework.components.CambioLabel[name='Subjectofcare.PatientDetailsPanel.ageLabel', text='', enabled=true, visible=true, showing=false]
                        se.cambiosys.client.framework.subjectofcare.internal.gui.PatientPluginLoadingPanel[name=null]
                          se.cambiosys.client.framework.patients.internal.gui.PatientSOCLoadingPanel[name=null]
                            org.jdesktop.swingx.JXBusyLabel[name=null, text='', enabled=true, visible=true, showing=false]
                          se.cambiosys.client.framework.components.CambioPanel[name='Patients.PatientSOCSelectedPanel.PatientSOCSelectedPanel']
                            se.cambiosys.client.framework.components.CambioPanel[name='Patients.PatientSOCSelectedPanel.PatientSOCSelectedPanel']
                            se.cambiosys.client.framework.components.CambioPanel[name='Patients.PatientSOCSelectedPanel.PatientSOCSelectedPanel']
                              se.cambiosys.client.framework.patients.internal.gui.patientbannerplugins.SexPatientBannerPlugin[name='Table.cellRenderer', text='', enabled=true, visible=true, showing=false]
                              se.cambiosys.client.framework.components.CambioLabel[name='Patient.PatientCommunicationBannerPlugin.bannerLabel', text='', enabled=true, visible=true, showing=false]
                              se.cambiosys.client.membership.plugin.patient.MembershipPatientBannerPlugin[name='Table.cellRenderer', text='', enabled=true, visible=true, showing=false]
                              se.cambiosys.client.framework.patients.internal.gui.patientbannerplugins.ConnectedPatientButtonPlugin[name=null, text='', enabled=true, visible=false, showing=false]
                              se.cambiosys.client.framework.patients.internal.gui.patientbannerplugins.MotherChildPatientBannerPlugin[name='Patients.PatientBannerPlugins.MotherChildPatientBannerPlugin', text='', enabled=true, visible=true, showing=false]
                              se.cambiosys.client.patientlist.mylist.comment.AddToMyListPatientBannerPlugin[name=null, text='', enabled=false, visible=true, showing=false]
                              se.cambiosys.client.framework.patients.internal.gui.patientbannerplugins.InfoClassedButtonPlugin[name=null, text='', enabled=true, visible=false, showing=false]
                              se.cambiosys.client.countermodule.patientbannerplugins.ongoingcontact.OngoingContactPatientBannerComponent[name=null]
                                se.cambiosys.client.countermodule.patientbannerplugins.ongoingcontact.PatientBannerContactButton[name=null, text='', enabled=true, visible=false, showing=false]
                                se.cambiosys.client.countermodule.patientbannerplugins.ongoingcontact.PatientBannerContactButton[name=null, text='', enabled=true, visible=false, showing=false]
                                se.cambiosys.client.countermodule.patientbannerplugins.ongoingcontact.PatientBannerContactButton[name=null, text='', enabled=true, visible=false, showing=false]
                                se.cambiosys.client.countermodule.patientbannerplugins.ongoingcontact.PatientBannerContactButton[name=null, text='', enabled=true, visible=false, showing=false]
                                se.cambiosys.client.countermodule.patientbannerplugins.ongoingcontact.PatientBannerContactButton[name=null, text='', enabled=true, visible=false, showing=false]
                              se.cambiosys.client.psychiatricmodule.patientbannerplugins.CareTypePatientBannerPlugin[name=null]
                              se.cambio.link.client.linkcase.patientbanner.view.LinkCasePatientBannerComponent[name=null, text='', enabled=true, visible=false, showing=false]
                              se.cambio.client.cds.adaptor.gui.CdsPatientBannerButton[name='CambioClickablePatientBannerButton_cdsPatientBannerButton', text='', enabled=true, visible=false, showing=false]
                      se.cambiosys.client.framework.components.CambioLabel[name='Subjectofcare.PatientDetailsPanel.identifierLabel', text='', enabled=true, visible=true, showing=false]
                      se.cambiosys.client.framework.components.CambioTextPane[name='Subjectofcare.PatientDetailsPanel.namePanel', text='', enabled=true, visible=false, showing=false]
                      se.cambiosys.client.framework.components.CambioTextPane[name='Subjectofcare.PatientDetailsPanel.namePanelTruncated', text='', enabled=true, visible=true, showing=false]
                      se.cambiosys.client.framework.components.CambioLabel[name='Table.cellRenderer', text='', enabled=true, visible=false, showing=false]
                    se.cambiosys.client.framework.components.CambioPanel[name=null]
                    se.cambiosys.client.framework.subjectofcare.CambioPatientBannerButton[name='Patients.PatientSOCSelectedPanel.PatientSOCSelectedPanel', text='Clear', enabled=true, visible=true, showing=false]
                    se.cambiosys.client.framework.subjectofcare.CambioPatientBannerButton[name=null, text='Lists', enabled=true, visible=true, showing=false]
                    se.cambiosys.client.framework.subjectofcare.CambioPatientBannerButton[name='Patients.PatientSOCSelectedPanel.PatientSOCSelectedPanel', text='', enabled=true, visible=true, showing=false]
                se.cambiosys.client.framework.subjectofcare.internal.group.gui.GroupSOCPanel[name=null]
                  se.cambiosys.client.framework.subjectofcare.internal.group.gui.GroupSOCSearchPanel[name='Subjectofcare.GroupSOCPanel.searchPanel']
                    se.cambiosys.client.framework.components.CambioSelectionComboBox[name='Subjectofcare.GroupSOCSearchPanel.careUnitSelectionComboBox', selectedItem=null, contents=[], editable=false, enabled=true, visible=true, showing=false]
                      javax.swing.plaf.synth.SynthArrowButton[name='ComboBox.arrowButton', text='', enabled=true, visible=true, showing=false]
                      javax.swing.CellRendererPane[,0,0,0x0,hidden]
                    se.cambiosys.client.framework.components.CambioSelectionComboBox[name='Subjectofcare.GroupSOCSearchPanel.careGiverSelectionComboBox', selectedItem=null, contents=[], editable=false, enabled=true, visible=true, showing=false]
                      javax.swing.plaf.synth.SynthArrowButton[name='ComboBox.arrowButton', text='', enabled=true, visible=true, showing=false]
                      javax.swing.CellRendererPane[,0,0,0x0,hidden]
                    se.cambiosys.client.framework.components.CambioLabeledTextField[name='Subjectofcare.GroupSOCSearchPanel.groupNameTextField', text='', enabled=true, visible=true, showing=false]
                    se.cambiosys.client.framework.subjectofcare.gui.CambioClickablePatientBannerButton[name='Subjectofcare.GroupSOCSearchPanel.searchButton', text=null, enabled=true, visible=true, showing=false]
                    se.cambiosys.client.framework.subjectofcare.CambioPatientBannerButton[name='Subjectofcare.GroupSOCSearchPanel.clearButton', text='Clear', enabled=true, visible=true, showing=false]
                  se.cambiosys.client.framework.subjectofcare.internal.group.gui.GroupSOCSelectedPanel[name='Subjectofcare.GroupSOCPanel.selectedPanel']
                    se.cambiosys.client.framework.components.CambioLabel[name='SubjectGroupSOCSelectedPanel.detailLabel', text='', enabled=true, visible=true, showing=false]
                    se.cambiosys.client.framework.subjectofcare.internal.group.gui.GroupDetailsPanel[name='SubjectGroupSOCSelectedPanel.groupDetailsPanel']
                      se.cambiosys.client.framework.components.CambioLabel[name='Subjectofcare.GroupDetailsPanel.groupSizeLabel', text='', enabled=true, visible=true, showing=false]
                      se.cambiosys.client.framework.components.CambioLabel[name='Subjectofcare.GroupDetailsPanel.groupNameLabel', text='', enabled=true, visible=true, showing=false]
                      se.cambiosys.client.framework.components.CambioLabel[name='Subjectofcare.GroupDetailsPanel.dummyLabel', text='', enabled=true, visible=true, showing=false]
                    se.cambiosys.client.framework.subjectofcare.CambioPatientBannerButton[name='SubjectGroupSOCSelectedPanel.clearButton', text='Clear', enabled=true, visible=true, showing=false]
                    se.cambiosys.client.framework.subjectofcare.CambioPatientBannerButton[name='SubjectGroupSOCSelectedPanel.toggleButton', text='', enabled=true, visible=true, showing=false]
            se.cambiosys.client.framework.core.internal.gui.SecurityStatusComponent[name=null]
          se.cambiosys.client.framework.components.CambioSplitPane[,0,62,2880x1469,invalid,layout=javax.swing.plaf.basic.BasicSplitPaneUI$BasicHorizontalLayoutManager,alignmentX=0.0,alignmentY=0.0,border=javax.swing.plaf.synth.SynthBorder@3d9f4d7e,flags=201326920,maximumSize=,minimumSize=,preferredSize=,continuousLayout=false,dividerSize=2,lastDividerLocation=-1,oneTouchExpandable=false,orientation=HORIZONTAL_SPLIT]
            javax.swing.plaf.synth.SynthSplitPaneDivider[,200,0,2x1469,layout=javax.swing.plaf.basic.BasicSplitPaneDivider$DividerLayout]
            se.cambiosys.client.framework.core.internal.gui.SidebarPanel[name=null]
              se.cambiosys.client.framework.components.CambioPanel[name=null]
                se.cambiosys.client.framework.core.internal.gui.ShortcutContainerPanel[name=null]
                  se.cambiosys.client.framework.components.CambioPanel[name=null]
                    se.cambiosys.client.framework.components.CambioPanel[name=null]
                      javax.swing.JLabel[name=null, text='MY SHORTCUTS', enabled=true, visible=true, showing=true]
                    se.cambiosys.client.framework.core.internal.gui.ShortcutContainerPanel$2(se.cambiosys.client.framework.components.CambioPanel)[name=null]
                  se.cambiosys.client.framework.components.CambioPanel[name=null]
                    se.cambiosys.client.framework.components.CambioScrollPane[name=null, enabled=true, visible=true, showing=true]
                      javax.swing.JViewport[,0,0,191x663,layout=javax.swing.ViewportLayout,alignmentX=0.0,alignmentY=0.0,border=,flags=25165832,maximumSize=,minimumSize=,preferredSize=,isViewSizeSet=true,lastPaintPosition=java.awt.Point[x=0,y=0],scrollUnderway=false]
                        se.cambiosys.client.framework.core.internal.gui.ScrollableContainerPanel[name=null]
                          se.cambiosys.client.framework.core.internal.gui.OpenedWindowPanel[name=null]
                            se.cambiosys.client.framework.core.internal.gui.OpenedWindowPanel$2(javax.swing.JToggleButton)[name=null, text='Order', selected=false, enabled=false, visible=true, showing=true]
                            se.cambiosys.client.framework.components.CambioPanel[name=null]
                              javax.swing.JButton[name=null, text='', enabled=false, visible=false, showing=false]
                      javax.swing.JScrollPane$ScrollBar[name=null, value=0, blockIncrement=10, minimum=0, maximum=663, enabled=true, visible=false, showing=false]
                        javax.swing.plaf.synth.SynthScrollBarUI$2(javax.swing.plaf.synth.SynthArrowButton)[name='ScrollBar.button', text='', enabled=true, visible=true, showing=false]
                        javax.swing.plaf.synth.SynthScrollBarUI$1(javax.swing.plaf.synth.SynthArrowButton)[name='ScrollBar.button', text='', enabled=true, visible=true, showing=false]
                      javax.swing.JScrollPane$ScrollBar[name=null, value=0, blockIncrement=10, minimum=0, maximum=191, enabled=true, visible=false, showing=false]
                        javax.swing.plaf.synth.SynthScrollBarUI$2(javax.swing.plaf.synth.SynthArrowButton)[name='ScrollBar.button', text='', enabled=true, visible=true, showing=false]
                        javax.swing.plaf.synth.SynthScrollBarUI$1(javax.swing.plaf.synth.SynthArrowButton)[name='ScrollBar.button', text='', enabled=true, visible=true, showing=false]
                    se.cambiosys.client.framework.core.internal.gui.ShortcutContainerPanel$1(se.cambiosys.client.framework.components.CambioPanel)[name=null]
                se.cambiosys.client.framework.components.CambioPanel[name=null]
                  javax.swing.JSeparator[,0,0,191x3,alignmentX=0.0,alignmentY=0.0,border=javax.swing.plaf.synth.SynthBorder@64c4e2a9,flags=0,maximumSize=,minimumSize=,preferredSize=,orientation=HORIZONTAL]
                  se.cambiosys.client.framework.core.internal.gui.SidebarPanel$1(se.cambiosys.client.framework.components.CambioPanel)[name=null]
                se.cambiosys.client.framework.core.internal.gui.OpenedWindowsContainerPanel[name=null]
                  se.cambiosys.client.framework.components.CambioPanel[name=null]
                    se.cambiosys.client.framework.components.CambioScrollPane[name=null, enabled=true, visible=true, showing=true]
                      javax.swing.JViewport[,0,0,191x640,layout=javax.swing.ViewportLayout,alignmentX=0.0,alignmentY=0.0,border=,flags=25165832,maximumSize=,minimumSize=,preferredSize=,isViewSizeSet=true,lastPaintPosition=java.awt.Point[x=0,y=0],scrollUnderway=false]
                        se.cambiosys.client.framework.core.internal.gui.ScrollableContainerPanel[name=null]
                      javax.swing.JScrollPane$ScrollBar[name=null, value=0, blockIncrement=10, minimum=0, maximum=640, enabled=true, visible=false, showing=false]
                        javax.swing.plaf.synth.SynthScrollBarUI$2(javax.swing.plaf.synth.SynthArrowButton)[name='ScrollBar.button', text='', enabled=true, visible=true, showing=false]
                        javax.swing.plaf.synth.SynthScrollBarUI$1(javax.swing.plaf.synth.SynthArrowButton)[name='ScrollBar.button', text='', enabled=true, visible=true, showing=false]
                      javax.swing.JScrollPane$ScrollBar[name=null, value=0, blockIncrement=10, minimum=0, maximum=191, enabled=true, visible=false, showing=false]
                        javax.swing.plaf.synth.SynthScrollBarUI$2(javax.swing.plaf.synth.SynthArrowButton)[name='ScrollBar.button', text='', enabled=true, visible=true, showing=false]
                        javax.swing.plaf.synth.SynthScrollBarUI$1(javax.swing.plaf.synth.SynthArrowButton)[name='ScrollBar.button', text='', enabled=true, visible=true, showing=false]
                    se.cambiosys.client.framework.core.internal.gui.OpenedWindowsContainerPanel$1(se.cambiosys.client.framework.components.CambioPanel)[name=null]
                  se.cambiosys.client.framework.components.CambioPanel[name=null]
                    se.cambiosys.client.framework.components.CambioCheckBox[name=null, text='Keep windows', selected=true, enabled=true, visible=true, showing=true]
                    se.cambiosys.client.framework.core.internal.multimonitor.MultiMonitorComponent[name=null, text='', enabled=true, visible=true, showing=true]
              se.cambiosys.client.framework.components.notification.plugin.gui.NotificationPluginComponent[name=null]
                se.cambiosys.client.framework.components.progress.CambioBusyLabel[name=null, text='', enabled=true, visible=true, showing=true]
              se.cambiosys.client.framework.core.internal.gui.SideBarBottomPanel[name=null]
                se.cambiosys.client.framework.subjectofcare.gui.CambioClickablePatientBannerButton[name=null, text='', enabled=true, visible=true, showing=true]
                se.cambiosys.client.framework.subjectofcare.gui.CambioClickablePatientBannerButton[name=null, text='', enabled=true, visible=true, showing=true]
                se.cambiosys.client.framework.subjectofcare.gui.CambioClickablePatientBannerButton[name=null, text='', enabled=true, visible=true, showing=true]
                se.cambiosys.client.framework.subjectofcare.gui.CambioClickablePatientBannerButton[name=null, text='', enabled=true, visible=true, showing=true]
                se.cambiosys.client.framework.components.CambioLabel[name='Table.cellRenderer', text='', enabled=true, visible=true, showing=true]
            se.cambiosys.client.framework.components.CambioDesktopPane[]
              javax.swing.JLabel[name=null, text='', enabled=true, visible=true, showing=true]
        se.cambiosys.client.framework.core.internal.gui.ScreenSaverPanel[name=null]
          se.cambiosys.client.framework.components.CambioLabel[name='Table.cellRenderer', text=' ', enabled=true, visible=true, showing=false]
        se.cambiosys.client.framework.core.internal.gui.ScreenSaverLoginPanel[name=null]
        se.cambiosys.client.framework.core.internal.gui.NoPermissionPanel[name=null]
          se.cambiosys.client.framework.core.internal.gui.NoPermissionPanel$1(javax.swing.JPanel)[name=null]
            se.cambiosys.client.framework.components.CambioPanel[name=null]
              se.cambiosys.client.framework.core.internal.gui.NoPermissionPanel$3(se.cambiosys.client.framework.components.CambioLabel)[name='Table.cellRenderer', text='or if the user is inactivated by the system administrator. Click OK to login again.', enabled=true, visible=true, showing=false]
              se.cambiosys.client.framework.components.CambioPanel[name=null]
              se.cambiosys.client.framework.components.CambioButton[name=null, text='OK', enabled=true, visible=true, showing=false]
              se.cambiosys.client.framework.core.internal.gui.NoPermissionPanel$2(se.cambiosys.client.framework.components.CambioLabel)[name='Table.cellRenderer', text='You have been logged out from this computer. This happens if the same user log in to another computer', enabled=true, visible=true, showing=false]
      de.javasoft.plaf.synthetica.SyntheticaTitlePane[name='RootPane.titlePane']
        javax.swing.JButton[name='RootPane.titlePane.menuButton', text='', enabled=true, visible=true, showing=true]
        javax.swing.JLabel[name='RootPane.title', text=' ', enabled=true, visible=true, showing=true]
        javax.swing.JLabel[name='RootPane.menuBar', text=' ', enabled=true, visible=false, showing=false]
        javax.swing.JButton[name='RootPane.titlePane.iconifyButton', text=null, enabled=true, visible=true, showing=true]
        javax.swing.JButton[name='RootPane.titlePane.toggleButton', text=null, enabled=true, visible=true, showing=true]
        javax.swing.JButton[name='RootPane.titlePane.closeButton', text=null, enabled=true, visible=true, showing=true]
  se.cambiosys.client.framework.subjectofcare.internal.group.gui.GroupSOCSelectedPanel$ExtendedGroupBannerDialog[name='dialog2', title=null, enabled=true, modal=false, visible=false, showing=false]
    javax.swing.JRootPane[]
      javax.swing.JPanel[name='null.glassPane']
      javax.swing.JLayeredPane[]
        javax.swing.JPanel[name='null.contentPane']
          se.cambiosys.client.framework.subjectofcare.internal.group.gui.ExtendedGroupBannerPanel[name='SubjectGroupSOCSelectedPanel.groupBannerPanel']
            se.cambiosys.client.framework.components.CambioScrollPane[name='Subjectofcare.ExtendedGroupBannerPanel.scrollPane', enabled=true, visible=true, showing=false]
              javax.swing.JViewport[,0,0,0x0,invalid,layout=javax.swing.ViewportLayout,alignmentX=0.0,alignmentY=0.0,border=,flags=25165824,maximumSize=,minimumSize=,preferredSize=,isViewSizeSet=false,lastPaintPosition=,scrollUnderway=false]
                se.cambiosys.client.framework.subjectofcare.internal.group.gui.ExtendedGroupBannerPanel$1(se.cambiosys.client.framework.components.CambioTextPane)[name='Subjectofcare.ExtendedGroupBannerPanel.textPane', text='<html>
  <head>

  </head>
  <body>
    <p style="margin-top: 0">
      
    </p>
  </body>
</html>
', enabled=true, visible=true, showing=false]
              javax.swing.JScrollPane$ScrollBar[name=null, value=0, blockIncrement=10, minimum=0, maximum=100, enabled=true, visible=true, showing=false]
                javax.swing.plaf.synth.SynthScrollBarUI$2(javax.swing.plaf.synth.SynthArrowButton)[name='ScrollBar.button', text='', enabled=true, visible=true, showing=false]
                javax.swing.plaf.synth.SynthScrollBarUI$1(javax.swing.plaf.synth.SynthArrowButton)[name='ScrollBar.button', text='', enabled=true, visible=true, showing=false]
              javax.swing.JScrollPane$ScrollBar[name=null, value=0, blockIncrement=10, minimum=0, maximum=100, enabled=true, visible=true, showing=false]
                javax.swing.plaf.synth.SynthScrollBarUI$2(javax.swing.plaf.synth.SynthArrowButton)[name='ScrollBar.button', text='', enabled=true, visible=true, showing=false]
                javax.swing.plaf.synth.SynthScrollBarUI$1(javax.swing.plaf.synth.SynthArrowButton)[name='ScrollBar.button', text='', enabled=true, visible=true, showing=false]
            se.cambiosys.client.framework.components.CambioPanel[name='Subjectofcare.ExtendedGroupBannerPanel.buttonPanel']
              se.cambiosys.client.framework.components.CambioButton[name='Subjectofcare.ExtendedGroupBannerPanel.btnGroupCard', text='Group card', enabled=true, visible=true, showing=false]
  se.cambiosys.client.framework.subjectofcare.internal.gui.ExtendedPatientBannerDialog[name='Patients.PatientSOCSelectedPanel.PatientSOCSelectedPanel', title=null, enabled=true, modal=false, visible=false, showing=false]
    javax.swing.JRootPane[]
      javax.swing.JPanel[name='null.glassPane']
      javax.swing.JLayeredPane[]
        javax.swing.JPanel[name='null.contentPane']
          se.cambiosys.client.framework.subjectofcare.internal.gui.ExtendedPatientBannerPanel[name='Patients.PatientSOCSelectedPanel.PatientSOCSelectedPanel']
            se.cambiosys.client.framework.components.CambioScrollPane[name='Subjectofcare.ExtendedPatientBannerPanel.scrollPane', enabled=true, visible=true, showing=false]
              javax.swing.JViewport[,0,0,0x0,invalid,layout=javax.swing.ViewportLayout,alignmentX=0.0,alignmentY=0.0,border=,flags=25165824,maximumSize=,minimumSize=,preferredSize=,isViewSizeSet=false,lastPaintPosition=,scrollUnderway=false]
                se.cambiosys.client.framework.subjectofcare.internal.gui.ExtendedPatientBannerPanel$1(se.cambiosys.client.framework.components.CambioTextPane)[name='Subjectofcare.ExtendedPatientBannerPanel.textPane', text='<html>
  <head>

  </head>
  <body>
    <p style="margin-top: 0">
      
    </p>
  </body>
</html>
', enabled=true, visible=true, showing=false]
              javax.swing.JScrollPane$ScrollBar[name=null, value=0, blockIncrement=10, minimum=0, maximum=100, enabled=true, visible=true, showing=false]
                javax.swing.plaf.synth.SynthScrollBarUI$2(javax.swing.plaf.synth.SynthArrowButton)[name='ScrollBar.button', text='', enabled=true, visible=true, showing=false]
                javax.swing.plaf.synth.SynthScrollBarUI$1(javax.swing.plaf.synth.SynthArrowButton)[name='ScrollBar.button', text='', enabled=true, visible=true, showing=false]
              javax.swing.JScrollPane$ScrollBar[name=null, value=0, blockIncrement=10, minimum=0, maximum=100, enabled=true, visible=true, showing=false]
                javax.swing.plaf.synth.SynthScrollBarUI$2(javax.swing.plaf.synth.SynthArrowButton)[name='ScrollBar.button', text='', enabled=true, visible=true, showing=false]
                javax.swing.plaf.synth.SynthScrollBarUI$1(javax.swing.plaf.synth.SynthArrowButton)[name='ScrollBar.button', text='', enabled=true, visible=true, showing=false]
            se.cambiosys.client.framework.components.CambioPanel[name='Subjectofcare.ExtendedPatientBannerPanel.buttonPanel']
              se.cambiosys.client.framework.components.CambioButton[name='Subjectofcare.ExtendedPatientBannerPanel.btnPatientCard', text='Patient card', enabled=true, visible=true, showing=false]

at se.cambio.test.runner.framework.runner.DelegatingTestRunner.run(DelegatingTestRunner.java:38)
at org.testng.internal.MethodInvocationHelper.invokeHookable(MethodInvocationHelper.java:242)
at org.testng.internal.Invoker.invokeMethod(Invoker.java:579)
at org.testng.internal.Invoker.invokeTestMethod(Invoker.java:719)
at org.testng.internal.Invoker.invokeTestMethods(Invoker.java:989)
at org.testng.internal.TestMethodWorker.invokeTestMethods(TestMethodWorker.java:125)
at org.testng.internal.TestMethodWorker.run(TestMethodWorker.java:109)
at org.testng.TestRunner.privateRun(TestRunner.java:648)
at org.testng.TestRunner.run(TestRunner.java:505)
at org.testng.SuiteRunner.runTest(SuiteRunner.java:455)
at org.testng.SuiteRunner.runSequentially(SuiteRunner.java:450)
at org.testng.SuiteRunner.privateRun(SuiteRunner.java:415)
at org.testng.SuiteRunner.run(SuiteRunner.java:364)
at org.testng.SuiteRunnerWorker.runSuite(SuiteRunnerWorker.java:52)
at org.testng.SuiteRunnerWorker.run(SuiteRunnerWorker.java:84)
at org.testng.TestNG.runSuitesSequentially(TestNG.java:1208)
at org.testng.TestNG.runSuitesLocally(TestNG.java:1137)
at org.testng.TestNG.runSuites(TestNG.java:1049)
at org.testng.TestNG.run(TestNG.java:1017)
at org.apache.maven.surefire.testng.TestNGExecutor.run(TestNGExecutor.java:72)
at org.apache.maven.surefire.testng.TestNGXmlTestSuite.execute(TestNGXmlTestSuite.java:88)
at org.apache.maven.surefire.testng.TestNGProvider.invoke(TestNGProvider.java:101)
at sun.reflect.NativeMethodAccessorImpl.invoke0(Native Method)
at sun.reflect.NativeMethodAccessorImpl.invoke(NativeMethodAccessorImpl.java:62)
at sun.reflect.DelegatingMethodAccessorImpl.invoke(DelegatingMethodAccessorImpl.java:43)
at java.lang.reflect.Method.invoke(Method.java:498)
at org.apache.maven.surefire.booter.ProviderFactory$ClassLoaderProxy.invoke(ProviderFactory.java:103)
at com.sun.proxy.$Proxy0.invoke(Unknown Source)
at org.apache.maven.surefire.booter.SurefireStarter.invokeProvider(SurefireStarter.java:150)
at org.apache.maven.surefire.booter.SurefireStarter.runSuitesInProcess(SurefireStarter.java:91)
at org.apache.maven.surefire.booter.ForkedBooter.main(ForkedBooter.java:69)
Caused by: se.cambio.test.taf.core.exception.ApplicationException: Unable to find JMenuItem using the specified GenericTypeMatcher. 
Error: Unable to find component using matcher se.cambio.test.taf.element.desktop.elementbase.core.BaseJMenu$2@4215e133.

Component hierarchy:
se.cambiosys.client.framework.core.internal.gui.MainWindow[name='jframe_main_window', title='Prasad Ranasinghe, (PrasadR), Central administrator*The Emergency department*', enabled=true, visible=true, showing=true]
  javax.swing.JRootPane[]
    se.cambiosys.client.framework.core.internal.gui.MainGlassPane[name=null]
    javax.swing.JLayeredPane[]
      javax.swing.JPanel[name=null]
        javax.swing.JPopupMenu[name=null, label=null, enabled=true, visible=true, showing=true]
          se.cambiosys.client.framework.core.internal.gui.CambioMenuSearchComponent[name=null]
            se.cambiosys.client.framework.components.CambioPanel[name=null]
              javax.swing.JTextField[name=null, text='', enabled=true, visible=true, showing=true]
              se.cambiosys.client.framework.components.CambioLabel[name='Table.cellRenderer', text='', enabled=true, visible=true, showing=true]
              se.cambiosys.client.framework.components.CambioButton[name=null, text='', enabled=true, visible=false, showing=false]
          se.cambiosys.client.framework.components.CambioMenu[name=null, text='Page Object Creator', selected=false, enabled=true, visible=true, showing=true]
            javax.swing.JPopupMenu[name=null, label=null, enabled=true, visible=false, showing=false]
              se.cambiosys.client.framework.menueditor.internal.InitializingMenuItem[name=null, text='Loading...', selected=false, enabled=true, visible=true, showing=false]
                se.cambiosys.client.framework.core.internal.CambioShortcutMenuButton[name=null, text='', selected=false, enabled=true, visible=true, showing=false]
          se.cambiosys.client.framework.components.CambioMenu[name=null, text='Activity', selected=false, enabled=true, visible=true, showing=true]
            javax.swing.JPopupMenu[name=null, label=null, enabled=true, visible=false, showing=false]
              se.cambiosys.client.framework.menueditor.internal.InitializingMenuItem[name=null, text='Order', selected=false, enabled=false, visible=true, showing=false]
                se.cambiosys.client.framework.core.internal.CambioShortcutMenuButton[name=null, text='', selected=true, enabled=true, visible=true, showing=false]
              se.cambiosys.client.framework.menueditor.internal.InitializingMenuItem[name=null, text='Order Administration', selected=false, enabled=true, visible=true, showing=false]
                se.cambiosys.client.framework.core.internal.CambioShortcutMenuButton[name=null, text='', selected=false, enabled=true, visible=true, showing=false]
          se.cambiosys.client.framework.components.CambioMenu[name=null, text='Patient Generated Care Entries', selected=false, enabled=true, visible=true, showing=true]
            javax.swing.JPopupMenu[name=null, label=null, enabled=true, visible=false, showing=false]
              se.cambiosys.client.framework.menueditor.internal.InitializingMenuItem[name=null, text='PG CareEntries Testing Tool', selected=false, enabled=true, visible=true, showing=false]
                se.cambiosys.client.framework.core.internal.CambioShortcutMenuButton[name=null, text='', selected=false, enabled=true, visible=true, showing=false]
          se.cambiosys.client.framework.components.CambioMenu[name=null, text='Referral', selected=false, enabled=true, visible=true, showing=true]
            javax.swing.JPopupMenu[name=null, label=null, enabled=true, visible=false, showing=false]
              se.cambiosys.client.framework.menueditor.internal.InitializingMenuItem[name=null, text='New referral', selected=false, enabled=true, visible=true, showing=false]
                se.cambiosys.client.framework.core.internal.CambioShortcutMenuButton[name=null, text='', selected=false, enabled=true, visible=true, showing=false]
              se.cambiosys.client.framework.menueditor.internal.InitializingMenuItem[name=null, text='Received referrals', selected=false, enabled=true, visible=true, showing=false]
                se.cambiosys.client.framework.core.internal.CambioShortcutMenuButton[name=null, text='', selected=false, enabled=true, visible=true, showing=false]
              se.cambiosys.client.framework.menueditor.internal.InitializingMenuItem[name=null, text='Register referral', selected=false, enabled=true, visible=true, showing=false]
                se.cambiosys.client.framework.core.internal.CambioShortcutMenuButton[name=null, text='', selected=false, enabled=true, visible=true, showing=false]
              se.cambiosys.client.framework.menueditor.internal.InitializingMenuItem[name=null, text='Saved and sent referrals', selected=false, enabled=true, visible=true, showing=false]
                se.cambiosys.client.framework.core.internal.CambioShortcutMenuButton[name=null, text='', selected=false, enabled=true, visible=true, showing=false]
              se.cambiosys.client.framework.menueditor.internal.InitializingMenuItem[name=null, text='Patient's list of answers', selected=false, enabled=true, visible=true, showing=false]
                se.cambiosys.client.framework.core.internal.CambioShortcutMenuButton[name=null, text='', selected=false, enabled=true, visible=true, showing=false]
              se.cambiosys.client.framework.components.CambioMenu[name=null, text='Administration', selected=false, enabled=true, visible=true, showing=false]
                javax.swing.JPopupMenu[name=null, label=null, enabled=true, visible=false, showing=false]
                  se.cambiosys.client.framework.menueditor.internal.InitializingMenuItem[name=null, text='Documentation templates', selected=false, enabled=true, visible=true, showing=false]
                    se.cambiosys.client.framework.core.internal.CambioShortcutMenuButton[name=null, text='', selected=false, enabled=true, visible=true, showing=false]
          se.cambiosys.client.framework.components.CambioMenu[name=null, text='Link', selected=false, enabled=true, visible=true, showing=true]
            javax.swing.JPopupMenu[name=null, label=null, enabled=true, visible=false, showing=false]
              se.cambiosys.client.framework.menueditor.internal.InitializingMenuItem[name=null, text='Case overview', selected=false, enabled=true, visible=true, showing=false]
                se.cambiosys.client.framework.core.internal.CambioShortcutMenuButton[name=null, text='', selected=false, enabled=true, visible=true, showing=false]
              se.cambiosys.client.framework.components.CambioMenu[name=null, text='Administration', selected=false, enabled=true, visible=true, showing=false]
                javax.swing.JPopupMenu[name=null, label=null, enabled=true, visible=false, showing=false]
                  se.cambiosys.client.framework.menueditor.internal.InitializingMenuItem[name=null, text='Suggested Admission message receivers', selected=false, enabled=true, visible=true, showing=false]
                    se.cambiosys.client.framework.core.internal.CambioShortcutMenuButton[name=null, text='', selected=false, enabled=true, visible=true, showing=false]
          se.cambiosys.client.framework.components.CambioMenu[name=null, text='Fluid balance', selected=false, enabled=true, visible=true, showing=true]
            javax.swing.JPopupMenu[name=null, label=null, enabled=true, visible=false, showing=false]
              se.cambiosys.client.framework.menueditor.internal.InitializingMenuItem[name=null, text='Fluid Balance', selected=false, enabled=true, visible=true, showing=false]
                se.cambiosys.client.framework.core.internal.CambioShortcutMenuButton[name=null, text='', selected=false, enabled=true, visible=true, showing=false]
          se.cambiosys.client.framework.components.CambioMenu[name=null, text='Help', selected=false, enabled=true, visible=true, showing=true]
            javax.swing.JPopupMenu[name=null, label=null, enabled=true, visible=false, showing=false]
              se.cambiosys.client.framework.menueditor.internal.InitializingMenuItem[name=null, text='About Cambio COSMIC...', selected=false, enabled=true, visible=true, showing=false]
                se.cambiosys.client.framework.core.internal.CambioShortcutMenuButton[name=null, text='', selected=false, enabled=true, visible=true, showing=false]
              se.cambiosys.client.framework.menueditor.internal.InitializingMenuItem[name=null, text='Help for Cosmic', selected=false, enabled=true, visible=true, showing=false]
                se.cambiosys.client.framework.core.internal.CambioShortcutMenuButton[name=null, text='', selected=false, enabled=true, visible=true, showing=false]
          se.cambiosys.client.framework.components.CambioMenu[name=null, text='CDS', selected=false, enabled=true, visible=true, showing=true]
            javax.swing.JPopupMenu[name=null, label=null, enabled=true, visible=false, showing=false]
              se.cambiosys.client.framework.menueditor.internal.InitializingMenuItem[name=null, text='CDS App Administration', selected=false, enabled=true, visible=true, showing=false]
                se.cambiosys.client.framework.core.internal.CambioShortcutMenuButton[name=null, text='', selected=false, enabled=true, visible=true, showing=false]
              se.cambiosys.client.framework.menueditor.internal.InitializingMenuItem[name=null, text='Stroke Prevention for Atrial Fibrillation', selected=false, enabled=true, visible=true, showing=false]
                se.cambiosys.client.framework.core.internal.CambioShortcutMenuButton[name=null, text='', selected=false, enabled=true, visible=true, showing=false]
          se.cambiosys.client.framework.components.CambioMenu[name=null, text='Resource planning', selected=false, enabled=true, visible=true, showing=true]
            javax.swing.JPopupMenu[name=null, label=null, enabled=true, visible=false, showing=false]
              se.cambiosys.client.framework.menueditor.internal.InitializingMenuItem[name=null, text='Schedule', selected=false, enabled=true, visible=true, showing=false]
                se.cambiosys.client.framework.core.internal.CambioShortcutMenuButton[name=null, text='', selected=false, enabled=true, visible=true, showing=false]
              se.cambiosys.client.framework.menueditor.internal.InitializingMenuItem[name=null, text='Schedule groups', selected=false, enabled=true, visible=true, showing=false]
                se.cambiosys.client.framework.core.internal.CambioShortcutMenuButton[name=null, text='', selected=false, enabled=true, visible=true, showing=false]
              se.cambiosys.client.framework.menueditor.internal.InitializingMenuItem[name=null, text='Schedule overview', selected=false, enabled=true, visible=true, showing=false]
                se.cambiosys.client.framework.core.internal.CambioShortcutMenuButton[name=null, text='', selected=false, enabled=true, visible=true, showing=false]
              se.cambiosys.client.framework.components.CambioMenu[name=null, text='Administration', selected=false, enabled=true, visible=true, showing=false]
                javax.swing.JPopupMenu[name=null, label=null, enabled=true, visible=false, showing=false]
                  se.cambiosys.client.framework.menueditor.internal.InitializingMenuItem[name=null, text='Connect time slot services', selected=false, enabled=true, visible=true, showing=false]
                    se.cambiosys.client.framework.core.internal.CambioShortcutMenuButton[name=null, text='', selected=false, enabled=true, visible=true, showing=false]
                  se.cambiosys.client.framework.components.CambioMenu[name=null, text='Scheme', selected=false, enabled=true, visible=true, showing=false]
                    javax.swing.JPopupMenu[name=null, label=null, enabled=true, visible=false, showing=false]
                      se.cambiosys.client.framework.menueditor.internal.InitializingMenuItem[name=null, text='Services scheme', selected=false, enabled=true, visible=true, showing=false]
                        se.cambiosys.client.framework.core.internal.CambioShortcutMenuButton[name=null, text='', selected=false, enabled=true, visible=true, showing=false]
                      se.cambiosys.client.framework.menueditor.internal.InitializingMenuItem[name=null, text='Scheme templates', selected=false, enabled=true, visible=true, showing=false]
                        se.cambiosys.client.framework.core.internal.CambioShortcutMenuButton[name=null, text='', selected=false, enabled=true, visible=true, showing=false]
                      se.cambiosys.client.framework.menueditor.internal.InitializingMenuItem[name=null, text='Resource's scheme', selected=false, enabled=true, visible=true, showing=false]
                        se.cambiosys.client.framework.core.internal.CambioShortcutMenuButton[name=null, text='', selected=false, enabled=true, visible=true, showing=false]
                  se.cambiosys.client.framework.components.CambioMenu[name=null, text='Staffing', selected=false, enabled=true, visible=true, showing=false]
                    javax.swing.JPopupMenu[name=null, label=null, enabled=true, visible=false, showing=false]
                      se.cambiosys.client.framework.menueditor.internal.InitializingMenuItem[name=null, text='Allocate resources - Services scheme', selected=false, enabled=true, visible=true, showing=false]
                        se.cambiosys.client.framework.core.internal.CambioShortcutMenuButton[name=null, text='', selected=false, enabled=true, visible=true, showing=false]
                      se.cambiosys.client.framework.menueditor.internal.InitializingMenuItem[name=null, text='Allocate resources - Scheme templates', selected=false, enabled=true, visible=true, showing=false]
                        se.cambiosys.client.framework.core.internal.CambioShortcutMenuButton[name=null, text='', selected=false, enabled=true, visible=true, showing=false]
                      se.cambiosys.client.framework.menueditor.internal.InitializingMenuItem[name=null, text='Services missing resources', selected=false, enabled=true, visible=true, showing=false]
                        se.cambiosys.client.framework.core.internal.CambioShortcutMenuButton[name=null, text='', selected=false, enabled=true, visible=true, showing=false]
              se.cambiosys.client.framework.menueditor.internal.InitializingMenuItem[name=null, text='Planned activities', selected=false, enabled=true, visible=true, showing=false]
                se.cambiosys.client.framework.core.internal.CambioShortcutMenuButton[name=null, text='', selected=false, enabled=true, visible=true, showing=false]
              se.cambiosys.client.framework.menueditor.internal.InitializingMenuItem[name=null, text='Planning form', selected=false, enabled=true, visible=true, showing=false]
                se.cambiosys.client.framework.core.internal.CambioShortcutMenuButton[name=null, text='', selected=false, enabled=true, visible=true, showing=false]
              se.cambiosys.client.framework.menueditor.internal.InitializingMenuItem[name=null, text='Light planning form', selected=false, enabled=true, visible=true, showing=false]
                se.cambiosys.client.framework.core.internal.CambioShortcutMenuButton[name=null, text='', selected=false, enabled=true, visible=true, showing=false]
          se.cambiosys.client.framework.components.CambioMenu[name=null, text='Activity handling', selected=false, enabled=true, visible=true, showing=true]
            javax.swing.JPopupMenu[name=null, label=null, enabled=true, visible=false, showing=false]
              se.cambiosys.client.framework.menueditor.internal.InitializingMenuItem[name=null, text='Activity handler', selected=false, enabled=true, visible=true, showing=false]
                se.cambiosys.client.framework.core.internal.CambioShortcutMenuButton[name=null, text='', selected=false, enabled=true, visible=true, showing=false]
              se.cambiosys.client.framework.components.CambioMenu[name=null, text='Administration', selected=false, enabled=true, visible=true, showing=false]
                javax.swing.JPopupMenu[name=null, label=null, enabled=true, visible=false, showing=false]
                  se.cambiosys.client.framework.menueditor.internal.InitializingMenuItem[name=null, text='Configuration of Activity plans', selected=false, enabled=true, visible=true, showing=false]
                    se.cambiosys.client.framework.core.internal.CambioShortcutMenuButton[name=null, text='', selected=false, enabled=true, visible=true, showing=false]
                  se.cambiosys.client.framework.menueditor.internal.InitializingMenuItem[name=null, text='Configuration of activity plan activation', selected=false, enabled=true, visible=true, showing=false]
                    se.cambiosys.client.framework.core.internal.CambioShortcutMenuButton[name=null, text='', selected=false, enabled=true, visible=true, showing=false]
          se.cambiosys.client.framework.components.CambioMenu[name=null, text='Drugs', selected=false, enabled=true, visible=true, showing=true]
            javax.swing.JPopupMenu[name=null, label=null, enabled=true, visible=false, showing=false]
              se.cambiosys.client.framework.menueditor.internal.InitializingMenuItem[name=null, text='Appliance', selected=false, enabled=true, visible=true, showing=false]
                se.cambiosys.client.framework.core.internal.CambioShortcutMenuButton[name=null, text='', selected=false, enabled=true, visible=true, showing=false]
              se.cambiosys.client.framework.menueditor.internal.InitializingMenuItem[name=null, text='Prescription', selected=false, enabled=true, visible=true, showing=false]
                se.cambiosys.client.framework.core.internal.CambioShortcutMenuButton[name=null, text='', selected=false, enabled=true, visible=true, showing=false]
              se.cambiosys.client.framework.menueditor.internal.InitializingMenuItem[name=null, text='R8.0 List of medications', selected=false, enabled=true, visible=true, showing=false]
                se.cambiosys.client.framework.core.internal.CambioShortcutMenuButton[name=null, text='', selected=false, enabled=true, visible=true, showing=false]
              se.cambiosys.client.framework.components.CambioMenu[name=null, text='Administration', selected=false, enabled=true, visible=true, showing=false]
                javax.swing.JPopupMenu[name=null, label=null, enabled=true, visible=false, showing=false]
                  se.cambiosys.client.framework.menueditor.internal.InitializingMenuItem[name=null, text='Sent E-prescriptions', selected=false, enabled=true, visible=true, showing=false]
                    se.cambiosys.client.framework.core.internal.CambioShortcutMenuButton[name=null, text='', selected=false, enabled=true, visible=true, showing=false]
              se.cambiosys.client.framework.menueditor.internal.InitializingMenuItem[name=null, text='Warnings, cautions and infected blood', selected=false, enabled=false, visible=true, showing=false]
                se.cambiosys.client.framework.core.internal.CambioShortcutMenuButton[name=null, text='', selected=false, enabled=true, visible=true, showing=false]
              se.cambiosys.client.framework.menueditor.internal.InitializingMenuItem[name=null, text='Medical administration record', selected=false, enabled=true, visible=true, showing=false]
                se.cambiosys.client.framework.core.internal.CambioShortcutMenuButton[name=null, text='', selected=false, enabled=true, visible=true, showing=false]
              se.cambiosys.client.framework.menueditor.internal.InitializingMenuItem[name=null, text='Decision about medication at admission', selected=false, enabled=true, visible=true, showing=false]
                se.cambiosys.client.framework.core.internal.CambioShortcutMenuButton[name=null, text='', selected=false, enabled=true, visible=true, showing=false]
          se.cambiosys.client.framework.components.CambioMenu[name=null, text='Concept', selected=false, enabled=true, visible=true, showing=true]
            javax.swing.JPopupMenu[name=null, label=null, enabled=true, visible=false, showing=false]
              se.cambiosys.client.framework.menueditor.internal.InitializingMenuItem[name=null, text='Terminology binding configuration', selected=false, enabled=true, visible=true, showing=false]
                se.cambiosys.client.framework.core.internal.CambioShortcutMenuButton[name=null, text='', selected=false, enabled=true, visible=true, showing=false]
          se.cambiosys.client.framework.components.CambioMenu[name=null, text='Block Administration', selected=false, enabled=true, visible=true, showing=true]
            javax.swing.JPopupMenu[name=null, label=null, enabled=true, visible=false, showing=false]
              se.cambiosys.client.framework.menueditor.internal.InitializingMenuItem[name=null, text='Block Administration', selected=false, enabled=true, visible=true, showing=false]
                se.cambiosys.client.framework.core.internal.CambioShortcutMenuButton[name=null, text='', selected=false, enabled=true, visible=true, showing=false]
          se.cambiosys.client.framework.components.CambioMenu[name=null, text='Overviews', selected=false, enabled=true, visible=true, showing=true]
            javax.swing.JPopupMenu[name=null, label=null, enabled=true, visible=false, showing=false]
              se.cambiosys.client.framework.menueditor.internal.InitializingMenuItem[name=null, text='Unsigned and Unacknowledged', selected=false, enabled=true, visible=true, showing=false]
                se.cambiosys.client.framework.core.internal.CambioShortcutMenuButton[name=null, text='', selected=false, enabled=true, visible=true, showing=false]
              se.cambiosys.client.framework.components.CambioMenu[name=null, text='Unit overviews', selected=false, enabled=true, visible=true, showing=false]
                javax.swing.JPopupMenu[name=null, label=null, enabled=true, visible=false, showing=false]
                  se.cambiosys.client.framework.menueditor.internal.InitializingMenuItem[name=null, text='Services', selected=false, enabled=true, visible=true, showing=false]
                    se.cambiosys.client.framework.core.internal.CambioShortcutMenuButton[name=null, text='', selected=false, enabled=true, visible=true, showing=false]
                  se.cambiosys.client.framework.menueditor.internal.InitializingMenuItem[name=null, text='Commitment', selected=false, enabled=true, visible=true, showing=false]
                    se.cambiosys.client.framework.core.internal.CambioShortcutMenuButton[name=null, text='', selected=false, enabled=true, visible=true, showing=false]
                  se.cambiosys.client.framework.menueditor.internal.InitializingMenuItem[name=null, text='Admission overview', selected=false, enabled=true, visible=true, showing=false]
                    se.cambiosys.client.framework.core.internal.CambioShortcutMenuButton[name=null, text='', selected=false, enabled=true, visible=true, showing=false]
                  se.cambiosys.client.framework.menueditor.internal.InitializingMenuItem[name=null, text='Loading...', selected=false, enabled=true, visible=true, showing=false]
                    se.cambiosys.client.framework.core.internal.CambioShortcutMenuButton[name=null, text='', selected=false, enabled=true, visible=true, showing=false]
                  se.cambiosys.client.framework.menueditor.internal.InitializingMenuItem[name=null, text='Loading...', selected=false, enabled=true, visible=true, showing=false]
                    se.cambiosys.client.framework.core.internal.CambioShortcutMenuButton[name=null, text='', selected=false, enabled=true, visible=true, showing=false]
              se.cambiosys.client.framework.menueditor.internal.InitializingMenuItem[name=null, text='Visit Overview', selected=false, enabled=true, visible=true, showing=false]
                se.cambiosys.client.framework.core.internal.CambioShortcutMenuButton[name=null, text='', selected=false, enabled=true, visible=true, showing=false]
              se.cambiosys.client.framework.menueditor.internal.InitializingMenuItem[name=null, text='Clinical overview - OP', selected=false, enabled=true, visible=true, showing=false]
                se.cambiosys.client.framework.core.internal.CambioShortcutMenuButton[name=null, text='', selected=false, enabled=true, visible=true, showing=false]
              se.cambiosys.client.framework.menueditor.internal.InitializingMenuItem[name=null, text='Clinical overview - IP', selected=false, enabled=true, visible=true, showing=false]
                se.cambiosys.client.framework.core.internal.CambioShortcutMenuButton[name=null, text='', selected=false, enabled=true, visible=true, showing=false]
              se.cambiosys.client.framework.menueditor.internal.InitializingMenuItem[name=null, text='Process view', selected=false, enabled=true, visible=true, showing=false]
                se.cambiosys.client.framework.core.internal.CambioShortcutMenuButton[name=null, text='', selected=false, enabled=true, visible=true, showing=false]
              se.cambiosys.client.framework.menueditor.internal.InitializingMenuItem[name=null, text='Dynamic overviews - Administration', selected=false, enabled=true, visible=true, showing=false]
                se.cambiosys.client.framework.core.internal.CambioShortcutMenuButton[name=null, text='', selected=false, enabled=true, visible=true, showing=false]
              se.cambiosys.client.framework.components.CambioMenu[name=null, text='Dynamic overviews', selected=false, enabled=true, visible=true, showing=false]
                javax.swing.JPopupMenu[name=null, label=null, enabled=true, visible=false, showing=false]
                  se.cambiosys.client.overviewmodule.Module$8(se.cambiosys.client.framework.components.CambioMenuItem)[name=null, text='All views*', selected=false, enabled=true, visible=true, showing=false]
                    se.cambiosys.client.framework.core.internal.CambioShortcutMenuButton[name=null, text='', selected=false, enabled=true, visible=true, showing=false]
                  se.cambiosys.client.overviewmodule.Module$8(se.cambiosys.client.framework.components.CambioMenuItem)[name=null, text='Doctor*', selected=false, enabled=true, visible=true, showing=false]
                    se.cambiosys.client.framework.core.internal.CambioShortcutMenuButton[name=null, text='', selected=false, enabled=true, visible=true, showing=false]
                  se.cambiosys.client.overviewmodule.Module$8(se.cambiosys.client.framework.components.CambioMenuItem)[name=null, text='Inpatient*', selected=false, enabled=true, visible=true, showing=false]
                    se.cambiosys.client.framework.core.internal.CambioShortcutMenuButton[name=null, text='', selected=false, enabled=true, visible=true, showing=false]
                  se.cambiosys.client.overviewmodule.Module$8(se.cambiosys.client.framework.components.CambioMenuItem)[name=null, text='Patient*', selected=false, enabled=true, visible=true, showing=false]
                    se.cambiosys.client.framework.core.internal.CambioShortcutMenuButton[name=null, text='', selected=false, enabled=true, visible=true, showing=false]
              se.cambiosys.client.framework.menueditor.internal.InitializingMenuItem[name=null, text='Patient Overview', selected=false, enabled=true, visible=true, showing=false]
                se.cambiosys.client.framework.core.internal.CambioShortcutMenuButton[name=null, text='', selected=false, enabled=true, visible=true, showing=false]
              se.cambiosys.client.framework.menueditor.internal.InitializingMenuItem[name=null, text='Analyse Area', selected=false, enabled=true, visible=true, showing=false]
                se.cambiosys.client.framework.core.internal.CambioShortcutMenuButton[name=null, text='', selected=false, enabled=true, visible=true, showing=false]
              se.cambiosys.client.framework.menueditor.internal.InitializingMenuItem[name=null, text='My Overview', selected=false, enabled=true, visible=true, showing=false]
                se.cambiosys.client.framework.core.internal.CambioShortcutMenuButton[name=null, text='', selected=false, enabled=true, visible=true, showing=false]
              se.cambiosys.client.framework.menueditor.internal.InitializingMenuItem[name=null, text='Management Overview', selected=false, enabled=true, visible=true, showing=false]
                se.cambiosys.client.framework.core.internal.CambioShortcutMenuButton[name=null, text='', selected=false, enabled=true, visible=true, showing=false]
              se.cambiosys.client.framework.menueditor.internal.InitializingMenuItem[name=null, text='List of visits', selected=false, enabled=true, visible=true, showing=false]
                se.cambiosys.client.framework.core.internal.CambioShortcutMenuButton[name=null, text='', selected=false, enabled=true, visible=true, showing=false]
              se.cambiosys.client.framework.menueditor.internal.InitializingMenuItem[name=null, text='Connection Overview', selected=false, enabled=true, visible=true, showing=false]
                se.cambiosys.client.framework.core.internal.CambioShortcutMenuButton[name=null, text='', selected=false, enabled=true, visible=true, showing=false]
              se.cambiosys.client.framework.components.CambioMenu[name=null, text='Unit overview-Administration', selected=false, enabled=true, visible=true, showing=false]
                javax.swing.JPopupMenu[name=null, label=null, enabled=true, visible=false, showing=false]
                  se.cambiosys.client.framework.components.CambioMenu[name=null, text='Priority configuration', selected=false, enabled=true, visible=true, showing=false]
                    javax.swing.JPopupMenu[name=null, label=null, enabled=true, visible=false, showing=false]
                      se.cambiosys.client.framework.menueditor.internal.InitializingMenuItem[name=null, text='Loading...', selected=false, enabled=true, visible=true, showing=false]
                        se.cambiosys.client.framework.core.internal.CambioShortcutMenuButton[name=null, text='', selected=false, enabled=true, visible=true, showing=false]
                      se.cambiosys.client.framework.menueditor.internal.InitializingMenuItem[name=null, text='Loading...', selected=false, enabled=true, visible=true, showing=false]
                        se.cambiosys.client.framework.core.internal.CambioShortcutMenuButton[name=null, text='', selected=false, enabled=true, visible=true, showing=false]
                  se.cambiosys.client.framework.components.CambioMenu[name=null, text='OW Configuration', selected=false, enabled=true, visible=true, showing=false]
                    javax.swing.JPopupMenu[name=null, label=null, enabled=true, visible=false, showing=false]
                      se.cambiosys.client.framework.menueditor.internal.InitializingMenuItem[name=null, text='Loading...', selected=false, enabled=true, visible=true, showing=false]
                        se.cambiosys.client.framework.core.internal.CambioShortcutMenuButton[name=null, text='', selected=false, enabled=true, visible=true, showing=false]
                      se.cambiosys.client.framework.menueditor.internal.InitializingMenuItem[name=null, text='Loading...', selected=false, enabled=true, visible=true, showing=false]
                        se.cambiosys.client.framework.core.internal.CambioShortcutMenuButton[name=null, text='', selected=false, enabled=true, visible=true, showing=false]
                      se.cambiosys.client.framework.menueditor.internal.InitializingMenuItem[name=null, text='Loading...', selected=false, enabled=true, visible=true, showing=false]
                        se.cambiosys.client.framework.core.internal.CambioShortcutMenuButton[name=null, text='', selected=false, enabled=true, visible=true, showing=false]
                  se.cambiosys.client.framework.menueditor.internal.InitializingMenuItem[name=null, text='Loading...', selected=false, enabled=true, visible=true, showing=false]
                    se.cambiosys.client.framework.core.internal.CambioShortcutMenuButton[name=null, text='', selected=false, enabled=true, visible=true, showing=false]
          se.cambiosys.client.framework.components.CambioMenu[name=null, text='Messenger', selected=false, enabled=true, visible=true, showing=true]
            javax.swing.JPopupMenu[name=null, label=null, enabled=true, visible=false, showing=false]
              se.cambiosys.client.framework.menueditor.internal.InitializingMenuItem[name=null, text='Inbox', selected=false, enabled=true, visible=true, showing=false]
                se.cambiosys.client.framework.core.internal.CambioShortcutMenuButton[name=null, text='', selected=false, enabled=true, visible=true, showing=false]
              se.cambiosys.client.framework.menueditor.internal.InitializingMenuItem[name=null, text='New message', selected=false, enabled=true, visible=true, showing=false]
                se.cambiosys.client.framework.core.internal.CambioShortcutMenuButton[name=null, text='', selected=false, enabled=true, visible=true, showing=false]
              se.cambiosys.client.framework.menueditor.internal.InitializingMenuItem[name=null, text='New broadcast message', selected=false, enabled=true, visible=true, showing=false]
                se.cambiosys.client.framework.core.internal.CambioShortcutMenuButton[name=null, text='', selected=false, enabled=true, visible=true, showing=false]
              se.cambiosys.client.framework.components.CambioMenu[name=null, text='Administration', selected=false, enabled=true, visible=true, showing=false]
                javax.swing.JPopupMenu[name=null, label=null, enabled=true, visible=false, showing=false]
                  se.cambiosys.client.framework.menueditor.internal.InitializingMenuItem[name=null, text='Recipient group', selected=false, enabled=true, visible=true, showing=false]
                    se.cambiosys.client.framework.core.internal.CambioShortcutMenuButton[name=null, text='', selected=false, enabled=true, visible=true, showing=false]
                  se.cambiosys.client.framework.menueditor.internal.InitializingMenuItem[name=null, text='Messenger accounts', selected=false, enabled=true, visible=true, showing=false]
                    se.cambiosys.client.framework.core.internal.CambioShortcutMenuButton[name=null, text='', selected=false, enabled=true, visible=true, showing=false]
                  se.cambiosys.client.framework.menueditor.internal.InitializingMenuItem[name=null, text='Access to other users' Messenger accounts', selected=false, enabled=true, visible=true, showing=false]
                    se.cambiosys.client.framework.core.internal.CambioShortcutMenuButton[name=null, text='', selected=false, enabled=true, visible=true, showing=false]
                  se.cambiosys.client.framework.menueditor.internal.InitializingMenuItem[name=null, text='Out of office administration', selected=false, enabled=true, visible=true, showing=false]
                    se.cambiosys.client.framework.core.internal.CambioShortcutMenuButton[name=null, text='', selected=false, enabled=true, visible=true, showing=false]
          se.cambiosys.client.framework.components.CambioMenu[name=null, text='Administration', selected=false, enabled=true, visible=true, showing=true]
            javax.swing.JPopupMenu[name=null, label=null, enabled=true, visible=false, showing=false]
              se.cambiosys.client.framework.menueditor.internal.InitializingMenuItem[name=null, text='Unit register', selected=false, enabled=true, visible=true, showing=false]
                se.cambiosys.client.framework.core.internal.CambioShortcutMenuButton[name=null, text='', selected=false, enabled=true, visible=true, showing=false]
              se.cambiosys.client.framework.menueditor.internal.InitializingMenuItem[name=null, text='Resources', selected=false, enabled=true, visible=true, showing=false]
                se.cambiosys.client.framework.core.internal.CambioShortcutMenuButton[name=null, text='', selected=false, enabled=true, visible=true, showing=false]
              se.cambiosys.client.framework.components.CambioMenu[name=null, text='Permission', selected=false, enabled=true, visible=true, showing=false]
                javax.swing.JPopupMenu[name=null, label=null, enabled=true, visible=false, showing=false]
                  se.cambiosys.client.framework.menueditor.internal.InitializingMenuItem[name=null, text='Define access', selected=false, enabled=true, visible=true, showing=false]
                    se.cambiosys.client.framework.core.internal.CambioShortcutMenuButton[name=null, text='', selected=false, enabled=true, visible=true, showing=false]
                  se.cambiosys.client.framework.menueditor.internal.InitializingMenuItem[name=null, text='Access overview', selected=false, enabled=true, visible=true, showing=false]
                    se.cambiosys.client.framework.core.internal.CambioShortcutMenuButton[name=null, text='', selected=false, enabled=true, visible=true, showing=false]
                  se.cambiosys.client.framework.menueditor.internal.InitializingMenuItem[name=null, text='Profile manager', selected=false, enabled=true, visible=true, showing=false]
                    se.cambiosys.client.framework.core.internal.CambioShortcutMenuButton[name=null, text='', selected=false, enabled=true, visible=true, showing=false]
              se.cambiosys.client.framework.components.CambioMenu[name=null, text='Settings', selected=false, enabled=true, visible=true, showing=false]
                javax.swing.JPopupMenu[name=null, label=null, enabled=true, visible=false, showing=false]
                  se.cambiosys.client.framework.menueditor.internal.InitializingMenuItem[name=null, text='Log settings', selected=false, enabled=true, visible=true, showing=false]
                    se.cambiosys.client.framework.core.internal.CambioShortcutMenuButton[name=null, text='', selected=false, enabled=true, visible=true, showing=false]
                  se.cambiosys.client.framework.menueditor.internal.InitializingMenuItem[name=null, text='Server settings', selected=false, enabled=true, visible=true, showing=false]
                    se.cambiosys.client.framework.core.internal.CambioShortcutMenuButton[name=null, text='', selected=false, enabled=true, visible=true, showing=false]
                  se.cambiosys.client.framework.menueditor.internal.InitializingMenuItem[name=null, text='Personal settings and selections', selected=false, enabled=true, visible=true, showing=false]
                    se.cambiosys.client.framework.core.internal.CambioShortcutMenuButton[name=null, text='', selected=false, enabled=true, visible=true, showing=false]
                  se.cambiosys.client.framework.menueditor.internal.InitializingMenuItem[name=null, text='Global settings and selections', selected=false, enabled=true, visible=true, showing=false]
                    se.cambiosys.client.framework.core.internal.CambioShortcutMenuButton[name=null, text='', selected=false, enabled=true, visible=true, showing=false]
                  se.cambiosys.client.framework.menueditor.internal.InitializingMenuItem[name=null, text='Settings and selections', selected=false, enabled=true, visible=true, showing=false]
                    se.cambiosys.client.framework.core.internal.CambioShortcutMenuButton[name=null, text='', selected=false, enabled=true, visible=true, showing=false]
                  se.cambiosys.client.framework.menueditor.internal.InitializingMenuItem[name=null, text='Administration nodes', selected=false, enabled=true, visible=true, showing=false]
                    se.cambiosys.client.framework.core.internal.CambioShortcutMenuButton[name=null, text='', selected=false, enabled=true, visible=true, showing=false]
                  se.cambiosys.client.framework.menueditor.internal.InitializingMenuItem[name=null, text='Places', selected=false, enabled=true, visible=true, showing=false]
                    se.cambiosys.client.framework.core.internal.CambioShortcutMenuButton[name=null, text='', selected=false, enabled=true, visible=true, showing=false]
              se.cambiosys.client.framework.menueditor.internal.InitializingMenuItem[name=null, text='User', selected=false, enabled=true, visible=true, showing=false]
                se.cambiosys.client.framework.core.internal.CambioShortcutMenuButton[name=null, text='', selected=false, enabled=true, visible=true, showing=false]
              se.cambiosys.client.framework.menueditor.internal.InitializingMenuItem[name=null, text='Roles', selected=false, enabled=true, visible=true, showing=false]
                se.cambiosys.client.framework.core.internal.CambioShortcutMenuButton[name=null, text='', selected=false, enabled=true, visible=true, showing=false]
              se.cambiosys.client.framework.menueditor.internal.InitializingMenuItem[name=null, text='Type definitions', selected=false, enabled=true, visible=true, showing=false]
                se.cambiosys.client.framework.core.internal.CambioShortcutMenuButton[name=null, text='', selected=false, enabled=true, visible=true, showing=false]
              se.cambiosys.client.framework.components.CambioMenu[name=null, text='Terms & Concept', selected=false, enabled=true, visible=true, showing=false]
                javax.swing.JPopupMenu[name=null, label=null, enabled=true, visible=false, showing=false]
                  se.cambiosys.client.framework.menueditor.internal.InitializingMenuItem[name=null, text='Terms', selected=false, enabled=true, visible=true, showing=false]
                    se.cambiosys.client.framework.core.internal.CambioShortcutMenuButton[name=null, text='', selected=false, enabled=true, visible=true, showing=false]
                  se.cambiosys.client.framework.menueditor.internal.InitializingMenuItem[name=null, text='Concept', selected=false, enabled=true, visible=true, showing=false]
                    se.cambiosys.client.framework.core.internal.CambioShortcutMenuButton[name=null, text='', selected=false, enabled=true, visible=true, showing=false]
              se.cambiosys.client.framework.menueditor.internal.InitializingMenuItem[name=null, text='Ranges', selected=false, enabled=true, visible=true, showing=false]
                se.cambiosys.client.framework.core.internal.CambioShortcutMenuButton[name=null, text='', selected=false, enabled=true, visible=true, showing=false]
              se.cambiosys.client.framework.menueditor.internal.InitializingMenuItem[name=null, text='Reports', selected=false, enabled=true, visible=true, showing=false]
                se.cambiosys.client.framework.core.internal.CambioShortcutMenuButton[name=null, text='', selected=false, enabled=true, visible=true, showing=false]
              se.cambiosys.client.framework.menueditor.internal.InitializingMenuItem[name=null, text='Import reports', selected=false, enabled=true, visible=true, showing=false]
                se.cambiosys.client.framework.core.internal.CambioShortcutMenuButton[name=null, text='', selected=false, enabled=true, visible=true, showing=false]
              se.cambiosys.client.framework.menueditor.internal.InitializingMenuItem[name=null, text='Phrase editor', selected=false, enabled=true, visible=true, showing=false]
                se.cambiosys.client.framework.core.internal.CambioShortcutMenuButton[name=null, text='', selected=false, enabled=true, visible=true, showing=false]
              se.cambiosys.client.framework.components.CambioMenu[name=null, text='Services', selected=false, enabled=true, visible=true, showing=false]
                javax.swing.JPopupMenu[name=null, label=null, enabled=true, visible=false, showing=false]
                  se.cambiosys.client.framework.menueditor.internal.InitializingMenuItem[name=null, text='Services', selected=false, enabled=true, visible=true, showing=false]
                    se.cambiosys.client.framework.core.internal.CambioShortcutMenuButton[name=null, text='', selected=false, enabled=true, visible=true, showing=false]
                  se.cambiosys.client.framework.menueditor.internal.InitializingMenuItem[name=null, text='Offers of the unit', selected=false, enabled=true, visible=true, showing=false]
                    se.cambiosys.client.framework.core.internal.CambioShortcutMenuButton[name=null, text='', selected=false, enabled=true, visible=true, showing=false]
              se.cambiosys.client.framework.menueditor.internal.InitializingMenuItem[name=null, text='Selection', selected=false, enabled=true, visible=true, showing=false]
                se.cambiosys.client.framework.core.internal.CambioShortcutMenuButton[name=null, text='', selected=false, enabled=true, visible=true, showing=false]
              se.cambiosys.client.framework.menueditor.internal.InitializingMenuItem[name=null, text='Printers', selected=false, enabled=true, visible=true, showing=false]
                se.cambiosys.client.framework.core.internal.CambioShortcutMenuButton[name=null, text='', selected=false, enabled=true, visible=true, showing=false]
              se.cambiosys.client.framework.components.CambioMenu[name=null, text='Secrecy administration', selected=false, enabled=true, visible=true, showing=false]
                javax.swing.JPopupMenu[name=null, label=null, enabled=true, visible=false, showing=false]
                  se.cambiosys.client.framework.menueditor.internal.InitializingMenuItem[name=null, text='Secrecy groups', selected=false, enabled=true, visible=true, showing=false]
                    se.cambiosys.client.framework.core.internal.CambioShortcutMenuButton[name=null, text='', selected=false, enabled=true, visible=true, showing=false]
                  se.cambiosys.client.framework.menueditor.internal.InitializingMenuItem[name=null, text='Secrecy level', selected=false, enabled=true, visible=true, showing=false]
                    se.cambiosys.client.framework.core.internal.CambioShortcutMenuButton[name=null, text='', selected=false, enabled=true, visible=true, showing=false]
                  se.cambiosys.client.framework.menueditor.internal.InitializingMenuItem[name=null, text='Secrecy rules', selected=false, enabled=true, visible=true, showing=false]
                    se.cambiosys.client.framework.core.internal.CambioShortcutMenuButton[name=null, text='', selected=false, enabled=true, visible=true, showing=false]
              se.cambiosys.client.framework.menueditor.internal.InitializingMenuItem[name=null, text='Schedule backup', selected=false, enabled=true, visible=true, showing=false]
                se.cambiosys.client.framework.core.internal.CambioShortcutMenuButton[name=null, text='', selected=false, enabled=true, visible=true, showing=false]
              se.cambiosys.client.framework.menueditor.internal.InitializingMenuItem[name=null, text='Template administration', selected=false, enabled=true, visible=true, showing=false]
                se.cambiosys.client.framework.core.internal.CambioShortcutMenuButton[name=null, text='', selected=false, enabled=true, visible=true, showing=false]
              se.cambiosys.client.framework.menueditor.internal.InitializingMenuItem[name=null, text='Printout Handler', selected=false, enabled=true, visible=true, showing=false]
                se.cambiosys.client.framework.core.internal.CambioShortcutMenuButton[name=null, text='', selected=false, enabled=true, visible=true, showing=false]
              se.cambiosys.client.framework.menueditor.internal.InitializingMenuItem[name=null, text='Unit handler', selected=false, enabled=true, visible=true, showing=false]
                se.cambiosys.client.framework.core.internal.CambioShortcutMenuButton[name=null, text='', selected=false, enabled=true, visible=true, showing=false]
              se.cambiosys.client.framework.menueditor.internal.InitializingMenuItem[name=null, text='Access Log', selected=false, enabled=true, visible=true, showing=false]
                se.cambiosys.client.framework.core.internal.CambioShortcutMenuButton[name=null, text='', selected=false, enabled=true, visible=true, showing=false]
              se.cambiosys.client.framework.menueditor.internal.InitializingMenuItem[name=null, text='Configuration of Access Log', selected=false, enabled=true, visible=true, showing=false]
                se.cambiosys.client.framework.core.internal.CambioShortcutMenuButton[name=null, text='', selected=false, enabled=true, visible=true, showing=false]
              se.cambiosys.client.framework.menueditor.internal.InitializingMenuItem[name=null, text='Application logger', selected=false, enabled=true, visible=true, showing=false]
                se.cambiosys.client.framework.core.internal.CambioShortcutMenuButton[name=null, text='', selected=false, enabled=true, visible=true, showing=false]
              se.cambiosys.client.framework.menueditor.internal.InitializingMenuItem[name=null, text='eVisit Configuration', selected=false, enabled=true, visible=true, showing=false]
                se.cambiosys.client.framework.core.internal.CambioShortcutMenuButton[name=null, text='', selected=false, enabled=true, visible=true, showing=false]
              se.cambiosys.client.framework.components.CambioMenu[name=null, text='Order management', selected=false, enabled=true, visible=true, showing=false]
                javax.swing.JPopupMenu[name=null, label=null, enabled=true, visible=false, showing=false]
                  se.cambiosys.client.framework.menueditor.internal.InitializingMenuItem[name=null, text='Catalog administration', selected=false, enabled=true, visible=true, showing=false]
                    se.cambiosys.client.framework.core.internal.CambioShortcutMenuButton[name=null, text='', selected=false, enabled=true, visible=true, showing=false]
                  se.cambiosys.client.framework.menueditor.internal.InitializingMenuItem[name=null, text='File administration', selected=false, enabled=true, visible=true, showing=false]
                    se.cambiosys.client.framework.core.internal.CambioShortcutMenuButton[name=null, text='', selected=false, enabled=true, visible=true, showing=false]
                  se.cambiosys.client.framework.menueditor.internal.InitializingMenuItem[name=null, text='Secrecy administration', selected=false, enabled=true, visible=true, showing=false]
                    se.cambiosys.client.framework.core.internal.CambioShortcutMenuButton[name=null, text='', selected=false, enabled=true, visible=true, showing=false]
                  se.cambiosys.client.framework.menueditor.internal.InitializingMenuItem[name=null, text='Groups/packages/profiles', selected=false, enabled=true, visible=true, showing=false]
                    se.cambiosys.client.framework.core.internal.CambioShortcutMenuButton[name=null, text='', selected=false, enabled=true, visible=true, showing=false]
                  se.cambiosys.client.framework.menueditor.internal.InitializingMenuItem[name=null, text='Sorting orders', selected=false, enabled=true, visible=true, showing=false]
                    se.cambiosys.client.framework.core.internal.CambioShortcutMenuButton[name=null, text='', selected=false, enabled=true, visible=true, showing=false]
                  se.cambiosys.client.framework.menueditor.internal.InitializingMenuItem[name=null, text='Local analyses', selected=false, enabled=true, visible=true, showing=false]
                    se.cambiosys.client.framework.core.internal.CambioShortcutMenuButton[name=null, text='', selected=false, enabled=true, visible=true, showing=false]
                  se.cambiosys.client.framework.menueditor.internal.InitializingMenuItem[name=null, text='Label printer', selected=false, enabled=true, visible=true, showing=false]
                    se.cambiosys.client.framework.core.internal.CambioShortcutMenuButton[name=null, text='', selected=false, enabled=true, visible=true, showing=false]
              se.cambiosys.client.framework.menueditor.internal.InitializingMenuItem[name=null, text='Configure Y-axis for Clinical Parameter', selected=false, enabled=true, visible=true, showing=false]
                se.cambiosys.client.framework.core.internal.CambioShortcutMenuButton[name=null, text='', selected=false, enabled=true, visible=true, showing=false]
              se.cambiosys.client.framework.components.CambioMenu[name=null, text='Visits and admissions', selected=false, enabled=true, visible=true, showing=false]
                javax.swing.JPopupMenu[name=null, label=null, enabled=true, visible=false, showing=false]
                  se.cambiosys.client.framework.menueditor.internal.InitializingMenuItem[name=null, text='Create new visit / admission', selected=false, enabled=true, visible=true, showing=false]
                    se.cambiosys.client.framework.core.internal.CambioShortcutMenuButton[name=null, text='', selected=false, enabled=true, visible=true, showing=false]
                  se.cambiosys.client.framework.menueditor.internal.InitializingMenuItem[name=null, text='Edit visit / admission', selected=false, enabled=true, visible=true, showing=false]
                    se.cambiosys.client.framework.core.internal.CambioShortcutMenuButton[name=null, text='', selected=false, enabled=true, visible=true, showing=false]
              se.cambiosys.client.framework.components.CambioMenu[name=null, text='Publishing', selected=false, enabled=true, visible=true, showing=false]
                javax.swing.JPopupMenu[name=null, label=null, enabled=true, visible=false, showing=false]
                  se.cambiosys.client.framework.menueditor.internal.InitializingMenuItem[name=null, text='Mining', selected=false, enabled=true, visible=true, showing=false]
                    se.cambiosys.client.framework.core.internal.CambioShortcutMenuButton[name=null, text='', selected=false, enabled=true, visible=true, showing=false]
                  se.cambiosys.client.framework.menueditor.internal.InitializingMenuItem[name=null, text='Error management', selected=false, enabled=true, visible=true, showing=false]
                    se.cambiosys.client.framework.core.internal.CambioShortcutMenuButton[name=null, text='', selected=false, enabled=true, visible=true, showing=false]
              se.cambiosys.client.framework.menueditor.internal.InitializingMenuItem[name=null, text='CCP Filter Configuration', selected=false, enabled=true, visible=true, showing=false]
                se.cambiosys.client.framework.core.internal.CambioShortcutMenuButton[name=null, text='', selected=false, enabled=true, visible=true, showing=false]
              se.cambiosys.client.framework.menueditor.internal.InitializingMenuItem[name=null, text='Menu editor', selected=false, enabled=true, visible=true, showing=false]
                se.cambiosys.client.framework.core.internal.CambioShortcutMenuButton[name=null, text='', selected=false, enabled=true, visible=true, showing=false]
              se.cambiosys.client.framework.menueditor.internal.InitializingMenuItem[name=null, text='Script', selected=false, enabled=true, visible=true, showing=false]
                se.cambiosys.client.framework.core.internal.CambioShortcutMenuButton[name=null, text='', selected=false, enabled=true, visible=true, showing=false]
              se.cambiosys.client.framework.components.CambioMenu[name=null, text='Spell Check', selected=false, enabled=true, visible=true, showing=false]
                javax.swing.JPopupMenu[name=null, label=null, enabled=true, visible=false, showing=false]
                  se.cambiosys.client.framework.menueditor.internal.InitializingMenuItem[name=null, text='Settings', selected=false, enabled=true, visible=true, showing=false]
                    se.cambiosys.client.framework.core.internal.CambioShortcutMenuButton[name=null, text='', selected=false, enabled=true, visible=true, showing=false]
                  se.cambiosys.client.framework.menueditor.internal.InitializingMenuItem[name=null, text='User dictionary', selected=false, enabled=true, visible=true, showing=false]
                    se.cambiosys.client.framework.core.internal.CambioShortcutMenuButton[name=null, text='', selected=false, enabled=true, visible=true, showing=false]
                  se.cambiosys.client.framework.menueditor.internal.InitializingMenuItem[name=null, text='Global dictionary', selected=false, enabled=true, visible=true, showing=false]
                    se.cambiosys.client.framework.core.internal.CambioShortcutMenuButton[name=null, text='', selected=false, enabled=true, visible=true, showing=false]
          se.cambiosys.client.framework.components.CambioMenu[name=null, text='Child Healthcare', selected=false, enabled=true, visible=true, showing=true]
            javax.swing.JPopupMenu[name=null, label=null, enabled=true, visible=false, showing=false]
              se.cambiosys.client.framework.menueditor.internal.InitializingMenuItem[name=null, text='Print Child Healthcare data', selected=false, enabled=true, visible=true, showing=false]
                se.cambiosys.client.framework.core.internal.CambioShortcutMenuButton[name=null, text='', selected=false, enabled=true, visible=true, showing=false]
          se.cambiosys.client.framework.components.CambioMenu[name=null, text='Medication', selected=false, enabled=true, visible=true, showing=true]
            javax.swing.JPopupMenu[name=null, label=null, enabled=true, visible=false, showing=false]
              se.cambiosys.client.framework.components.CambioMenu[name=null, text='Administration', selected=false, enabled=true, visible=true, showing=false]
                javax.swing.JPopupMenu[name=null, label=null, enabled=true, visible=false, showing=false]
                  se.cambiosys.client.framework.menueditor.internal.InitializingMenuItem[name=null, text='Sent e-recipe overview', selected=false, enabled=true, visible=true, showing=false]
                    se.cambiosys.client.framework.core.internal.CambioShortcutMenuButton[name=null, text='', selected=false, enabled=true, visible=true, showing=false]
                  se.cambiosys.client.framework.menueditor.internal.InitializingMenuItem[name=null, text='Catalogue administration', selected=false, enabled=true, visible=true, showing=false]
                    se.cambiosys.client.framework.core.internal.CambioShortcutMenuButton[name=null, text='', selected=false, enabled=true, visible=true, showing=false]
                  se.cambiosys.client.framework.menueditor.internal.InitializingMenuItem[name=null, text='Unit Times and Medicine Cabinet', selected=false, enabled=true, visible=true, showing=false]
                    se.cambiosys.client.framework.core.internal.CambioShortcutMenuButton[name=null, text='', selected=false, enabled=true, visible=true, showing=false]
                  se.cambiosys.client.framework.menueditor.internal.InitializingMenuItem[name=null, text='Order basis for vaccine', selected=false, enabled=true, visible=true, showing=false]
                    se.cambiosys.client.framework.core.internal.CambioShortcutMenuButton[name=null, text='', selected=false, enabled=true, visible=true, showing=false]
              se.cambiosys.client.framework.components.CambioMenu[name=null, text='New prescription', selected=false, enabled=true, visible=true, showing=false]
                javax.swing.JPopupMenu[name=null, label=null, enabled=true, visible=false, showing=false]
                  se.cambiosys.client.framework.menueditor.internal.InitializingMenuItem[name=null, text='Drug', selected=false, enabled=true, visible=true, showing=false]
                    se.cambiosys.client.framework.core.internal.CambioShortcutMenuButton[name=null, text='', selected=false, enabled=true, visible=true, showing=false]
                  se.cambiosys.client.framework.menueditor.internal.InitializingMenuItem[name=null, text='Nutrition product', selected=false, enabled=true, visible=true, showing=false]
                    se.cambiosys.client.framework.core.internal.CambioShortcutMenuButton[name=null, text='', selected=false, enabled=true, visible=true, showing=false]
                  se.cambiosys.client.framework.menueditor.internal.InitializingMenuItem[name=null, text='Consumable', selected=false, enabled=true, visible=true, showing=false]
                    se.cambiosys.client.framework.core.internal.CambioShortcutMenuButton[name=null, text='', selected=false, enabled=true, visible=true, showing=false]
              se.cambiosys.client.framework.components.CambioMenu[name=null, text='Lists', selected=false, enabled=true, visible=true, showing=false]
                javax.swing.JPopupMenu[name=null, label=null, enabled=true, visible=false, showing=false]
                  se.cambiosys.client.framework.menueditor.internal.InitializingMenuItem[name=null, text='Drugs', selected=false, enabled=true, visible=true, showing=false]
                    se.cambiosys.client.framework.core.internal.CambioShortcutMenuButton[name=null, text='', selected=false, enabled=true, visible=true, showing=false]
                  se.cambiosys.client.framework.menueditor.internal.InitializingMenuItem[name=null, text='Nutritions', selected=false, enabled=true, visible=true, showing=false]
                    se.cambiosys.client.framework.core.internal.CambioShortcutMenuButton[name=null, text='', selected=false, enabled=true, visible=true, showing=false]
                  se.cambiosys.client.framework.menueditor.internal.InitializingMenuItem[name=null, text='Consumables', selected=false, enabled=true, visible=true, showing=false]
                    se.cambiosys.client.framework.core.internal.CambioShortcutMenuButton[name=null, text='', selected=false, enabled=true, visible=true, showing=false]
                  se.cambiosys.client.framework.menueditor.internal.InitializingMenuItem[name=null, text='Vaccination list', selected=false, enabled=true, visible=true, showing=false]
                    se.cambiosys.client.framework.core.internal.CambioShortcutMenuButton[name=null, text='', selected=false, enabled=true, visible=true, showing=false]
                  se.cambiosys.client.framework.menueditor.internal.InitializingMenuItem[name=null, text='Recipe overview', selected=false, enabled=true, visible=true, showing=false]
                    se.cambiosys.client.framework.core.internal.CambioShortcutMenuButton[name=null, text='', selected=false, enabled=true, visible=true, showing=false]
              se.cambiosys.client.framework.menueditor.internal.InitializingMenuItem[name=null, text='Nurse view', selected=false, enabled=true, visible=true, showing=false]
                se.cambiosys.client.framework.core.internal.CambioShortcutMenuButton[name=null, text='', selected=false, enabled=true, visible=true, showing=false]
          se.cambiosys.client.framework.components.CambioMenu[name=null, text='Theatre', selected=false, enabled=true, visible=true, showing=true]
            javax.swing.JPopupMenu[name=null, label=null, enabled=true, visible=false, showing=false]
              se.cambiosys.client.framework.menueditor.internal.InitializingMenuItem[name=null, text='Create theatre registration', selected=false, enabled=true, visible=true, showing=false]
                se.cambiosys.client.framework.core.internal.CambioShortcutMenuButton[name=null, text='', selected=false, enabled=true, visible=true, showing=false]
              se.cambiosys.client.framework.menueditor.internal.InitializingMenuItem[name=null, text='Operation list', selected=false, enabled=true, visible=true, showing=false]
                se.cambiosys.client.framework.core.internal.CambioShortcutMenuButton[name=null, text='', selected=false, enabled=true, visible=true, showing=false]
              se.cambiosys.client.framework.menueditor.internal.InitializingMenuItem[name=null, text='Planning schedule', selected=false, enabled=true, visible=true, showing=false]
                se.cambiosys.client.framework.core.internal.CambioShortcutMenuButton[name=null, text='', selected=false, enabled=true, visible=true, showing=false]
              se.cambiosys.client.framework.menueditor.internal.InitializingMenuItem[name=null, text='Schedule overview', selected=false, enabled=true, visible=true, showing=false]
                se.cambiosys.client.framework.core.internal.CambioShortcutMenuButton[name=null, text='', selected=false, enabled=true, visible=true, showing=false]
              se.cambiosys.client.framework.menueditor.internal.InitializingMenuItem[name=null, text='Live Schedule', selected=false, enabled=true, visible=true, showing=false]
                se.cambiosys.client.framework.core.internal.CambioShortcutMenuButton[name=null, text='', selected=false, enabled=true, visible=true, showing=false]
              se.cambiosys.client.framework.components.CambioMenu[name=null, text='Administration', selected=false, enabled=true, visible=true, showing=false]
                javax.swing.JPopupMenu[name=null, label=null, enabled=true, visible=false, showing=false]
                  se.cambiosys.client.framework.menueditor.internal.InitializingMenuItem[name=null, text='Templates for Anaesthetic, Th.record, Recovery', selected=false, enabled=true, visible=true, showing=false]
                    se.cambiosys.client.framework.core.internal.CambioShortcutMenuButton[name=null, text='', selected=false, enabled=true, visible=true, showing=false]
                  se.cambiosys.client.framework.menueditor.internal.InitializingMenuItem[name=null, text='Basic templates for Th. registration', selected=false, enabled=true, visible=true, showing=false]
                    se.cambiosys.client.framework.core.internal.CambioShortcutMenuButton[name=null, text='', selected=false, enabled=true, visible=true, showing=false]
                  se.cambiosys.client.framework.menueditor.internal.InitializingMenuItem[name=null, text='Templates for Waypoints', selected=false, enabled=true, visible=true, showing=false]
                    se.cambiosys.client.framework.core.internal.CambioShortcutMenuButton[name=null, text='', selected=false, enabled=true, visible=true, showing=false]
                  se.cambiosys.client.framework.menueditor.internal.InitializingMenuItem[name=null, text='Theatre suite administration', selected=false, enabled=true, visible=true, showing=false]
                    se.cambiosys.client.framework.core.internal.CambioShortcutMenuButton[name=null, text='', selected=false, enabled=true, visible=true, showing=false]
                  se.cambiosys.client.framework.menueditor.internal.InitializingMenuItem[name=null, text='Medical priority', selected=false, enabled=true, visible=true, showing=false]
                    se.cambiosys.client.framework.core.internal.CambioShortcutMenuButton[name=null, text='', selected=false, enabled=true, visible=true, showing=false]
                  se.cambiosys.client.framework.menueditor.internal.InitializingMenuItem[name=null, text='Keyword mapping', selected=false, enabled=true, visible=true, showing=false]
                    se.cambiosys.client.framework.core.internal.CambioShortcutMenuButton[name=null, text='', selected=false, enabled=true, visible=true, showing=false]
                  se.cambiosys.client.framework.menueditor.internal.InitializingMenuItem[name=null, text='Create theatres', selected=false, enabled=true, visible=true, showing=false]
                    se.cambiosys.client.framework.core.internal.CambioShortcutMenuButton[name=null, text='', selected=false, enabled=true, visible=true, showing=false]
                  se.cambiosys.client.framework.menueditor.internal.InitializingMenuItem[name=null, text='Global filters', selected=false, enabled=true, visible=true, showing=false]
                    se.cambiosys.client.framework.core.internal.CambioShortcutMenuButton[name=null, text='', selected=false, enabled=true, visible=true, showing=false]
                  se.cambiosys.client.framework.menueditor.internal.InitializingMenuItem[name=null, text='Activity lists', selected=false, enabled=true, visible=true, showing=false]
                    se.cambiosys.client.framework.core.internal.CambioShortcutMenuButton[name=null, text='', selected=false, enabled=true, visible=true, showing=false]
                  se.cambiosys.client.framework.menueditor.internal.InitializingMenuItem[name=null, text='Templates for Th. registration', selected=false, enabled=true, visible=true, showing=false]
                    se.cambiosys.client.framework.core.internal.CambioShortcutMenuButton[name=null, text='', selected=false, enabled=true, visible=true, showing=false]
                  se.cambiosys.client.framework.menueditor.internal.InitializingMenuItem[name=null, text='Colour configuration', selected=false, enabled=true, visible=true, showing=false]
                    se.cambiosys.client.framework.core.internal.CambioShortcutMenuButton[name=null, text='', selected=false, enabled=true, visible=true, showing=false]
                  se.cambiosys.client.framework.menueditor.internal.InitializingMenuItem[name=null, text='Surgical Unit Administration', selected=false, enabled=true, visible=true, showing=false]
                    se.cambiosys.client.framework.core.internal.CambioShortcutMenuButton[name=null, text='', selected=false, enabled=true, visible=true, showing=false]
                  se.cambiosys.client.framework.menueditor.internal.InitializingMenuItem[name=null, text='Code Packages', selected=false, enabled=true, visible=true, showing=false]
                    se.cambiosys.client.framework.core.internal.CambioShortcutMenuButton[name=null, text='', selected=false, enabled=true, visible=true, showing=false]
          se.cambiosys.client.framework.components.CambioMenu[name=null, text='Order management', selected=false, enabled=true, visible=true, showing=true]
            javax.swing.JPopupMenu[name=null, label=null, enabled=true, visible=false, showing=false]
              se.cambiosys.client.framework.menueditor.internal.InitializingMenuItem[name=null, text='Request', selected=false, enabled=true, visible=true, showing=false]
                se.cambiosys.client.framework.core.internal.CambioShortcutMenuButton[name=null, text='', selected=false, enabled=true, visible=true, showing=false]
              se.cambiosys.client.framework.menueditor.internal.InitializingMenuItem[name=null, text='Specimen collection', selected=false, enabled=true, visible=true, showing=false]
                se.cambiosys.client.framework.core.internal.CambioShortcutMenuButton[name=null, text='', selected=false, enabled=true, visible=true, showing=false]
              se.cambiosys.client.framework.menueditor.internal.InitializingMenuItem[name=null, text='Radiology Request', selected=false, enabled=true, visible=true, showing=false]
                se.cambiosys.client.framework.core.internal.CambioShortcutMenuButton[name=null, text='', selected=false, enabled=true, visible=true, showing=false]
              se.cambiosys.client.framework.menueditor.internal.InitializingMenuItem[name=null, text='Unsent Radiology Request', selected=false, enabled=true, visible=true, showing=false]
                se.cambiosys.client.framework.core.internal.CambioShortcutMenuButton[name=null, text='', selected=false, enabled=true, visible=true, showing=false]
              se.cambiosys.client.framework.menueditor.internal.InitializingMenuItem[name=null, text='Request status', selected=false, enabled=true, visible=true, showing=false]
                se.cambiosys.client.framework.core.internal.CambioShortcutMenuButton[name=null, text='', selected=false, enabled=true, visible=true, showing=false]
              se.cambiosys.client.framework.menueditor.internal.InitializingMenuItem[name=null, text='Local analyses input', selected=false, enabled=true, visible=true, showing=false]
                se.cambiosys.client.framework.core.internal.CambioShortcutMenuButton[name=null, text='', selected=false, enabled=true, visible=true, showing=false]
              se.cambiosys.client.framework.menueditor.internal.InitializingMenuItem[name=null, text='Result inbox', selected=false, enabled=true, visible=true, showing=false]
                se.cambiosys.client.framework.core.internal.CambioShortcutMenuButton[name=null, text='', selected=false, enabled=true, visible=true, showing=false]
              se.cambiosys.client.framework.menueditor.internal.InitializingMenuItem[name=null, text='Test result', selected=false, enabled=true, visible=true, showing=false]
                se.cambiosys.client.framework.core.internal.CambioShortcutMenuButton[name=null, text='', selected=false, enabled=true, visible=true, showing=false]
              se.cambiosys.client.framework.menueditor.internal.InitializingMenuItem[name=null, text='Radiology Report', selected=false, enabled=true, visible=true, showing=false]
                se.cambiosys.client.framework.core.internal.CambioShortcutMenuButton[name=null, text='', selected=false, enabled=true, visible=true, showing=false]
              se.cambiosys.client.framework.menueditor.internal.InitializingMenuItem[name=null, text='Manual input', selected=false, enabled=true, visible=true, showing=false]
                se.cambiosys.client.framework.core.internal.CambioShortcutMenuButton[name=null, text='', selected=false, enabled=true, visible=true, showing=false]
              se.cambiosys.client.framework.components.CambioMenu[name=null, text='Administration', selected=false, enabled=true, visible=true, showing=false]
                javax.swing.JPopupMenu[name=null, label=null, enabled=true, visible=false, showing=false]
                  se.cambiosys.client.framework.menueditor.internal.InitializingMenuItem[name=null, text='Sketch administration', selected=false, enabled=true, visible=true, showing=false]
                    se.cambiosys.client.framework.core.internal.CambioShortcutMenuButton[name=null, text='', selected=false, enabled=true, visible=true, showing=false]
                  se.cambiosys.client.framework.menueditor.internal.InitializingMenuItem[name=null, text='Pathology request templates', selected=false, enabled=true, visible=true, showing=false]
                    se.cambiosys.client.framework.core.internal.CambioShortcutMenuButton[name=null, text='', selected=false, enabled=true, visible=true, showing=false]
              se.cambiosys.client.framework.menueditor.internal.InitializingMenuItem[name=null, text='Signed Radiology Request ', selected=false, enabled=true, visible=true, showing=false]
                se.cambiosys.client.framework.core.internal.CambioShortcutMenuButton[name=null, text='', selected=false, enabled=true, visible=true, showing=false]
          se.cambiosys.client.framework.components.CambioMenu[name=null, text='Medical record', selected=false, enabled=true, visible=true, showing=true]
            javax.swing.JPopupMenu[name=null, label=null, enabled=true, visible=false, showing=false]
              se.cambiosys.client.framework.components.CambioMenu[name=null, text='Medical record table', selected=false, enabled=true, visible=true, showing=false]
                javax.swing.JPopupMenu[name=null, label=null, enabled=true, visible=false, showing=false]
                  se.cambiosys.client.framework.menueditor.internal.InitializingMenuItem[name=null, text='Administration of templates for medical record tables', selected=false, enabled=true, visible=true, showing=false]
                    se.cambiosys.client.framework.core.internal.CambioShortcutMenuButton[name=null, text='', selected=false, enabled=true, visible=true, showing=false]
                  se.cambiosys.client.framework.menueditor.internal.InitializingMenuItem[name=null, text='New medical record table', selected=false, enabled=false, visible=true, showing=false]
                    se.cambiosys.client.framework.core.internal.CambioShortcutMenuButton[name=null, text='', selected=false, enabled=true, visible=true, showing=false]
              se.cambiosys.client.framework.menueditor.internal.InitializingMenuItem[name=null, text='Medical record', selected=false, enabled=true, visible=true, showing=false]
                se.cambiosys.client.framework.core.internal.CambioShortcutMenuButton[name=null, text='', selected=false, enabled=true, visible=true, showing=false]
              se.cambiosys.client.framework.menueditor.internal.InitializingMenuItem[name=null, text='New note', selected=false, enabled=true, visible=true, showing=false]
                se.cambiosys.client.framework.core.internal.CambioShortcutMenuButton[name=null, text='', selected=false, enabled=true, visible=true, showing=false]
              se.cambiosys.client.framework.menueditor.internal.InitializingMenuItem[name=null, text='New form', selected=false, enabled=true, visible=true, showing=false]
                se.cambiosys.client.framework.core.internal.CambioShortcutMenuButton[name=null, text='', selected=false, enabled=true, visible=true, showing=false]
              se.cambiosys.client.framework.menueditor.internal.InitializingMenuItem[name=null, text='New care plan note', selected=false, enabled=false, visible=false, showing=false]
                se.cambiosys.client.framework.core.internal.CambioShortcutMenuButton[name=null, text='', selected=false, enabled=true, visible=true, showing=false]
              se.cambiosys.client.framework.menueditor.internal.InitializingMenuItem[name=null, text='Observation', selected=false, enabled=true, visible=true, showing=false]
                se.cambiosys.client.framework.core.internal.CambioShortcutMenuButton[name=null, text='', selected=false, enabled=true, visible=true, showing=false]
              se.cambiosys.client.framework.menueditor.internal.InitializingMenuItem[name=null, text='Graphic view', selected=false, enabled=true, visible=true, showing=false]
                se.cambiosys.client.framework.core.internal.CambioShortcutMenuButton[name=null, text='', selected=false, enabled=true, visible=true, showing=false]
              se.cambiosys.client.framework.menueditor.internal.InitializingMenuItem[name=null, text='List of activities', selected=false, enabled=true, visible=true, showing=false]
                se.cambiosys.client.framework.core.internal.CambioShortcutMenuButton[name=null, text='', selected=false, enabled=true, visible=true, showing=false]
              se.cambiosys.client.framework.components.CambioMenu[name=null, text='Administration', selected=false, enabled=true, visible=true, showing=false]
                javax.swing.JPopupMenu[name=null, label=null, enabled=true, visible=false, showing=false]
                  se.cambiosys.client.framework.menueditor.internal.InitializingMenuItem[name=null, text='Keyword editor', selected=false, enabled=true, visible=true, showing=false]
                    se.cambiosys.client.framework.core.internal.CambioShortcutMenuButton[name=null, text='', selected=false, enabled=true, visible=true, showing=false]
                  se.cambiosys.client.framework.menueditor.internal.InitializingMenuItem[name=null, text='Search occurrences of keyword', selected=false, enabled=true, visible=true, showing=false]
                    se.cambiosys.client.framework.core.internal.CambioShortcutMenuButton[name=null, text='', selected=false, enabled=true, visible=true, showing=false]
                  se.cambiosys.client.framework.menueditor.internal.InitializingMenuItem[name=null, text='Template manager', selected=false, enabled=true, visible=true, showing=false]
                    se.cambiosys.client.framework.core.internal.CambioShortcutMenuButton[name=null, text='', selected=false, enabled=true, visible=true, showing=false]
                  se.cambiosys.client.framework.menueditor.internal.InitializingMenuItem[name=null, text='Fixed values', selected=false, enabled=true, visible=true, showing=false]
                    se.cambiosys.client.framework.core.internal.CambioShortcutMenuButton[name=null, text='', selected=false, enabled=true, visible=true, showing=false]
                  se.cambiosys.client.framework.menueditor.internal.InitializingMenuItem[name=null, text='Form administration', selected=false, enabled=true, visible=true, showing=false]
                    se.cambiosys.client.framework.core.internal.CambioShortcutMenuButton[name=null, text='', selected=false, enabled=true, visible=true, showing=false]
                  se.cambiosys.client.framework.menueditor.internal.InitializingMenuItem[name=null, text='Administration views', selected=false, enabled=true, visible=true, showing=false]
                    se.cambiosys.client.framework.core.internal.CambioShortcutMenuButton[name=null, text='', selected=false, enabled=true, visible=true, showing=false]
                  se.cambiosys.client.framework.menueditor.internal.InitializingMenuItem[name=null, text='Administration filter', selected=false, enabled=true, visible=true, showing=false]
                    se.cambiosys.client.framework.core.internal.CambioShortcutMenuButton[name=null, text='', selected=false, enabled=true, visible=true, showing=false]
                  se.cambiosys.client.framework.menueditor.internal.InitializingMenuItem[name=null, text='Selection of problems', selected=false, enabled=true, visible=true, showing=false]
                    se.cambiosys.client.framework.core.internal.CambioShortcutMenuButton[name=null, text='', selected=false, enabled=true, visible=true, showing=false]
              se.cambiosys.client.framework.components.CambioMenu[name=null, text='Digital dictation', selected=false, enabled=true, visible=true, showing=false]
                javax.swing.JPopupMenu[name=null, label=null, enabled=true, visible=false, showing=false]
                  se.cambiosys.client.framework.menueditor.internal.InitializingMenuItem[name=null, text='Create new dictation', selected=false, enabled=true, visible=true, showing=false]
                    se.cambiosys.client.framework.core.internal.CambioShortcutMenuButton[name=null, text='', selected=false, enabled=true, visible=true, showing=false]
                  se.cambiosys.client.framework.menueditor.internal.InitializingMenuItem[name=null, text='Dictation list', selected=false, enabled=true, visible=true, showing=false]
                    se.cambiosys.client.framework.core.internal.CambioShortcutMenuButton[name=null, text='', selected=false, enabled=true, visible=true, showing=false]
                  se.cambiosys.client.framework.menueditor.internal.InitializingMenuItem[name=null, text='Create new dictation from file', selected=false, enabled=true, visible=true, showing=false]
                    se.cambiosys.client.framework.core.internal.CambioShortcutMenuButton[name=null, text='', selected=false, enabled=true, visible=true, showing=false]
                  se.cambiosys.client.framework.menueditor.internal.InitializingMenuItem[name=null, text='Create new dictation minimized', selected=false, enabled=true, visible=true, showing=false]
                    se.cambiosys.client.framework.core.internal.CambioShortcutMenuButton[name=null, text='', selected=false, enabled=true, visible=true, showing=false]
              se.cambiosys.client.framework.components.CambioMenu[name=null, text='Birth', selected=false, enabled=true, visible=true, showing=false]
                javax.swing.JPopupMenu[name=null, label=null, enabled=true, visible=false, showing=false]
                  se.cambiosys.client.framework.menueditor.internal.InitializingMenuItem[name=null, text='Partogram', selected=false, enabled=false, visible=true, showing=false]
                    se.cambiosys.client.framework.core.internal.CambioShortcutMenuButton[name=null, text='', selected=false, enabled=true, visible=true, showing=false]
                  se.cambiosys.client.framework.menueditor.internal.InitializingMenuItem[name=null, text='New delivery', selected=false, enabled=false, visible=true, showing=false]
                    se.cambiosys.client.framework.core.internal.CambioShortcutMenuButton[name=null, text='', selected=false, enabled=true, visible=true, showing=false]
                  se.cambiosys.client.framework.menueditor.internal.InitializingMenuItem[name=null, text='Delete partogram', selected=false, enabled=false, visible=true, showing=false]
                    se.cambiosys.client.framework.core.internal.CambioShortcutMenuButton[name=null, text='', selected=false, enabled=true, visible=true, showing=false]
                  se.cambiosys.client.framework.menueditor.internal.InitializingMenuItem[name=null, text='Configuration of registrations', selected=false, enabled=true, visible=true, showing=false]
                    se.cambiosys.client.framework.core.internal.CambioShortcutMenuButton[name=null, text='', selected=false, enabled=true, visible=true, showing=false]
                  se.cambiosys.client.framework.menueditor.internal.InitializingMenuItem[name=null, text='Child number configuration', selected=false, enabled=true, visible=true, showing=false]
                    se.cambiosys.client.framework.core.internal.CambioShortcutMenuButton[name=null, text='', selected=false, enabled=true, visible=true, showing=false]
          se.cambiosys.client.framework.components.CambioMenu[name=null, text='Window', selected=false, enabled=true, visible=true, showing=true]
            javax.swing.JPopupMenu[name=null, label=null, enabled=true, visible=false, showing=false]
              se.cambiosys.client.framework.core.internal.MenuHandler$10(se.cambiosys.client.framework.components.CambioCheckBoxMenuItem)[name=null, text='Keep windows', selected=true, enabled=true, visible=true, showing=false]
              se.cambiosys.client.framework.menueditor.internal.InitializingMenuItem[name=null, text='Minimize all', selected=false, enabled=true, visible=true, showing=false]
                se.cambiosys.client.framework.core.internal.CambioShortcutMenuButton[name=null, text='', selected=false, enabled=true, visible=true, showing=false]
          se.cambiosys.client.framework.components.CambioMenu[name=null, text='Basic Menu', selected=false, enabled=true, visible=true, showing=true]
            javax.swing.JPopupMenu[name=null, label=null, enabled=true, visible=false, showing=false]
              se.cambiosys.client.framework.menueditor.internal.InitializingMenuItem[name=null, text='Basic Text', selected=false, enabled=true, visible=true, showing=false]
                se.cambiosys.client.framework.core.internal.CambioShortcutMenuButton[name=null, text='', selected=false, enabled=true, visible=true, showing=false]
          se.cambiosys.client.framework.components.CambioMenu[name=null, text='Patient administration IP & OP', selected=false, enabled=true, visible=true, showing=true]
            javax.swing.JPopupMenu[name=null, label=null, enabled=true, visible=false, showing=false]
              se.cambiosys.client.framework.components.CambioMenu[name=null, text='Administration', selected=false, enabled=true, visible=true, showing=false]
                javax.swing.JPopupMenu[name=null, label=null, enabled=true, visible=false, showing=false]
                  se.cambiosys.client.framework.menueditor.internal.InitializingMenuItem[name=null, text='Region membership', selected=false, enabled=true, visible=true, showing=false]
                    se.cambiosys.client.framework.core.internal.CambioShortcutMenuButton[name=null, text='', selected=false, enabled=true, visible=true, showing=false]
                  se.cambiosys.client.framework.menueditor.internal.InitializingMenuItem[name=null, text='Search order number', selected=false, enabled=true, visible=true, showing=false]
                    se.cambiosys.client.framework.core.internal.CambioShortcutMenuButton[name=null, text='', selected=false, enabled=true, visible=true, showing=false]
                  se.cambiosys.client.framework.menueditor.internal.InitializingMenuItem[name=null, text='Reception administration & reception period', selected=false, enabled=true, visible=true, showing=false]
                    se.cambiosys.client.framework.core.internal.CambioShortcutMenuButton[name=null, text='', selected=false, enabled=true, visible=true, showing=false]
                  se.cambiosys.client.framework.menueditor.internal.InitializingMenuItem[name=null, text='Receptions and reception locations', selected=false, enabled=true, visible=true, showing=false]
                    se.cambiosys.client.framework.core.internal.CambioShortcutMenuButton[name=null, text='', selected=false, enabled=true, visible=true, showing=false]
                  se.cambiosys.client.framework.components.CambioMenu[name=null, text='Contract', selected=false, enabled=true, visible=true, showing=false]
                    javax.swing.JPopupMenu[name=null, label=null, enabled=true, visible=false, showing=false]
                      se.cambiosys.client.framework.menueditor.internal.InitializingMenuItem[name=null, text='New base price list', selected=false, enabled=true, visible=true, showing=false]
                        se.cambiosys.client.framework.core.internal.CambioShortcutMenuButton[name=null, text='', selected=false, enabled=true, visible=true, showing=false]
                      se.cambiosys.client.framework.menueditor.internal.InitializingMenuItem[name=null, text='Open base price list', selected=false, enabled=true, visible=true, showing=false]
                        se.cambiosys.client.framework.core.internal.CambioShortcutMenuButton[name=null, text='', selected=false, enabled=true, visible=true, showing=false]
                      se.cambiosys.client.framework.menueditor.internal.InitializingMenuItem[name=null, text='New contract', selected=false, enabled=true, visible=true, showing=false]
                        se.cambiosys.client.framework.core.internal.CambioShortcutMenuButton[name=null, text='', selected=false, enabled=true, visible=true, showing=false]
                      se.cambiosys.client.framework.menueditor.internal.InitializingMenuItem[name=null, text='Open contract', selected=false, enabled=true, visible=true, showing=false]
                        se.cambiosys.client.framework.core.internal.CambioShortcutMenuButton[name=null, text='', selected=false, enabled=true, visible=true, showing=false]
                      se.cambiosys.client.framework.menueditor.internal.InitializingMenuItem[name=null, text='Administration of contracts of goods sales', selected=false, enabled=true, visible=true, showing=false]
                        se.cambiosys.client.framework.core.internal.CambioShortcutMenuButton[name=null, text='', selected=false, enabled=true, visible=true, showing=false]
                  se.cambiosys.client.framework.menueditor.internal.InitializingMenuItem[name=null, text='Products', selected=false, enabled=true, visible=true, showing=false]
                    se.cambiosys.client.framework.core.internal.CambioShortcutMenuButton[name=null, text='', selected=false, enabled=true, visible=true, showing=false]
                  se.cambiosys.client.framework.menueditor.internal.InitializingMenuItem[name=null, text='Goods', selected=false, enabled=true, visible=true, showing=false]
                    se.cambiosys.client.framework.core.internal.CambioShortcutMenuButton[name=null, text='', selected=false, enabled=true, visible=true, showing=false]
                  se.cambiosys.client.framework.menueditor.internal.InitializingMenuItem[name=null, text='VAT classes', selected=false, enabled=true, visible=true, showing=false]
                    se.cambiosys.client.framework.core.internal.CambioShortcutMenuButton[name=null, text='', selected=false, enabled=true, visible=true, showing=false]
              se.cambiosys.client.framework.menueditor.internal.InitializingMenuItem[name=null, text='Configure economy exports', selected=false, enabled=true, visible=true, showing=false]
                se.cambiosys.client.framework.core.internal.CambioShortcutMenuButton[name=null, text='', selected=false, enabled=true, visible=true, showing=false]
              se.cambiosys.client.framework.menueditor.internal.InitializingMenuItem[name=null, text='Export management', selected=false, enabled=true, visible=true, showing=false]
                se.cambiosys.client.framework.core.internal.CambioShortcutMenuButton[name=null, text='', selected=false, enabled=true, visible=true, showing=false]
              se.cambiosys.client.framework.menueditor.internal.InitializingMenuItem[name=null, text='Visit and procedure registration', selected=false, enabled=true, visible=true, showing=false]
                se.cambiosys.client.framework.core.internal.CambioShortcutMenuButton[name=null, text='', selected=false, enabled=true, visible=true, showing=false]
              se.cambiosys.client.framework.menueditor.internal.InitializingMenuItem[name=null, text='Inpatient registration', selected=false, enabled=true, visible=true, showing=false]
                se.cambiosys.client.framework.core.internal.CambioShortcutMenuButton[name=null, text='', selected=false, enabled=true, visible=true, showing=false]
              se.cambiosys.client.framework.menueditor.internal.InitializingMenuItem[name=null, text='Acute overview', selected=false, enabled=true, visible=true, showing=false]
                se.cambiosys.client.framework.core.internal.CambioShortcutMenuButton[name=null, text='', selected=false, enabled=true, visible=true, showing=false]
              se.cambiosys.client.framework.menueditor.internal.InitializingMenuItem[name=null, text='Registration overview', selected=false, enabled=true, visible=true, showing=false]
                se.cambiosys.client.framework.core.internal.CambioShortcutMenuButton[name=null, text='', selected=false, enabled=true, visible=true, showing=false]
              se.cambiosys.client.framework.menueditor.internal.InitializingMenuItem[name=null, text='Goods Sale overview', selected=false, enabled=true, visible=true, showing=false]
                se.cambiosys.client.framework.core.internal.CambioShortcutMenuButton[name=null, text='', selected=false, enabled=true, visible=true, showing=false]
              se.cambiosys.client.framework.menueditor.internal.InitializingMenuItem[name=null, text='Invoice overview', selected=false, enabled=true, visible=true, showing=false]
                se.cambiosys.client.framework.core.internal.CambioShortcutMenuButton[name=null, text='', selected=false, enabled=true, visible=true, showing=false]
              se.cambiosys.client.framework.menueditor.internal.InitializingMenuItem[name=null, text='Register codes', selected=false, enabled=false, visible=true, showing=false]
                se.cambiosys.client.framework.core.internal.CambioShortcutMenuButton[name=null, text='', selected=false, enabled=true, visible=true, showing=false]
              se.cambiosys.client.framework.menueditor.internal.InitializingMenuItem[name=null, text='Undo', selected=false, enabled=true, visible=true, showing=false]
                se.cambiosys.client.framework.core.internal.CambioShortcutMenuButton[name=null, text='', selected=false, enabled=true, visible=true, showing=false]
          se.cambiosys.client.framework.components.CambioMenu[name=null, text='Patient', selected=false, enabled=true, visible=true, showing=true]
            javax.swing.JPopupMenu[name=null, label=null, enabled=true, visible=false, showing=false]
              se.cambiosys.client.framework.components.CambioMenu[name=null, text='Groups', selected=false, enabled=true, visible=true, showing=false]
                javax.swing.JPopupMenu[name=null, label=null, enabled=true, visible=false, showing=false]
                  se.cambiosys.client.framework.menueditor.internal.InitializingMenuItem[name=null, text='Group card', selected=false, enabled=false, visible=true, showing=false]
                    se.cambiosys.client.framework.core.internal.CambioShortcutMenuButton[name=null, text='', selected=false, enabled=true, visible=true, showing=false]
                  se.cambiosys.client.framework.menueditor.internal.InitializingMenuItem[name=null, text='Group administration', selected=false, enabled=true, visible=true, showing=false]
                    se.cambiosys.client.framework.core.internal.CambioShortcutMenuButton[name=null, text='', selected=false, enabled=true, visible=true, showing=false]
              se.cambiosys.client.framework.subjectofcare.internal.SecurityOverrideHandlerImpl$1(se.cambiosys.client.framework.components.CambioCheckBoxMenuItem)[name=null, text='Activate security override', selected=false, enabled=false, visible=true, showing=false]
              se.cambiosys.client.framework.menueditor.internal.InitializingMenuItem[name=null, text='Patient card', selected=false, enabled=true, visible=true, showing=false]
                se.cambiosys.client.framework.core.internal.CambioShortcutMenuButton[name=null, text='', selected=false, enabled=true, visible=true, showing=false]
              se.cambiosys.client.framework.menueditor.internal.InitializingMenuItem[name=null, text='Print patient information', selected=false, enabled=true, visible=true, showing=false]
                se.cambiosys.client.framework.core.internal.CambioShortcutMenuButton[name=null, text='', selected=false, enabled=true, visible=true, showing=false]
              se.cambiosys.client.framework.menueditor.internal.InitializingMenuItem[name=null, text='Connect mother-child', selected=false, enabled=false, visible=true, showing=false]
                se.cambiosys.client.framework.core.internal.CambioShortcutMenuButton[name=null, text='', selected=false, enabled=true, visible=true, showing=false]
              se.cambiosys.client.framework.menueditor.internal.InitializingMenuItem[name=null, text='Disconnect child-mother', selected=false, enabled=false, visible=true, showing=false]
                se.cambiosys.client.framework.core.internal.CambioShortcutMenuButton[name=null, text='', selected=false, enabled=true, visible=true, showing=false]
              se.cambiosys.client.framework.menueditor.internal.InitializingMenuItem[name=null, text='Reservenumber...', selected=false, enabled=true, visible=true, showing=false]
                se.cambiosys.client.framework.core.internal.CambioShortcutMenuButton[name=null, text='', selected=false, enabled=true, visible=true, showing=false]
          se.cambiosys.client.framework.components.CambioMenu[name=null, text='Link (previous version)', selected=false, enabled=true, visible=true, showing=true]
            javax.swing.JPopupMenu[name=null, label=null, enabled=true, visible=false, showing=false]
              se.cambiosys.client.framework.menueditor.internal.InitializingMenuItem[name=null, text='Loading...', selected=false, enabled=true, visible=true, showing=false]
                se.cambiosys.client.framework.core.internal.CambioShortcutMenuButton[name=null, text='', selected=false, enabled=true, visible=true, showing=false]
              se.cambiosys.client.framework.menueditor.internal.InitializingMenuItem[name=null, text='Loading...', selected=false, enabled=true, visible=true, showing=false]
                se.cambiosys.client.framework.core.internal.CambioShortcutMenuButton[name=null, text='', selected=false, enabled=true, visible=true, showing=false]
          se.cambiosys.client.framework.components.CambioMenu[name=null, text='File', selected=false, enabled=true, visible=true, showing=true]
            javax.swing.JPopupMenu[name=null, label=null, enabled=true, visible=false, showing=false]
              se.cambiosys.client.framework.menueditor.internal.InitializingMenuItem[name=null, text='Change password', selected=false, enabled=true, visible=true, showing=false]
                se.cambiosys.client.framework.core.internal.CambioShortcutMenuButton[name=null, text='', selected=false, enabled=true, visible=true, showing=false]
              se.cambiosys.client.framework.menueditor.internal.InitializingMenuItem[name=null, text='Lock COSMIC', selected=false, enabled=true, visible=true, showing=false]
                se.cambiosys.client.framework.core.internal.CambioShortcutMenuButton[name=null, text='', selected=false, enabled=true, visible=true, showing=false]
              se.cambiosys.client.framework.menueditor.internal.InitializingMenuItem[name=null, text='Change profile', selected=false, enabled=true, visible=true, showing=false]
                se.cambiosys.client.framework.core.internal.CambioShortcutMenuButton[name=null, text='', selected=false, enabled=true, visible=true, showing=false]
              se.cambiosys.client.framework.menueditor.internal.InitializingMenuItem[name=null, text='Log out', selected=false, enabled=true, visible=true, showing=false]
                se.cambiosys.client.framework.core.internal.CambioShortcutMenuButton[name=null, text='', selected=false, enabled=true, visible=true, showing=false]
              se.cambiosys.client.framework.menueditor.internal.InitializingMenuItem[name=null, text='Quit', selected=false, enabled=true, visible=true, showing=false]
                se.cambiosys.client.framework.core.internal.CambioShortcutMenuButton[name=null, text='', selected=false, enabled=true, visible=true, showing=false]
          se.cambiosys.client.framework.components.CambioMenu[name=null, text='External Applications', selected=false, enabled=true, visible=true, showing=true]
            javax.swing.JPopupMenu[name=null, label=null, enabled=true, visible=false, showing=false]
              se.cambiosys.client.framework.menueditor.internal.InitializingMenuItem[name=null, text='DrCompanion', selected=false, enabled=true, visible=true, showing=false]
                se.cambiosys.client.framework.core.internal.CambioShortcutMenuButton[name=null, text='', selected=false, enabled=true, visible=true, showing=false]
              se.cambiosys.client.framework.menueditor.internal.InitializingMenuItem[name=null, text='OBSTETRIX (Ext)', selected=false, enabled=true, visible=true, showing=false]
                se.cambiosys.client.framework.core.internal.CambioShortcutMenuButton[name=null, text='', selected=false, enabled=true, visible=true, showing=false]
          se.cambiosys.client.framework.components.CambioMenu[name=null, text='Analytics', selected=false, enabled=true, visible=true, showing=true]
            javax.swing.JPopupMenu[name=null, label=null, enabled=true, visible=false, showing=false]
              se.cambiosys.client.framework.menueditor.internal.InitializingMenuItem[name=null, text='Insight', selected=false, enabled=true, visible=true, showing=false]
                se.cambiosys.client.framework.core.internal.CambioShortcutMenuButton[name=null, text='', selected=false, enabled=true, visible=true, showing=false]
          se.cambiosys.client.framework.components.CambioMenu[name=null, text='Bed management', selected=false, enabled=true, visible=true, showing=true]
            javax.swing.JPopupMenu[name=null, label=null, enabled=true, visible=false, showing=false]
              se.cambiosys.client.framework.menueditor.internal.InitializingMenuItem[name=null, text='Patient search', selected=false, enabled=true, visible=true, showing=false]
                se.cambiosys.client.framework.core.internal.CambioShortcutMenuButton[name=null, text='', selected=false, enabled=true, visible=true, showing=false]
              se.cambiosys.client.framework.menueditor.internal.InitializingMenuItem[name=null, text='Bed reservation overview', selected=false, enabled=true, visible=true, showing=false]
                se.cambiosys.client.framework.core.internal.CambioShortcutMenuButton[name=null, text='', selected=false, enabled=true, visible=true, showing=false]
              se.cambiosys.client.framework.menueditor.internal.InitializingMenuItem[name=null, text='Bed Administration', selected=false, enabled=true, visible=true, showing=false]
                se.cambiosys.client.framework.core.internal.CambioShortcutMenuButton[name=null, text='', selected=false, enabled=true, visible=true, showing=false]
      javax.swing.JPanel[name='null.contentPane']
        se.cambiosys.client.framework.core.internal.gui.MainWindow$2(javax.swing.JPanel)[name=null]
        se.cambiosys.client.framework.components.CambioDesktopPane[]
          javax.swing.JLabel[name=null, text='', enabled=true, visible=true, showing=false]
        se.cambiosys.client.framework.components.CambioPanel[name=null]
          se.cambiosys.client.framework.core.internal.gui.MainWindow$1(se.cambiosys.client.framework.subjectofcare.internal.gui.PatientBannerTopPanel)[name=null]
            se.cambiosys.client.framework.core.internal.gui.SideBarToggleButton[name=null, text='', enabled=true, visible=true, showing=true]
            se.cambiosys.client.framework.core.internal.gui.CambioVerticalMenu[name=null]
              javax.swing.JMenuBar[]
                javax.swing.JMenu[name=null, text='', selected=true, enabled=true, visible=true, showing=true]
                  javax.swing.JPopupMenu[name=null, label=null, enabled=true, visible=true, showing=true]
                    se.cambiosys.client.framework.core.internal.gui.CambioMenuSearchComponent[name=null]
                      se.cambiosys.client.framework.components.CambioPanel[name=null]
                        javax.swing.JTextField[name=null, text='', enabled=true, visible=true, showing=true]
                        se.cambiosys.client.framework.components.CambioLabel[name='Table.cellRenderer', text='', enabled=true, visible=true, showing=true]
                        se.cambiosys.client.framework.components.CambioButton[name=null, text='', enabled=true, visible=false, showing=false]
                    se.cambiosys.client.framework.components.CambioMenu[name=null, text='Page Object Creator', selected=false, enabled=true, visible=true, showing=true]
                      javax.swing.JPopupMenu[name=null, label=null, enabled=true, visible=false, showing=false]
                        se.cambiosys.client.framework.menueditor.internal.InitializingMenuItem[name=null, text='Loading...', selected=false, enabled=true, visible=true, showing=false]
                          se.cambiosys.client.framework.core.internal.CambioShortcutMenuButton[name=null, text='', selected=false, enabled=true, visible=true, showing=false]
                    se.cambiosys.client.framework.components.CambioMenu[name=null, text='Activity', selected=false, enabled=true, visible=true, showing=true]
                      javax.swing.JPopupMenu[name=null, label=null, enabled=true, visible=false, showing=false]
                        se.cambiosys.client.framework.menueditor.internal.InitializingMenuItem[name=null, text='Order', selected=false, enabled=false, visible=true, showing=false]
                          se.cambiosys.client.framework.core.internal.CambioShortcutMenuButton[name=null, text='', selected=true, enabled=true, visible=true, showing=false]
                        se.cambiosys.client.framework.menueditor.internal.InitializingMenuItem[name=null, text='Order Administration', selected=false, enabled=true, visible=true, showing=false]
                          se.cambiosys.client.framework.core.internal.CambioShortcutMenuButton[name=null, text='', selected=false, enabled=true, visible=true, showing=false]
                    se.cambiosys.client.framework.components.CambioMenu[name=null, text='Patient Generated Care Entries', selected=false, enabled=true, visible=true, showing=true]
                      javax.swing.JPopupMenu[name=null, label=null, enabled=true, visible=false, showing=false]
                        se.cambiosys.client.framework.menueditor.internal.InitializingMenuItem[name=null, text='PG CareEntries Testing Tool', selected=false, enabled=true, visible=true, showing=false]
                          se.cambiosys.client.framework.core.internal.CambioShortcutMenuButton[name=null, text='', selected=false, enabled=true, visible=true, showing=false]
                    se.cambiosys.client.framework.components.CambioMenu[name=null, text='Referral', selected=false, enabled=true, visible=true, showing=true]
                      javax.swing.JPopupMenu[name=null, label=null, enabled=true, visible=false, showing=false]
                        se.cambiosys.client.framework.menueditor.internal.InitializingMenuItem[name=null, text='New referral', selected=false, enabled=true, visible=true, showing=false]
                          se.cambiosys.client.framework.core.internal.CambioShortcutMenuButton[name=null, text='', selected=false, enabled=true, visible=true, showing=false]
                        se.cambiosys.client.framework.menueditor.internal.InitializingMenuItem[name=null, text='Received referrals', selected=false, enabled=true, visible=true, showing=false]
                          se.cambiosys.client.framework.core.internal.CambioShortcutMenuButton[name=null, text='', selected=false, enabled=true, visible=true, showing=false]
                        se.cambiosys.client.framework.menueditor.internal.InitializingMenuItem[name=null, text='Register referral', selected=false, enabled=true, visible=true, showing=false]
                          se.cambiosys.client.framework.core.internal.CambioShortcutMenuButton[name=null, text='', selected=false, enabled=true, visible=true, showing=false]
                        se.cambiosys.client.framework.menueditor.internal.InitializingMenuItem[name=null, text='Saved and sent referrals', selected=false, enabled=true, visible=true, showing=false]
                          se.cambiosys.client.framework.core.internal.CambioShortcutMenuButton[name=null, text='', selected=false, enabled=true, visible=true, showing=false]
                        se.cambiosys.client.framework.menueditor.internal.InitializingMenuItem[name=null, text='Patient's list of answers', selected=false, enabled=true, visible=true, showing=false]
                          se.cambiosys.client.framework.core.internal.CambioShortcutMenuButton[name=null, text='', selected=false, enabled=true, visible=true, showing=false]
                        se.cambiosys.client.framework.components.CambioMenu[name=null, text='Administration', selected=false, enabled=true, visible=true, showing=false]
                          javax.swing.JPopupMenu[name=null, label=null, enabled=true, visible=false, showing=false]
                            se.cambiosys.client.framework.menueditor.internal.InitializingMenuItem[name=null, text='Documentation templates', selected=false, enabled=true, visible=true, showing=false]
                              se.cambiosys.client.framework.core.internal.CambioShortcutMenuButton[name=null, text='', selected=false, enabled=true, visible=true, showing=false]
                    se.cambiosys.client.framework.components.CambioMenu[name=null, text='Link', selected=false, enabled=true, visible=true, showing=true]
                      javax.swing.JPopupMenu[name=null, label=null, enabled=true, visible=false, showing=false]
                        se.cambiosys.client.framework.menueditor.internal.InitializingMenuItem[name=null, text='Case overview', selected=false, enabled=true, visible=true, showing=false]
                          se.cambiosys.client.framework.core.internal.CambioShortcutMenuButton[name=null, text='', selected=false, enabled=true, visible=true, showing=false]
                        se.cambiosys.client.framework.components.CambioMenu[name=null, text='Administration', selected=false, enabled=true, visible=true, showing=false]
                          javax.swing.JPopupMenu[name=null, label=null, enabled=true, visible=false, showing=false]
                            se.cambiosys.client.framework.menueditor.internal.InitializingMenuItem[name=null, text='Suggested Admission message receivers', selected=false, enabled=true, visible=true, showing=false]
                              se.cambiosys.client.framework.core.internal.CambioShortcutMenuButton[name=null, text='', selected=false, enabled=true, visible=true, showing=false]
                    se.cambiosys.client.framework.components.CambioMenu[name=null, text='Fluid balance', selected=false, enabled=true, visible=true, showing=true]
                      javax.swing.JPopupMenu[name=null, label=null, enabled=true, visible=false, showing=false]
                        se.cambiosys.client.framework.menueditor.internal.InitializingMenuItem[name=null, text='Fluid Balance', selected=false, enabled=true, visible=true, showing=false]
                          se.cambiosys.client.framework.core.internal.CambioShortcutMenuButton[name=null, text='', selected=false, enabled=true, visible=true, showing=false]
                    se.cambiosys.client.framework.components.CambioMenu[name=null, text='Help', selected=false, enabled=true, visible=true, showing=true]
                      javax.swing.JPopupMenu[name=null, label=null, enabled=true, visible=false, showing=false]
                        se.cambiosys.client.framework.menueditor.internal.InitializingMenuItem[name=null, text='About Cambio COSMIC...', selected=false, enabled=true, visible=true, showing=false]
                          se.cambiosys.client.framework.core.internal.CambioShortcutMenuButton[name=null, text='', selected=false, enabled=true, visible=true, showing=false]
                        se.cambiosys.client.framework.menueditor.internal.InitializingMenuItem[name=null, text='Help for Cosmic', selected=false, enabled=true, visible=true, showing=false]
                          se.cambiosys.client.framework.core.internal.CambioShortcutMenuButton[name=null, text='', selected=false, enabled=true, visible=true, showing=false]
                    se.cambiosys.client.framework.components.CambioMenu[name=null, text='CDS', selected=false, enabled=true, visible=true, showing=true]
                      javax.swing.JPopupMenu[name=null, label=null, enabled=true, visible=false, showing=false]
                        se.cambiosys.client.framework.menueditor.internal.InitializingMenuItem[name=null, text='CDS App Administration', selected=false, enabled=true, visible=true, showing=false]
                          se.cambiosys.client.framework.core.internal.CambioShortcutMenuButton[name=null, text='', selected=false, enabled=true, visible=true, showing=false]
                        se.cambiosys.client.framework.menueditor.internal.InitializingMenuItem[name=null, text='Stroke Prevention for Atrial Fibrillation', selected=false, enabled=true, visible=true, showing=false]
                          se.cambiosys.client.framework.core.internal.CambioShortcutMenuButton[name=null, text='', selected=false, enabled=true, visible=true, showing=false]
                    se.cambiosys.client.framework.components.CambioMenu[name=null, text='Resource planning', selected=false, enabled=true, visible=true, showing=true]
                      javax.swing.JPopupMenu[name=null, label=null, enabled=true, visible=false, showing=false]
                        se.cambiosys.client.framework.menueditor.internal.InitializingMenuItem[name=null, text='Schedule', selected=false, enabled=true, visible=true, showing=false]
                          se.cambiosys.client.framework.core.internal.CambioShortcutMenuButton[name=null, text='', selected=false, enabled=true, visible=true, showing=false]
                        se.cambiosys.client.framework.menueditor.internal.InitializingMenuItem[name=null, text='Schedule groups', selected=false, enabled=true, visible=true, showing=false]
                          se.cambiosys.client.framework.core.internal.CambioShortcutMenuButton[name=null, text='', selected=false, enabled=true, visible=true, showing=false]
                        se.cambiosys.client.framework.menueditor.internal.InitializingMenuItem[name=null, text='Schedule overview', selected=false, enabled=true, visible=true, showing=false]
                          se.cambiosys.client.framework.core.internal.CambioShortcutMenuButton[name=null, text='', selected=false, enabled=true, visible=true, showing=false]
                        se.cambiosys.client.framework.components.CambioMenu[name=null, text='Administration', selected=false, enabled=true, visible=true, showing=false]
                          javax.swing.JPopupMenu[name=null, label=null, enabled=true, visible=false, showing=false]
                            se.cambiosys.client.framework.menueditor.internal.InitializingMenuItem[name=null, text='Connect time slot services', selected=false, enabled=true, visible=true, showing=false]
                              se.cambiosys.client.framework.core.internal.CambioShortcutMenuButton[name=null, text='', selected=false, enabled=true, visible=true, showing=false]
                            se.cambiosys.client.framework.components.CambioMenu[name=null, text='Scheme', selected=false, enabled=true, visible=true, showing=false]
                              javax.swing.JPopupMenu[name=null, label=null, enabled=true, visible=false, showing=false]
                                se.cambiosys.client.framework.menueditor.internal.InitializingMenuItem[name=null, text='Services scheme', selected=false, enabled=true, visible=true, showing=false]
                                  se.cambiosys.client.framework.core.internal.CambioShortcutMenuButton[name=null, text='', selected=false, enabled=true, visible=true, showing=false]
                                se.cambiosys.client.framework.menueditor.internal.InitializingMenuItem[name=null, text='Scheme templates', selected=false, enabled=true, visible=true, showing=false]
                                  se.cambiosys.client.framework.core.internal.CambioShortcutMenuButton[name=null, text='', selected=false, enabled=true, visible=true, showing=false]
                                se.cambiosys.client.framework.menueditor.internal.InitializingMenuItem[name=null, text='Resource's scheme', selected=false, enabled=true, visible=true, showing=false]
                                  se.cambiosys.client.framework.core.internal.CambioShortcutMenuButton[name=null, text='', selected=false, enabled=true, visible=true, showing=false]
                            se.cambiosys.client.framework.components.CambioMenu[name=null, text='Staffing', selected=false, enabled=true, visible=true, showing=false]
                              javax.swing.JPopupMenu[name=null, label=null, enabled=true, visible=false, showing=false]
                                se.cambiosys.client.framework.menueditor.internal.InitializingMenuItem[name=null, text='Allocate resources - Services scheme', selected=false, enabled=true, visible=true, showing=false]
                                  se.cambiosys.client.framework.core.internal.CambioShortcutMenuButton[name=null, text='', selected=false, enabled=true, visible=true, showing=false]
                                se.cambiosys.client.framework.menueditor.internal.InitializingMenuItem[name=null, text='Allocate resources - Scheme templates', selected=false, enabled=true, visible=true, showing=false]
                                  se.cambiosys.client.framework.core.internal.CambioShortcutMenuButton[name=null, text='', selected=false, enabled=true, visible=true, showing=false]
                                se.cambiosys.client.framework.menueditor.internal.InitializingMenuItem[name=null, text='Services missing resources', selected=false, enabled=true, visible=true, showing=false]
                                  se.cambiosys.client.framework.core.internal.CambioShortcutMenuButton[name=null, text='', selected=false, enabled=true, visible=true, showing=false]
                        se.cambiosys.client.framework.menueditor.internal.InitializingMenuItem[name=null, text='Planned activities', selected=false, enabled=true, visible=true, showing=false]
                          se.cambiosys.client.framework.core.internal.CambioShortcutMenuButton[name=null, text='', selected=false, enabled=true, visible=true, showing=false]
                        se.cambiosys.client.framework.menueditor.internal.InitializingMenuItem[name=null, text='Planning form', selected=false, enabled=true, visible=true, showing=false]
                          se.cambiosys.client.framework.core.internal.CambioShortcutMenuButton[name=null, text='', selected=false, enabled=true, visible=true, showing=false]
                        se.cambiosys.client.framework.menueditor.internal.InitializingMenuItem[name=null, text='Light planning form', selected=false, enabled=true, visible=true, showing=false]
                          se.cambiosys.client.framework.core.internal.CambioShortcutMenuButton[name=null, text='', selected=false, enabled=true, visible=true, showing=false]
                    se.cambiosys.client.framework.components.CambioMenu[name=null, text='Activity handling', selected=false, enabled=true, visible=true, showing=true]
                      javax.swing.JPopupMenu[name=null, label=null, enabled=true, visible=false, showing=false]
                        se.cambiosys.client.framework.menueditor.internal.InitializingMenuItem[name=null, text='Activity handler', selected=false, enabled=true, visible=true, showing=false]
                          se.cambiosys.client.framework.core.internal.CambioShortcutMenuButton[name=null, text='', selected=false, enabled=true, visible=true, showing=false]
                        se.cambiosys.client.framework.components.CambioMenu[name=null, text='Administration', selected=false, enabled=true, visible=true, showing=false]
                          javax.swing.JPopupMenu[name=null, label=null, enabled=true, visible=false, showing=false]
                            se.cambiosys.client.framework.menueditor.internal.InitializingMenuItem[name=null, text='Configuration of Activity plans', selected=false, enabled=true, visible=true, showing=false]
                              se.cambiosys.client.framework.core.internal.CambioShortcutMenuButton[name=null, text='', selected=false, enabled=true, visible=true, showing=false]
                            se.cambiosys.client.framework.menueditor.internal.InitializingMenuItem[name=null, text='Configuration of activity plan activation', selected=false, enabled=true, visible=true, showing=false]
                              se.cambiosys.client.framework.core.internal.CambioShortcutMenuButton[name=null, text='', selected=false, enabled=true, visible=true, showing=false]
                    se.cambiosys.client.framework.components.CambioMenu[name=null, text='Drugs', selected=false, enabled=true, visible=true, showing=true]
                      javax.swing.JPopupMenu[name=null, label=null, enabled=true, visible=false, showing=false]
                        se.cambiosys.client.framework.menueditor.internal.InitializingMenuItem[name=null, text='Appliance', selected=false, enabled=true, visible=true, showing=false]
                          se.cambiosys.client.framework.core.internal.CambioShortcutMenuButton[name=null, text='', selected=false, enabled=true, visible=true, showing=false]
                        se.cambiosys.client.framework.menueditor.internal.InitializingMenuItem[name=null, text='Prescription', selected=false, enabled=true, visible=true, showing=false]
                          se.cambiosys.client.framework.core.internal.CambioShortcutMenuButton[name=null, text='', selected=false, enabled=true, visible=true, showing=false]
                        se.cambiosys.client.framework.menueditor.internal.InitializingMenuItem[name=null, text='R8.0 List of medications', selected=false, enabled=true, visible=true, showing=false]
                          se.cambiosys.client.framework.core.internal.CambioShortcutMenuButton[name=null, text='', selected=false, enabled=true, visible=true, showing=false]
                        se.cambiosys.client.framework.components.CambioMenu[name=null, text='Administration', selected=false, enabled=true, visible=true, showing=false]
                          javax.swing.JPopupMenu[name=null, label=null, enabled=true, visible=false, showing=false]
                            se.cambiosys.client.framework.menueditor.internal.InitializingMenuItem[name=null, text='Sent E-prescriptions', selected=false, enabled=true, visible=true, showing=false]
                              se.cambiosys.client.framework.core.internal.CambioShortcutMenuButton[name=null, text='', selected=false, enabled=true, visible=true, showing=false]
                        se.cambiosys.client.framework.menueditor.internal.InitializingMenuItem[name=null, text='Warnings, cautions and infected blood', selected=false, enabled=false, visible=true, showing=false]
                          se.cambiosys.client.framework.core.internal.CambioShortcutMenuButton[name=null, text='', selected=false, enabled=true, visible=true, showing=false]
                        se.cambiosys.client.framework.menueditor.internal.InitializingMenuItem[name=null, text='Medical administration record', selected=false, enabled=true, visible=true, showing=false]
                          se.cambiosys.client.framework.core.internal.CambioShortcutMenuButton[name=null, text='', selected=false, enabled=true, visible=true, showing=false]
                        se.cambiosys.client.framework.menueditor.internal.InitializingMenuItem[name=null, text='Decision about medication at admission', selected=false, enabled=true, visible=true, showing=false]
                          se.cambiosys.client.framework.core.internal.CambioShortcutMenuButton[name=null, text='', selected=false, enabled=true, visible=true, showing=false]
                    se.cambiosys.client.framework.components.CambioMenu[name=null, text='Concept', selected=false, enabled=true, visible=true, showing=true]
                      javax.swing.JPopupMenu[name=null, label=null, enabled=true, visible=false, showing=false]
                        se.cambiosys.client.framework.menueditor.internal.InitializingMenuItem[name=null, text='Terminology binding configuration', selected=false, enabled=true, visible=true, showing=false]
                          se.cambiosys.client.framework.core.internal.CambioShortcutMenuButton[name=null, text='', selected=false, enabled=true, visible=true, showing=false]
                    se.cambiosys.client.framework.components.CambioMenu[name=null, text='Block Administration', selected=false, enabled=true, visible=true, showing=true]
                      javax.swing.JPopupMenu[name=null, label=null, enabled=true, visible=false, showing=false]
                        se.cambiosys.client.framework.menueditor.internal.InitializingMenuItem[name=null, text='Block Administration', selected=false, enabled=true, visible=true, showing=false]
                          se.cambiosys.client.framework.core.internal.CambioShortcutMenuButton[name=null, text='', selected=false, enabled=true, visible=true, showing=false]
                    se.cambiosys.client.framework.components.CambioMenu[name=null, text='Overviews', selected=false, enabled=true, visible=true, showing=true]
                      javax.swing.JPopupMenu[name=null, label=null, enabled=true, visible=false, showing=false]
                        se.cambiosys.client.framework.menueditor.internal.InitializingMenuItem[name=null, text='Unsigned and Unacknowledged', selected=false, enabled=true, visible=true, showing=false]
                          se.cambiosys.client.framework.core.internal.CambioShortcutMenuButton[name=null, text='', selected=false, enabled=true, visible=true, showing=false]
                        se.cambiosys.client.framework.components.CambioMenu[name=null, text='Unit overviews', selected=false, enabled=true, visible=true, showing=false]
                          javax.swing.JPopupMenu[name=null, label=null, enabled=true, visible=false, showing=false]
                            se.cambiosys.client.framework.menueditor.internal.InitializingMenuItem[name=null, text='Services', selected=false, enabled=true, visible=true, showing=false]
                              se.cambiosys.client.framework.core.internal.CambioShortcutMenuButton[name=null, text='', selected=false, enabled=true, visible=true, showing=false]
                            se.cambiosys.client.framework.menueditor.internal.InitializingMenuItem[name=null, text='Commitment', selected=false, enabled=true, visible=true, showing=false]
                              se.cambiosys.client.framework.core.internal.CambioShortcutMenuButton[name=null, text='', selected=false, enabled=true, visible=true, showing=false]
                            se.cambiosys.client.framework.menueditor.internal.InitializingMenuItem[name=null, text='Admission overview', selected=false, enabled=true, visible=true, showing=false]
                              se.cambiosys.client.framework.core.internal.CambioShortcutMenuButton[name=null, text='', selected=false, enabled=true, visible=true, showing=false]
                            se.cambiosys.client.framework.menueditor.internal.InitializingMenuItem[name=null, text='Loading...', selected=false, enabled=true, visible=true, showing=false]
                              se.cambiosys.client.framework.core.internal.CambioShortcutMenuButton[name=null, text='', selected=false, enabled=true, visible=true, showing=false]
                            se.cambiosys.client.framework.menueditor.internal.InitializingMenuItem[name=null, text='Loading...', selected=false, enabled=true, visible=true, showing=false]
                              se.cambiosys.client.framework.core.internal.CambioShortcutMenuButton[name=null, text='', selected=false, enabled=true, visible=true, showing=false]
                        se.cambiosys.client.framework.menueditor.internal.InitializingMenuItem[name=null, text='Visit Overview', selected=false, enabled=true, visible=true, showing=false]
                          se.cambiosys.client.framework.core.internal.CambioShortcutMenuButton[name=null, text='', selected=false, enabled=true, visible=true, showing=false]
                        se.cambiosys.client.framework.menueditor.internal.InitializingMenuItem[name=null, text='Clinical overview - OP', selected=false, enabled=true, visible=true, showing=false]
                          se.cambiosys.client.framework.core.internal.CambioShortcutMenuButton[name=null, text='', selected=false, enabled=true, visible=true, showing=false]
                        se.cambiosys.client.framework.menueditor.internal.InitializingMenuItem[name=null, text='Clinical overview - IP', selected=false, enabled=true, visible=true, showing=false]
                          se.cambiosys.client.framework.core.internal.CambioShortcutMenuButton[name=null, text='', selected=false, enabled=true, visible=true, showing=false]
                        se.cambiosys.client.framework.menueditor.internal.InitializingMenuItem[name=null, text='Process view', selected=false, enabled=true, visible=true, showing=false]
                          se.cambiosys.client.framework.core.internal.CambioShortcutMenuButton[name=null, text='', selected=false, enabled=true, visible=true, showing=false]
                        se.cambiosys.client.framework.menueditor.internal.InitializingMenuItem[name=null, text='Dynamic overviews - Administration', selected=false, enabled=true, visible=true, showing=false]
                          se.cambiosys.client.framework.core.internal.CambioShortcutMenuButton[name=null, text='', selected=false, enabled=true, visible=true, showing=false]
                        se.cambiosys.client.framework.components.CambioMenu[name=null, text='Dynamic overviews', selected=false, enabled=true, visible=true, showing=false]
                          javax.swing.JPopupMenu[name=null, label=null, enabled=true, visible=false, showing=false]
                            se.cambiosys.client.overviewmodule.Module$8(se.cambiosys.client.framework.components.CambioMenuItem)[name=null, text='All views*', selected=false, enabled=true, visible=true, showing=false]
                              se.cambiosys.client.framework.core.internal.CambioShortcutMenuButton[name=null, text='', selected=false, enabled=true, visible=true, showing=false]
                            se.cambiosys.client.overviewmodule.Module$8(se.cambiosys.client.framework.components.CambioMenuItem)[name=null, text='Doctor*', selected=false, enabled=true, visible=true, showing=false]
                              se.cambiosys.client.framework.core.internal.CambioShortcutMenuButton[name=null, text='', selected=false, enabled=true, visible=true, showing=false]
                            se.cambiosys.client.overviewmodule.Module$8(se.cambiosys.client.framework.components.CambioMenuItem)[name=null, text='Inpatient*', selected=false, enabled=true, visible=true, showing=false]
                              se.cambiosys.client.framework.core.internal.CambioShortcutMenuButton[name=null, text='', selected=false, enabled=true, visible=true, showing=false]
                            se.cambiosys.client.overviewmodule.Module$8(se.cambiosys.client.framework.components.CambioMenuItem)[name=null, text='Patient*', selected=false, enabled=true, visible=true, showing=false]
                              se.cambiosys.client.framework.core.internal.CambioShortcutMenuButton[name=null, text='', selected=false, enabled=true, visible=true, showing=false]
                        se.cambiosys.client.framework.menueditor.internal.InitializingMenuItem[name=null, text='Patient Overview', selected=false, enabled=true, visible=true, showing=false]
                          se.cambiosys.client.framework.core.internal.CambioShortcutMenuButton[name=null, text='', selected=false, enabled=true, visible=true, showing=false]
                        se.cambiosys.client.framework.menueditor.internal.InitializingMenuItem[name=null, text='Analyse Area', selected=false, enabled=true, visible=true, showing=false]
                          se.cambiosys.client.framework.core.internal.CambioShortcutMenuButton[name=null, text='', selected=false, enabled=true, visible=true, showing=false]
                        se.cambiosys.client.framework.menueditor.internal.InitializingMenuItem[name=null, text='My Overview', selected=false, enabled=true, visible=true, showing=false]
                          se.cambiosys.client.framework.core.internal.CambioShortcutMenuButton[name=null, text='', selected=false, enabled=true, visible=true, showing=false]
                        se.cambiosys.client.framework.menueditor.internal.InitializingMenuItem[name=null, text='Management Overview', selected=false, enabled=true, visible=true, showing=false]
                          se.cambiosys.client.framework.core.internal.CambioShortcutMenuButton[name=null, text='', selected=false, enabled=true, visible=true, showing=false]
                        se.cambiosys.client.framework.menueditor.internal.InitializingMenuItem[name=null, text='List of visits', selected=false, enabled=true, visible=true, showing=false]
                          se.cambiosys.client.framework.core.internal.CambioShortcutMenuButton[name=null, text='', selected=false, enabled=true, visible=true, showing=false]
                        se.cambiosys.client.framework.menueditor.internal.InitializingMenuItem[name=null, text='Connection Overview', selected=false, enabled=true, visible=true, showing=false]
                          se.cambiosys.client.framework.core.internal.CambioShortcutMenuButton[name=null, text='', selected=false, enabled=true, visible=true, showing=false]
                        se.cambiosys.client.framework.components.CambioMenu[name=null, text='Unit overview-Administration', selected=false, enabled=true, visible=true, showing=false]
                          javax.swing.JPopupMenu[name=null, label=null, enabled=true, visible=false, showing=false]
                            se.cambiosys.client.framework.components.CambioMenu[name=null, text='Priority configuration', selected=false, enabled=true, visible=true, showing=false]
                              javax.swing.JPopupMenu[name=null, label=null, enabled=true, visible=false, showing=false]
                                se.cambiosys.client.framework.menueditor.internal.InitializingMenuItem[name=null, text='Loading...', selected=false, enabled=true, visible=true, showing=false]
                                  se.cambiosys.client.framework.core.internal.CambioShortcutMenuButton[name=null, text='', selected=false, enabled=true, visible=true, showing=false]
                                se.cambiosys.client.framework.menueditor.internal.InitializingMenuItem[name=null, text='Loading...', selected=false, enabled=true, visible=true, showing=false]
                                  se.cambiosys.client.framework.core.internal.CambioShortcutMenuButton[name=null, text='', selected=false, enabled=true, visible=true, showing=false]
                            se.cambiosys.client.framework.components.CambioMenu[name=null, text='OW Configuration', selected=false, enabled=true, visible=true, showing=false]
                              javax.swing.JPopupMenu[name=null, label=null, enabled=true, visible=false, showing=false]
                                se.cambiosys.client.framework.menueditor.internal.InitializingMenuItem[name=null, text='Loading...', selected=false, enabled=true, visible=true, showing=false]
                                  se.cambiosys.client.framework.core.internal.CambioShortcutMenuButton[name=null, text='', selected=false, enabled=true, visible=true, showing=false]
                                se.cambiosys.client.framework.menueditor.internal.InitializingMenuItem[name=null, text='Loading...', selected=false, enabled=true, visible=true, showing=false]
                                  se.cambiosys.client.framework.core.internal.CambioShortcutMenuButton[name=null, text='', selected=false, enabled=true, visible=true, showing=false]
                                se.cambiosys.client.framework.menueditor.internal.InitializingMenuItem[name=null, text='Loading...', selected=false, enabled=true, visible=true, showing=false]
                                  se.cambiosys.client.framework.core.internal.CambioShortcutMenuButton[name=null, text='', selected=false, enabled=true, visible=true, showing=false]
                            se.cambiosys.client.framework.menueditor.internal.InitializingMenuItem[name=null, text='Loading...', selected=false, enabled=true, visible=true, showing=false]
                              se.cambiosys.client.framework.core.internal.CambioShortcutMenuButton[name=null, text='', selected=false, enabled=true, visible=true, showing=false]
                    se.cambiosys.client.framework.components.CambioMenu[name=null, text='Messenger', selected=false, enabled=true, visible=true, showing=true]
                      javax.swing.JPopupMenu[name=null, label=null, enabled=true, visible=false, showing=false]
                        se.cambiosys.client.framework.menueditor.internal.InitializingMenuItem[name=null, text='Inbox', selected=false, enabled=true, visible=true, showing=false]
                          se.cambiosys.client.framework.core.internal.CambioShortcutMenuButton[name=null, text='', selected=false, enabled=true, visible=true, showing=false]
                        se.cambiosys.client.framework.menueditor.internal.InitializingMenuItem[name=null, text='New message', selected=false, enabled=true, visible=true, showing=false]
                          se.cambiosys.client.framework.core.internal.CambioShortcutMenuButton[name=null, text='', selected=false, enabled=true, visible=true, showing=false]
                        se.cambiosys.client.framework.menueditor.internal.InitializingMenuItem[name=null, text='New broadcast message', selected=false, enabled=true, visible=true, showing=false]
                          se.cambiosys.client.framework.core.internal.CambioShortcutMenuButton[name=null, text='', selected=false, enabled=true, visible=true, showing=false]
                        se.cambiosys.client.framework.components.CambioMenu[name=null, text='Administration', selected=false, enabled=true, visible=true, showing=false]
                          javax.swing.JPopupMenu[name=null, label=null, enabled=true, visible=false, showing=false]
                            se.cambiosys.client.framework.menueditor.internal.InitializingMenuItem[name=null, text='Recipient group', selected=false, enabled=true, visible=true, showing=false]
                              se.cambiosys.client.framework.core.internal.CambioShortcutMenuButton[name=null, text='', selected=false, enabled=true, visible=true, showing=false]
                            se.cambiosys.client.framework.menueditor.internal.InitializingMenuItem[name=null, text='Messenger accounts', selected=false, enabled=true, visible=true, showing=false]
                              se.cambiosys.client.framework.core.internal.CambioShortcutMenuButton[name=null, text='', selected=false, enabled=true, visible=true, showing=false]
                            se.cambiosys.client.framework.menueditor.internal.InitializingMenuItem[name=null, text='Access to other users' Messenger accounts', selected=false, enabled=true, visible=true, showing=false]
                              se.cambiosys.client.framework.core.internal.CambioShortcutMenuButton[name=null, text='', selected=false, enabled=true, visible=true, showing=false]
                            se.cambiosys.client.framework.menueditor.internal.InitializingMenuItem[name=null, text='Out of office administration', selected=false, enabled=true, visible=true, showing=false]
                              se.cambiosys.client.framework.core.internal.CambioShortcutMenuButton[name=null, text='', selected=false, enabled=true, visible=true, showing=false]
                    se.cambiosys.client.framework.components.CambioMenu[name=null, text='Administration', selected=false, enabled=true, visible=true, showing=true]
                      javax.swing.JPopupMenu[name=null, label=null, enabled=true, visible=false, showing=false]
                        se.cambiosys.client.framework.menueditor.internal.InitializingMenuItem[name=null, text='Unit register', selected=false, enabled=true, visible=true, showing=false]
                          se.cambiosys.client.framework.core.internal.CambioShortcutMenuButton[name=null, text='', selected=false, enabled=true, visible=true, showing=false]
                        se.cambiosys.client.framework.menueditor.internal.InitializingMenuItem[name=null, text='Resources', selected=false, enabled=true, visible=true, showing=false]
                          se.cambiosys.client.framework.core.internal.CambioShortcutMenuButton[name=null, text='', selected=false, enabled=true, visible=true, showing=false]
                        se.cambiosys.client.framework.components.CambioMenu[name=null, text='Permission', selected=false, enabled=true, visible=true, showing=false]
                          javax.swing.JPopupMenu[name=null, label=null, enabled=true, visible=false, showing=false]
                            se.cambiosys.client.framework.menueditor.internal.InitializingMenuItem[name=null, text='Define access', selected=false, enabled=true, visible=true, showing=false]
                              se.cambiosys.client.framework.core.internal.CambioShortcutMenuButton[name=null, text='', selected=false, enabled=true, visible=true, showing=false]
                            se.cambiosys.client.framework.menueditor.internal.InitializingMenuItem[name=null, text='Access overview', selected=false, enabled=true, visible=true, showing=false]
                              se.cambiosys.client.framework.core.internal.CambioShortcutMenuButton[name=null, text='', selected=false, enabled=true, visible=true, showing=false]
                            se.cambiosys.client.framework.menueditor.internal.InitializingMenuItem[name=null, text='Profile manager', selected=false, enabled=true, visible=true, showing=false]
                              se.cambiosys.client.framework.core.internal.CambioShortcutMenuButton[name=null, text='', selected=false, enabled=true, visible=true, showing=false]
                        se.cambiosys.client.framework.components.CambioMenu[name=null, text='Settings', selected=false, enabled=true, visible=true, showing=false]
                          javax.swing.JPopupMenu[name=null, label=null, enabled=true, visible=false, showing=false]
                            se.cambiosys.client.framework.menueditor.internal.InitializingMenuItem[name=null, text='Log settings', selected=false, enabled=true, visible=true, showing=false]
                              se.cambiosys.client.framework.core.internal.CambioShortcutMenuButton[name=null, text='', selected=false, enabled=true, visible=true, showing=false]
                            se.cambiosys.client.framework.menueditor.internal.InitializingMenuItem[name=null, text='Server settings', selected=false, enabled=true, visible=true, showing=false]
                              se.cambiosys.client.framework.core.internal.CambioShortcutMenuButton[name=null, text='', selected=false, enabled=true, visible=true, showing=false]
                            se.cambiosys.client.framework.menueditor.internal.InitializingMenuItem[name=null, text='Personal settings and selections', selected=false, enabled=true, visible=true, showing=false]
                              se.cambiosys.client.framework.core.internal.CambioShortcutMenuButton[name=null, text='', selected=false, enabled=true, visible=true, showing=false]
                            se.cambiosys.client.framework.menueditor.internal.InitializingMenuItem[name=null, text='Global settings and selections', selected=false, enabled=true, visible=true, showing=false]
                              se.cambiosys.client.framework.core.internal.CambioShortcutMenuButton[name=null, text='', selected=false, enabled=true, visible=true, showing=false]
                            se.cambiosys.client.framework.menueditor.internal.InitializingMenuItem[name=null, text='Settings and selections', selected=false, enabled=true, visible=true, showing=false]
                              se.cambiosys.client.framework.core.internal.CambioShortcutMenuButton[name=null, text='', selected=false, enabled=true, visible=true, showing=false]
                            se.cambiosys.client.framework.menueditor.internal.InitializingMenuItem[name=null, text='Administration nodes', selected=false, enabled=true, visible=true, showing=false]
                              se.cambiosys.client.framework.core.internal.CambioShortcutMenuButton[name=null, text='', selected=false, enabled=true, visible=true, showing=false]
                            se.cambiosys.client.framework.menueditor.internal.InitializingMenuItem[name=null, text='Places', selected=false, enabled=true, visible=true, showing=false]
                              se.cambiosys.client.framework.core.internal.CambioShortcutMenuButton[name=null, text='', selected=false, enabled=true, visible=true, showing=false]
                        se.cambiosys.client.framework.menueditor.internal.InitializingMenuItem[name=null, text='User', selected=false, enabled=true, visible=true, showing=false]
                          se.cambiosys.client.framework.core.internal.CambioShortcutMenuButton[name=null, text='', selected=false, enabled=true, visible=true, showing=false]
                        se.cambiosys.client.framework.menueditor.internal.InitializingMenuItem[name=null, text='Roles', selected=false, enabled=true, visible=true, showing=false]
                          se.cambiosys.client.framework.core.internal.CambioShortcutMenuButton[name=null, text='', selected=false, enabled=true, visible=true, showing=false]
                        se.cambiosys.client.framework.menueditor.internal.InitializingMenuItem[name=null, text='Type definitions', selected=false, enabled=true, visible=true, showing=false]
                          se.cambiosys.client.framework.core.internal.CambioShortcutMenuButton[name=null, text='', selected=false, enabled=true, visible=true, showing=false]
                        se.cambiosys.client.framework.components.CambioMenu[name=null, text='Terms & Concept', selected=false, enabled=true, visible=true, showing=false]
                          javax.swing.JPopupMenu[name=null, label=null, enabled=true, visible=false, showing=false]
                            se.cambiosys.client.framework.menueditor.internal.InitializingMenuItem[name=null, text='Terms', selected=false, enabled=true, visible=true, showing=false]
                              se.cambiosys.client.framework.core.internal.CambioShortcutMenuButton[name=null, text='', selected=false, enabled=true, visible=true, showing=false]
                            se.cambiosys.client.framework.menueditor.internal.InitializingMenuItem[name=null, text='Concept', selected=false, enabled=true, visible=true, showing=false]
                              se.cambiosys.client.framework.core.internal.CambioShortcutMenuButton[name=null, text='', selected=false, enabled=true, visible=true, showing=false]
                        se.cambiosys.client.framework.menueditor.internal.InitializingMenuItem[name=null, text='Ranges', selected=false, enabled=true, visible=true, showing=false]
                          se.cambiosys.client.framework.core.internal.CambioShortcutMenuButton[name=null, text='', selected=false, enabled=true, visible=true, showing=false]
                        se.cambiosys.client.framework.menueditor.internal.InitializingMenuItem[name=null, text='Reports', selected=false, enabled=true, visible=true, showing=false]
                          se.cambiosys.client.framework.core.internal.CambioShortcutMenuButton[name=null, text='', selected=false, enabled=true, visible=true, showing=false]
                        se.cambiosys.client.framework.menueditor.internal.InitializingMenuItem[name=null, text='Import reports', selected=false, enabled=true, visible=true, showing=false]
                          se.cambiosys.client.framework.core.internal.CambioShortcutMenuButton[name=null, text='', selected=false, enabled=true, visible=true, showing=false]
                        se.cambiosys.client.framework.menueditor.internal.InitializingMenuItem[name=null, text='Phrase editor', selected=false, enabled=true, visible=true, showing=false]
                          se.cambiosys.client.framework.core.internal.CambioShortcutMenuButton[name=null, text='', selected=false, enabled=true, visible=true, showing=false]
                        se.cambiosys.client.framework.components.CambioMenu[name=null, text='Services', selected=false, enabled=true, visible=true, showing=false]
                          javax.swing.JPopupMenu[name=null, label=null, enabled=true, visible=false, showing=false]
                            se.cambiosys.client.framework.menueditor.internal.InitializingMenuItem[name=null, text='Services', selected=false, enabled=true, visible=true, showing=false]
                              se.cambiosys.client.framework.core.internal.CambioShortcutMenuButton[name=null, text='', selected=false, enabled=true, visible=true, showing=false]
                            se.cambiosys.client.framework.menueditor.internal.InitializingMenuItem[name=null, text='Offers of the unit', selected=false, enabled=true, visible=true, showing=false]
                              se.cambiosys.client.framework.core.internal.CambioShortcutMenuButton[name=null, text='', selected=false, enabled=true, visible=true, showing=false]
                        se.cambiosys.client.framework.menueditor.internal.InitializingMenuItem[name=null, text='Selection', selected=false, enabled=true, visible=true, showing=false]
                          se.cambiosys.client.framework.core.internal.CambioShortcutMenuButton[name=null, text='', selected=false, enabled=true, visible=true, showing=false]
                        se.cambiosys.client.framework.menueditor.internal.InitializingMenuItem[name=null, text='Printers', selected=false, enabled=true, visible=true, showing=false]
                          se.cambiosys.client.framework.core.internal.CambioShortcutMenuButton[name=null, text='', selected=false, enabled=true, visible=true, showing=false]
                        se.cambiosys.client.framework.components.CambioMenu[name=null, text='Secrecy administration', selected=false, enabled=true, visible=true, showing=false]
                          javax.swing.JPopupMenu[name=null, label=null, enabled=true, visible=false, showing=false]
                            se.cambiosys.client.framework.menueditor.internal.InitializingMenuItem[name=null, text='Secrecy groups', selected=false, enabled=true, visible=true, showing=false]
                              se.cambiosys.client.framework.core.internal.CambioShortcutMenuButton[name=null, text='', selected=false, enabled=true, visible=true, showing=false]
                            se.cambiosys.client.framework.menueditor.internal.InitializingMenuItem[name=null, text='Secrecy level', selected=false, enabled=true, visible=true, showing=false]
                              se.cambiosys.client.framework.core.internal.CambioShortcutMenuButton[name=null, text='', selected=false, enabled=true, visible=true, showing=false]
                            se.cambiosys.client.framework.menueditor.internal.InitializingMenuItem[name=null, text='Secrecy rules', selected=false, enabled=true, visible=true, showing=false]
                              se.cambiosys.client.framework.core.internal.CambioShortcutMenuButton[name=null, text='', selected=false, enabled=true, visible=true, showing=false]
                        se.cambiosys.client.framework.menueditor.internal.InitializingMenuItem[name=null, text='Schedule backup', selected=false, enabled=true, visible=true, showing=false]
                          se.cambiosys.client.framework.core.internal.CambioShortcutMenuButton[name=null, text='', selected=false, enabled=true, visible=true, showing=false]
                        se.cambiosys.client.framework.menueditor.internal.InitializingMenuItem[name=null, text='Template administration', selected=false, enabled=true, visible=true, showing=false]
                          se.cambiosys.client.framework.core.internal.CambioShortcutMenuButton[name=null, text='', selected=false, enabled=true, visible=true, showing=false]
                        se.cambiosys.client.framework.menueditor.internal.InitializingMenuItem[name=null, text='Printout Handler', selected=false, enabled=true, visible=true, showing=false]
                          se.cambiosys.client.framework.core.internal.CambioShortcutMenuButton[name=null, text='', selected=false, enabled=true, visible=true, showing=false]
                        se.cambiosys.client.framework.menueditor.internal.InitializingMenuItem[name=null, text='Unit handler', selected=false, enabled=true, visible=true, showing=false]
                          se.cambiosys.client.framework.core.internal.CambioShortcutMenuButton[name=null, text='', selected=false, enabled=true, visible=true, showing=false]
                        se.cambiosys.client.framework.menueditor.internal.InitializingMenuItem[name=null, text='Access Log', selected=false, enabled=true, visible=true, showing=false]
                          se.cambiosys.client.framework.core.internal.CambioShortcutMenuButton[name=null, text='', selected=false, enabled=true, visible=true, showing=false]
                        se.cambiosys.client.framework.menueditor.internal.InitializingMenuItem[name=null, text='Configuration of Access Log', selected=false, enabled=true, visible=true, showing=false]
                          se.cambiosys.client.framework.core.internal.CambioShortcutMenuButton[name=null, text='', selected=false, enabled=true, visible=true, showing=false]
                        se.cambiosys.client.framework.menueditor.internal.InitializingMenuItem[name=null, text='Application logger', selected=false, enabled=true, visible=true, showing=false]
                          se.cambiosys.client.framework.core.internal.CambioShortcutMenuButton[name=null, text='', selected=false, enabled=true, visible=true, showing=false]
                        se.cambiosys.client.framework.menueditor.internal.InitializingMenuItem[name=null, text='eVisit Configuration', selected=false, enabled=true, visible=true, showing=false]
                          se.cambiosys.client.framework.core.internal.CambioShortcutMenuButton[name=null, text='', selected=false, enabled=true, visible=true, showing=false]
                        se.cambiosys.client.framework.components.CambioMenu[name=null, text='Order management', selected=false, enabled=true, visible=true, showing=false]
                          javax.swing.JPopupMenu[name=null, label=null, enabled=true, visible=false, showing=false]
                            se.cambiosys.client.framework.menueditor.internal.InitializingMenuItem[name=null, text='Catalog administration', selected=false, enabled=true, visible=true, showing=false]
                              se.cambiosys.client.framework.core.internal.CambioShortcutMenuButton[name=null, text='', selected=false, enabled=true, visible=true, showing=false]
                            se.cambiosys.client.framework.menueditor.internal.InitializingMenuItem[name=null, text='File administration', selected=false, enabled=true, visible=true, showing=false]
                              se.cambiosys.client.framework.core.internal.CambioShortcutMenuButton[name=null, text='', selected=false, enabled=true, visible=true, showing=false]
                            se.cambiosys.client.framework.menueditor.internal.InitializingMenuItem[name=null, text='Secrecy administration', selected=false, enabled=true, visible=true, showing=false]
                              se.cambiosys.client.framework.core.internal.CambioShortcutMenuButton[name=null, text='', selected=false, enabled=true, visible=true, showing=false]
                            se.cambiosys.client.framework.menueditor.internal.InitializingMenuItem[name=null, text='Groups/packages/profiles', selected=false, enabled=true, visible=true, showing=false]
                              se.cambiosys.client.framework.core.internal.CambioShortcutMenuButton[name=null, text='', selected=false, enabled=true, visible=true, showing=false]
                            se.cambiosys.client.framework.menueditor.internal.InitializingMenuItem[name=null, text='Sorting orders', selected=false, enabled=true, visible=true, showing=false]
                              se.cambiosys.client.framework.core.internal.CambioShortcutMenuButton[name=null, text='', selected=false, enabled=true, visible=true, showing=false]
                            se.cambiosys.client.framework.menueditor.internal.InitializingMenuItem[name=null, text='Local analyses', selected=false, enabled=true, visible=true, showing=false]
                              se.cambiosys.client.framework.core.internal.CambioShortcutMenuButton[name=null, text='', selected=false, enabled=true, visible=true, showing=false]
                            se.cambiosys.client.framework.menueditor.internal.InitializingMenuItem[name=null, text='Label printer', selected=false, enabled=true, visible=true, showing=false]
                              se.cambiosys.client.framework.core.internal.CambioShortcutMenuButton[name=null, text='', selected=false, enabled=true, visible=true, showing=false]
                        se.cambiosys.client.framework.menueditor.internal.InitializingMenuItem[name=null, text='Configure Y-axis for Clinical Parameter', selected=false, enabled=true, visible=true, showing=false]
                          se.cambiosys.client.framework.core.internal.CambioShortcutMenuButton[name=null, text='', selected=false, enabled=true, visible=true, showing=false]
                        se.cambiosys.client.framework.components.CambioMenu[name=null, text='Visits and admissions', selected=false, enabled=true, visible=true, showing=false]
                          javax.swing.JPopupMenu[name=null, label=null, enabled=true, visible=false, showing=false]
                            se.cambiosys.client.framework.menueditor.internal.InitializingMenuItem[name=null, text='Create new visit / admission', selected=false, enabled=true, visible=true, showing=false]
                              se.cambiosys.client.framework.core.internal.CambioShortcutMenuButton[name=null, text='', selected=false, enabled=true, visible=true, showing=false]
                            se.cambiosys.client.framework.menueditor.internal.InitializingMenuItem[name=null, text='Edit visit / admission', selected=false, enabled=true, visible=true, showing=false]
                              se.cambiosys.client.framework.core.internal.CambioShortcutMenuButton[name=null, text='', selected=false, enabled=true, visible=true, showing=false]
                        se.cambiosys.client.framework.components.CambioMenu[name=null, text='Publishing', selected=false, enabled=true, visible=true, showing=false]
                          javax.swing.JPopupMenu[name=null, label=null, enabled=true, visible=false, showing=false]
                            se.cambiosys.client.framework.menueditor.internal.InitializingMenuItem[name=null, text='Mining', selected=false, enabled=true, visible=true, showing=false]
                              se.cambiosys.client.framework.core.internal.CambioShortcutMenuButton[name=null, text='', selected=false, enabled=true, visible=true, showing=false]
                            se.cambiosys.client.framework.menueditor.internal.InitializingMenuItem[name=null, text='Error management', selected=false, enabled=true, visible=true, showing=false]
                              se.cambiosys.client.framework.core.internal.CambioShortcutMenuButton[name=null, text='', selected=false, enabled=true, visible=true, showing=false]
                        se.cambiosys.client.framework.menueditor.internal.InitializingMenuItem[name=null, text='CCP Filter Configuration', selected=false, enabled=true, visible=true, showing=false]
                          se.cambiosys.client.framework.core.internal.CambioShortcutMenuButton[name=null, text='', selected=false, enabled=true, visible=true, showing=false]
                        se.cambiosys.client.framework.menueditor.internal.InitializingMenuItem[name=null, text='Menu editor', selected=false, enabled=true, visible=true, showing=false]
                          se.cambiosys.client.framework.core.internal.CambioShortcutMenuButton[name=null, text='', selected=false, enabled=true, visible=true, showing=false]
                        se.cambiosys.client.framework.menueditor.internal.InitializingMenuItem[name=null, text='Script', selected=false, enabled=true, visible=true, showing=false]
                          se.cambiosys.client.framework.core.internal.CambioShortcutMenuButton[name=null, text='', selected=false, enabled=true, visible=true, showing=false]
                        se.cambiosys.client.framework.components.CambioMenu[name=null, text='Spell Check', selected=false, enabled=true, visible=true, showing=false]
                          javax.swing.JPopupMenu[name=null, label=null, enabled=true, visible=false, showing=false]
                            se.cambiosys.client.framework.menueditor.internal.InitializingMenuItem[name=null, text='Settings', selected=false, enabled=true, visible=true, showing=false]
                              se.cambiosys.client.framework.core.internal.CambioShortcutMenuButton[name=null, text='', selected=false, enabled=true, visible=true, showing=false]
                            se.cambiosys.client.framework.menueditor.internal.InitializingMenuItem[name=null, text='User dictionary', selected=false, enabled=true, visible=true, showing=false]
                              se.cambiosys.client.framework.core.internal.CambioShortcutMenuButton[name=null, text='', selected=false, enabled=true, visible=true, showing=false]
                            se.cambiosys.client.framework.menueditor.internal.InitializingMenuItem[name=null, text='Global dictionary', selected=false, enabled=true, visible=true, showing=false]
                              se.cambiosys.client.framework.core.internal.CambioShortcutMenuButton[name=null, text='', selected=false, enabled=true, visible=true, showing=false]
                    se.cambiosys.client.framework.components.CambioMenu[name=null, text='Child Healthcare', selected=false, enabled=true, visible=true, showing=true]
                      javax.swing.JPopupMenu[name=null, label=null, enabled=true, visible=false, showing=false]
                        se.cambiosys.client.framework.menueditor.internal.InitializingMenuItem[name=null, text='Print Child Healthcare data', selected=false, enabled=true, visible=true, showing=false]
                          se.cambiosys.client.framework.core.internal.CambioShortcutMenuButton[name=null, text='', selected=false, enabled=true, visible=true, showing=false]
                    se.cambiosys.client.framework.components.CambioMenu[name=null, text='Medication', selected=false, enabled=true, visible=true, showing=true]
                      javax.swing.JPopupMenu[name=null, label=null, enabled=true, visible=false, showing=false]
                        se.cambiosys.client.framework.components.CambioMenu[name=null, text='Administration', selected=false, enabled=true, visible=true, showing=false]
                          javax.swing.JPopupMenu[name=null, label=null, enabled=true, visible=false, showing=false]
                            se.cambiosys.client.framework.menueditor.internal.InitializingMenuItem[name=null, text='Sent e-recipe overview', selected=false, enabled=true, visible=true, showing=false]
                              se.cambiosys.client.framework.core.internal.CambioShortcutMenuButton[name=null, text='', selected=false, enabled=true, visible=true, showing=false]
                            se.cambiosys.client.framework.menueditor.internal.InitializingMenuItem[name=null, text='Catalogue administration', selected=false, enabled=true, visible=true, showing=false]
                              se.cambiosys.client.framework.core.internal.CambioShortcutMenuButton[name=null, text='', selected=false, enabled=true, visible=true, showing=false]
                            se.cambiosys.client.framework.menueditor.internal.InitializingMenuItem[name=null, text='Unit Times and Medicine Cabinet', selected=false, enabled=true, visible=true, showing=false]
                              se.cambiosys.client.framework.core.internal.CambioShortcutMenuButton[name=null, text='', selected=false, enabled=true, visible=true, showing=false]
                            se.cambiosys.client.framework.menueditor.internal.InitializingMenuItem[name=null, text='Order basis for vaccine', selected=false, enabled=true, visible=true, showing=false]
                              se.cambiosys.client.framework.core.internal.CambioShortcutMenuButton[name=null, text='', selected=false, enabled=true, visible=true, showing=false]
                        se.cambiosys.client.framework.components.CambioMenu[name=null, text='New prescription', selected=false, enabled=true, visible=true, showing=false]
                          javax.swing.JPopupMenu[name=null, label=null, enabled=true, visible=false, showing=false]
                            se.cambiosys.client.framework.menueditor.internal.InitializingMenuItem[name=null, text='Drug', selected=false, enabled=true, visible=true, showing=false]
                              se.cambiosys.client.framework.core.internal.CambioShortcutMenuButton[name=null, text='', selected=false, enabled=true, visible=true, showing=false]
                            se.cambiosys.client.framework.menueditor.internal.InitializingMenuItem[name=null, text='Nutrition product', selected=false, enabled=true, visible=true, showing=false]
                              se.cambiosys.client.framework.core.internal.CambioShortcutMenuButton[name=null, text='', selected=false, enabled=true, visible=true, showing=false]
                            se.cambiosys.client.framework.menueditor.internal.InitializingMenuItem[name=null, text='Consumable', selected=false, enabled=true, visible=true, showing=false]
                              se.cambiosys.client.framework.core.internal.CambioShortcutMenuButton[name=null, text='', selected=false, enabled=true, visible=true, showing=false]
                        se.cambiosys.client.framework.components.CambioMenu[name=null, text='Lists', selected=false, enabled=true, visible=true, showing=false]
                          javax.swing.JPopupMenu[name=null, label=null, enabled=true, visible=false, showing=false]
                            se.cambiosys.client.framework.menueditor.internal.InitializingMenuItem[name=null, text='Drugs', selected=false, enabled=true, visible=true, showing=false]
                              se.cambiosys.client.framework.core.internal.CambioShortcutMenuButton[name=null, text='', selected=false, enabled=true, visible=true, showing=false]
                            se.cambiosys.client.framework.menueditor.internal.InitializingMenuItem[name=null, text='Nutritions', selected=false, enabled=true, visible=true, showing=false]
                              se.cambiosys.client.framework.core.internal.CambioShortcutMenuButton[name=null, text='', selected=false, enabled=true, visible=true, showing=false]
                            se.cambiosys.client.framework.menueditor.internal.InitializingMenuItem[name=null, text='Consumables', selected=false, enabled=true, visible=true, showing=false]
                              se.cambiosys.client.framework.core.internal.CambioShortcutMenuButton[name=null, text='', selected=false, enabled=true, visible=true, showing=false]
                            se.cambiosys.client.framework.menueditor.internal.InitializingMenuItem[name=null, text='Vaccination list', selected=false, enabled=true, visible=true, showing=false]
                              se.cambiosys.client.framework.core.internal.CambioShortcutMenuButton[name=null, text='', selected=false, enabled=true, visible=true, showing=false]
                            se.cambiosys.client.framework.menueditor.internal.InitializingMenuItem[name=null, text='Recipe overview', selected=false, enabled=true, visible=true, showing=false]
                              se.cambiosys.client.framework.core.internal.CambioShortcutMenuButton[name=null, text='', selected=false, enabled=true, visible=true, showing=false]
                        se.cambiosys.client.framework.menueditor.internal.InitializingMenuItem[name=null, text='Nurse view', selected=false, enabled=true, visible=true, showing=false]
                          se.cambiosys.client.framework.core.internal.CambioShortcutMenuButton[name=null, text='', selected=false, enabled=true, visible=true, showing=false]
                    se.cambiosys.client.framework.components.CambioMenu[name=null, text='Theatre', selected=false, enabled=true, visible=true, showing=true]
                      javax.swing.JPopupMenu[name=null, label=null, enabled=true, visible=false, showing=false]
                        se.cambiosys.client.framework.menueditor.internal.InitializingMenuItem[name=null, text='Create theatre registration', selected=false, enabled=true, visible=true, showing=false]
                          se.cambiosys.client.framework.core.internal.CambioShortcutMenuButton[name=null, text='', selected=false, enabled=true, visible=true, showing=false]
                        se.cambiosys.client.framework.menueditor.internal.InitializingMenuItem[name=null, text='Operation list', selected=false, enabled=true, visible=true, showing=false]
                          se.cambiosys.client.framework.core.internal.CambioShortcutMenuButton[name=null, text='', selected=false, enabled=true, visible=true, showing=false]
                        se.cambiosys.client.framework.menueditor.internal.InitializingMenuItem[name=null, text='Planning schedule', selected=false, enabled=true, visible=true, showing=false]
                          se.cambiosys.client.framework.core.internal.CambioShortcutMenuButton[name=null, text='', selected=false, enabled=true, visible=true, showing=false]
                        se.cambiosys.client.framework.menueditor.internal.InitializingMenuItem[name=null, text='Schedule overview', selected=false, enabled=true, visible=true, showing=false]
                          se.cambiosys.client.framework.core.internal.CambioShortcutMenuButton[name=null, text='', selected=false, enabled=true, visible=true, showing=false]
                        se.cambiosys.client.framework.menueditor.internal.InitializingMenuItem[name=null, text='Live Schedule', selected=false, enabled=true, visible=true, showing=false]
                          se.cambiosys.client.framework.core.internal.CambioShortcutMenuButton[name=null, text='', selected=false, enabled=true, visible=true, showing=false]
                        se.cambiosys.client.framework.components.CambioMenu[name=null, text='Administration', selected=false, enabled=true, visible=true, showing=false]
                          javax.swing.JPopupMenu[name=null, label=null, enabled=true, visible=false, showing=false]
                            se.cambiosys.client.framework.menueditor.internal.InitializingMenuItem[name=null, text='Templates for Anaesthetic, Th.record, Recovery', selected=false, enabled=true, visible=true, showing=false]
                              se.cambiosys.client.framework.core.internal.CambioShortcutMenuButton[name=null, text='', selected=false, enabled=true, visible=true, showing=false]
                            se.cambiosys.client.framework.menueditor.internal.InitializingMenuItem[name=null, text='Basic templates for Th. registration', selected=false, enabled=true, visible=true, showing=false]
                              se.cambiosys.client.framework.core.internal.CambioShortcutMenuButton[name=null, text='', selected=false, enabled=true, visible=true, showing=false]
                            se.cambiosys.client.framework.menueditor.internal.InitializingMenuItem[name=null, text='Templates for Waypoints', selected=false, enabled=true, visible=true, showing=false]
                              se.cambiosys.client.framework.core.internal.CambioShortcutMenuButton[name=null, text='', selected=false, enabled=true, visible=true, showing=false]
                            se.cambiosys.client.framework.menueditor.internal.InitializingMenuItem[name=null, text='Theatre suite administration', selected=false, enabled=true, visible=true, showing=false]
                              se.cambiosys.client.framework.core.internal.CambioShortcutMenuButton[name=null, text='', selected=false, enabled=true, visible=true, showing=false]
                            se.cambiosys.client.framework.menueditor.internal.InitializingMenuItem[name=null, text='Medical priority', selected=false, enabled=true, visible=true, showing=false]
                              se.cambiosys.client.framework.core.internal.CambioShortcutMenuButton[name=null, text='', selected=false, enabled=true, visible=true, showing=false]
                            se.cambiosys.client.framework.menueditor.internal.InitializingMenuItem[name=null, text='Keyword mapping', selected=false, enabled=true, visible=true, showing=false]
                              se.cambiosys.client.framework.core.internal.CambioShortcutMenuButton[name=null, text='', selected=false, enabled=true, visible=true, showing=false]
                            se.cambiosys.client.framework.menueditor.internal.InitializingMenuItem[name=null, text='Create theatres', selected=false, enabled=true, visible=true, showing=false]
                              se.cambiosys.client.framework.core.internal.CambioShortcutMenuButton[name=null, text='', selected=false, enabled=true, visible=true, showing=false]
                            se.cambiosys.client.framework.menueditor.internal.InitializingMenuItem[name=null, text='Global filters', selected=false, enabled=true, visible=true, showing=false]
                              se.cambiosys.client.framework.core.internal.CambioShortcutMenuButton[name=null, text='', selected=false, enabled=true, visible=true, showing=false]
                            se.cambiosys.client.framework.menueditor.internal.InitializingMenuItem[name=null, text='Activity lists', selected=false, enabled=true, visible=true, showing=false]
                              se.cambiosys.client.framework.core.internal.CambioShortcutMenuButton[name=null, text='', selected=false, enabled=true, visible=true, showing=false]
                            se.cambiosys.client.framework.menueditor.internal.InitializingMenuItem[name=null, text='Templates for Th. registration', selected=false, enabled=true, visible=true, showing=false]
                              se.cambiosys.client.framework.core.internal.CambioShortcutMenuButton[name=null, text='', selected=false, enabled=true, visible=true, showing=false]
                            se.cambiosys.client.framework.menueditor.internal.InitializingMenuItem[name=null, text='Colour configuration', selected=false, enabled=true, visible=true, showing=false]
                              se.cambiosys.client.framework.core.internal.CambioShortcutMenuButton[name=null, text='', selected=false, enabled=true, visible=true, showing=false]
                            se.cambiosys.client.framework.menueditor.internal.InitializingMenuItem[name=null, text='Surgical Unit Administration', selected=false, enabled=true, visible=true, showing=false]
                              se.cambiosys.client.framework.core.internal.CambioShortcutMenuButton[name=null, text='', selected=false, enabled=true, visible=true, showing=false]
                            se.cambiosys.client.framework.menueditor.internal.InitializingMenuItem[name=null, text='Code Packages', selected=false, enabled=true, visible=true, showing=false]
                              se.cambiosys.client.framework.core.internal.CambioShortcutMenuButton[name=null, text='', selected=false, enabled=true, visible=true, showing=false]
                    se.cambiosys.client.framework.components.CambioMenu[name=null, text='Order management', selected=false, enabled=true, visible=true, showing=true]
                      javax.swing.JPopupMenu[name=null, label=null, enabled=true, visible=false, showing=false]
                        se.cambiosys.client.framework.menueditor.internal.InitializingMenuItem[name=null, text='Request', selected=false, enabled=true, visible=true, showing=false]
                          se.cambiosys.client.framework.core.internal.CambioShortcutMenuButton[name=null, text='', selected=false, enabled=true, visible=true, showing=false]
                        se.cambiosys.client.framework.menueditor.internal.InitializingMenuItem[name=null, text='Specimen collection', selected=false, enabled=true, visible=true, showing=false]
                          se.cambiosys.client.framework.core.internal.CambioShortcutMenuButton[name=null, text='', selected=false, enabled=true, visible=true, showing=false]
                        se.cambiosys.client.framework.menueditor.internal.InitializingMenuItem[name=null, text='Radiology Request', selected=false, enabled=true, visible=true, showing=false]
                          se.cambiosys.client.framework.core.internal.CambioShortcutMenuButton[name=null, text='', selected=false, enabled=true, visible=true, showing=false]
                        se.cambiosys.client.framework.menueditor.internal.InitializingMenuItem[name=null, text='Unsent Radiology Request', selected=false, enabled=true, visible=true, showing=false]
                          se.cambiosys.client.framework.core.internal.CambioShortcutMenuButton[name=null, text='', selected=false, enabled=true, visible=true, showing=false]
                        se.cambiosys.client.framework.menueditor.internal.InitializingMenuItem[name=null, text='Request status', selected=false, enabled=true, visible=true, showing=false]
                          se.cambiosys.client.framework.core.internal.CambioShortcutMenuButton[name=null, text='', selected=false, enabled=true, visible=true, showing=false]
                        se.cambiosys.client.framework.menueditor.internal.InitializingMenuItem[name=null, text='Local analyses input', selected=false, enabled=true, visible=true, showing=false]
                          se.cambiosys.client.framework.core.internal.CambioShortcutMenuButton[name=null, text='', selected=false, enabled=true, visible=true, showing=false]
                        se.cambiosys.client.framework.menueditor.internal.InitializingMenuItem[name=null, text='Result inbox', selected=false, enabled=true, visible=true, showing=false]
                          se.cambiosys.client.framework.core.internal.CambioShortcutMenuButton[name=null, text='', selected=false, enabled=true, visible=true, showing=false]
                        se.cambiosys.client.framework.menueditor.internal.InitializingMenuItem[name=null, text='Test result', selected=false, enabled=true, visible=true, showing=false]
                          se.cambiosys.client.framework.core.internal.CambioShortcutMenuButton[name=null, text='', selected=false, enabled=true, visible=true, showing=false]
                        se.cambiosys.client.framework.menueditor.internal.InitializingMenuItem[name=null, text='Radiology Report', selected=false, enabled=true, visible=true, showing=false]
                          se.cambiosys.client.framework.core.internal.CambioShortcutMenuButton[name=null, text='', selected=false, enabled=true, visible=true, showing=false]
                        se.cambiosys.client.framework.menueditor.internal.InitializingMenuItem[name=null, text='Manual input', selected=false, enabled=true, visible=true, showing=false]
                          se.cambiosys.client.framework.core.internal.CambioShortcutMenuButton[name=null, text='', selected=false, enabled=true, visible=true, showing=false]
                        se.cambiosys.client.framework.components.CambioMenu[name=null, text='Administration', selected=false, enabled=true, visible=true, showing=false]
                          javax.swing.JPopupMenu[name=null, label=null, enabled=true, visible=false, showing=false]
                            se.cambiosys.client.framework.menueditor.internal.InitializingMenuItem[name=null, text='Sketch administration', selected=false, enabled=true, visible=true, showing=false]
                              se.cambiosys.client.framework.core.internal.CambioShortcutMenuButton[name=null, text='', selected=false, enabled=true, visible=true, showing=false]
                            se.cambiosys.client.framework.menueditor.internal.InitializingMenuItem[name=null, text='Pathology request templates', selected=false, enabled=true, visible=true, showing=false]
                              se.cambiosys.client.framework.core.internal.CambioShortcutMenuButton[name=null, text='', selected=false, enabled=true, visible=true, showing=false]
                        se.cambiosys.client.framework.menueditor.internal.InitializingMenuItem[name=null, text='Signed Radiology Request ', selected=false, enabled=true, visible=true, showing=false]
                          se.cambiosys.client.framework.core.internal.CambioShortcutMenuButton[name=null, text='', selected=false, enabled=true, visible=true, showing=false]
                    se.cambiosys.client.framework.components.CambioMenu[name=null, text='Medical record', selected=false, enabled=true, visible=true, showing=true]
                      javax.swing.JPopupMenu[name=null, label=null, enabled=true, visible=false, showing=false]
                        se.cambiosys.client.framework.components.CambioMenu[name=null, text='Medical record table', selected=false, enabled=true, visible=true, showing=false]
                          javax.swing.JPopupMenu[name=null, label=null, enabled=true, visible=false, showing=false]
                            se.cambiosys.client.framework.menueditor.internal.InitializingMenuItem[name=null, text='Administration of templates for medical record tables', selected=false, enabled=true, visible=true, showing=false]
                              se.cambiosys.client.framework.core.internal.CambioShortcutMenuButton[name=null, text='', selected=false, enabled=true, visible=true, showing=false]
                            se.cambiosys.client.framework.menueditor.internal.InitializingMenuItem[name=null, text='New medical record table', selected=false, enabled=false, visible=true, showing=false]
                              se.cambiosys.client.framework.core.internal.CambioShortcutMenuButton[name=null, text='', selected=false, enabled=true, visible=true, showing=false]
                        se.cambiosys.client.framework.menueditor.internal.InitializingMenuItem[name=null, text='Medical record', selected=false, enabled=true, visible=true, showing=false]
                          se.cambiosys.client.framework.core.internal.CambioShortcutMenuButton[name=null, text='', selected=false, enabled=true, visible=true, showing=false]
                        se.cambiosys.client.framework.menueditor.internal.InitializingMenuItem[name=null, text='New note', selected=false, enabled=true, visible=true, showing=false]
                          se.cambiosys.client.framework.core.internal.CambioShortcutMenuButton[name=null, text='', selected=false, enabled=true, visible=true, showing=false]
                        se.cambiosys.client.framework.menueditor.internal.InitializingMenuItem[name=null, text='New form', selected=false, enabled=true, visible=true, showing=false]
                          se.cambiosys.client.framework.core.internal.CambioShortcutMenuButton[name=null, text='', selected=false, enabled=true, visible=true, showing=false]
                        se.cambiosys.client.framework.menueditor.internal.InitializingMenuItem[name=null, text='New care plan note', selected=false, enabled=false, visible=false, showing=false]
                          se.cambiosys.client.framework.core.internal.CambioShortcutMenuButton[name=null, text='', selected=false, enabled=true, visible=true, showing=false]
                        se.cambiosys.client.framework.menueditor.internal.InitializingMenuItem[name=null, text='Observation', selected=false, enabled=true, visible=true, showing=false]
                          se.cambiosys.client.framework.core.internal.CambioShortcutMenuButton[name=null, text='', selected=false, enabled=true, visible=true, showing=false]
                        se.cambiosys.client.framework.menueditor.internal.InitializingMenuItem[name=null, text='Graphic view', selected=false, enabled=true, visible=true, showing=false]
                          se.cambiosys.client.framework.core.internal.CambioShortcutMenuButton[name=null, text='', selected=false, enabled=true, visible=true, showing=false]
                        se.cambiosys.client.framework.menueditor.internal.InitializingMenuItem[name=null, text='List of activities', selected=false, enabled=true, visible=true, showing=false]
                          se.cambiosys.client.framework.core.internal.CambioShortcutMenuButton[name=null, text='', selected=false, enabled=true, visible=true, showing=false]
                        se.cambiosys.client.framework.components.CambioMenu[name=null, text='Administration', selected=false, enabled=true, visible=true, showing=false]
                          javax.swing.JPopupMenu[name=null, label=null, enabled=true, visible=false, showing=false]
                            se.cambiosys.client.framework.menueditor.internal.InitializingMenuItem[name=null, text='Keyword editor', selected=false, enabled=true, visible=true, showing=false]
                              se.cambiosys.client.framework.core.internal.CambioShortcutMenuButton[name=null, text='', selected=false, enabled=true, visible=true, showing=false]
                            se.cambiosys.client.framework.menueditor.internal.InitializingMenuItem[name=null, text='Search occurrences of keyword', selected=false, enabled=true, visible=true, showing=false]
                              se.cambiosys.client.framework.core.internal.CambioShortcutMenuButton[name=null, text='', selected=false, enabled=true, visible=true, showing=false]
                            se.cambiosys.client.framework.menueditor.internal.InitializingMenuItem[name=null, text='Template manager', selected=false, enabled=true, visible=true, showing=false]
                              se.cambiosys.client.framework.core.internal.CambioShortcutMenuButton[name=null, text='', selected=false, enabled=true, visible=true, showing=false]
                            se.cambiosys.client.framework.menueditor.internal.InitializingMenuItem[name=null, text='Fixed values', selected=false, enabled=true, visible=true, showing=false]
                              se.cambiosys.client.framework.core.internal.CambioShortcutMenuButton[name=null, text='', selected=false, enabled=true, visible=true, showing=false]
                            se.cambiosys.client.framework.menueditor.internal.InitializingMenuItem[name=null, text='Form administration', selected=false, enabled=true, visible=true, showing=false]
                              se.cambiosys.client.framework.core.internal.CambioShortcutMenuButton[name=null, text='', selected=false, enabled=true, visible=true, showing=false]
                            se.cambiosys.client.framework.menueditor.internal.InitializingMenuItem[name=null, text='Administration views', selected=false, enabled=true, visible=true, showing=false]
                              se.cambiosys.client.framework.core.internal.CambioShortcutMenuButton[name=null, text='', selected=false, enabled=true, visible=true, showing=false]
                            se.cambiosys.client.framework.menueditor.internal.InitializingMenuItem[name=null, text='Administration filter', selected=false, enabled=true, visible=true, showing=false]
                              se.cambiosys.client.framework.core.internal.CambioShortcutMenuButton[name=null, text='', selected=false, enabled=true, visible=true, showing=false]
                            se.cambiosys.client.framework.menueditor.internal.InitializingMenuItem[name=null, text='Selection of problems', selected=false, enabled=true, visible=true, showing=false]
                              se.cambiosys.client.framework.core.internal.CambioShortcutMenuButton[name=null, text='', selected=false, enabled=true, visible=true, showing=false]
                        se.cambiosys.client.framework.components.CambioMenu[name=null, text='Digital dictation', selected=false, enabled=true, visible=true, showing=false]
                          javax.swing.JPopupMenu[name=null, label=null, enabled=true, visible=false, showing=false]
                            se.cambiosys.client.framework.menueditor.internal.InitializingMenuItem[name=null, text='Create new dictation', selected=false, enabled=true, visible=true, showing=false]
                              se.cambiosys.client.framework.core.internal.CambioShortcutMenuButton[name=null, text='', selected=false, enabled=true, visible=true, showing=false]
                            se.cambiosys.client.framework.menueditor.internal.InitializingMenuItem[name=null, text='Dictation list', selected=false, enabled=true, visible=true, showing=false]
                              se.cambiosys.client.framework.core.internal.CambioShortcutMenuButton[name=null, text='', selected=false, enabled=true, visible=true, showing=false]
                            se.cambiosys.client.framework.menueditor.internal.InitializingMenuItem[name=null, text='Create new dictation from file', selected=false, enabled=true, visible=true, showing=false]
                              se.cambiosys.client.framework.core.internal.CambioShortcutMenuButton[name=null, text='', selected=false, enabled=true, visible=true, showing=false]
                            se.cambiosys.client.framework.menueditor.internal.InitializingMenuItem[name=null, text='Create new dictation minimized', selected=false, enabled=true, visible=true, showing=false]
                              se.cambiosys.client.framework.core.internal.CambioShortcutMenuButton[name=null, text='', selected=false, enabled=true, visible=true, showing=false]
                        se.cambiosys.client.framework.components.CambioMenu[name=null, text='Birth', selected=false, enabled=true, visible=true, showing=false]
                          javax.swing.JPopupMenu[name=null, label=null, enabled=true, visible=false, showing=false]
                            se.cambiosys.client.framework.menueditor.internal.InitializingMenuItem[name=null, text='Partogram', selected=false, enabled=false, visible=true, showing=false]
                              se.cambiosys.client.framework.core.internal.CambioShortcutMenuButton[name=null, text='', selected=false, enabled=true, visible=true, showing=false]
                            se.cambiosys.client.framework.menueditor.internal.InitializingMenuItem[name=null, text='New delivery', selected=false, enabled=false, visible=true, showing=false]
                              se.cambiosys.client.framework.core.internal.CambioShortcutMenuButton[name=null, text='', selected=false, enabled=true, visible=true, showing=false]
                            se.cambiosys.client.framework.menueditor.internal.InitializingMenuItem[name=null, text='Delete partogram', selected=false, enabled=false, visible=true, showing=false]
                              se.cambiosys.client.framework.core.internal.CambioShortcutMenuButton[name=null, text='', selected=false, enabled=true, visible=true, showing=false]
                            se.cambiosys.client.framework.menueditor.internal.InitializingMenuItem[name=null, text='Configuration of registrations', selected=false, enabled=true, visible=true, showing=false]
                              se.cambiosys.client.framework.core.internal.CambioShortcutMenuButton[name=null, text='', selected=false, enabled=true, visible=true, showing=false]
                            se.cambiosys.client.framework.menueditor.internal.InitializingMenuItem[name=null, text='Child number configuration', selected=false, enabled=true, visible=true, showing=false]
                              se.cambiosys.client.framework.core.internal.CambioShortcutMenuButton[name=null, text='', selected=false, enabled=true, visible=true, showing=false]
                    se.cambiosys.client.framework.components.CambioMenu[name=null, text='Window', selected=false, enabled=true, visible=true, showing=true]
                      javax.swing.JPopupMenu[name=null, label=null, enabled=true, visible=false, showing=false]
                        se.cambiosys.client.framework.core.internal.MenuHandler$10(se.cambiosys.client.framework.components.CambioCheckBoxMenuItem)[name=null, text='Keep windows', selected=true, enabled=true, visible=true, showing=false]
                        se.cambiosys.client.framework.menueditor.internal.InitializingMenuItem[name=null, text='Minimize all', selected=false, enabled=true, visible=true, showing=false]
                          se.cambiosys.client.framework.core.internal.CambioShortcutMenuButton[name=null, text='', selected=false, enabled=true, visible=true, showing=false]
                    se.cambiosys.client.framework.components.CambioMenu[name=null, text='Basic Menu', selected=false, enabled=true, visible=true, showing=true]
                      javax.swing.JPopupMenu[name=null, label=null, enabled=true, visible=false, showing=false]
                        se.cambiosys.client.framework.menueditor.internal.InitializingMenuItem[name=null, text='Basic Text', selected=false, enabled=true, visible=true, showing=false]
                          se.cambiosys.client.framework.core.internal.CambioShortcutMenuButton[name=null, text='', selected=false, enabled=true, visible=true, showing=false]
                    se.cambiosys.client.framework.components.CambioMenu[name=null, text='Patient administration IP & OP', selected=false, enabled=true, visible=true, showing=true]
                      javax.swing.JPopupMenu[name=null, label=null, enabled=true, visible=false, showing=false]
                        se.cambiosys.client.framework.components.CambioMenu[name=null, text='Administration', selected=false, enabled=true, visible=true, showing=false]
                          javax.swing.JPopupMenu[name=null, label=null, enabled=true, visible=false, showing=false]
                            se.cambiosys.client.framework.menueditor.internal.InitializingMenuItem[name=null, text='Region membership', selected=false, enabled=true, visible=true, showing=false]
                              se.cambiosys.client.framework.core.internal.CambioShortcutMenuButton[name=null, text='', selected=false, enabled=true, visible=true, showing=false]
                            se.cambiosys.client.framework.menueditor.internal.InitializingMenuItem[name=null, text='Search order number', selected=false, enabled=true, visible=true, showing=false]
                              se.cambiosys.client.framework.core.internal.CambioShortcutMenuButton[name=null, text='', selected=false, enabled=true, visible=true, showing=false]
                            se.cambiosys.client.framework.menueditor.internal.InitializingMenuItem[name=null, text='Reception administration & reception period', selected=false, enabled=true, visible=true, showing=false]
                              se.cambiosys.client.framework.core.internal.CambioShortcutMenuButton[name=null, text='', selected=false, enabled=true, visible=true, showing=false]
                            se.cambiosys.client.framework.menueditor.internal.InitializingMenuItem[name=null, text='Receptions and reception locations', selected=false, enabled=true, visible=true, showing=false]
                              se.cambiosys.client.framework.core.internal.CambioShortcutMenuButton[name=null, text='', selected=false, enabled=true, visible=true, showing=false]
                            se.cambiosys.client.framework.components.CambioMenu[name=null, text='Contract', selected=false, enabled=true, visible=true, showing=false]
                              javax.swing.JPopupMenu[name=null, label=null, enabled=true, visible=false, showing=false]
                                se.cambiosys.client.framework.menueditor.internal.InitializingMenuItem[name=null, text='New base price list', selected=false, enabled=true, visible=true, showing=false]
                                  se.cambiosys.client.framework.core.internal.CambioShortcutMenuButton[name=null, text='', selected=false, enabled=true, visible=true, showing=false]
                                se.cambiosys.client.framework.menueditor.internal.InitializingMenuItem[name=null, text='Open base price list', selected=false, enabled=true, visible=true, showing=false]
                                  se.cambiosys.client.framework.core.internal.CambioShortcutMenuButton[name=null, text='', selected=false, enabled=true, visible=true, showing=false]
                                se.cambiosys.client.framework.menueditor.internal.InitializingMenuItem[name=null, text='New contract', selected=false, enabled=true, visible=true, showing=false]
                                  se.cambiosys.client.framework.core.internal.CambioShortcutMenuButton[name=null, text='', selected=false, enabled=true, visible=true, showing=false]
                                se.cambiosys.client.framework.menueditor.internal.InitializingMenuItem[name=null, text='Open contract', selected=false, enabled=true, visible=true, showing=false]
                                  se.cambiosys.client.framework.core.internal.CambioShortcutMenuButton[name=null, text='', selected=false, enabled=true, visible=true, showing=false]
                                se.cambiosys.client.framework.menueditor.internal.InitializingMenuItem[name=null, text='Administration of contracts of goods sales', selected=false, enabled=true, visible=true, showing=false]
                                  se.cambiosys.client.framework.core.internal.CambioShortcutMenuButton[name=null, text='', selected=false, enabled=true, visible=true, showing=false]
                            se.cambiosys.client.framework.menueditor.internal.InitializingMenuItem[name=null, text='Products', selected=false, enabled=true, visible=true, showing=false]
                              se.cambiosys.client.framework.core.internal.CambioShortcutMenuButton[name=null, text='', selected=false, enabled=true, visible=true, showing=false]
                            se.cambiosys.client.framework.menueditor.internal.InitializingMenuItem[name=null, text='Goods', selected=false, enabled=true, visible=true, showing=false]
                              se.cambiosys.client.framework.core.internal.CambioShortcutMenuButton[name=null, text='', selected=false, enabled=true, visible=true, showing=false]
                            se.cambiosys.client.framework.menueditor.internal.InitializingMenuItem[name=null, text='VAT classes', selected=false, enabled=true, visible=true, showing=false]
                              se.cambiosys.client.framework.core.internal.CambioShortcutMenuButton[name=null, text='', selected=false, enabled=true, visible=true, showing=false]
                        se.cambiosys.client.framework.menueditor.internal.InitializingMenuItem[name=null, text='Configure economy exports', selected=false, enabled=true, visible=true, showing=false]
                          se.cambiosys.client.framework.core.internal.CambioShortcutMenuButton[name=null, text='', selected=false, enabled=true, visible=true, showing=false]
                        se.cambiosys.client.framework.menueditor.internal.InitializingMenuItem[name=null, text='Export management', selected=false, enabled=true, visible=true, showing=false]
                          se.cambiosys.client.framework.core.internal.CambioShortcutMenuButton[name=null, text='', selected=false, enabled=true, visible=true, showing=false]
                        se.cambiosys.client.framework.menueditor.internal.InitializingMenuItem[name=null, text='Visit and procedure registration', selected=false, enabled=true, visible=true, showing=false]
                          se.cambiosys.client.framework.core.internal.CambioShortcutMenuButton[name=null, text='', selected=false, enabled=true, visible=true, showing=false]
                        se.cambiosys.client.framework.menueditor.internal.InitializingMenuItem[name=null, text='Inpatient registration', selected=false, enabled=true, visible=true, showing=false]
                          se.cambiosys.client.framework.core.internal.CambioShortcutMenuButton[name=null, text='', selected=false, enabled=true, visible=true, showing=false]
                        se.cambiosys.client.framework.menueditor.internal.InitializingMenuItem[name=null, text='Acute overview', selected=false, enabled=true, visible=true, showing=false]
                          se.cambiosys.client.framework.core.internal.CambioShortcutMenuButton[name=null, text='', selected=false, enabled=true, visible=true, showing=false]
                        se.cambiosys.client.framework.menueditor.internal.InitializingMenuItem[name=null, text='Registration overview', selected=false, enabled=true, visible=true, showing=false]
                          se.cambiosys.client.framework.core.internal.CambioShortcutMenuButton[name=null, text='', selected=false, enabled=true, visible=true, showing=false]
                        se.cambiosys.client.framework.menueditor.internal.InitializingMenuItem[name=null, text='Goods Sale overview', selected=false, enabled=true, visible=true, showing=false]
                          se.cambiosys.client.framework.core.internal.CambioShortcutMenuButton[name=null, text='', selected=false, enabled=true, visible=true, showing=false]
                        se.cambiosys.client.framework.menueditor.internal.InitializingMenuItem[name=null, text='Invoice overview', selected=false, enabled=true, visible=true, showing=false]
                          se.cambiosys.client.framework.core.internal.CambioShortcutMenuButton[name=null, text='', selected=false, enabled=true, visible=true, showing=false]
                        se.cambiosys.client.framework.menueditor.internal.InitializingMenuItem[name=null, text='Register codes', selected=false, enabled=false, visible=true, showing=false]
                          se.cambiosys.client.framework.core.internal.CambioShortcutMenuButton[name=null, text='', selected=false, enabled=true, visible=true, showing=false]
                        se.cambiosys.client.framework.menueditor.internal.InitializingMenuItem[name=null, text='Undo', selected=false, enabled=true, visible=true, showing=false]
                          se.cambiosys.client.framework.core.internal.CambioShortcutMenuButton[name=null, text='', selected=false, enabled=true, visible=true, showing=false]
                    se.cambiosys.client.framework.components.CambioMenu[name=null, text='Patient', selected=false, enabled=true, visible=true, showing=true]
                      javax.swing.JPopupMenu[name=null, label=null, enabled=true, visible=false, showing=false]
                        se.cambiosys.client.framework.components.CambioMenu[name=null, text='Groups', selected=false, enabled=true, visible=true, showing=false]
                          javax.swing.JPopupMenu[name=null, label=null, enabled=true, visible=false, showing=false]
                            se.cambiosys.client.framework.menueditor.internal.InitializingMenuItem[name=null, text='Group card', selected=false, enabled=false, visible=true, showing=false]
                              se.cambiosys.client.framework.core.internal.CambioShortcutMenuButton[name=null, text='', selected=false, enabled=true, visible=true, showing=false]
                            se.cambiosys.client.framework.menueditor.internal.InitializingMenuItem[name=null, text='Group administration', selected=false, enabled=true, visible=true, showing=false]
                              se.cambiosys.client.framework.core.internal.CambioShortcutMenuButton[name=null, text='', selected=false, enabled=true, visible=true, showing=false]
                        se.cambiosys.client.framework.subjectofcare.internal.SecurityOverrideHandlerImpl$1(se.cambiosys.client.framework.components.CambioCheckBoxMenuItem)[name=null, text='Activate security override', selected=false, enabled=false, visible=true, showing=false]
                        se.cambiosys.client.framework.menueditor.internal.InitializingMenuItem[name=null, text='Patient card', selected=false, enabled=true, visible=true, showing=false]
                          se.cambiosys.client.framework.core.internal.CambioShortcutMenuButton[name=null, text='', selected=false, enabled=true, visible=true, showing=false]
                        se.cambiosys.client.framework.menueditor.internal.InitializingMenuItem[name=null, text='Print patient information', selected=false, enabled=true, visible=true, showing=false]
                          se.cambiosys.client.framework.core.internal.CambioShortcutMenuButton[name=null, text='', selected=false, enabled=true, visible=true, showing=false]
                        se.cambiosys.client.framework.menueditor.internal.InitializingMenuItem[name=null, text='Connect mother-child', selected=false, enabled=false, visible=true, showing=false]
                          se.cambiosys.client.framework.core.internal.CambioShortcutMenuButton[name=null, text='', selected=false, enabled=true, visible=true, showing=false]
                        se.cambiosys.client.framework.menueditor.internal.InitializingMenuItem[name=null, text='Disconnect child-mother', selected=false, enabled=false, visible=true, showing=false]
                          se.cambiosys.client.framework.core.internal.CambioShortcutMenuButton[name=null, text='', selected=false, enabled=true, visible=true, showing=false]
                        se.cambiosys.client.framework.menueditor.internal.InitializingMenuItem[name=null, text='Reservenumber...', selected=false, enabled=true, visible=true, showing=false]
                          se.cambiosys.client.framework.core.internal.CambioShortcutMenuButton[name=null, text='', selected=false, enabled=true, visible=true, showing=false]
                    se.cambiosys.client.framework.components.CambioMenu[name=null, text='Link (previous version)', selected=false, enabled=true, visible=true, showing=true]
                      javax.swing.JPopupMenu[name=null, label=null, enabled=true, visible=false, showing=false]
                        se.cambiosys.client.framework.menueditor.internal.InitializingMenuItem[name=null, text='Loading...', selected=false, enabled=true, visible=true, showing=false]
                          se.cambiosys.client.framework.core.internal.CambioShortcutMenuButton[name=null, text='', selected=false, enabled=true, visible=true, showing=false]
                        se.cambiosys.client.framework.menueditor.internal.InitializingMenuItem[name=null, text='Loading...', selected=false, enabled=true, visible=true, showing=false]
                          se.cambiosys.client.framework.core.internal.CambioShortcutMenuButton[name=null, text='', selected=false, enabled=true, visible=true, showing=false]
                    se.cambiosys.client.framework.components.CambioMenu[name=null, text='File', selected=false, enabled=true, visible=true, showing=true]
                      javax.swing.JPopupMenu[name=null, label=null, enabled=true, visible=false, showing=false]
                        se.cambiosys.client.framework.menueditor.internal.InitializingMenuItem[name=null, text='Change password', selected=false, enabled=true, visible=true, showing=false]
                          se.cambiosys.client.framework.core.internal.CambioShortcutMenuButton[name=null, text='', selected=false, enabled=true, visible=true, showing=false]
                        se.cambiosys.client.framework.menueditor.internal.InitializingMenuItem[name=null, text='Lock COSMIC', selected=false, enabled=true, visible=true, showing=false]
                          se.cambiosys.client.framework.core.internal.CambioShortcutMenuButton[name=null, text='', selected=false, enabled=true, visible=true, showing=false]
                        se.cambiosys.client.framework.menueditor.internal.InitializingMenuItem[name=null, text='Change profile', selected=false, enabled=true, visible=true, showing=false]
                          se.cambiosys.client.framework.core.internal.CambioShortcutMenuButton[name=null, text='', selected=false, enabled=true, visible=true, showing=false]
                        se.cambiosys.client.framework.menueditor.internal.InitializingMenuItem[name=null, text='Log out', selected=false, enabled=true, visible=true, showing=false]
                          se.cambiosys.client.framework.core.internal.CambioShortcutMenuButton[name=null, text='', selected=false, enabled=true, visible=true, showing=false]
                        se.cambiosys.client.framework.menueditor.internal.InitializingMenuItem[name=null, text='Quit', selected=false, enabled=true, visible=true, showing=false]
                          se.cambiosys.client.framework.core.internal.CambioShortcutMenuButton[name=null, text='', selected=false, enabled=true, visible=true, showing=false]
                    se.cambiosys.client.framework.components.CambioMenu[name=null, text='External Applications', selected=false, enabled=true, visible=true, showing=true]
                      javax.swing.JPopupMenu[name=null, label=null, enabled=true, visible=false, showing=false]
                        se.cambiosys.client.framework.menueditor.internal.InitializingMenuItem[name=null, text='DrCompanion', selected=false, enabled=true, visible=true, showing=false]
                          se.cambiosys.client.framework.core.internal.CambioShortcutMenuButton[name=null, text='', selected=false, enabled=true, visible=true, showing=false]
                        se.cambiosys.client.framework.menueditor.internal.InitializingMenuItem[name=null, text='OBSTETRIX (Ext)', selected=false, enabled=true, visible=true, showing=false]
                          se.cambiosys.client.framework.core.internal.CambioShortcutMenuButton[name=null, text='', selected=false, enabled=true, visible=true, showing=false]
                    se.cambiosys.client.framework.components.CambioMenu[name=null, text='Analytics', selected=false, enabled=true, visible=true, showing=true]
                      javax.swing.JPopupMenu[name=null, label=null, enabled=true, visible=false, showing=false]
                        se.cambiosys.client.framework.menueditor.internal.InitializingMenuItem[name=null, text='Insight', selected=false, enabled=true, visible=true, showing=false]
                          se.cambiosys.client.framework.core.internal.CambioShortcutMenuButton[name=null, text='', selected=false, enabled=true, visible=true, showing=false]
                    se.cambiosys.client.framework.components.CambioMenu[name=null, text='Bed management', selected=false, enabled=true, visible=true, showing=true]
                      javax.swing.JPopupMenu[name=null, label=null, enabled=true, visible=false, showing=false]
                        se.cambiosys.client.framework.menueditor.internal.InitializingMenuItem[name=null, text='Patient search', selected=false, enabled=true, visible=true, showing=false]
                          se.cambiosys.client.framework.core.internal.CambioShortcutMenuButton[name=null, text='', selected=false, enabled=true, visible=true, showing=false]
                        se.cambiosys.client.framework.menueditor.internal.InitializingMenuItem[name=null, text='Bed reservation overview', selected=false, enabled=true, visible=true, showing=false]
                          se.cambiosys.client.framework.core.internal.CambioShortcutMenuButton[name=null, text='', selected=false, enabled=true, visible=true, showing=false]
                        se.cambiosys.client.framework.menueditor.internal.InitializingMenuItem[name=null, text='Bed Administration', selected=false, enabled=true, visible=true, showing=false]
                          se.cambiosys.client.framework.core.internal.CambioShortcutMenuButton[name=null, text='', selected=false, enabled=true, visible=true, showing=false]
            se.cambiosys.client.framework.subjectofcare.internal.gui.SOCComponentPanel[name=null]
              se.cambiosys.client.framework.subjectofcare.internal.gui.SOCComponentPanel$1(se.cambiosys.client.framework.components.CambioTabbedPane)[name='TopTabbedPaneTab', selectedTabIndex=0, selectedTabTitle='', tabCount=2, tabTitles=["", ""], enabled=true, visible=true, showing=true
                se.cambiosys.client.framework.patients.internal.gui.PatientSOCPanel[name='Patient.PatientSOCPanel']
                  se.cambiosys.client.framework.patients.internal.gui.PatientSOCSearchPanel[name='Patient.PatientSOCPanel.searchPanel']
                    se.cambiosys.client.framework.patients.gui.PatientIdentifierNumberTextField[name='Patient.PatientSOCSearchPanel.numberTextField', text='19', enabled=true, visible=true, showing=true]
                    se.cambiosys.client.framework.components.CambioLabeledTextField[name='Patient.PatientSOCSearchPanel.nameTextField', text='', enabled=true, visible=true, showing=true]
                    se.cambiosys.client.framework.components.CambioLabeledTextField[name='Patient.PatientSOCSearchPanel.familyNameTextField', text='', enabled=true, visible=true, showing=true]
                    se.cambiosys.client.framework.subjectofcare.gui.CambioClickablePatientBannerButton[name='Patient.PatientSOCSearchPanel.searchButton', text=null, enabled=true, visible=true, showing=true]
                    se.cambiosys.client.framework.components.CambioLabel[name='Patient.PatientSOCSearchPanel.dummyLabel2', text='', enabled=true, visible=true, showing=true]
                    se.cambiosys.client.framework.subjectofcare.CambioPatientBannerButton[name='Patient.PatientSOCSearchPanel.clearButton', text='Clear', enabled=true, visible=true, showing=true]
                    se.cambiosys.client.framework.subjectofcare.CambioPatientBannerButton[name='Patient.PatientSOCSearchPanel.getPatientButton', text='Lists', enabled=true, visible=true, showing=true]
                  se.cambiosys.client.framework.patients.internal.gui.PatientSOCSelectedPanel[name='Patient.PatientSOCPanel.selectedPanel']
                    se.cambiosys.client.framework.components.CambioLabel[name='Patients.PatientSOCSelectedPanel.PatientSOCSelectedPanel', text='', enabled=true, visible=true, showing=false]
                    se.cambiosys.client.framework.components.CambioPanel[name='Patients.PatientSOCSelectedPanel.PatientSOCSelectedPanel']
                      se.cambio.attentionsignal.plugin.AttentionSignalSoCListPlugin[name=null]
                        se.cambiosys.client.framework.components.CambioPanel[name=null]
                          se.cambiosys.client.framework.components.CambioPanel[name=null]
                            se.cambio.attentionsignal.icons.BusyIconLabel[name=null, text='', enabled=true, visible=true, showing=false]
                          se.cambiosys.client.framework.components.CambioPanel[name=null]
                            se.cambio.attentionsignal.component.view.AbstractAttentionSignalIconView$2(se.cambiosys.client.framework.components.CambioLabel)[name='Table.cellRenderer', text='', enabled=true, visible=true, showing=false]
                    se.cambiosys.client.framework.subjectofcare.internal.gui.PatientDetailsPanel[name='Patients.PatientSOCSelectedPanel.PatientSOCSelectedPanel']
                      se.cambiosys.client.framework.components.CambioPanel[name='Subjectofcare.PatientDetailsPanel.endPanel']
                        se.cambiosys.client.framework.components.CambioLabel[name='Subjectofcare.PatientDetailsPanel.ageLabel', text='', enabled=true, visible=true, showing=false]
                        se.cambiosys.client.framework.subjectofcare.internal.gui.PatientPluginLoadingPanel[name=null]
                          se.cambiosys.client.framework.patients.internal.gui.PatientSOCLoadingPanel[name=null]
                            org.jdesktop.swingx.JXBusyLabel[name=null, text='', enabled=true, visible=true, showing=false]
                          se.cambiosys.client.framework.components.CambioPanel[name='Patients.PatientSOCSelectedPanel.PatientSOCSelectedPanel']
                            se.cambiosys.client.framework.components.CambioPanel[name='Patients.PatientSOCSelectedPanel.PatientSOCSelectedPanel']
                            se.cambiosys.client.framework.components.CambioPanel[name='Patients.PatientSOCSelectedPanel.PatientSOCSelectedPanel']
                              se.cambiosys.client.framework.patients.internal.gui.patientbannerplugins.SexPatientBannerPlugin[name='Table.cellRenderer', text='', enabled=true, visible=true, showing=false]
                              se.cambiosys.client.framework.components.CambioLabel[name='Patient.PatientCommunicationBannerPlugin.bannerLabel', text='', enabled=true, visible=true, showing=false]
                              se.cambiosys.client.membership.plugin.patient.MembershipPatientBannerPlugin[name='Table.cellRenderer', text='', enabled=true, visible=true, showing=false]
                              se.cambiosys.client.framework.patients.internal.gui.patientbannerplugins.ConnectedPatientButtonPlugin[name=null, text='', enabled=true, visible=false, showing=false]
                              se.cambiosys.client.framework.patients.internal.gui.patientbannerplugins.MotherChildPatientBannerPlugin[name='Patients.PatientBannerPlugins.MotherChildPatientBannerPlugin', text='', enabled=true, visible=true, showing=false]
                              se.cambiosys.client.patientlist.mylist.comment.AddToMyListPatientBannerPlugin[name=null, text='', enabled=false, visible=true, showing=false]
                              se.cambiosys.client.framework.patients.internal.gui.patientbannerplugins.InfoClassedButtonPlugin[name=null, text='', enabled=true, visible=false, showing=false]
                              se.cambiosys.client.countermodule.patientbannerplugins.ongoingcontact.OngoingContactPatientBannerComponent[name=null]
                                se.cambiosys.client.countermodule.patientbannerplugins.ongoingcontact.PatientBannerContactButton[name=null, text='', enabled=true, visible=false, showing=false]
                                se.cambiosys.client.countermodule.patientbannerplugins.ongoingcontact.PatientBannerContactButton[name=null, text='', enabled=true, visible=false, showing=false]
                                se.cambiosys.client.countermodule.patientbannerplugins.ongoingcontact.PatientBannerContactButton[name=null, text='', enabled=true, visible=false, showing=false]
                                se.cambiosys.client.countermodule.patientbannerplugins.ongoingcontact.PatientBannerContactButton[name=null, text='', enabled=true, visible=false, showing=false]
                                se.cambiosys.client.countermodule.patientbannerplugins.ongoingcontact.PatientBannerContactButton[name=null, text='', enabled=true, visible=false, showing=false]
                              se.cambiosys.client.psychiatricmodule.patientbannerplugins.CareTypePatientBannerPlugin[name=null]
                              se.cambio.link.client.linkcase.patientbanner.view.LinkCasePatientBannerComponent[name=null, text='', enabled=true, visible=false, showing=false]
                              se.cambio.client.cds.adaptor.gui.CdsPatientBannerButton[name='CambioClickablePatientBannerButton_cdsPatientBannerButton', text='', enabled=true, visible=false, showing=false]
                      se.cambiosys.client.framework.components.CambioLabel[name='Subjectofcare.PatientDetailsPanel.identifierLabel', text='', enabled=true, visible=true, showing=false]
                      se.cambiosys.client.framework.components.CambioTextPane[name='Subjectofcare.PatientDetailsPanel.namePanel', text='', enabled=true, visible=false, showing=false]
                      se.cambiosys.client.framework.components.CambioTextPane[name='Subjectofcare.PatientDetailsPanel.namePanelTruncated', text='', enabled=true, visible=true, showing=false]
                      se.cambiosys.client.framework.components.CambioLabel[name='Table.cellRenderer', text='', enabled=true, visible=false, showing=false]
                    se.cambiosys.client.framework.components.CambioPanel[name=null]
                    se.cambiosys.client.framework.subjectofcare.CambioPatientBannerButton[name='Patients.PatientSOCSelectedPanel.PatientSOCSelectedPanel', text='Clear', enabled=true, visible=true, showing=false]
                    se.cambiosys.client.framework.subjectofcare.CambioPatientBannerButton[name=null, text='Lists', enabled=true, visible=true, showing=false]
                    se.cambiosys.client.framework.subjectofcare.CambioPatientBannerButton[name='Patients.PatientSOCSelectedPanel.PatientSOCSelectedPanel', text='', enabled=true, visible=true, showing=false]
                se.cambiosys.client.framework.subjectofcare.internal.group.gui.GroupSOCPanel[name=null]
                  se.cambiosys.client.framework.subjectofcare.internal.group.gui.GroupSOCSearchPanel[name='Subjectofcare.GroupSOCPanel.searchPanel']
                    se.cambiosys.client.framework.components.CambioSelectionComboBox[name='Subjectofcare.GroupSOCSearchPanel.careUnitSelectionComboBox', selectedItem=null, contents=[], editable=false, enabled=true, visible=true, showing=false]
                      javax.swing.plaf.synth.SynthArrowButton[name='ComboBox.arrowButton', text='', enabled=true, visible=true, showing=false]
                      javax.swing.CellRendererPane[,0,0,0x0,hidden]
                    se.cambiosys.client.framework.components.CambioSelectionComboBox[name='Subjectofcare.GroupSOCSearchPanel.careGiverSelectionComboBox', selectedItem=null, contents=[], editable=false, enabled=true, visible=true, showing=false]
                      javax.swing.plaf.synth.SynthArrowButton[name='ComboBox.arrowButton', text='', enabled=true, visible=true, showing=false]
                      javax.swing.CellRendererPane[,0,0,0x0,hidden]
                    se.cambiosys.client.framework.components.CambioLabeledTextField[name='Subjectofcare.GroupSOCSearchPanel.groupNameTextField', text='', enabled=true, visible=true, showing=false]
                    se.cambiosys.client.framework.subjectofcare.gui.CambioClickablePatientBannerButton[name='Subjectofcare.GroupSOCSearchPanel.searchButton', text=null, enabled=true, visible=true, showing=false]
                    se.cambiosys.client.framework.subjectofcare.CambioPatientBannerButton[name='Subjectofcare.GroupSOCSearchPanel.clearButton', text='Clear', enabled=true, visible=true, showing=false]
                  se.cambiosys.client.framework.subjectofcare.internal.group.gui.GroupSOCSelectedPanel[name='Subjectofcare.GroupSOCPanel.selectedPanel']
                    se.cambiosys.client.framework.components.CambioLabel[name='SubjectGroupSOCSelectedPanel.detailLabel', text='', enabled=true, visible=true, showing=false]
                    se.cambiosys.client.framework.subjectofcare.internal.group.gui.GroupDetailsPanel[name='SubjectGroupSOCSelectedPanel.groupDetailsPanel']
                      se.cambiosys.client.framework.components.CambioLabel[name='Subjectofcare.GroupDetailsPanel.groupSizeLabel', text='', enabled=true, visible=true, showing=false]
                      se.cambiosys.client.framework.components.CambioLabel[name='Subjectofcare.GroupDetailsPanel.groupNameLabel', text='', enabled=true, visible=true, showing=false]
                      se.cambiosys.client.framework.components.CambioLabel[name='Subjectofcare.GroupDetailsPanel.dummyLabel', text='', enabled=true, visible=true, showing=false]
                    se.cambiosys.client.framework.subjectofcare.CambioPatientBannerButton[name='SubjectGroupSOCSelectedPanel.clearButton', text='Clear', enabled=true, visible=true, showing=false]
                    se.cambiosys.client.framework.subjectofcare.CambioPatientBannerButton[name='SubjectGroupSOCSelectedPanel.toggleButton', text='', enabled=true, visible=true, showing=false]
            se.cambiosys.client.framework.core.internal.gui.SecurityStatusComponent[name=null]
          se.cambiosys.client.framework.components.CambioSplitPane[,0,62,2880x1469,invalid,layout=javax.swing.plaf.basic.BasicSplitPaneUI$BasicHorizontalLayoutManager,alignmentX=0.0,alignmentY=0.0,border=javax.swing.plaf.synth.SynthBorder@3d9f4d7e,flags=201326920,maximumSize=,minimumSize=,preferredSize=,continuousLayout=false,dividerSize=2,lastDividerLocation=-1,oneTouchExpandable=false,orientation=HORIZONTAL_SPLIT]
            javax.swing.plaf.synth.SynthSplitPaneDivider[,200,0,2x1469,layout=javax.swing.plaf.basic.BasicSplitPaneDivider$DividerLayout]
            se.cambiosys.client.framework.core.internal.gui.SidebarPanel[name=null]
              se.cambiosys.client.framework.components.CambioPanel[name=null]
                se.cambiosys.client.framework.core.internal.gui.ShortcutContainerPanel[name=null]
                  se.cambiosys.client.framework.components.CambioPanel[name=null]
                    se.cambiosys.client.framework.components.CambioPanel[name=null]
                      javax.swing.JLabel[name=null, text='MY SHORTCUTS', enabled=true, visible=true, showing=true]
                    se.cambiosys.client.framework.core.internal.gui.ShortcutContainerPanel$2(se.cambiosys.client.framework.components.CambioPanel)[name=null]
                  se.cambiosys.client.framework.components.CambioPanel[name=null]
                    se.cambiosys.client.framework.components.CambioScrollPane[name=null, enabled=true, visible=true, showing=true]
                      javax.swing.JViewport[,0,0,191x663,layout=javax.swing.ViewportLayout,alignmentX=0.0,alignmentY=0.0,border=,flags=25165832,maximumSize=,minimumSize=,preferredSize=,isViewSizeSet=true,lastPaintPosition=java.awt.Point[x=0,y=0],scrollUnderway=false]
                        se.cambiosys.client.framework.core.internal.gui.ScrollableContainerPanel[name=null]
                          se.cambiosys.client.framework.core.internal.gui.OpenedWindowPanel[name=null]
                            se.cambiosys.client.framework.core.internal.gui.OpenedWindowPanel$2(javax.swing.JToggleButton)[name=null, text='Order', selected=false, enabled=false, visible=true, showing=true]
                            se.cambiosys.client.framework.components.CambioPanel[name=null]
                              javax.swing.JButton[name=null, text='', enabled=false, visible=false, showing=false]
                      javax.swing.JScrollPane$ScrollBar[name=null, value=0, blockIncrement=10, minimum=0, maximum=663, enabled=true, visible=false, showing=false]
                        javax.swing.plaf.synth.SynthScrollBarUI$2(javax.swing.plaf.synth.SynthArrowButton)[name='ScrollBar.button', text='', enabled=true, visible=true, showing=false]
                        javax.swing.plaf.synth.SynthScrollBarUI$1(javax.swing.plaf.synth.SynthArrowButton)[name='ScrollBar.button', text='', enabled=true, visible=true, showing=false]
                      javax.swing.JScrollPane$ScrollBar[name=null, value=0, blockIncrement=10, minimum=0, maximum=191, enabled=true, visible=false, showing=false]
                        javax.swing.plaf.synth.SynthScrollBarUI$2(javax.swing.plaf.synth.SynthArrowButton)[name='ScrollBar.button', text='', enabled=true, visible=true, showing=false]
                        javax.swing.plaf.synth.SynthScrollBarUI$1(javax.swing.plaf.synth.SynthArrowButton)[name='ScrollBar.button', text='', enabled=true, visible=true, showing=false]
                    se.cambiosys.client.framework.core.internal.gui.ShortcutContainerPanel$1(se.cambiosys.client.framework.components.CambioPanel)[name=null]
                se.cambiosys.client.framework.components.CambioPanel[name=null]
                  javax.swing.JSeparator[,0,0,191x3,alignmentX=0.0,alignmentY=0.0,border=javax.swing.plaf.synth.SynthBorder@64c4e2a9,flags=0,maximumSize=,minimumSize=,preferredSize=,orientation=HORIZONTAL]
                  se.cambiosys.client.framework.core.internal.gui.SidebarPanel$1(se.cambiosys.client.framework.components.CambioPanel)[name=null]
                se.cambiosys.client.framework.core.internal.gui.OpenedWindowsContainerPanel[name=null]
                  se.cambiosys.client.framework.components.CambioPanel[name=null]
                    se.cambiosys.client.framework.components.CambioScrollPane[name=null, enabled=true, visible=true, showing=true]
                      javax.swing.JViewport[,0,0,191x640,layout=javax.swing.ViewportLayout,alignmentX=0.0,alignmentY=0.0,border=,flags=25165832,maximumSize=,minimumSize=,preferredSize=,isViewSizeSet=true,lastPaintPosition=java.awt.Point[x=0,y=0],scrollUnderway=false]
                        se.cambiosys.client.framework.core.internal.gui.ScrollableContainerPanel[name=null]
                      javax.swing.JScrollPane$ScrollBar[name=null, value=0, blockIncrement=10, minimum=0, maximum=640, enabled=true, visible=false, showing=false]
                        javax.swing.plaf.synth.SynthScrollBarUI$2(javax.swing.plaf.synth.SynthArrowButton)[name='ScrollBar.button', text='', enabled=true, visible=true, showing=false]
                        javax.swing.plaf.synth.SynthScrollBarUI$1(javax.swing.plaf.synth.SynthArrowButton)[name='ScrollBar.button', text='', enabled=true, visible=true, showing=false]
                      javax.swing.JScrollPane$ScrollBar[name=null, value=0, blockIncrement=10, minimum=0, maximum=191, enabled=true, visible=false, showing=false]
                        javax.swing.plaf.synth.SynthScrollBarUI$2(javax.swing.plaf.synth.SynthArrowButton)[name='ScrollBar.button', text='', enabled=true, visible=true, showing=false]
                        javax.swing.plaf.synth.SynthScrollBarUI$1(javax.swing.plaf.synth.SynthArrowButton)[name='ScrollBar.button', text='', enabled=true, visible=true, showing=false]
                    se.cambiosys.client.framework.core.internal.gui.OpenedWindowsContainerPanel$1(se.cambiosys.client.framework.components.CambioPanel)[name=null]
                  se.cambiosys.client.framework.components.CambioPanel[name=null]
                    se.cambiosys.client.framework.components.CambioCheckBox[name=null, text='Keep windows', selected=true, enabled=true, visible=true, showing=true]
                    se.cambiosys.client.framework.core.internal.multimonitor.MultiMonitorComponent[name=null, text='', enabled=true, visible=true, showing=true]
              se.cambiosys.client.framework.components.notification.plugin.gui.NotificationPluginComponent[name=null]
                se.cambiosys.client.framework.components.progress.CambioBusyLabel[name=null, text='', enabled=true, visible=true, showing=true]
              se.cambiosys.client.framework.core.internal.gui.SideBarBottomPanel[name=null]
                se.cambiosys.client.framework.subjectofcare.gui.CambioClickablePatientBannerButton[name=null, text='', enabled=true, visible=true, showing=true]
                se.cambiosys.client.framework.subjectofcare.gui.CambioClickablePatientBannerButton[name=null, text='', enabled=true, visible=true, showing=true]
                se.cambiosys.client.framework.subjectofcare.gui.CambioClickablePatientBannerButton[name=null, text='', enabled=true, visible=true, showing=true]
                se.cambiosys.client.framework.subjectofcare.gui.CambioClickablePatientBannerButton[name=null, text='', enabled=true, visible=true, showing=true]
                se.cambiosys.client.framework.components.CambioLabel[name='Table.cellRenderer', text='', enabled=true, visible=true, showing=true]
            se.cambiosys.client.framework.components.CambioDesktopPane[]
              javax.swing.JLabel[name=null, text='', enabled=true, visible=true, showing=true]
        se.cambiosys.client.framework.core.internal.gui.ScreenSaverPanel[name=null]
          se.cambiosys.client.framework.components.CambioLabel[name='Table.cellRenderer', text=' ', enabled=true, visible=true, showing=false]
        se.cambiosys.client.framework.core.internal.gui.ScreenSaverLoginPanel[name=null]
        se.cambiosys.client.framework.core.internal.gui.NoPermissionPanel[name=null]
          se.cambiosys.client.framework.core.internal.gui.NoPermissionPanel$1(javax.swing.JPanel)[name=null]
            se.cambiosys.client.framework.components.CambioPanel[name=null]
              se.cambiosys.client.framework.core.internal.gui.NoPermissionPanel$3(se.cambiosys.client.framework.components.CambioLabel)[name='Table.cellRenderer', text='or if the user is inactivated by the system administrator. Click OK to login again.', enabled=true, visible=true, showing=false]
              se.cambiosys.client.framework.components.CambioPanel[name=null]
              se.cambiosys.client.framework.components.CambioButton[name=null, text='OK', enabled=true, visible=true, showing=false]
              se.cambiosys.client.framework.core.internal.gui.NoPermissionPanel$2(se.cambiosys.client.framework.components.CambioLabel)[name='Table.cellRenderer', text='You have been logged out from this computer. This happens if the same user log in to another computer', enabled=true, visible=true, showing=false]
      de.javasoft.plaf.synthetica.SyntheticaTitlePane[name='RootPane.titlePane']
        javax.swing.JButton[name='RootPane.titlePane.menuButton', text='', enabled=true, visible=true, showing=true]
        javax.swing.JLabel[name='RootPane.title', text=' ', enabled=true, visible=true, showing=true]
        javax.swing.JLabel[name='RootPane.menuBar', text=' ', enabled=true, visible=false, showing=false]
        javax.swing.JButton[name='RootPane.titlePane.iconifyButton', text=null, enabled=true, visible=true, showing=true]
        javax.swing.JButton[name='RootPane.titlePane.toggleButton', text=null, enabled=true, visible=true, showing=true]
        javax.swing.JButton[name='RootPane.titlePane.closeButton', text=null, enabled=true, visible=true, showing=true]
  se.cambiosys.client.framework.subjectofcare.internal.group.gui.GroupSOCSelectedPanel$ExtendedGroupBannerDialog[name='dialog2', title=null, enabled=true, modal=false, visible=false, showing=false]
    javax.swing.JRootPane[]
      javax.swing.JPanel[name='null.glassPane']
      javax.swing.JLayeredPane[]
        javax.swing.JPanel[name='null.contentPane']
          se.cambiosys.client.framework.subjectofcare.internal.group.gui.ExtendedGroupBannerPanel[name='SubjectGroupSOCSelectedPanel.groupBannerPanel']
            se.cambiosys.client.framework.components.CambioScrollPane[name='Subjectofcare.ExtendedGroupBannerPanel.scrollPane', enabled=true, visible=true, showing=false]
              javax.swing.JViewport[,0,0,0x0,invalid,layout=javax.swing.ViewportLayout,alignmentX=0.0,alignmentY=0.0,border=,flags=25165824,maximumSize=,minimumSize=,preferredSize=,isViewSizeSet=false,lastPaintPosition=,scrollUnderway=false]
                se.cambiosys.client.framework.subjectofcare.internal.group.gui.ExtendedGroupBannerPanel$1(se.cambiosys.client.framework.components.CambioTextPane)[name='Subjectofcare.ExtendedGroupBannerPanel.textPane', text='<html>
  <head>

  </head>
  <body>
    <p style="margin-top: 0">
      
    </p>
  </body>
</html>
', enabled=true, visible=true, showing=false]
              javax.swing.JScrollPane$ScrollBar[name=null, value=0, blockIncrement=10, minimum=0, maximum=100, enabled=true, visible=true, showing=false]
                javax.swing.plaf.synth.SynthScrollBarUI$2(javax.swing.plaf.synth.SynthArrowButton)[name='ScrollBar.button', text='', enabled=true, visible=true, showing=false]
                javax.swing.plaf.synth.SynthScrollBarUI$1(javax.swing.plaf.synth.SynthArrowButton)[name='ScrollBar.button', text='', enabled=true, visible=true, showing=false]
              javax.swing.JScrollPane$ScrollBar[name=null, value=0, blockIncrement=10, minimum=0, maximum=100, enabled=true, visible=true, showing=false]
                javax.swing.plaf.synth.SynthScrollBarUI$2(javax.swing.plaf.synth.SynthArrowButton)[name='ScrollBar.button', text='', enabled=true, visible=true, showing=false]
                javax.swing.plaf.synth.SynthScrollBarUI$1(javax.swing.plaf.synth.SynthArrowButton)[name='ScrollBar.button', text='', enabled=true, visible=true, showing=false]
            se.cambiosys.client.framework.components.CambioPanel[name='Subjectofcare.ExtendedGroupBannerPanel.buttonPanel']
              se.cambiosys.client.framework.components.CambioButton[name='Subjectofcare.ExtendedGroupBannerPanel.btnGroupCard', text='Group card', enabled=true, visible=true, showing=false]
  se.cambiosys.client.framework.subjectofcare.internal.gui.ExtendedPatientBannerDialog[name='Patients.PatientSOCSelectedPanel.PatientSOCSelectedPanel', title=null, enabled=true, modal=false, visible=false, showing=false]
    javax.swing.JRootPane[]
      javax.swing.JPanel[name='null.glassPane']
      javax.swing.JLayeredPane[]
        javax.swing.JPanel[name='null.contentPane']
          se.cambiosys.client.framework.subjectofcare.internal.gui.ExtendedPatientBannerPanel[name='Patients.PatientSOCSelectedPanel.PatientSOCSelectedPanel']
            se.cambiosys.client.framework.components.CambioScrollPane[name='Subjectofcare.ExtendedPatientBannerPanel.scrollPane', enabled=true, visible=true, showing=false]
              javax.swing.JViewport[,0,0,0x0,invalid,layout=javax.swing.ViewportLayout,alignmentX=0.0,alignmentY=0.0,border=,flags=25165824,maximumSize=,minimumSize=,preferredSize=,isViewSizeSet=false,lastPaintPosition=,scrollUnderway=false]
                se.cambiosys.client.framework.subjectofcare.internal.gui.ExtendedPatientBannerPanel$1(se.cambiosys.client.framework.components.CambioTextPane)[name='Subjectofcare.ExtendedPatientBannerPanel.textPane', text='<html>
  <head>

  </head>
  <body>
    <p style="margin-top: 0">
      
    </p>
  </body>
</html>
', enabled=true, visible=true, showing=false]
              javax.swing.JScrollPane$ScrollBar[name=null, value=0, blockIncrement=10, minimum=0, maximum=100, enabled=true, visible=true, showing=false]
                javax.swing.plaf.synth.SynthScrollBarUI$2(javax.swing.plaf.synth.SynthArrowButton)[name='ScrollBar.button', text='', enabled=true, visible=true, showing=false]
                javax.swing.plaf.synth.SynthScrollBarUI$1(javax.swing.plaf.synth.SynthArrowButton)[name='ScrollBar.button', text='', enabled=true, visible=true, showing=false]
              javax.swing.JScrollPane$ScrollBar[name=null, value=0, blockIncrement=10, minimum=0, maximum=100, enabled=true, visible=true, showing=false]
                javax.swing.plaf.synth.SynthScrollBarUI$2(javax.swing.plaf.synth.SynthArrowButton)[name='ScrollBar.button', text='', enabled=true, visible=true, showing=false]
                javax.swing.plaf.synth.SynthScrollBarUI$1(javax.swing.plaf.synth.SynthArrowButton)[name='ScrollBar.button', text='', enabled=true, visible=true, showing=false]
            se.cambiosys.client.framework.components.CambioPanel[name='Subjectofcare.ExtendedPatientBannerPanel.buttonPanel']
              se.cambiosys.client.framework.components.CambioButton[name='Subjectofcare.ExtendedPatientBannerPanel.btnPatientCard', text='Patient card', enabled=true, visible=true, showing=false]

at se.cambio.test.taf.element.desktop.elementbase.core.BaseElement.handleComponentLookUpException(BaseElement.java:288)
at se.cambio.test.taf.element.desktop.elementbase.core.BaseJMenuItem.<init>(BaseJMenuItem.java:72)
at se.cambio.test.taf.element.desktop.elementbase.core.BaseJMenu.selectMenu(BaseJMenu.java:45)
at se.cambio.test.taf.element.desktop.element.JMenu.selectCosmicMenu(JMenu.java:33)
at se.cambio.test.taf.element.desktop.DesktopContainerLocator.selectMenu(DesktopContainerLocator.java:206)
at se.cambio.test.taf.element.desktop.PageObject.selectMenu(PageObject.java:449)
at se.cambio.qa.panels.CosmicCDECommonHeaderPanel.headerPanel_NavigateToMenu(CosmicCDECommonHeaderPanel.java:109)
at se.cambio.qa.panels.CosmicCDECommonHeaderPanel.landing_mb_navigate_region_membership_section(CosmicCDECommonHeaderPanel.java:345)
at se.cambio.qa.pages.CosmicCDECommonLandingPage.landing_mb_navigate_region_membership_section(CosmicCDECommonLandingPage.java:394)
at se.cambio.qa.dev.MbSampleTest.step_mb_region_membership(MbSampleTest.java:20)
at sun.reflect.NativeMethodAccessorImpl.invoke0(Native Method)
at sun.reflect.NativeMethodAccessorImpl.invoke(NativeMethodAccessorImpl.java:62)
at sun.reflect.DelegatingMethodAccessorImpl.invoke(DelegatingMethodAccessorImpl.java:43)
at java.lang.reflect.Method.invoke(Method.java:498)
at org.testng.internal.MethodInvocationHelper.invokeMethod(MethodInvocationHelper.java:124)
at org.testng.internal.Invoker.invokeMethod(Invoker.java:583)
at org.testng.internal.Invoker.invokeTestMethod(Invoker.java:719)
at org.testng.internal.Invoker.invokeTestMethods(Invoker.java:989)
at org.testng.internal.TestMethodWorker.invokeTestMethods(TestMethodWorker.java:125)
at org.testng.internal.TestMethodWorker.run(TestMethodWorker.java:109)
at org.testng.TestRunner.privateRun(TestRunner.java:648)
at org.testng.TestRunner.run(TestRunner.java:505)
at org.testng.SuiteRunner.runTest(SuiteRunner.java:455)
at org.testng.SuiteRunner.runSequentially(SuiteRunner.java:450)
at org.testng.SuiteRunner.privateRun(SuiteRunner.java:415)
at org.testng.SuiteRunner.run(SuiteRunner.java:364)
at org.testng.SuiteRunnerWorker.runSuite(SuiteRunnerWorker.java:52)
at org.testng.SuiteRunnerWorker.run(SuiteRunnerWorker.java:84)
at org.testng.TestNG.runSuitesSequentially(TestNG.java:1208)
at org.testng.TestNG.runSuitesLocally(TestNG.java:1137)
at org.testng.TestNG.runSuites(TestNG.java:1049)
at org.testng.TestNG.run(TestNG.java:1017)
at se.cambio.test.runner.framework.executor.impl.local.TestNgTestExecutor.runTestSuite(TestNgTestExecutor.java:53)
at se.cambio.test.runner.framework.executor.impl.local.TestNgTestExecutor.execute(TestNgTestExecutor.java:37)
at se.cambio.test.runner.framework.runner.DelegatingTestRunner.run(DelegatingTestRunner.java:34)
... 30 more
]]>
    </error>
  </testcase> <!-- step_mb_region_membership -->
</testsuite> <!-- se.cambio.qa.dev.MbSampleTest -->
