<?xml version="1.0" encoding="UTF-8" ?>
<testsuite tests="1" failures="1" name="TestSuite" time="60.315" errors="0" skipped="0">
  <properties>
    <property name="java.vendor" value="Oracle Corporation"/>
    <property name="localRepository" value="c:\mvn_repo"/>
    <property name="sun.java.launcher" value="SUN_STANDARD"/>
    <property name="sun.management.compiler" value="HotSpot 64-Bit Tiered Compilers"/>
    <property name="sun.nio.ch.bugLevel" value=""/>
    <property name="logmessages" value="true"/>
    <property name="os.name" value="Windows 10"/>
    <property name="sun.boot.class.path" value="C:\Program Files\Java\jdk1.8.0_162\jre\lib\resources.jar;C:\Program Files\Java\jdk1.8.0_162\jre\lib\rt.jar;C:\Program Files\Java\jdk1.8.0_162\jre\lib\sunrsasign.jar;C:\Program Files\Java\jdk1.8.0_162\jre\lib\jsse.jar;C:\Program Files\Java\jdk1.8.0_162\jre\lib\jce.jar;C:\Program Files\Java\jdk1.8.0_162\jre\lib\charsets.jar;C:\Program Files\Java\jdk1.8.0_162\jre\lib\jfr.jar;C:\Program Files\Java\jdk1.8.0_162\jre\classes"/>
    <property name="homedir" value="E:/Logfiles/Client_Logfiles/SLakmal/"/>
    <property name="acrobatReaderVersion" value="7"/>
    <property name="sun.desktop" value="windows"/>
    <property name="visualImpairmentUser" value="false"/>
    <property name="java.vm.specification.vendor" value="Oracle Corporation"/>
    <property name="cbiUseHttpForRelativePaths" value="true"/>
    <property name="java.runtime.version" value="1.8.0_162-b12"/>
    <property name="executeCommandAtPrintout" value=""/>
    <property name="CosmicUserHome" value="/D:/CTAFProject/team-projects/process-support/Client/Application"/>
    <property name="prism.allowhidpi" value="false"/>
    <property name="user.name" value="SLakmal"/>
    <property name="height" value=""/>
    <property name="javax.net.ssl.trustStoreType" value="Windows-ROOT"/>
    <property name="javafx.runtime.version" value="8.0.162-b12"/>
    <property name="user.language" value="en"/>
    <property name="sun.boot.library.path" value="C:\Program Files\Java\jdk1.8.0_162\jre\bin"/>
    <property name="java.version" value="1.8.0_162"/>
    <property name="user.timezone" value="Asia/Colombo"/>
    <property name="sun.arch.data.model" value="64"/>
    <property name="java.endorsed.dirs" value="C:\Program Files\Java\jdk1.8.0_162\jre\lib\endorsed"/>
    <property name="sun.cpu.isalist" value="amd64"/>
    <property name="sun.jnu.encoding" value="Cp1252"/>
    <property name="file.encoding.pkg" value="sun.io"/>
    <property name="SyntheticaAddons.license.key" value="9CDE8D1B-E578FB5A-EFFEE872-2735E34D-783F86C5"/>
    <property name="readOnlyMode" value="false"/>
    <property name="file.separator" value="\"/>
    <property name="java.specification.name" value="Java Platform API Specification"/>
    <property name="java.class.version" value="52.0"/>
    <property name="SyntheticaAddons.license.info" value="Licensee=Cambio Healthcare Systems AB,LicenseRegistrationNumber=132009,Product=SyntheticaAddons,LicenseType=Enterprise Site License,ExpireDate=--.--.----,MaxVersion=1.8.999"/>
    <property name="user.country" value="US"/>
    <property name="keepReportFiles" value="true"/>
    <property name="helpURL" value=""/>
    <property name="java.home" value="C:\Program Files\Java\jdk1.8.0_162\jre"/>
    <property name="java.vm.info" value="mixed mode"/>
    <property name="cbiDevMode" value="true"/>
    <property name="os.version" value="10.0"/>
    <property name="surefire.real.class.path" value="D:\CTAFProject\team-projects\peagasus\cambio-taf-projects\cambio-taf-cosmic-mb-test\target\surefire\surefirebooter4536234962987528268.jar"/>
    <property name="useVersionCheck" value="false"/>
    <property name="testCaseTimeOutMins" value="7"/>
    <property name="path.separator" value=";"/>
    <property name="hostname" value=""/>
    <property name="java.vm.version" value="25.162-b12"/>
    <property name="user.variant" value=""/>
    <property name="useGUIThreadCheck" value="false"/>
    <property name="sun.awt.enableExtraMouseButtons" value="true"/>
    <property name="java.awt.printerjob" value="sun.awt.windows.WPrinterJob"/>
    <property name="AWT.EventQueueClass" value="se.cambiosys.client.framework.core.internal.TrackingEventQueue"/>
    <property name="enableScreenshotsOnErrorReports" value="false"/>
    <property name="sun.io.unicode.encoding" value="UnicodeLittle"/>
    <property name="awt.toolkit" value="sun.awt.windows.WToolkit"/>
    <property name="user.script" value=""/>
    <property name="prism.lcdtext" value="true"/>
    <property name="sun.awt.exception.handler" value="se.cambiosys.client.framework.core.internal.TopLevelExceptionHandler"/>
    <property name="user.home" value="C:\Users\SLakmal"/>
    <property name="language" value="en"/>
    <property name="java.specification.vendor" value="Oracle Corporation"/>
    <property name="java.library.path" value="C:\Program Files\Java\jdk1.8.0_162\jre\bin;C:\WINDOWS\Sun\Java\bin;C:\WINDOWS\system32;C:\WINDOWS;C:\ProgramData\DockerDesktop\version-bin;C:\Program Files\Docker\Docker\Resources\bin;C:\Program Files (x86)\ActiveState Komodo Edit 11\;C:\Program Files (x86)\Intel\Intel(R) Management Engine Components\iCLS\;C:\Program Files\Intel\Intel(R) Management Engine Components\iCLS\;C:\WINDOWS\system32;C:\WINDOWS;C:\WINDOWS\System32\Wbem;C:\WINDOWS\System32\WindowsPowerShell\v1.0\;C:\Program Files (x86)\Microsoft SQL Server\Client SDK\ODBC\130\Tools\Binn\;C:\Program Files (x86)\Microsoft SQL Server\140\Tools\Binn\;C:\Program Files (x86)\Microsoft SQL Server\140\DTS\Binn\;C:\Program Files (x86)\Microsoft SQL Server\140\Tools\Binn\ManagementStudio\;C:\Program Files (x86)\Intel\Intel(R) Management Engine Components\DAL;C:\Program Files\Intel\Intel(R) Management Engine Components\DAL;C:\Program Files (x86)\Intel\Intel(R) Management Engine Components\IPT;C:\Program Files\Intel\Intel(R) Management Engine Components\IPT;C:\Program Files\nodejs\;C:\Program Files\Java\jdk1.8.0_162\bin;C:\Program Files\Git\cmd;C:\Program Files\TortoiseSVN\bin;C:\Ruby23-x64\bin;D:\configuration-work-place\maven-repos\apache-maven\bin;D:\configuration-work-place\ant-repos\apache-ant\bin;C:\WINDOWS\System32\OpenSSH\;C:\Program Files\Intel\WiFi\bin\;C:\Program Files\Common Files\Intel\WirelessCommon\;C:\Users\SLakmal\AppData\Local\Programs\Python\Python37;C:\Program Files\TortoiseGit\bin;C:\Ruby23-x64\bin;C:\Users\SLakmal\AppData\Local\Microsoft\WindowsApps;C:\Users\SLakmal\AppData\Roaming\npm;D:\configuration-work-place\ant-repos\apache-ant\bin;;."/>
    <property name="java.vendor.url" value="http://java.oracle.com/"/>
    <property name="java.vm.vendor" value="Oracle Corporation"/>
    <property name="java.runtime.name" value="Java(TM) SE Runtime Environment"/>
    <property name="sun.java.command" value="D:\CTAFProject\team-projects\peagasus\cambio-taf-projects\cambio-taf-cosmic-mb-test\target\surefire\surefirebooter4536234962987528268.jar D:\CTAFProject\team-projects\peagasus\cambio-taf-projects\cambio-taf-cosmic-mb-test\target\surefire\surefire4221439360915399582tmp D:\CTAFProject\team-projects\peagasus\cambio-taf-projects\cambio-taf-cosmic-mb-test\target\surefire\surefire7074979956791522250tmp"/>
    <property name="java.class.path" value="D:\CTAFProject\team-projects\peagasus\cambio-taf-projects\cambio-taf-cosmic-mb-test\target\test-classes;D:\CTAFProject\team-projects\peagasus\cambio-taf-projects\cambio-taf-cosmic-mb-test\target\classes;c:\mvn_repo\se\cambio\qa\cambio-taf-cosmic-mb-pageobjects\1.0-SNAPSHOT\cambio-taf-cosmic-mb-pageobjects-1.0-SNAPSHOT.jar;c:\mvn_repo\se\cambio\qa\cambio-taf-cosmic-cde-pageobjects\1.0-SNAPSHOT\cambio-taf-cosmic-cde-pageobjects-1.0-SNAPSHOT.jar;c:\mvn_repo\se\cambio\test\taf\cambio-taf-gui-element-core\2.1.4-SNAPSHOT\cambio-taf-gui-element-core-2.1.4-SNAPSHOT.jar;c:\mvn_repo\se\cambio\test\taf\cambio-taf-core\2.1.6-SNAPSHOT\cambio-taf-core-2.1.6-SNAPSHOT.jar;c:\mvn_repo\se\cambio\qa\cambio-taf-support-runner\1.2.1-dev-SNAPSHOT\cambio-taf-support-runner-1.2.1-dev-SNAPSHOT.jar;c:\mvn_repo\org\springframework\spring-core\4.3.6.RELEASE\spring-core-4.3.6.RELEASE.jar;c:\mvn_repo\commons-logging\commons-logging\1.2\commons-logging-1.2.jar;c:\mvn_repo\com\jayway\restassured\rest-assured\2.9.0\rest-assured-2.9.0.jar;c:\mvn_repo\org\codehaus\groovy\groovy\2.4.4\groovy-2.4.4.jar;c:\mvn_repo\org\codehaus\groovy\groovy-xml\2.4.4\groovy-xml-2.4.4.jar;c:\mvn_repo\org\apache\httpcomponents\httpclient\4.5.1\httpclient-4.5.1.jar;c:\mvn_repo\org\apache\httpcomponents\httpcore\4.4.3\httpcore-4.4.3.jar;c:\mvn_repo\commons-codec\commons-codec\1.9\commons-codec-1.9.jar;c:\mvn_repo\org\apache\httpcomponents\httpmime\4.5.1\httpmime-4.5.1.jar;c:\mvn_repo\org\hamcrest\hamcrest-core\1.3\hamcrest-core-1.3.jar;c:\mvn_repo\org\hamcrest\hamcrest-library\1.3\hamcrest-library-1.3.jar;c:\mvn_repo\org\ccil\cowan\tagsoup\tagsoup\1.2.1\tagsoup-1.2.1.jar;c:\mvn_repo\com\jayway\restassured\json-path\2.9.0\json-path-2.9.0.jar;c:\mvn_repo\org\codehaus\groovy\groovy-json\2.4.4\groovy-json-2.4.4.jar;c:\mvn_repo\com\jayway\restassured\rest-assured-common\2.9.0\rest-assured-common-2.9.0.jar;c:\mvn_repo\com\jayway\restassured\xml-path\2.9.0\xml-path-2.9.0.jar;c:\mvn_repo\org\seleniumhq\selenium\selenium-java\2.53.1\selenium-java-2.53.1.jar;c:\mvn_repo\org\seleniumhq\selenium\selenium-chrome-driver\2.53.1\selenium-chrome-driver-2.53.1.jar;c:\mvn_repo\org\seleniumhq\selenium\selenium-remote-driver\2.53.1\selenium-remote-driver-2.53.1.jar;c:\mvn_repo\cglib\cglib-nodep\2.1_3\cglib-nodep-2.1_3.jar;c:\mvn_repo\com\google\code\gson\gson\2.3.1\gson-2.3.1.jar;c:\mvn_repo\org\seleniumhq\selenium\selenium-api\2.53.1\selenium-api-2.53.1.jar;c:\mvn_repo\com\google\guava\guava\19.0\guava-19.0.jar;c:\mvn_repo\org\seleniumhq\selenium\selenium-edge-driver\2.53.1\selenium-edge-driver-2.53.1.jar;c:\mvn_repo\commons-io\commons-io\2.4\commons-io-2.4.jar;c:\mvn_repo\org\apache\commons\commons-exec\1.3\commons-exec-1.3.jar;c:\mvn_repo\org\seleniumhq\selenium\htmlunit-driver\2.21\htmlunit-driver-2.21.jar;c:\mvn_repo\net\sourceforge\htmlunit\htmlunit\2.21\htmlunit-2.21.jar;c:\mvn_repo\xalan\xalan\2.7.2\xalan-2.7.2.jar;c:\mvn_repo\xalan\serializer\2.7.2\serializer-2.7.2.jar;c:\mvn_repo\net\sourceforge\htmlunit\htmlunit-core-js\2.17\htmlunit-core-js-2.17.jar;c:\mvn_repo\net\sourceforge\htmlunit\neko-htmlunit\2.21\neko-htmlunit-2.21.jar;c:\mvn_repo\xerces\xercesImpl\2.11.0\xercesImpl-2.11.0.jar;c:\mvn_repo\xml-apis\xml-apis\1.4.01\xml-apis-1.4.01.jar;c:\mvn_repo\net\sourceforge\cssparser\cssparser\0.9.18\cssparser-0.9.18.jar;c:\mvn_repo\org\w3c\css\sac\1.3\sac-1.3.jar;c:\mvn_repo\org\eclipse\jetty\websocket\websocket-client\9.2.15.v20160210\websocket-client-9.2.15.v20160210.jar;c:\mvn_repo\org\eclipse\jetty\jetty-util\9.2.15.v20160210\jetty-util-9.2.15.v20160210.jar;c:\mvn_repo\org\eclipse\jetty\jetty-io\9.2.15.v20160210\jetty-io-9.2.15.v20160210.jar;c:\mvn_repo\org\eclipse\jetty\websocket\websocket-common\9.2.15.v20160210\websocket-common-9.2.15.v20160210.jar;c:\mvn_repo\org\eclipse\jetty\websocket\websocket-api\9.2.15.v20160210\websocket-api-9.2.15.v20160210.jar;c:\mvn_repo\commons-collections\commons-collections\3.2.2\commons-collections-3.2.2.jar;c:\mvn_repo\org\seleniumhq\selenium\selenium-firefox-driver\2.53.1\selenium-firefox-driver-2.53.1.jar;c:\mvn_repo\org\seleniumhq\selenium\selenium-ie-driver\2.53.1\selenium-ie-driver-2.53.1.jar;c:\mvn_repo\net\java\dev\jna\jna\4.1.0\jna-4.1.0.jar;c:\mvn_repo\net\java\dev\jna\jna-platform\4.1.0\jna-platform-4.1.0.jar;c:\mvn_repo\org\seleniumhq\selenium\selenium-safari-driver\2.53.1\selenium-safari-driver-2.53.1.jar;c:\mvn_repo\io\netty\netty\3.5.7.Final\netty-3.5.7.Final.jar;c:\mvn_repo\org\seleniumhq\selenium\selenium-support\2.53.1\selenium-support-2.53.1.jar;c:\mvn_repo\org\seleniumhq\selenium\selenium-leg-rc\2.53.1\selenium-leg-rc-2.53.1.jar;c:\mvn_repo\org\assertj\assertj-swing-testng\3.8.0\assertj-swing-testng-3.8.0.jar;c:\mvn_repo\org\assertj\assertj-swing\3.8.0\assertj-swing-3.8.0.jar;c:\mvn_repo\org\assertj\assertj-core\3.8.0\assertj-core-3.8.0.jar;c:\mvn_repo\org\easytesting\fest-util\1.2.5\fest-util-1.2.5.jar;c:\mvn_repo\org\easytesting\fest-reflect\1.4.1\fest-reflect-1.4.1.jar;c:\mvn_repo\log4j\log4j\1.2.17\log4j-1.2.17.jar;c:\mvn_repo\org\apache\commons\commons-lang3\3.4\commons-lang3-3.4.jar;c:\mvn_repo\com\googlecode\json-simple\json-simple\1.1.1\json-simple-1.1.1.jar;c:\mvn_repo\junit\junit\4.10\junit-4.10.jar;c:\mvn_repo\org\testng\testng\6.14.3\testng-6.14.3.jar;c:\mvn_repo\com\beust\jcommander\1.72\jcommander-1.72.jar;c:\mvn_repo\org\apache-extras\beanshell\bsh\2.0b6\bsh-2.0b6.jar;c:\mvn_repo\org\influxdb\influxdb-java\2.14\influxdb-java-2.14.jar;c:\mvn_repo\com\squareup\retrofit2\retrofit\2.4.0\retrofit-2.4.0.jar;c:\mvn_repo\com\squareup\retrofit2\converter-moshi\2.4.0\converter-moshi-2.4.0.jar;c:\mvn_repo\com\squareup\moshi\moshi\1.5.0\moshi-1.5.0.jar;c:\mvn_repo\org\msgpack\msgpack-core\0.8.16\msgpack-core-0.8.16.jar;c:\mvn_repo\com\squareup\okhttp3\okhttp\3.11.0\okhttp-3.11.0.jar;c:\mvn_repo\com\squareup\okio\okio\1.14.0\okio-1.14.0.jar;c:\mvn_repo\com\squareup\okhttp3\logging-interceptor\3.11.0\logging-interceptor-3.11.0.jar;c:\mvn_repo\se\cambio\test\taf\cambio-taf-web-element-core\2.1.3-SNAPSHOT\cambio-taf-web-element-core-2.1.3-SNAPSHOT.jar;c:\mvn_repo\se\cambio\qa\cambio-taf-cosmic-info-pageobjects\1.0-SNAPSHOT\cambio-taf-cosmic-info-pageobjects-1.0-SNAPSHOT.jar;c:\mvn_repo\se\cambio\qa\cambio-taf-cosmic-msg-pageobjects\1.0-SNAPSHOT\cambio-taf-cosmic-msg-pageobjects-1.0-SNAPSHOT.jar;c:\mvn_repo\se\cambio\qa\cambio-taf-cosmic-cc-pageobjects\1.0-SNAPSHOT\cambio-taf-cosmic-cc-pageobjects-1.0-SNAPSHOT.jar;c:\mvn_repo\se\cambio\qa\cambio-taf-cosmic-as-pageobjects\1.0-SNAPSHOT\cambio-taf-cosmic-as-pageobjects-1.0-SNAPSHOT.jar;c:\mvn_repo\se\cambio\qa\cambio-taf-cosmic-om-pageobjects\1.0-SNAPSHOT\cambio-taf-cosmic-om-pageobjects-1.0-SNAPSHOT.jar;c:\mvn_repo\se\cambio\qa\cambio-taf-cosmic-ps-pageobjects\1.0-SNAPSHOT\cambio-taf-cosmic-ps-pageobjects-1.0-SNAPSHOT.jar;c:\mvn_repo\se\cambio\qa\cambio-taf-cosmic-bm-pageobjects\1.0-SNAPSHOT\cambio-taf-cosmic-bm-pageobjects-1.0-SNAPSHOT.jar;c:\mvn_repo\se\cambio\qa\cambio-taf-cosmic-ca-pageobjects\1.0-SNAPSHOT\cambio-taf-cosmic-ca-pageobjects-1.0-SNAPSHOT.jar;c:\mvn_repo\se\cambio\qa\cambio-taf-cosmic-clinicalcodeing-pageobjects\1.0-SNAPSHOT\cambio-taf-cosmic-clinicalcodeing-pageobjects-1.0-SNAPSHOT.jar;c:\mvn_repo\se\cambio\qa\cambio-taf-cosmic-hcm-pageobjects\1.0-SNAPSHOT\cambio-taf-cosmic-hcm-pageobjects-1.0-SNAPSHOT.jar;D:\CTAFProject\team-projects\process-support\Client\Application/CambioClient.jar;"/>
    <property name="maximize" value="true"/>
    <property name="Synthetica.license.key" value="13D30F08-DA30A19E-8124F926-AD8438D2-6C9195F8"/>
    <property name="useLowResolutionLoginImage" value="false"/>
    <property name="country" value="UK"/>
    <property name="java.vm.specification.name" value="Java Virtual Machine Specification"/>
    <property name="cbiDebugPort" value="950"/>
    <property name="java.vm.specification.version" value="1.8"/>
    <property name="sun.os.patch.level" value=""/>
    <property name="sun.cpu.endian" value="little"/>
    <property name="surefire.test.class.path" value="D:\CTAFProject\team-projects\peagasus\cambio-taf-projects\cambio-taf-cosmic-mb-test\target\test-classes;D:\CTAFProject\team-projects\peagasus\cambio-taf-projects\cambio-taf-cosmic-mb-test\target\classes;c:\mvn_repo\se\cambio\qa\cambio-taf-cosmic-mb-pageobjects\1.0-SNAPSHOT\cambio-taf-cosmic-mb-pageobjects-1.0-SNAPSHOT.jar;c:\mvn_repo\se\cambio\qa\cambio-taf-cosmic-cde-pageobjects\1.0-SNAPSHOT\cambio-taf-cosmic-cde-pageobjects-1.0-SNAPSHOT.jar;c:\mvn_repo\se\cambio\test\taf\cambio-taf-gui-element-core\2.1.4-SNAPSHOT\cambio-taf-gui-element-core-2.1.4-SNAPSHOT.jar;c:\mvn_repo\se\cambio\test\taf\cambio-taf-core\2.1.6-SNAPSHOT\cambio-taf-core-2.1.6-SNAPSHOT.jar;c:\mvn_repo\se\cambio\qa\cambio-taf-support-runner\1.2.1-dev-SNAPSHOT\cambio-taf-support-runner-1.2.1-dev-SNAPSHOT.jar;c:\mvn_repo\org\springframework\spring-core\4.3.6.RELEASE\spring-core-4.3.6.RELEASE.jar;c:\mvn_repo\commons-logging\commons-logging\1.2\commons-logging-1.2.jar;c:\mvn_repo\com\jayway\restassured\rest-assured\2.9.0\rest-assured-2.9.0.jar;c:\mvn_repo\org\codehaus\groovy\groovy\2.4.4\groovy-2.4.4.jar;c:\mvn_repo\org\codehaus\groovy\groovy-xml\2.4.4\groovy-xml-2.4.4.jar;c:\mvn_repo\org\apache\httpcomponents\httpclient\4.5.1\httpclient-4.5.1.jar;c:\mvn_repo\org\apache\httpcomponents\httpcore\4.4.3\httpcore-4.4.3.jar;c:\mvn_repo\commons-codec\commons-codec\1.9\commons-codec-1.9.jar;c:\mvn_repo\org\apache\httpcomponents\httpmime\4.5.1\httpmime-4.5.1.jar;c:\mvn_repo\org\hamcrest\hamcrest-core\1.3\hamcrest-core-1.3.jar;c:\mvn_repo\org\hamcrest\hamcrest-library\1.3\hamcrest-library-1.3.jar;c:\mvn_repo\org\ccil\cowan\tagsoup\tagsoup\1.2.1\tagsoup-1.2.1.jar;c:\mvn_repo\com\jayway\restassured\json-path\2.9.0\json-path-2.9.0.jar;c:\mvn_repo\org\codehaus\groovy\groovy-json\2.4.4\groovy-json-2.4.4.jar;c:\mvn_repo\com\jayway\restassured\rest-assured-common\2.9.0\rest-assured-common-2.9.0.jar;c:\mvn_repo\com\jayway\restassured\xml-path\2.9.0\xml-path-2.9.0.jar;c:\mvn_repo\org\seleniumhq\selenium\selenium-java\2.53.1\selenium-java-2.53.1.jar;c:\mvn_repo\org\seleniumhq\selenium\selenium-chrome-driver\2.53.1\selenium-chrome-driver-2.53.1.jar;c:\mvn_repo\org\seleniumhq\selenium\selenium-remote-driver\2.53.1\selenium-remote-driver-2.53.1.jar;c:\mvn_repo\cglib\cglib-nodep\2.1_3\cglib-nodep-2.1_3.jar;c:\mvn_repo\com\google\code\gson\gson\2.3.1\gson-2.3.1.jar;c:\mvn_repo\org\seleniumhq\selenium\selenium-api\2.53.1\selenium-api-2.53.1.jar;c:\mvn_repo\com\google\guava\guava\19.0\guava-19.0.jar;c:\mvn_repo\org\seleniumhq\selenium\selenium-edge-driver\2.53.1\selenium-edge-driver-2.53.1.jar;c:\mvn_repo\commons-io\commons-io\2.4\commons-io-2.4.jar;c:\mvn_repo\org\apache\commons\commons-exec\1.3\commons-exec-1.3.jar;c:\mvn_repo\org\seleniumhq\selenium\htmlunit-driver\2.21\htmlunit-driver-2.21.jar;c:\mvn_repo\net\sourceforge\htmlunit\htmlunit\2.21\htmlunit-2.21.jar;c:\mvn_repo\xalan\xalan\2.7.2\xalan-2.7.2.jar;c:\mvn_repo\xalan\serializer\2.7.2\serializer-2.7.2.jar;c:\mvn_repo\net\sourceforge\htmlunit\htmlunit-core-js\2.17\htmlunit-core-js-2.17.jar;c:\mvn_repo\net\sourceforge\htmlunit\neko-htmlunit\2.21\neko-htmlunit-2.21.jar;c:\mvn_repo\xerces\xercesImpl\2.11.0\xercesImpl-2.11.0.jar;c:\mvn_repo\xml-apis\xml-apis\1.4.01\xml-apis-1.4.01.jar;c:\mvn_repo\net\sourceforge\cssparser\cssparser\0.9.18\cssparser-0.9.18.jar;c:\mvn_repo\org\w3c\css\sac\1.3\sac-1.3.jar;c:\mvn_repo\org\eclipse\jetty\websocket\websocket-client\9.2.15.v20160210\websocket-client-9.2.15.v20160210.jar;c:\mvn_repo\org\eclipse\jetty\jetty-util\9.2.15.v20160210\jetty-util-9.2.15.v20160210.jar;c:\mvn_repo\org\eclipse\jetty\jetty-io\9.2.15.v20160210\jetty-io-9.2.15.v20160210.jar;c:\mvn_repo\org\eclipse\jetty\websocket\websocket-common\9.2.15.v20160210\websocket-common-9.2.15.v20160210.jar;c:\mvn_repo\org\eclipse\jetty\websocket\websocket-api\9.2.15.v20160210\websocket-api-9.2.15.v20160210.jar;c:\mvn_repo\commons-collections\commons-collections\3.2.2\commons-collections-3.2.2.jar;c:\mvn_repo\org\seleniumhq\selenium\selenium-firefox-driver\2.53.1\selenium-firefox-driver-2.53.1.jar;c:\mvn_repo\org\seleniumhq\selenium\selenium-ie-driver\2.53.1\selenium-ie-driver-2.53.1.jar;c:\mvn_repo\net\java\dev\jna\jna\4.1.0\jna-4.1.0.jar;c:\mvn_repo\net\java\dev\jna\jna-platform\4.1.0\jna-platform-4.1.0.jar;c:\mvn_repo\org\seleniumhq\selenium\selenium-safari-driver\2.53.1\selenium-safari-driver-2.53.1.jar;c:\mvn_repo\io\netty\netty\3.5.7.Final\netty-3.5.7.Final.jar;c:\mvn_repo\org\seleniumhq\selenium\selenium-support\2.53.1\selenium-support-2.53.1.jar;c:\mvn_repo\org\seleniumhq\selenium\selenium-leg-rc\2.53.1\selenium-leg-rc-2.53.1.jar;c:\mvn_repo\org\assertj\assertj-swing-testng\3.8.0\assertj-swing-testng-3.8.0.jar;c:\mvn_repo\org\assertj\assertj-swing\3.8.0\assertj-swing-3.8.0.jar;c:\mvn_repo\org\assertj\assertj-core\3.8.0\assertj-core-3.8.0.jar;c:\mvn_repo\org\easytesting\fest-util\1.2.5\fest-util-1.2.5.jar;c:\mvn_repo\org\easytesting\fest-reflect\1.4.1\fest-reflect-1.4.1.jar;c:\mvn_repo\log4j\log4j\1.2.17\log4j-1.2.17.jar;c:\mvn_repo\org\apache\commons\commons-lang3\3.4\commons-lang3-3.4.jar;c:\mvn_repo\com\googlecode\json-simple\json-simple\1.1.1\json-simple-1.1.1.jar;c:\mvn_repo\junit\junit\4.10\junit-4.10.jar;c:\mvn_repo\org\testng\testng\6.14.3\testng-6.14.3.jar;c:\mvn_repo\com\beust\jcommander\1.72\jcommander-1.72.jar;c:\mvn_repo\org\apache-extras\beanshell\bsh\2.0b6\bsh-2.0b6.jar;c:\mvn_repo\org\influxdb\influxdb-java\2.14\influxdb-java-2.14.jar;c:\mvn_repo\com\squareup\retrofit2\retrofit\2.4.0\retrofit-2.4.0.jar;c:\mvn_repo\com\squareup\retrofit2\converter-moshi\2.4.0\converter-moshi-2.4.0.jar;c:\mvn_repo\com\squareup\moshi\moshi\1.5.0\moshi-1.5.0.jar;c:\mvn_repo\org\msgpack\msgpack-core\0.8.16\msgpack-core-0.8.16.jar;c:\mvn_repo\com\squareup\okhttp3\okhttp\3.11.0\okhttp-3.11.0.jar;c:\mvn_repo\com\squareup\okio\okio\1.14.0\okio-1.14.0.jar;c:\mvn_repo\com\squareup\okhttp3\logging-interceptor\3.11.0\logging-interceptor-3.11.0.jar;c:\mvn_repo\se\cambio\test\taf\cambio-taf-web-element-core\2.1.3-SNAPSHOT\cambio-taf-web-element-core-2.1.3-SNAPSHOT.jar;c:\mvn_repo\se\cambio\qa\cambio-taf-cosmic-info-pageobjects\1.0-SNAPSHOT\cambio-taf-cosmic-info-pageobjects-1.0-SNAPSHOT.jar;c:\mvn_repo\se\cambio\qa\cambio-taf-cosmic-msg-pageobjects\1.0-SNAPSHOT\cambio-taf-cosmic-msg-pageobjects-1.0-SNAPSHOT.jar;c:\mvn_repo\se\cambio\qa\cambio-taf-cosmic-cc-pageobjects\1.0-SNAPSHOT\cambio-taf-cosmic-cc-pageobjects-1.0-SNAPSHOT.jar;c:\mvn_repo\se\cambio\qa\cambio-taf-cosmic-as-pageobjects\1.0-SNAPSHOT\cambio-taf-cosmic-as-pageobjects-1.0-SNAPSHOT.jar;c:\mvn_repo\se\cambio\qa\cambio-taf-cosmic-om-pageobjects\1.0-SNAPSHOT\cambio-taf-cosmic-om-pageobjects-1.0-SNAPSHOT.jar;c:\mvn_repo\se\cambio\qa\cambio-taf-cosmic-ps-pageobjects\1.0-SNAPSHOT\cambio-taf-cosmic-ps-pageobjects-1.0-SNAPSHOT.jar;c:\mvn_repo\se\cambio\qa\cambio-taf-cosmic-bm-pageobjects\1.0-SNAPSHOT\cambio-taf-cosmic-bm-pageobjects-1.0-SNAPSHOT.jar;c:\mvn_repo\se\cambio\qa\cambio-taf-cosmic-ca-pageobjects\1.0-SNAPSHOT\cambio-taf-cosmic-ca-pageobjects-1.0-SNAPSHOT.jar;c:\mvn_repo\se\cambio\qa\cambio-taf-cosmic-clinicalcodeing-pageobjects\1.0-SNAPSHOT\cambio-taf-cosmic-clinicalcodeing-pageobjects-1.0-SNAPSHOT.jar;c:\mvn_repo\se\cambio\qa\cambio-taf-cosmic-hcm-pageobjects\1.0-SNAPSHOT\cambio-taf-cosmic-hcm-pageobjects-1.0-SNAPSHOT.jar;D:\CTAFProject\team-projects\process-support\Client\Application/CambioClient.jar;"/>
    <property name="java.io.tmpdir" value="C:\Users\SLakmal\AppData\Local\Temp\"/>
    <property name="loginhandler" value=""/>
    <property name="java.vendor.url.bug" value="http://bugreport.sun.com/bugreport/"/>
    <property name="updateVersionInfo" value="false"/>
    <property name="useClientCache" value="true"/>
    <property name="java.awt.graphicsenv" value="sun.awt.Win32GraphicsEnvironment"/>
    <property name="os.arch" value="amd64"/>
    <property name="width" value=""/>
    <property name="java.ext.dirs" value="C:\Program Files\Java\jdk1.8.0_162\jre\lib\ext;C:\WINDOWS\Sun\Java\lib\ext"/>
    <property name="registersettings" value="true"/>
    <property name="user.dir" value="D:\CTAFProject\team-projects\process-support\Client\Application"/>
    <property name="line.separator" value="
"/>
    <property name="java.vm.name" value="Java HotSpot(TM) 64-Bit Server VM"/>
    <property name="jxbrowser.threads.configureContextClassLoader" value="true"/>
    <property name="java.security.auth.login.config" value="jar:file:/D:/CTAFProject/team-projects/process-support/Client/Application/framework/Include/External/cambio-jboss-client-1.0.0.jar!/spider.java.login.config"/>
    <property name="basedir" value="D:\CTAFProject\team-projects\peagasus\cambio-taf-projects\cambio-taf-cosmic-mb-test"/>
    <property name="profilingEnabled" value="true"/>
    <property name="windowOverlayText" value=""/>
    <property name="javafx.version" value="8.0.162"/>
    <property name="file.encoding" value="Cp1252"/>
    <property name="createIndexFile" value="true"/>
    <property name="useTerminalServerPrinters" value="false"/>
    <property name="java.specification.version" value="1.8"/>
    <property name="Synthetica.license.info" value="Licensee=Cambio Healthcare Systems AB,LicenseRegistrationNumber=132009,Product=Synthetica,LicenseType=Enterprise Site License,ExpireDate=--.--.----,MaxVersion=2.18.999"/>
    <property name="developerMode" value="false"/>
    <property name="passwordhandler" value=""/>
  </properties>
  <testcase classname="se.cambio.qa.dev.MbSampleTest" name="step_mb_region_membership" time="59.006">
    <failure message="se.cambio.test.taf.core.exception.ApplicationException: Unable to find JMenuItem using the specified GenericTypeMatcher. 
Error: Unable to find component using matcher se.cambio.test.taf.element.desktop.elementbase.core.BaseJMenu$2@4215e133.

Component hierarchy:
se.cambiosys.client.framework.core.internal.gui.MainWindow[name=&apos;jframe_main_window&apos;, title=&apos;Prasad Ranasinghe, (PrasadR), Central administrator*The Emergency department*&apos;, enabled=true, visible=true, showing=true]
  javax.swing.JRootPane[]
    se.cambiosys.client.framework.core.internal.gui.MainGlassPane[name=null]
    javax.swing.JLayeredPane[]
      javax.swing.JPanel[name=null]
        javax.swing.JPopupMenu[name=null, label=null, enabled=true, visible=true, showing=true]
          se.cambiosys.client.framework.core.internal.gui.CambioMenuSearchComponent[name=null]
            se.cambiosys.client.framework.components.CambioPanel[name=null]
              javax.swing.JTextField[name=null, text=&apos;&apos;, enabled=true, visible=true, showing=true]
              se.cambiosys.client.framework.components.CambioLabel[name=&apos;Table.cellRenderer&apos;, text=&apos;&apos;, enabled=true, visible=true, showing=true]
              se.cambiosys.client.framework.components.CambioButton[name=null, text=&apos;&apos;, enabled=true, visible=false, showing=false]
          se.cambiosys.client.framework.components.CambioMenu[name=null, text=&apos;Page Object Creator&apos;, selected=false, enabled=true, visible=true, showing=true]
            javax.swing.JPopupMenu[name=null, label=null, enabled=true, visible=false, showing=false]
              se.cambiosys.client.framework.menueditor.internal.InitializingMenuItem[name=null, text=&apos;Loading...&apos;, selected=false, enabled=true, visible=true, showing=false]
                se.cambiosys.client.framework.core.internal.CambioShortcutMenuButton[name=null, text=&apos;&apos;, selected=false, enabled=true, visible=true, showing=false]
          se.cambiosys.client.framework.components.CambioMenu[name=null, text=&apos;Activity&apos;, selected=false, enabled=true, visible=true, showing=true]
            javax.swing.JPopupMenu[name=null, label=null, enabled=true, visible=false, showing=false]
              se.cambiosys.client.framework.menueditor.internal.InitializingMenuItem[name=null, text=&apos;Order&apos;, selected=false, enabled=false, visible=true, showing=false]
                se.cambiosys.client.framework.core.internal.CambioShortcutMenuButton[name=null, text=&apos;&apos;, selected=true, enabled=true, visible=true, showing=false]
              se.cambiosys.client.framework.menueditor.internal.InitializingMenuItem[name=null, text=&apos;Order Administration&apos;, selected=false, enabled=true, visible=true, showing=false]
                se.cambiosys.client.framework.core.internal.CambioShortcutMenuButton[name=null, text=&apos;&apos;, selected=false, enabled=true, visible=true, showing=false]
          se.cambiosys.client.framework.components.CambioMenu[name=null, text=&apos;Patient Generated Care Entries&apos;, selected=false, enabled=true, visible=true, showing=true]
            javax.swing.JPopupMenu[name=null, label=null, enabled=true, visible=false, showing=false]
              se.cambiosys.client.framework.menueditor.internal.InitializingMenuItem[name=null, text=&apos;PG CareEntries Testing Tool&apos;, selected=false, enabled=true, visible=true, showing=false]
                se.cambiosys.client.framework.core.internal.CambioShortcutMenuButton[name=null, text=&apos;&apos;, selected=false, enabled=true, visible=true, showing=false]
          se.cambiosys.client.framework.components.CambioMenu[name=null, text=&apos;Referral&apos;, selected=false, enabled=true, visible=true, showing=true]
            javax.swing.JPopupMenu[name=null, label=null, enabled=true, visible=false, showing=false]
              se.cambiosys.client.framework.menueditor.internal.InitializingMenuItem[name=null, text=&apos;New referral&apos;, selected=false, enabled=true, visible=true, showing=false]
                se.cambiosys.client.framework.core.internal.CambioShortcutMenuButton[name=null, text=&apos;&apos;, selected=false, enabled=true, visible=true, showing=false]
              se.cambiosys.client.framework.menueditor.internal.InitializingMenuItem[name=null, text=&apos;Received referrals&apos;, selected=false, enabled=true, visible=true, showing=false]
                se.cambiosys.client.framework.core.internal.CambioShortcutMenuButton[name=null, text=&apos;&apos;, selected=false, enabled=true, visible=true, showing=false]
              se.cambiosys.client.framework.menueditor.internal.InitializingMenuItem[name=null, text=&apos;Register referral&apos;, selected=false, enabled=true, visible=true, showing=false]
                se.cambiosys.client.framework.core.internal.CambioShortcutMenuButton[name=null, text=&apos;&apos;, selected=false, enabled=true, visible=true, showing=false]
              se.cambiosys.client.framework.menueditor.internal.InitializingMenuItem[name=null, text=&apos;Saved and sent referrals&apos;, selected=false, enabled=true, visible=true, showing=false]
                se.cambiosys.client.framework.core.internal.CambioShortcutMenuButton[name=null, text=&apos;&apos;, selected=false, enabled=true, visible=true, showing=false]
              se.cambiosys.client.framework.menueditor.internal.InitializingMenuItem[name=null, text=&apos;Patient&apos;s list of answers&apos;, selected=false, enabled=true, visible=true, showing=false]
                se.cambiosys.client.framework.core.internal.CambioShortcutMenuButton[name=null, text=&apos;&apos;, selected=false, enabled=true, visible=true, showing=false]
              se.cambiosys.client.framework.components.CambioMenu[name=null, text=&apos;Administration&apos;, selected=false, enabled=true, visible=true, showing=false]
                javax.swing.JPopupMenu[name=null, label=null, enabled=true, visible=false, showing=false]
                  se.cambiosys.client.framework.menueditor.internal.InitializingMenuItem[name=null, text=&apos;Documentation templates&apos;, selected=false, enabled=true, visible=true, showing=false]
                    se.cambiosys.client.framework.core.internal.CambioShortcutMenuButton[name=null, text=&apos;&apos;, selected=false, enabled=true, visible=true, showing=false]
          se.cambiosys.client.framework.components.CambioMenu[name=null, text=&apos;Link&apos;, selected=false, enabled=true, visible=true, showing=true]
            javax.swing.JPopupMenu[name=null, label=null, enabled=true, visible=false, showing=false]
              se.cambiosys.client.framework.menueditor.internal.InitializingMenuItem[name=null, text=&apos;Case overview&apos;, selected=false, enabled=true, visible=true, showing=false]
                se.cambiosys.client.framework.core.internal.CambioShortcutMenuButton[name=null, text=&apos;&apos;, selected=false, enabled=true, visible=true, showing=false]
              se.cambiosys.client.framework.components.CambioMenu[name=null, text=&apos;Administration&apos;, selected=false, enabled=true, visible=true, showing=false]
                javax.swing.JPopupMenu[name=null, label=null, enabled=true, visible=false, showing=false]
                  se.cambiosys.client.framework.menueditor.internal.InitializingMenuItem[name=null, text=&apos;Suggested Admission message receivers&apos;, selected=false, enabled=true, visible=true, showing=false]
                    se.cambiosys.client.framework.core.internal.CambioShortcutMenuButton[name=null, text=&apos;&apos;, selected=false, enabled=true, visible=true, showing=false]
          se.cambiosys.client.framework.components.CambioMenu[name=null, text=&apos;Fluid balance&apos;, selected=false, enabled=true, visible=true, showing=true]
            javax.swing.JPopupMenu[name=null, label=null, enabled=true, visible=false, showing=false]
              se.cambiosys.client.framework.menueditor.internal.InitializingMenuItem[name=null, text=&apos;Fluid Balance&apos;, selected=false, enabled=true, visible=true, showing=false]
                se.cambiosys.client.framework.core.internal.CambioShortcutMenuButton[name=null, text=&apos;&apos;, selected=false, enabled=true, visible=true, showing=false]
          se.cambiosys.client.framework.components.CambioMenu[name=null, text=&apos;Help&apos;, selected=false, enabled=true, visible=true, showing=true]
            javax.swing.JPopupMenu[name=null, label=null, enabled=true, visible=false, showing=false]
              se.cambiosys.client.framework.menueditor.internal.InitializingMenuItem[name=null, text=&apos;About Cambio COSMIC...&apos;, selected=false, enabled=true, visible=true, showing=false]
                se.cambiosys.client.framework.core.internal.CambioShortcutMenuButton[name=null, text=&apos;&apos;, selected=false, enabled=true, visible=true, showing=false]
              se.cambiosys.client.framework.menueditor.internal.InitializingMenuItem[name=null, text=&apos;Help for Cosmic&apos;, selected=false, enabled=true, visible=true, showing=false]
                se.cambiosys.client.framework.core.internal.CambioShortcutMenuButton[name=null, text=&apos;&apos;, selected=false, enabled=true, visible=true, showing=false]
          se.cambiosys.client.framework.components.CambioMenu[name=null, text=&apos;CDS&apos;, selected=false, enabled=true, visible=true, showing=true]
            javax.swing.JPopupMenu[name=null, label=null, enabled=true, visible=false, showing=false]
              se.cambiosys.client.framework.menueditor.internal.InitializingMenuItem[name=null, text=&apos;CDS App Administration&apos;, selected=false, enabled=true, visible=true, showing=false]
                se.cambiosys.client.framework.core.internal.CambioShortcutMenuButton[name=null, text=&apos;&apos;, selected=false, enabled=true, visible=true, showing=false]
              se.cambiosys.client.framework.menueditor.internal.InitializingMenuItem[name=null, text=&apos;Stroke Prevention for Atrial Fibrillation&apos;, selected=false, enabled=true, visible=true, showing=false]
                se.cambiosys.client.framework.core.internal.CambioShortcutMenuButton[name=null, text=&apos;&apos;, selected=false, enabled=true, visible=true, showing=false]
          se.cambiosys.client.framework.components.CambioMenu[name=null, text=&apos;Resource planning&apos;, selected=false, enabled=true, visible=true, showing=true]
            javax.swing.JPopupMenu[name=null, label=null, enabled=true, visible=false, showing=false]
              se.cambiosys.client.framework.menueditor.internal.InitializingMenuItem[name=null, text=&apos;Schedule&apos;, selected=false, enabled=true, visible=true, showing=false]
                se.cambiosys.client.framework.core.internal.CambioShortcutMenuButton[name=null, text=&apos;&apos;, selected=false, enabled=true, visible=true, showing=false]
              se.cambiosys.client.framework.menueditor.internal.InitializingMenuItem[name=null, text=&apos;Schedule groups&apos;, selected=false, enabled=true, visible=true, showing=false]
                se.cambiosys.client.framework.core.internal.CambioShortcutMenuButton[name=null, text=&apos;&apos;, selected=false, enabled=true, visible=true, showing=false]
              se.cambiosys.client.framework.menueditor.internal.InitializingMenuItem[name=null, text=&apos;Schedule overview&apos;, selected=false, enabled=true, visible=true, showing=false]
                se.cambiosys.client.framework.core.internal.CambioShortcutMenuButton[name=null, text=&apos;&apos;, selected=false, enabled=true, visible=true, showing=false]
              se.cambiosys.client.framework.components.CambioMenu[name=null, text=&apos;Administration&apos;, selected=false, enabled=true, visible=true, showing=false]
                javax.swing.JPopupMenu[name=null, label=null, enabled=true, visible=false, showing=false]
                  se.cambiosys.client.framework.menueditor.internal.InitializingMenuItem[name=null, text=&apos;Connect time slot services&apos;, selected=false, enabled=true, visible=true, showing=false]
                    se.cambiosys.client.framework.core.internal.CambioShortcutMenuButton[name=null, text=&apos;&apos;, selected=false, enabled=true, visible=true, showing=false]
                  se.cambiosys.client.framework.components.CambioMenu[name=null, text=&apos;Scheme&apos;, selected=false, enabled=true, visible=true, showing=false]
                    javax.swing.JPopupMenu[name=null, label=null, enabled=true, visible=false, showing=false]
                      se.cambiosys.client.framework.menueditor.internal.InitializingMenuItem[name=null, text=&apos;Services scheme&apos;, selected=false, enabled=true, visible=true, showing=false]
                        se.cambiosys.client.framework.core.internal.CambioShortcutMenuButton[name=null, text=&apos;&apos;, selected=false, enabled=true, visible=true, showing=false]
                      se.cambiosys.client.framework.menueditor.internal.InitializingMenuItem[name=null, text=&apos;Scheme templates&apos;, selected=false, enabled=true, visible=true, showing=false]
                        se.cambiosys.client.framework.core.internal.CambioShortcutMenuButton[name=null, text=&apos;&apos;, selected=false, enabled=true, visible=true, showing=false]
                      se.cambiosys.client.framework.menueditor.internal.InitializingMenuItem[name=null, text=&apos;Resource&apos;s scheme&apos;, selected=false, enabled=true, visible=true, showing=false]
                        se.cambiosys.client.framework.core.internal.CambioShortcutMenuButton[name=null, text=&apos;&apos;, selected=false, enabled=true, visible=true, showing=false]
                  se.cambiosys.client.framework.components.CambioMenu[name=null, text=&apos;Staffing&apos;, selected=false, enabled=true, visible=true, showing=false]
                    javax.swing.JPopupMenu[name=null, label=null, enabled=true, visible=false, showing=false]
                      se.cambiosys.client.framework.menueditor.internal.InitializingMenuItem[name=null, text=&apos;Allocate resources - Services scheme&apos;, selected=false, enabled=true, visible=true, showing=false]
                        se.cambiosys.client.framework.core.internal.CambioShortcutMenuButton[name=null, text=&apos;&apos;, selected=false, enabled=true, visible=true, showing=false]
                      se.cambiosys.client.framework.menueditor.internal.InitializingMenuItem[name=null, text=&apos;Allocate resources - Scheme templates&apos;, selected=false, enabled=true, visible=true, showing=false]
                        se.cambiosys.client.framework.core.internal.CambioShortcutMenuButton[name=null, text=&apos;&apos;, selected=false, enabled=true, visible=true, showing=false]
                      se.cambiosys.client.framework.menueditor.internal.InitializingMenuItem[name=null, text=&apos;Services missing resources&apos;, selected=false, enabled=true, visible=true, showing=false]
                        se.cambiosys.client.framework.core.internal.CambioShortcutMenuButton[name=null, text=&apos;&apos;, selected=false, enabled=true, visible=true, showing=false]
              se.cambiosys.client.framework.menueditor.internal.InitializingMenuItem[name=null, text=&apos;Planned activities&apos;, selected=false, enabled=true, visible=true, showing=false]
                se.cambiosys.client.framework.core.internal.CambioShortcutMenuButton[name=null, text=&apos;&apos;, selected=false, enabled=true, visible=true, showing=false]
              se.cambiosys.client.framework.menueditor.internal.InitializingMenuItem[name=null, text=&apos;Planning form&apos;, selected=false, enabled=true, visible=true, showing=false]
                se.cambiosys.client.framework.core.internal.CambioShortcutMenuButton[name=null, text=&apos;&apos;, selected=false, enabled=true, visible=true, showing=false]
              se.cambiosys.client.framework.menueditor.internal.InitializingMenuItem[name=null, text=&apos;Light planning form&apos;, selected=false, enabled=true, visible=true, showing=false]
                se.cambiosys.client.framework.core.internal.CambioShortcutMenuButton[name=null, text=&apos;&apos;, selected=false, enabled=true, visible=true, showing=false]
          se.cambiosys.client.framework.components.CambioMenu[name=null, text=&apos;Activity handling&apos;, selected=false, enabled=true, visible=true, showing=true]
            javax.swing.JPopupMenu[name=null, label=null, enabled=true, visible=false, showing=false]
              se.cambiosys.client.framework.menueditor.internal.InitializingMenuItem[name=null, text=&apos;Activity handler&apos;, selected=false, enabled=true, visible=true, showing=false]
                se.cambiosys.client.framework.core.internal.CambioShortcutMenuButton[name=null, text=&apos;&apos;, selected=false, enabled=true, visible=true, showing=false]
              se.cambiosys.client.framework.components.CambioMenu[name=null, text=&apos;Administration&apos;, selected=false, enabled=true, visible=true, showing=false]
                javax.swing.JPopupMenu[name=null, label=null, enabled=true, visible=false, showing=false]
                  se.cambiosys.client.framework.menueditor.internal.InitializingMenuItem[name=null, text=&apos;Configuration of Activity plans&apos;, selected=false, enabled=true, visible=true, showing=false]
                    se.cambiosys.client.framework.core.internal.CambioShortcutMenuButton[name=null, text=&apos;&apos;, selected=false, enabled=true, visible=true, showing=false]
                  se.cambiosys.client.framework.menueditor.internal.InitializingMenuItem[name=null, text=&apos;Configuration of activity plan activation&apos;, selected=false, enabled=true, visible=true, showing=false]
                    se.cambiosys.client.framework.core.internal.CambioShortcutMenuButton[name=null, text=&apos;&apos;, selected=false, enabled=true, visible=true, showing=false]
          se.cambiosys.client.framework.components.CambioMenu[name=null, text=&apos;Drugs&apos;, selected=false, enabled=true, visible=true, showing=true]
            javax.swing.JPopupMenu[name=null, label=null, enabled=true, visible=false, showing=false]
              se.cambiosys.client.framework.menueditor.internal.InitializingMenuItem[name=null, text=&apos;Appliance&apos;, selected=false, enabled=true, visible=true, showing=false]
                se.cambiosys.client.framework.core.internal.CambioShortcutMenuButton[name=null, text=&apos;&apos;, selected=false, enabled=true, visible=true, showing=false]
              se.cambiosys.client.framework.menueditor.internal.InitializingMenuItem[name=null, text=&apos;Prescription&apos;, selected=false, enabled=true, visible=true, showing=false]
                se.cambiosys.client.framework.core.internal.CambioShortcutMenuButton[name=null, text=&apos;&apos;, selected=false, enabled=true, visible=true, showing=false]
              se.cambiosys.client.framework.menueditor.internal.InitializingMenuItem[name=null, text=&apos;R8.0 List of medications&apos;, selected=false, enabled=true, visible=true, showing=false]
                se.cambiosys.client.framework.core.internal.CambioShortcutMenuButton[name=null, text=&apos;&apos;, selected=false, enabled=true, visible=true, showing=false]
              se.cambiosys.client.framework.components.CambioMenu[name=null, text=&apos;Administration&apos;, selected=false, enabled=true, visible=true, showing=false]
                javax.swing.JPopupMenu[name=null, label=null, enabled=true, visible=false, showing=false]
                  se.cambiosys.client.framework.menueditor.internal.InitializingMenuItem[name=null, text=&apos;Sent E-prescriptions&apos;, selected=false, enabled=true, visible=true, showing=false]
                    se.cambiosys.client.framework.core.internal.CambioShortcutMenuButton[name=null, text=&apos;&apos;, selected=false, enabled=true, visible=true, showing=false]
              se.cambiosys.client.framework.menueditor.internal.InitializingMenuItem[name=null, text=&apos;Warnings, cautions and infected blood&apos;, selected=false, enabled=false, visible=true, showing=false]
                se.cambiosys.client.framework.core.internal.CambioShortcutMenuButton[name=null, text=&apos;&apos;, selected=false, enabled=true, visible=true, showing=false]
              se.cambiosys.client.framework.menueditor.internal.InitializingMenuItem[name=null, text=&apos;Medical administration record&apos;, selected=false, enabled=true, visible=true, showing=false]
                se.cambiosys.client.framework.core.internal.CambioShortcutMenuButton[name=null, text=&apos;&apos;, selected=false, enabled=true, visible=true, showing=false]
              se.cambiosys.client.framework.menueditor.internal.InitializingMenuItem[name=null, text=&apos;Decision about medication at admission&apos;, selected=false, enabled=true, visible=true, showing=false]
                se.cambiosys.client.framework.core.internal.CambioShortcutMenuButton[name=null, text=&apos;&apos;, selected=false, enabled=true, visible=true, showing=false]
          se.cambiosys.client.framework.components.CambioMenu[name=null, text=&apos;Concept&apos;, selected=false, enabled=true, visible=true, showing=true]
            javax.swing.JPopupMenu[name=null, label=null, enabled=true, visible=false, showing=false]
              se.cambiosys.client.framework.menueditor.internal.InitializingMenuItem[name=null, text=&apos;Terminology binding configuration&apos;, selected=false, enabled=true, visible=true, showing=false]
                se.cambiosys.client.framework.core.internal.CambioShortcutMenuButton[name=null, text=&apos;&apos;, selected=false, enabled=true, visible=true, showing=false]
          se.cambiosys.client.framework.components.CambioMenu[name=null, text=&apos;Block Administration&apos;, selected=false, enabled=true, visible=true, showing=true]
            javax.swing.JPopupMenu[name=null, label=null, enabled=true, visible=false, showing=false]
              se.cambiosys.client.framework.menueditor.internal.InitializingMenuItem[name=null, text=&apos;Block Administration&apos;, selected=false, enabled=true, visible=true, showing=false]
                se.cambiosys.client.framework.core.internal.CambioShortcutMenuButton[name=null, text=&apos;&apos;, selected=false, enabled=true, visible=true, showing=false]
          se.cambiosys.client.framework.components.CambioMenu[name=null, text=&apos;Overviews&apos;, selected=false, enabled=true, visible=true, showing=true]
            javax.swing.JPopupMenu[name=null, label=null, enabled=true, visible=false, showing=false]
              se.cambiosys.client.framework.menueditor.internal.InitializingMenuItem[name=null, text=&apos;Unsigned and Unacknowledged&apos;, selected=false, enabled=true, visible=true, showing=false]
                se.cambiosys.client.framework.core.internal.CambioShortcutMenuButton[name=null, text=&apos;&apos;, selected=false, enabled=true, visible=true, showing=false]
              se.cambiosys.client.framework.components.CambioMenu[name=null, text=&apos;Unit overviews&apos;, selected=false, enabled=true, visible=true, showing=false]
                javax.swing.JPopupMenu[name=null, label=null, enabled=true, visible=false, showing=false]
                  se.cambiosys.client.framework.menueditor.internal.InitializingMenuItem[name=null, text=&apos;Services&apos;, selected=false, enabled=true, visible=true, showing=false]
                    se.cambiosys.client.framework.core.internal.CambioShortcutMenuButton[name=null, text=&apos;&apos;, selected=false, enabled=true, visible=true, showing=false]
                  se.cambiosys.client.framework.menueditor.internal.InitializingMenuItem[name=null, text=&apos;Commitment&apos;, selected=false, enabled=true, visible=true, showing=false]
                    se.cambiosys.client.framework.core.internal.CambioShortcutMenuButton[name=null, text=&apos;&apos;, selected=false, enabled=true, visible=true, showing=false]
                  se.cambiosys.client.framework.menueditor.internal.InitializingMenuItem[name=null, text=&apos;Admission overview&apos;, selected=false, enabled=true, visible=true, showing=false]
                    se.cambiosys.client.framework.core.internal.CambioShortcutMenuButton[name=null, text=&apos;&apos;, selected=false, enabled=true, visible=true, showing=false]
                  se.cambiosys.client.framework.menueditor.internal.InitializingMenuItem[name=null, text=&apos;Loading...&apos;, selected=false, enabled=true, visible=true, showing=false]
                    se.cambiosys.client.framework.core.internal.CambioShortcutMenuButton[name=null, text=&apos;&apos;, selected=false, enabled=true, visible=true, showing=false]
                  se.cambiosys.client.framework.menueditor.internal.InitializingMenuItem[name=null, text=&apos;Loading...&apos;, selected=false, enabled=true, visible=true, showing=false]
                    se.cambiosys.client.framework.core.internal.CambioShortcutMenuButton[name=null, text=&apos;&apos;, selected=false, enabled=true, visible=true, showing=false]
              se.cambiosys.client.framework.menueditor.internal.InitializingMenuItem[name=null, text=&apos;Visit Overview&apos;, selected=false, enabled=true, visible=true, showing=false]
                se.cambiosys.client.framework.core.internal.CambioShortcutMenuButton[name=null, text=&apos;&apos;, selected=false, enabled=true, visible=true, showing=false]
              se.cambiosys.client.framework.menueditor.internal.InitializingMenuItem[name=null, text=&apos;Clinical overview - OP&apos;, selected=false, enabled=true, visible=true, showing=false]
                se.cambiosys.client.framework.core.internal.CambioShortcutMenuButton[name=null, text=&apos;&apos;, selected=false, enabled=true, visible=true, showing=false]
              se.cambiosys.client.framework.menueditor.internal.InitializingMenuItem[name=null, text=&apos;Clinical overview - IP&apos;, selected=false, enabled=true, visible=true, showing=false]
                se.cambiosys.client.framework.core.internal.CambioShortcutMenuButton[name=null, text=&apos;&apos;, selected=false, enabled=true, visible=true, showing=false]
              se.cambiosys.client.framework.menueditor.internal.InitializingMenuItem[name=null, text=&apos;Process view&apos;, selected=false, enabled=true, visible=true, showing=false]
                se.cambiosys.client.framework.core.internal.CambioShortcutMenuButton[name=null, text=&apos;&apos;, selected=false, enabled=true, visible=true, showing=false]
              se.cambiosys.client.framework.menueditor.internal.InitializingMenuItem[name=null, text=&apos;Dynamic overviews - Administration&apos;, selected=false, enabled=true, visible=true, showing=false]
                se.cambiosys.client.framework.core.internal.CambioShortcutMenuButton[name=null, text=&apos;&apos;, selected=false, enabled=true, visible=true, showing=false]
              se.cambiosys.client.framework.components.CambioMenu[name=null, text=&apos;Dynamic overviews&apos;, selected=false, enabled=true, visible=true, showing=false]
                javax.swing.JPopupMenu[name=null, label=null, enabled=true, visible=false, showing=false]
                  se.cambiosys.client.overviewmodule.Module$8(se.cambiosys.client.framework.components.CambioMenuItem)[name=null, text=&apos;All views*&apos;, selected=false, enabled=true, visible=true, showing=false]
                    se.cambiosys.client.framework.core.internal.CambioShortcutMenuButton[name=null, text=&apos;&apos;, selected=false, enabled=true, visible=true, showing=false]
                  se.cambiosys.client.overviewmodule.Module$8(se.cambiosys.client.framework.components.CambioMenuItem)[name=null, text=&apos;Doctor*&apos;, selected=false, enabled=true, visible=true, showing=false]
                    se.cambiosys.client.framework.core.internal.CambioShortcutMenuButton[name=null, text=&apos;&apos;, selected=false, enabled=true, visible=true, showing=false]
                  se.cambiosys.client.overviewmodule.Module$8(se.cambiosys.client.framework.components.CambioMenuItem)[name=null, text=&apos;Inpatient*&apos;, selected=false, enabled=true, visible=true, showing=false]
                    se.cambiosys.client.framework.core.internal.CambioShortcutMenuButton[name=null, text=&apos;&apos;, selected=false, enabled=true, visible=true, showing=false]
                  se.cambiosys.client.overviewmodule.Module$8(se.cambiosys.client.framework.components.CambioMenuItem)[name=null, text=&apos;Patient*&apos;, selected=false, enabled=true, visible=true, showing=false]
                    se.cambiosys.client.framework.core.internal.CambioShortcutMenuButton[name=null, text=&apos;&apos;, selected=false, enabled=true, visible=true, showing=false]
              se.cambiosys.client.framework.menueditor.internal.InitializingMenuItem[name=null, text=&apos;Patient Overview&apos;, selected=false, enabled=true, visible=true, showing=false]
                se.cambiosys.client.framework.core.internal.CambioShortcutMenuButton[name=null, text=&apos;&apos;, selected=false, enabled=true, visible=true, showing=false]
              se.cambiosys.client.framework.menueditor.internal.InitializingMenuItem[name=null, text=&apos;Analyse Area&apos;, selected=false, enabled=true, visible=true, showing=false]
                se.cambiosys.client.framework.core.internal.CambioShortcutMenuButton[name=null, text=&apos;&apos;, selected=false, enabled=true, visible=true, showing=false]
              se.cambiosys.client.framework.menueditor.internal.InitializingMenuItem[name=null, text=&apos;My Overview&apos;, selected=false, enabled=true, visible=true, showing=false]
                se.cambiosys.client.framework.core.internal.CambioShortcutMenuButton[name=null, text=&apos;&apos;, selected=false, enabled=true, visible=true, showing=false]
              se.cambiosys.client.framework.menueditor.internal.InitializingMenuItem[name=null, text=&apos;Management Overview&apos;, selected=false, enabled=true, visible=true, showing=false]
                se.cambiosys.client.framework.core.internal.CambioShortcutMenuButton[name=null, text=&apos;&apos;, selected=false, enabled=true, visible=true, showing=false]
              se.cambiosys.client.framework.menueditor.internal.InitializingMenuItem[name=null, text=&apos;List of visits&apos;, selected=false, enabled=true, visible=true, showing=false]
                se.cambiosys.client.framework.core.internal.CambioShortcutMenuButton[name=null, text=&apos;&apos;, selected=false, enabled=true, visible=true, showing=false]
              se.cambiosys.client.framework.menueditor.internal.InitializingMenuItem[name=null, text=&apos;Connection Overview&apos;, selected=false, enabled=true, visible=true, showing=false]
                se.cambiosys.client.framework.core.internal.CambioShortcutMenuButton[name=null, text=&apos;&apos;, selected=false, enabled=true, visible=true, showing=false]
              se.cambiosys.client.framework.components.CambioMenu[name=null, text=&apos;Unit overview-Administration&apos;, selected=false, enabled=true, visible=true, showing=false]
                javax.swing.JPopupMenu[name=null, label=null, enabled=true, visible=false, showing=false]
                  se.cambiosys.client.framework.components.CambioMenu[name=null, text=&apos;Priority configuration&apos;, selected=false, enabled=true, visible=true, showing=false]
                    javax.swing.JPopupMenu[name=null, label=null, enabled=true, visible=false, showing=false]
                      se.cambiosys.client.framework.menueditor.internal.InitializingMenuItem[name=null, text=&apos;Loading...&apos;, selected=false, enabled=true, visible=true, showing=false]
                        se.cambiosys.client.framework.core.internal.CambioShortcutMenuButton[name=null, text=&apos;&apos;, selected=false, enabled=true, visible=true, showing=false]
                      se.cambiosys.client.framework.menueditor.internal.InitializingMenuItem[name=null, text=&apos;Loading...&apos;, selected=false, enabled=true, visible=true, showing=false]
                        se.cambiosys.client.framework.core.internal.CambioShortcutMenuButton[name=null, text=&apos;&apos;, selected=false, enabled=true, visible=true, showing=false]
                  se.cambiosys.client.framework.components.CambioMenu[name=null, text=&apos;OW Configuration&apos;, selected=false, enabled=true, visible=true, showing=false]
                    javax.swing.JPopupMenu[name=null, label=null, enabled=true, visible=false, showing=false]
                      se.cambiosys.client.framework.menueditor.internal.InitializingMenuItem[name=null, text=&apos;Loading...&apos;, selected=false, enabled=true, visible=true, showing=false]
                        se.cambiosys.client.framework.core.internal.CambioShortcutMenuButton[name=null, text=&apos;&apos;, selected=false, enabled=true, visible=true, showing=false]
                      se.cambiosys.client.framework.menueditor.internal.InitializingMenuItem[name=null, text=&apos;Loading...&apos;, selected=false, enabled=true, visible=true, showing=false]
                        se.cambiosys.client.framework.core.internal.CambioShortcutMenuButton[name=null, text=&apos;&apos;, selected=false, enabled=true, visible=true, showing=false]
                      se.cambiosys.client.framework.menueditor.internal.InitializingMenuItem[name=null, text=&apos;Loading...&apos;, selected=false, enabled=true, visible=true, showing=false]
                        se.cambiosys.client.framework.core.internal.CambioShortcutMenuButton[name=null, text=&apos;&apos;, selected=false, enabled=true, visible=true, showing=false]
                  se.cambiosys.client.framework.menueditor.internal.InitializingMenuItem[name=null, text=&apos;Loading...&apos;, selected=false, enabled=true, visible=true, showing=false]
                    se.cambiosys.client.framework.core.internal.CambioShortcutMenuButton[name=null, text=&apos;&apos;, selected=false, enabled=true, visible=true, showing=false]
          se.cambiosys.client.framework.components.CambioMenu[name=null, text=&apos;Messenger&apos;, selected=false, enabled=true, visible=true, showing=true]
            javax.swing.JPopupMenu[name=null, label=null, enabled=true, visible=false, showing=false]
              se.cambiosys.client.framework.menueditor.internal.InitializingMenuItem[name=null, text=&apos;Inbox&apos;, selected=false, enabled=true, visible=true, showing=false]
                se.cambiosys.client.framework.core.internal.CambioShortcutMenuButton[name=null, text=&apos;&apos;, selected=false, enabled=true, visible=true, showing=false]
              se.cambiosys.client.framework.menueditor.internal.InitializingMenuItem[name=null, text=&apos;New message&apos;, selected=false, enabled=true, visible=true, showing=false]
                se.cambiosys.client.framework.core.internal.CambioShortcutMenuButton[name=null, text=&apos;&apos;, selected=false, enabled=true, visible=true, showing=false]
              se.cambiosys.client.framework.menueditor.internal.InitializingMenuItem[name=null, text=&apos;New broadcast message&apos;, selected=false, enabled=true, visible=true, showing=false]
                se.cambiosys.client.framework.core.internal.CambioShortcutMenuButton[name=null, text=&apos;&apos;, selected=false, enabled=true, visible=true, showing=false]
              se.cambiosys.client.framework.components.CambioMenu[name=null, text=&apos;Administration&apos;, selected=false, enabled=true, visible=true, showing=false]
                javax.swing.JPopupMenu[name=null, label=null, enabled=true, visible=false, showing=false]
                  se.cambiosys.client.framework.menueditor.internal.InitializingMenuItem[name=null, text=&apos;Recipient group&apos;, selected=false, enabled=true, visible=true, showing=false]
                    se.cambiosys.client.framework.core.internal.CambioShortcutMenuButton[name=null, text=&apos;&apos;, selected=false, enabled=true, visible=true, showing=false]
                  se.cambiosys.client.framework.menueditor.internal.InitializingMenuItem[name=null, text=&apos;Messenger accounts&apos;, selected=false, enabled=true, visible=true, showing=false]
                    se.cambiosys.client.framework.core.internal.CambioShortcutMenuButton[name=null, text=&apos;&apos;, selected=false, enabled=true, visible=true, showing=false]
                  se.cambiosys.client.framework.menueditor.internal.InitializingMenuItem[name=null, text=&apos;Access to other users&apos; Messenger accounts&apos;, selected=false, enabled=true, visible=true, showing=false]
                    se.cambiosys.client.framework.core.internal.CambioShortcutMenuButton[name=null, text=&apos;&apos;, selected=false, enabled=true, visible=true, showing=false]
                  se.cambiosys.client.framework.menueditor.internal.InitializingMenuItem[name=null, text=&apos;Out of office administration&apos;, selected=false, enabled=true, visible=true, showing=false]
                    se.cambiosys.client.framework.core.internal.CambioShortcutMenuButton[name=null, text=&apos;&apos;, selected=false, enabled=true, visible=true, showing=false]
          se.cambiosys.client.framework.components.CambioMenu[name=null, text=&apos;Administration&apos;, selected=false, enabled=true, visible=true, showing=true]
            javax.swing.JPopupMenu[name=null, label=null, enabled=true, visible=false, showing=false]
              se.cambiosys.client.framework.menueditor.internal.InitializingMenuItem[name=null, text=&apos;Unit register&apos;, selected=false, enabled=true, visible=true, showing=false]
                se.cambiosys.client.framework.core.internal.CambioShortcutMenuButton[name=null, text=&apos;&apos;, selected=false, enabled=true, visible=true, showing=false]
              se.cambiosys.client.framework.menueditor.internal.InitializingMenuItem[name=null, text=&apos;Resources&apos;, selected=false, enabled=true, visible=true, showing=false]
                se.cambiosys.client.framework.core.internal.CambioShortcutMenuButton[name=null, text=&apos;&apos;, selected=false, enabled=true, visible=true, showing=false]
              se.cambiosys.client.framework.components.CambioMenu[name=null, text=&apos;Permission&apos;, selected=false, enabled=true, visible=true, showing=false]
                javax.swing.JPopupMenu[name=null, label=null, enabled=true, visible=false, showing=false]
                  se.cambiosys.client.framework.menueditor.internal.InitializingMenuItem[name=null, text=&apos;Define access&apos;, selected=false, enabled=true, visible=true, showing=false]
                    se.cambiosys.client.framework.core.internal.CambioShortcutMenuButton[name=null, text=&apos;&apos;, selected=false, enabled=true, visible=true, showing=false]
                  se.cambiosys.client.framework.menueditor.internal.InitializingMenuItem[name=null, text=&apos;Access overview&apos;, selected=false, enabled=true, visible=true, showing=false]
                    se.cambiosys.client.framework.core.internal.CambioShortcutMenuButton[name=null, text=&apos;&apos;, selected=false, enabled=true, visible=true, showing=false]
                  se.cambiosys.client.framework.menueditor.internal.InitializingMenuItem[name=null, text=&apos;Profile manager&apos;, selected=false, enabled=true, visible=true, showing=false]
                    se.cambiosys.client.framework.core.internal.CambioShortcutMenuButton[name=null, text=&apos;&apos;, selected=false, enabled=true, visible=true, showing=false]
              se.cambiosys.client.framework.components.CambioMenu[name=null, text=&apos;Settings&apos;, selected=false, enabled=true, visible=true, showing=false]
                javax.swing.JPopupMenu[name=null, label=null, enabled=true, visible=false, showing=false]
                  se.cambiosys.client.framework.menueditor.internal.InitializingMenuItem[name=null, text=&apos;Log settings&apos;, selected=false, enabled=true, visible=true, showing=false]
                    se.cambiosys.client.framework.core.internal.CambioShortcutMenuButton[name=null, text=&apos;&apos;, selected=false, enabled=true, visible=true, showing=false]
                  se.cambiosys.client.framework.menueditor.internal.InitializingMenuItem[name=null, text=&apos;Server settings&apos;, selected=false, enabled=true, visible=true, showing=false]
                    se.cambiosys.client.framework.core.internal.CambioShortcutMenuButton[name=null, text=&apos;&apos;, selected=false, enabled=true, visible=true, showing=false]
                  se.cambiosys.client.framework.menueditor.internal.InitializingMenuItem[name=null, text=&apos;Personal settings and selections&apos;, selected=false, enabled=true, visible=true, showing=false]
                    se.cambiosys.client.framework.core.internal.CambioShortcutMenuButton[name=null, text=&apos;&apos;, selected=false, enabled=true, visible=true, showing=false]
                  se.cambiosys.client.framework.menueditor.internal.InitializingMenuItem[name=null, text=&apos;Global settings and selections&apos;, selected=false, enabled=true, visible=true, showing=false]
                    se.cambiosys.client.framework.core.internal.CambioShortcutMenuButton[name=null, text=&apos;&apos;, selected=false, enabled=true, visible=true, showing=false]
                  se.cambiosys.client.framework.menueditor.internal.InitializingMenuItem[name=null, text=&apos;Settings and selections&apos;, selected=false, enabled=true, visible=true, showing=false]
                    se.cambiosys.client.framework.core.internal.CambioShortcutMenuButton[name=null, text=&apos;&apos;, selected=false, enabled=true, visible=true, showing=false]
                  se.cambiosys.client.framework.menueditor.internal.InitializingMenuItem[name=null, text=&apos;Administration nodes&apos;, selected=false, enabled=true, visible=true, showing=false]
                    se.cambiosys.client.framework.core.internal.CambioShortcutMenuButton[name=null, text=&apos;&apos;, selected=false, enabled=true, visible=true, showing=false]
                  se.cambiosys.client.framework.menueditor.internal.InitializingMenuItem[name=null, text=&apos;Places&apos;, selected=false, enabled=true, visible=true, showing=false]
                    se.cambiosys.client.framework.core.internal.CambioShortcutMenuButton[name=null, text=&apos;&apos;, selected=false, enabled=true, visible=true, showing=false]
              se.cambiosys.client.framework.menueditor.internal.InitializingMenuItem[name=null, text=&apos;User&apos;, selected=false, enabled=true, visible=true, showing=false]
                se.cambiosys.client.framework.core.internal.CambioShortcutMenuButton[name=null, text=&apos;&apos;, selected=false, enabled=true, visible=true, showing=false]
              se.cambiosys.client.framework.menueditor.internal.InitializingMenuItem[name=null, text=&apos;Roles&apos;, selected=false, enabled=true, visible=true, showing=false]
                se.cambiosys.client.framework.core.internal.CambioShortcutMenuButton[name=null, text=&apos;&apos;, selected=false, enabled=true, visible=true, showing=false]
              se.cambiosys.client.framework.menueditor.internal.InitializingMenuItem[name=null, text=&apos;Type definitions&apos;, selected=false, enabled=true, visible=true, showing=false]
                se.cambiosys.client.framework.core.internal.CambioShortcutMenuButton[name=null, text=&apos;&apos;, selected=false, enabled=true, visible=true, showing=false]
              se.cambiosys.client.framework.components.CambioMenu[name=null, text=&apos;Terms &amp; Concept&apos;, selected=false, enabled=true, visible=true, showing=false]
                javax.swing.JPopupMenu[name=null, label=null, enabled=true, visible=false, showing=false]
                  se.cambiosys.client.framework.menueditor.internal.InitializingMenuItem[name=null, text=&apos;Terms&apos;, selected=false, enabled=true, visible=true, showing=false]
                    se.cambiosys.client.framework.core.internal.CambioShortcutMenuButton[name=null, text=&apos;&apos;, selected=false, enabled=true, visible=true, showing=false]
                  se.cambiosys.client.framework.menueditor.internal.InitializingMenuItem[name=null, text=&apos;Concept&apos;, selected=false, enabled=true, visible=true, showing=false]
                    se.cambiosys.client.framework.core.internal.CambioShortcutMenuButton[name=null, text=&apos;&apos;, selected=false, enabled=true, visible=true, showing=false]
              se.cambiosys.client.framework.menueditor.internal.InitializingMenuItem[name=null, text=&apos;Ranges&apos;, selected=false, enabled=true, visible=true, showing=false]
                se.cambiosys.client.framework.core.internal.CambioShortcutMenuButton[name=null, text=&apos;&apos;, selected=false, enabled=true, visible=true, showing=false]
              se.cambiosys.client.framework.menueditor.internal.InitializingMenuItem[name=null, text=&apos;Reports&apos;, selected=false, enabled=true, visible=true, showing=false]
                se.cambiosys.client.framework.core.internal.CambioShortcutMenuButton[name=null, text=&apos;&apos;, selected=false, enabled=true, visible=true, showing=false]
              se.cambiosys.client.framework.menueditor.internal.InitializingMenuItem[name=null, text=&apos;Import reports&apos;, selected=false, enabled=true, visible=true, showing=false]
                se.cambiosys.client.framework.core.internal.CambioShortcutMenuButton[name=null, text=&apos;&apos;, selected=false, enabled=true, visible=true, showing=false]
              se.cambiosys.client.framework.menueditor.internal.InitializingMenuItem[name=null, text=&apos;Phrase editor&apos;, selected=false, enabled=true, visible=true, showing=false]
                se.cambiosys.client.framework.core.internal.CambioShortcutMenuButton[name=null, text=&apos;&apos;, selected=false, enabled=true, visible=true, showing=false]
              se.cambiosys.client.framework.components.CambioMenu[name=null, text=&apos;Services&apos;, selected=false, enabled=true, visible=true, showing=false]
                javax.swing.JPopupMenu[name=null, label=null, enabled=true, visible=false, showing=false]
                  se.cambiosys.client.framework.menueditor.internal.InitializingMenuItem[name=null, text=&apos;Services&apos;, selected=false, enabled=true, visible=true, showing=false]
                    se.cambiosys.client.framework.core.internal.CambioShortcutMenuButton[name=null, text=&apos;&apos;, selected=false, enabled=true, visible=true, showing=false]
                  se.cambiosys.client.framework.menueditor.internal.InitializingMenuItem[name=null, text=&apos;Offers of the unit&apos;, selected=false, enabled=true, visible=true, showing=false]
                    se.cambiosys.client.framework.core.internal.CambioShortcutMenuButton[name=null, text=&apos;&apos;, selected=false, enabled=true, visible=true, showing=false]
              se.cambiosys.client.framework.menueditor.internal.InitializingMenuItem[name=null, text=&apos;Selection&apos;, selected=false, enabled=true, visible=true, showing=false]
                se.cambiosys.client.framework.core.internal.CambioShortcutMenuButton[name=null, text=&apos;&apos;, selected=false, enabled=true, visible=true, showing=false]
              se.cambiosys.client.framework.menueditor.internal.InitializingMenuItem[name=null, text=&apos;Printers&apos;, selected=false, enabled=true, visible=true, showing=false]
                se.cambiosys.client.framework.core.internal.CambioShortcutMenuButton[name=null, text=&apos;&apos;, selected=false, enabled=true, visible=true, showing=false]
              se.cambiosys.client.framework.components.CambioMenu[name=null, text=&apos;Secrecy administration&apos;, selected=false, enabled=true, visible=true, showing=false]
                javax.swing.JPopupMenu[name=null, label=null, enabled=true, visible=false, showing=false]
                  se.cambiosys.client.framework.menueditor.internal.InitializingMenuItem[name=null, text=&apos;Secrecy groups&apos;, selected=false, enabled=true, visible=true, showing=false]
                    se.cambiosys.client.framework.core.internal.CambioShortcutMenuButton[name=null, text=&apos;&apos;, selected=false, enabled=true, visible=true, showing=false]
                  se.cambiosys.client.framework.menueditor.internal.InitializingMenuItem[name=null, text=&apos;Secrecy level&apos;, selected=false, enabled=true, visible=true, showing=false]
                    se.cambiosys.client.framework.core.internal.CambioShortcutMenuButton[name=null, text=&apos;&apos;, selected=false, enabled=true, visible=true, showing=false]
                  se.cambiosys.client.framework.menueditor.internal.InitializingMenuItem[name=null, text=&apos;Secrecy rules&apos;, selected=false, enabled=true, visible=true, showing=false]
                    se.cambiosys.client.framework.core.internal.CambioShortcutMenuButton[name=null, text=&apos;&apos;, selected=false, enabled=true, visible=true, showing=false]
              se.cambiosys.client.framework.menueditor.internal.InitializingMenuItem[name=null, text=&apos;Schedule backup&apos;, selected=false, enabled=true, visible=true, showing=false]
                se.cambiosys.client.framework.core.internal.CambioShortcutMenuButton[name=null, text=&apos;&apos;, selected=false, enabled=true, visible=true, showing=false]
              se.cambiosys.client.framework.menueditor.internal.InitializingMenuItem[name=null, text=&apos;Template administration&apos;, selected=false, enabled=true, visible=true, showing=false]
                se.cambiosys.client.framework.core.internal.CambioShortcutMenuButton[name=null, text=&apos;&apos;, selected=false, enabled=true, visible=true, showing=false]
              se.cambiosys.client.framework.menueditor.internal.InitializingMenuItem[name=null, text=&apos;Printout Handler&apos;, selected=false, enabled=true, visible=true, showing=false]
                se.cambiosys.client.framework.core.internal.CambioShortcutMenuButton[name=null, text=&apos;&apos;, selected=false, enabled=true, visible=true, showing=false]
              se.cambiosys.client.framework.menueditor.internal.InitializingMenuItem[name=null, text=&apos;Unit handler&apos;, selected=false, enabled=true, visible=true, showing=false]
                se.cambiosys.client.framework.core.internal.CambioShortcutMenuButton[name=null, text=&apos;&apos;, selected=false, enabled=true, visible=true, showing=false]
              se.cambiosys.client.framework.menueditor.internal.InitializingMenuItem[name=null, text=&apos;Access Log&apos;, selected=false, enabled=true, visible=true, showing=false]
                se.cambiosys.client.framework.core.internal.CambioShortcutMenuButton[name=null, text=&apos;&apos;, selected=false, enabled=true, visible=true, showing=false]
              se.cambiosys.client.framework.menueditor.internal.InitializingMenuItem[name=null, text=&apos;Configuration of Access Log&apos;, selected=false, enabled=true, visible=true, showing=false]
                se.cambiosys.client.framework.core.internal.CambioShortcutMenuButton[name=null, text=&apos;&apos;, selected=false, enabled=true, visible=true, showing=false]
              se.cambiosys.client.framework.menueditor.internal.InitializingMenuItem[name=null, text=&apos;Application logger&apos;, selected=false, enabled=true, visible=true, showing=false]
                se.cambiosys.client.framework.core.internal.CambioShortcutMenuButton[name=null, text=&apos;&apos;, selected=false, enabled=true, visible=true, showing=false]
              se.cambiosys.client.framework.menueditor.internal.InitializingMenuItem[name=null, text=&apos;eVisit Configuration&apos;, selected=false, enabled=true, visible=true, showing=false]
                se.cambiosys.client.framework.core.internal.CambioShortcutMenuButton[name=null, text=&apos;&apos;, selected=false, enabled=true, visible=true, showing=false]
              se.cambiosys.client.framework.components.CambioMenu[name=null, text=&apos;Order management&apos;, selected=false, enabled=true, visible=true, showing=false]
                javax.swing.JPopupMenu[name=null, label=null, enabled=true, visible=false, showing=false]
                  se.cambiosys.client.framework.menueditor.internal.InitializingMenuItem[name=null, text=&apos;Catalog administration&apos;, selected=false, enabled=true, visible=true, showing=false]
                    se.cambiosys.client.framework.core.internal.CambioShortcutMenuButton[name=null, text=&apos;&apos;, selected=false, enabled=true, visible=true, showing=false]
                  se.cambiosys.client.framework.menueditor.internal.InitializingMenuItem[name=null, text=&apos;File administration&apos;, selected=false, enabled=true, visible=true, showing=false]
                    se.cambiosys.client.framework.core.internal.CambioShortcutMenuButton[name=null, text=&apos;&apos;, selected=false, enabled=true, visible=true, showing=false]
                  se.cambiosys.client.framework.menueditor.internal.InitializingMenuItem[name=null, text=&apos;Secrecy administration&apos;, selected=false, enabled=true, visible=true, showing=false]
                    se.cambiosys.client.framework.core.internal.CambioShortcutMenuButton[name=null, text=&apos;&apos;, selected=false, enabled=true, visible=true, showing=false]
                  se.cambiosys.client.framework.menueditor.internal.InitializingMenuItem[name=null, text=&apos;Groups/packages/profiles&apos;, selected=false, enabled=true, visible=true, showing=false]
                    se.cambiosys.client.framework.core.internal.CambioShortcutMenuButton[name=null, text=&apos;&apos;, selected=false, enabled=true, visible=true, showing=false]
                  se.cambiosys.client.framework.menueditor.internal.InitializingMenuItem[name=null, text=&apos;Sorting orders&apos;, selected=false, enabled=true, visible=true, showing=false]
                    se.cambiosys.client.framework.core.internal.CambioShortcutMenuButton[name=null, text=&apos;&apos;, selected=false, enabled=true, visible=true, showing=false]
                  se.cambiosys.client.framework.menueditor.internal.InitializingMenuItem[name=null, text=&apos;Local analyses&apos;, selected=false, enabled=true, visible=true, showing=false]
                    se.cambiosys.client.framework.core.internal.CambioShortcutMenuButton[name=null, text=&apos;&apos;, selected=false, enabled=true, visible=true, showing=false]
                  se.cambiosys.client.framework.menueditor.internal.InitializingMenuItem[name=null, text=&apos;Label printer&apos;, selected=false, enabled=true, visible=true, showing=false]
                    se.cambiosys.client.framework.core.internal.CambioShortcutMenuButton[name=null, text=&apos;&apos;, selected=false, enabled=true, visible=true, showing=false]
              se.cambiosys.client.framework.menueditor.internal.InitializingMenuItem[name=null, text=&apos;Configure Y-axis for Clinical Parameter&apos;, selected=false, enabled=true, visible=true, showing=false]
                se.cambiosys.client.framework.core.internal.CambioShortcutMenuButton[name=null, text=&apos;&apos;, selected=false, enabled=true, visible=true, showing=false]
              se.cambiosys.client.framework.components.CambioMenu[name=null, text=&apos;Visits and admissions&apos;, selected=false, enabled=true, visible=true, showing=false]
                javax.swing.JPopupMenu[name=null, label=null, enabled=true, visible=false, showing=false]
                  se.cambiosys.client.framework.menueditor.internal.InitializingMenuItem[name=null, text=&apos;Create new visit / admission&apos;, selected=false, enabled=true, visible=true, showing=false]
                    se.cambiosys.client.framework.core.internal.CambioShortcutMenuButton[name=null, text=&apos;&apos;, selected=false, enabled=true, visible=true, showing=false]
                  se.cambiosys.client.framework.menueditor.internal.InitializingMenuItem[name=null, text=&apos;Edit visit / admission&apos;, selected=false, enabled=true, visible=true, showing=false]
                    se.cambiosys.client.framework.core.internal.CambioShortcutMenuButton[name=null, text=&apos;&apos;, selected=false, enabled=true, visible=true, showing=false]
              se.cambiosys.client.framework.components.CambioMenu[name=null, text=&apos;Publishing&apos;, selected=false, enabled=true, visible=true, showing=false]
                javax.swing.JPopupMenu[name=null, label=null, enabled=true, visible=false, showing=false]
                  se.cambiosys.client.framework.menueditor.internal.InitializingMenuItem[name=null, text=&apos;Mining&apos;, selected=false, enabled=true, visible=true, showing=false]
                    se.cambiosys.client.framework.core.internal.CambioShortcutMenuButton[name=null, text=&apos;&apos;, selected=false, enabled=true, visible=true, showing=false]
                  se.cambiosys.client.framework.menueditor.internal.InitializingMenuItem[name=null, text=&apos;Error management&apos;, selected=false, enabled=true, visible=true, showing=false]
                    se.cambiosys.client.framework.core.internal.CambioShortcutMenuButton[name=null, text=&apos;&apos;, selected=false, enabled=true, visible=true, showing=false]
              se.cambiosys.client.framework.menueditor.internal.InitializingMenuItem[name=null, text=&apos;CCP Filter Configuration&apos;, selected=false, enabled=true, visible=true, showing=false]
                se.cambiosys.client.framework.core.internal.CambioShortcutMenuButton[name=null, text=&apos;&apos;, selected=false, enabled=true, visible=true, showing=false]
              se.cambiosys.client.framework.menueditor.internal.InitializingMenuItem[name=null, text=&apos;Menu editor&apos;, selected=false, enabled=true, visible=true, showing=false]
                se.cambiosys.client.framework.core.internal.CambioShortcutMenuButton[name=null, text=&apos;&apos;, selected=false, enabled=true, visible=true, showing=false]
              se.cambiosys.client.framework.menueditor.internal.InitializingMenuItem[name=null, text=&apos;Script&apos;, selected=false, enabled=true, visible=true, showing=false]
                se.cambiosys.client.framework.core.internal.CambioShortcutMenuButton[name=null, text=&apos;&apos;, selected=false, enabled=true, visible=true, showing=false]
              se.cambiosys.client.framework.components.CambioMenu[name=null, text=&apos;Spell Check&apos;, selected=false, enabled=true, visible=true, showing=false]
                javax.swing.JPopupMenu[name=null, label=null, enabled=true, visible=false, showing=false]
                  se.cambiosys.client.framework.menueditor.internal.InitializingMenuItem[name=null, text=&apos;Settings&apos;, selected=false, enabled=true, visible=true, showing=false]
                    se.cambiosys.client.framework.core.internal.CambioShortcutMenuButton[name=null, text=&apos;&apos;, selected=false, enabled=true, visible=true, showing=false]
                  se.cambiosys.client.framework.menueditor.internal.InitializingMenuItem[name=null, text=&apos;User dictionary&apos;, selected=false, enabled=true, visible=true, showing=false]
                    se.cambiosys.client.framework.core.internal.CambioShortcutMenuButton[name=null, text=&apos;&apos;, selected=false, enabled=true, visible=true, showing=false]
                  se.cambiosys.client.framework.menueditor.internal.InitializingMenuItem[name=null, text=&apos;Global dictionary&apos;, selected=false, enabled=true, visible=true, showing=false]
                    se.cambiosys.client.framework.core.internal.CambioShortcutMenuButton[name=null, text=&apos;&apos;, selected=false, enabled=true, visible=true, showing=false]
          se.cambiosys.client.framework.components.CambioMenu[name=null, text=&apos;Child Healthcare&apos;, selected=false, enabled=true, visible=true, showing=true]
            javax.swing.JPopupMenu[name=null, label=null, enabled=true, visible=false, showing=false]
              se.cambiosys.client.framework.menueditor.internal.InitializingMenuItem[name=null, text=&apos;Print Child Healthcare data&apos;, selected=false, enabled=true, visible=true, showing=false]
                se.cambiosys.client.framework.core.internal.CambioShortcutMenuButton[name=null, text=&apos;&apos;, selected=false, enabled=true, visible=true, showing=false]
          se.cambiosys.client.framework.components.CambioMenu[name=null, text=&apos;Medication&apos;, selected=false, enabled=true, visible=true, showing=true]
            javax.swing.JPopupMenu[name=null, label=null, enabled=true, visible=false, showing=false]
              se.cambiosys.client.framework.components.CambioMenu[name=null, text=&apos;Administration&apos;, selected=false, enabled=true, visible=true, showing=false]
                javax.swing.JPopupMenu[name=null, label=null, enabled=true, visible=false, showing=false]
                  se.cambiosys.client.framework.menueditor.internal.InitializingMenuItem[name=null, text=&apos;Sent e-recipe overview&apos;, selected=false, enabled=true, visible=true, showing=false]
                    se.cambiosys.client.framework.core.internal.CambioShortcutMenuButton[name=null, text=&apos;&apos;, selected=false, enabled=true, visible=true, showing=false]
                  se.cambiosys.client.framework.menueditor.internal.InitializingMenuItem[name=null, text=&apos;Catalogue administration&apos;, selected=false, enabled=true, visible=true, showing=false]
                    se.cambiosys.client.framework.core.internal.CambioShortcutMenuButton[name=null, text=&apos;&apos;, selected=false, enabled=true, visible=true, showing=false]
                  se.cambiosys.client.framework.menueditor.internal.InitializingMenuItem[name=null, text=&apos;Unit Times and Medicine Cabinet&apos;, selected=false, enabled=true, visible=true, showing=false]
                    se.cambiosys.client.framework.core.internal.CambioShortcutMenuButton[name=null, text=&apos;&apos;, selected=false, enabled=true, visible=true, showing=false]
                  se.cambiosys.client.framework.menueditor.internal.InitializingMenuItem[name=null, text=&apos;Order basis for vaccine&apos;, selected=false, enabled=true, visible=true, showing=false]
                    se.cambiosys.client.framework.core.internal.CambioShortcutMenuButton[name=null, text=&apos;&apos;, selected=false, enabled=true, visible=true, showing=false]
              se.cambiosys.client.framework.components.CambioMenu[name=null, text=&apos;New prescription&apos;, selected=false, enabled=true, visible=true, showing=false]
                javax.swing.JPopupMenu[name=null, label=null, enabled=true, visible=false, showing=false]
                  se.cambiosys.client.framework.menueditor.internal.InitializingMenuItem[name=null, text=&apos;Drug&apos;, selected=false, enabled=true, visible=true, showing=false]
                    se.cambiosys.client.framework.core.internal.CambioShortcutMenuButton[name=null, text=&apos;&apos;, selected=false, enabled=true, visible=true, showing=false]
                  se.cambiosys.client.framework.menueditor.internal.InitializingMenuItem[name=null, text=&apos;Nutrition product&apos;, selected=false, enabled=true, visible=true, showing=false]
                    se.cambiosys.client.framework.core.internal.CambioShortcutMenuButton[name=null, text=&apos;&apos;, selected=false, enabled=true, visible=true, showing=false]
                  se.cambiosys.client.framework.menueditor.internal.InitializingMenuItem[name=null, text=&apos;Consumable&apos;, selected=false, enabled=true, visible=true, showing=false]
                    se.cambiosys.client.framework.core.internal.CambioShortcutMenuButton[name=null, text=&apos;&apos;, selected=false, enabled=true, visible=true, showing=false]
              se.cambiosys.client.framework.components.CambioMenu[name=null, text=&apos;Lists&apos;, selected=false, enabled=true, visible=true, showing=false]
                javax.swing.JPopupMenu[name=null, label=null, enabled=true, visible=false, showing=false]
                  se.cambiosys.client.framework.menueditor.internal.InitializingMenuItem[name=null, text=&apos;Drugs&apos;, selected=false, enabled=true, visible=true, showing=false]
                    se.cambiosys.client.framework.core.internal.CambioShortcutMenuButton[name=null, text=&apos;&apos;, selected=false, enabled=true, visible=true, showing=false]
                  se.cambiosys.client.framework.menueditor.internal.InitializingMenuItem[name=null, text=&apos;Nutritions&apos;, selected=false, enabled=true, visible=true, showing=false]
                    se.cambiosys.client.framework.core.internal.CambioShortcutMenuButton[name=null, text=&apos;&apos;, selected=false, enabled=true, visible=true, showing=false]
                  se.cambiosys.client.framework.menueditor.internal.InitializingMenuItem[name=null, text=&apos;Consumables&apos;, selected=false, enabled=true, visible=true, showing=false]
                    se.cambiosys.client.framework.core.internal.CambioShortcutMenuButton[name=null, text=&apos;&apos;, selected=false, enabled=true, visible=true, showing=false]
                  se.cambiosys.client.framework.menueditor.internal.InitializingMenuItem[name=null, text=&apos;Vaccination list&apos;, selected=false, enabled=true, visible=true, showing=false]
                    se.cambiosys.client.framework.core.internal.CambioShortcutMenuButton[name=null, text=&apos;&apos;, selected=false, enabled=true, visible=true, showing=false]
                  se.cambiosys.client.framework.menueditor.internal.InitializingMenuItem[name=null, text=&apos;Recipe overview&apos;, selected=false, enabled=true, visible=true, showing=false]
                    se.cambiosys.client.framework.core.internal.CambioShortcutMenuButton[name=null, text=&apos;&apos;, selected=false, enabled=true, visible=true, showing=false]
              se.cambiosys.client.framework.menueditor.internal.InitializingMenuItem[name=null, text=&apos;Nurse view&apos;, selected=false, enabled=true, visible=true, showing=false]
                se.cambiosys.client.framework.core.internal.CambioShortcutMenuButton[name=null, text=&apos;&apos;, selected=false, enabled=true, visible=true, showing=false]
          se.cambiosys.client.framework.components.CambioMenu[name=null, text=&apos;Theatre&apos;, selected=false, enabled=true, visible=true, showing=true]
            javax.swing.JPopupMenu[name=null, label=null, enabled=true, visible=false, showing=false]
              se.cambiosys.client.framework.menueditor.internal.InitializingMenuItem[name=null, text=&apos;Create theatre registration&apos;, selected=false, enabled=true, visible=true, showing=false]
                se.cambiosys.client.framework.core.internal.CambioShortcutMenuButton[name=null, text=&apos;&apos;, selected=false, enabled=true, visible=true, showing=false]
              se.cambiosys.client.framework.menueditor.internal.InitializingMenuItem[name=null, text=&apos;Operation list&apos;, selected=false, enabled=true, visible=true, showing=false]
                se.cambiosys.client.framework.core.internal.CambioShortcutMenuButton[name=null, text=&apos;&apos;, selected=false, enabled=true, visible=true, showing=false]
              se.cambiosys.client.framework.menueditor.internal.InitializingMenuItem[name=null, text=&apos;Planning schedule&apos;, selected=false, enabled=true, visible=true, showing=false]
                se.cambiosys.client.framework.core.internal.CambioShortcutMenuButton[name=null, text=&apos;&apos;, selected=false, enabled=true, visible=true, showing=false]
              se.cambiosys.client.framework.menueditor.internal.InitializingMenuItem[name=null, text=&apos;Schedule overview&apos;, selected=false, enabled=true, visible=true, showing=false]
                se.cambiosys.client.framework.core.internal.CambioShortcutMenuButton[name=null, text=&apos;&apos;, selected=false, enabled=true, visible=true, showing=false]
              se.cambiosys.client.framework.menueditor.internal.InitializingMenuItem[name=null, text=&apos;Live Schedule&apos;, selected=false, enabled=true, visible=true, showing=false]
                se.cambiosys.client.framework.core.internal.CambioShortcutMenuButton[name=null, text=&apos;&apos;, selected=false, enabled=true, visible=true, showing=false]
              se.cambiosys.client.framework.components.CambioMenu[name=null, text=&apos;Administration&apos;, selected=false, enabled=true, visible=true, showing=false]
                javax.swing.JPopupMenu[name=null, label=null, enabled=true, visible=false, showing=false]
                  se.cambiosys.client.framework.menueditor.internal.InitializingMenuItem[name=null, text=&apos;Templates for Anaesthetic, Th.record, Recovery&apos;, selected=false, enabled=true, visible=true, showing=false]
                    se.cambiosys.client.framework.core.internal.CambioShortcutMenuButton[name=null, text=&apos;&apos;, selected=false, enabled=true, visible=true, showing=false]
                  se.cambiosys.client.framework.menueditor.internal.InitializingMenuItem[name=null, text=&apos;Basic templates for Th. registration&apos;, selected=false, enabled=true, visible=true, showing=false]
                    se.cambiosys.client.framework.core.internal.CambioShortcutMenuButton[name=null, text=&apos;&apos;, selected=false, enabled=true, visible=true, showing=false]
                  se.cambiosys.client.framework.menueditor.internal.InitializingMenuItem[name=null, text=&apos;Templates for Waypoints&apos;, selected=false, enabled=true, visible=true, showing=false]
                    se.cambiosys.client.framework.core.internal.CambioShortcutMenuButton[name=null, text=&apos;&apos;, selected=false, enabled=true, visible=true, showing=false]
                  se.cambiosys.client.framework.menueditor.internal.InitializingMenuItem[name=null, text=&apos;Theatre suite administration&apos;, selected=false, enabled=true, visible=true, showing=false]
                    se.cambiosys.client.framework.core.internal.CambioShortcutMenuButton[name=null, text=&apos;&apos;, selected=false, enabled=true, visible=true, showing=false]
                  se.cambiosys.client.framework.menueditor.internal.InitializingMenuItem[name=null, text=&apos;Medical priority&apos;, selected=false, enabled=true, visible=true, showing=false]
                    se.cambiosys.client.framework.core.internal.CambioShortcutMenuButton[name=null, text=&apos;&apos;, selected=false, enabled=true, visible=true, showing=false]
                  se.cambiosys.client.framework.menueditor.internal.InitializingMenuItem[name=null, text=&apos;Keyword mapping&apos;, selected=false, enabled=true, visible=true, showing=false]
                    se.cambiosys.client.framework.core.internal.CambioShortcutMenuButton[name=null, text=&apos;&apos;, selected=false, enabled=true, visible=true, showing=false]
                  se.cambiosys.client.framework.menueditor.internal.InitializingMenuItem[name=null, text=&apos;Create theatres&apos;, selected=false, enabled=true, visible=true, showing=false]
                    se.cambiosys.client.framework.core.internal.CambioShortcutMenuButton[name=null, text=&apos;&apos;, selected=false, enabled=true, visible=true, showing=false]
                  se.cambiosys.client.framework.menueditor.internal.InitializingMenuItem[name=null, text=&apos;Global filters&apos;, selected=false, enabled=true, visible=true, showing=false]
                    se.cambiosys.client.framework.core.internal.CambioShortcutMenuButton[name=null, text=&apos;&apos;, selected=false, enabled=true, visible=true, showing=false]
                  se.cambiosys.client.framework.menueditor.internal.InitializingMenuItem[name=null, text=&apos;Activity lists&apos;, selected=false, enabled=true, visible=true, showing=false]
                    se.cambiosys.client.framework.core.internal.CambioShortcutMenuButton[name=null, text=&apos;&apos;, selected=false, enabled=true, visible=true, showing=false]
                  se.cambiosys.client.framework.menueditor.internal.InitializingMenuItem[name=null, text=&apos;Templates for Th. registration&apos;, selected=false, enabled=true, visible=true, showing=false]
                    se.cambiosys.client.framework.core.internal.CambioShortcutMenuButton[name=null, text=&apos;&apos;, selected=false, enabled=true, visible=true, showing=false]
                  se.cambiosys.client.framework.menueditor.internal.InitializingMenuItem[name=null, text=&apos;Colour configuration&apos;, selected=false, enabled=true, visible=true, showing=false]
                    se.cambiosys.client.framework.core.internal.CambioShortcutMenuButton[name=null, text=&apos;&apos;, selected=false, enabled=true, visible=true, showing=false]
                  se.cambiosys.client.framework.menueditor.internal.InitializingMenuItem[name=null, text=&apos;Surgical Unit Administration&apos;, selected=false, enabled=true, visible=true, showing=false]
                    se.cambiosys.client.framework.core.internal.CambioShortcutMenuButton[name=null, text=&apos;&apos;, selected=false, enabled=true, visible=true, showing=false]
                  se.cambiosys.client.framework.menueditor.internal.InitializingMenuItem[name=null, text=&apos;Code Packages&apos;, selected=false, enabled=true, visible=true, showing=false]
                    se.cambiosys.client.framework.core.internal.CambioShortcutMenuButton[name=null, text=&apos;&apos;, selected=false, enabled=true, visible=true, showing=false]
          se.cambiosys.client.framework.components.CambioMenu[name=null, text=&apos;Order management&apos;, selected=false, enabled=true, visible=true, showing=true]
            javax.swing.JPopupMenu[name=null, label=null, enabled=true, visible=false, showing=false]
              se.cambiosys.client.framework.menueditor.internal.InitializingMenuItem[name=null, text=&apos;Request&apos;, selected=false, enabled=true, visible=true, showing=false]
                se.cambiosys.client.framework.core.internal.CambioShortcutMenuButton[name=null, text=&apos;&apos;, selected=false, enabled=true, visible=true, showing=false]
              se.cambiosys.client.framework.menueditor.internal.InitializingMenuItem[name=null, text=&apos;Specimen collection&apos;, selected=false, enabled=true, visible=true, showing=false]
                se.cambiosys.client.framework.core.internal.CambioShortcutMenuButton[name=null, text=&apos;&apos;, selected=false, enabled=true, visible=true, showing=false]
              se.cambiosys.client.framework.menueditor.internal.InitializingMenuItem[name=null, text=&apos;Radiology Request&apos;, selected=false, enabled=true, visible=true, showing=false]
                se.cambiosys.client.framework.core.internal.CambioShortcutMenuButton[name=null, text=&apos;&apos;, selected=false, enabled=true, visible=true, showing=false]
              se.cambiosys.client.framework.menueditor.internal.InitializingMenuItem[name=null, text=&apos;Unsent Radiology Request&apos;, selected=false, enabled=true, visible=true, showing=false]
                se.cambiosys.client.framework.core.internal.CambioShortcutMenuButton[name=null, text=&apos;&apos;, selected=false, enabled=true, visible=true, showing=false]
              se.cambiosys.client.framework.menueditor.internal.InitializingMenuItem[name=null, text=&apos;Request status&apos;, selected=false, enabled=true, visible=true, showing=false]
                se.cambiosys.client.framework.core.internal.CambioShortcutMenuButton[name=null, text=&apos;&apos;, selected=false, enabled=true, visible=true, showing=false]
              se.cambiosys.client.framework.menueditor.internal.InitializingMenuItem[name=null, text=&apos;Local analyses input&apos;, selected=false, enabled=true, visible=true, showing=false]
                se.cambiosys.client.framework.core.internal.CambioShortcutMenuButton[name=null, text=&apos;&apos;, selected=false, enabled=true, visible=true, showing=false]
              se.cambiosys.client.framework.menueditor.internal.InitializingMenuItem[name=null, text=&apos;Result inbox&apos;, selected=false, enabled=true, visible=true, showing=false]
                se.cambiosys.client.framework.core.internal.CambioShortcutMenuButton[name=null, text=&apos;&apos;, selected=false, enabled=true, visible=true, showing=false]
              se.cambiosys.client.framework.menueditor.internal.InitializingMenuItem[name=null, text=&apos;Test result&apos;, selected=false, enabled=true, visible=true, showing=false]
                se.cambiosys.client.framework.core.internal.CambioShortcutMenuButton[name=null, text=&apos;&apos;, selected=false, enabled=true, visible=true, showing=false]
              se.cambiosys.client.framework.menueditor.internal.InitializingMenuItem[name=null, text=&apos;Radiology Report&apos;, selected=false, enabled=true, visible=true, showing=false]
                se.cambiosys.client.framework.core.internal.CambioShortcutMenuButton[name=null, text=&apos;&apos;, selected=false, enabled=true, visible=true, showing=false]
              se.cambiosys.client.framework.menueditor.internal.InitializingMenuItem[name=null, text=&apos;Manual input&apos;, selected=false, enabled=true, visible=true, showing=false]
                se.cambiosys.client.framework.core.internal.CambioShortcutMenuButton[name=null, text=&apos;&apos;, selected=false, enabled=true, visible=true, showing=false]
              se.cambiosys.client.framework.components.CambioMenu[name=null, text=&apos;Administration&apos;, selected=false, enabled=true, visible=true, showing=false]
                javax.swing.JPopupMenu[name=null, label=null, enabled=true, visible=false, showing=false]
                  se.cambiosys.client.framework.menueditor.internal.InitializingMenuItem[name=null, text=&apos;Sketch administration&apos;, selected=false, enabled=true, visible=true, showing=false]
                    se.cambiosys.client.framework.core.internal.CambioShortcutMenuButton[name=null, text=&apos;&apos;, selected=false, enabled=true, visible=true, showing=false]
                  se.cambiosys.client.framework.menueditor.internal.InitializingMenuItem[name=null, text=&apos;Pathology request templates&apos;, selected=false, enabled=true, visible=true, showing=false]
                    se.cambiosys.client.framework.core.internal.CambioShortcutMenuButton[name=null, text=&apos;&apos;, selected=false, enabled=true, visible=true, showing=false]
              se.cambiosys.client.framework.menueditor.internal.InitializingMenuItem[name=null, text=&apos;Signed Radiology Request &apos;, selected=false, enabled=true, visible=true, showing=false]
                se.cambiosys.client.framework.core.internal.CambioShortcutMenuButton[name=null, text=&apos;&apos;, selected=false, enabled=true, visible=true, showing=false]
          se.cambiosys.client.framework.components.CambioMenu[name=null, text=&apos;Medical record&apos;, selected=false, enabled=true, visible=true, showing=true]
            javax.swing.JPopupMenu[name=null, label=null, enabled=true, visible=false, showing=false]
              se.cambiosys.client.framework.components.CambioMenu[name=null, text=&apos;Medical record table&apos;, selected=false, enabled=true, visible=true, showing=false]
                javax.swing.JPopupMenu[name=null, label=null, enabled=true, visible=false, showing=false]
                  se.cambiosys.client.framework.menueditor.internal.InitializingMenuItem[name=null, text=&apos;Administration of templates for medical record tables&apos;, selected=false, enabled=true, visible=true, showing=false]
                    se.cambiosys.client.framework.core.internal.CambioShortcutMenuButton[name=null, text=&apos;&apos;, selected=false, enabled=true, visible=true, showing=false]
                  se.cambiosys.client.framework.menueditor.internal.InitializingMenuItem[name=null, text=&apos;New medical record table&apos;, selected=false, enabled=false, visible=true, showing=false]
                    se.cambiosys.client.framework.core.internal.CambioShortcutMenuButton[name=null, text=&apos;&apos;, selected=false, enabled=true, visible=true, showing=false]
              se.cambiosys.client.framework.menueditor.internal.InitializingMenuItem[name=null, text=&apos;Medical record&apos;, selected=false, enabled=true, visible=true, showing=false]
                se.cambiosys.client.framework.core.internal.CambioShortcutMenuButton[name=null, text=&apos;&apos;, selected=false, enabled=true, visible=true, showing=false]
              se.cambiosys.client.framework.menueditor.internal.InitializingMenuItem[name=null, text=&apos;New note&apos;, selected=false, enabled=true, visible=true, showing=false]
                se.cambiosys.client.framework.core.internal.CambioShortcutMenuButton[name=null, text=&apos;&apos;, selected=false, enabled=true, visible=true, showing=false]
              se.cambiosys.client.framework.menueditor.internal.InitializingMenuItem[name=null, text=&apos;New form&apos;, selected=false, enabled=true, visible=true, showing=false]
                se.cambiosys.client.framework.core.internal.CambioShortcutMenuButton[name=null, text=&apos;&apos;, selected=false, enabled=true, visible=true, showing=false]
              se.cambiosys.client.framework.menueditor.internal.InitializingMenuItem[name=null, text=&apos;New care plan note&apos;, selected=false, enabled=false, visible=false, showing=false]
                se.cambiosys.client.framework.core.internal.CambioShortcutMenuButton[name=null, text=&apos;&apos;, selected=false, enabled=true, visible=true, showing=false]
              se.cambiosys.client.framework.menueditor.internal.InitializingMenuItem[name=null, text=&apos;Observation&apos;, selected=false, enabled=true, visible=true, showing=false]
                se.cambiosys.client.framework.core.internal.CambioShortcutMenuButton[name=null, text=&apos;&apos;, selected=false, enabled=true, visible=true, showing=false]
              se.cambiosys.client.framework.menueditor.internal.InitializingMenuItem[name=null, text=&apos;Graphic view&apos;, selected=false, enabled=true, visible=true, showing=false]
                se.cambiosys.client.framework.core.internal.CambioShortcutMenuButton[name=null, text=&apos;&apos;, selected=false, enabled=true, visible=true, showing=false]
              se.cambiosys.client.framework.menueditor.internal.InitializingMenuItem[name=null, text=&apos;List of activities&apos;, selected=false, enabled=true, visible=true, showing=false]
                se.cambiosys.client.framework.core.internal.CambioShortcutMenuButton[name=null, text=&apos;&apos;, selected=false, enabled=true, visible=true, showing=false]
              se.cambiosys.client.framework.components.CambioMenu[name=null, text=&apos;Administration&apos;, selected=false, enabled=true, visible=true, showing=false]
                javax.swing.JPopupMenu[name=null, label=null, enabled=true, visible=false, showing=false]
                  se.cambiosys.client.framework.menueditor.internal.InitializingMenuItem[name=null, text=&apos;Keyword editor&apos;, selected=false, enabled=true, visible=true, showing=false]
                    se.cambiosys.client.framework.core.internal.CambioShortcutMenuButton[name=null, text=&apos;&apos;, selected=false, enabled=true, visible=true, showing=false]
                  se.cambiosys.client.framework.menueditor.internal.InitializingMenuItem[name=null, text=&apos;Search occurrences of keyword&apos;, selected=false, enabled=true, visible=true, showing=false]
                    se.cambiosys.client.framework.core.internal.CambioShortcutMenuButton[name=null, text=&apos;&apos;, selected=false, enabled=true, visible=true, showing=false]
                  se.cambiosys.client.framework.menueditor.internal.InitializingMenuItem[name=null, text=&apos;Template manager&apos;, selected=false, enabled=true, visible=true, showing=false]
                    se.cambiosys.client.framework.core.internal.CambioShortcutMenuButton[name=null, text=&apos;&apos;, selected=false, enabled=true, visible=true, showing=false]
                  se.cambiosys.client.framework.menueditor.internal.InitializingMenuItem[name=null, text=&apos;Fixed values&apos;, selected=false, enabled=true, visible=true, showing=false]
                    se.cambiosys.client.framework.core.internal.CambioShortcutMenuButton[name=null, text=&apos;&apos;, selected=false, enabled=true, visible=true, showing=false]
                  se.cambiosys.client.framework.menueditor.internal.InitializingMenuItem[name=null, text=&apos;Form administration&apos;, selected=false, enabled=true, visible=true, showing=false]
                    se.cambiosys.client.framework.core.internal.CambioShortcutMenuButton[name=null, text=&apos;&apos;, selected=false, enabled=true, visible=true, showing=false]
                  se.cambiosys.client.framework.menueditor.internal.InitializingMenuItem[name=null, text=&apos;Administration views&apos;, selected=false, enabled=true, visible=true, showing=false]
                    se.cambiosys.client.framework.core.internal.CambioShortcutMenuButton[name=null, text=&apos;&apos;, selected=false, enabled=true, visible=true, showing=false]
                  se.cambiosys.client.framework.menueditor.internal.InitializingMenuItem[name=null, text=&apos;Administration filter&apos;, selected=false, enabled=true, visible=true, showing=false]
                    se.cambiosys.client.framework.core.internal.CambioShortcutMenuButton[name=null, text=&apos;&apos;, selected=false, enabled=true, visible=true, showing=false]
                  se.cambiosys.client.framework.menueditor.internal.InitializingMenuItem[name=null, text=&apos;Selection of problems&apos;, selected=false, enabled=true, visible=true, showing=false]
                    se.cambiosys.client.framework.core.internal.CambioShortcutMenuButton[name=null, text=&apos;&apos;, selected=false, enabled=true, visible=true, showing=false]
              se.cambiosys.client.framework.components.CambioMenu[name=null, text=&apos;Digital dictation&apos;, selected=false, enabled=true, visible=true, showing=false]
                javax.swing.JPopupMenu[name=null, label=null, enabled=true, visible=false, showing=false]
                  se.cambiosys.client.framework.menueditor.internal.InitializingMenuItem[name=null, text=&apos;Create new dictation&apos;, selected=false, enabled=true, visible=true, showing=false]
                    se.cambiosys.client.framework.core.internal.CambioShortcutMenuButton[name=null, text=&apos;&apos;, selected=false, enabled=true, visible=true, showing=false]
                  se.cambiosys.client.framework.menueditor.internal.InitializingMenuItem[name=null, text=&apos;Dictation list&apos;, selected=false, enabled=true, visible=true, showing=false]
                    se.cambiosys.client.framework.core.internal.CambioShortcutMenuButton[name=null, text=&apos;&apos;, selected=false, enabled=true, visible=true, showing=false]
                  se.cambiosys.client.framework.menueditor.internal.InitializingMenuItem[name=null, text=&apos;Create new dictation from file&apos;, selected=false, enabled=true, visible=true, showing=false]
                    se.cambiosys.client.framework.core.internal.CambioShortcutMenuButton[name=null, text=&apos;&apos;, selected=false, enabled=true, visible=true, showing=false]
                  se.cambiosys.client.framework.menueditor.internal.InitializingMenuItem[name=null, text=&apos;Create new dictation minimized&apos;, selected=false, enabled=true, visible=true, showing=false]
                    se.cambiosys.client.framework.core.internal.CambioShortcutMenuButton[name=null, text=&apos;&apos;, selected=false, enabled=true, visible=true, showing=false]
              se.cambiosys.client.framework.components.CambioMenu[name=null, text=&apos;Birth&apos;, selected=false, enabled=true, visible=true, showing=false]
                javax.swing.JPopupMenu[name=null, label=null, enabled=true, visible=false, showing=false]
                  se.cambiosys.client.framework.menueditor.internal.InitializingMenuItem[name=null, text=&apos;Partogram&apos;, selected=false, enabled=false, visible=true, showing=false]
                    se.cambiosys.client.framework.core.internal.CambioShortcutMenuButton[name=null, text=&apos;&apos;, selected=false, enabled=true, visible=true, showing=false]
                  se.cambiosys.client.framework.menueditor.internal.InitializingMenuItem[name=null, text=&apos;New delivery&apos;, selected=false, enabled=false, visible=true, showing=false]
                    se.cambiosys.client.framework.core.internal.CambioShortcutMenuButton[name=null, text=&apos;&apos;, selected=false, enabled=true, visible=true, showing=false]
                  se.cambiosys.client.framework.menueditor.internal.InitializingMenuItem[name=null, text=&apos;Delete partogram&apos;, selected=false, enabled=false, visible=true, showing=false]
                    se.cambiosys.client.framework.core.internal.CambioShortcutMenuButton[name=null, text=&apos;&apos;, selected=false, enabled=true, visible=true, showing=false]
                  se.cambiosys.client.framework.menueditor.internal.InitializingMenuItem[name=null, text=&apos;Configuration of registrations&apos;, selected=false, enabled=true, visible=true, showing=false]
                    se.cambiosys.client.framework.core.internal.CambioShortcutMenuButton[name=null, text=&apos;&apos;, selected=false, enabled=true, visible=true, showing=false]
                  se.cambiosys.client.framework.menueditor.internal.InitializingMenuItem[name=null, text=&apos;Child number configuration&apos;, selected=false, enabled=true, visible=true, showing=false]
                    se.cambiosys.client.framework.core.internal.CambioShortcutMenuButton[name=null, text=&apos;&apos;, selected=false, enabled=true, visible=true, showing=false]
          se.cambiosys.client.framework.components.CambioMenu[name=null, text=&apos;Window&apos;, selected=false, enabled=true, visible=true, showing=true]
            javax.swing.JPopupMenu[name=null, label=null, enabled=true, visible=false, showing=false]
              se.cambiosys.client.framework.core.internal.MenuHandler$10(se.cambiosys.client.framework.components.CambioCheckBoxMenuItem)[name=null, text=&apos;Keep windows&apos;, selected=true, enabled=true, visible=true, showing=false]
              se.cambiosys.client.framework.menueditor.internal.InitializingMenuItem[name=null, text=&apos;Minimize all&apos;, selected=false, enabled=true, visible=true, showing=false]
                se.cambiosys.client.framework.core.internal.CambioShortcutMenuButton[name=null, text=&apos;&apos;, selected=false, enabled=true, visible=true, showing=false]
          se.cambiosys.client.framework.components.CambioMenu[name=null, text=&apos;Basic Menu&apos;, selected=false, enabled=true, visible=true, showing=true]
            javax.swing.JPopupMenu[name=null, label=null, enabled=true, visible=false, showing=false]
              se.cambiosys.client.framework.menueditor.internal.InitializingMenuItem[name=null, text=&apos;Basic Text&apos;, selected=false, enabled=true, visible=true, showing=false]
                se.cambiosys.client.framework.core.internal.CambioShortcutMenuButton[name=null, text=&apos;&apos;, selected=false, enabled=true, visible=true, showing=false]
          se.cambiosys.client.framework.components.CambioMenu[name=null, text=&apos;Patient administration IP &amp; OP&apos;, selected=false, enabled=true, visible=true, showing=true]
            javax.swing.JPopupMenu[name=null, label=null, enabled=true, visible=false, showing=false]
              se.cambiosys.client.framework.components.CambioMenu[name=null, text=&apos;Administration&apos;, selected=false, enabled=true, visible=true, showing=false]
                javax.swing.JPopupMenu[name=null, label=null, enabled=true, visible=false, showing=false]
                  se.cambiosys.client.framework.menueditor.internal.InitializingMenuItem[name=null, text=&apos;Region membership&apos;, selected=false, enabled=true, visible=true, showing=false]
                    se.cambiosys.client.framework.core.internal.CambioShortcutMenuButton[name=null, text=&apos;&apos;, selected=false, enabled=true, visible=true, showing=false]
                  se.cambiosys.client.framework.menueditor.internal.InitializingMenuItem[name=null, text=&apos;Search order number&apos;, selected=false, enabled=true, visible=true, showing=false]
                    se.cambiosys.client.framework.core.internal.CambioShortcutMenuButton[name=null, text=&apos;&apos;, selected=false, enabled=true, visible=true, showing=false]
                  se.cambiosys.client.framework.menueditor.internal.InitializingMenuItem[name=null, text=&apos;Reception administration &amp; reception period&apos;, selected=false, enabled=true, visible=true, showing=false]
                    se.cambiosys.client.framework.core.internal.CambioShortcutMenuButton[name=null, text=&apos;&apos;, selected=false, enabled=true, visible=true, showing=false]
                  se.cambiosys.client.framework.menueditor.internal.InitializingMenuItem[name=null, text=&apos;Receptions and reception locations&apos;, selected=false, enabled=true, visible=true, showing=false]
                    se.cambiosys.client.framework.core.internal.CambioShortcutMenuButton[name=null, text=&apos;&apos;, selected=false, enabled=true, visible=true, showing=false]
                  se.cambiosys.client.framework.components.CambioMenu[name=null, text=&apos;Contract&apos;, selected=false, enabled=true, visible=true, showing=false]
                    javax.swing.JPopupMenu[name=null, label=null, enabled=true, visible=false, showing=false]
                      se.cambiosys.client.framework.menueditor.internal.InitializingMenuItem[name=null, text=&apos;New base price list&apos;, selected=false, enabled=true, visible=true, showing=false]
                        se.cambiosys.client.framework.core.internal.CambioShortcutMenuButton[name=null, text=&apos;&apos;, selected=false, enabled=true, visible=true, showing=false]
                      se.cambiosys.client.framework.menueditor.internal.InitializingMenuItem[name=null, text=&apos;Open base price list&apos;, selected=false, enabled=true, visible=true, showing=false]
                        se.cambiosys.client.framework.core.internal.CambioShortcutMenuButton[name=null, text=&apos;&apos;, selected=false, enabled=true, visible=true, showing=false]
                      se.cambiosys.client.framework.menueditor.internal.InitializingMenuItem[name=null, text=&apos;New contract&apos;, selected=false, enabled=true, visible=true, showing=false]
                        se.cambiosys.client.framework.core.internal.CambioShortcutMenuButton[name=null, text=&apos;&apos;, selected=false, enabled=true, visible=true, showing=false]
                      se.cambiosys.client.framework.menueditor.internal.InitializingMenuItem[name=null, text=&apos;Open contract&apos;, selected=false, enabled=true, visible=true, showing=false]
                        se.cambiosys.client.framework.core.internal.CambioShortcutMenuButton[name=null, text=&apos;&apos;, selected=false, enabled=true, visible=true, showing=false]
                      se.cambiosys.client.framework.menueditor.internal.InitializingMenuItem[name=null, text=&apos;Administration of contracts of goods sales&apos;, selected=false, enabled=true, visible=true, showing=false]
                        se.cambiosys.client.framework.core.internal.CambioShortcutMenuButton[name=null, text=&apos;&apos;, selected=false, enabled=true, visible=true, showing=false]
                  se.cambiosys.client.framework.menueditor.internal.InitializingMenuItem[name=null, text=&apos;Products&apos;, selected=false, enabled=true, visible=true, showing=false]
                    se.cambiosys.client.framework.core.internal.CambioShortcutMenuButton[name=null, text=&apos;&apos;, selected=false, enabled=true, visible=true, showing=false]
                  se.cambiosys.client.framework.menueditor.internal.InitializingMenuItem[name=null, text=&apos;Goods&apos;, selected=false, enabled=true, visible=true, showing=false]
                    se.cambiosys.client.framework.core.internal.CambioShortcutMenuButton[name=null, text=&apos;&apos;, selected=false, enabled=true, visible=true, showing=false]
                  se.cambiosys.client.framework.menueditor.internal.InitializingMenuItem[name=null, text=&apos;VAT classes&apos;, selected=false, enabled=true, visible=true, showing=false]
                    se.cambiosys.client.framework.core.internal.CambioShortcutMenuButton[name=null, text=&apos;&apos;, selected=false, enabled=true, visible=true, showing=false]
              se.cambiosys.client.framework.menueditor.internal.InitializingMenuItem[name=null, text=&apos;Configure economy exports&apos;, selected=false, enabled=true, visible=true, showing=false]
                se.cambiosys.client.framework.core.internal.CambioShortcutMenuButton[name=null, text=&apos;&apos;, selected=false, enabled=true, visible=true, showing=false]
              se.cambiosys.client.framework.menueditor.internal.InitializingMenuItem[name=null, text=&apos;Export management&apos;, selected=false, enabled=true, visible=true, showing=false]
                se.cambiosys.client.framework.core.internal.CambioShortcutMenuButton[name=null, text=&apos;&apos;, selected=false, enabled=true, visible=true, showing=false]
              se.cambiosys.client.framework.menueditor.internal.InitializingMenuItem[name=null, text=&apos;Visit and procedure registration&apos;, selected=false, enabled=true, visible=true, showing=false]
                se.cambiosys.client.framework.core.internal.CambioShortcutMenuButton[name=null, text=&apos;&apos;, selected=false, enabled=true, visible=true, showing=false]
              se.cambiosys.client.framework.menueditor.internal.InitializingMenuItem[name=null, text=&apos;Inpatient registration&apos;, selected=false, enabled=true, visible=true, showing=false]
                se.cambiosys.client.framework.core.internal.CambioShortcutMenuButton[name=null, text=&apos;&apos;, selected=false, enabled=true, visible=true, showing=false]
              se.cambiosys.client.framework.menueditor.internal.InitializingMenuItem[name=null, text=&apos;Acute overview&apos;, selected=false, enabled=true, visible=true, showing=false]
                se.cambiosys.client.framework.core.internal.CambioShortcutMenuButton[name=null, text=&apos;&apos;, selected=false, enabled=true, visible=true, showing=false]
              se.cambiosys.client.framework.menueditor.internal.InitializingMenuItem[name=null, text=&apos;Registration overview&apos;, selected=false, enabled=true, visible=true, showing=false]
                se.cambiosys.client.framework.core.internal.CambioShortcutMenuButton[name=null, text=&apos;&apos;, selected=false, enabled=true, visible=true, showing=false]
              se.cambiosys.client.framework.menueditor.internal.InitializingMenuItem[name=null, text=&apos;Goods Sale overview&apos;, selected=false, enabled=true, visible=true, showing=false]
                se.cambiosys.client.framework.core.internal.CambioShortcutMenuButton[name=null, text=&apos;&apos;, selected=false, enabled=true, visible=true, showing=false]
              se.cambiosys.client.framework.menueditor.internal.InitializingMenuItem[name=null, text=&apos;Invoice overview&apos;, selected=false, enabled=true, visible=true, showing=false]
                se.cambiosys.client.framework.core.internal.CambioShortcutMenuButton[name=null, text=&apos;&apos;, selected=false, enabled=true, visible=true, showing=false]
              se.cambiosys.client.framework.menueditor.internal.InitializingMenuItem[name=null, text=&apos;Register codes&apos;, selected=false, enabled=false, visible=true, showing=false]
                se.cambiosys.client.framework.core.internal.CambioShortcutMenuButton[name=null, text=&apos;&apos;, selected=false, enabled=true, visible=true, showing=false]
              se.cambiosys.client.framework.menueditor.internal.InitializingMenuItem[name=null, text=&apos;Undo&apos;, selected=false, enabled=true, visible=true, showing=false]
                se.cambiosys.client.framework.core.internal.CambioShortcutMenuButton[name=null, text=&apos;&apos;, selected=false, enabled=true, visible=true, showing=false]
          se.cambiosys.client.framework.components.CambioMenu[name=null, text=&apos;Patient&apos;, selected=false, enabled=true, visible=true, showing=true]
            javax.swing.JPopupMenu[name=null, label=null, enabled=true, visible=false, showing=false]
              se.cambiosys.client.framework.components.CambioMenu[name=null, text=&apos;Groups&apos;, selected=false, enabled=true, visible=true, showing=false]
                javax.swing.JPopupMenu[name=null, label=null, enabled=true, visible=false, showing=false]
                  se.cambiosys.client.framework.menueditor.internal.InitializingMenuItem[name=null, text=&apos;Group card&apos;, selected=false, enabled=false, visible=true, showing=false]
                    se.cambiosys.client.framework.core.internal.CambioShortcutMenuButton[name=null, text=&apos;&apos;, selected=false, enabled=true, visible=true, showing=false]
                  se.cambiosys.client.framework.menueditor.internal.InitializingMenuItem[name=null, text=&apos;Group administration&apos;, selected=false, enabled=true, visible=true, showing=false]
                    se.cambiosys.client.framework.core.internal.CambioShortcutMenuButton[name=null, text=&apos;&apos;, selected=false, enabled=true, visible=true, showing=false]
              se.cambiosys.client.framework.subjectofcare.internal.SecurityOverrideHandlerImpl$1(se.cambiosys.client.framework.components.CambioCheckBoxMenuItem)[name=null, text=&apos;Activate security override&apos;, selected=false, enabled=false, visible=true, showing=false]
              se.cambiosys.client.framework.menueditor.internal.InitializingMenuItem[name=null, text=&apos;Patient card&apos;, selected=false, enabled=true, visible=true, showing=false]
                se.cambiosys.client.framework.core.internal.CambioShortcutMenuButton[name=null, text=&apos;&apos;, selected=false, enabled=true, visible=true, showing=false]
              se.cambiosys.client.framework.menueditor.internal.InitializingMenuItem[name=null, text=&apos;Print patient information&apos;, selected=false, enabled=true, visible=true, showing=false]
                se.cambiosys.client.framework.core.internal.CambioShortcutMenuButton[name=null, text=&apos;&apos;, selected=false, enabled=true, visible=true, showing=false]
              se.cambiosys.client.framework.menueditor.internal.InitializingMenuItem[name=null, text=&apos;Connect mother-child&apos;, selected=false, enabled=false, visible=true, showing=false]
                se.cambiosys.client.framework.core.internal.CambioShortcutMenuButton[name=null, text=&apos;&apos;, selected=false, enabled=true, visible=true, showing=false]
              se.cambiosys.client.framework.menueditor.internal.InitializingMenuItem[name=null, text=&apos;Disconnect child-mother&apos;, selected=false, enabled=false, visible=true, showing=false]
                se.cambiosys.client.framework.core.internal.CambioShortcutMenuButton[name=null, text=&apos;&apos;, selected=false, enabled=true, visible=true, showing=false]
              se.cambiosys.client.framework.menueditor.internal.InitializingMenuItem[name=null, text=&apos;Reservenumber...&apos;, selected=false, enabled=true, visible=true, showing=false]
                se.cambiosys.client.framework.core.internal.CambioShortcutMenuButton[name=null, text=&apos;&apos;, selected=false, enabled=true, visible=true, showing=false]
          se.cambiosys.client.framework.components.CambioMenu[name=null, text=&apos;Link (previous version)&apos;, selected=false, enabled=true, visible=true, showing=true]
            javax.swing.JPopupMenu[name=null, label=null, enabled=true, visible=false, showing=false]
              se.cambiosys.client.framework.menueditor.internal.InitializingMenuItem[name=null, text=&apos;Loading...&apos;, selected=false, enabled=true, visible=true, showing=false]
                se.cambiosys.client.framework.core.internal.CambioShortcutMenuButton[name=null, text=&apos;&apos;, selected=false, enabled=true, visible=true, showing=false]
              se.cambiosys.client.framework.menueditor.internal.InitializingMenuItem[name=null, text=&apos;Loading...&apos;, selected=false, enabled=true, visible=true, showing=false]
                se.cambiosys.client.framework.core.internal.CambioShortcutMenuButton[name=null, text=&apos;&apos;, selected=false, enabled=true, visible=true, showing=false]
          se.cambiosys.client.framework.components.CambioMenu[name=null, text=&apos;File&apos;, selected=false, enabled=true, visible=true, showing=true]
            javax.swing.JPopupMenu[name=null, label=null, enabled=true, visible=false, showing=false]
              se.cambiosys.client.framework.menueditor.internal.InitializingMenuItem[name=null, text=&apos;Change password&apos;, selected=false, enabled=true, visible=true, showing=false]
                se.cambiosys.client.framework.core.internal.CambioShortcutMenuButton[name=null, text=&apos;&apos;, selected=false, enabled=true, visible=true, showing=false]
              se.cambiosys.client.framework.menueditor.internal.InitializingMenuItem[name=null, text=&apos;Lock COSMIC&apos;, selected=false, enabled=true, visible=true, showing=false]
                se.cambiosys.client.framework.core.internal.CambioShortcutMenuButton[name=null, text=&apos;&apos;, selected=false, enabled=true, visible=true, showing=false]
              se.cambiosys.client.framework.menueditor.internal.InitializingMenuItem[name=null, text=&apos;Change profile&apos;, selected=false, enabled=true, visible=true, showing=false]
                se.cambiosys.client.framework.core.internal.CambioShortcutMenuButton[name=null, text=&apos;&apos;, selected=false, enabled=true, visible=true, showing=false]
              se.cambiosys.client.framework.menueditor.internal.InitializingMenuItem[name=null, text=&apos;Log out&apos;, selected=false, enabled=true, visible=true, showing=false]
                se.cambiosys.client.framework.core.internal.CambioShortcutMenuButton[name=null, text=&apos;&apos;, selected=false, enabled=true, visible=true, showing=false]
              se.cambiosys.client.framework.menueditor.internal.InitializingMenuItem[name=null, text=&apos;Quit&apos;, selected=false, enabled=true, visible=true, showing=false]
                se.cambiosys.client.framework.core.internal.CambioShortcutMenuButton[name=null, text=&apos;&apos;, selected=false, enabled=true, visible=true, showing=false]
          se.cambiosys.client.framework.components.CambioMenu[name=null, text=&apos;External Applications&apos;, selected=false, enabled=true, visible=true, showing=true]
            javax.swing.JPopupMenu[name=null, label=null, enabled=true, visible=false, showing=false]
              se.cambiosys.client.framework.menueditor.internal.InitializingMenuItem[name=null, text=&apos;DrCompanion&apos;, selected=false, enabled=true, visible=true, showing=false]
                se.cambiosys.client.framework.core.internal.CambioShortcutMenuButton[name=null, text=&apos;&apos;, selected=false, enabled=true, visible=true, showing=false]
              se.cambiosys.client.framework.menueditor.internal.InitializingMenuItem[name=null, text=&apos;OBSTETRIX (Ext)&apos;, selected=false, enabled=true, visible=true, showing=false]
                se.cambiosys.client.framework.core.internal.CambioShortcutMenuButton[name=null, text=&apos;&apos;, selected=false, enabled=true, visible=true, showing=false]
          se.cambiosys.client.framework.components.CambioMenu[name=null, text=&apos;Analytics&apos;, selected=false, enabled=true, visible=true, showing=true]
            javax.swing.JPopupMenu[name=null, label=null, enabled=true, visible=false, showing=false]
              se.cambiosys.client.framework.menueditor.internal.InitializingMenuItem[name=null, text=&apos;Insight&apos;, selected=false, enabled=true, visible=true, showing=false]
                se.cambiosys.client.framework.core.internal.CambioShortcutMenuButton[name=null, text=&apos;&apos;, selected=false, enabled=true, visible=true, showing=false]
          se.cambiosys.client.framework.components.CambioMenu[name=null, text=&apos;Bed management&apos;, selected=false, enabled=true, visible=true, showing=true]
            javax.swing.JPopupMenu[name=null, label=null, enabled=true, visible=false, showing=false]
              se.cambiosys.client.framework.menueditor.internal.InitializingMenuItem[name=null, text=&apos;Patient search&apos;, selected=false, enabled=true, visible=true, showing=false]
                se.cambiosys.client.framework.core.internal.CambioShortcutMenuButton[name=null, text=&apos;&apos;, selected=false, enabled=true, visible=true, showing=false]
              se.cambiosys.client.framework.menueditor.internal.InitializingMenuItem[name=null, text=&apos;Bed reservation overview&apos;, selected=false, enabled=true, visible=true, showing=false]
                se.cambiosys.client.framework.core.internal.CambioShortcutMenuButton[name=null, text=&apos;&apos;, selected=false, enabled=true, visible=true, showing=false]
              se.cambiosys.client.framework.menueditor.internal.InitializingMenuItem[name=null, text=&apos;Bed Administration&apos;, selected=false, enabled=true, visible=true, showing=false]
                se.cambiosys.client.framework.core.internal.CambioShortcutMenuButton[name=null, text=&apos;&apos;, selected=false, enabled=true, visible=true, showing=false]
      javax.swing.JPanel[name=&apos;null.contentPane&apos;]
        se.cambiosys.client.framework.core.internal.gui.MainWindow$2(javax.swing.JPanel)[name=null]
        se.cambiosys.client.framework.components.CambioDesktopPane[]
          javax.swing.JLabel[name=null, text=&apos;&apos;, enabled=true, visible=true, showing=false]
        se.cambiosys.client.framework.components.CambioPanel[name=null]
          se.cambiosys.client.framework.core.internal.gui.MainWindow$1(se.cambiosys.client.framework.subjectofcare.internal.gui.PatientBannerTopPanel)[name=null]
            se.cambiosys.client.framework.core.internal.gui.SideBarToggleButton[name=null, text=&apos;&apos;, enabled=true, visible=true, showing=true]
            se.cambiosys.client.framework.core.internal.gui.CambioVerticalMenu[name=null]
              javax.swing.JMenuBar[]
                javax.swing.JMenu[name=null, text=&apos;&apos;, selected=true, enabled=true, visible=true, showing=true]
                  javax.swing.JPopupMenu[name=null, label=null, enabled=true, visible=true, showing=true]
                    se.cambiosys.client.framework.core.internal.gui.CambioMenuSearchComponent[name=null]
                      se.cambiosys.client.framework.components.CambioPanel[name=null]
                        javax.swing.JTextField[name=null, text=&apos;&apos;, enabled=true, visible=true, showing=true]
                        se.cambiosys.client.framework.components.CambioLabel[name=&apos;Table.cellRenderer&apos;, text=&apos;&apos;, enabled=true, visible=true, showing=true]
                        se.cambiosys.client.framework.components.CambioButton[name=null, text=&apos;&apos;, enabled=true, visible=false, showing=false]
                    se.cambiosys.client.framework.components.CambioMenu[name=null, text=&apos;Page Object Creator&apos;, selected=false, enabled=true, visible=true, showing=true]
                      javax.swing.JPopupMenu[name=null, label=null, enabled=true, visible=false, showing=false]
                        se.cambiosys.client.framework.menueditor.internal.InitializingMenuItem[name=null, text=&apos;Loading...&apos;, selected=false, enabled=true, visible=true, showing=false]
                          se.cambiosys.client.framework.core.internal.CambioShortcutMenuButton[name=null, text=&apos;&apos;, selected=false, enabled=true, visible=true, showing=false]
                    se.cambiosys.client.framework.components.CambioMenu[name=null, text=&apos;Activity&apos;, selected=false, enabled=true, visible=true, showing=true]
                      javax.swing.JPopupMenu[name=null, label=null, enabled=true, visible=false, showing=false]
                        se.cambiosys.client.framework.menueditor.internal.InitializingMenuItem[name=null, text=&apos;Order&apos;, selected=false, enabled=false, visible=true, showing=false]
                          se.cambiosys.client.framework.core.internal.CambioShortcutMenuButton[name=null, text=&apos;&apos;, selected=true, enabled=true, visible=true, showing=false]
                        se.cambiosys.client.framework.menueditor.internal.InitializingMenuItem[name=null, text=&apos;Order Administration&apos;, selected=false, enabled=true, visible=true, showing=false]
                          se.cambiosys.client.framework.core.internal.CambioShortcutMenuButton[name=null, text=&apos;&apos;, selected=false, enabled=true, visible=true, showing=false]
                    se.cambiosys.client.framework.components.CambioMenu[name=null, text=&apos;Patient Generated Care Entries&apos;, selected=false, enabled=true, visible=true, showing=true]
                      javax.swing.JPopupMenu[name=null, label=null, enabled=true, visible=false, showing=false]
                        se.cambiosys.client.framework.menueditor.internal.InitializingMenuItem[name=null, text=&apos;PG CareEntries Testing Tool&apos;, selected=false, enabled=true, visible=true, showing=false]
                          se.cambiosys.client.framework.core.internal.CambioShortcutMenuButton[name=null, text=&apos;&apos;, selected=false, enabled=true, visible=true, showing=false]
                    se.cambiosys.client.framework.components.CambioMenu[name=null, text=&apos;Referral&apos;, selected=false, enabled=true, visible=true, showing=true]
                      javax.swing.JPopupMenu[name=null, label=null, enabled=true, visible=false, showing=false]
                        se.cambiosys.client.framework.menueditor.internal.InitializingMenuItem[name=null, text=&apos;New referral&apos;, selected=false, enabled=true, visible=true, showing=false]
                          se.cambiosys.client.framework.core.internal.CambioShortcutMenuButton[name=null, text=&apos;&apos;, selected=false, enabled=true, visible=true, showing=false]
                        se.cambiosys.client.framework.menueditor.internal.InitializingMenuItem[name=null, text=&apos;Received referrals&apos;, selected=false, enabled=true, visible=true, showing=false]
                          se.cambiosys.client.framework.core.internal.CambioShortcutMenuButton[name=null, text=&apos;&apos;, selected=false, enabled=true, visible=true, showing=false]
                        se.cambiosys.client.framework.menueditor.internal.InitializingMenuItem[name=null, text=&apos;Register referral&apos;, selected=false, enabled=true, visible=true, showing=false]
                          se.cambiosys.client.framework.core.internal.CambioShortcutMenuButton[name=null, text=&apos;&apos;, selected=false, enabled=true, visible=true, showing=false]
                        se.cambiosys.client.framework.menueditor.internal.InitializingMenuItem[name=null, text=&apos;Saved and sent referrals&apos;, selected=false, enabled=true, visible=true, showing=false]
                          se.cambiosys.client.framework.core.internal.CambioShortcutMenuButton[name=null, text=&apos;&apos;, selected=false, enabled=true, visible=true, showing=false]
                        se.cambiosys.client.framework.menueditor.internal.InitializingMenuItem[name=null, text=&apos;Patient&apos;s list of answers&apos;, selected=false, enabled=true, visible=true, showing=false]
                          se.cambiosys.client.framework.core.internal.CambioShortcutMenuButton[name=null, text=&apos;&apos;, selected=false, enabled=true, visible=true, showing=false]
                        se.cambiosys.client.framework.components.CambioMenu[name=null, text=&apos;Administration&apos;, selected=false, enabled=true, visible=true, showing=false]
                          javax.swing.JPopupMenu[name=null, label=null, enabled=true, visible=false, showing=false]
                            se.cambiosys.client.framework.menueditor.internal.InitializingMenuItem[name=null, text=&apos;Documentation templates&apos;, selected=false, enabled=true, visible=true, showing=false]
                              se.cambiosys.client.framework.core.internal.CambioShortcutMenuButton[name=null, text=&apos;&apos;, selected=false, enabled=true, visible=true, showing=false]
                    se.cambiosys.client.framework.components.CambioMenu[name=null, text=&apos;Link&apos;, selected=false, enabled=true, visible=true, showing=true]
                      javax.swing.JPopupMenu[name=null, label=null, enabled=true, visible=false, showing=false]
                        se.cambiosys.client.framework.menueditor.internal.InitializingMenuItem[name=null, text=&apos;Case overview&apos;, selected=false, enabled=true, visible=true, showing=false]
                          se.cambiosys.client.framework.core.internal.CambioShortcutMenuButton[name=null, text=&apos;&apos;, selected=false, enabled=true, visible=true, showing=false]
                        se.cambiosys.client.framework.components.CambioMenu[name=null, text=&apos;Administration&apos;, selected=false, enabled=true, visible=true, showing=false]
                          javax.swing.JPopupMenu[name=null, label=null, enabled=true, visible=false, showing=false]
                            se.cambiosys.client.framework.menueditor.internal.InitializingMenuItem[name=null, text=&apos;Suggested Admission message receivers&apos;, selected=false, enabled=true, visible=true, showing=false]
                              se.cambiosys.client.framework.core.internal.CambioShortcutMenuButton[name=null, text=&apos;&apos;, selected=false, enabled=true, visible=true, showing=false]
                    se.cambiosys.client.framework.components.CambioMenu[name=null, text=&apos;Fluid balance&apos;, selected=false, enabled=true, visible=true, showing=true]
                      javax.swing.JPopupMenu[name=null, label=null, enabled=true, visible=false, showing=false]
                        se.cambiosys.client.framework.menueditor.internal.InitializingMenuItem[name=null, text=&apos;Fluid Balance&apos;, selected=false, enabled=true, visible=true, showing=false]
                          se.cambiosys.client.framework.core.internal.CambioShortcutMenuButton[name=null, text=&apos;&apos;, selected=false, enabled=true, visible=true, showing=false]
                    se.cambiosys.client.framework.components.CambioMenu[name=null, text=&apos;Help&apos;, selected=false, enabled=true, visible=true, showing=true]
                      javax.swing.JPopupMenu[name=null, label=null, enabled=true, visible=false, showing=false]
                        se.cambiosys.client.framework.menueditor.internal.InitializingMenuItem[name=null, text=&apos;About Cambio COSMIC...&apos;, selected=false, enabled=true, visible=true, showing=false]
                          se.cambiosys.client.framework.core.internal.CambioShortcutMenuButton[name=null, text=&apos;&apos;, selected=false, enabled=true, visible=true, showing=false]
                        se.cambiosys.client.framework.menueditor.internal.InitializingMenuItem[name=null, text=&apos;Help for Cosmic&apos;, selected=false, enabled=true, visible=true, showing=false]
                          se.cambiosys.client.framework.core.internal.CambioShortcutMenuButton[name=null, text=&apos;&apos;, selected=false, enabled=true, visible=true, showing=false]
                    se.cambiosys.client.framework.components.CambioMenu[name=null, text=&apos;CDS&apos;, selected=false, enabled=true, visible=true, showing=true]
                      javax.swing.JPopupMenu[name=null, label=null, enabled=true, visible=false, showing=false]
                        se.cambiosys.client.framework.menueditor.internal.InitializingMenuItem[name=null, text=&apos;CDS App Administration&apos;, selected=false, enabled=true, visible=true, showing=false]
                          se.cambiosys.client.framework.core.internal.CambioShortcutMenuButton[name=null, text=&apos;&apos;, selected=false, enabled=true, visible=true, showing=false]
                        se.cambiosys.client.framework.menueditor.internal.InitializingMenuItem[name=null, text=&apos;Stroke Prevention for Atrial Fibrillation&apos;, selected=false, enabled=true, visible=true, showing=false]
                          se.cambiosys.client.framework.core.internal.CambioShortcutMenuButton[name=null, text=&apos;&apos;, selected=false, enabled=true, visible=true, showing=false]
                    se.cambiosys.client.framework.components.CambioMenu[name=null, text=&apos;Resource planning&apos;, selected=false, enabled=true, visible=true, showing=true]
                      javax.swing.JPopupMenu[name=null, label=null, enabled=true, visible=false, showing=false]
                        se.cambiosys.client.framework.menueditor.internal.InitializingMenuItem[name=null, text=&apos;Schedule&apos;, selected=false, enabled=true, visible=true, showing=false]
                          se.cambiosys.client.framework.core.internal.CambioShortcutMenuButton[name=null, text=&apos;&apos;, selected=false, enabled=true, visible=true, showing=false]
                        se.cambiosys.client.framework.menueditor.internal.InitializingMenuItem[name=null, text=&apos;Schedule groups&apos;, selected=false, enabled=true, visible=true, showing=false]
                          se.cambiosys.client.framework.core.internal.CambioShortcutMenuButton[name=null, text=&apos;&apos;, selected=false, enabled=true, visible=true, showing=false]
                        se.cambiosys.client.framework.menueditor.internal.InitializingMenuItem[name=null, text=&apos;Schedule overview&apos;, selected=false, enabled=true, visible=true, showing=false]
                          se.cambiosys.client.framework.core.internal.CambioShortcutMenuButton[name=null, text=&apos;&apos;, selected=false, enabled=true, visible=true, showing=false]
                        se.cambiosys.client.framework.components.CambioMenu[name=null, text=&apos;Administration&apos;, selected=false, enabled=true, visible=true, showing=false]
                          javax.swing.JPopupMenu[name=null, label=null, enabled=true, visible=false, showing=false]
                            se.cambiosys.client.framework.menueditor.internal.InitializingMenuItem[name=null, text=&apos;Connect time slot services&apos;, selected=false, enabled=true, visible=true, showing=false]
                              se.cambiosys.client.framework.core.internal.CambioShortcutMenuButton[name=null, text=&apos;&apos;, selected=false, enabled=true, visible=true, showing=false]
                            se.cambiosys.client.framework.components.CambioMenu[name=null, text=&apos;Scheme&apos;, selected=false, enabled=true, visible=true, showing=false]
                              javax.swing.JPopupMenu[name=null, label=null, enabled=true, visible=false, showing=false]
                                se.cambiosys.client.framework.menueditor.internal.InitializingMenuItem[name=null, text=&apos;Services scheme&apos;, selected=false, enabled=true, visible=true, showing=false]
                                  se.cambiosys.client.framework.core.internal.CambioShortcutMenuButton[name=null, text=&apos;&apos;, selected=false, enabled=true, visible=true, showing=false]
                                se.cambiosys.client.framework.menueditor.internal.InitializingMenuItem[name=null, text=&apos;Scheme templates&apos;, selected=false, enabled=true, visible=true, showing=false]
                                  se.cambiosys.client.framework.core.internal.CambioShortcutMenuButton[name=null, text=&apos;&apos;, selected=false, enabled=true, visible=true, showing=false]
                                se.cambiosys.client.framework.menueditor.internal.InitializingMenuItem[name=null, text=&apos;Resource&apos;s scheme&apos;, selected=false, enabled=true, visible=true, showing=false]
                                  se.cambiosys.client.framework.core.internal.CambioShortcutMenuButton[name=null, text=&apos;&apos;, selected=false, enabled=true, visible=true, showing=false]
                            se.cambiosys.client.framework.components.CambioMenu[name=null, text=&apos;Staffing&apos;, selected=false, enabled=true, visible=true, showing=false]
                              javax.swing.JPopupMenu[name=null, label=null, enabled=true, visible=false, showing=false]
                                se.cambiosys.client.framework.menueditor.internal.InitializingMenuItem[name=null, text=&apos;Allocate resources - Services scheme&apos;, selected=false, enabled=true, visible=true, showing=false]
                                  se.cambiosys.client.framework.core.internal.CambioShortcutMenuButton[name=null, text=&apos;&apos;, selected=false, enabled=true, visible=true, showing=false]
                                se.cambiosys.client.framework.menueditor.internal.InitializingMenuItem[name=null, text=&apos;Allocate resources - Scheme templates&apos;, selected=false, enabled=true, visible=true, showing=false]
                                  se.cambiosys.client.framework.core.internal.CambioShortcutMenuButton[name=null, text=&apos;&apos;, selected=false, enabled=true, visible=true, showing=false]
                                se.cambiosys.client.framework.menueditor.internal.InitializingMenuItem[name=null, text=&apos;Services missing resources&apos;, selected=false, enabled=true, visible=true, showing=false]
                                  se.cambiosys.client.framework.core.internal.CambioShortcutMenuButton[name=null, text=&apos;&apos;, selected=false, enabled=true, visible=true, showing=false]
                        se.cambiosys.client.framework.menueditor.internal.InitializingMenuItem[name=null, text=&apos;Planned activities&apos;, selected=false, enabled=true, visible=true, showing=false]
                          se.cambiosys.client.framework.core.internal.CambioShortcutMenuButton[name=null, text=&apos;&apos;, selected=false, enabled=true, visible=true, showing=false]
                        se.cambiosys.client.framework.menueditor.internal.InitializingMenuItem[name=null, text=&apos;Planning form&apos;, selected=false, enabled=true, visible=true, showing=false]
                          se.cambiosys.client.framework.core.internal.CambioShortcutMenuButton[name=null, text=&apos;&apos;, selected=false, enabled=true, visible=true, showing=false]
                        se.cambiosys.client.framework.menueditor.internal.InitializingMenuItem[name=null, text=&apos;Light planning form&apos;, selected=false, enabled=true, visible=true, showing=false]
                          se.cambiosys.client.framework.core.internal.CambioShortcutMenuButton[name=null, text=&apos;&apos;, selected=false, enabled=true, visible=true, showing=false]
                    se.cambiosys.client.framework.components.CambioMenu[name=null, text=&apos;Activity handling&apos;, selected=false, enabled=true, visible=true, showing=true]
                      javax.swing.JPopupMenu[name=null, label=null, enabled=true, visible=false, showing=false]
                        se.cambiosys.client.framework.menueditor.internal.InitializingMenuItem[name=null, text=&apos;Activity handler&apos;, selected=false, enabled=true, visible=true, showing=false]
                          se.cambiosys.client.framework.core.internal.CambioShortcutMenuButton[name=null, text=&apos;&apos;, selected=false, enabled=true, visible=true, showing=false]
                        se.cambiosys.client.framework.components.CambioMenu[name=null, text=&apos;Administration&apos;, selected=false, enabled=true, visible=true, showing=false]
                          javax.swing.JPopupMenu[name=null, label=null, enabled=true, visible=false, showing=false]
                            se.cambiosys.client.framework.menueditor.internal.InitializingMenuItem[name=null, text=&apos;Configuration of Activity plans&apos;, selected=false, enabled=true, visible=true, showing=false]
                              se.cambiosys.client.framework.core.internal.CambioShortcutMenuButton[name=null, text=&apos;&apos;, selected=false, enabled=true, visible=true, showing=false]
                            se.cambiosys.client.framework.menueditor.internal.InitializingMenuItem[name=null, text=&apos;Configuration of activity plan activation&apos;, selected=false, enabled=true, visible=true, showing=false]
                              se.cambiosys.client.framework.core.internal.CambioShortcutMenuButton[name=null, text=&apos;&apos;, selected=false, enabled=true, visible=true, showing=false]
                    se.cambiosys.client.framework.components.CambioMenu[name=null, text=&apos;Drugs&apos;, selected=false, enabled=true, visible=true, showing=true]
                      javax.swing.JPopupMenu[name=null, label=null, enabled=true, visible=false, showing=false]
                        se.cambiosys.client.framework.menueditor.internal.InitializingMenuItem[name=null, text=&apos;Appliance&apos;, selected=false, enabled=true, visible=true, showing=false]
                          se.cambiosys.client.framework.core.internal.CambioShortcutMenuButton[name=null, text=&apos;&apos;, selected=false, enabled=true, visible=true, showing=false]
                        se.cambiosys.client.framework.menueditor.internal.InitializingMenuItem[name=null, text=&apos;Prescription&apos;, selected=false, enabled=true, visible=true, showing=false]
                          se.cambiosys.client.framework.core.internal.CambioShortcutMenuButton[name=null, text=&apos;&apos;, selected=false, enabled=true, visible=true, showing=false]
                        se.cambiosys.client.framework.menueditor.internal.InitializingMenuItem[name=null, text=&apos;R8.0 List of medications&apos;, selected=false, enabled=true, visible=true, showing=false]
                          se.cambiosys.client.framework.core.internal.CambioShortcutMenuButton[name=null, text=&apos;&apos;, selected=false, enabled=true, visible=true, showing=false]
                        se.cambiosys.client.framework.components.CambioMenu[name=null, text=&apos;Administration&apos;, selected=false, enabled=true, visible=true, showing=false]
                          javax.swing.JPopupMenu[name=null, label=null, enabled=true, visible=false, showing=false]
                            se.cambiosys.client.framework.menueditor.internal.InitializingMenuItem[name=null, text=&apos;Sent E-prescriptions&apos;, selected=false, enabled=true, visible=true, showing=false]
                              se.cambiosys.client.framework.core.internal.CambioShortcutMenuButton[name=null, text=&apos;&apos;, selected=false, enabled=true, visible=true, showing=false]
                        se.cambiosys.client.framework.menueditor.internal.InitializingMenuItem[name=null, text=&apos;Warnings, cautions and infected blood&apos;, selected=false, enabled=false, visible=true, showing=false]
                          se.cambiosys.client.framework.core.internal.CambioShortcutMenuButton[name=null, text=&apos;&apos;, selected=false, enabled=true, visible=true, showing=false]
                        se.cambiosys.client.framework.menueditor.internal.InitializingMenuItem[name=null, text=&apos;Medical administration record&apos;, selected=false, enabled=true, visible=true, showing=false]
                          se.cambiosys.client.framework.core.internal.CambioShortcutMenuButton[name=null, text=&apos;&apos;, selected=false, enabled=true, visible=true, showing=false]
                        se.cambiosys.client.framework.menueditor.internal.InitializingMenuItem[name=null, text=&apos;Decision about medication at admission&apos;, selected=false, enabled=true, visible=true, showing=false]
                          se.cambiosys.client.framework.core.internal.CambioShortcutMenuButton[name=null, text=&apos;&apos;, selected=false, enabled=true, visible=true, showing=false]
                    se.cambiosys.client.framework.components.CambioMenu[name=null, text=&apos;Concept&apos;, selected=false, enabled=true, visible=true, showing=true]
                      javax.swing.JPopupMenu[name=null, label=null, enabled=true, visible=false, showing=false]
                        se.cambiosys.client.framework.menueditor.internal.InitializingMenuItem[name=null, text=&apos;Terminology binding configuration&apos;, selected=false, enabled=true, visible=true, showing=false]
                          se.cambiosys.client.framework.core.internal.CambioShortcutMenuButton[name=null, text=&apos;&apos;, selected=false, enabled=true, visible=true, showing=false]
                    se.cambiosys.client.framework.components.CambioMenu[name=null, text=&apos;Block Administration&apos;, selected=false, enabled=true, visible=true, showing=true]
                      javax.swing.JPopupMenu[name=null, label=null, enabled=true, visible=false, showing=false]
                        se.cambiosys.client.framework.menueditor.internal.InitializingMenuItem[name=null, text=&apos;Block Administration&apos;, selected=false, enabled=true, visible=true, showing=false]
                          se.cambiosys.client.framework.core.internal.CambioShortcutMenuButton[name=null, text=&apos;&apos;, selected=false, enabled=true, visible=true, showing=false]
                    se.cambiosys.client.framework.components.CambioMenu[name=null, text=&apos;Overviews&apos;, selected=false, enabled=true, visible=true, showing=true]
                      javax.swing.JPopupMenu[name=null, label=null, enabled=true, visible=false, showing=false]
                        se.cambiosys.client.framework.menueditor.internal.InitializingMenuItem[name=null, text=&apos;Unsigned and Unacknowledged&apos;, selected=false, enabled=true, visible=true, showing=false]
                          se.cambiosys.client.framework.core.internal.CambioShortcutMenuButton[name=null, text=&apos;&apos;, selected=false, enabled=true, visible=true, showing=false]
                        se.cambiosys.client.framework.components.CambioMenu[name=null, text=&apos;Unit overviews&apos;, selected=false, enabled=true, visible=true, showing=false]
                          javax.swing.JPopupMenu[name=null, label=null, enabled=true, visible=false, showing=false]
                            se.cambiosys.client.framework.menueditor.internal.InitializingMenuItem[name=null, text=&apos;Services&apos;, selected=false, enabled=true, visible=true, showing=false]
                              se.cambiosys.client.framework.core.internal.CambioShortcutMenuButton[name=null, text=&apos;&apos;, selected=false, enabled=true, visible=true, showing=false]
                            se.cambiosys.client.framework.menueditor.internal.InitializingMenuItem[name=null, text=&apos;Commitment&apos;, selected=false, enabled=true, visible=true, showing=false]
                              se.cambiosys.client.framework.core.internal.CambioShortcutMenuButton[name=null, text=&apos;&apos;, selected=false, enabled=true, visible=true, showing=false]
                            se.cambiosys.client.framework.menueditor.internal.InitializingMenuItem[name=null, text=&apos;Admission overview&apos;, selected=false, enabled=true, visible=true, showing=false]
                              se.cambiosys.client.framework.core.internal.CambioShortcutMenuButton[name=null, text=&apos;&apos;, selected=false, enabled=true, visible=true, showing=false]
                            se.cambiosys.client.framework.menueditor.internal.InitializingMenuItem[name=null, text=&apos;Loading...&apos;, selected=false, enabled=true, visible=true, showing=false]
                              se.cambiosys.client.framework.core.internal.CambioShortcutMenuButton[name=null, text=&apos;&apos;, selected=false, enabled=true, visible=true, showing=false]
                            se.cambiosys.client.framework.menueditor.internal.InitializingMenuItem[name=null, text=&apos;Loading...&apos;, selected=false, enabled=true, visible=true, showing=false]
                              se.cambiosys.client.framework.core.internal.CambioShortcutMenuButton[name=null, text=&apos;&apos;, selected=false, enabled=true, visible=true, showing=false]
                        se.cambiosys.client.framework.menueditor.internal.InitializingMenuItem[name=null, text=&apos;Visit Overview&apos;, selected=false, enabled=true, visible=true, showing=false]
                          se.cambiosys.client.framework.core.internal.CambioShortcutMenuButton[name=null, text=&apos;&apos;, selected=false, enabled=true, visible=true, showing=false]
                        se.cambiosys.client.framework.menueditor.internal.InitializingMenuItem[name=null, text=&apos;Clinical overview - OP&apos;, selected=false, enabled=true, visible=true, showing=false]
                          se.cambiosys.client.framework.core.internal.CambioShortcutMenuButton[name=null, text=&apos;&apos;, selected=false, enabled=true, visible=true, showing=false]
                        se.cambiosys.client.framework.menueditor.internal.InitializingMenuItem[name=null, text=&apos;Clinical overview - IP&apos;, selected=false, enabled=true, visible=true, showing=false]
                          se.cambiosys.client.framework.core.internal.CambioShortcutMenuButton[name=null, text=&apos;&apos;, selected=false, enabled=true, visible=true, showing=false]
                        se.cambiosys.client.framework.menueditor.internal.InitializingMenuItem[name=null, text=&apos;Process view&apos;, selected=false, enabled=true, visible=true, showing=false]
                          se.cambiosys.client.framework.core.internal.CambioShortcutMenuButton[name=null, text=&apos;&apos;, selected=false, enabled=true, visible=true, showing=false]
                        se.cambiosys.client.framework.menueditor.internal.InitializingMenuItem[name=null, text=&apos;Dynamic overviews - Administration&apos;, selected=false, enabled=true, visible=true, showing=false]
                          se.cambiosys.client.framework.core.internal.CambioShortcutMenuButton[name=null, text=&apos;&apos;, selected=false, enabled=true, visible=true, showing=false]
                        se.cambiosys.client.framework.components.CambioMenu[name=null, text=&apos;Dynamic overviews&apos;, selected=false, enabled=true, visible=true, showing=false]
                          javax.swing.JPopupMenu[name=null, label=null, enabled=true, visible=false, showing=false]
                            se.cambiosys.client.overviewmodule.Module$8(se.cambiosys.client.framework.components.CambioMenuItem)[name=null, text=&apos;All views*&apos;, selected=false, enabled=true, visible=true, showing=false]
                              se.cambiosys.client.framework.core.internal.CambioShortcutMenuButton[name=null, text=&apos;&apos;, selected=false, enabled=true, visible=true, showing=false]
                            se.cambiosys.client.overviewmodule.Module$8(se.cambiosys.client.framework.components.CambioMenuItem)[name=null, text=&apos;Doctor*&apos;, selected=false, enabled=true, visible=true, showing=false]
                              se.cambiosys.client.framework.core.internal.CambioShortcutMenuButton[name=null, text=&apos;&apos;, selected=false, enabled=true, visible=true, showing=false]
                            se.cambiosys.client.overviewmodule.Module$8(se.cambiosys.client.framework.components.CambioMenuItem)[name=null, text=&apos;Inpatient*&apos;, selected=false, enabled=true, visible=true, showing=false]
                              se.cambiosys.client.framework.core.internal.CambioShortcutMenuButton[name=null, text=&apos;&apos;, selected=false, enabled=true, visible=true, showing=false]
                            se.cambiosys.client.overviewmodule.Module$8(se.cambiosys.client.framework.components.CambioMenuItem)[name=null, text=&apos;Patient*&apos;, selected=false, enabled=true, visible=true, showing=false]
                              se.cambiosys.client.framework.core.internal.CambioShortcutMenuButton[name=null, text=&apos;&apos;, selected=false, enabled=true, visible=true, showing=false]
                        se.cambiosys.client.framework.menueditor.internal.InitializingMenuItem[name=null, text=&apos;Patient Overview&apos;, selected=false, enabled=true, visible=true, showing=false]
                          se.cambiosys.client.framework.core.internal.CambioShortcutMenuButton[name=null, text=&apos;&apos;, selected=false, enabled=true, visible=true, showing=false]
                        se.cambiosys.client.framework.menueditor.internal.InitializingMenuItem[name=null, text=&apos;Analyse Area&apos;, selected=false, enabled=true, visible=true, showing=false]
                          se.cambiosys.client.framework.core.internal.CambioShortcutMenuButton[name=null, text=&apos;&apos;, selected=false, enabled=true, visible=true, showing=false]
                        se.cambiosys.client.framework.menueditor.internal.InitializingMenuItem[name=null, text=&apos;My Overview&apos;, selected=false, enabled=true, visible=true, showing=false]
                          se.cambiosys.client.framework.core.internal.CambioShortcutMenuButton[name=null, text=&apos;&apos;, selected=false, enabled=true, visible=true, showing=false]
                        se.cambiosys.client.framework.menueditor.internal.InitializingMenuItem[name=null, text=&apos;Management Overview&apos;, selected=false, enabled=true, visible=true, showing=false]
                          se.cambiosys.client.framework.core.internal.CambioShortcutMenuButton[name=null, text=&apos;&apos;, selected=false, enabled=true, visible=true, showing=false]
                        se.cambiosys.client.framework.menueditor.internal.InitializingMenuItem[name=null, text=&apos;List of visits&apos;, selected=false, enabled=true, visible=true, showing=false]
                          se.cambiosys.client.framework.core.internal.CambioShortcutMenuButton[name=null, text=&apos;&apos;, selected=false, enabled=true, visible=true, showing=false]
                        se.cambiosys.client.framework.menueditor.internal.InitializingMenuItem[name=null, text=&apos;Connection Overview&apos;, selected=false, enabled=true, visible=true, showing=false]
                          se.cambiosys.client.framework.core.internal.CambioShortcutMenuButton[name=null, text=&apos;&apos;, selected=false, enabled=true, visible=true, showing=false]
                        se.cambiosys.client.framework.components.CambioMenu[name=null, text=&apos;Unit overview-Administration&apos;, selected=false, enabled=true, visible=true, showing=false]
                          javax.swing.JPopupMenu[name=null, label=null, enabled=true, visible=false, showing=false]
                            se.cambiosys.client.framework.components.CambioMenu[name=null, text=&apos;Priority configuration&apos;, selected=false, enabled=true, visible=true, showing=false]
                              javax.swing.JPopupMenu[name=null, label=null, enabled=true, visible=false, showing=false]
                                se.cambiosys.client.framework.menueditor.internal.InitializingMenuItem[name=null, text=&apos;Loading...&apos;, selected=false, enabled=true, visible=true, showing=false]
                                  se.cambiosys.client.framework.core.internal.CambioShortcutMenuButton[name=null, text=&apos;&apos;, selected=false, enabled=true, visible=true, showing=false]
                                se.cambiosys.client.framework.menueditor.internal.InitializingMenuItem[name=null, text=&apos;Loading...&apos;, selected=false, enabled=true, visible=true, showing=false]
                                  se.cambiosys.client.framework.core.internal.CambioShortcutMenuButton[name=null, text=&apos;&apos;, selected=false, enabled=true, visible=true, showing=false]
                            se.cambiosys.client.framework.components.CambioMenu[name=null, text=&apos;OW Configuration&apos;, selected=false, enabled=true, visible=true, showing=false]
                              javax.swing.JPopupMenu[name=null, label=null, enabled=true, visible=false, showing=false]
                                se.cambiosys.client.framework.menueditor.internal.InitializingMenuItem[name=null, text=&apos;Loading...&apos;, selected=false, enabled=true, visible=true, showing=false]
                                  se.cambiosys.client.framework.core.internal.CambioShortcutMenuButton[name=null, text=&apos;&apos;, selected=false, enabled=true, visible=true, showing=false]
                                se.cambiosys.client.framework.menueditor.internal.InitializingMenuItem[name=null, text=&apos;Loading...&apos;, selected=false, enabled=true, visible=true, showing=false]
                                  se.cambiosys.client.framework.core.internal.CambioShortcutMenuButton[name=null, text=&apos;&apos;, selected=false, enabled=true, visible=true, showing=false]
                                se.cambiosys.client.framework.menueditor.internal.InitializingMenuItem[name=null, text=&apos;Loading...&apos;, selected=false, enabled=true, visible=true, showing=false]
                                  se.cambiosys.client.framework.core.internal.CambioShortcutMenuButton[name=null, text=&apos;&apos;, selected=false, enabled=true, visible=true, showing=false]
                            se.cambiosys.client.framework.menueditor.internal.InitializingMenuItem[name=null, text=&apos;Loading...&apos;, selected=false, enabled=true, visible=true, showing=false]
                              se.cambiosys.client.framework.core.internal.CambioShortcutMenuButton[name=null, text=&apos;&apos;, selected=false, enabled=true, visible=true, showing=false]
                    se.cambiosys.client.framework.components.CambioMenu[name=null, text=&apos;Messenger&apos;, selected=false, enabled=true, visible=true, showing=true]
                      javax.swing.JPopupMenu[name=null, label=null, enabled=true, visible=false, showing=false]
                        se.cambiosys.client.framework.menueditor.internal.InitializingMenuItem[name=null, text=&apos;Inbox&apos;, selected=false, enabled=true, visible=true, showing=false]
                          se.cambiosys.client.framework.core.internal.CambioShortcutMenuButton[name=null, text=&apos;&apos;, selected=false, enabled=true, visible=true, showing=false]
                        se.cambiosys.client.framework.menueditor.internal.InitializingMenuItem[name=null, text=&apos;New message&apos;, selected=false, enabled=true, visible=true, showing=false]
                          se.cambiosys.client.framework.core.internal.CambioShortcutMenuButton[name=null, text=&apos;&apos;, selected=false, enabled=true, visible=true, showing=false]
                        se.cambiosys.client.framework.menueditor.internal.InitializingMenuItem[name=null, text=&apos;New broadcast message&apos;, selected=false, enabled=true, visible=true, showing=false]
                          se.cambiosys.client.framework.core.internal.CambioShortcutMenuButton[name=null, text=&apos;&apos;, selected=false, enabled=true, visible=true, showing=false]
                        se.cambiosys.client.framework.components.CambioMenu[name=null, text=&apos;Administration&apos;, selected=false, enabled=true, visible=true, showing=false]
                          javax.swing.JPopupMenu[name=null, label=null, enabled=true, visible=false, showing=false]
                            se.cambiosys.client.framework.menueditor.internal.InitializingMenuItem[name=null, text=&apos;Recipient group&apos;, selected=false, enabled=true, visible=true, showing=false]
                              se.cambiosys.client.framework.core.internal.CambioShortcutMenuButton[name=null, text=&apos;&apos;, selected=false, enabled=true, visible=true, showing=false]
                            se.cambiosys.client.framework.menueditor.internal.InitializingMenuItem[name=null, text=&apos;Messenger accounts&apos;, selected=false, enabled=true, visible=true, showing=false]
                              se.cambiosys.client.framework.core.internal.CambioShortcutMenuButton[name=null, text=&apos;&apos;, selected=false, enabled=true, visible=true, showing=false]
                            se.cambiosys.client.framework.menueditor.internal.InitializingMenuItem[name=null, text=&apos;Access to other users&apos; Messenger accounts&apos;, selected=false, enabled=true, visible=true, showing=false]
                              se.cambiosys.client.framework.core.internal.CambioShortcutMenuButton[name=null, text=&apos;&apos;, selected=false, enabled=true, visible=true, showing=false]
                            se.cambiosys.client.framework.menueditor.internal.InitializingMenuItem[name=null, text=&apos;Out of office administration&apos;, selected=false, enabled=true, visible=true, showing=false]
                              se.cambiosys.client.framework.core.internal.CambioShortcutMenuButton[name=null, text=&apos;&apos;, selected=false, enabled=true, visible=true, showing=false]
                    se.cambiosys.client.framework.components.CambioMenu[name=null, text=&apos;Administration&apos;, selected=false, enabled=true, visible=true, showing=true]
                      javax.swing.JPopupMenu[name=null, label=null, enabled=true, visible=false, showing=false]
                        se.cambiosys.client.framework.menueditor.internal.InitializingMenuItem[name=null, text=&apos;Unit register&apos;, selected=false, enabled=true, visible=true, showing=false]
                          se.cambiosys.client.framework.core.internal.CambioShortcutMenuButton[name=null, text=&apos;&apos;, selected=false, enabled=true, visible=true, showing=false]
                        se.cambiosys.client.framework.menueditor.internal.InitializingMenuItem[name=null, text=&apos;Resources&apos;, selected=false, enabled=true, visible=true, showing=false]
                          se.cambiosys.client.framework.core.internal.CambioShortcutMenuButton[name=null, text=&apos;&apos;, selected=false, enabled=true, visible=true, showing=false]
                        se.cambiosys.client.framework.components.CambioMenu[name=null, text=&apos;Permission&apos;, selected=false, enabled=true, visible=true, showing=false]
                          javax.swing.JPopupMenu[name=null, label=null, enabled=true, visible=false, showing=false]
                            se.cambiosys.client.framework.menueditor.internal.InitializingMenuItem[name=null, text=&apos;Define access&apos;, selected=false, enabled=true, visible=true, showing=false]
                              se.cambiosys.client.framework.core.internal.CambioShortcutMenuButton[name=null, text=&apos;&apos;, selected=false, enabled=true, visible=true, showing=false]
                            se.cambiosys.client.framework.menueditor.internal.InitializingMenuItem[name=null, text=&apos;Access overview&apos;, selected=false, enabled=true, visible=true, showing=false]
                              se.cambiosys.client.framework.core.internal.CambioShortcutMenuButton[name=null, text=&apos;&apos;, selected=false, enabled=true, visible=true, showing=false]
                            se.cambiosys.client.framework.menueditor.internal.InitializingMenuItem[name=null, text=&apos;Profile manager&apos;, selected=false, enabled=true, visible=true, showing=false]
                              se.cambiosys.client.framework.core.internal.CambioShortcutMenuButton[name=null, text=&apos;&apos;, selected=false, enabled=true, visible=true, showing=false]
                        se.cambiosys.client.framework.components.CambioMenu[name=null, text=&apos;Settings&apos;, selected=false, enabled=true, visible=true, showing=false]
                          javax.swing.JPopupMenu[name=null, label=null, enabled=true, visible=false, showing=false]
                            se.cambiosys.client.framework.menueditor.internal.InitializingMenuItem[name=null, text=&apos;Log settings&apos;, selected=false, enabled=true, visible=true, showing=false]
                              se.cambiosys.client.framework.core.internal.CambioShortcutMenuButton[name=null, text=&apos;&apos;, selected=false, enabled=true, visible=true, showing=false]
                            se.cambiosys.client.framework.menueditor.internal.InitializingMenuItem[name=null, text=&apos;Server settings&apos;, selected=false, enabled=true, visible=true, showing=false]
                              se.cambiosys.client.framework.core.internal.CambioShortcutMenuButton[name=null, text=&apos;&apos;, selected=false, enabled=true, visible=true, showing=false]
                            se.cambiosys.client.framework.menueditor.internal.InitializingMenuItem[name=null, text=&apos;Personal settings and selections&apos;, selected=false, enabled=true, visible=true, showing=false]
                              se.cambiosys.client.framework.core.internal.CambioShortcutMenuButton[name=null, text=&apos;&apos;, selected=false, enabled=true, visible=true, showing=false]
                            se.cambiosys.client.framework.menueditor.internal.InitializingMenuItem[name=null, text=&apos;Global settings and selections&apos;, selected=false, enabled=true, visible=true, showing=false]
                              se.cambiosys.client.framework.core.internal.CambioShortcutMenuButton[name=null, text=&apos;&apos;, selected=false, enabled=true, visible=true, showing=false]
                            se.cambiosys.client.framework.menueditor.internal.InitializingMenuItem[name=null, text=&apos;Settings and selections&apos;, selected=false, enabled=true, visible=true, showing=false]
                              se.cambiosys.client.framework.core.internal.CambioShortcutMenuButton[name=null, text=&apos;&apos;, selected=false, enabled=true, visible=true, showing=false]
                            se.cambiosys.client.framework.menueditor.internal.InitializingMenuItem[name=null, text=&apos;Administration nodes&apos;, selected=false, enabled=true, visible=true, showing=false]
                              se.cambiosys.client.framework.core.internal.CambioShortcutMenuButton[name=null, text=&apos;&apos;, selected=false, enabled=true, visible=true, showing=false]
                            se.cambiosys.client.framework.menueditor.internal.InitializingMenuItem[name=null, text=&apos;Places&apos;, selected=false, enabled=true, visible=true, showing=false]
                              se.cambiosys.client.framework.core.internal.CambioShortcutMenuButton[name=null, text=&apos;&apos;, selected=false, enabled=true, visible=true, showing=false]
                        se.cambiosys.client.framework.menueditor.internal.InitializingMenuItem[name=null, text=&apos;User&apos;, selected=false, enabled=true, visible=true, showing=false]
                          se.cambiosys.client.framework.core.internal.CambioShortcutMenuButton[name=null, text=&apos;&apos;, selected=false, enabled=true, visible=true, showing=false]
                        se.cambiosys.client.framework.menueditor.internal.InitializingMenuItem[name=null, text=&apos;Roles&apos;, selected=false, enabled=true, visible=true, showing=false]
                          se.cambiosys.client.framework.core.internal.CambioShortcutMenuButton[name=null, text=&apos;&apos;, selected=false, enabled=true, visible=true, showing=false]
                        se.cambiosys.client.framework.menueditor.internal.InitializingMenuItem[name=null, text=&apos;Type definitions&apos;, selected=false, enabled=true, visible=true, showing=false]
                          se.cambiosys.client.framework.core.internal.CambioShortcutMenuButton[name=null, text=&apos;&apos;, selected=false, enabled=true, visible=true, showing=false]
                        se.cambiosys.client.framework.components.CambioMenu[name=null, text=&apos;Terms &amp; Concept&apos;, selected=false, enabled=true, visible=true, showing=false]
                          javax.swing.JPopupMenu[name=null, label=null, enabled=true, visible=false, showing=false]
                            se.cambiosys.client.framework.menueditor.internal.InitializingMenuItem[name=null, text=&apos;Terms&apos;, selected=false, enabled=true, visible=true, showing=false]
                              se.cambiosys.client.framework.core.internal.CambioShortcutMenuButton[name=null, text=&apos;&apos;, selected=false, enabled=true, visible=true, showing=false]
                            se.cambiosys.client.framework.menueditor.internal.InitializingMenuItem[name=null, text=&apos;Concept&apos;, selected=false, enabled=true, visible=true, showing=false]
                              se.cambiosys.client.framework.core.internal.CambioShortcutMenuButton[name=null, text=&apos;&apos;, selected=false, enabled=true, visible=true, showing=false]
                        se.cambiosys.client.framework.menueditor.internal.InitializingMenuItem[name=null, text=&apos;Ranges&apos;, selected=false, enabled=true, visible=true, showing=false]
                          se.cambiosys.client.framework.core.internal.CambioShortcutMenuButton[name=null, text=&apos;&apos;, selected=false, enabled=true, visible=true, showing=false]
                        se.cambiosys.client.framework.menueditor.internal.InitializingMenuItem[name=null, text=&apos;Reports&apos;, selected=false, enabled=true, visible=true, showing=false]
                          se.cambiosys.client.framework.core.internal.CambioShortcutMenuButton[name=null, text=&apos;&apos;, selected=false, enabled=true, visible=true, showing=false]
                        se.cambiosys.client.framework.menueditor.internal.InitializingMenuItem[name=null, text=&apos;Import reports&apos;, selected=false, enabled=true, visible=true, showing=false]
                          se.cambiosys.client.framework.core.internal.CambioShortcutMenuButton[name=null, text=&apos;&apos;, selected=false, enabled=true, visible=true, showing=false]
                        se.cambiosys.client.framework.menueditor.internal.InitializingMenuItem[name=null, text=&apos;Phrase editor&apos;, selected=false, enabled=true, visible=true, showing=false]
                          se.cambiosys.client.framework.core.internal.CambioShortcutMenuButton[name=null, text=&apos;&apos;, selected=false, enabled=true, visible=true, showing=false]
                        se.cambiosys.client.framework.components.CambioMenu[name=null, text=&apos;Services&apos;, selected=false, enabled=true, visible=true, showing=false]
                          javax.swing.JPopupMenu[name=null, label=null, enabled=true, visible=false, showing=false]
                            se.cambiosys.client.framework.menueditor.internal.InitializingMenuItem[name=null, text=&apos;Services&apos;, selected=false, enabled=true, visible=true, showing=false]
                              se.cambiosys.client.framework.core.internal.CambioShortcutMenuButton[name=null, text=&apos;&apos;, selected=false, enabled=true, visible=true, showing=false]
                            se.cambiosys.client.framework.menueditor.internal.InitializingMenuItem[name=null, text=&apos;Offers of the unit&apos;, selected=false, enabled=true, visible=true, showing=false]
                              se.cambiosys.client.framework.core.internal.CambioShortcutMenuButton[name=null, text=&apos;&apos;, selected=false, enabled=true, visible=true, showing=false]
                        se.cambiosys.client.framework.menueditor.internal.InitializingMenuItem[name=null, text=&apos;Selection&apos;, selected=false, enabled=true, visible=true, showing=false]
                          se.cambiosys.client.framework.core.internal.CambioShortcutMenuButton[name=null, text=&apos;&apos;, selected=false, enabled=true, visible=true, showing=false]
                        se.cambiosys.client.framework.menueditor.internal.InitializingMenuItem[name=null, text=&apos;Printers&apos;, selected=false, enabled=true, visible=true, showing=false]
                          se.cambiosys.client.framework.core.internal.CambioShortcutMenuButton[name=null, text=&apos;&apos;, selected=false, enabled=true, visible=true, showing=false]
                        se.cambiosys.client.framework.components.CambioMenu[name=null, text=&apos;Secrecy administration&apos;, selected=false, enabled=true, visible=true, showing=false]
                          javax.swing.JPopupMenu[name=null, label=null, enabled=true, visible=false, showing=false]
                            se.cambiosys.client.framework.menueditor.internal.InitializingMenuItem[name=null, text=&apos;Secrecy groups&apos;, selected=false, enabled=true, visible=true, showing=false]
                              se.cambiosys.client.framework.core.internal.CambioShortcutMenuButton[name=null, text=&apos;&apos;, selected=false, enabled=true, visible=true, showing=false]
                            se.cambiosys.client.framework.menueditor.internal.InitializingMenuItem[name=null, text=&apos;Secrecy level&apos;, selected=false, enabled=true, visible=true, showing=false]
                              se.cambiosys.client.framework.core.internal.CambioShortcutMenuButton[name=null, text=&apos;&apos;, selected=false, enabled=true, visible=true, showing=false]
                            se.cambiosys.client.framework.menueditor.internal.InitializingMenuItem[name=null, text=&apos;Secrecy rules&apos;, selected=false, enabled=true, visible=true, showing=false]
                              se.cambiosys.client.framework.core.internal.CambioShortcutMenuButton[name=null, text=&apos;&apos;, selected=false, enabled=true, visible=true, showing=false]
                        se.cambiosys.client.framework.menueditor.internal.InitializingMenuItem[name=null, text=&apos;Schedule backup&apos;, selected=false, enabled=true, visible=true, showing=false]
                          se.cambiosys.client.framework.core.internal.CambioShortcutMenuButton[name=null, text=&apos;&apos;, selected=false, enabled=true, visible=true, showing=false]
                        se.cambiosys.client.framework.menueditor.internal.InitializingMenuItem[name=null, text=&apos;Template administration&apos;, selected=false, enabled=true, visible=true, showing=false]
                          se.cambiosys.client.framework.core.internal.CambioShortcutMenuButton[name=null, text=&apos;&apos;, selected=false, enabled=true, visible=true, showing=false]
                        se.cambiosys.client.framework.menueditor.internal.InitializingMenuItem[name=null, text=&apos;Printout Handler&apos;, selected=false, enabled=true, visible=true, showing=false]
                          se.cambiosys.client.framework.core.internal.CambioShortcutMenuButton[name=null, text=&apos;&apos;, selected=false, enabled=true, visible=true, showing=false]
                        se.cambiosys.client.framework.menueditor.internal.InitializingMenuItem[name=null, text=&apos;Unit handler&apos;, selected=false, enabled=true, visible=true, showing=false]
                          se.cambiosys.client.framework.core.internal.CambioShortcutMenuButton[name=null, text=&apos;&apos;, selected=false, enabled=true, visible=true, showing=false]
                        se.cambiosys.client.framework.menueditor.internal.InitializingMenuItem[name=null, text=&apos;Access Log&apos;, selected=false, enabled=true, visible=true, showing=false]
                          se.cambiosys.client.framework.core.internal.CambioShortcutMenuButton[name=null, text=&apos;&apos;, selected=false, enabled=true, visible=true, showing=false]
                        se.cambiosys.client.framework.menueditor.internal.InitializingMenuItem[name=null, text=&apos;Configuration of Access Log&apos;, selected=false, enabled=true, visible=true, showing=false]
                          se.cambiosys.client.framework.core.internal.CambioShortcutMenuButton[name=null, text=&apos;&apos;, selected=false, enabled=true, visible=true, showing=false]
                        se.cambiosys.client.framework.menueditor.internal.InitializingMenuItem[name=null, text=&apos;Application logger&apos;, selected=false, enabled=true, visible=true, showing=false]
                          se.cambiosys.client.framework.core.internal.CambioShortcutMenuButton[name=null, text=&apos;&apos;, selected=false, enabled=true, visible=true, showing=false]
                        se.cambiosys.client.framework.menueditor.internal.InitializingMenuItem[name=null, text=&apos;eVisit Configuration&apos;, selected=false, enabled=true, visible=true, showing=false]
                          se.cambiosys.client.framework.core.internal.CambioShortcutMenuButton[name=null, text=&apos;&apos;, selected=false, enabled=true, visible=true, showing=false]
                        se.cambiosys.client.framework.components.CambioMenu[name=null, text=&apos;Order management&apos;, selected=false, enabled=true, visible=true, showing=false]
                          javax.swing.JPopupMenu[name=null, label=null, enabled=true, visible=false, showing=false]
                            se.cambiosys.client.framework.menueditor.internal.InitializingMenuItem[name=null, text=&apos;Catalog administration&apos;, selected=false, enabled=true, visible=true, showing=false]
                              se.cambiosys.client.framework.core.internal.CambioShortcutMenuButton[name=null, text=&apos;&apos;, selected=false, enabled=true, visible=true, showing=false]
                            se.cambiosys.client.framework.menueditor.internal.InitializingMenuItem[name=null, text=&apos;File administration&apos;, selected=false, enabled=true, visible=true, showing=false]
                              se.cambiosys.client.framework.core.internal.CambioShortcutMenuButton[name=null, text=&apos;&apos;, selected=false, enabled=true, visible=true, showing=false]
                            se.cambiosys.client.framework.menueditor.internal.InitializingMenuItem[name=null, text=&apos;Secrecy administration&apos;, selected=false, enabled=true, visible=true, showing=false]
                              se.cambiosys.client.framework.core.internal.CambioShortcutMenuButton[name=null, text=&apos;&apos;, selected=false, enabled=true, visible=true, showing=false]
                            se.cambiosys.client.framework.menueditor.internal.InitializingMenuItem[name=null, text=&apos;Groups/packages/profiles&apos;, selected=false, enabled=true, visible=true, showing=false]
                              se.cambiosys.client.framework.core.internal.CambioShortcutMenuButton[name=null, text=&apos;&apos;, selected=false, enabled=true, visible=true, showing=false]
                            se.cambiosys.client.framework.menueditor.internal.InitializingMenuItem[name=null, text=&apos;Sorting orders&apos;, selected=false, enabled=true, visible=true, showing=false]
                              se.cambiosys.client.framework.core.internal.CambioShortcutMenuButton[name=null, text=&apos;&apos;, selected=false, enabled=true, visible=true, showing=false]
                            se.cambiosys.client.framework.menueditor.internal.InitializingMenuItem[name=null, text=&apos;Local analyses&apos;, selected=false, enabled=true, visible=true, showing=false]
                              se.cambiosys.client.framework.core.internal.CambioShortcutMenuButton[name=null, text=&apos;&apos;, selected=false, enabled=true, visible=true, showing=false]
                            se.cambiosys.client.framework.menueditor.internal.InitializingMenuItem[name=null, text=&apos;Label printer&apos;, selected=false, enabled=true, visible=true, showing=false]
                              se.cambiosys.client.framework.core.internal.CambioShortcutMenuButton[name=null, text=&apos;&apos;, selected=false, enabled=true, visible=true, showing=false]
                        se.cambiosys.client.framework.menueditor.internal.InitializingMenuItem[name=null, text=&apos;Configure Y-axis for Clinical Parameter&apos;, selected=false, enabled=true, visible=true, showing=false]
                          se.cambiosys.client.framework.core.internal.CambioShortcutMenuButton[name=null, text=&apos;&apos;, selected=false, enabled=true, visible=true, showing=false]
                        se.cambiosys.client.framework.components.CambioMenu[name=null, text=&apos;Visits and admissions&apos;, selected=false, enabled=true, visible=true, showing=false]
                          javax.swing.JPopupMenu[name=null, label=null, enabled=true, visible=false, showing=false]
                            se.cambiosys.client.framework.menueditor.internal.InitializingMenuItem[name=null, text=&apos;Create new visit / admission&apos;, selected=false, enabled=true, visible=true, showing=false]
                              se.cambiosys.client.framework.core.internal.CambioShortcutMenuButton[name=null, text=&apos;&apos;, selected=false, enabled=true, visible=true, showing=false]
                            se.cambiosys.client.framework.menueditor.internal.InitializingMenuItem[name=null, text=&apos;Edit visit / admission&apos;, selected=false, enabled=true, visible=true, showing=false]
                              se.cambiosys.client.framework.core.internal.CambioShortcutMenuButton[name=null, text=&apos;&apos;, selected=false, enabled=true, visible=true, showing=false]
                        se.cambiosys.client.framework.components.CambioMenu[name=null, text=&apos;Publishing&apos;, selected=false, enabled=true, visible=true, showing=false]
                          javax.swing.JPopupMenu[name=null, label=null, enabled=true, visible=false, showing=false]
                            se.cambiosys.client.framework.menueditor.internal.InitializingMenuItem[name=null, text=&apos;Mining&apos;, selected=false, enabled=true, visible=true, showing=false]
                              se.cambiosys.client.framework.core.internal.CambioShortcutMenuButton[name=null, text=&apos;&apos;, selected=false, enabled=true, visible=true, showing=false]
                            se.cambiosys.client.framework.menueditor.internal.InitializingMenuItem[name=null, text=&apos;Error management&apos;, selected=false, enabled=true, visible=true, showing=false]
                              se.cambiosys.client.framework.core.internal.CambioShortcutMenuButton[name=null, text=&apos;&apos;, selected=false, enabled=true, visible=true, showing=false]
                        se.cambiosys.client.framework.menueditor.internal.InitializingMenuItem[name=null, text=&apos;CCP Filter Configuration&apos;, selected=false, enabled=true, visible=true, showing=false]
                          se.cambiosys.client.framework.core.internal.CambioShortcutMenuButton[name=null, text=&apos;&apos;, selected=false, enabled=true, visible=true, showing=false]
                        se.cambiosys.client.framework.menueditor.internal.InitializingMenuItem[name=null, text=&apos;Menu editor&apos;, selected=false, enabled=true, visible=true, showing=false]
                          se.cambiosys.client.framework.core.internal.CambioShortcutMenuButton[name=null, text=&apos;&apos;, selected=false, enabled=true, visible=true, showing=false]
                        se.cambiosys.client.framework.menueditor.internal.InitializingMenuItem[name=null, text=&apos;Script&apos;, selected=false, enabled=true, visible=true, showing=false]
                          se.cambiosys.client.framework.core.internal.CambioShortcutMenuButton[name=null, text=&apos;&apos;, selected=false, enabled=true, visible=true, showing=false]
                        se.cambiosys.client.framework.components.CambioMenu[name=null, text=&apos;Spell Check&apos;, selected=false, enabled=true, visible=true, showing=false]
                          javax.swing.JPopupMenu[name=null, label=null, enabled=true, visible=false, showing=false]
                            se.cambiosys.client.framework.menueditor.internal.InitializingMenuItem[name=null, text=&apos;Settings&apos;, selected=false, enabled=true, visible=true, showing=false]
                              se.cambiosys.client.framework.core.internal.CambioShortcutMenuButton[name=null, text=&apos;&apos;, selected=false, enabled=true, visible=true, showing=false]
                            se.cambiosys.client.framework.menueditor.internal.InitializingMenuItem[name=null, text=&apos;User dictionary&apos;, selected=false, enabled=true, visible=true, showing=false]
                              se.cambiosys.client.framework.core.internal.CambioShortcutMenuButton[name=null, text=&apos;&apos;, selected=false, enabled=true, visible=true, showing=false]
                            se.cambiosys.client.framework.menueditor.internal.InitializingMenuItem[name=null, text=&apos;Global dictionary&apos;, selected=false, enabled=true, visible=true, showing=false]
                              se.cambiosys.client.framework.core.internal.CambioShortcutMenuButton[name=null, text=&apos;&apos;, selected=false, enabled=true, visible=true, showing=false]
                    se.cambiosys.client.framework.components.CambioMenu[name=null, text=&apos;Child Healthcare&apos;, selected=false, enabled=true, visible=true, showing=true]
                      javax.swing.JPopupMenu[name=null, label=null, enabled=true, visible=false, showing=false]
                        se.cambiosys.client.framework.menueditor.internal.InitializingMenuItem[name=null, text=&apos;Print Child Healthcare data&apos;, selected=false, enabled=true, visible=true, showing=false]
                          se.cambiosys.client.framework.core.internal.CambioShortcutMenuButton[name=null, text=&apos;&apos;, selected=false, enabled=true, visible=true, showing=false]
                    se.cambiosys.client.framework.components.CambioMenu[name=null, text=&apos;Medication&apos;, selected=false, enabled=true, visible=true, showing=true]
                      javax.swing.JPopupMenu[name=null, label=null, enabled=true, visible=false, showing=false]
                        se.cambiosys.client.framework.components.CambioMenu[name=null, text=&apos;Administration&apos;, selected=false, enabled=true, visible=true, showing=false]
                          javax.swing.JPopupMenu[name=null, label=null, enabled=true, visible=false, showing=false]
                            se.cambiosys.client.framework.menueditor.internal.InitializingMenuItem[name=null, text=&apos;Sent e-recipe overview&apos;, selected=false, enabled=true, visible=true, showing=false]
                              se.cambiosys.client.framework.core.internal.CambioShortcutMenuButton[name=null, text=&apos;&apos;, selected=false, enabled=true, visible=true, showing=false]
                            se.cambiosys.client.framework.menueditor.internal.InitializingMenuItem[name=null, text=&apos;Catalogue administration&apos;, selected=false, enabled=true, visible=true, showing=false]
                              se.cambiosys.client.framework.core.internal.CambioShortcutMenuButton[name=null, text=&apos;&apos;, selected=false, enabled=true, visible=true, showing=false]
                            se.cambiosys.client.framework.menueditor.internal.InitializingMenuItem[name=null, text=&apos;Unit Times and Medicine Cabinet&apos;, selected=false, enabled=true, visible=true, showing=false]
                              se.cambiosys.client.framework.core.internal.CambioShortcutMenuButton[name=null, text=&apos;&apos;, selected=false, enabled=true, visible=true, showing=false]
                            se.cambiosys.client.framework.menueditor.internal.InitializingMenuItem[name=null, text=&apos;Order basis for vaccine&apos;, selected=false, enabled=true, visible=true, showing=false]
                              se.cambiosys.client.framework.core.internal.CambioShortcutMenuButton[name=null, text=&apos;&apos;, selected=false, enabled=true, visible=true, showing=false]
                        se.cambiosys.client.framework.components.CambioMenu[name=null, text=&apos;New prescription&apos;, selected=false, enabled=true, visible=true, showing=false]
                          javax.swing.JPopupMenu[name=null, label=null, enabled=true, visible=false, showing=false]
                            se.cambiosys.client.framework.menueditor.internal.InitializingMenuItem[name=null, text=&apos;Drug&apos;, selected=false, enabled=true, visible=true, showing=false]
                              se.cambiosys.client.framework.core.internal.CambioShortcutMenuButton[name=null, text=&apos;&apos;, selected=false, enabled=true, visible=true, showing=false]
                            se.cambiosys.client.framework.menueditor.internal.InitializingMenuItem[name=null, text=&apos;Nutrition product&apos;, selected=false, enabled=true, visible=true, showing=false]
                              se.cambiosys.client.framework.core.internal.CambioShortcutMenuButton[name=null, text=&apos;&apos;, selected=false, enabled=true, visible=true, showing=false]
                            se.cambiosys.client.framework.menueditor.internal.InitializingMenuItem[name=null, text=&apos;Consumable&apos;, selected=false, enabled=true, visible=true, showing=false]
                              se.cambiosys.client.framework.core.internal.CambioShortcutMenuButton[name=null, text=&apos;&apos;, selected=false, enabled=true, visible=true, showing=false]
                        se.cambiosys.client.framework.components.CambioMenu[name=null, text=&apos;Lists&apos;, selected=false, enabled=true, visible=true, showing=false]
                          javax.swing.JPopupMenu[name=null, label=null, enabled=true, visible=false, showing=false]
                            se.cambiosys.client.framework.menueditor.internal.InitializingMenuItem[name=null, text=&apos;Drugs&apos;, selected=false, enabled=true, visible=true, showing=false]
                              se.cambiosys.client.framework.core.internal.CambioShortcutMenuButton[name=null, text=&apos;&apos;, selected=false, enabled=true, visible=true, showing=false]
                            se.cambiosys.client.framework.menueditor.internal.InitializingMenuItem[name=null, text=&apos;Nutritions&apos;, selected=false, enabled=true, visible=true, showing=false]
                              se.cambiosys.client.framework.core.internal.CambioShortcutMenuButton[name=null, text=&apos;&apos;, selected=false, enabled=true, visible=true, showing=false]
                            se.cambiosys.client.framework.menueditor.internal.InitializingMenuItem[name=null, text=&apos;Consumables&apos;, selected=false, enabled=true, visible=true, showing=false]
                              se.cambiosys.client.framework.core.internal.CambioShortcutMenuButton[name=null, text=&apos;&apos;, selected=false, enabled=true, visible=true, showing=false]
                            se.cambiosys.client.framework.menueditor.internal.InitializingMenuItem[name=null, text=&apos;Vaccination list&apos;, selected=false, enabled=true, visible=true, showing=false]
                              se.cambiosys.client.framework.core.internal.CambioShortcutMenuButton[name=null, text=&apos;&apos;, selected=false, enabled=true, visible=true, showing=false]
                            se.cambiosys.client.framework.menueditor.internal.InitializingMenuItem[name=null, text=&apos;Recipe overview&apos;, selected=false, enabled=true, visible=true, showing=false]
                              se.cambiosys.client.framework.core.internal.CambioShortcutMenuButton[name=null, text=&apos;&apos;, selected=false, enabled=true, visible=true, showing=false]
                        se.cambiosys.client.framework.menueditor.internal.InitializingMenuItem[name=null, text=&apos;Nurse view&apos;, selected=false, enabled=true, visible=true, showing=false]
                          se.cambiosys.client.framework.core.internal.CambioShortcutMenuButton[name=null, text=&apos;&apos;, selected=false, enabled=true, visible=true, showing=false]
                    se.cambiosys.client.framework.components.CambioMenu[name=null, text=&apos;Theatre&apos;, selected=false, enabled=true, visible=true, showing=true]
                      javax.swing.JPopupMenu[name=null, label=null, enabled=true, visible=false, showing=false]
                        se.cambiosys.client.framework.menueditor.internal.InitializingMenuItem[name=null, text=&apos;Create theatre registration&apos;, selected=false, enabled=true, visible=true, showing=false]
                          se.cambiosys.client.framework.core.internal.CambioShortcutMenuButton[name=null, text=&apos;&apos;, selected=false, enabled=true, visible=true, showing=false]
                        se.cambiosys.client.framework.menueditor.internal.InitializingMenuItem[name=null, text=&apos;Operation list&apos;, selected=false, enabled=true, visible=true, showing=false]
                          se.cambiosys.client.framework.core.internal.CambioShortcutMenuButton[name=null, text=&apos;&apos;, selected=false, enabled=true, visible=true, showing=false]
                        se.cambiosys.client.framework.menueditor.internal.InitializingMenuItem[name=null, text=&apos;Planning schedule&apos;, selected=false, enabled=true, visible=true, showing=false]
                          se.cambiosys.client.framework.core.internal.CambioShortcutMenuButton[name=null, text=&apos;&apos;, selected=false, enabled=true, visible=true, showing=false]
                        se.cambiosys.client.framework.menueditor.internal.InitializingMenuItem[name=null, text=&apos;Schedule overview&apos;, selected=false, enabled=true, visible=true, showing=false]
                          se.cambiosys.client.framework.core.internal.CambioShortcutMenuButton[name=null, text=&apos;&apos;, selected=false, enabled=true, visible=true, showing=false]
                        se.cambiosys.client.framework.menueditor.internal.InitializingMenuItem[name=null, text=&apos;Live Schedule&apos;, selected=false, enabled=true, visible=true, showing=false]
                          se.cambiosys.client.framework.core.internal.CambioShortcutMenuButton[name=null, text=&apos;&apos;, selected=false, enabled=true, visible=true, showing=false]
                        se.cambiosys.client.framework.components.CambioMenu[name=null, text=&apos;Administration&apos;, selected=false, enabled=true, visible=true, showing=false]
                          javax.swing.JPopupMenu[name=null, label=null, enabled=true, visible=false, showing=false]
                            se.cambiosys.client.framework.menueditor.internal.InitializingMenuItem[name=null, text=&apos;Templates for Anaesthetic, Th.record, Recovery&apos;, selected=false, enabled=true, visible=true, showing=false]
                              se.cambiosys.client.framework.core.internal.CambioShortcutMenuButton[name=null, text=&apos;&apos;, selected=false, enabled=true, visible=true, showing=false]
                            se.cambiosys.client.framework.menueditor.internal.InitializingMenuItem[name=null, text=&apos;Basic templates for Th. registration&apos;, selected=false, enabled=true, visible=true, showing=false]
                              se.cambiosys.client.framework.core.internal.CambioShortcutMenuButton[name=null, text=&apos;&apos;, selected=false, enabled=true, visible=true, showing=false]
                            se.cambiosys.client.framework.menueditor.internal.InitializingMenuItem[name=null, text=&apos;Templates for Waypoints&apos;, selected=false, enabled=true, visible=true, showing=false]
                              se.cambiosys.client.framework.core.internal.CambioShortcutMenuButton[name=null, text=&apos;&apos;, selected=false, enabled=true, visible=true, showing=false]
                            se.cambiosys.client.framework.menueditor.internal.InitializingMenuItem[name=null, text=&apos;Theatre suite administration&apos;, selected=false, enabled=true, visible=true, showing=false]
                              se.cambiosys.client.framework.core.internal.CambioShortcutMenuButton[name=null, text=&apos;&apos;, selected=false, enabled=true, visible=true, showing=false]
                            se.cambiosys.client.framework.menueditor.internal.InitializingMenuItem[name=null, text=&apos;Medical priority&apos;, selected=false, enabled=true, visible=true, showing=false]
                              se.cambiosys.client.framework.core.internal.CambioShortcutMenuButton[name=null, text=&apos;&apos;, selected=false, enabled=true, visible=true, showing=false]
                            se.cambiosys.client.framework.menueditor.internal.InitializingMenuItem[name=null, text=&apos;Keyword mapping&apos;, selected=false, enabled=true, visible=true, showing=false]
                              se.cambiosys.client.framework.core.internal.CambioShortcutMenuButton[name=null, text=&apos;&apos;, selected=false, enabled=true, visible=true, showing=false]
                            se.cambiosys.client.framework.menueditor.internal.InitializingMenuItem[name=null, text=&apos;Create theatres&apos;, selected=false, enabled=true, visible=true, showing=false]
                              se.cambiosys.client.framework.core.internal.CambioShortcutMenuButton[name=null, text=&apos;&apos;, selected=false, enabled=true, visible=true, showing=false]
                            se.cambiosys.client.framework.menueditor.internal.InitializingMenuItem[name=null, text=&apos;Global filters&apos;, selected=false, enabled=true, visible=true, showing=false]
                              se.cambiosys.client.framework.core.internal.CambioShortcutMenuButton[name=null, text=&apos;&apos;, selected=false, enabled=true, visible=true, showing=false]
                            se.cambiosys.client.framework.menueditor.internal.InitializingMenuItem[name=null, text=&apos;Activity lists&apos;, selected=false, enabled=true, visible=true, showing=false]
                              se.cambiosys.client.framework.core.internal.CambioShortcutMenuButton[name=null, text=&apos;&apos;, selected=false, enabled=true, visible=true, showing=false]
                            se.cambiosys.client.framework.menueditor.internal.InitializingMenuItem[name=null, text=&apos;Templates for Th. registration&apos;, selected=false, enabled=true, visible=true, showing=false]
                              se.cambiosys.client.framework.core.internal.CambioShortcutMenuButton[name=null, text=&apos;&apos;, selected=false, enabled=true, visible=true, showing=false]
                            se.cambiosys.client.framework.menueditor.internal.InitializingMenuItem[name=null, text=&apos;Colour configuration&apos;, selected=false, enabled=true, visible=true, showing=false]
                              se.cambiosys.client.framework.core.internal.CambioShortcutMenuButton[name=null, text=&apos;&apos;, selected=false, enabled=true, visible=true, showing=false]
                            se.cambiosys.client.framework.menueditor.internal.InitializingMenuItem[name=null, text=&apos;Surgical Unit Administration&apos;, selected=false, enabled=true, visible=true, showing=false]
                              se.cambiosys.client.framework.core.internal.CambioShortcutMenuButton[name=null, text=&apos;&apos;, selected=false, enabled=true, visible=true, showing=false]
                            se.cambiosys.client.framework.menueditor.internal.InitializingMenuItem[name=null, text=&apos;Code Packages&apos;, selected=false, enabled=true, visible=true, showing=false]
                              se.cambiosys.client.framework.core.internal.CambioShortcutMenuButton[name=null, text=&apos;&apos;, selected=false, enabled=true, visible=true, showing=false]
                    se.cambiosys.client.framework.components.CambioMenu[name=null, text=&apos;Order management&apos;, selected=false, enabled=true, visible=true, showing=true]
                      javax.swing.JPopupMenu[name=null, label=null, enabled=true, visible=false, showing=false]
                        se.cambiosys.client.framework.menueditor.internal.InitializingMenuItem[name=null, text=&apos;Request&apos;, selected=false, enabled=true, visible=true, showing=false]
                          se.cambiosys.client.framework.core.internal.CambioShortcutMenuButton[name=null, text=&apos;&apos;, selected=false, enabled=true, visible=true, showing=false]
                        se.cambiosys.client.framework.menueditor.internal.InitializingMenuItem[name=null, text=&apos;Specimen collection&apos;, selected=false, enabled=true, visible=true, showing=false]
                          se.cambiosys.client.framework.core.internal.CambioShortcutMenuButton[name=null, text=&apos;&apos;, selected=false, enabled=true, visible=true, showing=false]
                        se.cambiosys.client.framework.menueditor.internal.InitializingMenuItem[name=null, text=&apos;Radiology Request&apos;, selected=false, enabled=true, visible=true, showing=false]
                          se.cambiosys.client.framework.core.internal.CambioShortcutMenuButton[name=null, text=&apos;&apos;, selected=false, enabled=true, visible=true, showing=false]
                        se.cambiosys.client.framework.menueditor.internal.InitializingMenuItem[name=null, text=&apos;Unsent Radiology Request&apos;, selected=false, enabled=true, visible=true, showing=false]
                          se.cambiosys.client.framework.core.internal.CambioShortcutMenuButton[name=null, text=&apos;&apos;, selected=false, enabled=true, visible=true, showing=false]
                        se.cambiosys.client.framework.menueditor.internal.InitializingMenuItem[name=null, text=&apos;Request status&apos;, selected=false, enabled=true, visible=true, showing=false]
                          se.cambiosys.client.framework.core.internal.CambioShortcutMenuButton[name=null, text=&apos;&apos;, selected=false, enabled=true, visible=true, showing=false]
                        se.cambiosys.client.framework.menueditor.internal.InitializingMenuItem[name=null, text=&apos;Local analyses input&apos;, selected=false, enabled=true, visible=true, showing=false]
                          se.cambiosys.client.framework.core.internal.CambioShortcutMenuButton[name=null, text=&apos;&apos;, selected=false, enabled=true, visible=true, showing=false]
                        se.cambiosys.client.framework.menueditor.internal.InitializingMenuItem[name=null, text=&apos;Result inbox&apos;, selected=false, enabled=true, visible=true, showing=false]
                          se.cambiosys.client.framework.core.internal.CambioShortcutMenuButton[name=null, text=&apos;&apos;, selected=false, enabled=true, visible=true, showing=false]
                        se.cambiosys.client.framework.menueditor.internal.InitializingMenuItem[name=null, text=&apos;Test result&apos;, selected=false, enabled=true, visible=true, showing=false]
                          se.cambiosys.client.framework.core.internal.CambioShortcutMenuButton[name=null, text=&apos;&apos;, selected=false, enabled=true, visible=true, showing=false]
                        se.cambiosys.client.framework.menueditor.internal.InitializingMenuItem[name=null, text=&apos;Radiology Report&apos;, selected=false, enabled=true, visible=true, showing=false]
                          se.cambiosys.client.framework.core.internal.CambioShortcutMenuButton[name=null, text=&apos;&apos;, selected=false, enabled=true, visible=true, showing=false]
                        se.cambiosys.client.framework.menueditor.internal.InitializingMenuItem[name=null, text=&apos;Manual input&apos;, selected=false, enabled=true, visible=true, showing=false]
                          se.cambiosys.client.framework.core.internal.CambioShortcutMenuButton[name=null, text=&apos;&apos;, selected=false, enabled=true, visible=true, showing=false]
                        se.cambiosys.client.framework.components.CambioMenu[name=null, text=&apos;Administration&apos;, selected=false, enabled=true, visible=true, showing=false]
                          javax.swing.JPopupMenu[name=null, label=null, enabled=true, visible=false, showing=false]
                            se.cambiosys.client.framework.menueditor.internal.InitializingMenuItem[name=null, text=&apos;Sketch administration&apos;, selected=false, enabled=true, visible=true, showing=false]
                              se.cambiosys.client.framework.core.internal.CambioShortcutMenuButton[name=null, text=&apos;&apos;, selected=false, enabled=true, visible=true, showing=false]
                            se.cambiosys.client.framework.menueditor.internal.InitializingMenuItem[name=null, text=&apos;Pathology request templates&apos;, selected=false, enabled=true, visible=true, showing=false]
                              se.cambiosys.client.framework.core.internal.CambioShortcutMenuButton[name=null, text=&apos;&apos;, selected=false, enabled=true, visible=true, showing=false]
                        se.cambiosys.client.framework.menueditor.internal.InitializingMenuItem[name=null, text=&apos;Signed Radiology Request &apos;, selected=false, enabled=true, visible=true, showing=false]
                          se.cambiosys.client.framework.core.internal.CambioShortcutMenuButton[name=null, text=&apos;&apos;, selected=false, enabled=true, visible=true, showing=false]
                    se.cambiosys.client.framework.components.CambioMenu[name=null, text=&apos;Medical record&apos;, selected=false, enabled=true, visible=true, showing=true]
                      javax.swing.JPopupMenu[name=null, label=null, enabled=true, visible=false, showing=false]
                        se.cambiosys.client.framework.components.CambioMenu[name=null, text=&apos;Medical record table&apos;, selected=false, enabled=true, visible=true, showing=false]
                          javax.swing.JPopupMenu[name=null, label=null, enabled=true, visible=false, showing=false]
                            se.cambiosys.client.framework.menueditor.internal.InitializingMenuItem[name=null, text=&apos;Administration of templates for medical record tables&apos;, selected=false, enabled=true, visible=true, showing=false]
                              se.cambiosys.client.framework.core.internal.CambioShortcutMenuButton[name=null, text=&apos;&apos;, selected=false, enabled=true, visible=true, showing=false]
                            se.cambiosys.client.framework.menueditor.internal.InitializingMenuItem[name=null, text=&apos;New medical record table&apos;, selected=false, enabled=false, visible=true, showing=false]
                              se.cambiosys.client.framework.core.internal.CambioShortcutMenuButton[name=null, text=&apos;&apos;, selected=false, enabled=true, visible=true, showing=false]
                        se.cambiosys.client.framework.menueditor.internal.InitializingMenuItem[name=null, text=&apos;Medical record&apos;, selected=false, enabled=true, visible=true, showing=false]
                          se.cambiosys.client.framework.core.internal.CambioShortcutMenuButton[name=null, text=&apos;&apos;, selected=false, enabled=true, visible=true, showing=false]
                        se.cambiosys.client.framework.menueditor.internal.InitializingMenuItem[name=null, text=&apos;New note&apos;, selected=false, enabled=true, visible=true, showing=false]
                          se.cambiosys.client.framework.core.internal.CambioShortcutMenuButton[name=null, text=&apos;&apos;, selected=false, enabled=true, visible=true, showing=false]
                        se.cambiosys.client.framework.menueditor.internal.InitializingMenuItem[name=null, text=&apos;New form&apos;, selected=false, enabled=true, visible=true, showing=false]
                          se.cambiosys.client.framework.core.internal.CambioShortcutMenuButton[name=null, text=&apos;&apos;, selected=false, enabled=true, visible=true, showing=false]
                        se.cambiosys.client.framework.menueditor.internal.InitializingMenuItem[name=null, text=&apos;New care plan note&apos;, selected=false, enabled=false, visible=false, showing=false]
                          se.cambiosys.client.framework.core.internal.CambioShortcutMenuButton[name=null, text=&apos;&apos;, selected=false, enabled=true, visible=true, showing=false]
                        se.cambiosys.client.framework.menueditor.internal.InitializingMenuItem[name=null, text=&apos;Observation&apos;, selected=false, enabled=true, visible=true, showing=false]
                          se.cambiosys.client.framework.core.internal.CambioShortcutMenuButton[name=null, text=&apos;&apos;, selected=false, enabled=true, visible=true, showing=false]
                        se.cambiosys.client.framework.menueditor.internal.InitializingMenuItem[name=null, text=&apos;Graphic view&apos;, selected=false, enabled=true, visible=true, showing=false]
                          se.cambiosys.client.framework.core.internal.CambioShortcutMenuButton[name=null, text=&apos;&apos;, selected=false, enabled=true, visible=true, showing=false]
                        se.cambiosys.client.framework.menueditor.internal.InitializingMenuItem[name=null, text=&apos;List of activities&apos;, selected=false, enabled=true, visible=true, showing=false]
                          se.cambiosys.client.framework.core.internal.CambioShortcutMenuButton[name=null, text=&apos;&apos;, selected=false, enabled=true, visible=true, showing=false]
                        se.cambiosys.client.framework.components.CambioMenu[name=null, text=&apos;Administration&apos;, selected=false, enabled=true, visible=true, showing=false]
                          javax.swing.JPopupMenu[name=null, label=null, enabled=true, visible=false, showing=false]
                            se.cambiosys.client.framework.menueditor.internal.InitializingMenuItem[name=null, text=&apos;Keyword editor&apos;, selected=false, enabled=true, visible=true, showing=false]
                              se.cambiosys.client.framework.core.internal.CambioShortcutMenuButton[name=null, text=&apos;&apos;, selected=false, enabled=true, visible=true, showing=false]
                            se.cambiosys.client.framework.menueditor.internal.InitializingMenuItem[name=null, text=&apos;Search occurrences of keyword&apos;, selected=false, enabled=true, visible=true, showing=false]
                              se.cambiosys.client.framework.core.internal.CambioShortcutMenuButton[name=null, text=&apos;&apos;, selected=false, enabled=true, visible=true, showing=false]
                            se.cambiosys.client.framework.menueditor.internal.InitializingMenuItem[name=null, text=&apos;Template manager&apos;, selected=false, enabled=true, visible=true, showing=false]
                              se.cambiosys.client.framework.core.internal.CambioShortcutMenuButton[name=null, text=&apos;&apos;, selected=false, enabled=true, visible=true, showing=false]
                            se.cambiosys.client.framework.menueditor.internal.InitializingMenuItem[name=null, text=&apos;Fixed values&apos;, selected=false, enabled=true, visible=true, showing=false]
                              se.cambiosys.client.framework.core.internal.CambioShortcutMenuButton[name=null, text=&apos;&apos;, selected=false, enabled=true, visible=true, showing=false]
                            se.cambiosys.client.framework.menueditor.internal.InitializingMenuItem[name=null, text=&apos;Form administration&apos;, selected=false, enabled=true, visible=true, showing=false]
                              se.cambiosys.client.framework.core.internal.CambioShortcutMenuButton[name=null, text=&apos;&apos;, selected=false, enabled=true, visible=true, showing=false]
                            se.cambiosys.client.framework.menueditor.internal.InitializingMenuItem[name=null, text=&apos;Administration views&apos;, selected=false, enabled=true, visible=true, showing=false]
                              se.cambiosys.client.framework.core.internal.CambioShortcutMenuButton[name=null, text=&apos;&apos;, selected=false, enabled=true, visible=true, showing=false]
                            se.cambiosys.client.framework.menueditor.internal.InitializingMenuItem[name=null, text=&apos;Administration filter&apos;, selected=false, enabled=true, visible=true, showing=false]
                              se.cambiosys.client.framework.core.internal.CambioShortcutMenuButton[name=null, text=&apos;&apos;, selected=false, enabled=true, visible=true, showing=false]
                            se.cambiosys.client.framework.menueditor.internal.InitializingMenuItem[name=null, text=&apos;Selection of problems&apos;, selected=false, enabled=true, visible=true, showing=false]
                              se.cambiosys.client.framework.core.internal.CambioShortcutMenuButton[name=null, text=&apos;&apos;, selected=false, enabled=true, visible=true, showing=false]
                        se.cambiosys.client.framework.components.CambioMenu[name=null, text=&apos;Digital dictation&apos;, selected=false, enabled=true, visible=true, showing=false]
                          javax.swing.JPopupMenu[name=null, label=null, enabled=true, visible=false, showing=false]
                            se.cambiosys.client.framework.menueditor.internal.InitializingMenuItem[name=null, text=&apos;Create new dictation&apos;, selected=false, enabled=true, visible=true, showing=false]
                              se.cambiosys.client.framework.core.internal.CambioShortcutMenuButton[name=null, text=&apos;&apos;, selected=false, enabled=true, visible=true, showing=false]
                            se.cambiosys.client.framework.menueditor.internal.InitializingMenuItem[name=null, text=&apos;Dictation list&apos;, selected=false, enabled=true, visible=true, showing=false]
                              se.cambiosys.client.framework.core.internal.CambioShortcutMenuButton[name=null, text=&apos;&apos;, selected=false, enabled=true, visible=true, showing=false]
                            se.cambiosys.client.framework.menueditor.internal.InitializingMenuItem[name=null, text=&apos;Create new dictation from file&apos;, selected=false, enabled=true, visible=true, showing=false]
                              se.cambiosys.client.framework.core.internal.CambioShortcutMenuButton[name=null, text=&apos;&apos;, selected=false, enabled=true, visible=true, showing=false]
                            se.cambiosys.client.framework.menueditor.internal.InitializingMenuItem[name=null, text=&apos;Create new dictation minimized&apos;, selected=false, enabled=true, visible=true, showing=false]
                              se.cambiosys.client.framework.core.internal.CambioShortcutMenuButton[name=null, text=&apos;&apos;, selected=false, enabled=true, visible=true, showing=false]
                        se.cambiosys.client.framework.components.CambioMenu[name=null, text=&apos;Birth&apos;, selected=false, enabled=true, visible=true, showing=false]
                          javax.swing.JPopupMenu[name=null, label=null, enabled=true, visible=false, showing=false]
                            se.cambiosys.client.framework.menueditor.internal.InitializingMenuItem[name=null, text=&apos;Partogram&apos;, selected=false, enabled=false, visible=true, showing=false]
                              se.cambiosys.client.framework.core.internal.CambioShortcutMenuButton[name=null, text=&apos;&apos;, selected=false, enabled=true, visible=true, showing=false]
                            se.cambiosys.client.framework.menueditor.internal.InitializingMenuItem[name=null, text=&apos;New delivery&apos;, selected=false, enabled=false, visible=true, showing=false]
                              se.cambiosys.client.framework.core.internal.CambioShortcutMenuButton[name=null, text=&apos;&apos;, selected=false, enabled=true, visible=true, showing=false]
                            se.cambiosys.client.framework.menueditor.internal.InitializingMenuItem[name=null, text=&apos;Delete partogram&apos;, selected=false, enabled=false, visible=true, showing=false]
                              se.cambiosys.client.framework.core.internal.CambioShortcutMenuButton[name=null, text=&apos;&apos;, selected=false, enabled=true, visible=true, showing=false]
                            se.cambiosys.client.framework.menueditor.internal.InitializingMenuItem[name=null, text=&apos;Configuration of registrations&apos;, selected=false, enabled=true, visible=true, showing=false]
                              se.cambiosys.client.framework.core.internal.CambioShortcutMenuButton[name=null, text=&apos;&apos;, selected=false, enabled=true, visible=true, showing=false]
                            se.cambiosys.client.framework.menueditor.internal.InitializingMenuItem[name=null, text=&apos;Child number configuration&apos;, selected=false, enabled=true, visible=true, showing=false]
                              se.cambiosys.client.framework.core.internal.CambioShortcutMenuButton[name=null, text=&apos;&apos;, selected=false, enabled=true, visible=true, showing=false]
                    se.cambiosys.client.framework.components.CambioMenu[name=null, text=&apos;Window&apos;, selected=false, enabled=true, visible=true, showing=true]
                      javax.swing.JPopupMenu[name=null, label=null, enabled=true, visible=false, showing=false]
                        se.cambiosys.client.framework.core.internal.MenuHandler$10(se.cambiosys.client.framework.components.CambioCheckBoxMenuItem)[name=null, text=&apos;Keep windows&apos;, selected=true, enabled=true, visible=true, showing=false]
                        se.cambiosys.client.framework.menueditor.internal.InitializingMenuItem[name=null, text=&apos;Minimize all&apos;, selected=false, enabled=true, visible=true, showing=false]
                          se.cambiosys.client.framework.core.internal.CambioShortcutMenuButton[name=null, text=&apos;&apos;, selected=false, enabled=true, visible=true, showing=false]
                    se.cambiosys.client.framework.components.CambioMenu[name=null, text=&apos;Basic Menu&apos;, selected=false, enabled=true, visible=true, showing=true]
                      javax.swing.JPopupMenu[name=null, label=null, enabled=true, visible=false, showing=false]
                        se.cambiosys.client.framework.menueditor.internal.InitializingMenuItem[name=null, text=&apos;Basic Text&apos;, selected=false, enabled=true, visible=true, showing=false]
                          se.cambiosys.client.framework.core.internal.CambioShortcutMenuButton[name=null, text=&apos;&apos;, selected=false, enabled=true, visible=true, showing=false]
                    se.cambiosys.client.framework.components.CambioMenu[name=null, text=&apos;Patient administration IP &amp; OP&apos;, selected=false, enabled=true, visible=true, showing=true]
                      javax.swing.JPopupMenu[name=null, label=null, enabled=true, visible=false, showing=false]
                        se.cambiosys.client.framework.components.CambioMenu[name=null, text=&apos;Administration&apos;, selected=false, enabled=true, visible=true, showing=false]
                          javax.swing.JPopupMenu[name=null, label=null, enabled=true, visible=false, showing=false]
                            se.cambiosys.client.framework.menueditor.internal.InitializingMenuItem[name=null, text=&apos;Region membership&apos;, selected=false, enabled=true, visible=true, showing=false]
                              se.cambiosys.client.framework.core.internal.CambioShortcutMenuButton[name=null, text=&apos;&apos;, selected=false, enabled=true, visible=true, showing=false]
                            se.cambiosys.client.framework.menueditor.internal.InitializingMenuItem[name=null, text=&apos;Search order number&apos;, selected=false, enabled=true, visible=true, showing=false]
                              se.cambiosys.client.framework.core.internal.CambioShortcutMenuButton[name=null, text=&apos;&apos;, selected=false, enabled=true, visible=true, showing=false]
                            se.cambiosys.client.framework.menueditor.internal.InitializingMenuItem[name=null, text=&apos;Reception administration &amp; reception period&apos;, selected=false, enabled=true, visible=true, showing=false]
                              se.cambiosys.client.framework.core.internal.CambioShortcutMenuButton[name=null, text=&apos;&apos;, selected=false, enabled=true, visible=true, showing=false]
                            se.cambiosys.client.framework.menueditor.internal.InitializingMenuItem[name=null, text=&apos;Receptions and reception locations&apos;, selected=false, enabled=true, visible=true, showing=false]
                              se.cambiosys.client.framework.core.internal.CambioShortcutMenuButton[name=null, text=&apos;&apos;, selected=false, enabled=true, visible=true, showing=false]
                            se.cambiosys.client.framework.components.CambioMenu[name=null, text=&apos;Contract&apos;, selected=false, enabled=true, visible=true, showing=false]
                              javax.swing.JPopupMenu[name=null, label=null, enabled=true, visible=false, showing=false]
                                se.cambiosys.client.framework.menueditor.internal.InitializingMenuItem[name=null, text=&apos;New base price list&apos;, selected=false, enabled=true, visible=true, showing=false]
                                  se.cambiosys.client.framework.core.internal.CambioShortcutMenuButton[name=null, text=&apos;&apos;, selected=false, enabled=true, visible=true, showing=false]
                                se.cambiosys.client.framework.menueditor.internal.InitializingMenuItem[name=null, text=&apos;Open base price list&apos;, selected=false, enabled=true, visible=true, showing=false]
                                  se.cambiosys.client.framework.core.internal.CambioShortcutMenuButton[name=null, text=&apos;&apos;, selected=false, enabled=true, visible=true, showing=false]
                                se.cambiosys.client.framework.menueditor.internal.InitializingMenuItem[name=null, text=&apos;New contract&apos;, selected=false, enabled=true, visible=true, showing=false]
                                  se.cambiosys.client.framework.core.internal.CambioShortcutMenuButton[name=null, text=&apos;&apos;, selected=false, enabled=true, visible=true, showing=false]
                                se.cambiosys.client.framework.menueditor.internal.InitializingMenuItem[name=null, text=&apos;Open contract&apos;, selected=false, enabled=true, visible=true, showing=false]
                                  se.cambiosys.client.framework.core.internal.CambioShortcutMenuButton[name=null, text=&apos;&apos;, selected=false, enabled=true, visible=true, showing=false]
                                se.cambiosys.client.framework.menueditor.internal.InitializingMenuItem[name=null, text=&apos;Administration of contracts of goods sales&apos;, selected=false, enabled=true, visible=true, showing=false]
                                  se.cambiosys.client.framework.core.internal.CambioShortcutMenuButton[name=null, text=&apos;&apos;, selected=false, enabled=true, visible=true, showing=false]
                            se.cambiosys.client.framework.menueditor.internal.InitializingMenuItem[name=null, text=&apos;Products&apos;, selected=false, enabled=true, visible=true, showing=false]
                              se.cambiosys.client.framework.core.internal.CambioShortcutMenuButton[name=null, text=&apos;&apos;, selected=false, enabled=true, visible=true, showing=false]
                            se.cambiosys.client.framework.menueditor.internal.InitializingMenuItem[name=null, text=&apos;Goods&apos;, selected=false, enabled=true, visible=true, showing=false]
                              se.cambiosys.client.framework.core.internal.CambioShortcutMenuButton[name=null, text=&apos;&apos;, selected=false, enabled=true, visible=true, showing=false]
                            se.cambiosys.client.framework.menueditor.internal.InitializingMenuItem[name=null, text=&apos;VAT classes&apos;, selected=false, enabled=true, visible=true, showing=false]
                              se.cambiosys.client.framework.core.internal.CambioShortcutMenuButton[name=null, text=&apos;&apos;, selected=false, enabled=true, visible=true, showing=false]
                        se.cambiosys.client.framework.menueditor.internal.InitializingMenuItem[name=null, text=&apos;Configure economy exports&apos;, selected=false, enabled=true, visible=true, showing=false]
                          se.cambiosys.client.framework.core.internal.CambioShortcutMenuButton[name=null, text=&apos;&apos;, selected=false, enabled=true, visible=true, showing=false]
                        se.cambiosys.client.framework.menueditor.internal.InitializingMenuItem[name=null, text=&apos;Export management&apos;, selected=false, enabled=true, visible=true, showing=false]
                          se.cambiosys.client.framework.core.internal.CambioShortcutMenuButton[name=null, text=&apos;&apos;, selected=false, enabled=true, visible=true, showing=false]
                        se.cambiosys.client.framework.menueditor.internal.InitializingMenuItem[name=null, text=&apos;Visit and procedure registration&apos;, selected=false, enabled=true, visible=true, showing=false]
                          se.cambiosys.client.framework.core.internal.CambioShortcutMenuButton[name=null, text=&apos;&apos;, selected=false, enabled=true, visible=true, showing=false]
                        se.cambiosys.client.framework.menueditor.internal.InitializingMenuItem[name=null, text=&apos;Inpatient registration&apos;, selected=false, enabled=true, visible=true, showing=false]
                          se.cambiosys.client.framework.core.internal.CambioShortcutMenuButton[name=null, text=&apos;&apos;, selected=false, enabled=true, visible=true, showing=false]
                        se.cambiosys.client.framework.menueditor.internal.InitializingMenuItem[name=null, text=&apos;Acute overview&apos;, selected=false, enabled=true, visible=true, showing=false]
                          se.cambiosys.client.framework.core.internal.CambioShortcutMenuButton[name=null, text=&apos;&apos;, selected=false, enabled=true, visible=true, showing=false]
                        se.cambiosys.client.framework.menueditor.internal.InitializingMenuItem[name=null, text=&apos;Registration overview&apos;, selected=false, enabled=true, visible=true, showing=false]
                          se.cambiosys.client.framework.core.internal.CambioShortcutMenuButton[name=null, text=&apos;&apos;, selected=false, enabled=true, visible=true, showing=false]
                        se.cambiosys.client.framework.menueditor.internal.InitializingMenuItem[name=null, text=&apos;Goods Sale overview&apos;, selected=false, enabled=true, visible=true, showing=false]
                          se.cambiosys.client.framework.core.internal.CambioShortcutMenuButton[name=null, text=&apos;&apos;, selected=false, enabled=true, visible=true, showing=false]
                        se.cambiosys.client.framework.menueditor.internal.InitializingMenuItem[name=null, text=&apos;Invoice overview&apos;, selected=false, enabled=true, visible=true, showing=false]
                          se.cambiosys.client.framework.core.internal.CambioShortcutMenuButton[name=null, text=&apos;&apos;, selected=false, enabled=true, visible=true, showing=false]
                        se.cambiosys.client.framework.menueditor.internal.InitializingMenuItem[name=null, text=&apos;Register codes&apos;, selected=false, enabled=false, visible=true, showing=false]
                          se.cambiosys.client.framework.core.internal.CambioShortcutMenuButton[name=null, text=&apos;&apos;, selected=false, enabled=true, visible=true, showing=false]
                        se.cambiosys.client.framework.menueditor.internal.InitializingMenuItem[name=null, text=&apos;Undo&apos;, selected=false, enabled=true, visible=true, showing=false]
                          se.cambiosys.client.framework.core.internal.CambioShortcutMenuButton[name=null, text=&apos;&apos;, selected=false, enabled=true, visible=true, showing=false]
                    se.cambiosys.client.framework.components.CambioMenu[name=null, text=&apos;Patient&apos;, selected=false, enabled=true, visible=true, showing=true]
                      javax.swing.JPopupMenu[name=null, label=null, enabled=true, visible=false, showing=false]
                        se.cambiosys.client.framework.components.CambioMenu[name=null, text=&apos;Groups&apos;, selected=false, enabled=true, visible=true, showing=false]
                          javax.swing.JPopupMenu[name=null, label=null, enabled=true, visible=false, showing=false]
                            se.cambiosys.client.framework.menueditor.internal.InitializingMenuItem[name=null, text=&apos;Group card&apos;, selected=false, enabled=false, visible=true, showing=false]
                              se.cambiosys.client.framework.core.internal.CambioShortcutMenuButton[name=null, text=&apos;&apos;, selected=false, enabled=true, visible=true, showing=false]
                            se.cambiosys.client.framework.menueditor.internal.InitializingMenuItem[name=null, text=&apos;Group administration&apos;, selected=false, enabled=true, visible=true, showing=false]
                              se.cambiosys.client.framework.core.internal.CambioShortcutMenuButton[name=null, text=&apos;&apos;, selected=false, enabled=true, visible=true, showing=false]
                        se.cambiosys.client.framework.subjectofcare.internal.SecurityOverrideHandlerImpl$1(se.cambiosys.client.framework.components.CambioCheckBoxMenuItem)[name=null, text=&apos;Activate security override&apos;, selected=false, enabled=false, visible=true, showing=false]
                        se.cambiosys.client.framework.menueditor.internal.InitializingMenuItem[name=null, text=&apos;Patient card&apos;, selected=false, enabled=true, visible=true, showing=false]
                          se.cambiosys.client.framework.core.internal.CambioShortcutMenuButton[name=null, text=&apos;&apos;, selected=false, enabled=true, visible=true, showing=false]
                        se.cambiosys.client.framework.menueditor.internal.InitializingMenuItem[name=null, text=&apos;Print patient information&apos;, selected=false, enabled=true, visible=true, showing=false]
                          se.cambiosys.client.framework.core.internal.CambioShortcutMenuButton[name=null, text=&apos;&apos;, selected=false, enabled=true, visible=true, showing=false]
                        se.cambiosys.client.framework.menueditor.internal.InitializingMenuItem[name=null, text=&apos;Connect mother-child&apos;, selected=false, enabled=false, visible=true, showing=false]
                          se.cambiosys.client.framework.core.internal.CambioShortcutMenuButton[name=null, text=&apos;&apos;, selected=false, enabled=true, visible=true, showing=false]
                        se.cambiosys.client.framework.menueditor.internal.InitializingMenuItem[name=null, text=&apos;Disconnect child-mother&apos;, selected=false, enabled=false, visible=true, showing=false]
                          se.cambiosys.client.framework.core.internal.CambioShortcutMenuButton[name=null, text=&apos;&apos;, selected=false, enabled=true, visible=true, showing=false]
                        se.cambiosys.client.framework.menueditor.internal.InitializingMenuItem[name=null, text=&apos;Reservenumber...&apos;, selected=false, enabled=true, visible=true, showing=false]
                          se.cambiosys.client.framework.core.internal.CambioShortcutMenuButton[name=null, text=&apos;&apos;, selected=false, enabled=true, visible=true, showing=false]
                    se.cambiosys.client.framework.components.CambioMenu[name=null, text=&apos;Link (previous version)&apos;, selected=false, enabled=true, visible=true, showing=true]
                      javax.swing.JPopupMenu[name=null, label=null, enabled=true, visible=false, showing=false]
                        se.cambiosys.client.framework.menueditor.internal.InitializingMenuItem[name=null, text=&apos;Loading...&apos;, selected=false, enabled=true, visible=true, showing=false]
                          se.cambiosys.client.framework.core.internal.CambioShortcutMenuButton[name=null, text=&apos;&apos;, selected=false, enabled=true, visible=true, showing=false]
                        se.cambiosys.client.framework.menueditor.internal.InitializingMenuItem[name=null, text=&apos;Loading...&apos;, selected=false, enabled=true, visible=true, showing=false]
                          se.cambiosys.client.framework.core.internal.CambioShortcutMenuButton[name=null, text=&apos;&apos;, selected=false, enabled=true, visible=true, showing=false]
                    se.cambiosys.client.framework.components.CambioMenu[name=null, text=&apos;File&apos;, selected=false, enabled=true, visible=true, showing=true]
                      javax.swing.JPopupMenu[name=null, label=null, enabled=true, visible=false, showing=false]
                        se.cambiosys.client.framework.menueditor.internal.InitializingMenuItem[name=null, text=&apos;Change password&apos;, selected=false, enabled=true, visible=true, showing=false]
                          se.cambiosys.client.framework.core.internal.CambioShortcutMenuButton[name=null, text=&apos;&apos;, selected=false, enabled=true, visible=true, showing=false]
                        se.cambiosys.client.framework.menueditor.internal.InitializingMenuItem[name=null, text=&apos;Lock COSMIC&apos;, selected=false, enabled=true, visible=true, showing=false]
                          se.cambiosys.client.framework.core.internal.CambioShortcutMenuButton[name=null, text=&apos;&apos;, selected=false, enabled=true, visible=true, showing=false]
                        se.cambiosys.client.framework.menueditor.internal.InitializingMenuItem[name=null, text=&apos;Change profile&apos;, selected=false, enabled=true, visible=true, showing=false]
                          se.cambiosys.client.framework.core.internal.CambioShortcutMenuButton[name=null, text=&apos;&apos;, selected=false, enabled=true, visible=true, showing=false]
                        se.cambiosys.client.framework.menueditor.internal.InitializingMenuItem[name=null, text=&apos;Log out&apos;, selected=false, enabled=true, visible=true, showing=false]
                          se.cambiosys.client.framework.core.internal.CambioShortcutMenuButton[name=null, text=&apos;&apos;, selected=false, enabled=true, visible=true, showing=false]
                        se.cambiosys.client.framework.menueditor.internal.InitializingMenuItem[name=null, text=&apos;Quit&apos;, selected=false, enabled=true, visible=true, showing=false]
                          se.cambiosys.client.framework.core.internal.CambioShortcutMenuButton[name=null, text=&apos;&apos;, selected=false, enabled=true, visible=true, showing=false]
                    se.cambiosys.client.framework.components.CambioMenu[name=null, text=&apos;External Applications&apos;, selected=false, enabled=true, visible=true, showing=true]
                      javax.swing.JPopupMenu[name=null, label=null, enabled=true, visible=false, showing=false]
                        se.cambiosys.client.framework.menueditor.internal.InitializingMenuItem[name=null, text=&apos;DrCompanion&apos;, selected=false, enabled=true, visible=true, showing=false]
                          se.cambiosys.client.framework.core.internal.CambioShortcutMenuButton[name=null, text=&apos;&apos;, selected=false, enabled=true, visible=true, showing=false]
                        se.cambiosys.client.framework.menueditor.internal.InitializingMenuItem[name=null, text=&apos;OBSTETRIX (Ext)&apos;, selected=false, enabled=true, visible=true, showing=false]
                          se.cambiosys.client.framework.core.internal.CambioShortcutMenuButton[name=null, text=&apos;&apos;, selected=false, enabled=true, visible=true, showing=false]
                    se.cambiosys.client.framework.components.CambioMenu[name=null, text=&apos;Analytics&apos;, selected=false, enabled=true, visible=true, showing=true]
                      javax.swing.JPopupMenu[name=null, label=null, enabled=true, visible=false, showing=false]
                        se.cambiosys.client.framework.menueditor.internal.InitializingMenuItem[name=null, text=&apos;Insight&apos;, selected=false, enabled=true, visible=true, showing=false]
                          se.cambiosys.client.framework.core.internal.CambioShortcutMenuButton[name=null, text=&apos;&apos;, selected=false, enabled=true, visible=true, showing=false]
                    se.cambiosys.client.framework.components.CambioMenu[name=null, text=&apos;Bed management&apos;, selected=false, enabled=true, visible=true, showing=true]
                      javax.swing.JPopupMenu[name=null, label=null, enabled=true, visible=false, showing=false]
                        se.cambiosys.client.framework.menueditor.internal.InitializingMenuItem[name=null, text=&apos;Patient search&apos;, selected=false, enabled=true, visible=true, showing=false]
                          se.cambiosys.client.framework.core.internal.CambioShortcutMenuButton[name=null, text=&apos;&apos;, selected=false, enabled=true, visible=true, showing=false]
                        se.cambiosys.client.framework.menueditor.internal.InitializingMenuItem[name=null, text=&apos;Bed reservation overview&apos;, selected=false, enabled=true, visible=true, showing=false]
                          se.cambiosys.client.framework.core.internal.CambioShortcutMenuButton[name=null, text=&apos;&apos;, selected=false, enabled=true, visible=true, showing=false]
                        se.cambiosys.client.framework.menueditor.internal.InitializingMenuItem[name=null, text=&apos;Bed Administration&apos;, selected=false, enabled=true, visible=true, showing=false]
                          se.cambiosys.client.framework.core.internal.CambioShortcutMenuButton[name=null, text=&apos;&apos;, selected=false, enabled=true, visible=true, showing=false]
            se.cambiosys.client.framework.subjectofcare.internal.gui.SOCComponentPanel[name=null]
              se.cambiosys.client.framework.subjectofcare.internal.gui.SOCComponentPanel$1(se.cambiosys.client.framework.components.CambioTabbedPane)[name=&apos;TopTabbedPaneTab&apos;, selectedTabIndex=0, selectedTabTitle=&apos;&apos;, tabCount=2, tabTitles=[&quot;&quot;, &quot;&quot;], enabled=true, visible=true, showing=true
                se.cambiosys.client.framework.patients.internal.gui.PatientSOCPanel[name=&apos;Patient.PatientSOCPanel&apos;]
                  se.cambiosys.client.framework.patients.internal.gui.PatientSOCSearchPanel[name=&apos;Patient.PatientSOCPanel.searchPanel&apos;]
                    se.cambiosys.client.framework.patients.gui.PatientIdentifierNumberTextField[name=&apos;Patient.PatientSOCSearchPanel.numberTextField&apos;, text=&apos;19&apos;, enabled=true, visible=true, showing=true]
                    se.cambiosys.client.framework.components.CambioLabeledTextField[name=&apos;Patient.PatientSOCSearchPanel.nameTextField&apos;, text=&apos;&apos;, enabled=true, visible=true, showing=true]
                    se.cambiosys.client.framework.components.CambioLabeledTextField[name=&apos;Patient.PatientSOCSearchPanel.familyNameTextField&apos;, text=&apos;&apos;, enabled=true, visible=true, showing=true]
                    se.cambiosys.client.framework.subjectofcare.gui.CambioClickablePatientBannerButton[name=&apos;Patient.PatientSOCSearchPanel.searchButton&apos;, text=null, enabled=true, visible=true, showing=true]
                    se.cambiosys.client.framework.components.CambioLabel[name=&apos;Patient.PatientSOCSearchPanel.dummyLabel2&apos;, text=&apos;&apos;, enabled=true, visible=true, showing=true]
                    se.cambiosys.client.framework.subjectofcare.CambioPatientBannerButton[name=&apos;Patient.PatientSOCSearchPanel.clearButton&apos;, text=&apos;Clear&apos;, enabled=true, visible=true, showing=true]
                    se.cambiosys.client.framework.subjectofcare.CambioPatientBannerButton[name=&apos;Patient.PatientSOCSearchPanel.getPatientButton&apos;, text=&apos;Lists&apos;, enabled=true, visible=true, showing=true]
                  se.cambiosys.client.framework.patients.internal.gui.PatientSOCSelectedPanel[name=&apos;Patient.PatientSOCPanel.selectedPanel&apos;]
                    se.cambiosys.client.framework.components.CambioLabel[name=&apos;Patients.PatientSOCSelectedPanel.PatientSOCSelectedPanel&apos;, text=&apos;&apos;, enabled=true, visible=true, showing=false]
                    se.cambiosys.client.framework.components.CambioPanel[name=&apos;Patients.PatientSOCSelectedPanel.PatientSOCSelectedPanel&apos;]
                      se.cambio.attentionsignal.plugin.AttentionSignalSoCListPlugin[name=null]
                        se.cambiosys.client.framework.components.CambioPanel[name=null]
                          se.cambiosys.client.framework.components.CambioPanel[name=null]
                            se.cambio.attentionsignal.icons.BusyIconLabel[name=null, text=&apos;&apos;, enabled=true, visible=true, showing=false]
                          se.cambiosys.client.framework.components.CambioPanel[name=null]
                            se.cambio.attentionsignal.component.view.AbstractAttentionSignalIconView$2(se.cambiosys.client.framework.components.CambioLabel)[name=&apos;Table.cellRenderer&apos;, text=&apos;&apos;, enabled=true, visible=true, showing=false]
                    se.cambiosys.client.framework.subjectofcare.internal.gui.PatientDetailsPanel[name=&apos;Patients.PatientSOCSelectedPanel.PatientSOCSelectedPanel&apos;]
                      se.cambiosys.client.framework.components.CambioPanel[name=&apos;Subjectofcare.PatientDetailsPanel.endPanel&apos;]
                        se.cambiosys.client.framework.components.CambioLabel[name=&apos;Subjectofcare.PatientDetailsPanel.ageLabel&apos;, text=&apos;&apos;, enabled=true, visible=true, showing=false]
                        se.cambiosys.client.framework.subjectofcare.internal.gui.PatientPluginLoadingPanel[name=null]
                          se.cambiosys.client.framework.patients.internal.gui.PatientSOCLoadingPanel[name=null]
                            org.jdesktop.swingx.JXBusyLabel[name=null, text=&apos;&apos;, enabled=true, visible=true, showing=false]
                          se.cambiosys.client.framework.components.CambioPanel[name=&apos;Patients.PatientSOCSelectedPanel.PatientSOCSelectedPanel&apos;]
                            se.cambiosys.client.framework.components.CambioPanel[name=&apos;Patients.PatientSOCSelectedPanel.PatientSOCSelectedPanel&apos;]
                            se.cambiosys.client.framework.components.CambioPanel[name=&apos;Patients.PatientSOCSelectedPanel.PatientSOCSelectedPanel&apos;]
                              se.cambiosys.client.framework.patients.internal.gui.patientbannerplugins.SexPatientBannerPlugin[name=&apos;Table.cellRenderer&apos;, text=&apos;&apos;, enabled=true, visible=true, showing=false]
                              se.cambiosys.client.framework.components.CambioLabel[name=&apos;Patient.PatientCommunicationBannerPlugin.bannerLabel&apos;, text=&apos;&apos;, enabled=true, visible=true, showing=false]
                              se.cambiosys.client.membership.plugin.patient.MembershipPatientBannerPlugin[name=&apos;Table.cellRenderer&apos;, text=&apos;&apos;, enabled=true, visible=true, showing=false]
                              se.cambiosys.client.framework.patients.internal.gui.patientbannerplugins.ConnectedPatientButtonPlugin[name=null, text=&apos;&apos;, enabled=true, visible=false, showing=false]
                              se.cambiosys.client.framework.patients.internal.gui.patientbannerplugins.MotherChildPatientBannerPlugin[name=&apos;Patients.PatientBannerPlugins.MotherChildPatientBannerPlugin&apos;, text=&apos;&apos;, enabled=true, visible=true, showing=false]
                              se.cambiosys.client.patientlist.mylist.comment.AddToMyListPatientBannerPlugin[name=null, text=&apos;&apos;, enabled=false, visible=true, showing=false]
                              se.cambiosys.client.framework.patients.internal.gui.patientbannerplugins.InfoClassedButtonPlugin[name=null, text=&apos;&apos;, enabled=true, visible=false, showing=false]
                              se.cambiosys.client.countermodule.patientbannerplugins.ongoingcontact.OngoingContactPatientBannerComponent[name=null]
                                se.cambiosys.client.countermodule.patientbannerplugins.ongoingcontact.PatientBannerContactButton[name=null, text=&apos;&apos;, enabled=true, visible=false, showing=false]
                                se.cambiosys.client.countermodule.patientbannerplugins.ongoingcontact.PatientBannerContactButton[name=null, text=&apos;&apos;, enabled=true, visible=false, showing=false]
                                se.cambiosys.client.countermodule.patientbannerplugins.ongoingcontact.PatientBannerContactButton[name=null, text=&apos;&apos;, enabled=true, visible=false, showing=false]
                                se.cambiosys.client.countermodule.patientbannerplugins.ongoingcontact.PatientBannerContactButton[name=null, text=&apos;&apos;, enabled=true, visible=false, showing=false]
                                se.cambiosys.client.countermodule.patientbannerplugins.ongoingcontact.PatientBannerContactButton[name=null, text=&apos;&apos;, enabled=true, visible=false, showing=false]
                              se.cambiosys.client.psychiatricmodule.patientbannerplugins.CareTypePatientBannerPlugin[name=null]
                              se.cambio.link.client.linkcase.patientbanner.view.LinkCasePatientBannerComponent[name=null, text=&apos;&apos;, enabled=true, visible=false, showing=false]
                              se.cambio.client.cds.adaptor.gui.CdsPatientBannerButton[name=&apos;CambioClickablePatientBannerButton_cdsPatientBannerButton&apos;, text=&apos;&apos;, enabled=true, visible=false, showing=false]
                      se.cambiosys.client.framework.components.CambioLabel[name=&apos;Subjectofcare.PatientDetailsPanel.identifierLabel&apos;, text=&apos;&apos;, enabled=true, visible=true, showing=false]
                      se.cambiosys.client.framework.components.CambioTextPane[name=&apos;Subjectofcare.PatientDetailsPanel.namePanel&apos;, text=&apos;&apos;, enabled=true, visible=false, showing=false]
                      se.cambiosys.client.framework.components.CambioTextPane[name=&apos;Subjectofcare.PatientDetailsPanel.namePanelTruncated&apos;, text=&apos;&apos;, enabled=true, visible=true, showing=false]
                      se.cambiosys.client.framework.components.CambioLabel[name=&apos;Table.cellRenderer&apos;, text=&apos;&apos;, enabled=true, visible=false, showing=false]
                    se.cambiosys.client.framework.components.CambioPanel[name=null]
                    se.cambiosys.client.framework.subjectofcare.CambioPatientBannerButton[name=&apos;Patients.PatientSOCSelectedPanel.PatientSOCSelectedPanel&apos;, text=&apos;Clear&apos;, enabled=true, visible=true, showing=false]
                    se.cambiosys.client.framework.subjectofcare.CambioPatientBannerButton[name=null, text=&apos;Lists&apos;, enabled=true, visible=true, showing=false]
                    se.cambiosys.client.framework.subjectofcare.CambioPatientBannerButton[name=&apos;Patients.PatientSOCSelectedPanel.PatientSOCSelectedPanel&apos;, text=&apos;&apos;, enabled=true, visible=true, showing=false]
                se.cambiosys.client.framework.subjectofcare.internal.group.gui.GroupSOCPanel[name=null]
                  se.cambiosys.client.framework.subjectofcare.internal.group.gui.GroupSOCSearchPanel[name=&apos;Subjectofcare.GroupSOCPanel.searchPanel&apos;]
                    se.cambiosys.client.framework.components.CambioSelectionComboBox[name=&apos;Subjectofcare.GroupSOCSearchPanel.careUnitSelectionComboBox&apos;, selectedItem=null, contents=[], editable=false, enabled=true, visible=true, showing=false]
                      javax.swing.plaf.synth.SynthArrowButton[name=&apos;ComboBox.arrowButton&apos;, text=&apos;&apos;, enabled=true, visible=true, showing=false]
                      javax.swing.CellRendererPane[,0,0,0x0,hidden]
                    se.cambiosys.client.framework.components.CambioSelectionComboBox[name=&apos;Subjectofcare.GroupSOCSearchPanel.careGiverSelectionComboBox&apos;, selectedItem=null, contents=[], editable=false, enabled=true, visible=true, showing=false]
                      javax.swing.plaf.synth.SynthArrowButton[name=&apos;ComboBox.arrowButton&apos;, text=&apos;&apos;, enabled=true, visible=true, showing=false]
                      javax.swing.CellRendererPane[,0,0,0x0,hidden]
                    se.cambiosys.client.framework.components.CambioLabeledTextField[name=&apos;Subjectofcare.GroupSOCSearchPanel.groupNameTextField&apos;, text=&apos;&apos;, enabled=true, visible=true, showing=false]
                    se.cambiosys.client.framework.subjectofcare.gui.CambioClickablePatientBannerButton[name=&apos;Subjectofcare.GroupSOCSearchPanel.searchButton&apos;, text=null, enabled=true, visible=true, showing=false]
                    se.cambiosys.client.framework.subjectofcare.CambioPatientBannerButton[name=&apos;Subjectofcare.GroupSOCSearchPanel.clearButton&apos;, text=&apos;Clear&apos;, enabled=true, visible=true, showing=false]
                  se.cambiosys.client.framework.subjectofcare.internal.group.gui.GroupSOCSelectedPanel[name=&apos;Subjectofcare.GroupSOCPanel.selectedPanel&apos;]
                    se.cambiosys.client.framework.components.CambioLabel[name=&apos;SubjectGroupSOCSelectedPanel.detailLabel&apos;, text=&apos;&apos;, enabled=true, visible=true, showing=false]
                    se.cambiosys.client.framework.subjectofcare.internal.group.gui.GroupDetailsPanel[name=&apos;SubjectGroupSOCSelectedPanel.groupDetailsPanel&apos;]
                      se.cambiosys.client.framework.components.CambioLabel[name=&apos;Subjectofcare.GroupDetailsPanel.groupSizeLabel&apos;, text=&apos;&apos;, enabled=true, visible=true, showing=false]
                      se.cambiosys.client.framework.components.CambioLabel[name=&apos;Subjectofcare.GroupDetailsPanel.groupNameLabel&apos;, text=&apos;&apos;, enabled=true, visible=true, showing=false]
                      se.cambiosys.client.framework.components.CambioLabel[name=&apos;Subjectofcare.GroupDetailsPanel.dummyLabel&apos;, text=&apos;&apos;, enabled=true, visible=true, showing=false]
                    se.cambiosys.client.framework.subjectofcare.CambioPatientBannerButton[name=&apos;SubjectGroupSOCSelectedPanel.clearButton&apos;, text=&apos;Clear&apos;, enabled=true, visible=true, showing=false]
                    se.cambiosys.client.framework.subjectofcare.CambioPatientBannerButton[name=&apos;SubjectGroupSOCSelectedPanel.toggleButton&apos;, text=&apos;&apos;, enabled=true, visible=true, showing=false]
            se.cambiosys.client.framework.core.internal.gui.SecurityStatusComponent[name=null]
          se.cambiosys.client.framework.components.CambioSplitPane[,0,62,2880x1469,invalid,layout=javax.swing.plaf.basic.BasicSplitPaneUI$BasicHorizontalLayoutManager,alignmentX=0.0,alignmentY=0.0,border=javax.swing.plaf.synth.SynthBorder@3d9f4d7e,flags=201326920,maximumSize=,minimumSize=,preferredSize=,continuousLayout=false,dividerSize=2,lastDividerLocation=-1,oneTouchExpandable=false,orientation=HORIZONTAL_SPLIT]
            javax.swing.plaf.synth.SynthSplitPaneDivider[,200,0,2x1469,layout=javax.swing.plaf.basic.BasicSplitPaneDivider$DividerLayout]
            se.cambiosys.client.framework.core.internal.gui.SidebarPanel[name=null]
              se.cambiosys.client.framework.components.CambioPanel[name=null]
                se.cambiosys.client.framework.core.internal.gui.ShortcutContainerPanel[name=null]
                  se.cambiosys.client.framework.components.CambioPanel[name=null]
                    se.cambiosys.client.framework.components.CambioPanel[name=null]
                      javax.swing.JLabel[name=null, text=&apos;MY SHORTCUTS&apos;, enabled=true, visible=true, showing=true]
                    se.cambiosys.client.framework.core.internal.gui.ShortcutContainerPanel$2(se.cambiosys.client.framework.components.CambioPanel)[name=null]
                  se.cambiosys.client.framework.components.CambioPanel[name=null]
                    se.cambiosys.client.framework.components.CambioScrollPane[name=null, enabled=true, visible=true, showing=true]
                      javax.swing.JViewport[,0,0,191x663,layout=javax.swing.ViewportLayout,alignmentX=0.0,alignmentY=0.0,border=,flags=25165832,maximumSize=,minimumSize=,preferredSize=,isViewSizeSet=true,lastPaintPosition=java.awt.Point[x=0,y=0],scrollUnderway=false]
                        se.cambiosys.client.framework.core.internal.gui.ScrollableContainerPanel[name=null]
                          se.cambiosys.client.framework.core.internal.gui.OpenedWindowPanel[name=null]
                            se.cambiosys.client.framework.core.internal.gui.OpenedWindowPanel$2(javax.swing.JToggleButton)[name=null, text=&apos;Order&apos;, selected=false, enabled=false, visible=true, showing=true]
                            se.cambiosys.client.framework.components.CambioPanel[name=null]
                              javax.swing.JButton[name=null, text=&apos;&apos;, enabled=false, visible=false, showing=false]
                      javax.swing.JScrollPane$ScrollBar[name=null, value=0, blockIncrement=10, minimum=0, maximum=663, enabled=true, visible=false, showing=false]
                        javax.swing.plaf.synth.SynthScrollBarUI$2(javax.swing.plaf.synth.SynthArrowButton)[name=&apos;ScrollBar.button&apos;, text=&apos;&apos;, enabled=true, visible=true, showing=false]
                        javax.swing.plaf.synth.SynthScrollBarUI$1(javax.swing.plaf.synth.SynthArrowButton)[name=&apos;ScrollBar.button&apos;, text=&apos;&apos;, enabled=true, visible=true, showing=false]
                      javax.swing.JScrollPane$ScrollBar[name=null, value=0, blockIncrement=10, minimum=0, maximum=191, enabled=true, visible=false, showing=false]
                        javax.swing.plaf.synth.SynthScrollBarUI$2(javax.swing.plaf.synth.SynthArrowButton)[name=&apos;ScrollBar.button&apos;, text=&apos;&apos;, enabled=true, visible=true, showing=false]
                        javax.swing.plaf.synth.SynthScrollBarUI$1(javax.swing.plaf.synth.SynthArrowButton)[name=&apos;ScrollBar.button&apos;, text=&apos;&apos;, enabled=true, visible=true, showing=false]
                    se.cambiosys.client.framework.core.internal.gui.ShortcutContainerPanel$1(se.cambiosys.client.framework.components.CambioPanel)[name=null]
                se.cambiosys.client.framework.components.CambioPanel[name=null]
                  javax.swing.JSeparator[,0,0,191x3,alignmentX=0.0,alignmentY=0.0,border=javax.swing.plaf.synth.SynthBorder@64c4e2a9,flags=0,maximumSize=,minimumSize=,preferredSize=,orientation=HORIZONTAL]
                  se.cambiosys.client.framework.core.internal.gui.SidebarPanel$1(se.cambiosys.client.framework.components.CambioPanel)[name=null]
                se.cambiosys.client.framework.core.internal.gui.OpenedWindowsContainerPanel[name=null]
                  se.cambiosys.client.framework.components.CambioPanel[name=null]
                    se.cambiosys.client.framework.components.CambioScrollPane[name=null, enabled=true, visible=true, showing=true]
                      javax.swing.JViewport[,0,0,191x640,layout=javax.swing.ViewportLayout,alignmentX=0.0,alignmentY=0.0,border=,flags=25165832,maximumSize=,minimumSize=,preferredSize=,isViewSizeSet=true,lastPaintPosition=java.awt.Point[x=0,y=0],scrollUnderway=false]
                        se.cambiosys.client.framework.core.internal.gui.ScrollableContainerPanel[name=null]
                      javax.swing.JScrollPane$ScrollBar[name=null, value=0, blockIncrement=10, minimum=0, maximum=640, enabled=true, visible=false, showing=false]
                        javax.swing.plaf.synth.SynthScrollBarUI$2(javax.swing.plaf.synth.SynthArrowButton)[name=&apos;ScrollBar.button&apos;, text=&apos;&apos;, enabled=true, visible=true, showing=false]
                        javax.swing.plaf.synth.SynthScrollBarUI$1(javax.swing.plaf.synth.SynthArrowButton)[name=&apos;ScrollBar.button&apos;, text=&apos;&apos;, enabled=true, visible=true, showing=false]
                      javax.swing.JScrollPane$ScrollBar[name=null, value=0, blockIncrement=10, minimum=0, maximum=191, enabled=true, visible=false, showing=false]
                        javax.swing.plaf.synth.SynthScrollBarUI$2(javax.swing.plaf.synth.SynthArrowButton)[name=&apos;ScrollBar.button&apos;, text=&apos;&apos;, enabled=true, visible=true, showing=false]
                        javax.swing.plaf.synth.SynthScrollBarUI$1(javax.swing.plaf.synth.SynthArrowButton)[name=&apos;ScrollBar.button&apos;, text=&apos;&apos;, enabled=true, visible=true, showing=false]
                    se.cambiosys.client.framework.core.internal.gui.OpenedWindowsContainerPanel$1(se.cambiosys.client.framework.components.CambioPanel)[name=null]
                  se.cambiosys.client.framework.components.CambioPanel[name=null]
                    se.cambiosys.client.framework.components.CambioCheckBox[name=null, text=&apos;Keep windows&apos;, selected=true, enabled=true, visible=true, showing=true]
                    se.cambiosys.client.framework.core.internal.multimonitor.MultiMonitorComponent[name=null, text=&apos;&apos;, enabled=true, visible=true, showing=true]
              se.cambiosys.client.framework.components.notification.plugin.gui.NotificationPluginComponent[name=null]
                se.cambiosys.client.framework.components.progress.CambioBusyLabel[name=null, text=&apos;&apos;, enabled=true, visible=true, showing=true]
              se.cambiosys.client.framework.core.internal.gui.SideBarBottomPanel[name=null]
                se.cambiosys.client.framework.subjectofcare.gui.CambioClickablePatientBannerButton[name=null, text=&apos;&apos;, enabled=true, visible=true, showing=true]
                se.cambiosys.client.framework.subjectofcare.gui.CambioClickablePatientBannerButton[name=null, text=&apos;&apos;, enabled=true, visible=true, showing=true]
                se.cambiosys.client.framework.subjectofcare.gui.CambioClickablePatientBannerButton[name=null, text=&apos;&apos;, enabled=true, visible=true, showing=true]
                se.cambiosys.client.framework.subjectofcare.gui.CambioClickablePatientBannerButton[name=null, text=&apos;&apos;, enabled=true, visible=true, showing=true]
                se.cambiosys.client.framework.components.CambioLabel[name=&apos;Table.cellRenderer&apos;, text=&apos;&apos;, enabled=true, visible=true, showing=true]
            se.cambiosys.client.framework.components.CambioDesktopPane[]
              javax.swing.JLabel[name=null, text=&apos;&apos;, enabled=true, visible=true, showing=true]
        se.cambiosys.client.framework.core.internal.gui.ScreenSaverPanel[name=null]
          se.cambiosys.client.framework.components.CambioLabel[name=&apos;Table.cellRenderer&apos;, text=&apos; &apos;, enabled=true, visible=true, showing=false]
        se.cambiosys.client.framework.core.internal.gui.ScreenSaverLoginPanel[name=null]
        se.cambiosys.client.framework.core.internal.gui.NoPermissionPanel[name=null]
          se.cambiosys.client.framework.core.internal.gui.NoPermissionPanel$1(javax.swing.JPanel)[name=null]
            se.cambiosys.client.framework.components.CambioPanel[name=null]
              se.cambiosys.client.framework.core.internal.gui.NoPermissionPanel$3(se.cambiosys.client.framework.components.CambioLabel)[name=&apos;Table.cellRenderer&apos;, text=&apos;or if the user is inactivated by the system administrator. Click OK to login again.&apos;, enabled=true, visible=true, showing=false]
              se.cambiosys.client.framework.components.CambioPanel[name=null]
              se.cambiosys.client.framework.components.CambioButton[name=null, text=&apos;OK&apos;, enabled=true, visible=true, showing=false]
              se.cambiosys.client.framework.core.internal.gui.NoPermissionPanel$2(se.cambiosys.client.framework.components.CambioLabel)[name=&apos;Table.cellRenderer&apos;, text=&apos;You have been logged out from this computer. This happens if the same user log in to another computer&apos;, enabled=true, visible=true, showing=false]
      de.javasoft.plaf.synthetica.SyntheticaTitlePane[name=&apos;RootPane.titlePane&apos;]
        javax.swing.JButton[name=&apos;RootPane.titlePane.menuButton&apos;, text=&apos;&apos;, enabled=true, visible=true, showing=true]
        javax.swing.JLabel[name=&apos;RootPane.title&apos;, text=&apos; &apos;, enabled=true, visible=true, showing=true]
        javax.swing.JLabel[name=&apos;RootPane.menuBar&apos;, text=&apos; &apos;, enabled=true, visible=false, showing=false]
        javax.swing.JButton[name=&apos;RootPane.titlePane.iconifyButton&apos;, text=null, enabled=true, visible=true, showing=true]
        javax.swing.JButton[name=&apos;RootPane.titlePane.toggleButton&apos;, text=null, enabled=true, visible=true, showing=true]
        javax.swing.JButton[name=&apos;RootPane.titlePane.closeButton&apos;, text=null, enabled=true, visible=true, showing=true]
  se.cambiosys.client.framework.subjectofcare.internal.group.gui.GroupSOCSelectedPanel$ExtendedGroupBannerDialog[name=&apos;dialog2&apos;, title=null, enabled=true, modal=false, visible=false, showing=false]
    javax.swing.JRootPane[]
      javax.swing.JPanel[name=&apos;null.glassPane&apos;]
      javax.swing.JLayeredPane[]
        javax.swing.JPanel[name=&apos;null.contentPane&apos;]
          se.cambiosys.client.framework.subjectofcare.internal.group.gui.ExtendedGroupBannerPanel[name=&apos;SubjectGroupSOCSelectedPanel.groupBannerPanel&apos;]
            se.cambiosys.client.framework.components.CambioScrollPane[name=&apos;Subjectofcare.ExtendedGroupBannerPanel.scrollPane&apos;, enabled=true, visible=true, showing=false]
              javax.swing.JViewport[,0,0,0x0,invalid,layout=javax.swing.ViewportLayout,alignmentX=0.0,alignmentY=0.0,border=,flags=25165824,maximumSize=,minimumSize=,preferredSize=,isViewSizeSet=false,lastPaintPosition=,scrollUnderway=false]
                se.cambiosys.client.framework.subjectofcare.internal.group.gui.ExtendedGroupBannerPanel$1(se.cambiosys.client.framework.components.CambioTextPane)[name=&apos;Subjectofcare.ExtendedGroupBannerPanel.textPane&apos;, text=&apos;&lt;html&gt;
  &lt;head&gt;

  &lt;/head&gt;
  &lt;body&gt;
    &lt;p style=&quot;margin-top: 0&quot;&gt;
      
    &lt;/p&gt;
  &lt;/body&gt;
&lt;/html&gt;
&apos;, enabled=true, visible=true, showing=false]
              javax.swing.JScrollPane$ScrollBar[name=null, value=0, blockIncrement=10, minimum=0, maximum=100, enabled=true, visible=true, showing=false]
                javax.swing.plaf.synth.SynthScrollBarUI$2(javax.swing.plaf.synth.SynthArrowButton)[name=&apos;ScrollBar.button&apos;, text=&apos;&apos;, enabled=true, visible=true, showing=false]
                javax.swing.plaf.synth.SynthScrollBarUI$1(javax.swing.plaf.synth.SynthArrowButton)[name=&apos;ScrollBar.button&apos;, text=&apos;&apos;, enabled=true, visible=true, showing=false]
              javax.swing.JScrollPane$ScrollBar[name=null, value=0, blockIncrement=10, minimum=0, maximum=100, enabled=true, visible=true, showing=false]
                javax.swing.plaf.synth.SynthScrollBarUI$2(javax.swing.plaf.synth.SynthArrowButton)[name=&apos;ScrollBar.button&apos;, text=&apos;&apos;, enabled=true, visible=true, showing=false]
                javax.swing.plaf.synth.SynthScrollBarUI$1(javax.swing.plaf.synth.SynthArrowButton)[name=&apos;ScrollBar.button&apos;, text=&apos;&apos;, enabled=true, visible=true, showing=false]
            se.cambiosys.client.framework.components.CambioPanel[name=&apos;Subjectofcare.ExtendedGroupBannerPanel.buttonPanel&apos;]
              se.cambiosys.client.framework.components.CambioButton[name=&apos;Subjectofcare.ExtendedGroupBannerPanel.btnGroupCard&apos;, text=&apos;Group card&apos;, enabled=true, visible=true, showing=false]
  se.cambiosys.client.framework.subjectofcare.internal.gui.ExtendedPatientBannerDialog[name=&apos;Patients.PatientSOCSelectedPanel.PatientSOCSelectedPanel&apos;, title=null, enabled=true, modal=false, visible=false, showing=false]
    javax.swing.JRootPane[]
      javax.swing.JPanel[name=&apos;null.glassPane&apos;]
      javax.swing.JLayeredPane[]
        javax.swing.JPanel[name=&apos;null.contentPane&apos;]
          se.cambiosys.client.framework.subjectofcare.internal.gui.ExtendedPatientBannerPanel[name=&apos;Patients.PatientSOCSelectedPanel.PatientSOCSelectedPanel&apos;]
            se.cambiosys.client.framework.components.CambioScrollPane[name=&apos;Subjectofcare.ExtendedPatientBannerPanel.scrollPane&apos;, enabled=true, visible=true, showing=false]
              javax.swing.JViewport[,0,0,0x0,invalid,layout=javax.swing.ViewportLayout,alignmentX=0.0,alignmentY=0.0,border=,flags=25165824,maximumSize=,minimumSize=,preferredSize=,isViewSizeSet=false,lastPaintPosition=,scrollUnderway=false]
                se.cambiosys.client.framework.subjectofcare.internal.gui.ExtendedPatientBannerPanel$1(se.cambiosys.client.framework.components.CambioTextPane)[name=&apos;Subjectofcare.ExtendedPatientBannerPanel.textPane&apos;, text=&apos;&lt;html&gt;
  &lt;head&gt;

  &lt;/head&gt;
  &lt;body&gt;
    &lt;p style=&quot;margin-top: 0&quot;&gt;
      
    &lt;/p&gt;
  &lt;/body&gt;
&lt;/html&gt;
&apos;, enabled=true, visible=true, showing=false]
              javax.swing.JScrollPane$ScrollBar[name=null, value=0, blockIncrement=10, minimum=0, maximum=100, enabled=true, visible=true, showing=false]
                javax.swing.plaf.synth.SynthScrollBarUI$2(javax.swing.plaf.synth.SynthArrowButton)[name=&apos;ScrollBar.button&apos;, text=&apos;&apos;, enabled=true, visible=true, showing=false]
                javax.swing.plaf.synth.SynthScrollBarUI$1(javax.swing.plaf.synth.SynthArrowButton)[name=&apos;ScrollBar.button&apos;, text=&apos;&apos;, enabled=true, visible=true, showing=false]
              javax.swing.JScrollPane$ScrollBar[name=null, value=0, blockIncrement=10, minimum=0, maximum=100, enabled=true, visible=true, showing=false]
                javax.swing.plaf.synth.SynthScrollBarUI$2(javax.swing.plaf.synth.SynthArrowButton)[name=&apos;ScrollBar.button&apos;, text=&apos;&apos;, enabled=true, visible=true, showing=false]
                javax.swing.plaf.synth.SynthScrollBarUI$1(javax.swing.plaf.synth.SynthArrowButton)[name=&apos;ScrollBar.button&apos;, text=&apos;&apos;, enabled=true, visible=true, showing=false]
            se.cambiosys.client.framework.components.CambioPanel[name=&apos;Subjectofcare.ExtendedPatientBannerPanel.buttonPanel&apos;]
              se.cambiosys.client.framework.components.CambioButton[name=&apos;Subjectofcare.ExtendedPatientBannerPanel.btnPatientCard&apos;, text=&apos;Patient card&apos;, enabled=true, visible=true, showing=false]
" type="java.lang.RuntimeException">java.lang.RuntimeException: se.cambio.test.taf.core.exception.ApplicationException: Unable to find JMenuItem using the specified GenericTypeMatcher. 
Error: Unable to find component using matcher se.cambio.test.taf.element.desktop.elementbase.core.BaseJMenu$2@4215e133.

Component hierarchy:
se.cambiosys.client.framework.core.internal.gui.MainWindow[name=&apos;jframe_main_window&apos;, title=&apos;Prasad Ranasinghe, (PrasadR), Central administrator*The Emergency department*&apos;, enabled=true, visible=true, showing=true]
  javax.swing.JRootPane[]
    se.cambiosys.client.framework.core.internal.gui.MainGlassPane[name=null]
    javax.swing.JLayeredPane[]
      javax.swing.JPanel[name=null]
        javax.swing.JPopupMenu[name=null, label=null, enabled=true, visible=true, showing=true]
          se.cambiosys.client.framework.core.internal.gui.CambioMenuSearchComponent[name=null]
            se.cambiosys.client.framework.components.CambioPanel[name=null]
              javax.swing.JTextField[name=null, text=&apos;&apos;, enabled=true, visible=true, showing=true]
              se.cambiosys.client.framework.components.CambioLabel[name=&apos;Table.cellRenderer&apos;, text=&apos;&apos;, enabled=true, visible=true, showing=true]
              se.cambiosys.client.framework.components.CambioButton[name=null, text=&apos;&apos;, enabled=true, visible=false, showing=false]
          se.cambiosys.client.framework.components.CambioMenu[name=null, text=&apos;Page Object Creator&apos;, selected=false, enabled=true, visible=true, showing=true]
            javax.swing.JPopupMenu[name=null, label=null, enabled=true, visible=false, showing=false]
              se.cambiosys.client.framework.menueditor.internal.InitializingMenuItem[name=null, text=&apos;Loading...&apos;, selected=false, enabled=true, visible=true, showing=false]
                se.cambiosys.client.framework.core.internal.CambioShortcutMenuButton[name=null, text=&apos;&apos;, selected=false, enabled=true, visible=true, showing=false]
          se.cambiosys.client.framework.components.CambioMenu[name=null, text=&apos;Activity&apos;, selected=false, enabled=true, visible=true, showing=true]
            javax.swing.JPopupMenu[name=null, label=null, enabled=true, visible=false, showing=false]
              se.cambiosys.client.framework.menueditor.internal.InitializingMenuItem[name=null, text=&apos;Order&apos;, selected=false, enabled=false, visible=true, showing=false]
                se.cambiosys.client.framework.core.internal.CambioShortcutMenuButton[name=null, text=&apos;&apos;, selected=true, enabled=true, visible=true, showing=false]
              se.cambiosys.client.framework.menueditor.internal.InitializingMenuItem[name=null, text=&apos;Order Administration&apos;, selected=false, enabled=true, visible=true, showing=false]
                se.cambiosys.client.framework.core.internal.CambioShortcutMenuButton[name=null, text=&apos;&apos;, selected=false, enabled=true, visible=true, showing=false]
          se.cambiosys.client.framework.components.CambioMenu[name=null, text=&apos;Patient Generated Care Entries&apos;, selected=false, enabled=true, visible=true, showing=true]
            javax.swing.JPopupMenu[name=null, label=null, enabled=true, visible=false, showing=false]
              se.cambiosys.client.framework.menueditor.internal.InitializingMenuItem[name=null, text=&apos;PG CareEntries Testing Tool&apos;, selected=false, enabled=true, visible=true, showing=false]
                se.cambiosys.client.framework.core.internal.CambioShortcutMenuButton[name=null, text=&apos;&apos;, selected=false, enabled=true, visible=true, showing=false]
          se.cambiosys.client.framework.components.CambioMenu[name=null, text=&apos;Referral&apos;, selected=false, enabled=true, visible=true, showing=true]
            javax.swing.JPopupMenu[name=null, label=null, enabled=true, visible=false, showing=false]
              se.cambiosys.client.framework.menueditor.internal.InitializingMenuItem[name=null, text=&apos;New referral&apos;, selected=false, enabled=true, visible=true, showing=false]
                se.cambiosys.client.framework.core.internal.CambioShortcutMenuButton[name=null, text=&apos;&apos;, selected=false, enabled=true, visible=true, showing=false]
              se.cambiosys.client.framework.menueditor.internal.InitializingMenuItem[name=null, text=&apos;Received referrals&apos;, selected=false, enabled=true, visible=true, showing=false]
                se.cambiosys.client.framework.core.internal.CambioShortcutMenuButton[name=null, text=&apos;&apos;, selected=false, enabled=true, visible=true, showing=false]
              se.cambiosys.client.framework.menueditor.internal.InitializingMenuItem[name=null, text=&apos;Register referral&apos;, selected=false, enabled=true, visible=true, showing=false]
                se.cambiosys.client.framework.core.internal.CambioShortcutMenuButton[name=null, text=&apos;&apos;, selected=false, enabled=true, visible=true, showing=false]
              se.cambiosys.client.framework.menueditor.internal.InitializingMenuItem[name=null, text=&apos;Saved and sent referrals&apos;, selected=false, enabled=true, visible=true, showing=false]
                se.cambiosys.client.framework.core.internal.CambioShortcutMenuButton[name=null, text=&apos;&apos;, selected=false, enabled=true, visible=true, showing=false]
              se.cambiosys.client.framework.menueditor.internal.InitializingMenuItem[name=null, text=&apos;Patient&apos;s list of answers&apos;, selected=false, enabled=true, visible=true, showing=false]
                se.cambiosys.client.framework.core.internal.CambioShortcutMenuButton[name=null, text=&apos;&apos;, selected=false, enabled=true, visible=true, showing=false]
              se.cambiosys.client.framework.components.CambioMenu[name=null, text=&apos;Administration&apos;, selected=false, enabled=true, visible=true, showing=false]
                javax.swing.JPopupMenu[name=null, label=null, enabled=true, visible=false, showing=false]
                  se.cambiosys.client.framework.menueditor.internal.InitializingMenuItem[name=null, text=&apos;Documentation templates&apos;, selected=false, enabled=true, visible=true, showing=false]
                    se.cambiosys.client.framework.core.internal.CambioShortcutMenuButton[name=null, text=&apos;&apos;, selected=false, enabled=true, visible=true, showing=false]
          se.cambiosys.client.framework.components.CambioMenu[name=null, text=&apos;Link&apos;, selected=false, enabled=true, visible=true, showing=true]
            javax.swing.JPopupMenu[name=null, label=null, enabled=true, visible=false, showing=false]
              se.cambiosys.client.framework.menueditor.internal.InitializingMenuItem[name=null, text=&apos;Case overview&apos;, selected=false, enabled=true, visible=true, showing=false]
                se.cambiosys.client.framework.core.internal.CambioShortcutMenuButton[name=null, text=&apos;&apos;, selected=false, enabled=true, visible=true, showing=false]
              se.cambiosys.client.framework.components.CambioMenu[name=null, text=&apos;Administration&apos;, selected=false, enabled=true, visible=true, showing=false]
                javax.swing.JPopupMenu[name=null, label=null, enabled=true, visible=false, showing=false]
                  se.cambiosys.client.framework.menueditor.internal.InitializingMenuItem[name=null, text=&apos;Suggested Admission message receivers&apos;, selected=false, enabled=true, visible=true, showing=false]
                    se.cambiosys.client.framework.core.internal.CambioShortcutMenuButton[name=null, text=&apos;&apos;, selected=false, enabled=true, visible=true, showing=false]
          se.cambiosys.client.framework.components.CambioMenu[name=null, text=&apos;Fluid balance&apos;, selected=false, enabled=true, visible=true, showing=true]
            javax.swing.JPopupMenu[name=null, label=null, enabled=true, visible=false, showing=false]
              se.cambiosys.client.framework.menueditor.internal.InitializingMenuItem[name=null, text=&apos;Fluid Balance&apos;, selected=false, enabled=true, visible=true, showing=false]
                se.cambiosys.client.framework.core.internal.CambioShortcutMenuButton[name=null, text=&apos;&apos;, selected=false, enabled=true, visible=true, showing=false]
          se.cambiosys.client.framework.components.CambioMenu[name=null, text=&apos;Help&apos;, selected=false, enabled=true, visible=true, showing=true]
            javax.swing.JPopupMenu[name=null, label=null, enabled=true, visible=false, showing=false]
              se.cambiosys.client.framework.menueditor.internal.InitializingMenuItem[name=null, text=&apos;About Cambio COSMIC...&apos;, selected=false, enabled=true, visible=true, showing=false]
                se.cambiosys.client.framework.core.internal.CambioShortcutMenuButton[name=null, text=&apos;&apos;, selected=false, enabled=true, visible=true, showing=false]
              se.cambiosys.client.framework.menueditor.internal.InitializingMenuItem[name=null, text=&apos;Help for Cosmic&apos;, selected=false, enabled=true, visible=true, showing=false]
                se.cambiosys.client.framework.core.internal.CambioShortcutMenuButton[name=null, text=&apos;&apos;, selected=false, enabled=true, visible=true, showing=false]
          se.cambiosys.client.framework.components.CambioMenu[name=null, text=&apos;CDS&apos;, selected=false, enabled=true, visible=true, showing=true]
            javax.swing.JPopupMenu[name=null, label=null, enabled=true, visible=false, showing=false]
              se.cambiosys.client.framework.menueditor.internal.InitializingMenuItem[name=null, text=&apos;CDS App Administration&apos;, selected=false, enabled=true, visible=true, showing=false]
                se.cambiosys.client.framework.core.internal.CambioShortcutMenuButton[name=null, text=&apos;&apos;, selected=false, enabled=true, visible=true, showing=false]
              se.cambiosys.client.framework.menueditor.internal.InitializingMenuItem[name=null, text=&apos;Stroke Prevention for Atrial Fibrillation&apos;, selected=false, enabled=true, visible=true, showing=false]
                se.cambiosys.client.framework.core.internal.CambioShortcutMenuButton[name=null, text=&apos;&apos;, selected=false, enabled=true, visible=true, showing=false]
          se.cambiosys.client.framework.components.CambioMenu[name=null, text=&apos;Resource planning&apos;, selected=false, enabled=true, visible=true, showing=true]
            javax.swing.JPopupMenu[name=null, label=null, enabled=true, visible=false, showing=false]
              se.cambiosys.client.framework.menueditor.internal.InitializingMenuItem[name=null, text=&apos;Schedule&apos;, selected=false, enabled=true, visible=true, showing=false]
                se.cambiosys.client.framework.core.internal.CambioShortcutMenuButton[name=null, text=&apos;&apos;, selected=false, enabled=true, visible=true, showing=false]
              se.cambiosys.client.framework.menueditor.internal.InitializingMenuItem[name=null, text=&apos;Schedule groups&apos;, selected=false, enabled=true, visible=true, showing=false]
                se.cambiosys.client.framework.core.internal.CambioShortcutMenuButton[name=null, text=&apos;&apos;, selected=false, enabled=true, visible=true, showing=false]
              se.cambiosys.client.framework.menueditor.internal.InitializingMenuItem[name=null, text=&apos;Schedule overview&apos;, selected=false, enabled=true, visible=true, showing=false]
                se.cambiosys.client.framework.core.internal.CambioShortcutMenuButton[name=null, text=&apos;&apos;, selected=false, enabled=true, visible=true, showing=false]
              se.cambiosys.client.framework.components.CambioMenu[name=null, text=&apos;Administration&apos;, selected=false, enabled=true, visible=true, showing=false]
                javax.swing.JPopupMenu[name=null, label=null, enabled=true, visible=false, showing=false]
                  se.cambiosys.client.framework.menueditor.internal.InitializingMenuItem[name=null, text=&apos;Connect time slot services&apos;, selected=false, enabled=true, visible=true, showing=false]
                    se.cambiosys.client.framework.core.internal.CambioShortcutMenuButton[name=null, text=&apos;&apos;, selected=false, enabled=true, visible=true, showing=false]
                  se.cambiosys.client.framework.components.CambioMenu[name=null, text=&apos;Scheme&apos;, selected=false, enabled=true, visible=true, showing=false]
                    javax.swing.JPopupMenu[name=null, label=null, enabled=true, visible=false, showing=false]
                      se.cambiosys.client.framework.menueditor.internal.InitializingMenuItem[name=null, text=&apos;Services scheme&apos;, selected=false, enabled=true, visible=true, showing=false]
                        se.cambiosys.client.framework.core.internal.CambioShortcutMenuButton[name=null, text=&apos;&apos;, selected=false, enabled=true, visible=true, showing=false]
                      se.cambiosys.client.framework.menueditor.internal.InitializingMenuItem[name=null, text=&apos;Scheme templates&apos;, selected=false, enabled=true, visible=true, showing=false]
                        se.cambiosys.client.framework.core.internal.CambioShortcutMenuButton[name=null, text=&apos;&apos;, selected=false, enabled=true, visible=true, showing=false]
                      se.cambiosys.client.framework.menueditor.internal.InitializingMenuItem[name=null, text=&apos;Resource&apos;s scheme&apos;, selected=false, enabled=true, visible=true, showing=false]
                        se.cambiosys.client.framework.core.internal.CambioShortcutMenuButton[name=null, text=&apos;&apos;, selected=false, enabled=true, visible=true, showing=false]
                  se.cambiosys.client.framework.components.CambioMenu[name=null, text=&apos;Staffing&apos;, selected=false, enabled=true, visible=true, showing=false]
                    javax.swing.JPopupMenu[name=null, label=null, enabled=true, visible=false, showing=false]
                      se.cambiosys.client.framework.menueditor.internal.InitializingMenuItem[name=null, text=&apos;Allocate resources - Services scheme&apos;, selected=false, enabled=true, visible=true, showing=false]
                        se.cambiosys.client.framework.core.internal.CambioShortcutMenuButton[name=null, text=&apos;&apos;, selected=false, enabled=true, visible=true, showing=false]
                      se.cambiosys.client.framework.menueditor.internal.InitializingMenuItem[name=null, text=&apos;Allocate resources - Scheme templates&apos;, selected=false, enabled=true, visible=true, showing=false]
                        se.cambiosys.client.framework.core.internal.CambioShortcutMenuButton[name=null, text=&apos;&apos;, selected=false, enabled=true, visible=true, showing=false]
                      se.cambiosys.client.framework.menueditor.internal.InitializingMenuItem[name=null, text=&apos;Services missing resources&apos;, selected=false, enabled=true, visible=true, showing=false]
                        se.cambiosys.client.framework.core.internal.CambioShortcutMenuButton[name=null, text=&apos;&apos;, selected=false, enabled=true, visible=true, showing=false]
              se.cambiosys.client.framework.menueditor.internal.InitializingMenuItem[name=null, text=&apos;Planned activities&apos;, selected=false, enabled=true, visible=true, showing=false]
                se.cambiosys.client.framework.core.internal.CambioShortcutMenuButton[name=null, text=&apos;&apos;, selected=false, enabled=true, visible=true, showing=false]
              se.cambiosys.client.framework.menueditor.internal.InitializingMenuItem[name=null, text=&apos;Planning form&apos;, selected=false, enabled=true, visible=true, showing=false]
                se.cambiosys.client.framework.core.internal.CambioShortcutMenuButton[name=null, text=&apos;&apos;, selected=false, enabled=true, visible=true, showing=false]
              se.cambiosys.client.framework.menueditor.internal.InitializingMenuItem[name=null, text=&apos;Light planning form&apos;, selected=false, enabled=true, visible=true, showing=false]
                se.cambiosys.client.framework.core.internal.CambioShortcutMenuButton[name=null, text=&apos;&apos;, selected=false, enabled=true, visible=true, showing=false]
          se.cambiosys.client.framework.components.CambioMenu[name=null, text=&apos;Activity handling&apos;, selected=false, enabled=true, visible=true, showing=true]
            javax.swing.JPopupMenu[name=null, label=null, enabled=true, visible=false, showing=false]
              se.cambiosys.client.framework.menueditor.internal.InitializingMenuItem[name=null, text=&apos;Activity handler&apos;, selected=false, enabled=true, visible=true, showing=false]
                se.cambiosys.client.framework.core.internal.CambioShortcutMenuButton[name=null, text=&apos;&apos;, selected=false, enabled=true, visible=true, showing=false]
              se.cambiosys.client.framework.components.CambioMenu[name=null, text=&apos;Administration&apos;, selected=false, enabled=true, visible=true, showing=false]
                javax.swing.JPopupMenu[name=null, label=null, enabled=true, visible=false, showing=false]
                  se.cambiosys.client.framework.menueditor.internal.InitializingMenuItem[name=null, text=&apos;Configuration of Activity plans&apos;, selected=false, enabled=true, visible=true, showing=false]
                    se.cambiosys.client.framework.core.internal.CambioShortcutMenuButton[name=null, text=&apos;&apos;, selected=false, enabled=true, visible=true, showing=false]
                  se.cambiosys.client.framework.menueditor.internal.InitializingMenuItem[name=null, text=&apos;Configuration of activity plan activation&apos;, selected=false, enabled=true, visible=true, showing=false]
                    se.cambiosys.client.framework.core.internal.CambioShortcutMenuButton[name=null, text=&apos;&apos;, selected=false, enabled=true, visible=true, showing=false]
          se.cambiosys.client.framework.components.CambioMenu[name=null, text=&apos;Drugs&apos;, selected=false, enabled=true, visible=true, showing=true]
            javax.swing.JPopupMenu[name=null, label=null, enabled=true, visible=false, showing=false]
              se.cambiosys.client.framework.menueditor.internal.InitializingMenuItem[name=null, text=&apos;Appliance&apos;, selected=false, enabled=true, visible=true, showing=false]
                se.cambiosys.client.framework.core.internal.CambioShortcutMenuButton[name=null, text=&apos;&apos;, selected=false, enabled=true, visible=true, showing=false]
              se.cambiosys.client.framework.menueditor.internal.InitializingMenuItem[name=null, text=&apos;Prescription&apos;, selected=false, enabled=true, visible=true, showing=false]
                se.cambiosys.client.framework.core.internal.CambioShortcutMenuButton[name=null, text=&apos;&apos;, selected=false, enabled=true, visible=true, showing=false]
              se.cambiosys.client.framework.menueditor.internal.InitializingMenuItem[name=null, text=&apos;R8.0 List of medications&apos;, selected=false, enabled=true, visible=true, showing=false]
                se.cambiosys.client.framework.core.internal.CambioShortcutMenuButton[name=null, text=&apos;&apos;, selected=false, enabled=true, visible=true, showing=false]
              se.cambiosys.client.framework.components.CambioMenu[name=null, text=&apos;Administration&apos;, selected=false, enabled=true, visible=true, showing=false]
                javax.swing.JPopupMenu[name=null, label=null, enabled=true, visible=false, showing=false]
                  se.cambiosys.client.framework.menueditor.internal.InitializingMenuItem[name=null, text=&apos;Sent E-prescriptions&apos;, selected=false, enabled=true, visible=true, showing=false]
                    se.cambiosys.client.framework.core.internal.CambioShortcutMenuButton[name=null, text=&apos;&apos;, selected=false, enabled=true, visible=true, showing=false]
              se.cambiosys.client.framework.menueditor.internal.InitializingMenuItem[name=null, text=&apos;Warnings, cautions and infected blood&apos;, selected=false, enabled=false, visible=true, showing=false]
                se.cambiosys.client.framework.core.internal.CambioShortcutMenuButton[name=null, text=&apos;&apos;, selected=false, enabled=true, visible=true, showing=false]
              se.cambiosys.client.framework.menueditor.internal.InitializingMenuItem[name=null, text=&apos;Medical administration record&apos;, selected=false, enabled=true, visible=true, showing=false]
                se.cambiosys.client.framework.core.internal.CambioShortcutMenuButton[name=null, text=&apos;&apos;, selected=false, enabled=true, visible=true, showing=false]
              se.cambiosys.client.framework.menueditor.internal.InitializingMenuItem[name=null, text=&apos;Decision about medication at admission&apos;, selected=false, enabled=true, visible=true, showing=false]
                se.cambiosys.client.framework.core.internal.CambioShortcutMenuButton[name=null, text=&apos;&apos;, selected=false, enabled=true, visible=true, showing=false]
          se.cambiosys.client.framework.components.CambioMenu[name=null, text=&apos;Concept&apos;, selected=false, enabled=true, visible=true, showing=true]
            javax.swing.JPopupMenu[name=null, label=null, enabled=true, visible=false, showing=false]
              se.cambiosys.client.framework.menueditor.internal.InitializingMenuItem[name=null, text=&apos;Terminology binding configuration&apos;, selected=false, enabled=true, visible=true, showing=false]
                se.cambiosys.client.framework.core.internal.CambioShortcutMenuButton[name=null, text=&apos;&apos;, selected=false, enabled=true, visible=true, showing=false]
          se.cambiosys.client.framework.components.CambioMenu[name=null, text=&apos;Block Administration&apos;, selected=false, enabled=true, visible=true, showing=true]
            javax.swing.JPopupMenu[name=null, label=null, enabled=true, visible=false, showing=false]
              se.cambiosys.client.framework.menueditor.internal.InitializingMenuItem[name=null, text=&apos;Block Administration&apos;, selected=false, enabled=true, visible=true, showing=false]
                se.cambiosys.client.framework.core.internal.CambioShortcutMenuButton[name=null, text=&apos;&apos;, selected=false, enabled=true, visible=true, showing=false]
          se.cambiosys.client.framework.components.CambioMenu[name=null, text=&apos;Overviews&apos;, selected=false, enabled=true, visible=true, showing=true]
            javax.swing.JPopupMenu[name=null, label=null, enabled=true, visible=false, showing=false]
              se.cambiosys.client.framework.menueditor.internal.InitializingMenuItem[name=null, text=&apos;Unsigned and Unacknowledged&apos;, selected=false, enabled=true, visible=true, showing=false]
                se.cambiosys.client.framework.core.internal.CambioShortcutMenuButton[name=null, text=&apos;&apos;, selected=false, enabled=true, visible=true, showing=false]
              se.cambiosys.client.framework.components.CambioMenu[name=null, text=&apos;Unit overviews&apos;, selected=false, enabled=true, visible=true, showing=false]
                javax.swing.JPopupMenu[name=null, label=null, enabled=true, visible=false, showing=false]
                  se.cambiosys.client.framework.menueditor.internal.InitializingMenuItem[name=null, text=&apos;Services&apos;, selected=false, enabled=true, visible=true, showing=false]
                    se.cambiosys.client.framework.core.internal.CambioShortcutMenuButton[name=null, text=&apos;&apos;, selected=false, enabled=true, visible=true, showing=false]
                  se.cambiosys.client.framework.menueditor.internal.InitializingMenuItem[name=null, text=&apos;Commitment&apos;, selected=false, enabled=true, visible=true, showing=false]
                    se.cambiosys.client.framework.core.internal.CambioShortcutMenuButton[name=null, text=&apos;&apos;, selected=false, enabled=true, visible=true, showing=false]
                  se.cambiosys.client.framework.menueditor.internal.InitializingMenuItem[name=null, text=&apos;Admission overview&apos;, selected=false, enabled=true, visible=true, showing=false]
                    se.cambiosys.client.framework.core.internal.CambioShortcutMenuButton[name=null, text=&apos;&apos;, selected=false, enabled=true, visible=true, showing=false]
                  se.cambiosys.client.framework.menueditor.internal.InitializingMenuItem[name=null, text=&apos;Loading...&apos;, selected=false, enabled=true, visible=true, showing=false]
                    se.cambiosys.client.framework.core.internal.CambioShortcutMenuButton[name=null, text=&apos;&apos;, selected=false, enabled=true, visible=true, showing=false]
                  se.cambiosys.client.framework.menueditor.internal.InitializingMenuItem[name=null, text=&apos;Loading...&apos;, selected=false, enabled=true, visible=true, showing=false]
                    se.cambiosys.client.framework.core.internal.CambioShortcutMenuButton[name=null, text=&apos;&apos;, selected=false, enabled=true, visible=true, showing=false]
              se.cambiosys.client.framework.menueditor.internal.InitializingMenuItem[name=null, text=&apos;Visit Overview&apos;, selected=false, enabled=true, visible=true, showing=false]
                se.cambiosys.client.framework.core.internal.CambioShortcutMenuButton[name=null, text=&apos;&apos;, selected=false, enabled=true, visible=true, showing=false]
              se.cambiosys.client.framework.menueditor.internal.InitializingMenuItem[name=null, text=&apos;Clinical overview - OP&apos;, selected=false, enabled=true, visible=true, showing=false]
                se.cambiosys.client.framework.core.internal.CambioShortcutMenuButton[name=null, text=&apos;&apos;, selected=false, enabled=true, visible=true, showing=false]
              se.cambiosys.client.framework.menueditor.internal.InitializingMenuItem[name=null, text=&apos;Clinical overview - IP&apos;, selected=false, enabled=true, visible=true, showing=false]
                se.cambiosys.client.framework.core.internal.CambioShortcutMenuButton[name=null, text=&apos;&apos;, selected=false, enabled=true, visible=true, showing=false]
              se.cambiosys.client.framework.menueditor.internal.InitializingMenuItem[name=null, text=&apos;Process view&apos;, selected=false, enabled=true, visible=true, showing=false]
                se.cambiosys.client.framework.core.internal.CambioShortcutMenuButton[name=null, text=&apos;&apos;, selected=false, enabled=true, visible=true, showing=false]
              se.cambiosys.client.framework.menueditor.internal.InitializingMenuItem[name=null, text=&apos;Dynamic overviews - Administration&apos;, selected=false, enabled=true, visible=true, showing=false]
                se.cambiosys.client.framework.core.internal.CambioShortcutMenuButton[name=null, text=&apos;&apos;, selected=false, enabled=true, visible=true, showing=false]
              se.cambiosys.client.framework.components.CambioMenu[name=null, text=&apos;Dynamic overviews&apos;, selected=false, enabled=true, visible=true, showing=false]
                javax.swing.JPopupMenu[name=null, label=null, enabled=true, visible=false, showing=false]
                  se.cambiosys.client.overviewmodule.Module$8(se.cambiosys.client.framework.components.CambioMenuItem)[name=null, text=&apos;All views*&apos;, selected=false, enabled=true, visible=true, showing=false]
                    se.cambiosys.client.framework.core.internal.CambioShortcutMenuButton[name=null, text=&apos;&apos;, selected=false, enabled=true, visible=true, showing=false]
                  se.cambiosys.client.overviewmodule.Module$8(se.cambiosys.client.framework.components.CambioMenuItem)[name=null, text=&apos;Doctor*&apos;, selected=false, enabled=true, visible=true, showing=false]
                    se.cambiosys.client.framework.core.internal.CambioShortcutMenuButton[name=null, text=&apos;&apos;, selected=false, enabled=true, visible=true, showing=false]
                  se.cambiosys.client.overviewmodule.Module$8(se.cambiosys.client.framework.components.CambioMenuItem)[name=null, text=&apos;Inpatient*&apos;, selected=false, enabled=true, visible=true, showing=false]
                    se.cambiosys.client.framework.core.internal.CambioShortcutMenuButton[name=null, text=&apos;&apos;, selected=false, enabled=true, visible=true, showing=false]
                  se.cambiosys.client.overviewmodule.Module$8(se.cambiosys.client.framework.components.CambioMenuItem)[name=null, text=&apos;Patient*&apos;, selected=false, enabled=true, visible=true, showing=false]
                    se.cambiosys.client.framework.core.internal.CambioShortcutMenuButton[name=null, text=&apos;&apos;, selected=false, enabled=true, visible=true, showing=false]
              se.cambiosys.client.framework.menueditor.internal.InitializingMenuItem[name=null, text=&apos;Patient Overview&apos;, selected=false, enabled=true, visible=true, showing=false]
                se.cambiosys.client.framework.core.internal.CambioShortcutMenuButton[name=null, text=&apos;&apos;, selected=false, enabled=true, visible=true, showing=false]
              se.cambiosys.client.framework.menueditor.internal.InitializingMenuItem[name=null, text=&apos;Analyse Area&apos;, selected=false, enabled=true, visible=true, showing=false]
                se.cambiosys.client.framework.core.internal.CambioShortcutMenuButton[name=null, text=&apos;&apos;, selected=false, enabled=true, visible=true, showing=false]
              se.cambiosys.client.framework.menueditor.internal.InitializingMenuItem[name=null, text=&apos;My Overview&apos;, selected=false, enabled=true, visible=true, showing=false]
                se.cambiosys.client.framework.core.internal.CambioShortcutMenuButton[name=null, text=&apos;&apos;, selected=false, enabled=true, visible=true, showing=false]
              se.cambiosys.client.framework.menueditor.internal.InitializingMenuItem[name=null, text=&apos;Management Overview&apos;, selected=false, enabled=true, visible=true, showing=false]
                se.cambiosys.client.framework.core.internal.CambioShortcutMenuButton[name=null, text=&apos;&apos;, selected=false, enabled=true, visible=true, showing=false]
              se.cambiosys.client.framework.menueditor.internal.InitializingMenuItem[name=null, text=&apos;List of visits&apos;, selected=false, enabled=true, visible=true, showing=false]
                se.cambiosys.client.framework.core.internal.CambioShortcutMenuButton[name=null, text=&apos;&apos;, selected=false, enabled=true, visible=true, showing=false]
              se.cambiosys.client.framework.menueditor.internal.InitializingMenuItem[name=null, text=&apos;Connection Overview&apos;, selected=false, enabled=true, visible=true, showing=false]
                se.cambiosys.client.framework.core.internal.CambioShortcutMenuButton[name=null, text=&apos;&apos;, selected=false, enabled=true, visible=true, showing=false]
              se.cambiosys.client.framework.components.CambioMenu[name=null, text=&apos;Unit overview-Administration&apos;, selected=false, enabled=true, visible=true, showing=false]
                javax.swing.JPopupMenu[name=null, label=null, enabled=true, visible=false, showing=false]
                  se.cambiosys.client.framework.components.CambioMenu[name=null, text=&apos;Priority configuration&apos;, selected=false, enabled=true, visible=true, showing=false]
                    javax.swing.JPopupMenu[name=null, label=null, enabled=true, visible=false, showing=false]
                      se.cambiosys.client.framework.menueditor.internal.InitializingMenuItem[name=null, text=&apos;Loading...&apos;, selected=false, enabled=true, visible=true, showing=false]
                        se.cambiosys.client.framework.core.internal.CambioShortcutMenuButton[name=null, text=&apos;&apos;, selected=false, enabled=true, visible=true, showing=false]
                      se.cambiosys.client.framework.menueditor.internal.InitializingMenuItem[name=null, text=&apos;Loading...&apos;, selected=false, enabled=true, visible=true, showing=false]
                        se.cambiosys.client.framework.core.internal.CambioShortcutMenuButton[name=null, text=&apos;&apos;, selected=false, enabled=true, visible=true, showing=false]
                  se.cambiosys.client.framework.components.CambioMenu[name=null, text=&apos;OW Configuration&apos;, selected=false, enabled=true, visible=true, showing=false]
                    javax.swing.JPopupMenu[name=null, label=null, enabled=true, visible=false, showing=false]
                      se.cambiosys.client.framework.menueditor.internal.InitializingMenuItem[name=null, text=&apos;Loading...&apos;, selected=false, enabled=true, visible=true, showing=false]
                        se.cambiosys.client.framework.core.internal.CambioShortcutMenuButton[name=null, text=&apos;&apos;, selected=false, enabled=true, visible=true, showing=false]
                      se.cambiosys.client.framework.menueditor.internal.InitializingMenuItem[name=null, text=&apos;Loading...&apos;, selected=false, enabled=true, visible=true, showing=false]
                        se.cambiosys.client.framework.core.internal.CambioShortcutMenuButton[name=null, text=&apos;&apos;, selected=false, enabled=true, visible=true, showing=false]
                      se.cambiosys.client.framework.menueditor.internal.InitializingMenuItem[name=null, text=&apos;Loading...&apos;, selected=false, enabled=true, visible=true, showing=false]
                        se.cambiosys.client.framework.core.internal.CambioShortcutMenuButton[name=null, text=&apos;&apos;, selected=false, enabled=true, visible=true, showing=false]
                  se.cambiosys.client.framework.menueditor.internal.InitializingMenuItem[name=null, text=&apos;Loading...&apos;, selected=false, enabled=true, visible=true, showing=false]
                    se.cambiosys.client.framework.core.internal.CambioShortcutMenuButton[name=null, text=&apos;&apos;, selected=false, enabled=true, visible=true, showing=false]
          se.cambiosys.client.framework.components.CambioMenu[name=null, text=&apos;Messenger&apos;, selected=false, enabled=true, visible=true, showing=true]
            javax.swing.JPopupMenu[name=null, label=null, enabled=true, visible=false, showing=false]
              se.cambiosys.client.framework.menueditor.internal.InitializingMenuItem[name=null, text=&apos;Inbox&apos;, selected=false, enabled=true, visible=true, showing=false]
                se.cambiosys.client.framework.core.internal.CambioShortcutMenuButton[name=null, text=&apos;&apos;, selected=false, enabled=true, visible=true, showing=false]
              se.cambiosys.client.framework.menueditor.internal.InitializingMenuItem[name=null, text=&apos;New message&apos;, selected=false, enabled=true, visible=true, showing=false]
                se.cambiosys.client.framework.core.internal.CambioShortcutMenuButton[name=null, text=&apos;&apos;, selected=false, enabled=true, visible=true, showing=false]
              se.cambiosys.client.framework.menueditor.internal.InitializingMenuItem[name=null, text=&apos;New broadcast message&apos;, selected=false, enabled=true, visible=true, showing=false]
                se.cambiosys.client.framework.core.internal.CambioShortcutMenuButton[name=null, text=&apos;&apos;, selected=false, enabled=true, visible=true, showing=false]
              se.cambiosys.client.framework.components.CambioMenu[name=null, text=&apos;Administration&apos;, selected=false, enabled=true, visible=true, showing=false]
                javax.swing.JPopupMenu[name=null, label=null, enabled=true, visible=false, showing=false]
                  se.cambiosys.client.framework.menueditor.internal.InitializingMenuItem[name=null, text=&apos;Recipient group&apos;, selected=false, enabled=true, visible=true, showing=false]
                    se.cambiosys.client.framework.core.internal.CambioShortcutMenuButton[name=null, text=&apos;&apos;, selected=false, enabled=true, visible=true, showing=false]
                  se.cambiosys.client.framework.menueditor.internal.InitializingMenuItem[name=null, text=&apos;Messenger accounts&apos;, selected=false, enabled=true, visible=true, showing=false]
                    se.cambiosys.client.framework.core.internal.CambioShortcutMenuButton[name=null, text=&apos;&apos;, selected=false, enabled=true, visible=true, showing=false]
                  se.cambiosys.client.framework.menueditor.internal.InitializingMenuItem[name=null, text=&apos;Access to other users&apos; Messenger accounts&apos;, selected=false, enabled=true, visible=true, showing=false]
                    se.cambiosys.client.framework.core.internal.CambioShortcutMenuButton[name=null, text=&apos;&apos;, selected=false, enabled=true, visible=true, showing=false]
                  se.cambiosys.client.framework.menueditor.internal.InitializingMenuItem[name=null, text=&apos;Out of office administration&apos;, selected=false, enabled=true, visible=true, showing=false]
                    se.cambiosys.client.framework.core.internal.CambioShortcutMenuButton[name=null, text=&apos;&apos;, selected=false, enabled=true, visible=true, showing=false]
          se.cambiosys.client.framework.components.CambioMenu[name=null, text=&apos;Administration&apos;, selected=false, enabled=true, visible=true, showing=true]
            javax.swing.JPopupMenu[name=null, label=null, enabled=true, visible=false, showing=false]
              se.cambiosys.client.framework.menueditor.internal.InitializingMenuItem[name=null, text=&apos;Unit register&apos;, selected=false, enabled=true, visible=true, showing=false]
                se.cambiosys.client.framework.core.internal.CambioShortcutMenuButton[name=null, text=&apos;&apos;, selected=false, enabled=true, visible=true, showing=false]
              se.cambiosys.client.framework.menueditor.internal.InitializingMenuItem[name=null, text=&apos;Resources&apos;, selected=false, enabled=true, visible=true, showing=false]
                se.cambiosys.client.framework.core.internal.CambioShortcutMenuButton[name=null, text=&apos;&apos;, selected=false, enabled=true, visible=true, showing=false]
              se.cambiosys.client.framework.components.CambioMenu[name=null, text=&apos;Permission&apos;, selected=false, enabled=true, visible=true, showing=false]
                javax.swing.JPopupMenu[name=null, label=null, enabled=true, visible=false, showing=false]
                  se.cambiosys.client.framework.menueditor.internal.InitializingMenuItem[name=null, text=&apos;Define access&apos;, selected=false, enabled=true, visible=true, showing=false]
                    se.cambiosys.client.framework.core.internal.CambioShortcutMenuButton[name=null, text=&apos;&apos;, selected=false, enabled=true, visible=true, showing=false]
                  se.cambiosys.client.framework.menueditor.internal.InitializingMenuItem[name=null, text=&apos;Access overview&apos;, selected=false, enabled=true, visible=true, showing=false]
                    se.cambiosys.client.framework.core.internal.CambioShortcutMenuButton[name=null, text=&apos;&apos;, selected=false, enabled=true, visible=true, showing=false]
                  se.cambiosys.client.framework.menueditor.internal.InitializingMenuItem[name=null, text=&apos;Profile manager&apos;, selected=false, enabled=true, visible=true, showing=false]
                    se.cambiosys.client.framework.core.internal.CambioShortcutMenuButton[name=null, text=&apos;&apos;, selected=false, enabled=true, visible=true, showing=false]
              se.cambiosys.client.framework.components.CambioMenu[name=null, text=&apos;Settings&apos;, selected=false, enabled=true, visible=true, showing=false]
                javax.swing.JPopupMenu[name=null, label=null, enabled=true, visible=false, showing=false]
                  se.cambiosys.client.framework.menueditor.internal.InitializingMenuItem[name=null, text=&apos;Log settings&apos;, selected=false, enabled=true, visible=true, showing=false]
                    se.cambiosys.client.framework.core.internal.CambioShortcutMenuButton[name=null, text=&apos;&apos;, selected=false, enabled=true, visible=true, showing=false]
                  se.cambiosys.client.framework.menueditor.internal.InitializingMenuItem[name=null, text=&apos;Server settings&apos;, selected=false, enabled=true, visible=true, showing=false]
                    se.cambiosys.client.framework.core.internal.CambioShortcutMenuButton[name=null, text=&apos;&apos;, selected=false, enabled=true, visible=true, showing=false]
                  se.cambiosys.client.framework.menueditor.internal.InitializingMenuItem[name=null, text=&apos;Personal settings and selections&apos;, selected=false, enabled=true, visible=true, showing=false]
                    se.cambiosys.client.framework.core.internal.CambioShortcutMenuButton[name=null, text=&apos;&apos;, selected=false, enabled=true, visible=true, showing=false]
                  se.cambiosys.client.framework.menueditor.internal.InitializingMenuItem[name=null, text=&apos;Global settings and selections&apos;, selected=false, enabled=true, visible=true, showing=false]
                    se.cambiosys.client.framework.core.internal.CambioShortcutMenuButton[name=null, text=&apos;&apos;, selected=false, enabled=true, visible=true, showing=false]
                  se.cambiosys.client.framework.menueditor.internal.InitializingMenuItem[name=null, text=&apos;Settings and selections&apos;, selected=false, enabled=true, visible=true, showing=false]
                    se.cambiosys.client.framework.core.internal.CambioShortcutMenuButton[name=null, text=&apos;&apos;, selected=false, enabled=true, visible=true, showing=false]
                  se.cambiosys.client.framework.menueditor.internal.InitializingMenuItem[name=null, text=&apos;Administration nodes&apos;, selected=false, enabled=true, visible=true, showing=false]
                    se.cambiosys.client.framework.core.internal.CambioShortcutMenuButton[name=null, text=&apos;&apos;, selected=false, enabled=true, visible=true, showing=false]
                  se.cambiosys.client.framework.menueditor.internal.InitializingMenuItem[name=null, text=&apos;Places&apos;, selected=false, enabled=true, visible=true, showing=false]
                    se.cambiosys.client.framework.core.internal.CambioShortcutMenuButton[name=null, text=&apos;&apos;, selected=false, enabled=true, visible=true, showing=false]
              se.cambiosys.client.framework.menueditor.internal.InitializingMenuItem[name=null, text=&apos;User&apos;, selected=false, enabled=true, visible=true, showing=false]
                se.cambiosys.client.framework.core.internal.CambioShortcutMenuButton[name=null, text=&apos;&apos;, selected=false, enabled=true, visible=true, showing=false]
              se.cambiosys.client.framework.menueditor.internal.InitializingMenuItem[name=null, text=&apos;Roles&apos;, selected=false, enabled=true, visible=true, showing=false]
                se.cambiosys.client.framework.core.internal.CambioShortcutMenuButton[name=null, text=&apos;&apos;, selected=false, enabled=true, visible=true, showing=false]
              se.cambiosys.client.framework.menueditor.internal.InitializingMenuItem[name=null, text=&apos;Type definitions&apos;, selected=false, enabled=true, visible=true, showing=false]
                se.cambiosys.client.framework.core.internal.CambioShortcutMenuButton[name=null, text=&apos;&apos;, selected=false, enabled=true, visible=true, showing=false]
              se.cambiosys.client.framework.components.CambioMenu[name=null, text=&apos;Terms &amp; Concept&apos;, selected=false, enabled=true, visible=true, showing=false]
                javax.swing.JPopupMenu[name=null, label=null, enabled=true, visible=false, showing=false]
                  se.cambiosys.client.framework.menueditor.internal.InitializingMenuItem[name=null, text=&apos;Terms&apos;, selected=false, enabled=true, visible=true, showing=false]
                    se.cambiosys.client.framework.core.internal.CambioShortcutMenuButton[name=null, text=&apos;&apos;, selected=false, enabled=true, visible=true, showing=false]
                  se.cambiosys.client.framework.menueditor.internal.InitializingMenuItem[name=null, text=&apos;Concept&apos;, selected=false, enabled=true, visible=true, showing=false]
                    se.cambiosys.client.framework.core.internal.CambioShortcutMenuButton[name=null, text=&apos;&apos;, selected=false, enabled=true, visible=true, showing=false]
              se.cambiosys.client.framework.menueditor.internal.InitializingMenuItem[name=null, text=&apos;Ranges&apos;, selected=false, enabled=true, visible=true, showing=false]
                se.cambiosys.client.framework.core.internal.CambioShortcutMenuButton[name=null, text=&apos;&apos;, selected=false, enabled=true, visible=true, showing=false]
              se.cambiosys.client.framework.menueditor.internal.InitializingMenuItem[name=null, text=&apos;Reports&apos;, selected=false, enabled=true, visible=true, showing=false]
                se.cambiosys.client.framework.core.internal.CambioShortcutMenuButton[name=null, text=&apos;&apos;, selected=false, enabled=true, visible=true, showing=false]
              se.cambiosys.client.framework.menueditor.internal.InitializingMenuItem[name=null, text=&apos;Import reports&apos;, selected=false, enabled=true, visible=true, showing=false]
                se.cambiosys.client.framework.core.internal.CambioShortcutMenuButton[name=null, text=&apos;&apos;, selected=false, enabled=true, visible=true, showing=false]
              se.cambiosys.client.framework.menueditor.internal.InitializingMenuItem[name=null, text=&apos;Phrase editor&apos;, selected=false, enabled=true, visible=true, showing=false]
                se.cambiosys.client.framework.core.internal.CambioShortcutMenuButton[name=null, text=&apos;&apos;, selected=false, enabled=true, visible=true, showing=false]
              se.cambiosys.client.framework.components.CambioMenu[name=null, text=&apos;Services&apos;, selected=false, enabled=true, visible=true, showing=false]
                javax.swing.JPopupMenu[name=null, label=null, enabled=true, visible=false, showing=false]
                  se.cambiosys.client.framework.menueditor.internal.InitializingMenuItem[name=null, text=&apos;Services&apos;, selected=false, enabled=true, visible=true, showing=false]
                    se.cambiosys.client.framework.core.internal.CambioShortcutMenuButton[name=null, text=&apos;&apos;, selected=false, enabled=true, visible=true, showing=false]
                  se.cambiosys.client.framework.menueditor.internal.InitializingMenuItem[name=null, text=&apos;Offers of the unit&apos;, selected=false, enabled=true, visible=true, showing=false]
                    se.cambiosys.client.framework.core.internal.CambioShortcutMenuButton[name=null, text=&apos;&apos;, selected=false, enabled=true, visible=true, showing=false]
              se.cambiosys.client.framework.menueditor.internal.InitializingMenuItem[name=null, text=&apos;Selection&apos;, selected=false, enabled=true, visible=true, showing=false]
                se.cambiosys.client.framework.core.internal.CambioShortcutMenuButton[name=null, text=&apos;&apos;, selected=false, enabled=true, visible=true, showing=false]
              se.cambiosys.client.framework.menueditor.internal.InitializingMenuItem[name=null, text=&apos;Printers&apos;, selected=false, enabled=true, visible=true, showing=false]
                se.cambiosys.client.framework.core.internal.CambioShortcutMenuButton[name=null, text=&apos;&apos;, selected=false, enabled=true, visible=true, showing=false]
              se.cambiosys.client.framework.components.CambioMenu[name=null, text=&apos;Secrecy administration&apos;, selected=false, enabled=true, visible=true, showing=false]
                javax.swing.JPopupMenu[name=null, label=null, enabled=true, visible=false, showing=false]
                  se.cambiosys.client.framework.menueditor.internal.InitializingMenuItem[name=null, text=&apos;Secrecy groups&apos;, selected=false, enabled=true, visible=true, showing=false]
                    se.cambiosys.client.framework.core.internal.CambioShortcutMenuButton[name=null, text=&apos;&apos;, selected=false, enabled=true, visible=true, showing=false]
                  se.cambiosys.client.framework.menueditor.internal.InitializingMenuItem[name=null, text=&apos;Secrecy level&apos;, selected=false, enabled=true, visible=true, showing=false]
                    se.cambiosys.client.framework.core.internal.CambioShortcutMenuButton[name=null, text=&apos;&apos;, selected=false, enabled=true, visible=true, showing=false]
                  se.cambiosys.client.framework.menueditor.internal.InitializingMenuItem[name=null, text=&apos;Secrecy rules&apos;, selected=false, enabled=true, visible=true, showing=false]
                    se.cambiosys.client.framework.core.internal.CambioShortcutMenuButton[name=null, text=&apos;&apos;, selected=false, enabled=true, visible=true, showing=false]
              se.cambiosys.client.framework.menueditor.internal.InitializingMenuItem[name=null, text=&apos;Schedule backup&apos;, selected=false, enabled=true, visible=true, showing=false]
                se.cambiosys.client.framework.core.internal.CambioShortcutMenuButton[name=null, text=&apos;&apos;, selected=false, enabled=true, visible=true, showing=false]
              se.cambiosys.client.framework.menueditor.internal.InitializingMenuItem[name=null, text=&apos;Template administration&apos;, selected=false, enabled=true, visible=true, showing=false]
                se.cambiosys.client.framework.core.internal.CambioShortcutMenuButton[name=null, text=&apos;&apos;, selected=false, enabled=true, visible=true, showing=false]
              se.cambiosys.client.framework.menueditor.internal.InitializingMenuItem[name=null, text=&apos;Printout Handler&apos;, selected=false, enabled=true, visible=true, showing=false]
                se.cambiosys.client.framework.core.internal.CambioShortcutMenuButton[name=null, text=&apos;&apos;, selected=false, enabled=true, visible=true, showing=false]
              se.cambiosys.client.framework.menueditor.internal.InitializingMenuItem[name=null, text=&apos;Unit handler&apos;, selected=false, enabled=true, visible=true, showing=false]
                se.cambiosys.client.framework.core.internal.CambioShortcutMenuButton[name=null, text=&apos;&apos;, selected=false, enabled=true, visible=true, showing=false]
              se.cambiosys.client.framework.menueditor.internal.InitializingMenuItem[name=null, text=&apos;Access Log&apos;, selected=false, enabled=true, visible=true, showing=false]
                se.cambiosys.client.framework.core.internal.CambioShortcutMenuButton[name=null, text=&apos;&apos;, selected=false, enabled=true, visible=true, showing=false]
              se.cambiosys.client.framework.menueditor.internal.InitializingMenuItem[name=null, text=&apos;Configuration of Access Log&apos;, selected=false, enabled=true, visible=true, showing=false]
                se.cambiosys.client.framework.core.internal.CambioShortcutMenuButton[name=null, text=&apos;&apos;, selected=false, enabled=true, visible=true, showing=false]
              se.cambiosys.client.framework.menueditor.internal.InitializingMenuItem[name=null, text=&apos;Application logger&apos;, selected=false, enabled=true, visible=true, showing=false]
                se.cambiosys.client.framework.core.internal.CambioShortcutMenuButton[name=null, text=&apos;&apos;, selected=false, enabled=true, visible=true, showing=false]
              se.cambiosys.client.framework.menueditor.internal.InitializingMenuItem[name=null, text=&apos;eVisit Configuration&apos;, selected=false, enabled=true, visible=true, showing=false]
                se.cambiosys.client.framework.core.internal.CambioShortcutMenuButton[name=null, text=&apos;&apos;, selected=false, enabled=true, visible=true, showing=false]
              se.cambiosys.client.framework.components.CambioMenu[name=null, text=&apos;Order management&apos;, selected=false, enabled=true, visible=true, showing=false]
                javax.swing.JPopupMenu[name=null, label=null, enabled=true, visible=false, showing=false]
                  se.cambiosys.client.framework.menueditor.internal.InitializingMenuItem[name=null, text=&apos;Catalog administration&apos;, selected=false, enabled=true, visible=true, showing=false]
                    se.cambiosys.client.framework.core.internal.CambioShortcutMenuButton[name=null, text=&apos;&apos;, selected=false, enabled=true, visible=true, showing=false]
                  se.cambiosys.client.framework.menueditor.internal.InitializingMenuItem[name=null, text=&apos;File administration&apos;, selected=false, enabled=true, visible=true, showing=false]
                    se.cambiosys.client.framework.core.internal.CambioShortcutMenuButton[name=null, text=&apos;&apos;, selected=false, enabled=true, visible=true, showing=false]
                  se.cambiosys.client.framework.menueditor.internal.InitializingMenuItem[name=null, text=&apos;Secrecy administration&apos;, selected=false, enabled=true, visible=true, showing=false]
                    se.cambiosys.client.framework.core.internal.CambioShortcutMenuButton[name=null, text=&apos;&apos;, selected=false, enabled=true, visible=true, showing=false]
                  se.cambiosys.client.framework.menueditor.internal.InitializingMenuItem[name=null, text=&apos;Groups/packages/profiles&apos;, selected=false, enabled=true, visible=true, showing=false]
                    se.cambiosys.client.framework.core.internal.CambioShortcutMenuButton[name=null, text=&apos;&apos;, selected=false, enabled=true, visible=true, showing=false]
                  se.cambiosys.client.framework.menueditor.internal.InitializingMenuItem[name=null, text=&apos;Sorting orders&apos;, selected=false, enabled=true, visible=true, showing=false]
                    se.cambiosys.client.framework.core.internal.CambioShortcutMenuButton[name=null, text=&apos;&apos;, selected=false, enabled=true, visible=true, showing=false]
                  se.cambiosys.client.framework.menueditor.internal.InitializingMenuItem[name=null, text=&apos;Local analyses&apos;, selected=false, enabled=true, visible=true, showing=false]
                    se.cambiosys.client.framework.core.internal.CambioShortcutMenuButton[name=null, text=&apos;&apos;, selected=false, enabled=true, visible=true, showing=false]
                  se.cambiosys.client.framework.menueditor.internal.InitializingMenuItem[name=null, text=&apos;Label printer&apos;, selected=false, enabled=true, visible=true, showing=false]
                    se.cambiosys.client.framework.core.internal.CambioShortcutMenuButton[name=null, text=&apos;&apos;, selected=false, enabled=true, visible=true, showing=false]
              se.cambiosys.client.framework.menueditor.internal.InitializingMenuItem[name=null, text=&apos;Configure Y-axis for Clinical Parameter&apos;, selected=false, enabled=true, visible=true, showing=false]
                se.cambiosys.client.framework.core.internal.CambioShortcutMenuButton[name=null, text=&apos;&apos;, selected=false, enabled=true, visible=true, showing=false]
              se.cambiosys.client.framework.components.CambioMenu[name=null, text=&apos;Visits and admissions&apos;, selected=false, enabled=true, visible=true, showing=false]
                javax.swing.JPopupMenu[name=null, label=null, enabled=true, visible=false, showing=false]
                  se.cambiosys.client.framework.menueditor.internal.InitializingMenuItem[name=null, text=&apos;Create new visit / admission&apos;, selected=false, enabled=true, visible=true, showing=false]
                    se.cambiosys.client.framework.core.internal.CambioShortcutMenuButton[name=null, text=&apos;&apos;, selected=false, enabled=true, visible=true, showing=false]
                  se.cambiosys.client.framework.menueditor.internal.InitializingMenuItem[name=null, text=&apos;Edit visit / admission&apos;, selected=false, enabled=true, visible=true, showing=false]
                    se.cambiosys.client.framework.core.internal.CambioShortcutMenuButton[name=null, text=&apos;&apos;, selected=false, enabled=true, visible=true, showing=false]
              se.cambiosys.client.framework.components.CambioMenu[name=null, text=&apos;Publishing&apos;, selected=false, enabled=true, visible=true, showing=false]
                javax.swing.JPopupMenu[name=null, label=null, enabled=true, visible=false, showing=false]
                  se.cambiosys.client.framework.menueditor.internal.InitializingMenuItem[name=null, text=&apos;Mining&apos;, selected=false, enabled=true, visible=true, showing=false]
                    se.cambiosys.client.framework.core.internal.CambioShortcutMenuButton[name=null, text=&apos;&apos;, selected=false, enabled=true, visible=true, showing=false]
                  se.cambiosys.client.framework.menueditor.internal.InitializingMenuItem[name=null, text=&apos;Error management&apos;, selected=false, enabled=true, visible=true, showing=false]
                    se.cambiosys.client.framework.core.internal.CambioShortcutMenuButton[name=null, text=&apos;&apos;, selected=false, enabled=true, visible=true, showing=false]
              se.cambiosys.client.framework.menueditor.internal.InitializingMenuItem[name=null, text=&apos;CCP Filter Configuration&apos;, selected=false, enabled=true, visible=true, showing=false]
                se.cambiosys.client.framework.core.internal.CambioShortcutMenuButton[name=null, text=&apos;&apos;, selected=false, enabled=true, visible=true, showing=false]
              se.cambiosys.client.framework.menueditor.internal.InitializingMenuItem[name=null, text=&apos;Menu editor&apos;, selected=false, enabled=true, visible=true, showing=false]
                se.cambiosys.client.framework.core.internal.CambioShortcutMenuButton[name=null, text=&apos;&apos;, selected=false, enabled=true, visible=true, showing=false]
              se.cambiosys.client.framework.menueditor.internal.InitializingMenuItem[name=null, text=&apos;Script&apos;, selected=false, enabled=true, visible=true, showing=false]
                se.cambiosys.client.framework.core.internal.CambioShortcutMenuButton[name=null, text=&apos;&apos;, selected=false, enabled=true, visible=true, showing=false]
              se.cambiosys.client.framework.components.CambioMenu[name=null, text=&apos;Spell Check&apos;, selected=false, enabled=true, visible=true, showing=false]
                javax.swing.JPopupMenu[name=null, label=null, enabled=true, visible=false, showing=false]
                  se.cambiosys.client.framework.menueditor.internal.InitializingMenuItem[name=null, text=&apos;Settings&apos;, selected=false, enabled=true, visible=true, showing=false]
                    se.cambiosys.client.framework.core.internal.CambioShortcutMenuButton[name=null, text=&apos;&apos;, selected=false, enabled=true, visible=true, showing=false]
                  se.cambiosys.client.framework.menueditor.internal.InitializingMenuItem[name=null, text=&apos;User dictionary&apos;, selected=false, enabled=true, visible=true, showing=false]
                    se.cambiosys.client.framework.core.internal.CambioShortcutMenuButton[name=null, text=&apos;&apos;, selected=false, enabled=true, visible=true, showing=false]
                  se.cambiosys.client.framework.menueditor.internal.InitializingMenuItem[name=null, text=&apos;Global dictionary&apos;, selected=false, enabled=true, visible=true, showing=false]
                    se.cambiosys.client.framework.core.internal.CambioShortcutMenuButton[name=null, text=&apos;&apos;, selected=false, enabled=true, visible=true, showing=false]
          se.cambiosys.client.framework.components.CambioMenu[name=null, text=&apos;Child Healthcare&apos;, selected=false, enabled=true, visible=true, showing=true]
            javax.swing.JPopupMenu[name=null, label=null, enabled=true, visible=false, showing=false]
              se.cambiosys.client.framework.menueditor.internal.InitializingMenuItem[name=null, text=&apos;Print Child Healthcare data&apos;, selected=false, enabled=true, visible=true, showing=false]
                se.cambiosys.client.framework.core.internal.CambioShortcutMenuButton[name=null, text=&apos;&apos;, selected=false, enabled=true, visible=true, showing=false]
          se.cambiosys.client.framework.components.CambioMenu[name=null, text=&apos;Medication&apos;, selected=false, enabled=true, visible=true, showing=true]
            javax.swing.JPopupMenu[name=null, label=null, enabled=true, visible=false, showing=false]
              se.cambiosys.client.framework.components.CambioMenu[name=null, text=&apos;Administration&apos;, selected=false, enabled=true, visible=true, showing=false]
                javax.swing.JPopupMenu[name=null, label=null, enabled=true, visible=false, showing=false]
                  se.cambiosys.client.framework.menueditor.internal.InitializingMenuItem[name=null, text=&apos;Sent e-recipe overview&apos;, selected=false, enabled=true, visible=true, showing=false]
                    se.cambiosys.client.framework.core.internal.CambioShortcutMenuButton[name=null, text=&apos;&apos;, selected=false, enabled=true, visible=true, showing=false]
                  se.cambiosys.client.framework.menueditor.internal.InitializingMenuItem[name=null, text=&apos;Catalogue administration&apos;, selected=false, enabled=true, visible=true, showing=false]
                    se.cambiosys.client.framework.core.internal.CambioShortcutMenuButton[name=null, text=&apos;&apos;, selected=false, enabled=true, visible=true, showing=false]
                  se.cambiosys.client.framework.menueditor.internal.InitializingMenuItem[name=null, text=&apos;Unit Times and Medicine Cabinet&apos;, selected=false, enabled=true, visible=true, showing=false]
                    se.cambiosys.client.framework.core.internal.CambioShortcutMenuButton[name=null, text=&apos;&apos;, selected=false, enabled=true, visible=true, showing=false]
                  se.cambiosys.client.framework.menueditor.internal.InitializingMenuItem[name=null, text=&apos;Order basis for vaccine&apos;, selected=false, enabled=true, visible=true, showing=false]
                    se.cambiosys.client.framework.core.internal.CambioShortcutMenuButton[name=null, text=&apos;&apos;, selected=false, enabled=true, visible=true, showing=false]
              se.cambiosys.client.framework.components.CambioMenu[name=null, text=&apos;New prescription&apos;, selected=false, enabled=true, visible=true, showing=false]
                javax.swing.JPopupMenu[name=null, label=null, enabled=true, visible=false, showing=false]
                  se.cambiosys.client.framework.menueditor.internal.InitializingMenuItem[name=null, text=&apos;Drug&apos;, selected=false, enabled=true, visible=true, showing=false]
                    se.cambiosys.client.framework.core.internal.CambioShortcutMenuButton[name=null, text=&apos;&apos;, selected=false, enabled=true, visible=true, showing=false]
                  se.cambiosys.client.framework.menueditor.internal.InitializingMenuItem[name=null, text=&apos;Nutrition product&apos;, selected=false, enabled=true, visible=true, showing=false]
                    se.cambiosys.client.framework.core.internal.CambioShortcutMenuButton[name=null, text=&apos;&apos;, selected=false, enabled=true, visible=true, showing=false]
                  se.cambiosys.client.framework.menueditor.internal.InitializingMenuItem[name=null, text=&apos;Consumable&apos;, selected=false, enabled=true, visible=true, showing=false]
                    se.cambiosys.client.framework.core.internal.CambioShortcutMenuButton[name=null, text=&apos;&apos;, selected=false, enabled=true, visible=true, showing=false]
              se.cambiosys.client.framework.components.CambioMenu[name=null, text=&apos;Lists&apos;, selected=false, enabled=true, visible=true, showing=false]
                javax.swing.JPopupMenu[name=null, label=null, enabled=true, visible=false, showing=false]
                  se.cambiosys.client.framework.menueditor.internal.InitializingMenuItem[name=null, text=&apos;Drugs&apos;, selected=false, enabled=true, visible=true, showing=false]
                    se.cambiosys.client.framework.core.internal.CambioShortcutMenuButton[name=null, text=&apos;&apos;, selected=false, enabled=true, visible=true, showing=false]
                  se.cambiosys.client.framework.menueditor.internal.InitializingMenuItem[name=null, text=&apos;Nutritions&apos;, selected=false, enabled=true, visible=true, showing=false]
                    se.cambiosys.client.framework.core.internal.CambioShortcutMenuButton[name=null, text=&apos;&apos;, selected=false, enabled=true, visible=true, showing=false]
                  se.cambiosys.client.framework.menueditor.internal.InitializingMenuItem[name=null, text=&apos;Consumables&apos;, selected=false, enabled=true, visible=true, showing=false]
                    se.cambiosys.client.framework.core.internal.CambioShortcutMenuButton[name=null, text=&apos;&apos;, selected=false, enabled=true, visible=true, showing=false]
                  se.cambiosys.client.framework.menueditor.internal.InitializingMenuItem[name=null, text=&apos;Vaccination list&apos;, selected=false, enabled=true, visible=true, showing=false]
                    se.cambiosys.client.framework.core.internal.CambioShortcutMenuButton[name=null, text=&apos;&apos;, selected=false, enabled=true, visible=true, showing=false]
                  se.cambiosys.client.framework.menueditor.internal.InitializingMenuItem[name=null, text=&apos;Recipe overview&apos;, selected=false, enabled=true, visible=true, showing=false]
                    se.cambiosys.client.framework.core.internal.CambioShortcutMenuButton[name=null, text=&apos;&apos;, selected=false, enabled=true, visible=true, showing=false]
              se.cambiosys.client.framework.menueditor.internal.InitializingMenuItem[name=null, text=&apos;Nurse view&apos;, selected=false, enabled=true, visible=true, showing=false]
                se.cambiosys.client.framework.core.internal.CambioShortcutMenuButton[name=null, text=&apos;&apos;, selected=false, enabled=true, visible=true, showing=false]
          se.cambiosys.client.framework.components.CambioMenu[name=null, text=&apos;Theatre&apos;, selected=false, enabled=true, visible=true, showing=true]
            javax.swing.JPopupMenu[name=null, label=null, enabled=true, visible=false, showing=false]
              se.cambiosys.client.framework.menueditor.internal.InitializingMenuItem[name=null, text=&apos;Create theatre registration&apos;, selected=false, enabled=true, visible=true, showing=false]
                se.cambiosys.client.framework.core.internal.CambioShortcutMenuButton[name=null, text=&apos;&apos;, selected=false, enabled=true, visible=true, showing=false]
              se.cambiosys.client.framework.menueditor.internal.InitializingMenuItem[name=null, text=&apos;Operation list&apos;, selected=false, enabled=true, visible=true, showing=false]
                se.cambiosys.client.framework.core.internal.CambioShortcutMenuButton[name=null, text=&apos;&apos;, selected=false, enabled=true, visible=true, showing=false]
              se.cambiosys.client.framework.menueditor.internal.InitializingMenuItem[name=null, text=&apos;Planning schedule&apos;, selected=false, enabled=true, visible=true, showing=false]
                se.cambiosys.client.framework.core.internal.CambioShortcutMenuButton[name=null, text=&apos;&apos;, selected=false, enabled=true, visible=true, showing=false]
              se.cambiosys.client.framework.menueditor.internal.InitializingMenuItem[name=null, text=&apos;Schedule overview&apos;, selected=false, enabled=true, visible=true, showing=false]
                se.cambiosys.client.framework.core.internal.CambioShortcutMenuButton[name=null, text=&apos;&apos;, selected=false, enabled=true, visible=true, showing=false]
              se.cambiosys.client.framework.menueditor.internal.InitializingMenuItem[name=null, text=&apos;Live Schedule&apos;, selected=false, enabled=true, visible=true, showing=false]
                se.cambiosys.client.framework.core.internal.CambioShortcutMenuButton[name=null, text=&apos;&apos;, selected=false, enabled=true, visible=true, showing=false]
              se.cambiosys.client.framework.components.CambioMenu[name=null, text=&apos;Administration&apos;, selected=false, enabled=true, visible=true, showing=false]
                javax.swing.JPopupMenu[name=null, label=null, enabled=true, visible=false, showing=false]
                  se.cambiosys.client.framework.menueditor.internal.InitializingMenuItem[name=null, text=&apos;Templates for Anaesthetic, Th.record, Recovery&apos;, selected=false, enabled=true, visible=true, showing=false]
                    se.cambiosys.client.framework.core.internal.CambioShortcutMenuButton[name=null, text=&apos;&apos;, selected=false, enabled=true, visible=true, showing=false]
                  se.cambiosys.client.framework.menueditor.internal.InitializingMenuItem[name=null, text=&apos;Basic templates for Th. registration&apos;, selected=false, enabled=true, visible=true, showing=false]
                    se.cambiosys.client.framework.core.internal.CambioShortcutMenuButton[name=null, text=&apos;&apos;, selected=false, enabled=true, visible=true, showing=false]
                  se.cambiosys.client.framework.menueditor.internal.InitializingMenuItem[name=null, text=&apos;Templates for Waypoints&apos;, selected=false, enabled=true, visible=true, showing=false]
                    se.cambiosys.client.framework.core.internal.CambioShortcutMenuButton[name=null, text=&apos;&apos;, selected=false, enabled=true, visible=true, showing=false]
                  se.cambiosys.client.framework.menueditor.internal.InitializingMenuItem[name=null, text=&apos;Theatre suite administration&apos;, selected=false, enabled=true, visible=true, showing=false]
                    se.cambiosys.client.framework.core.internal.CambioShortcutMenuButton[name=null, text=&apos;&apos;, selected=false, enabled=true, visible=true, showing=false]
                  se.cambiosys.client.framework.menueditor.internal.InitializingMenuItem[name=null, text=&apos;Medical priority&apos;, selected=false, enabled=true, visible=true, showing=false]
                    se.cambiosys.client.framework.core.internal.CambioShortcutMenuButton[name=null, text=&apos;&apos;, selected=false, enabled=true, visible=true, showing=false]
                  se.cambiosys.client.framework.menueditor.internal.InitializingMenuItem[name=null, text=&apos;Keyword mapping&apos;, selected=false, enabled=true, visible=true, showing=false]
                    se.cambiosys.client.framework.core.internal.CambioShortcutMenuButton[name=null, text=&apos;&apos;, selected=false, enabled=true, visible=true, showing=false]
                  se.cambiosys.client.framework.menueditor.internal.InitializingMenuItem[name=null, text=&apos;Create theatres&apos;, selected=false, enabled=true, visible=true, showing=false]
                    se.cambiosys.client.framework.core.internal.CambioShortcutMenuButton[name=null, text=&apos;&apos;, selected=false, enabled=true, visible=true, showing=false]
                  se.cambiosys.client.framework.menueditor.internal.InitializingMenuItem[name=null, text=&apos;Global filters&apos;, selected=false, enabled=true, visible=true, showing=false]
                    se.cambiosys.client.framework.core.internal.CambioShortcutMenuButton[name=null, text=&apos;&apos;, selected=false, enabled=true, visible=true, showing=false]
                  se.cambiosys.client.framework.menueditor.internal.InitializingMenuItem[name=null, text=&apos;Activity lists&apos;, selected=false, enabled=true, visible=true, showing=false]
                    se.cambiosys.client.framework.core.internal.CambioShortcutMenuButton[name=null, text=&apos;&apos;, selected=false, enabled=true, visible=true, showing=false]
                  se.cambiosys.client.framework.menueditor.internal.InitializingMenuItem[name=null, text=&apos;Templates for Th. registration&apos;, selected=false, enabled=true, visible=true, showing=false]
                    se.cambiosys.client.framework.core.internal.CambioShortcutMenuButton[name=null, text=&apos;&apos;, selected=false, enabled=true, visible=true, showing=false]
                  se.cambiosys.client.framework.menueditor.internal.InitializingMenuItem[name=null, text=&apos;Colour configuration&apos;, selected=false, enabled=true, visible=true, showing=false]
                    se.cambiosys.client.framework.core.internal.CambioShortcutMenuButton[name=null, text=&apos;&apos;, selected=false, enabled=true, visible=true, showing=false]
                  se.cambiosys.client.framework.menueditor.internal.InitializingMenuItem[name=null, text=&apos;Surgical Unit Administration&apos;, selected=false, enabled=true, visible=true, showing=false]
                    se.cambiosys.client.framework.core.internal.CambioShortcutMenuButton[name=null, text=&apos;&apos;, selected=false, enabled=true, visible=true, showing=false]
                  se.cambiosys.client.framework.menueditor.internal.InitializingMenuItem[name=null, text=&apos;Code Packages&apos;, selected=false, enabled=true, visible=true, showing=false]
                    se.cambiosys.client.framework.core.internal.CambioShortcutMenuButton[name=null, text=&apos;&apos;, selected=false, enabled=true, visible=true, showing=false]
          se.cambiosys.client.framework.components.CambioMenu[name=null, text=&apos;Order management&apos;, selected=false, enabled=true, visible=true, showing=true]
            javax.swing.JPopupMenu[name=null, label=null, enabled=true, visible=false, showing=false]
              se.cambiosys.client.framework.menueditor.internal.InitializingMenuItem[name=null, text=&apos;Request&apos;, selected=false, enabled=true, visible=true, showing=false]
                se.cambiosys.client.framework.core.internal.CambioShortcutMenuButton[name=null, text=&apos;&apos;, selected=false, enabled=true, visible=true, showing=false]
              se.cambiosys.client.framework.menueditor.internal.InitializingMenuItem[name=null, text=&apos;Specimen collection&apos;, selected=false, enabled=true, visible=true, showing=false]
                se.cambiosys.client.framework.core.internal.CambioShortcutMenuButton[name=null, text=&apos;&apos;, selected=false, enabled=true, visible=true, showing=false]
              se.cambiosys.client.framework.menueditor.internal.InitializingMenuItem[name=null, text=&apos;Radiology Request&apos;, selected=false, enabled=true, visible=true, showing=false]
                se.cambiosys.client.framework.core.internal.CambioShortcutMenuButton[name=null, text=&apos;&apos;, selected=false, enabled=true, visible=true, showing=false]
              se.cambiosys.client.framework.menueditor.internal.InitializingMenuItem[name=null, text=&apos;Unsent Radiology Request&apos;, selected=false, enabled=true, visible=true, showing=false]
                se.cambiosys.client.framework.core.internal.CambioShortcutMenuButton[name=null, text=&apos;&apos;, selected=false, enabled=true, visible=true, showing=false]
              se.cambiosys.client.framework.menueditor.internal.InitializingMenuItem[name=null, text=&apos;Request status&apos;, selected=false, enabled=true, visible=true, showing=false]
                se.cambiosys.client.framework.core.internal.CambioShortcutMenuButton[name=null, text=&apos;&apos;, selected=false, enabled=true, visible=true, showing=false]
              se.cambiosys.client.framework.menueditor.internal.InitializingMenuItem[name=null, text=&apos;Local analyses input&apos;, selected=false, enabled=true, visible=true, showing=false]
                se.cambiosys.client.framework.core.internal.CambioShortcutMenuButton[name=null, text=&apos;&apos;, selected=false, enabled=true, visible=true, showing=false]
              se.cambiosys.client.framework.menueditor.internal.InitializingMenuItem[name=null, text=&apos;Result inbox&apos;, selected=false, enabled=true, visible=true, showing=false]
                se.cambiosys.client.framework.core.internal.CambioShortcutMenuButton[name=null, text=&apos;&apos;, selected=false, enabled=true, visible=true, showing=false]
              se.cambiosys.client.framework.menueditor.internal.InitializingMenuItem[name=null, text=&apos;Test result&apos;, selected=false, enabled=true, visible=true, showing=false]
                se.cambiosys.client.framework.core.internal.CambioShortcutMenuButton[name=null, text=&apos;&apos;, selected=false, enabled=true, visible=true, showing=false]
              se.cambiosys.client.framework.menueditor.internal.InitializingMenuItem[name=null, text=&apos;Radiology Report&apos;, selected=false, enabled=true, visible=true, showing=false]
                se.cambiosys.client.framework.core.internal.CambioShortcutMenuButton[name=null, text=&apos;&apos;, selected=false, enabled=true, visible=true, showing=false]
              se.cambiosys.client.framework.menueditor.internal.InitializingMenuItem[name=null, text=&apos;Manual input&apos;, selected=false, enabled=true, visible=true, showing=false]
                se.cambiosys.client.framework.core.internal.CambioShortcutMenuButton[name=null, text=&apos;&apos;, selected=false, enabled=true, visible=true, showing=false]
              se.cambiosys.client.framework.components.CambioMenu[name=null, text=&apos;Administration&apos;, selected=false, enabled=true, visible=true, showing=false]
                javax.swing.JPopupMenu[name=null, label=null, enabled=true, visible=false, showing=false]
                  se.cambiosys.client.framework.menueditor.internal.InitializingMenuItem[name=null, text=&apos;Sketch administration&apos;, selected=false, enabled=true, visible=true, showing=false]
                    se.cambiosys.client.framework.core.internal.CambioShortcutMenuButton[name=null, text=&apos;&apos;, selected=false, enabled=true, visible=true, showing=false]
                  se.cambiosys.client.framework.menueditor.internal.InitializingMenuItem[name=null, text=&apos;Pathology request templates&apos;, selected=false, enabled=true, visible=true, showing=false]
                    se.cambiosys.client.framework.core.internal.CambioShortcutMenuButton[name=null, text=&apos;&apos;, selected=false, enabled=true, visible=true, showing=false]
              se.cambiosys.client.framework.menueditor.internal.InitializingMenuItem[name=null, text=&apos;Signed Radiology Request &apos;, selected=false, enabled=true, visible=true, showing=false]
                se.cambiosys.client.framework.core.internal.CambioShortcutMenuButton[name=null, text=&apos;&apos;, selected=false, enabled=true, visible=true, showing=false]
          se.cambiosys.client.framework.components.CambioMenu[name=null, text=&apos;Medical record&apos;, selected=false, enabled=true, visible=true, showing=true]
            javax.swing.JPopupMenu[name=null, label=null, enabled=true, visible=false, showing=false]
              se.cambiosys.client.framework.components.CambioMenu[name=null, text=&apos;Medical record table&apos;, selected=false, enabled=true, visible=true, showing=false]
                javax.swing.JPopupMenu[name=null, label=null, enabled=true, visible=false, showing=false]
                  se.cambiosys.client.framework.menueditor.internal.InitializingMenuItem[name=null, text=&apos;Administration of templates for medical record tables&apos;, selected=false, enabled=true, visible=true, showing=false]
                    se.cambiosys.client.framework.core.internal.CambioShortcutMenuButton[name=null, text=&apos;&apos;, selected=false, enabled=true, visible=true, showing=false]
                  se.cambiosys.client.framework.menueditor.internal.InitializingMenuItem[name=null, text=&apos;New medical record table&apos;, selected=false, enabled=false, visible=true, showing=false]
                    se.cambiosys.client.framework.core.internal.CambioShortcutMenuButton[name=null, text=&apos;&apos;, selected=false, enabled=true, visible=true, showing=false]
              se.cambiosys.client.framework.menueditor.internal.InitializingMenuItem[name=null, text=&apos;Medical record&apos;, selected=false, enabled=true, visible=true, showing=false]
                se.cambiosys.client.framework.core.internal.CambioShortcutMenuButton[name=null, text=&apos;&apos;, selected=false, enabled=true, visible=true, showing=false]
              se.cambiosys.client.framework.menueditor.internal.InitializingMenuItem[name=null, text=&apos;New note&apos;, selected=false, enabled=true, visible=true, showing=false]
                se.cambiosys.client.framework.core.internal.CambioShortcutMenuButton[name=null, text=&apos;&apos;, selected=false, enabled=true, visible=true, showing=false]
              se.cambiosys.client.framework.menueditor.internal.InitializingMenuItem[name=null, text=&apos;New form&apos;, selected=false, enabled=true, visible=true, showing=false]
                se.cambiosys.client.framework.core.internal.CambioShortcutMenuButton[name=null, text=&apos;&apos;, selected=false, enabled=true, visible=true, showing=false]
              se.cambiosys.client.framework.menueditor.internal.InitializingMenuItem[name=null, text=&apos;New care plan note&apos;, selected=false, enabled=false, visible=false, showing=false]
                se.cambiosys.client.framework.core.internal.CambioShortcutMenuButton[name=null, text=&apos;&apos;, selected=false, enabled=true, visible=true, showing=false]
              se.cambiosys.client.framework.menueditor.internal.InitializingMenuItem[name=null, text=&apos;Observation&apos;, selected=false, enabled=true, visible=true, showing=false]
                se.cambiosys.client.framework.core.internal.CambioShortcutMenuButton[name=null, text=&apos;&apos;, selected=false, enabled=true, visible=true, showing=false]
              se.cambiosys.client.framework.menueditor.internal.InitializingMenuItem[name=null, text=&apos;Graphic view&apos;, selected=false, enabled=true, visible=true, showing=false]
                se.cambiosys.client.framework.core.internal.CambioShortcutMenuButton[name=null, text=&apos;&apos;, selected=false, enabled=true, visible=true, showing=false]
              se.cambiosys.client.framework.menueditor.internal.InitializingMenuItem[name=null, text=&apos;List of activities&apos;, selected=false, enabled=true, visible=true, showing=false]
                se.cambiosys.client.framework.core.internal.CambioShortcutMenuButton[name=null, text=&apos;&apos;, selected=false, enabled=true, visible=true, showing=false]
              se.cambiosys.client.framework.components.CambioMenu[name=null, text=&apos;Administration&apos;, selected=false, enabled=true, visible=true, showing=false]
                javax.swing.JPopupMenu[name=null, label=null, enabled=true, visible=false, showing=false]
                  se.cambiosys.client.framework.menueditor.internal.InitializingMenuItem[name=null, text=&apos;Keyword editor&apos;, selected=false, enabled=true, visible=true, showing=false]
                    se.cambiosys.client.framework.core.internal.CambioShortcutMenuButton[name=null, text=&apos;&apos;, selected=false, enabled=true, visible=true, showing=false]
                  se.cambiosys.client.framework.menueditor.internal.InitializingMenuItem[name=null, text=&apos;Search occurrences of keyword&apos;, selected=false, enabled=true, visible=true, showing=false]
                    se.cambiosys.client.framework.core.internal.CambioShortcutMenuButton[name=null, text=&apos;&apos;, selected=false, enabled=true, visible=true, showing=false]
                  se.cambiosys.client.framework.menueditor.internal.InitializingMenuItem[name=null, text=&apos;Template manager&apos;, selected=false, enabled=true, visible=true, showing=false]
                    se.cambiosys.client.framework.core.internal.CambioShortcutMenuButton[name=null, text=&apos;&apos;, selected=false, enabled=true, visible=true, showing=false]
                  se.cambiosys.client.framework.menueditor.internal.InitializingMenuItem[name=null, text=&apos;Fixed values&apos;, selected=false, enabled=true, visible=true, showing=false]
                    se.cambiosys.client.framework.core.internal.CambioShortcutMenuButton[name=null, text=&apos;&apos;, selected=false, enabled=true, visible=true, showing=false]
                  se.cambiosys.client.framework.menueditor.internal.InitializingMenuItem[name=null, text=&apos;Form administration&apos;, selected=false, enabled=true, visible=true, showing=false]
                    se.cambiosys.client.framework.core.internal.CambioShortcutMenuButton[name=null, text=&apos;&apos;, selected=false, enabled=true, visible=true, showing=false]
                  se.cambiosys.client.framework.menueditor.internal.InitializingMenuItem[name=null, text=&apos;Administration views&apos;, selected=false, enabled=true, visible=true, showing=false]
                    se.cambiosys.client.framework.core.internal.CambioShortcutMenuButton[name=null, text=&apos;&apos;, selected=false, enabled=true, visible=true, showing=false]
                  se.cambiosys.client.framework.menueditor.internal.InitializingMenuItem[name=null, text=&apos;Administration filter&apos;, selected=false, enabled=true, visible=true, showing=false]
                    se.cambiosys.client.framework.core.internal.CambioShortcutMenuButton[name=null, text=&apos;&apos;, selected=false, enabled=true, visible=true, showing=false]
                  se.cambiosys.client.framework.menueditor.internal.InitializingMenuItem[name=null, text=&apos;Selection of problems&apos;, selected=false, enabled=true, visible=true, showing=false]
                    se.cambiosys.client.framework.core.internal.CambioShortcutMenuButton[name=null, text=&apos;&apos;, selected=false, enabled=true, visible=true, showing=false]
              se.cambiosys.client.framework.components.CambioMenu[name=null, text=&apos;Digital dictation&apos;, selected=false, enabled=true, visible=true, showing=false]
                javax.swing.JPopupMenu[name=null, label=null, enabled=true, visible=false, showing=false]
                  se.cambiosys.client.framework.menueditor.internal.InitializingMenuItem[name=null, text=&apos;Create new dictation&apos;, selected=false, enabled=true, visible=true, showing=false]
                    se.cambiosys.client.framework.core.internal.CambioShortcutMenuButton[name=null, text=&apos;&apos;, selected=false, enabled=true, visible=true, showing=false]
                  se.cambiosys.client.framework.menueditor.internal.InitializingMenuItem[name=null, text=&apos;Dictation list&apos;, selected=false, enabled=true, visible=true, showing=false]
                    se.cambiosys.client.framework.core.internal.CambioShortcutMenuButton[name=null, text=&apos;&apos;, selected=false, enabled=true, visible=true, showing=false]
                  se.cambiosys.client.framework.menueditor.internal.InitializingMenuItem[name=null, text=&apos;Create new dictation from file&apos;, selected=false, enabled=true, visible=true, showing=false]
                    se.cambiosys.client.framework.core.internal.CambioShortcutMenuButton[name=null, text=&apos;&apos;, selected=false, enabled=true, visible=true, showing=false]
                  se.cambiosys.client.framework.menueditor.internal.InitializingMenuItem[name=null, text=&apos;Create new dictation minimized&apos;, selected=false, enabled=true, visible=true, showing=false]
                    se.cambiosys.client.framework.core.internal.CambioShortcutMenuButton[name=null, text=&apos;&apos;, selected=false, enabled=true, visible=true, showing=false]
              se.cambiosys.client.framework.components.CambioMenu[name=null, text=&apos;Birth&apos;, selected=false, enabled=true, visible=true, showing=false]
                javax.swing.JPopupMenu[name=null, label=null, enabled=true, visible=false, showing=false]
                  se.cambiosys.client.framework.menueditor.internal.InitializingMenuItem[name=null, text=&apos;Partogram&apos;, selected=false, enabled=false, visible=true, showing=false]
                    se.cambiosys.client.framework.core.internal.CambioShortcutMenuButton[name=null, text=&apos;&apos;, selected=false, enabled=true, visible=true, showing=false]
                  se.cambiosys.client.framework.menueditor.internal.InitializingMenuItem[name=null, text=&apos;New delivery&apos;, selected=false, enabled=false, visible=true, showing=false]
                    se.cambiosys.client.framework.core.internal.CambioShortcutMenuButton[name=null, text=&apos;&apos;, selected=false, enabled=true, visible=true, showing=false]
                  se.cambiosys.client.framework.menueditor.internal.InitializingMenuItem[name=null, text=&apos;Delete partogram&apos;, selected=false, enabled=false, visible=true, showing=false]
                    se.cambiosys.client.framework.core.internal.CambioShortcutMenuButton[name=null, text=&apos;&apos;, selected=false, enabled=true, visible=true, showing=false]
                  se.cambiosys.client.framework.menueditor.internal.InitializingMenuItem[name=null, text=&apos;Configuration of registrations&apos;, selected=false, enabled=true, visible=true, showing=false]
                    se.cambiosys.client.framework.core.internal.CambioShortcutMenuButton[name=null, text=&apos;&apos;, selected=false, enabled=true, visible=true, showing=false]
                  se.cambiosys.client.framework.menueditor.internal.InitializingMenuItem[name=null, text=&apos;Child number configuration&apos;, selected=false, enabled=true, visible=true, showing=false]
                    se.cambiosys.client.framework.core.internal.CambioShortcutMenuButton[name=null, text=&apos;&apos;, selected=false, enabled=true, visible=true, showing=false]
          se.cambiosys.client.framework.components.CambioMenu[name=null, text=&apos;Window&apos;, selected=false, enabled=true, visible=true, showing=true]
            javax.swing.JPopupMenu[name=null, label=null, enabled=true, visible=false, showing=false]
              se.cambiosys.client.framework.core.internal.MenuHandler$10(se.cambiosys.client.framework.components.CambioCheckBoxMenuItem)[name=null, text=&apos;Keep windows&apos;, selected=true, enabled=true, visible=true, showing=false]
              se.cambiosys.client.framework.menueditor.internal.InitializingMenuItem[name=null, text=&apos;Minimize all&apos;, selected=false, enabled=true, visible=true, showing=false]
                se.cambiosys.client.framework.core.internal.CambioShortcutMenuButton[name=null, text=&apos;&apos;, selected=false, enabled=true, visible=true, showing=false]
          se.cambiosys.client.framework.components.CambioMenu[name=null, text=&apos;Basic Menu&apos;, selected=false, enabled=true, visible=true, showing=true]
            javax.swing.JPopupMenu[name=null, label=null, enabled=true, visible=false, showing=false]
              se.cambiosys.client.framework.menueditor.internal.InitializingMenuItem[name=null, text=&apos;Basic Text&apos;, selected=false, enabled=true, visible=true, showing=false]
                se.cambiosys.client.framework.core.internal.CambioShortcutMenuButton[name=null, text=&apos;&apos;, selected=false, enabled=true, visible=true, showing=false]
          se.cambiosys.client.framework.components.CambioMenu[name=null, text=&apos;Patient administration IP &amp; OP&apos;, selected=false, enabled=true, visible=true, showing=true]
            javax.swing.JPopupMenu[name=null, label=null, enabled=true, visible=false, showing=false]
              se.cambiosys.client.framework.components.CambioMenu[name=null, text=&apos;Administration&apos;, selected=false, enabled=true, visible=true, showing=false]
                javax.swing.JPopupMenu[name=null, label=null, enabled=true, visible=false, showing=false]
                  se.cambiosys.client.framework.menueditor.internal.InitializingMenuItem[name=null, text=&apos;Region membership&apos;, selected=false, enabled=true, visible=true, showing=false]
                    se.cambiosys.client.framework.core.internal.CambioShortcutMenuButton[name=null, text=&apos;&apos;, selected=false, enabled=true, visible=true, showing=false]
                  se.cambiosys.client.framework.menueditor.internal.InitializingMenuItem[name=null, text=&apos;Search order number&apos;, selected=false, enabled=true, visible=true, showing=false]
                    se.cambiosys.client.framework.core.internal.CambioShortcutMenuButton[name=null, text=&apos;&apos;, selected=false, enabled=true, visible=true, showing=false]
                  se.cambiosys.client.framework.menueditor.internal.InitializingMenuItem[name=null, text=&apos;Reception administration &amp; reception period&apos;, selected=false, enabled=true, visible=true, showing=false]
                    se.cambiosys.client.framework.core.internal.CambioShortcutMenuButton[name=null, text=&apos;&apos;, selected=false, enabled=true, visible=true, showing=false]
                  se.cambiosys.client.framework.menueditor.internal.InitializingMenuItem[name=null, text=&apos;Receptions and reception locations&apos;, selected=false, enabled=true, visible=true, showing=false]
                    se.cambiosys.client.framework.core.internal.CambioShortcutMenuButton[name=null, text=&apos;&apos;, selected=false, enabled=true, visible=true, showing=false]
                  se.cambiosys.client.framework.components.CambioMenu[name=null, text=&apos;Contract&apos;, selected=false, enabled=true, visible=true, showing=false]
                    javax.swing.JPopupMenu[name=null, label=null, enabled=true, visible=false, showing=false]
                      se.cambiosys.client.framework.menueditor.internal.InitializingMenuItem[name=null, text=&apos;New base price list&apos;, selected=false, enabled=true, visible=true, showing=false]
                        se.cambiosys.client.framework.core.internal.CambioShortcutMenuButton[name=null, text=&apos;&apos;, selected=false, enabled=true, visible=true, showing=false]
                      se.cambiosys.client.framework.menueditor.internal.InitializingMenuItem[name=null, text=&apos;Open base price list&apos;, selected=false, enabled=true, visible=true, showing=false]
                        se.cambiosys.client.framework.core.internal.CambioShortcutMenuButton[name=null, text=&apos;&apos;, selected=false, enabled=true, visible=true, showing=false]
                      se.cambiosys.client.framework.menueditor.internal.InitializingMenuItem[name=null, text=&apos;New contract&apos;, selected=false, enabled=true, visible=true, showing=false]
                        se.cambiosys.client.framework.core.internal.CambioShortcutMenuButton[name=null, text=&apos;&apos;, selected=false, enabled=true, visible=true, showing=false]
                      se.cambiosys.client.framework.menueditor.internal.InitializingMenuItem[name=null, text=&apos;Open contract&apos;, selected=false, enabled=true, visible=true, showing=false]
                        se.cambiosys.client.framework.core.internal.CambioShortcutMenuButton[name=null, text=&apos;&apos;, selected=false, enabled=true, visible=true, showing=false]
                      se.cambiosys.client.framework.menueditor.internal.InitializingMenuItem[name=null, text=&apos;Administration of contracts of goods sales&apos;, selected=false, enabled=true, visible=true, showing=false]
                        se.cambiosys.client.framework.core.internal.CambioShortcutMenuButton[name=null, text=&apos;&apos;, selected=false, enabled=true, visible=true, showing=false]
                  se.cambiosys.client.framework.menueditor.internal.InitializingMenuItem[name=null, text=&apos;Products&apos;, selected=false, enabled=true, visible=true, showing=false]
                    se.cambiosys.client.framework.core.internal.CambioShortcutMenuButton[name=null, text=&apos;&apos;, selected=false, enabled=true, visible=true, showing=false]
                  se.cambiosys.client.framework.menueditor.internal.InitializingMenuItem[name=null, text=&apos;Goods&apos;, selected=false, enabled=true, visible=true, showing=false]
                    se.cambiosys.client.framework.core.internal.CambioShortcutMenuButton[name=null, text=&apos;&apos;, selected=false, enabled=true, visible=true, showing=false]
                  se.cambiosys.client.framework.menueditor.internal.InitializingMenuItem[name=null, text=&apos;VAT classes&apos;, selected=false, enabled=true, visible=true, showing=false]
                    se.cambiosys.client.framework.core.internal.CambioShortcutMenuButton[name=null, text=&apos;&apos;, selected=false, enabled=true, visible=true, showing=false]
              se.cambiosys.client.framework.menueditor.internal.InitializingMenuItem[name=null, text=&apos;Configure economy exports&apos;, selected=false, enabled=true, visible=true, showing=false]
                se.cambiosys.client.framework.core.internal.CambioShortcutMenuButton[name=null, text=&apos;&apos;, selected=false, enabled=true, visible=true, showing=false]
              se.cambiosys.client.framework.menueditor.internal.InitializingMenuItem[name=null, text=&apos;Export management&apos;, selected=false, enabled=true, visible=true, showing=false]
                se.cambiosys.client.framework.core.internal.CambioShortcutMenuButton[name=null, text=&apos;&apos;, selected=false, enabled=true, visible=true, showing=false]
              se.cambiosys.client.framework.menueditor.internal.InitializingMenuItem[name=null, text=&apos;Visit and procedure registration&apos;, selected=false, enabled=true, visible=true, showing=false]
                se.cambiosys.client.framework.core.internal.CambioShortcutMenuButton[name=null, text=&apos;&apos;, selected=false, enabled=true, visible=true, showing=false]
              se.cambiosys.client.framework.menueditor.internal.InitializingMenuItem[name=null, text=&apos;Inpatient registration&apos;, selected=false, enabled=true, visible=true, showing=false]
                se.cambiosys.client.framework.core.internal.CambioShortcutMenuButton[name=null, text=&apos;&apos;, selected=false, enabled=true, visible=true, showing=false]
              se.cambiosys.client.framework.menueditor.internal.InitializingMenuItem[name=null, text=&apos;Acute overview&apos;, selected=false, enabled=true, visible=true, showing=false]
                se.cambiosys.client.framework.core.internal.CambioShortcutMenuButton[name=null, text=&apos;&apos;, selected=false, enabled=true, visible=true, showing=false]
              se.cambiosys.client.framework.menueditor.internal.InitializingMenuItem[name=null, text=&apos;Registration overview&apos;, selected=false, enabled=true, visible=true, showing=false]
                se.cambiosys.client.framework.core.internal.CambioShortcutMenuButton[name=null, text=&apos;&apos;, selected=false, enabled=true, visible=true, showing=false]
              se.cambiosys.client.framework.menueditor.internal.InitializingMenuItem[name=null, text=&apos;Goods Sale overview&apos;, selected=false, enabled=true, visible=true, showing=false]
                se.cambiosys.client.framework.core.internal.CambioShortcutMenuButton[name=null, text=&apos;&apos;, selected=false, enabled=true, visible=true, showing=false]
              se.cambiosys.client.framework.menueditor.internal.InitializingMenuItem[name=null, text=&apos;Invoice overview&apos;, selected=false, enabled=true, visible=true, showing=false]
                se.cambiosys.client.framework.core.internal.CambioShortcutMenuButton[name=null, text=&apos;&apos;, selected=false, enabled=true, visible=true, showing=false]
              se.cambiosys.client.framework.menueditor.internal.InitializingMenuItem[name=null, text=&apos;Register codes&apos;, selected=false, enabled=false, visible=true, showing=false]
                se.cambiosys.client.framework.core.internal.CambioShortcutMenuButton[name=null, text=&apos;&apos;, selected=false, enabled=true, visible=true, showing=false]
              se.cambiosys.client.framework.menueditor.internal.InitializingMenuItem[name=null, text=&apos;Undo&apos;, selected=false, enabled=true, visible=true, showing=false]
                se.cambiosys.client.framework.core.internal.CambioShortcutMenuButton[name=null, text=&apos;&apos;, selected=false, enabled=true, visible=true, showing=false]
          se.cambiosys.client.framework.components.CambioMenu[name=null, text=&apos;Patient&apos;, selected=false, enabled=true, visible=true, showing=true]
            javax.swing.JPopupMenu[name=null, label=null, enabled=true, visible=false, showing=false]
              se.cambiosys.client.framework.components.CambioMenu[name=null, text=&apos;Groups&apos;, selected=false, enabled=true, visible=true, showing=false]
                javax.swing.JPopupMenu[name=null, label=null, enabled=true, visible=false, showing=false]
                  se.cambiosys.client.framework.menueditor.internal.InitializingMenuItem[name=null, text=&apos;Group card&apos;, selected=false, enabled=false, visible=true, showing=false]
                    se.cambiosys.client.framework.core.internal.CambioShortcutMenuButton[name=null, text=&apos;&apos;, selected=false, enabled=true, visible=true, showing=false]
                  se.cambiosys.client.framework.menueditor.internal.InitializingMenuItem[name=null, text=&apos;Group administration&apos;, selected=false, enabled=true, visible=true, showing=false]
                    se.cambiosys.client.framework.core.internal.CambioShortcutMenuButton[name=null, text=&apos;&apos;, selected=false, enabled=true, visible=true, showing=false]
              se.cambiosys.client.framework.subjectofcare.internal.SecurityOverrideHandlerImpl$1(se.cambiosys.client.framework.components.CambioCheckBoxMenuItem)[name=null, text=&apos;Activate security override&apos;, selected=false, enabled=false, visible=true, showing=false]
              se.cambiosys.client.framework.menueditor.internal.InitializingMenuItem[name=null, text=&apos;Patient card&apos;, selected=false, enabled=true, visible=true, showing=false]
                se.cambiosys.client.framework.core.internal.CambioShortcutMenuButton[name=null, text=&apos;&apos;, selected=false, enabled=true, visible=true, showing=false]
              se.cambiosys.client.framework.menueditor.internal.InitializingMenuItem[name=null, text=&apos;Print patient information&apos;, selected=false, enabled=true, visible=true, showing=false]
                se.cambiosys.client.framework.core.internal.CambioShortcutMenuButton[name=null, text=&apos;&apos;, selected=false, enabled=true, visible=true, showing=false]
              se.cambiosys.client.framework.menueditor.internal.InitializingMenuItem[name=null, text=&apos;Connect mother-child&apos;, selected=false, enabled=false, visible=true, showing=false]
                se.cambiosys.client.framework.core.internal.CambioShortcutMenuButton[name=null, text=&apos;&apos;, selected=false, enabled=true, visible=true, showing=false]
              se.cambiosys.client.framework.menueditor.internal.InitializingMenuItem[name=null, text=&apos;Disconnect child-mother&apos;, selected=false, enabled=false, visible=true, showing=false]
                se.cambiosys.client.framework.core.internal.CambioShortcutMenuButton[name=null, text=&apos;&apos;, selected=false, enabled=true, visible=true, showing=false]
              se.cambiosys.client.framework.menueditor.internal.InitializingMenuItem[name=null, text=&apos;Reservenumber...&apos;, selected=false, enabled=true, visible=true, showing=false]
                se.cambiosys.client.framework.core.internal.CambioShortcutMenuButton[name=null, text=&apos;&apos;, selected=false, enabled=true, visible=true, showing=false]
          se.cambiosys.client.framework.components.CambioMenu[name=null, text=&apos;Link (previous version)&apos;, selected=false, enabled=true, visible=true, showing=true]
            javax.swing.JPopupMenu[name=null, label=null, enabled=true, visible=false, showing=false]
              se.cambiosys.client.framework.menueditor.internal.InitializingMenuItem[name=null, text=&apos;Loading...&apos;, selected=false, enabled=true, visible=true, showing=false]
                se.cambiosys.client.framework.core.internal.CambioShortcutMenuButton[name=null, text=&apos;&apos;, selected=false, enabled=true, visible=true, showing=false]
              se.cambiosys.client.framework.menueditor.internal.InitializingMenuItem[name=null, text=&apos;Loading...&apos;, selected=false, enabled=true, visible=true, showing=false]
                se.cambiosys.client.framework.core.internal.CambioShortcutMenuButton[name=null, text=&apos;&apos;, selected=false, enabled=true, visible=true, showing=false]
          se.cambiosys.client.framework.components.CambioMenu[name=null, text=&apos;File&apos;, selected=false, enabled=true, visible=true, showing=true]
            javax.swing.JPopupMenu[name=null, label=null, enabled=true, visible=false, showing=false]
              se.cambiosys.client.framework.menueditor.internal.InitializingMenuItem[name=null, text=&apos;Change password&apos;, selected=false, enabled=true, visible=true, showing=false]
                se.cambiosys.client.framework.core.internal.CambioShortcutMenuButton[name=null, text=&apos;&apos;, selected=false, enabled=true, visible=true, showing=false]
              se.cambiosys.client.framework.menueditor.internal.InitializingMenuItem[name=null, text=&apos;Lock COSMIC&apos;, selected=false, enabled=true, visible=true, showing=false]
                se.cambiosys.client.framework.core.internal.CambioShortcutMenuButton[name=null, text=&apos;&apos;, selected=false, enabled=true, visible=true, showing=false]
              se.cambiosys.client.framework.menueditor.internal.InitializingMenuItem[name=null, text=&apos;Change profile&apos;, selected=false, enabled=true, visible=true, showing=false]
                se.cambiosys.client.framework.core.internal.CambioShortcutMenuButton[name=null, text=&apos;&apos;, selected=false, enabled=true, visible=true, showing=false]
              se.cambiosys.client.framework.menueditor.internal.InitializingMenuItem[name=null, text=&apos;Log out&apos;, selected=false, enabled=true, visible=true, showing=false]
                se.cambiosys.client.framework.core.internal.CambioShortcutMenuButton[name=null, text=&apos;&apos;, selected=false, enabled=true, visible=true, showing=false]
              se.cambiosys.client.framework.menueditor.internal.InitializingMenuItem[name=null, text=&apos;Quit&apos;, selected=false, enabled=true, visible=true, showing=false]
                se.cambiosys.client.framework.core.internal.CambioShortcutMenuButton[name=null, text=&apos;&apos;, selected=false, enabled=true, visible=true, showing=false]
          se.cambiosys.client.framework.components.CambioMenu[name=null, text=&apos;External Applications&apos;, selected=false, enabled=true, visible=true, showing=true]
            javax.swing.JPopupMenu[name=null, label=null, enabled=true, visible=false, showing=false]
              se.cambiosys.client.framework.menueditor.internal.InitializingMenuItem[name=null, text=&apos;DrCompanion&apos;, selected=false, enabled=true, visible=true, showing=false]
                se.cambiosys.client.framework.core.internal.CambioShortcutMenuButton[name=null, text=&apos;&apos;, selected=false, enabled=true, visible=true, showing=false]
              se.cambiosys.client.framework.menueditor.internal.InitializingMenuItem[name=null, text=&apos;OBSTETRIX (Ext)&apos;, selected=false, enabled=true, visible=true, showing=false]
                se.cambiosys.client.framework.core.internal.CambioShortcutMenuButton[name=null, text=&apos;&apos;, selected=false, enabled=true, visible=true, showing=false]
          se.cambiosys.client.framework.components.CambioMenu[name=null, text=&apos;Analytics&apos;, selected=false, enabled=true, visible=true, showing=true]
            javax.swing.JPopupMenu[name=null, label=null, enabled=true, visible=false, showing=false]
              se.cambiosys.client.framework.menueditor.internal.InitializingMenuItem[name=null, text=&apos;Insight&apos;, selected=false, enabled=true, visible=true, showing=false]
                se.cambiosys.client.framework.core.internal.CambioShortcutMenuButton[name=null, text=&apos;&apos;, selected=false, enabled=true, visible=true, showing=false]
          se.cambiosys.client.framework.components.CambioMenu[name=null, text=&apos;Bed management&apos;, selected=false, enabled=true, visible=true, showing=true]
            javax.swing.JPopupMenu[name=null, label=null, enabled=true, visible=false, showing=false]
              se.cambiosys.client.framework.menueditor.internal.InitializingMenuItem[name=null, text=&apos;Patient search&apos;, selected=false, enabled=true, visible=true, showing=false]
                se.cambiosys.client.framework.core.internal.CambioShortcutMenuButton[name=null, text=&apos;&apos;, selected=false, enabled=true, visible=true, showing=false]
              se.cambiosys.client.framework.menueditor.internal.InitializingMenuItem[name=null, text=&apos;Bed reservation overview&apos;, selected=false, enabled=true, visible=true, showing=false]
                se.cambiosys.client.framework.core.internal.CambioShortcutMenuButton[name=null, text=&apos;&apos;, selected=false, enabled=true, visible=true, showing=false]
              se.cambiosys.client.framework.menueditor.internal.InitializingMenuItem[name=null, text=&apos;Bed Administration&apos;, selected=false, enabled=true, visible=true, showing=false]
                se.cambiosys.client.framework.core.internal.CambioShortcutMenuButton[name=null, text=&apos;&apos;, selected=false, enabled=true, visible=true, showing=false]
      javax.swing.JPanel[name=&apos;null.contentPane&apos;]
        se.cambiosys.client.framework.core.internal.gui.MainWindow$2(javax.swing.JPanel)[name=null]
        se.cambiosys.client.framework.components.CambioDesktopPane[]
          javax.swing.JLabel[name=null, text=&apos;&apos;, enabled=true, visible=true, showing=false]
        se.cambiosys.client.framework.components.CambioPanel[name=null]
          se.cambiosys.client.framework.core.internal.gui.MainWindow$1(se.cambiosys.client.framework.subjectofcare.internal.gui.PatientBannerTopPanel)[name=null]
            se.cambiosys.client.framework.core.internal.gui.SideBarToggleButton[name=null, text=&apos;&apos;, enabled=true, visible=true, showing=true]
            se.cambiosys.client.framework.core.internal.gui.CambioVerticalMenu[name=null]
              javax.swing.JMenuBar[]
                javax.swing.JMenu[name=null, text=&apos;&apos;, selected=true, enabled=true, visible=true, showing=true]
                  javax.swing.JPopupMenu[name=null, label=null, enabled=true, visible=true, showing=true]
                    se.cambiosys.client.framework.core.internal.gui.CambioMenuSearchComponent[name=null]
                      se.cambiosys.client.framework.components.CambioPanel[name=null]
                        javax.swing.JTextField[name=null, text=&apos;&apos;, enabled=true, visible=true, showing=true]
                        se.cambiosys.client.framework.components.CambioLabel[name=&apos;Table.cellRenderer&apos;, text=&apos;&apos;, enabled=true, visible=true, showing=true]
                        se.cambiosys.client.framework.components.CambioButton[name=null, text=&apos;&apos;, enabled=true, visible=false, showing=false]
                    se.cambiosys.client.framework.components.CambioMenu[name=null, text=&apos;Page Object Creator&apos;, selected=false, enabled=true, visible=true, showing=true]
                      javax.swing.JPopupMenu[name=null, label=null, enabled=true, visible=false, showing=false]
                        se.cambiosys.client.framework.menueditor.internal.InitializingMenuItem[name=null, text=&apos;Loading...&apos;, selected=false, enabled=true, visible=true, showing=false]
                          se.cambiosys.client.framework.core.internal.CambioShortcutMenuButton[name=null, text=&apos;&apos;, selected=false, enabled=true, visible=true, showing=false]
                    se.cambiosys.client.framework.components.CambioMenu[name=null, text=&apos;Activity&apos;, selected=false, enabled=true, visible=true, showing=true]
                      javax.swing.JPopupMenu[name=null, label=null, enabled=true, visible=false, showing=false]
                        se.cambiosys.client.framework.menueditor.internal.InitializingMenuItem[name=null, text=&apos;Order&apos;, selected=false, enabled=false, visible=true, showing=false]
                          se.cambiosys.client.framework.core.internal.CambioShortcutMenuButton[name=null, text=&apos;&apos;, selected=true, enabled=true, visible=true, showing=false]
                        se.cambiosys.client.framework.menueditor.internal.InitializingMenuItem[name=null, text=&apos;Order Administration&apos;, selected=false, enabled=true, visible=true, showing=false]
                          se.cambiosys.client.framework.core.internal.CambioShortcutMenuButton[name=null, text=&apos;&apos;, selected=false, enabled=true, visible=true, showing=false]
                    se.cambiosys.client.framework.components.CambioMenu[name=null, text=&apos;Patient Generated Care Entries&apos;, selected=false, enabled=true, visible=true, showing=true]
                      javax.swing.JPopupMenu[name=null, label=null, enabled=true, visible=false, showing=false]
                        se.cambiosys.client.framework.menueditor.internal.InitializingMenuItem[name=null, text=&apos;PG CareEntries Testing Tool&apos;, selected=false, enabled=true, visible=true, showing=false]
                          se.cambiosys.client.framework.core.internal.CambioShortcutMenuButton[name=null, text=&apos;&apos;, selected=false, enabled=true, visible=true, showing=false]
                    se.cambiosys.client.framework.components.CambioMenu[name=null, text=&apos;Referral&apos;, selected=false, enabled=true, visible=true, showing=true]
                      javax.swing.JPopupMenu[name=null, label=null, enabled=true, visible=false, showing=false]
                        se.cambiosys.client.framework.menueditor.internal.InitializingMenuItem[name=null, text=&apos;New referral&apos;, selected=false, enabled=true, visible=true, showing=false]
                          se.cambiosys.client.framework.core.internal.CambioShortcutMenuButton[name=null, text=&apos;&apos;, selected=false, enabled=true, visible=true, showing=false]
                        se.cambiosys.client.framework.menueditor.internal.InitializingMenuItem[name=null, text=&apos;Received referrals&apos;, selected=false, enabled=true, visible=true, showing=false]
                          se.cambiosys.client.framework.core.internal.CambioShortcutMenuButton[name=null, text=&apos;&apos;, selected=false, enabled=true, visible=true, showing=false]
                        se.cambiosys.client.framework.menueditor.internal.InitializingMenuItem[name=null, text=&apos;Register referral&apos;, selected=false, enabled=true, visible=true, showing=false]
                          se.cambiosys.client.framework.core.internal.CambioShortcutMenuButton[name=null, text=&apos;&apos;, selected=false, enabled=true, visible=true, showing=false]
                        se.cambiosys.client.framework.menueditor.internal.InitializingMenuItem[name=null, text=&apos;Saved and sent referrals&apos;, selected=false, enabled=true, visible=true, showing=false]
                          se.cambiosys.client.framework.core.internal.CambioShortcutMenuButton[name=null, text=&apos;&apos;, selected=false, enabled=true, visible=true, showing=false]
                        se.cambiosys.client.framework.menueditor.internal.InitializingMenuItem[name=null, text=&apos;Patient&apos;s list of answers&apos;, selected=false, enabled=true, visible=true, showing=false]
                          se.cambiosys.client.framework.core.internal.CambioShortcutMenuButton[name=null, text=&apos;&apos;, selected=false, enabled=true, visible=true, showing=false]
                        se.cambiosys.client.framework.components.CambioMenu[name=null, text=&apos;Administration&apos;, selected=false, enabled=true, visible=true, showing=false]
                          javax.swing.JPopupMenu[name=null, label=null, enabled=true, visible=false, showing=false]
                            se.cambiosys.client.framework.menueditor.internal.InitializingMenuItem[name=null, text=&apos;Documentation templates&apos;, selected=false, enabled=true, visible=true, showing=false]
                              se.cambiosys.client.framework.core.internal.CambioShortcutMenuButton[name=null, text=&apos;&apos;, selected=false, enabled=true, visible=true, showing=false]
                    se.cambiosys.client.framework.components.CambioMenu[name=null, text=&apos;Link&apos;, selected=false, enabled=true, visible=true, showing=true]
                      javax.swing.JPopupMenu[name=null, label=null, enabled=true, visible=false, showing=false]
                        se.cambiosys.client.framework.menueditor.internal.InitializingMenuItem[name=null, text=&apos;Case overview&apos;, selected=false, enabled=true, visible=true, showing=false]
                          se.cambiosys.client.framework.core.internal.CambioShortcutMenuButton[name=null, text=&apos;&apos;, selected=false, enabled=true, visible=true, showing=false]
                        se.cambiosys.client.framework.components.CambioMenu[name=null, text=&apos;Administration&apos;, selected=false, enabled=true, visible=true, showing=false]
                          javax.swing.JPopupMenu[name=null, label=null, enabled=true, visible=false, showing=false]
                            se.cambiosys.client.framework.menueditor.internal.InitializingMenuItem[name=null, text=&apos;Suggested Admission message receivers&apos;, selected=false, enabled=true, visible=true, showing=false]
                              se.cambiosys.client.framework.core.internal.CambioShortcutMenuButton[name=null, text=&apos;&apos;, selected=false, enabled=true, visible=true, showing=false]
                    se.cambiosys.client.framework.components.CambioMenu[name=null, text=&apos;Fluid balance&apos;, selected=false, enabled=true, visible=true, showing=true]
                      javax.swing.JPopupMenu[name=null, label=null, enabled=true, visible=false, showing=false]
                        se.cambiosys.client.framework.menueditor.internal.InitializingMenuItem[name=null, text=&apos;Fluid Balance&apos;, selected=false, enabled=true, visible=true, showing=false]
                          se.cambiosys.client.framework.core.internal.CambioShortcutMenuButton[name=null, text=&apos;&apos;, selected=false, enabled=true, visible=true, showing=false]
                    se.cambiosys.client.framework.components.CambioMenu[name=null, text=&apos;Help&apos;, selected=false, enabled=true, visible=true, showing=true]
                      javax.swing.JPopupMenu[name=null, label=null, enabled=true, visible=false, showing=false]
                        se.cambiosys.client.framework.menueditor.internal.InitializingMenuItem[name=null, text=&apos;About Cambio COSMIC...&apos;, selected=false, enabled=true, visible=true, showing=false]
                          se.cambiosys.client.framework.core.internal.CambioShortcutMenuButton[name=null, text=&apos;&apos;, selected=false, enabled=true, visible=true, showing=false]
                        se.cambiosys.client.framework.menueditor.internal.InitializingMenuItem[name=null, text=&apos;Help for Cosmic&apos;, selected=false, enabled=true, visible=true, showing=false]
                          se.cambiosys.client.framework.core.internal.CambioShortcutMenuButton[name=null, text=&apos;&apos;, selected=false, enabled=true, visible=true, showing=false]
                    se.cambiosys.client.framework.components.CambioMenu[name=null, text=&apos;CDS&apos;, selected=false, enabled=true, visible=true, showing=true]
                      javax.swing.JPopupMenu[name=null, label=null, enabled=true, visible=false, showing=false]
                        se.cambiosys.client.framework.menueditor.internal.InitializingMenuItem[name=null, text=&apos;CDS App Administration&apos;, selected=false, enabled=true, visible=true, showing=false]
                          se.cambiosys.client.framework.core.internal.CambioShortcutMenuButton[name=null, text=&apos;&apos;, selected=false, enabled=true, visible=true, showing=false]
                        se.cambiosys.client.framework.menueditor.internal.InitializingMenuItem[name=null, text=&apos;Stroke Prevention for Atrial Fibrillation&apos;, selected=false, enabled=true, visible=true, showing=false]
                          se.cambiosys.client.framework.core.internal.CambioShortcutMenuButton[name=null, text=&apos;&apos;, selected=false, enabled=true, visible=true, showing=false]
                    se.cambiosys.client.framework.components.CambioMenu[name=null, text=&apos;Resource planning&apos;, selected=false, enabled=true, visible=true, showing=true]
                      javax.swing.JPopupMenu[name=null, label=null, enabled=true, visible=false, showing=false]
                        se.cambiosys.client.framework.menueditor.internal.InitializingMenuItem[name=null, text=&apos;Schedule&apos;, selected=false, enabled=true, visible=true, showing=false]
                          se.cambiosys.client.framework.core.internal.CambioShortcutMenuButton[name=null, text=&apos;&apos;, selected=false, enabled=true, visible=true, showing=false]
                        se.cambiosys.client.framework.menueditor.internal.InitializingMenuItem[name=null, text=&apos;Schedule groups&apos;, selected=false, enabled=true, visible=true, showing=false]
                          se.cambiosys.client.framework.core.internal.CambioShortcutMenuButton[name=null, text=&apos;&apos;, selected=false, enabled=true, visible=true, showing=false]
                        se.cambiosys.client.framework.menueditor.internal.InitializingMenuItem[name=null, text=&apos;Schedule overview&apos;, selected=false, enabled=true, visible=true, showing=false]
                          se.cambiosys.client.framework.core.internal.CambioShortcutMenuButton[name=null, text=&apos;&apos;, selected=false, enabled=true, visible=true, showing=false]
                        se.cambiosys.client.framework.components.CambioMenu[name=null, text=&apos;Administration&apos;, selected=false, enabled=true, visible=true, showing=false]
                          javax.swing.JPopupMenu[name=null, label=null, enabled=true, visible=false, showing=false]
                            se.cambiosys.client.framework.menueditor.internal.InitializingMenuItem[name=null, text=&apos;Connect time slot services&apos;, selected=false, enabled=true, visible=true, showing=false]
                              se.cambiosys.client.framework.core.internal.CambioShortcutMenuButton[name=null, text=&apos;&apos;, selected=false, enabled=true, visible=true, showing=false]
                            se.cambiosys.client.framework.components.CambioMenu[name=null, text=&apos;Scheme&apos;, selected=false, enabled=true, visible=true, showing=false]
                              javax.swing.JPopupMenu[name=null, label=null, enabled=true, visible=false, showing=false]
                                se.cambiosys.client.framework.menueditor.internal.InitializingMenuItem[name=null, text=&apos;Services scheme&apos;, selected=false, enabled=true, visible=true, showing=false]
                                  se.cambiosys.client.framework.core.internal.CambioShortcutMenuButton[name=null, text=&apos;&apos;, selected=false, enabled=true, visible=true, showing=false]
                                se.cambiosys.client.framework.menueditor.internal.InitializingMenuItem[name=null, text=&apos;Scheme templates&apos;, selected=false, enabled=true, visible=true, showing=false]
                                  se.cambiosys.client.framework.core.internal.CambioShortcutMenuButton[name=null, text=&apos;&apos;, selected=false, enabled=true, visible=true, showing=false]
                                se.cambiosys.client.framework.menueditor.internal.InitializingMenuItem[name=null, text=&apos;Resource&apos;s scheme&apos;, selected=false, enabled=true, visible=true, showing=false]
                                  se.cambiosys.client.framework.core.internal.CambioShortcutMenuButton[name=null, text=&apos;&apos;, selected=false, enabled=true, visible=true, showing=false]
                            se.cambiosys.client.framework.components.CambioMenu[name=null, text=&apos;Staffing&apos;, selected=false, enabled=true, visible=true, showing=false]
                              javax.swing.JPopupMenu[name=null, label=null, enabled=true, visible=false, showing=false]
                                se.cambiosys.client.framework.menueditor.internal.InitializingMenuItem[name=null, text=&apos;Allocate resources - Services scheme&apos;, selected=false, enabled=true, visible=true, showing=false]
                                  se.cambiosys.client.framework.core.internal.CambioShortcutMenuButton[name=null, text=&apos;&apos;, selected=false, enabled=true, visible=true, showing=false]
                                se.cambiosys.client.framework.menueditor.internal.InitializingMenuItem[name=null, text=&apos;Allocate resources - Scheme templates&apos;, selected=false, enabled=true, visible=true, showing=false]
                                  se.cambiosys.client.framework.core.internal.CambioShortcutMenuButton[name=null, text=&apos;&apos;, selected=false, enabled=true, visible=true, showing=false]
                                se.cambiosys.client.framework.menueditor.internal.InitializingMenuItem[name=null, text=&apos;Services missing resources&apos;, selected=false, enabled=true, visible=true, showing=false]
                                  se.cambiosys.client.framework.core.internal.CambioShortcutMenuButton[name=null, text=&apos;&apos;, selected=false, enabled=true, visible=true, showing=false]
                        se.cambiosys.client.framework.menueditor.internal.InitializingMenuItem[name=null, text=&apos;Planned activities&apos;, selected=false, enabled=true, visible=true, showing=false]
                          se.cambiosys.client.framework.core.internal.CambioShortcutMenuButton[name=null, text=&apos;&apos;, selected=false, enabled=true, visible=true, showing=false]
                        se.cambiosys.client.framework.menueditor.internal.InitializingMenuItem[name=null, text=&apos;Planning form&apos;, selected=false, enabled=true, visible=true, showing=false]
                          se.cambiosys.client.framework.core.internal.CambioShortcutMenuButton[name=null, text=&apos;&apos;, selected=false, enabled=true, visible=true, showing=false]
                        se.cambiosys.client.framework.menueditor.internal.InitializingMenuItem[name=null, text=&apos;Light planning form&apos;, selected=false, enabled=true, visible=true, showing=false]
                          se.cambiosys.client.framework.core.internal.CambioShortcutMenuButton[name=null, text=&apos;&apos;, selected=false, enabled=true, visible=true, showing=false]
                    se.cambiosys.client.framework.components.CambioMenu[name=null, text=&apos;Activity handling&apos;, selected=false, enabled=true, visible=true, showing=true]
                      javax.swing.JPopupMenu[name=null, label=null, enabled=true, visible=false, showing=false]
                        se.cambiosys.client.framework.menueditor.internal.InitializingMenuItem[name=null, text=&apos;Activity handler&apos;, selected=false, enabled=true, visible=true, showing=false]
                          se.cambiosys.client.framework.core.internal.CambioShortcutMenuButton[name=null, text=&apos;&apos;, selected=false, enabled=true, visible=true, showing=false]
                        se.cambiosys.client.framework.components.CambioMenu[name=null, text=&apos;Administration&apos;, selected=false, enabled=true, visible=true, showing=false]
                          javax.swing.JPopupMenu[name=null, label=null, enabled=true, visible=false, showing=false]
                            se.cambiosys.client.framework.menueditor.internal.InitializingMenuItem[name=null, text=&apos;Configuration of Activity plans&apos;, selected=false, enabled=true, visible=true, showing=false]
                              se.cambiosys.client.framework.core.internal.CambioShortcutMenuButton[name=null, text=&apos;&apos;, selected=false, enabled=true, visible=true, showing=false]
                            se.cambiosys.client.framework.menueditor.internal.InitializingMenuItem[name=null, text=&apos;Configuration of activity plan activation&apos;, selected=false, enabled=true, visible=true, showing=false]
                              se.cambiosys.client.framework.core.internal.CambioShortcutMenuButton[name=null, text=&apos;&apos;, selected=false, enabled=true, visible=true, showing=false]
                    se.cambiosys.client.framework.components.CambioMenu[name=null, text=&apos;Drugs&apos;, selected=false, enabled=true, visible=true, showing=true]
                      javax.swing.JPopupMenu[name=null, label=null, enabled=true, visible=false, showing=false]
                        se.cambiosys.client.framework.menueditor.internal.InitializingMenuItem[name=null, text=&apos;Appliance&apos;, selected=false, enabled=true, visible=true, showing=false]
                          se.cambiosys.client.framework.core.internal.CambioShortcutMenuButton[name=null, text=&apos;&apos;, selected=false, enabled=true, visible=true, showing=false]
                        se.cambiosys.client.framework.menueditor.internal.InitializingMenuItem[name=null, text=&apos;Prescription&apos;, selected=false, enabled=true, visible=true, showing=false]
                          se.cambiosys.client.framework.core.internal.CambioShortcutMenuButton[name=null, text=&apos;&apos;, selected=false, enabled=true, visible=true, showing=false]
                        se.cambiosys.client.framework.menueditor.internal.InitializingMenuItem[name=null, text=&apos;R8.0 List of medications&apos;, selected=false, enabled=true, visible=true, showing=false]
                          se.cambiosys.client.framework.core.internal.CambioShortcutMenuButton[name=null, text=&apos;&apos;, selected=false, enabled=true, visible=true, showing=false]
                        se.cambiosys.client.framework.components.CambioMenu[name=null, text=&apos;Administration&apos;, selected=false, enabled=true, visible=true, showing=false]
                          javax.swing.JPopupMenu[name=null, label=null, enabled=true, visible=false, showing=false]
                            se.cambiosys.client.framework.menueditor.internal.InitializingMenuItem[name=null, text=&apos;Sent E-prescriptions&apos;, selected=false, enabled=true, visible=true, showing=false]
                              se.cambiosys.client.framework.core.internal.CambioShortcutMenuButton[name=null, text=&apos;&apos;, selected=false, enabled=true, visible=true, showing=false]
                        se.cambiosys.client.framework.menueditor.internal.InitializingMenuItem[name=null, text=&apos;Warnings, cautions and infected blood&apos;, selected=false, enabled=false, visible=true, showing=false]
                          se.cambiosys.client.framework.core.internal.CambioShortcutMenuButton[name=null, text=&apos;&apos;, selected=false, enabled=true, visible=true, showing=false]
                        se.cambiosys.client.framework.menueditor.internal.InitializingMenuItem[name=null, text=&apos;Medical administration record&apos;, selected=false, enabled=true, visible=true, showing=false]
                          se.cambiosys.client.framework.core.internal.CambioShortcutMenuButton[name=null, text=&apos;&apos;, selected=false, enabled=true, visible=true, showing=false]
                        se.cambiosys.client.framework.menueditor.internal.InitializingMenuItem[name=null, text=&apos;Decision about medication at admission&apos;, selected=false, enabled=true, visible=true, showing=false]
                          se.cambiosys.client.framework.core.internal.CambioShortcutMenuButton[name=null, text=&apos;&apos;, selected=false, enabled=true, visible=true, showing=false]
                    se.cambiosys.client.framework.components.CambioMenu[name=null, text=&apos;Concept&apos;, selected=false, enabled=true, visible=true, showing=true]
                      javax.swing.JPopupMenu[name=null, label=null, enabled=true, visible=false, showing=false]
                        se.cambiosys.client.framework.menueditor.internal.InitializingMenuItem[name=null, text=&apos;Terminology binding configuration&apos;, selected=false, enabled=true, visible=true, showing=false]
                          se.cambiosys.client.framework.core.internal.CambioShortcutMenuButton[name=null, text=&apos;&apos;, selected=false, enabled=true, visible=true, showing=false]
                    se.cambiosys.client.framework.components.CambioMenu[name=null, text=&apos;Block Administration&apos;, selected=false, enabled=true, visible=true, showing=true]
                      javax.swing.JPopupMenu[name=null, label=null, enabled=true, visible=false, showing=false]
                        se.cambiosys.client.framework.menueditor.internal.InitializingMenuItem[name=null, text=&apos;Block Administration&apos;, selected=false, enabled=true, visible=true, showing=false]
                          se.cambiosys.client.framework.core.internal.CambioShortcutMenuButton[name=null, text=&apos;&apos;, selected=false, enabled=true, visible=true, showing=false]
                    se.cambiosys.client.framework.components.CambioMenu[name=null, text=&apos;Overviews&apos;, selected=false, enabled=true, visible=true, showing=true]
                      javax.swing.JPopupMenu[name=null, label=null, enabled=true, visible=false, showing=false]
                        se.cambiosys.client.framework.menueditor.internal.InitializingMenuItem[name=null, text=&apos;Unsigned and Unacknowledged&apos;, selected=false, enabled=true, visible=true, showing=false]
                          se.cambiosys.client.framework.core.internal.CambioShortcutMenuButton[name=null, text=&apos;&apos;, selected=false, enabled=true, visible=true, showing=false]
                        se.cambiosys.client.framework.components.CambioMenu[name=null, text=&apos;Unit overviews&apos;, selected=false, enabled=true, visible=true, showing=false]
                          javax.swing.JPopupMenu[name=null, label=null, enabled=true, visible=false, showing=false]
                            se.cambiosys.client.framework.menueditor.internal.InitializingMenuItem[name=null, text=&apos;Services&apos;, selected=false, enabled=true, visible=true, showing=false]
                              se.cambiosys.client.framework.core.internal.CambioShortcutMenuButton[name=null, text=&apos;&apos;, selected=false, enabled=true, visible=true, showing=false]
                            se.cambiosys.client.framework.menueditor.internal.InitializingMenuItem[name=null, text=&apos;Commitment&apos;, selected=false, enabled=true, visible=true, showing=false]
                              se.cambiosys.client.framework.core.internal.CambioShortcutMenuButton[name=null, text=&apos;&apos;, selected=false, enabled=true, visible=true, showing=false]
                            se.cambiosys.client.framework.menueditor.internal.InitializingMenuItem[name=null, text=&apos;Admission overview&apos;, selected=false, enabled=true, visible=true, showing=false]
                              se.cambiosys.client.framework.core.internal.CambioShortcutMenuButton[name=null, text=&apos;&apos;, selected=false, enabled=true, visible=true, showing=false]
                            se.cambiosys.client.framework.menueditor.internal.InitializingMenuItem[name=null, text=&apos;Loading...&apos;, selected=false, enabled=true, visible=true, showing=false]
                              se.cambiosys.client.framework.core.internal.CambioShortcutMenuButton[name=null, text=&apos;&apos;, selected=false, enabled=true, visible=true, showing=false]
                            se.cambiosys.client.framework.menueditor.internal.InitializingMenuItem[name=null, text=&apos;Loading...&apos;, selected=false, enabled=true, visible=true, showing=false]
                              se.cambiosys.client.framework.core.internal.CambioShortcutMenuButton[name=null, text=&apos;&apos;, selected=false, enabled=true, visible=true, showing=false]
                        se.cambiosys.client.framework.menueditor.internal.InitializingMenuItem[name=null, text=&apos;Visit Overview&apos;, selected=false, enabled=true, visible=true, showing=false]
                          se.cambiosys.client.framework.core.internal.CambioShortcutMenuButton[name=null, text=&apos;&apos;, selected=false, enabled=true, visible=true, showing=false]
                        se.cambiosys.client.framework.menueditor.internal.InitializingMenuItem[name=null, text=&apos;Clinical overview - OP&apos;, selected=false, enabled=true, visible=true, showing=false]
                          se.cambiosys.client.framework.core.internal.CambioShortcutMenuButton[name=null, text=&apos;&apos;, selected=false, enabled=true, visible=true, showing=false]
                        se.cambiosys.client.framework.menueditor.internal.InitializingMenuItem[name=null, text=&apos;Clinical overview - IP&apos;, selected=false, enabled=true, visible=true, showing=false]
                          se.cambiosys.client.framework.core.internal.CambioShortcutMenuButton[name=null, text=&apos;&apos;, selected=false, enabled=true, visible=true, showing=false]
                        se.cambiosys.client.framework.menueditor.internal.InitializingMenuItem[name=null, text=&apos;Process view&apos;, selected=false, enabled=true, visible=true, showing=false]
                          se.cambiosys.client.framework.core.internal.CambioShortcutMenuButton[name=null, text=&apos;&apos;, selected=false, enabled=true, visible=true, showing=false]
                        se.cambiosys.client.framework.menueditor.internal.InitializingMenuItem[name=null, text=&apos;Dynamic overviews - Administration&apos;, selected=false, enabled=true, visible=true, showing=false]
                          se.cambiosys.client.framework.core.internal.CambioShortcutMenuButton[name=null, text=&apos;&apos;, selected=false, enabled=true, visible=true, showing=false]
                        se.cambiosys.client.framework.components.CambioMenu[name=null, text=&apos;Dynamic overviews&apos;, selected=false, enabled=true, visible=true, showing=false]
                          javax.swing.JPopupMenu[name=null, label=null, enabled=true, visible=false, showing=false]
                            se.cambiosys.client.overviewmodule.Module$8(se.cambiosys.client.framework.components.CambioMenuItem)[name=null, text=&apos;All views*&apos;, selected=false, enabled=true, visible=true, showing=false]
                              se.cambiosys.client.framework.core.internal.CambioShortcutMenuButton[name=null, text=&apos;&apos;, selected=false, enabled=true, visible=true, showing=false]
                            se.cambiosys.client.overviewmodule.Module$8(se.cambiosys.client.framework.components.CambioMenuItem)[name=null, text=&apos;Doctor*&apos;, selected=false, enabled=true, visible=true, showing=false]
                              se.cambiosys.client.framework.core.internal.CambioShortcutMenuButton[name=null, text=&apos;&apos;, selected=false, enabled=true, visible=true, showing=false]
                            se.cambiosys.client.overviewmodule.Module$8(se.cambiosys.client.framework.components.CambioMenuItem)[name=null, text=&apos;Inpatient*&apos;, selected=false, enabled=true, visible=true, showing=false]
                              se.cambiosys.client.framework.core.internal.CambioShortcutMenuButton[name=null, text=&apos;&apos;, selected=false, enabled=true, visible=true, showing=false]
                            se.cambiosys.client.overviewmodule.Module$8(se.cambiosys.client.framework.components.CambioMenuItem)[name=null, text=&apos;Patient*&apos;, selected=false, enabled=true, visible=true, showing=false]
                              se.cambiosys.client.framework.core.internal.CambioShortcutMenuButton[name=null, text=&apos;&apos;, selected=false, enabled=true, visible=true, showing=false]
                        se.cambiosys.client.framework.menueditor.internal.InitializingMenuItem[name=null, text=&apos;Patient Overview&apos;, selected=false, enabled=true, visible=true, showing=false]
                          se.cambiosys.client.framework.core.internal.CambioShortcutMenuButton[name=null, text=&apos;&apos;, selected=false, enabled=true, visible=true, showing=false]
                        se.cambiosys.client.framework.menueditor.internal.InitializingMenuItem[name=null, text=&apos;Analyse Area&apos;, selected=false, enabled=true, visible=true, showing=false]
                          se.cambiosys.client.framework.core.internal.CambioShortcutMenuButton[name=null, text=&apos;&apos;, selected=false, enabled=true, visible=true, showing=false]
                        se.cambiosys.client.framework.menueditor.internal.InitializingMenuItem[name=null, text=&apos;My Overview&apos;, selected=false, enabled=true, visible=true, showing=false]
                          se.cambiosys.client.framework.core.internal.CambioShortcutMenuButton[name=null, text=&apos;&apos;, selected=false, enabled=true, visible=true, showing=false]
                        se.cambiosys.client.framework.menueditor.internal.InitializingMenuItem[name=null, text=&apos;Management Overview&apos;, selected=false, enabled=true, visible=true, showing=false]
                          se.cambiosys.client.framework.core.internal.CambioShortcutMenuButton[name=null, text=&apos;&apos;, selected=false, enabled=true, visible=true, showing=false]
                        se.cambiosys.client.framework.menueditor.internal.InitializingMenuItem[name=null, text=&apos;List of visits&apos;, selected=false, enabled=true, visible=true, showing=false]
                          se.cambiosys.client.framework.core.internal.CambioShortcutMenuButton[name=null, text=&apos;&apos;, selected=false, enabled=true, visible=true, showing=false]
                        se.cambiosys.client.framework.menueditor.internal.InitializingMenuItem[name=null, text=&apos;Connection Overview&apos;, selected=false, enabled=true, visible=true, showing=false]
                          se.cambiosys.client.framework.core.internal.CambioShortcutMenuButton[name=null, text=&apos;&apos;, selected=false, enabled=true, visible=true, showing=false]
                        se.cambiosys.client.framework.components.CambioMenu[name=null, text=&apos;Unit overview-Administration&apos;, selected=false, enabled=true, visible=true, showing=false]
                          javax.swing.JPopupMenu[name=null, label=null, enabled=true, visible=false, showing=false]
                            se.cambiosys.client.framework.components.CambioMenu[name=null, text=&apos;Priority configuration&apos;, selected=false, enabled=true, visible=true, showing=false]
                              javax.swing.JPopupMenu[name=null, label=null, enabled=true, visible=false, showing=false]
                                se.cambiosys.client.framework.menueditor.internal.InitializingMenuItem[name=null, text=&apos;Loading...&apos;, selected=false, enabled=true, visible=true, showing=false]
                                  se.cambiosys.client.framework.core.internal.CambioShortcutMenuButton[name=null, text=&apos;&apos;, selected=false, enabled=true, visible=true, showing=false]
                                se.cambiosys.client.framework.menueditor.internal.InitializingMenuItem[name=null, text=&apos;Loading...&apos;, selected=false, enabled=true, visible=true, showing=false]
                                  se.cambiosys.client.framework.core.internal.CambioShortcutMenuButton[name=null, text=&apos;&apos;, selected=false, enabled=true, visible=true, showing=false]
                            se.cambiosys.client.framework.components.CambioMenu[name=null, text=&apos;OW Configuration&apos;, selected=false, enabled=true, visible=true, showing=false]
                              javax.swing.JPopupMenu[name=null, label=null, enabled=true, visible=false, showing=false]
                                se.cambiosys.client.framework.menueditor.internal.InitializingMenuItem[name=null, text=&apos;Loading...&apos;, selected=false, enabled=true, visible=true, showing=false]
                                  se.cambiosys.client.framework.core.internal.CambioShortcutMenuButton[name=null, text=&apos;&apos;, selected=false, enabled=true, visible=true, showing=false]
                                se.cambiosys.client.framework.menueditor.internal.InitializingMenuItem[name=null, text=&apos;Loading...&apos;, selected=false, enabled=true, visible=true, showing=false]
                                  se.cambiosys.client.framework.core.internal.CambioShortcutMenuButton[name=null, text=&apos;&apos;, selected=false, enabled=true, visible=true, showing=false]
                                se.cambiosys.client.framework.menueditor.internal.InitializingMenuItem[name=null, text=&apos;Loading...&apos;, selected=false, enabled=true, visible=true, showing=false]
                                  se.cambiosys.client.framework.core.internal.CambioShortcutMenuButton[name=null, text=&apos;&apos;, selected=false, enabled=true, visible=true, showing=false]
                            se.cambiosys.client.framework.menueditor.internal.InitializingMenuItem[name=null, text=&apos;Loading...&apos;, selected=false, enabled=true, visible=true, showing=false]
                              se.cambiosys.client.framework.core.internal.CambioShortcutMenuButton[name=null, text=&apos;&apos;, selected=false, enabled=true, visible=true, showing=false]
                    se.cambiosys.client.framework.components.CambioMenu[name=null, text=&apos;Messenger&apos;, selected=false, enabled=true, visible=true, showing=true]
                      javax.swing.JPopupMenu[name=null, label=null, enabled=true, visible=false, showing=false]
                        se.cambiosys.client.framework.menueditor.internal.InitializingMenuItem[name=null, text=&apos;Inbox&apos;, selected=false, enabled=true, visible=true, showing=false]
                          se.cambiosys.client.framework.core.internal.CambioShortcutMenuButton[name=null, text=&apos;&apos;, selected=false, enabled=true, visible=true, showing=false]
                        se.cambiosys.client.framework.menueditor.internal.InitializingMenuItem[name=null, text=&apos;New message&apos;, selected=false, enabled=true, visible=true, showing=false]
                          se.cambiosys.client.framework.core.internal.CambioShortcutMenuButton[name=null, text=&apos;&apos;, selected=false, enabled=true, visible=true, showing=false]
                        se.cambiosys.client.framework.menueditor.internal.InitializingMenuItem[name=null, text=&apos;New broadcast message&apos;, selected=false, enabled=true, visible=true, showing=false]
                          se.cambiosys.client.framework.core.internal.CambioShortcutMenuButton[name=null, text=&apos;&apos;, selected=false, enabled=true, visible=true, showing=false]
                        se.cambiosys.client.framework.components.CambioMenu[name=null, text=&apos;Administration&apos;, selected=false, enabled=true, visible=true, showing=false]
                          javax.swing.JPopupMenu[name=null, label=null, enabled=true, visible=false, showing=false]
                            se.cambiosys.client.framework.menueditor.internal.InitializingMenuItem[name=null, text=&apos;Recipient group&apos;, selected=false, enabled=true, visible=true, showing=false]
                              se.cambiosys.client.framework.core.internal.CambioShortcutMenuButton[name=null, text=&apos;&apos;, selected=false, enabled=true, visible=true, showing=false]
                            se.cambiosys.client.framework.menueditor.internal.InitializingMenuItem[name=null, text=&apos;Messenger accounts&apos;, selected=false, enabled=true, visible=true, showing=false]
                              se.cambiosys.client.framework.core.internal.CambioShortcutMenuButton[name=null, text=&apos;&apos;, selected=false, enabled=true, visible=true, showing=false]
                            se.cambiosys.client.framework.menueditor.internal.InitializingMenuItem[name=null, text=&apos;Access to other users&apos; Messenger accounts&apos;, selected=false, enabled=true, visible=true, showing=false]
                              se.cambiosys.client.framework.core.internal.CambioShortcutMenuButton[name=null, text=&apos;&apos;, selected=false, enabled=true, visible=true, showing=false]
                            se.cambiosys.client.framework.menueditor.internal.InitializingMenuItem[name=null, text=&apos;Out of office administration&apos;, selected=false, enabled=true, visible=true, showing=false]
                              se.cambiosys.client.framework.core.internal.CambioShortcutMenuButton[name=null, text=&apos;&apos;, selected=false, enabled=true, visible=true, showing=false]
                    se.cambiosys.client.framework.components.CambioMenu[name=null, text=&apos;Administration&apos;, selected=false, enabled=true, visible=true, showing=true]
                      javax.swing.JPopupMenu[name=null, label=null, enabled=true, visible=false, showing=false]
                        se.cambiosys.client.framework.menueditor.internal.InitializingMenuItem[name=null, text=&apos;Unit register&apos;, selected=false, enabled=true, visible=true, showing=false]
                          se.cambiosys.client.framework.core.internal.CambioShortcutMenuButton[name=null, text=&apos;&apos;, selected=false, enabled=true, visible=true, showing=false]
                        se.cambiosys.client.framework.menueditor.internal.InitializingMenuItem[name=null, text=&apos;Resources&apos;, selected=false, enabled=true, visible=true, showing=false]
                          se.cambiosys.client.framework.core.internal.CambioShortcutMenuButton[name=null, text=&apos;&apos;, selected=false, enabled=true, visible=true, showing=false]
                        se.cambiosys.client.framework.components.CambioMenu[name=null, text=&apos;Permission&apos;, selected=false, enabled=true, visible=true, showing=false]
                          javax.swing.JPopupMenu[name=null, label=null, enabled=true, visible=false, showing=false]
                            se.cambiosys.client.framework.menueditor.internal.InitializingMenuItem[name=null, text=&apos;Define access&apos;, selected=false, enabled=true, visible=true, showing=false]
                              se.cambiosys.client.framework.core.internal.CambioShortcutMenuButton[name=null, text=&apos;&apos;, selected=false, enabled=true, visible=true, showing=false]
                            se.cambiosys.client.framework.menueditor.internal.InitializingMenuItem[name=null, text=&apos;Access overview&apos;, selected=false, enabled=true, visible=true, showing=false]
                              se.cambiosys.client.framework.core.internal.CambioShortcutMenuButton[name=null, text=&apos;&apos;, selected=false, enabled=true, visible=true, showing=false]
                            se.cambiosys.client.framework.menueditor.internal.InitializingMenuItem[name=null, text=&apos;Profile manager&apos;, selected=false, enabled=true, visible=true, showing=false]
                              se.cambiosys.client.framework.core.internal.CambioShortcutMenuButton[name=null, text=&apos;&apos;, selected=false, enabled=true, visible=true, showing=false]
                        se.cambiosys.client.framework.components.CambioMenu[name=null, text=&apos;Settings&apos;, selected=false, enabled=true, visible=true, showing=false]
                          javax.swing.JPopupMenu[name=null, label=null, enabled=true, visible=false, showing=false]
                            se.cambiosys.client.framework.menueditor.internal.InitializingMenuItem[name=null, text=&apos;Log settings&apos;, selected=false, enabled=true, visible=true, showing=false]
                              se.cambiosys.client.framework.core.internal.CambioShortcutMenuButton[name=null, text=&apos;&apos;, selected=false, enabled=true, visible=true, showing=false]
                            se.cambiosys.client.framework.menueditor.internal.InitializingMenuItem[name=null, text=&apos;Server settings&apos;, selected=false, enabled=true, visible=true, showing=false]
                              se.cambiosys.client.framework.core.internal.CambioShortcutMenuButton[name=null, text=&apos;&apos;, selected=false, enabled=true, visible=true, showing=false]
                            se.cambiosys.client.framework.menueditor.internal.InitializingMenuItem[name=null, text=&apos;Personal settings and selections&apos;, selected=false, enabled=true, visible=true, showing=false]
                              se.cambiosys.client.framework.core.internal.CambioShortcutMenuButton[name=null, text=&apos;&apos;, selected=false, enabled=true, visible=true, showing=false]
                            se.cambiosys.client.framework.menueditor.internal.InitializingMenuItem[name=null, text=&apos;Global settings and selections&apos;, selected=false, enabled=true, visible=true, showing=false]
                              se.cambiosys.client.framework.core.internal.CambioShortcutMenuButton[name=null, text=&apos;&apos;, selected=false, enabled=true, visible=true, showing=false]
                            se.cambiosys.client.framework.menueditor.internal.InitializingMenuItem[name=null, text=&apos;Settings and selections&apos;, selected=false, enabled=true, visible=true, showing=false]
                              se.cambiosys.client.framework.core.internal.CambioShortcutMenuButton[name=null, text=&apos;&apos;, selected=false, enabled=true, visible=true, showing=false]
                            se.cambiosys.client.framework.menueditor.internal.InitializingMenuItem[name=null, text=&apos;Administration nodes&apos;, selected=false, enabled=true, visible=true, showing=false]
                              se.cambiosys.client.framework.core.internal.CambioShortcutMenuButton[name=null, text=&apos;&apos;, selected=false, enabled=true, visible=true, showing=false]
                            se.cambiosys.client.framework.menueditor.internal.InitializingMenuItem[name=null, text=&apos;Places&apos;, selected=false, enabled=true, visible=true, showing=false]
                              se.cambiosys.client.framework.core.internal.CambioShortcutMenuButton[name=null, text=&apos;&apos;, selected=false, enabled=true, visible=true, showing=false]
                        se.cambiosys.client.framework.menueditor.internal.InitializingMenuItem[name=null, text=&apos;User&apos;, selected=false, enabled=true, visible=true, showing=false]
                          se.cambiosys.client.framework.core.internal.CambioShortcutMenuButton[name=null, text=&apos;&apos;, selected=false, enabled=true, visible=true, showing=false]
                        se.cambiosys.client.framework.menueditor.internal.InitializingMenuItem[name=null, text=&apos;Roles&apos;, selected=false, enabled=true, visible=true, showing=false]
                          se.cambiosys.client.framework.core.internal.CambioShortcutMenuButton[name=null, text=&apos;&apos;, selected=false, enabled=true, visible=true, showing=false]
                        se.cambiosys.client.framework.menueditor.internal.InitializingMenuItem[name=null, text=&apos;Type definitions&apos;, selected=false, enabled=true, visible=true, showing=false]
                          se.cambiosys.client.framework.core.internal.CambioShortcutMenuButton[name=null, text=&apos;&apos;, selected=false, enabled=true, visible=true, showing=false]
                        se.cambiosys.client.framework.components.CambioMenu[name=null, text=&apos;Terms &amp; Concept&apos;, selected=false, enabled=true, visible=true, showing=false]
                          javax.swing.JPopupMenu[name=null, label=null, enabled=true, visible=false, showing=false]
                            se.cambiosys.client.framework.menueditor.internal.InitializingMenuItem[name=null, text=&apos;Terms&apos;, selected=false, enabled=true, visible=true, showing=false]
                              se.cambiosys.client.framework.core.internal.CambioShortcutMenuButton[name=null, text=&apos;&apos;, selected=false, enabled=true, visible=true, showing=false]
                            se.cambiosys.client.framework.menueditor.internal.InitializingMenuItem[name=null, text=&apos;Concept&apos;, selected=false, enabled=true, visible=true, showing=false]
                              se.cambiosys.client.framework.core.internal.CambioShortcutMenuButton[name=null, text=&apos;&apos;, selected=false, enabled=true, visible=true, showing=false]
                        se.cambiosys.client.framework.menueditor.internal.InitializingMenuItem[name=null, text=&apos;Ranges&apos;, selected=false, enabled=true, visible=true, showing=false]
                          se.cambiosys.client.framework.core.internal.CambioShortcutMenuButton[name=null, text=&apos;&apos;, selected=false, enabled=true, visible=true, showing=false]
                        se.cambiosys.client.framework.menueditor.internal.InitializingMenuItem[name=null, text=&apos;Reports&apos;, selected=false, enabled=true, visible=true, showing=false]
                          se.cambiosys.client.framework.core.internal.CambioShortcutMenuButton[name=null, text=&apos;&apos;, selected=false, enabled=true, visible=true, showing=false]
                        se.cambiosys.client.framework.menueditor.internal.InitializingMenuItem[name=null, text=&apos;Import reports&apos;, selected=false, enabled=true, visible=true, showing=false]
                          se.cambiosys.client.framework.core.internal.CambioShortcutMenuButton[name=null, text=&apos;&apos;, selected=false, enabled=true, visible=true, showing=false]
                        se.cambiosys.client.framework.menueditor.internal.InitializingMenuItem[name=null, text=&apos;Phrase editor&apos;, selected=false, enabled=true, visible=true, showing=false]
                          se.cambiosys.client.framework.core.internal.CambioShortcutMenuButton[name=null, text=&apos;&apos;, selected=false, enabled=true, visible=true, showing=false]
                        se.cambiosys.client.framework.components.CambioMenu[name=null, text=&apos;Services&apos;, selected=false, enabled=true, visible=true, showing=false]
                          javax.swing.JPopupMenu[name=null, label=null, enabled=true, visible=false, showing=false]
                            se.cambiosys.client.framework.menueditor.internal.InitializingMenuItem[name=null, text=&apos;Services&apos;, selected=false, enabled=true, visible=true, showing=false]
                              se.cambiosys.client.framework.core.internal.CambioShortcutMenuButton[name=null, text=&apos;&apos;, selected=false, enabled=true, visible=true, showing=false]
                            se.cambiosys.client.framework.menueditor.internal.InitializingMenuItem[name=null, text=&apos;Offers of the unit&apos;, selected=false, enabled=true, visible=true, showing=false]
                              se.cambiosys.client.framework.core.internal.CambioShortcutMenuButton[name=null, text=&apos;&apos;, selected=false, enabled=true, visible=true, showing=false]
                        se.cambiosys.client.framework.menueditor.internal.InitializingMenuItem[name=null, text=&apos;Selection&apos;, selected=false, enabled=true, visible=true, showing=false]
                          se.cambiosys.client.framework.core.internal.CambioShortcutMenuButton[name=null, text=&apos;&apos;, selected=false, enabled=true, visible=true, showing=false]
                        se.cambiosys.client.framework.menueditor.internal.InitializingMenuItem[name=null, text=&apos;Printers&apos;, selected=false, enabled=true, visible=true, showing=false]
                          se.cambiosys.client.framework.core.internal.CambioShortcutMenuButton[name=null, text=&apos;&apos;, selected=false, enabled=true, visible=true, showing=false]
                        se.cambiosys.client.framework.components.CambioMenu[name=null, text=&apos;Secrecy administration&apos;, selected=false, enabled=true, visible=true, showing=false]
                          javax.swing.JPopupMenu[name=null, label=null, enabled=true, visible=false, showing=false]
                            se.cambiosys.client.framework.menueditor.internal.InitializingMenuItem[name=null, text=&apos;Secrecy groups&apos;, selected=false, enabled=true, visible=true, showing=false]
                              se.cambiosys.client.framework.core.internal.CambioShortcutMenuButton[name=null, text=&apos;&apos;, selected=false, enabled=true, visible=true, showing=false]
                            se.cambiosys.client.framework.menueditor.internal.InitializingMenuItem[name=null, text=&apos;Secrecy level&apos;, selected=false, enabled=true, visible=true, showing=false]
                              se.cambiosys.client.framework.core.internal.CambioShortcutMenuButton[name=null, text=&apos;&apos;, selected=false, enabled=true, visible=true, showing=false]
                            se.cambiosys.client.framework.menueditor.internal.InitializingMenuItem[name=null, text=&apos;Secrecy rules&apos;, selected=false, enabled=true, visible=true, showing=false]
                              se.cambiosys.client.framework.core.internal.CambioShortcutMenuButton[name=null, text=&apos;&apos;, selected=false, enabled=true, visible=true, showing=false]
                        se.cambiosys.client.framework.menueditor.internal.InitializingMenuItem[name=null, text=&apos;Schedule backup&apos;, selected=false, enabled=true, visible=true, showing=false]
                          se.cambiosys.client.framework.core.internal.CambioShortcutMenuButton[name=null, text=&apos;&apos;, selected=false, enabled=true, visible=true, showing=false]
                        se.cambiosys.client.framework.menueditor.internal.InitializingMenuItem[name=null, text=&apos;Template administration&apos;, selected=false, enabled=true, visible=true, showing=false]
                          se.cambiosys.client.framework.core.internal.CambioShortcutMenuButton[name=null, text=&apos;&apos;, selected=false, enabled=true, visible=true, showing=false]
                        se.cambiosys.client.framework.menueditor.internal.InitializingMenuItem[name=null, text=&apos;Printout Handler&apos;, selected=false, enabled=true, visible=true, showing=false]
                          se.cambiosys.client.framework.core.internal.CambioShortcutMenuButton[name=null, text=&apos;&apos;, selected=false, enabled=true, visible=true, showing=false]
                        se.cambiosys.client.framework.menueditor.internal.InitializingMenuItem[name=null, text=&apos;Unit handler&apos;, selected=false, enabled=true, visible=true, showing=false]
                          se.cambiosys.client.framework.core.internal.CambioShortcutMenuButton[name=null, text=&apos;&apos;, selected=false, enabled=true, visible=true, showing=false]
                        se.cambiosys.client.framework.menueditor.internal.InitializingMenuItem[name=null, text=&apos;Access Log&apos;, selected=false, enabled=true, visible=true, showing=false]
                          se.cambiosys.client.framework.core.internal.CambioShortcutMenuButton[name=null, text=&apos;&apos;, selected=false, enabled=true, visible=true, showing=false]
                        se.cambiosys.client.framework.menueditor.internal.InitializingMenuItem[name=null, text=&apos;Configuration of Access Log&apos;, selected=false, enabled=true, visible=true, showing=false]
                          se.cambiosys.client.framework.core.internal.CambioShortcutMenuButton[name=null, text=&apos;&apos;, selected=false, enabled=true, visible=true, showing=false]
                        se.cambiosys.client.framework.menueditor.internal.InitializingMenuItem[name=null, text=&apos;Application logger&apos;, selected=false, enabled=true, visible=true, showing=false]
                          se.cambiosys.client.framework.core.internal.CambioShortcutMenuButton[name=null, text=&apos;&apos;, selected=false, enabled=true, visible=true, showing=false]
                        se.cambiosys.client.framework.menueditor.internal.InitializingMenuItem[name=null, text=&apos;eVisit Configuration&apos;, selected=false, enabled=true, visible=true, showing=false]
                          se.cambiosys.client.framework.core.internal.CambioShortcutMenuButton[name=null, text=&apos;&apos;, selected=false, enabled=true, visible=true, showing=false]
                        se.cambiosys.client.framework.components.CambioMenu[name=null, text=&apos;Order management&apos;, selected=false, enabled=true, visible=true, showing=false]
                          javax.swing.JPopupMenu[name=null, label=null, enabled=true, visible=false, showing=false]
                            se.cambiosys.client.framework.menueditor.internal.InitializingMenuItem[name=null, text=&apos;Catalog administration&apos;, selected=false, enabled=true, visible=true, showing=false]
                              se.cambiosys.client.framework.core.internal.CambioShortcutMenuButton[name=null, text=&apos;&apos;, selected=false, enabled=true, visible=true, showing=false]
                            se.cambiosys.client.framework.menueditor.internal.InitializingMenuItem[name=null, text=&apos;File administration&apos;, selected=false, enabled=true, visible=true, showing=false]
                              se.cambiosys.client.framework.core.internal.CambioShortcutMenuButton[name=null, text=&apos;&apos;, selected=false, enabled=true, visible=true, showing=false]
                            se.cambiosys.client.framework.menueditor.internal.InitializingMenuItem[name=null, text=&apos;Secrecy administration&apos;, selected=false, enabled=true, visible=true, showing=false]
                              se.cambiosys.client.framework.core.internal.CambioShortcutMenuButton[name=null, text=&apos;&apos;, selected=false, enabled=true, visible=true, showing=false]
                            se.cambiosys.client.framework.menueditor.internal.InitializingMenuItem[name=null, text=&apos;Groups/packages/profiles&apos;, selected=false, enabled=true, visible=true, showing=false]
                              se.cambiosys.client.framework.core.internal.CambioShortcutMenuButton[name=null, text=&apos;&apos;, selected=false, enabled=true, visible=true, showing=false]
                            se.cambiosys.client.framework.menueditor.internal.InitializingMenuItem[name=null, text=&apos;Sorting orders&apos;, selected=false, enabled=true, visible=true, showing=false]
                              se.cambiosys.client.framework.core.internal.CambioShortcutMenuButton[name=null, text=&apos;&apos;, selected=false, enabled=true, visible=true, showing=false]
                            se.cambiosys.client.framework.menueditor.internal.InitializingMenuItem[name=null, text=&apos;Local analyses&apos;, selected=false, enabled=true, visible=true, showing=false]
                              se.cambiosys.client.framework.core.internal.CambioShortcutMenuButton[name=null, text=&apos;&apos;, selected=false, enabled=true, visible=true, showing=false]
                            se.cambiosys.client.framework.menueditor.internal.InitializingMenuItem[name=null, text=&apos;Label printer&apos;, selected=false, enabled=true, visible=true, showing=false]
                              se.cambiosys.client.framework.core.internal.CambioShortcutMenuButton[name=null, text=&apos;&apos;, selected=false, enabled=true, visible=true, showing=false]
                        se.cambiosys.client.framework.menueditor.internal.InitializingMenuItem[name=null, text=&apos;Configure Y-axis for Clinical Parameter&apos;, selected=false, enabled=true, visible=true, showing=false]
                          se.cambiosys.client.framework.core.internal.CambioShortcutMenuButton[name=null, text=&apos;&apos;, selected=false, enabled=true, visible=true, showing=false]
                        se.cambiosys.client.framework.components.CambioMenu[name=null, text=&apos;Visits and admissions&apos;, selected=false, enabled=true, visible=true, showing=false]
                          javax.swing.JPopupMenu[name=null, label=null, enabled=true, visible=false, showing=false]
                            se.cambiosys.client.framework.menueditor.internal.InitializingMenuItem[name=null, text=&apos;Create new visit / admission&apos;, selected=false, enabled=true, visible=true, showing=false]
                              se.cambiosys.client.framework.core.internal.CambioShortcutMenuButton[name=null, text=&apos;&apos;, selected=false, enabled=true, visible=true, showing=false]
                            se.cambiosys.client.framework.menueditor.internal.InitializingMenuItem[name=null, text=&apos;Edit visit / admission&apos;, selected=false, enabled=true, visible=true, showing=false]
                              se.cambiosys.client.framework.core.internal.CambioShortcutMenuButton[name=null, text=&apos;&apos;, selected=false, enabled=true, visible=true, showing=false]
                        se.cambiosys.client.framework.components.CambioMenu[name=null, text=&apos;Publishing&apos;, selected=false, enabled=true, visible=true, showing=false]
                          javax.swing.JPopupMenu[name=null, label=null, enabled=true, visible=false, showing=false]
                            se.cambiosys.client.framework.menueditor.internal.InitializingMenuItem[name=null, text=&apos;Mining&apos;, selected=false, enabled=true, visible=true, showing=false]
                              se.cambiosys.client.framework.core.internal.CambioShortcutMenuButton[name=null, text=&apos;&apos;, selected=false, enabled=true, visible=true, showing=false]
                            se.cambiosys.client.framework.menueditor.internal.InitializingMenuItem[name=null, text=&apos;Error management&apos;, selected=false, enabled=true, visible=true, showing=false]
                              se.cambiosys.client.framework.core.internal.CambioShortcutMenuButton[name=null, text=&apos;&apos;, selected=false, enabled=true, visible=true, showing=false]
                        se.cambiosys.client.framework.menueditor.internal.InitializingMenuItem[name=null, text=&apos;CCP Filter Configuration&apos;, selected=false, enabled=true, visible=true, showing=false]
                          se.cambiosys.client.framework.core.internal.CambioShortcutMenuButton[name=null, text=&apos;&apos;, selected=false, enabled=true, visible=true, showing=false]
                        se.cambiosys.client.framework.menueditor.internal.InitializingMenuItem[name=null, text=&apos;Menu editor&apos;, selected=false, enabled=true, visible=true, showing=false]
                          se.cambiosys.client.framework.core.internal.CambioShortcutMenuButton[name=null, text=&apos;&apos;, selected=false, enabled=true, visible=true, showing=false]
                        se.cambiosys.client.framework.menueditor.internal.InitializingMenuItem[name=null, text=&apos;Script&apos;, selected=false, enabled=true, visible=true, showing=false]
                          se.cambiosys.client.framework.core.internal.CambioShortcutMenuButton[name=null, text=&apos;&apos;, selected=false, enabled=true, visible=true, showing=false]
                        se.cambiosys.client.framework.components.CambioMenu[name=null, text=&apos;Spell Check&apos;, selected=false, enabled=true, visible=true, showing=false]
                          javax.swing.JPopupMenu[name=null, label=null, enabled=true, visible=false, showing=false]
                            se.cambiosys.client.framework.menueditor.internal.InitializingMenuItem[name=null, text=&apos;Settings&apos;, selected=false, enabled=true, visible=true, showing=false]
                              se.cambiosys.client.framework.core.internal.CambioShortcutMenuButton[name=null, text=&apos;&apos;, selected=false, enabled=true, visible=true, showing=false]
                            se.cambiosys.client.framework.menueditor.internal.InitializingMenuItem[name=null, text=&apos;User dictionary&apos;, selected=false, enabled=true, visible=true, showing=false]
                              se.cambiosys.client.framework.core.internal.CambioShortcutMenuButton[name=null, text=&apos;&apos;, selected=false, enabled=true, visible=true, showing=false]
                            se.cambiosys.client.framework.menueditor.internal.InitializingMenuItem[name=null, text=&apos;Global dictionary&apos;, selected=false, enabled=true, visible=true, showing=false]
                              se.cambiosys.client.framework.core.internal.CambioShortcutMenuButton[name=null, text=&apos;&apos;, selected=false, enabled=true, visible=true, showing=false]
                    se.cambiosys.client.framework.components.CambioMenu[name=null, text=&apos;Child Healthcare&apos;, selected=false, enabled=true, visible=true, showing=true]
                      javax.swing.JPopupMenu[name=null, label=null, enabled=true, visible=false, showing=false]
                        se.cambiosys.client.framework.menueditor.internal.InitializingMenuItem[name=null, text=&apos;Print Child Healthcare data&apos;, selected=false, enabled=true, visible=true, showing=false]
                          se.cambiosys.client.framework.core.internal.CambioShortcutMenuButton[name=null, text=&apos;&apos;, selected=false, enabled=true, visible=true, showing=false]
                    se.cambiosys.client.framework.components.CambioMenu[name=null, text=&apos;Medication&apos;, selected=false, enabled=true, visible=true, showing=true]
                      javax.swing.JPopupMenu[name=null, label=null, enabled=true, visible=false, showing=false]
                        se.cambiosys.client.framework.components.CambioMenu[name=null, text=&apos;Administration&apos;, selected=false, enabled=true, visible=true, showing=false]
                          javax.swing.JPopupMenu[name=null, label=null, enabled=true, visible=false, showing=false]
                            se.cambiosys.client.framework.menueditor.internal.InitializingMenuItem[name=null, text=&apos;Sent e-recipe overview&apos;, selected=false, enabled=true, visible=true, showing=false]
                              se.cambiosys.client.framework.core.internal.CambioShortcutMenuButton[name=null, text=&apos;&apos;, selected=false, enabled=true, visible=true, showing=false]
                            se.cambiosys.client.framework.menueditor.internal.InitializingMenuItem[name=null, text=&apos;Catalogue administration&apos;, selected=false, enabled=true, visible=true, showing=false]
                              se.cambiosys.client.framework.core.internal.CambioShortcutMenuButton[name=null, text=&apos;&apos;, selected=false, enabled=true, visible=true, showing=false]
                            se.cambiosys.client.framework.menueditor.internal.InitializingMenuItem[name=null, text=&apos;Unit Times and Medicine Cabinet&apos;, selected=false, enabled=true, visible=true, showing=false]
                              se.cambiosys.client.framework.core.internal.CambioShortcutMenuButton[name=null, text=&apos;&apos;, selected=false, enabled=true, visible=true, showing=false]
                            se.cambiosys.client.framework.menueditor.internal.InitializingMenuItem[name=null, text=&apos;Order basis for vaccine&apos;, selected=false, enabled=true, visible=true, showing=false]
                              se.cambiosys.client.framework.core.internal.CambioShortcutMenuButton[name=null, text=&apos;&apos;, selected=false, enabled=true, visible=true, showing=false]
                        se.cambiosys.client.framework.components.CambioMenu[name=null, text=&apos;New prescription&apos;, selected=false, enabled=true, visible=true, showing=false]
                          javax.swing.JPopupMenu[name=null, label=null, enabled=true, visible=false, showing=false]
                            se.cambiosys.client.framework.menueditor.internal.InitializingMenuItem[name=null, text=&apos;Drug&apos;, selected=false, enabled=true, visible=true, showing=false]
                              se.cambiosys.client.framework.core.internal.CambioShortcutMenuButton[name=null, text=&apos;&apos;, selected=false, enabled=true, visible=true, showing=false]
                            se.cambiosys.client.framework.menueditor.internal.InitializingMenuItem[name=null, text=&apos;Nutrition product&apos;, selected=false, enabled=true, visible=true, showing=false]
                              se.cambiosys.client.framework.core.internal.CambioShortcutMenuButton[name=null, text=&apos;&apos;, selected=false, enabled=true, visible=true, showing=false]
                            se.cambiosys.client.framework.menueditor.internal.InitializingMenuItem[name=null, text=&apos;Consumable&apos;, selected=false, enabled=true, visible=true, showing=false]
                              se.cambiosys.client.framework.core.internal.CambioShortcutMenuButton[name=null, text=&apos;&apos;, selected=false, enabled=true, visible=true, showing=false]
                        se.cambiosys.client.framework.components.CambioMenu[name=null, text=&apos;Lists&apos;, selected=false, enabled=true, visible=true, showing=false]
                          javax.swing.JPopupMenu[name=null, label=null, enabled=true, visible=false, showing=false]
                            se.cambiosys.client.framework.menueditor.internal.InitializingMenuItem[name=null, text=&apos;Drugs&apos;, selected=false, enabled=true, visible=true, showing=false]
                              se.cambiosys.client.framework.core.internal.CambioShortcutMenuButton[name=null, text=&apos;&apos;, selected=false, enabled=true, visible=true, showing=false]
                            se.cambiosys.client.framework.menueditor.internal.InitializingMenuItem[name=null, text=&apos;Nutritions&apos;, selected=false, enabled=true, visible=true, showing=false]
                              se.cambiosys.client.framework.core.internal.CambioShortcutMenuButton[name=null, text=&apos;&apos;, selected=false, enabled=true, visible=true, showing=false]
                            se.cambiosys.client.framework.menueditor.internal.InitializingMenuItem[name=null, text=&apos;Consumables&apos;, selected=false, enabled=true, visible=true, showing=false]
                              se.cambiosys.client.framework.core.internal.CambioShortcutMenuButton[name=null, text=&apos;&apos;, selected=false, enabled=true, visible=true, showing=false]
                            se.cambiosys.client.framework.menueditor.internal.InitializingMenuItem[name=null, text=&apos;Vaccination list&apos;, selected=false, enabled=true, visible=true, showing=false]
                              se.cambiosys.client.framework.core.internal.CambioShortcutMenuButton[name=null, text=&apos;&apos;, selected=false, enabled=true, visible=true, showing=false]
                            se.cambiosys.client.framework.menueditor.internal.InitializingMenuItem[name=null, text=&apos;Recipe overview&apos;, selected=false, enabled=true, visible=true, showing=false]
                              se.cambiosys.client.framework.core.internal.CambioShortcutMenuButton[name=null, text=&apos;&apos;, selected=false, enabled=true, visible=true, showing=false]
                        se.cambiosys.client.framework.menueditor.internal.InitializingMenuItem[name=null, text=&apos;Nurse view&apos;, selected=false, enabled=true, visible=true, showing=false]
                          se.cambiosys.client.framework.core.internal.CambioShortcutMenuButton[name=null, text=&apos;&apos;, selected=false, enabled=true, visible=true, showing=false]
                    se.cambiosys.client.framework.components.CambioMenu[name=null, text=&apos;Theatre&apos;, selected=false, enabled=true, visible=true, showing=true]
                      javax.swing.JPopupMenu[name=null, label=null, enabled=true, visible=false, showing=false]
                        se.cambiosys.client.framework.menueditor.internal.InitializingMenuItem[name=null, text=&apos;Create theatre registration&apos;, selected=false, enabled=true, visible=true, showing=false]
                          se.cambiosys.client.framework.core.internal.CambioShortcutMenuButton[name=null, text=&apos;&apos;, selected=false, enabled=true, visible=true, showing=false]
                        se.cambiosys.client.framework.menueditor.internal.InitializingMenuItem[name=null, text=&apos;Operation list&apos;, selected=false, enabled=true, visible=true, showing=false]
                          se.cambiosys.client.framework.core.internal.CambioShortcutMenuButton[name=null, text=&apos;&apos;, selected=false, enabled=true, visible=true, showing=false]
                        se.cambiosys.client.framework.menueditor.internal.InitializingMenuItem[name=null, text=&apos;Planning schedule&apos;, selected=false, enabled=true, visible=true, showing=false]
                          se.cambiosys.client.framework.core.internal.CambioShortcutMenuButton[name=null, text=&apos;&apos;, selected=false, enabled=true, visible=true, showing=false]
                        se.cambiosys.client.framework.menueditor.internal.InitializingMenuItem[name=null, text=&apos;Schedule overview&apos;, selected=false, enabled=true, visible=true, showing=false]
                          se.cambiosys.client.framework.core.internal.CambioShortcutMenuButton[name=null, text=&apos;&apos;, selected=false, enabled=true, visible=true, showing=false]
                        se.cambiosys.client.framework.menueditor.internal.InitializingMenuItem[name=null, text=&apos;Live Schedule&apos;, selected=false, enabled=true, visible=true, showing=false]
                          se.cambiosys.client.framework.core.internal.CambioShortcutMenuButton[name=null, text=&apos;&apos;, selected=false, enabled=true, visible=true, showing=false]
                        se.cambiosys.client.framework.components.CambioMenu[name=null, text=&apos;Administration&apos;, selected=false, enabled=true, visible=true, showing=false]
                          javax.swing.JPopupMenu[name=null, label=null, enabled=true, visible=false, showing=false]
                            se.cambiosys.client.framework.menueditor.internal.InitializingMenuItem[name=null, text=&apos;Templates for Anaesthetic, Th.record, Recovery&apos;, selected=false, enabled=true, visible=true, showing=false]
                              se.cambiosys.client.framework.core.internal.CambioShortcutMenuButton[name=null, text=&apos;&apos;, selected=false, enabled=true, visible=true, showing=false]
                            se.cambiosys.client.framework.menueditor.internal.InitializingMenuItem[name=null, text=&apos;Basic templates for Th. registration&apos;, selected=false, enabled=true, visible=true, showing=false]
                              se.cambiosys.client.framework.core.internal.CambioShortcutMenuButton[name=null, text=&apos;&apos;, selected=false, enabled=true, visible=true, showing=false]
                            se.cambiosys.client.framework.menueditor.internal.InitializingMenuItem[name=null, text=&apos;Templates for Waypoints&apos;, selected=false, enabled=true, visible=true, showing=false]
                              se.cambiosys.client.framework.core.internal.CambioShortcutMenuButton[name=null, text=&apos;&apos;, selected=false, enabled=true, visible=true, showing=false]
                            se.cambiosys.client.framework.menueditor.internal.InitializingMenuItem[name=null, text=&apos;Theatre suite administration&apos;, selected=false, enabled=true, visible=true, showing=false]
                              se.cambiosys.client.framework.core.internal.CambioShortcutMenuButton[name=null, text=&apos;&apos;, selected=false, enabled=true, visible=true, showing=false]
                            se.cambiosys.client.framework.menueditor.internal.InitializingMenuItem[name=null, text=&apos;Medical priority&apos;, selected=false, enabled=true, visible=true, showing=false]
                              se.cambiosys.client.framework.core.internal.CambioShortcutMenuButton[name=null, text=&apos;&apos;, selected=false, enabled=true, visible=true, showing=false]
                            se.cambiosys.client.framework.menueditor.internal.InitializingMenuItem[name=null, text=&apos;Keyword mapping&apos;, selected=false, enabled=true, visible=true, showing=false]
                              se.cambiosys.client.framework.core.internal.CambioShortcutMenuButton[name=null, text=&apos;&apos;, selected=false, enabled=true, visible=true, showing=false]
                            se.cambiosys.client.framework.menueditor.internal.InitializingMenuItem[name=null, text=&apos;Create theatres&apos;, selected=false, enabled=true, visible=true, showing=false]
                              se.cambiosys.client.framework.core.internal.CambioShortcutMenuButton[name=null, text=&apos;&apos;, selected=false, enabled=true, visible=true, showing=false]
                            se.cambiosys.client.framework.menueditor.internal.InitializingMenuItem[name=null, text=&apos;Global filters&apos;, selected=false, enabled=true, visible=true, showing=false]
                              se.cambiosys.client.framework.core.internal.CambioShortcutMenuButton[name=null, text=&apos;&apos;, selected=false, enabled=true, visible=true, showing=false]
                            se.cambiosys.client.framework.menueditor.internal.InitializingMenuItem[name=null, text=&apos;Activity lists&apos;, selected=false, enabled=true, visible=true, showing=false]
                              se.cambiosys.client.framework.core.internal.CambioShortcutMenuButton[name=null, text=&apos;&apos;, selected=false, enabled=true, visible=true, showing=false]
                            se.cambiosys.client.framework.menueditor.internal.InitializingMenuItem[name=null, text=&apos;Templates for Th. registration&apos;, selected=false, enabled=true, visible=true, showing=false]
                              se.cambiosys.client.framework.core.internal.CambioShortcutMenuButton[name=null, text=&apos;&apos;, selected=false, enabled=true, visible=true, showing=false]
                            se.cambiosys.client.framework.menueditor.internal.InitializingMenuItem[name=null, text=&apos;Colour configuration&apos;, selected=false, enabled=true, visible=true, showing=false]
                              se.cambiosys.client.framework.core.internal.CambioShortcutMenuButton[name=null, text=&apos;&apos;, selected=false, enabled=true, visible=true, showing=false]
                            se.cambiosys.client.framework.menueditor.internal.InitializingMenuItem[name=null, text=&apos;Surgical Unit Administration&apos;, selected=false, enabled=true, visible=true, showing=false]
                              se.cambiosys.client.framework.core.internal.CambioShortcutMenuButton[name=null, text=&apos;&apos;, selected=false, enabled=true, visible=true, showing=false]
                            se.cambiosys.client.framework.menueditor.internal.InitializingMenuItem[name=null, text=&apos;Code Packages&apos;, selected=false, enabled=true, visible=true, showing=false]
                              se.cambiosys.client.framework.core.internal.CambioShortcutMenuButton[name=null, text=&apos;&apos;, selected=false, enabled=true, visible=true, showing=false]
                    se.cambiosys.client.framework.components.CambioMenu[name=null, text=&apos;Order management&apos;, selected=false, enabled=true, visible=true, showing=true]
                      javax.swing.JPopupMenu[name=null, label=null, enabled=true, visible=false, showing=false]
                        se.cambiosys.client.framework.menueditor.internal.InitializingMenuItem[name=null, text=&apos;Request&apos;, selected=false, enabled=true, visible=true, showing=false]
                          se.cambiosys.client.framework.core.internal.CambioShortcutMenuButton[name=null, text=&apos;&apos;, selected=false, enabled=true, visible=true, showing=false]
                        se.cambiosys.client.framework.menueditor.internal.InitializingMenuItem[name=null, text=&apos;Specimen collection&apos;, selected=false, enabled=true, visible=true, showing=false]
                          se.cambiosys.client.framework.core.internal.CambioShortcutMenuButton[name=null, text=&apos;&apos;, selected=false, enabled=true, visible=true, showing=false]
                        se.cambiosys.client.framework.menueditor.internal.InitializingMenuItem[name=null, text=&apos;Radiology Request&apos;, selected=false, enabled=true, visible=true, showing=false]
                          se.cambiosys.client.framework.core.internal.CambioShortcutMenuButton[name=null, text=&apos;&apos;, selected=false, enabled=true, visible=true, showing=false]
                        se.cambiosys.client.framework.menueditor.internal.InitializingMenuItem[name=null, text=&apos;Unsent Radiology Request&apos;, selected=false, enabled=true, visible=true, showing=false]
                          se.cambiosys.client.framework.core.internal.CambioShortcutMenuButton[name=null, text=&apos;&apos;, selected=false, enabled=true, visible=true, showing=false]
                        se.cambiosys.client.framework.menueditor.internal.InitializingMenuItem[name=null, text=&apos;Request status&apos;, selected=false, enabled=true, visible=true, showing=false]
                          se.cambiosys.client.framework.core.internal.CambioShortcutMenuButton[name=null, text=&apos;&apos;, selected=false, enabled=true, visible=true, showing=false]
                        se.cambiosys.client.framework.menueditor.internal.InitializingMenuItem[name=null, text=&apos;Local analyses input&apos;, selected=false, enabled=true, visible=true, showing=false]
                          se.cambiosys.client.framework.core.internal.CambioShortcutMenuButton[name=null, text=&apos;&apos;, selected=false, enabled=true, visible=true, showing=false]
                        se.cambiosys.client.framework.menueditor.internal.InitializingMenuItem[name=null, text=&apos;Result inbox&apos;, selected=false, enabled=true, visible=true, showing=false]
                          se.cambiosys.client.framework.core.internal.CambioShortcutMenuButton[name=null, text=&apos;&apos;, selected=false, enabled=true, visible=true, showing=false]
                        se.cambiosys.client.framework.menueditor.internal.InitializingMenuItem[name=null, text=&apos;Test result&apos;, selected=false, enabled=true, visible=true, showing=false]
                          se.cambiosys.client.framework.core.internal.CambioShortcutMenuButton[name=null, text=&apos;&apos;, selected=false, enabled=true, visible=true, showing=false]
                        se.cambiosys.client.framework.menueditor.internal.InitializingMenuItem[name=null, text=&apos;Radiology Report&apos;, selected=false, enabled=true, visible=true, showing=false]
                          se.cambiosys.client.framework.core.internal.CambioShortcutMenuButton[name=null, text=&apos;&apos;, selected=false, enabled=true, visible=true, showing=false]
                        se.cambiosys.client.framework.menueditor.internal.InitializingMenuItem[name=null, text=&apos;Manual input&apos;, selected=false, enabled=true, visible=true, showing=false]
                          se.cambiosys.client.framework.core.internal.CambioShortcutMenuButton[name=null, text=&apos;&apos;, selected=false, enabled=true, visible=true, showing=false]
                        se.cambiosys.client.framework.components.CambioMenu[name=null, text=&apos;Administration&apos;, selected=false, enabled=true, visible=true, showing=false]
                          javax.swing.JPopupMenu[name=null, label=null, enabled=true, visible=false, showing=false]
                            se.cambiosys.client.framework.menueditor.internal.InitializingMenuItem[name=null, text=&apos;Sketch administration&apos;, selected=false, enabled=true, visible=true, showing=false]
                              se.cambiosys.client.framework.core.internal.CambioShortcutMenuButton[name=null, text=&apos;&apos;, selected=false, enabled=true, visible=true, showing=false]
                            se.cambiosys.client.framework.menueditor.internal.InitializingMenuItem[name=null, text=&apos;Pathology request templates&apos;, selected=false, enabled=true, visible=true, showing=false]
                              se.cambiosys.client.framework.core.internal.CambioShortcutMenuButton[name=null, text=&apos;&apos;, selected=false, enabled=true, visible=true, showing=false]
                        se.cambiosys.client.framework.menueditor.internal.InitializingMenuItem[name=null, text=&apos;Signed Radiology Request &apos;, selected=false, enabled=true, visible=true, showing=false]
                          se.cambiosys.client.framework.core.internal.CambioShortcutMenuButton[name=null, text=&apos;&apos;, selected=false, enabled=true, visible=true, showing=false]
                    se.cambiosys.client.framework.components.CambioMenu[name=null, text=&apos;Medical record&apos;, selected=false, enabled=true, visible=true, showing=true]
                      javax.swing.JPopupMenu[name=null, label=null, enabled=true, visible=false, showing=false]
                        se.cambiosys.client.framework.components.CambioMenu[name=null, text=&apos;Medical record table&apos;, selected=false, enabled=true, visible=true, showing=false]
                          javax.swing.JPopupMenu[name=null, label=null, enabled=true, visible=false, showing=false]
                            se.cambiosys.client.framework.menueditor.internal.InitializingMenuItem[name=null, text=&apos;Administration of templates for medical record tables&apos;, selected=false, enabled=true, visible=true, showing=false]
                              se.cambiosys.client.framework.core.internal.CambioShortcutMenuButton[name=null, text=&apos;&apos;, selected=false, enabled=true, visible=true, showing=false]
                            se.cambiosys.client.framework.menueditor.internal.InitializingMenuItem[name=null, text=&apos;New medical record table&apos;, selected=false, enabled=false, visible=true, showing=false]
                              se.cambiosys.client.framework.core.internal.CambioShortcutMenuButton[name=null, text=&apos;&apos;, selected=false, enabled=true, visible=true, showing=false]
                        se.cambiosys.client.framework.menueditor.internal.InitializingMenuItem[name=null, text=&apos;Medical record&apos;, selected=false, enabled=true, visible=true, showing=false]
                          se.cambiosys.client.framework.core.internal.CambioShortcutMenuButton[name=null, text=&apos;&apos;, selected=false, enabled=true, visible=true, showing=false]
                        se.cambiosys.client.framework.menueditor.internal.InitializingMenuItem[name=null, text=&apos;New note&apos;, selected=false, enabled=true, visible=true, showing=false]
                          se.cambiosys.client.framework.core.internal.CambioShortcutMenuButton[name=null, text=&apos;&apos;, selected=false, enabled=true, visible=true, showing=false]
                        se.cambiosys.client.framework.menueditor.internal.InitializingMenuItem[name=null, text=&apos;New form&apos;, selected=false, enabled=true, visible=true, showing=false]
                          se.cambiosys.client.framework.core.internal.CambioShortcutMenuButton[name=null, text=&apos;&apos;, selected=false, enabled=true, visible=true, showing=false]
                        se.cambiosys.client.framework.menueditor.internal.InitializingMenuItem[name=null, text=&apos;New care plan note&apos;, selected=false, enabled=false, visible=false, showing=false]
                          se.cambiosys.client.framework.core.internal.CambioShortcutMenuButton[name=null, text=&apos;&apos;, selected=false, enabled=true, visible=true, showing=false]
                        se.cambiosys.client.framework.menueditor.internal.InitializingMenuItem[name=null, text=&apos;Observation&apos;, selected=false, enabled=true, visible=true, showing=false]
                          se.cambiosys.client.framework.core.internal.CambioShortcutMenuButton[name=null, text=&apos;&apos;, selected=false, enabled=true, visible=true, showing=false]
                        se.cambiosys.client.framework.menueditor.internal.InitializingMenuItem[name=null, text=&apos;Graphic view&apos;, selected=false, enabled=true, visible=true, showing=false]
                          se.cambiosys.client.framework.core.internal.CambioShortcutMenuButton[name=null, text=&apos;&apos;, selected=false, enabled=true, visible=true, showing=false]
                        se.cambiosys.client.framework.menueditor.internal.InitializingMenuItem[name=null, text=&apos;List of activities&apos;, selected=false, enabled=true, visible=true, showing=false]
                          se.cambiosys.client.framework.core.internal.CambioShortcutMenuButton[name=null, text=&apos;&apos;, selected=false, enabled=true, visible=true, showing=false]
                        se.cambiosys.client.framework.components.CambioMenu[name=null, text=&apos;Administration&apos;, selected=false, enabled=true, visible=true, showing=false]
                          javax.swing.JPopupMenu[name=null, label=null, enabled=true, visible=false, showing=false]
                            se.cambiosys.client.framework.menueditor.internal.InitializingMenuItem[name=null, text=&apos;Keyword editor&apos;, selected=false, enabled=true, visible=true, showing=false]
                              se.cambiosys.client.framework.core.internal.CambioShortcutMenuButton[name=null, text=&apos;&apos;, selected=false, enabled=true, visible=true, showing=false]
                            se.cambiosys.client.framework.menueditor.internal.InitializingMenuItem[name=null, text=&apos;Search occurrences of keyword&apos;, selected=false, enabled=true, visible=true, showing=false]
                              se.cambiosys.client.framework.core.internal.CambioShortcutMenuButton[name=null, text=&apos;&apos;, selected=false, enabled=true, visible=true, showing=false]
                            se.cambiosys.client.framework.menueditor.internal.InitializingMenuItem[name=null, text=&apos;Template manager&apos;, selected=false, enabled=true, visible=true, showing=false]
                              se.cambiosys.client.framework.core.internal.CambioShortcutMenuButton[name=null, text=&apos;&apos;, selected=false, enabled=true, visible=true, showing=false]
                            se.cambiosys.client.framework.menueditor.internal.InitializingMenuItem[name=null, text=&apos;Fixed values&apos;, selected=false, enabled=true, visible=true, showing=false]
                              se.cambiosys.client.framework.core.internal.CambioShortcutMenuButton[name=null, text=&apos;&apos;, selected=false, enabled=true, visible=true, showing=false]
                            se.cambiosys.client.framework.menueditor.internal.InitializingMenuItem[name=null, text=&apos;Form administration&apos;, selected=false, enabled=true, visible=true, showing=false]
                              se.cambiosys.client.framework.core.internal.CambioShortcutMenuButton[name=null, text=&apos;&apos;, selected=false, enabled=true, visible=true, showing=false]
                            se.cambiosys.client.framework.menueditor.internal.InitializingMenuItem[name=null, text=&apos;Administration views&apos;, selected=false, enabled=true, visible=true, showing=false]
                              se.cambiosys.client.framework.core.internal.CambioShortcutMenuButton[name=null, text=&apos;&apos;, selected=false, enabled=true, visible=true, showing=false]
                            se.cambiosys.client.framework.menueditor.internal.InitializingMenuItem[name=null, text=&apos;Administration filter&apos;, selected=false, enabled=true, visible=true, showing=false]
                              se.cambiosys.client.framework.core.internal.CambioShortcutMenuButton[name=null, text=&apos;&apos;, selected=false, enabled=true, visible=true, showing=false]
                            se.cambiosys.client.framework.menueditor.internal.InitializingMenuItem[name=null, text=&apos;Selection of problems&apos;, selected=false, enabled=true, visible=true, showing=false]
                              se.cambiosys.client.framework.core.internal.CambioShortcutMenuButton[name=null, text=&apos;&apos;, selected=false, enabled=true, visible=true, showing=false]
                        se.cambiosys.client.framework.components.CambioMenu[name=null, text=&apos;Digital dictation&apos;, selected=false, enabled=true, visible=true, showing=false]
                          javax.swing.JPopupMenu[name=null, label=null, enabled=true, visible=false, showing=false]
                            se.cambiosys.client.framework.menueditor.internal.InitializingMenuItem[name=null, text=&apos;Create new dictation&apos;, selected=false, enabled=true, visible=true, showing=false]
                              se.cambiosys.client.framework.core.internal.CambioShortcutMenuButton[name=null, text=&apos;&apos;, selected=false, enabled=true, visible=true, showing=false]
                            se.cambiosys.client.framework.menueditor.internal.InitializingMenuItem[name=null, text=&apos;Dictation list&apos;, selected=false, enabled=true, visible=true, showing=false]
                              se.cambiosys.client.framework.core.internal.CambioShortcutMenuButton[name=null, text=&apos;&apos;, selected=false, enabled=true, visible=true, showing=false]
                            se.cambiosys.client.framework.menueditor.internal.InitializingMenuItem[name=null, text=&apos;Create new dictation from file&apos;, selected=false, enabled=true, visible=true, showing=false]
                              se.cambiosys.client.framework.core.internal.CambioShortcutMenuButton[name=null, text=&apos;&apos;, selected=false, enabled=true, visible=true, showing=false]
                            se.cambiosys.client.framework.menueditor.internal.InitializingMenuItem[name=null, text=&apos;Create new dictation minimized&apos;, selected=false, enabled=true, visible=true, showing=false]
                              se.cambiosys.client.framework.core.internal.CambioShortcutMenuButton[name=null, text=&apos;&apos;, selected=false, enabled=true, visible=true, showing=false]
                        se.cambiosys.client.framework.components.CambioMenu[name=null, text=&apos;Birth&apos;, selected=false, enabled=true, visible=true, showing=false]
                          javax.swing.JPopupMenu[name=null, label=null, enabled=true, visible=false, showing=false]
                            se.cambiosys.client.framework.menueditor.internal.InitializingMenuItem[name=null, text=&apos;Partogram&apos;, selected=false, enabled=false, visible=true, showing=false]
                              se.cambiosys.client.framework.core.internal.CambioShortcutMenuButton[name=null, text=&apos;&apos;, selected=false, enabled=true, visible=true, showing=false]
                            se.cambiosys.client.framework.menueditor.internal.InitializingMenuItem[name=null, text=&apos;New delivery&apos;, selected=false, enabled=false, visible=true, showing=false]
                              se.cambiosys.client.framework.core.internal.CambioShortcutMenuButton[name=null, text=&apos;&apos;, selected=false, enabled=true, visible=true, showing=false]
                            se.cambiosys.client.framework.menueditor.internal.InitializingMenuItem[name=null, text=&apos;Delete partogram&apos;, selected=false, enabled=false, visible=true, showing=false]
                              se.cambiosys.client.framework.core.internal.CambioShortcutMenuButton[name=null, text=&apos;&apos;, selected=false, enabled=true, visible=true, showing=false]
                            se.cambiosys.client.framework.menueditor.internal.InitializingMenuItem[name=null, text=&apos;Configuration of registrations&apos;, selected=false, enabled=true, visible=true, showing=false]
                              se.cambiosys.client.framework.core.internal.CambioShortcutMenuButton[name=null, text=&apos;&apos;, selected=false, enabled=true, visible=true, showing=false]
                            se.cambiosys.client.framework.menueditor.internal.InitializingMenuItem[name=null, text=&apos;Child number configuration&apos;, selected=false, enabled=true, visible=true, showing=false]
                              se.cambiosys.client.framework.core.internal.CambioShortcutMenuButton[name=null, text=&apos;&apos;, selected=false, enabled=true, visible=true, showing=false]
                    se.cambiosys.client.framework.components.CambioMenu[name=null, text=&apos;Window&apos;, selected=false, enabled=true, visible=true, showing=true]
                      javax.swing.JPopupMenu[name=null, label=null, enabled=true, visible=false, showing=false]
                        se.cambiosys.client.framework.core.internal.MenuHandler$10(se.cambiosys.client.framework.components.CambioCheckBoxMenuItem)[name=null, text=&apos;Keep windows&apos;, selected=true, enabled=true, visible=true, showing=false]
                        se.cambiosys.client.framework.menueditor.internal.InitializingMenuItem[name=null, text=&apos;Minimize all&apos;, selected=false, enabled=true, visible=true, showing=false]
                          se.cambiosys.client.framework.core.internal.CambioShortcutMenuButton[name=null, text=&apos;&apos;, selected=false, enabled=true, visible=true, showing=false]
                    se.cambiosys.client.framework.components.CambioMenu[name=null, text=&apos;Basic Menu&apos;, selected=false, enabled=true, visible=true, showing=true]
                      javax.swing.JPopupMenu[name=null, label=null, enabled=true, visible=false, showing=false]
                        se.cambiosys.client.framework.menueditor.internal.InitializingMenuItem[name=null, text=&apos;Basic Text&apos;, selected=false, enabled=true, visible=true, showing=false]
                          se.cambiosys.client.framework.core.internal.CambioShortcutMenuButton[name=null, text=&apos;&apos;, selected=false, enabled=true, visible=true, showing=false]
                    se.cambiosys.client.framework.components.CambioMenu[name=null, text=&apos;Patient administration IP &amp; OP&apos;, selected=false, enabled=true, visible=true, showing=true]
                      javax.swing.JPopupMenu[name=null, label=null, enabled=true, visible=false, showing=false]
                        se.cambiosys.client.framework.components.CambioMenu[name=null, text=&apos;Administration&apos;, selected=false, enabled=true, visible=true, showing=false]
                          javax.swing.JPopupMenu[name=null, label=null, enabled=true, visible=false, showing=false]
                            se.cambiosys.client.framework.menueditor.internal.InitializingMenuItem[name=null, text=&apos;Region membership&apos;, selected=false, enabled=true, visible=true, showing=false]
                              se.cambiosys.client.framework.core.internal.CambioShortcutMenuButton[name=null, text=&apos;&apos;, selected=false, enabled=true, visible=true, showing=false]
                            se.cambiosys.client.framework.menueditor.internal.InitializingMenuItem[name=null, text=&apos;Search order number&apos;, selected=false, enabled=true, visible=true, showing=false]
                              se.cambiosys.client.framework.core.internal.CambioShortcutMenuButton[name=null, text=&apos;&apos;, selected=false, enabled=true, visible=true, showing=false]
                            se.cambiosys.client.framework.menueditor.internal.InitializingMenuItem[name=null, text=&apos;Reception administration &amp; reception period&apos;, selected=false, enabled=true, visible=true, showing=false]
                              se.cambiosys.client.framework.core.internal.CambioShortcutMenuButton[name=null, text=&apos;&apos;, selected=false, enabled=true, visible=true, showing=false]
                            se.cambiosys.client.framework.menueditor.internal.InitializingMenuItem[name=null, text=&apos;Receptions and reception locations&apos;, selected=false, enabled=true, visible=true, showing=false]
                              se.cambiosys.client.framework.core.internal.CambioShortcutMenuButton[name=null, text=&apos;&apos;, selected=false, enabled=true, visible=true, showing=false]
                            se.cambiosys.client.framework.components.CambioMenu[name=null, text=&apos;Contract&apos;, selected=false, enabled=true, visible=true, showing=false]
                              javax.swing.JPopupMenu[name=null, label=null, enabled=true, visible=false, showing=false]
                                se.cambiosys.client.framework.menueditor.internal.InitializingMenuItem[name=null, text=&apos;New base price list&apos;, selected=false, enabled=true, visible=true, showing=false]
                                  se.cambiosys.client.framework.core.internal.CambioShortcutMenuButton[name=null, text=&apos;&apos;, selected=false, enabled=true, visible=true, showing=false]
                                se.cambiosys.client.framework.menueditor.internal.InitializingMenuItem[name=null, text=&apos;Open base price list&apos;, selected=false, enabled=true, visible=true, showing=false]
                                  se.cambiosys.client.framework.core.internal.CambioShortcutMenuButton[name=null, text=&apos;&apos;, selected=false, enabled=true, visible=true, showing=false]
                                se.cambiosys.client.framework.menueditor.internal.InitializingMenuItem[name=null, text=&apos;New contract&apos;, selected=false, enabled=true, visible=true, showing=false]
                                  se.cambiosys.client.framework.core.internal.CambioShortcutMenuButton[name=null, text=&apos;&apos;, selected=false, enabled=true, visible=true, showing=false]
                                se.cambiosys.client.framework.menueditor.internal.InitializingMenuItem[name=null, text=&apos;Open contract&apos;, selected=false, enabled=true, visible=true, showing=false]
                                  se.cambiosys.client.framework.core.internal.CambioShortcutMenuButton[name=null, text=&apos;&apos;, selected=false, enabled=true, visible=true, showing=false]
                                se.cambiosys.client.framework.menueditor.internal.InitializingMenuItem[name=null, text=&apos;Administration of contracts of goods sales&apos;, selected=false, enabled=true, visible=true, showing=false]
                                  se.cambiosys.client.framework.core.internal.CambioShortcutMenuButton[name=null, text=&apos;&apos;, selected=false, enabled=true, visible=true, showing=false]
                            se.cambiosys.client.framework.menueditor.internal.InitializingMenuItem[name=null, text=&apos;Products&apos;, selected=false, enabled=true, visible=true, showing=false]
                              se.cambiosys.client.framework.core.internal.CambioShortcutMenuButton[name=null, text=&apos;&apos;, selected=false, enabled=true, visible=true, showing=false]
                            se.cambiosys.client.framework.menueditor.internal.InitializingMenuItem[name=null, text=&apos;Goods&apos;, selected=false, enabled=true, visible=true, showing=false]
                              se.cambiosys.client.framework.core.internal.CambioShortcutMenuButton[name=null, text=&apos;&apos;, selected=false, enabled=true, visible=true, showing=false]
                            se.cambiosys.client.framework.menueditor.internal.InitializingMenuItem[name=null, text=&apos;VAT classes&apos;, selected=false, enabled=true, visible=true, showing=false]
                              se.cambiosys.client.framework.core.internal.CambioShortcutMenuButton[name=null, text=&apos;&apos;, selected=false, enabled=true, visible=true, showing=false]
                        se.cambiosys.client.framework.menueditor.internal.InitializingMenuItem[name=null, text=&apos;Configure economy exports&apos;, selected=false, enabled=true, visible=true, showing=false]
                          se.cambiosys.client.framework.core.internal.CambioShortcutMenuButton[name=null, text=&apos;&apos;, selected=false, enabled=true, visible=true, showing=false]
                        se.cambiosys.client.framework.menueditor.internal.InitializingMenuItem[name=null, text=&apos;Export management&apos;, selected=false, enabled=true, visible=true, showing=false]
                          se.cambiosys.client.framework.core.internal.CambioShortcutMenuButton[name=null, text=&apos;&apos;, selected=false, enabled=true, visible=true, showing=false]
                        se.cambiosys.client.framework.menueditor.internal.InitializingMenuItem[name=null, text=&apos;Visit and procedure registration&apos;, selected=false, enabled=true, visible=true, showing=false]
                          se.cambiosys.client.framework.core.internal.CambioShortcutMenuButton[name=null, text=&apos;&apos;, selected=false, enabled=true, visible=true, showing=false]
                        se.cambiosys.client.framework.menueditor.internal.InitializingMenuItem[name=null, text=&apos;Inpatient registration&apos;, selected=false, enabled=true, visible=true, showing=false]
                          se.cambiosys.client.framework.core.internal.CambioShortcutMenuButton[name=null, text=&apos;&apos;, selected=false, enabled=true, visible=true, showing=false]
                        se.cambiosys.client.framework.menueditor.internal.InitializingMenuItem[name=null, text=&apos;Acute overview&apos;, selected=false, enabled=true, visible=true, showing=false]
                          se.cambiosys.client.framework.core.internal.CambioShortcutMenuButton[name=null, text=&apos;&apos;, selected=false, enabled=true, visible=true, showing=false]
                        se.cambiosys.client.framework.menueditor.internal.InitializingMenuItem[name=null, text=&apos;Registration overview&apos;, selected=false, enabled=true, visible=true, showing=false]
                          se.cambiosys.client.framework.core.internal.CambioShortcutMenuButton[name=null, text=&apos;&apos;, selected=false, enabled=true, visible=true, showing=false]
                        se.cambiosys.client.framework.menueditor.internal.InitializingMenuItem[name=null, text=&apos;Goods Sale overview&apos;, selected=false, enabled=true, visible=true, showing=false]
                          se.cambiosys.client.framework.core.internal.CambioShortcutMenuButton[name=null, text=&apos;&apos;, selected=false, enabled=true, visible=true, showing=false]
                        se.cambiosys.client.framework.menueditor.internal.InitializingMenuItem[name=null, text=&apos;Invoice overview&apos;, selected=false, enabled=true, visible=true, showing=false]
                          se.cambiosys.client.framework.core.internal.CambioShortcutMenuButton[name=null, text=&apos;&apos;, selected=false, enabled=true, visible=true, showing=false]
                        se.cambiosys.client.framework.menueditor.internal.InitializingMenuItem[name=null, text=&apos;Register codes&apos;, selected=false, enabled=false, visible=true, showing=false]
                          se.cambiosys.client.framework.core.internal.CambioShortcutMenuButton[name=null, text=&apos;&apos;, selected=false, enabled=true, visible=true, showing=false]
                        se.cambiosys.client.framework.menueditor.internal.InitializingMenuItem[name=null, text=&apos;Undo&apos;, selected=false, enabled=true, visible=true, showing=false]
                          se.cambiosys.client.framework.core.internal.CambioShortcutMenuButton[name=null, text=&apos;&apos;, selected=false, enabled=true, visible=true, showing=false]
                    se.cambiosys.client.framework.components.CambioMenu[name=null, text=&apos;Patient&apos;, selected=false, enabled=true, visible=true, showing=true]
                      javax.swing.JPopupMenu[name=null, label=null, enabled=true, visible=false, showing=false]
                        se.cambiosys.client.framework.components.CambioMenu[name=null, text=&apos;Groups&apos;, selected=false, enabled=true, visible=true, showing=false]
                          javax.swing.JPopupMenu[name=null, label=null, enabled=true, visible=false, showing=false]
                            se.cambiosys.client.framework.menueditor.internal.InitializingMenuItem[name=null, text=&apos;Group card&apos;, selected=false, enabled=false, visible=true, showing=false]
                              se.cambiosys.client.framework.core.internal.CambioShortcutMenuButton[name=null, text=&apos;&apos;, selected=false, enabled=true, visible=true, showing=false]
                            se.cambiosys.client.framework.menueditor.internal.InitializingMenuItem[name=null, text=&apos;Group administration&apos;, selected=false, enabled=true, visible=true, showing=false]
                              se.cambiosys.client.framework.core.internal.CambioShortcutMenuButton[name=null, text=&apos;&apos;, selected=false, enabled=true, visible=true, showing=false]
                        se.cambiosys.client.framework.subjectofcare.internal.SecurityOverrideHandlerImpl$1(se.cambiosys.client.framework.components.CambioCheckBoxMenuItem)[name=null, text=&apos;Activate security override&apos;, selected=false, enabled=false, visible=true, showing=false]
                        se.cambiosys.client.framework.menueditor.internal.InitializingMenuItem[name=null, text=&apos;Patient card&apos;, selected=false, enabled=true, visible=true, showing=false]
                          se.cambiosys.client.framework.core.internal.CambioShortcutMenuButton[name=null, text=&apos;&apos;, selected=false, enabled=true, visible=true, showing=false]
                        se.cambiosys.client.framework.menueditor.internal.InitializingMenuItem[name=null, text=&apos;Print patient information&apos;, selected=false, enabled=true, visible=true, showing=false]
                          se.cambiosys.client.framework.core.internal.CambioShortcutMenuButton[name=null, text=&apos;&apos;, selected=false, enabled=true, visible=true, showing=false]
                        se.cambiosys.client.framework.menueditor.internal.InitializingMenuItem[name=null, text=&apos;Connect mother-child&apos;, selected=false, enabled=false, visible=true, showing=false]
                          se.cambiosys.client.framework.core.internal.CambioShortcutMenuButton[name=null, text=&apos;&apos;, selected=false, enabled=true, visible=true, showing=false]
                        se.cambiosys.client.framework.menueditor.internal.InitializingMenuItem[name=null, text=&apos;Disconnect child-mother&apos;, selected=false, enabled=false, visible=true, showing=false]
                          se.cambiosys.client.framework.core.internal.CambioShortcutMenuButton[name=null, text=&apos;&apos;, selected=false, enabled=true, visible=true, showing=false]
                        se.cambiosys.client.framework.menueditor.internal.InitializingMenuItem[name=null, text=&apos;Reservenumber...&apos;, selected=false, enabled=true, visible=true, showing=false]
                          se.cambiosys.client.framework.core.internal.CambioShortcutMenuButton[name=null, text=&apos;&apos;, selected=false, enabled=true, visible=true, showing=false]
                    se.cambiosys.client.framework.components.CambioMenu[name=null, text=&apos;Link (previous version)&apos;, selected=false, enabled=true, visible=true, showing=true]
                      javax.swing.JPopupMenu[name=null, label=null, enabled=true, visible=false, showing=false]
                        se.cambiosys.client.framework.menueditor.internal.InitializingMenuItem[name=null, text=&apos;Loading...&apos;, selected=false, enabled=true, visible=true, showing=false]
                          se.cambiosys.client.framework.core.internal.CambioShortcutMenuButton[name=null, text=&apos;&apos;, selected=false, enabled=true, visible=true, showing=false]
                        se.cambiosys.client.framework.menueditor.internal.InitializingMenuItem[name=null, text=&apos;Loading...&apos;, selected=false, enabled=true, visible=true, showing=false]
                          se.cambiosys.client.framework.core.internal.CambioShortcutMenuButton[name=null, text=&apos;&apos;, selected=false, enabled=true, visible=true, showing=false]
                    se.cambiosys.client.framework.components.CambioMenu[name=null, text=&apos;File&apos;, selected=false, enabled=true, visible=true, showing=true]
                      javax.swing.JPopupMenu[name=null, label=null, enabled=true, visible=false, showing=false]
                        se.cambiosys.client.framework.menueditor.internal.InitializingMenuItem[name=null, text=&apos;Change password&apos;, selected=false, enabled=true, visible=true, showing=false]
                          se.cambiosys.client.framework.core.internal.CambioShortcutMenuButton[name=null, text=&apos;&apos;, selected=false, enabled=true, visible=true, showing=false]
                        se.cambiosys.client.framework.menueditor.internal.InitializingMenuItem[name=null, text=&apos;Lock COSMIC&apos;, selected=false, enabled=true, visible=true, showing=false]
                          se.cambiosys.client.framework.core.internal.CambioShortcutMenuButton[name=null, text=&apos;&apos;, selected=false, enabled=true, visible=true, showing=false]
                        se.cambiosys.client.framework.menueditor.internal.InitializingMenuItem[name=null, text=&apos;Change profile&apos;, selected=false, enabled=true, visible=true, showing=false]
                          se.cambiosys.client.framework.core.internal.CambioShortcutMenuButton[name=null, text=&apos;&apos;, selected=false, enabled=true, visible=true, showing=false]
                        se.cambiosys.client.framework.menueditor.internal.InitializingMenuItem[name=null, text=&apos;Log out&apos;, selected=false, enabled=true, visible=true, showing=false]
                          se.cambiosys.client.framework.core.internal.CambioShortcutMenuButton[name=null, text=&apos;&apos;, selected=false, enabled=true, visible=true, showing=false]
                        se.cambiosys.client.framework.menueditor.internal.InitializingMenuItem[name=null, text=&apos;Quit&apos;, selected=false, enabled=true, visible=true, showing=false]
                          se.cambiosys.client.framework.core.internal.CambioShortcutMenuButton[name=null, text=&apos;&apos;, selected=false, enabled=true, visible=true, showing=false]
                    se.cambiosys.client.framework.components.CambioMenu[name=null, text=&apos;External Applications&apos;, selected=false, enabled=true, visible=true, showing=true]
                      javax.swing.JPopupMenu[name=null, label=null, enabled=true, visible=false, showing=false]
                        se.cambiosys.client.framework.menueditor.internal.InitializingMenuItem[name=null, text=&apos;DrCompanion&apos;, selected=false, enabled=true, visible=true, showing=false]
                          se.cambiosys.client.framework.core.internal.CambioShortcutMenuButton[name=null, text=&apos;&apos;, selected=false, enabled=true, visible=true, showing=false]
                        se.cambiosys.client.framework.menueditor.internal.InitializingMenuItem[name=null, text=&apos;OBSTETRIX (Ext)&apos;, selected=false, enabled=true, visible=true, showing=false]
                          se.cambiosys.client.framework.core.internal.CambioShortcutMenuButton[name=null, text=&apos;&apos;, selected=false, enabled=true, visible=true, showing=false]
                    se.cambiosys.client.framework.components.CambioMenu[name=null, text=&apos;Analytics&apos;, selected=false, enabled=true, visible=true, showing=true]
                      javax.swing.JPopupMenu[name=null, label=null, enabled=true, visible=false, showing=false]
                        se.cambiosys.client.framework.menueditor.internal.InitializingMenuItem[name=null, text=&apos;Insight&apos;, selected=false, enabled=true, visible=true, showing=false]
                          se.cambiosys.client.framework.core.internal.CambioShortcutMenuButton[name=null, text=&apos;&apos;, selected=false, enabled=true, visible=true, showing=false]
                    se.cambiosys.client.framework.components.CambioMenu[name=null, text=&apos;Bed management&apos;, selected=false, enabled=true, visible=true, showing=true]
                      javax.swing.JPopupMenu[name=null, label=null, enabled=true, visible=false, showing=false]
                        se.cambiosys.client.framework.menueditor.internal.InitializingMenuItem[name=null, text=&apos;Patient search&apos;, selected=false, enabled=true, visible=true, showing=false]
                          se.cambiosys.client.framework.core.internal.CambioShortcutMenuButton[name=null, text=&apos;&apos;, selected=false, enabled=true, visible=true, showing=false]
                        se.cambiosys.client.framework.menueditor.internal.InitializingMenuItem[name=null, text=&apos;Bed reservation overview&apos;, selected=false, enabled=true, visible=true, showing=false]
                          se.cambiosys.client.framework.core.internal.CambioShortcutMenuButton[name=null, text=&apos;&apos;, selected=false, enabled=true, visible=true, showing=false]
                        se.cambiosys.client.framework.menueditor.internal.InitializingMenuItem[name=null, text=&apos;Bed Administration&apos;, selected=false, enabled=true, visible=true, showing=false]
                          se.cambiosys.client.framework.core.internal.CambioShortcutMenuButton[name=null, text=&apos;&apos;, selected=false, enabled=true, visible=true, showing=false]
            se.cambiosys.client.framework.subjectofcare.internal.gui.SOCComponentPanel[name=null]
              se.cambiosys.client.framework.subjectofcare.internal.gui.SOCComponentPanel$1(se.cambiosys.client.framework.components.CambioTabbedPane)[name=&apos;TopTabbedPaneTab&apos;, selectedTabIndex=0, selectedTabTitle=&apos;&apos;, tabCount=2, tabTitles=[&quot;&quot;, &quot;&quot;], enabled=true, visible=true, showing=true
                se.cambiosys.client.framework.patients.internal.gui.PatientSOCPanel[name=&apos;Patient.PatientSOCPanel&apos;]
                  se.cambiosys.client.framework.patients.internal.gui.PatientSOCSearchPanel[name=&apos;Patient.PatientSOCPanel.searchPanel&apos;]
                    se.cambiosys.client.framework.patients.gui.PatientIdentifierNumberTextField[name=&apos;Patient.PatientSOCSearchPanel.numberTextField&apos;, text=&apos;19&apos;, enabled=true, visible=true, showing=true]
                    se.cambiosys.client.framework.components.CambioLabeledTextField[name=&apos;Patient.PatientSOCSearchPanel.nameTextField&apos;, text=&apos;&apos;, enabled=true, visible=true, showing=true]
                    se.cambiosys.client.framework.components.CambioLabeledTextField[name=&apos;Patient.PatientSOCSearchPanel.familyNameTextField&apos;, text=&apos;&apos;, enabled=true, visible=true, showing=true]
                    se.cambiosys.client.framework.subjectofcare.gui.CambioClickablePatientBannerButton[name=&apos;Patient.PatientSOCSearchPanel.searchButton&apos;, text=null, enabled=true, visible=true, showing=true]
                    se.cambiosys.client.framework.components.CambioLabel[name=&apos;Patient.PatientSOCSearchPanel.dummyLabel2&apos;, text=&apos;&apos;, enabled=true, visible=true, showing=true]
                    se.cambiosys.client.framework.subjectofcare.CambioPatientBannerButton[name=&apos;Patient.PatientSOCSearchPanel.clearButton&apos;, text=&apos;Clear&apos;, enabled=true, visible=true, showing=true]
                    se.cambiosys.client.framework.subjectofcare.CambioPatientBannerButton[name=&apos;Patient.PatientSOCSearchPanel.getPatientButton&apos;, text=&apos;Lists&apos;, enabled=true, visible=true, showing=true]
                  se.cambiosys.client.framework.patients.internal.gui.PatientSOCSelectedPanel[name=&apos;Patient.PatientSOCPanel.selectedPanel&apos;]
                    se.cambiosys.client.framework.components.CambioLabel[name=&apos;Patients.PatientSOCSelectedPanel.PatientSOCSelectedPanel&apos;, text=&apos;&apos;, enabled=true, visible=true, showing=false]
                    se.cambiosys.client.framework.components.CambioPanel[name=&apos;Patients.PatientSOCSelectedPanel.PatientSOCSelectedPanel&apos;]
                      se.cambio.attentionsignal.plugin.AttentionSignalSoCListPlugin[name=null]
                        se.cambiosys.client.framework.components.CambioPanel[name=null]
                          se.cambiosys.client.framework.components.CambioPanel[name=null]
                            se.cambio.attentionsignal.icons.BusyIconLabel[name=null, text=&apos;&apos;, enabled=true, visible=true, showing=false]
                          se.cambiosys.client.framework.components.CambioPanel[name=null]
                            se.cambio.attentionsignal.component.view.AbstractAttentionSignalIconView$2(se.cambiosys.client.framework.components.CambioLabel)[name=&apos;Table.cellRenderer&apos;, text=&apos;&apos;, enabled=true, visible=true, showing=false]
                    se.cambiosys.client.framework.subjectofcare.internal.gui.PatientDetailsPanel[name=&apos;Patients.PatientSOCSelectedPanel.PatientSOCSelectedPanel&apos;]
                      se.cambiosys.client.framework.components.CambioPanel[name=&apos;Subjectofcare.PatientDetailsPanel.endPanel&apos;]
                        se.cambiosys.client.framework.components.CambioLabel[name=&apos;Subjectofcare.PatientDetailsPanel.ageLabel&apos;, text=&apos;&apos;, enabled=true, visible=true, showing=false]
                        se.cambiosys.client.framework.subjectofcare.internal.gui.PatientPluginLoadingPanel[name=null]
                          se.cambiosys.client.framework.patients.internal.gui.PatientSOCLoadingPanel[name=null]
                            org.jdesktop.swingx.JXBusyLabel[name=null, text=&apos;&apos;, enabled=true, visible=true, showing=false]
                          se.cambiosys.client.framework.components.CambioPanel[name=&apos;Patients.PatientSOCSelectedPanel.PatientSOCSelectedPanel&apos;]
                            se.cambiosys.client.framework.components.CambioPanel[name=&apos;Patients.PatientSOCSelectedPanel.PatientSOCSelectedPanel&apos;]
                            se.cambiosys.client.framework.components.CambioPanel[name=&apos;Patients.PatientSOCSelectedPanel.PatientSOCSelectedPanel&apos;]
                              se.cambiosys.client.framework.patients.internal.gui.patientbannerplugins.SexPatientBannerPlugin[name=&apos;Table.cellRenderer&apos;, text=&apos;&apos;, enabled=true, visible=true, showing=false]
                              se.cambiosys.client.framework.components.CambioLabel[name=&apos;Patient.PatientCommunicationBannerPlugin.bannerLabel&apos;, text=&apos;&apos;, enabled=true, visible=true, showing=false]
                              se.cambiosys.client.membership.plugin.patient.MembershipPatientBannerPlugin[name=&apos;Table.cellRenderer&apos;, text=&apos;&apos;, enabled=true, visible=true, showing=false]
                              se.cambiosys.client.framework.patients.internal.gui.patientbannerplugins.ConnectedPatientButtonPlugin[name=null, text=&apos;&apos;, enabled=true, visible=false, showing=false]
                              se.cambiosys.client.framework.patients.internal.gui.patientbannerplugins.MotherChildPatientBannerPlugin[name=&apos;Patients.PatientBannerPlugins.MotherChildPatientBannerPlugin&apos;, text=&apos;&apos;, enabled=true, visible=true, showing=false]
                              se.cambiosys.client.patientlist.mylist.comment.AddToMyListPatientBannerPlugin[name=null, text=&apos;&apos;, enabled=false, visible=true, showing=false]
                              se.cambiosys.client.framework.patients.internal.gui.patientbannerplugins.InfoClassedButtonPlugin[name=null, text=&apos;&apos;, enabled=true, visible=false, showing=false]
                              se.cambiosys.client.countermodule.patientbannerplugins.ongoingcontact.OngoingContactPatientBannerComponent[name=null]
                                se.cambiosys.client.countermodule.patientbannerplugins.ongoingcontact.PatientBannerContactButton[name=null, text=&apos;&apos;, enabled=true, visible=false, showing=false]
                                se.cambiosys.client.countermodule.patientbannerplugins.ongoingcontact.PatientBannerContactButton[name=null, text=&apos;&apos;, enabled=true, visible=false, showing=false]
                                se.cambiosys.client.countermodule.patientbannerplugins.ongoingcontact.PatientBannerContactButton[name=null, text=&apos;&apos;, enabled=true, visible=false, showing=false]
                                se.cambiosys.client.countermodule.patientbannerplugins.ongoingcontact.PatientBannerContactButton[name=null, text=&apos;&apos;, enabled=true, visible=false, showing=false]
                                se.cambiosys.client.countermodule.patientbannerplugins.ongoingcontact.PatientBannerContactButton[name=null, text=&apos;&apos;, enabled=true, visible=false, showing=false]
                              se.cambiosys.client.psychiatricmodule.patientbannerplugins.CareTypePatientBannerPlugin[name=null]
                              se.cambio.link.client.linkcase.patientbanner.view.LinkCasePatientBannerComponent[name=null, text=&apos;&apos;, enabled=true, visible=false, showing=false]
                              se.cambio.client.cds.adaptor.gui.CdsPatientBannerButton[name=&apos;CambioClickablePatientBannerButton_cdsPatientBannerButton&apos;, text=&apos;&apos;, enabled=true, visible=false, showing=false]
                      se.cambiosys.client.framework.components.CambioLabel[name=&apos;Subjectofcare.PatientDetailsPanel.identifierLabel&apos;, text=&apos;&apos;, enabled=true, visible=true, showing=false]
                      se.cambiosys.client.framework.components.CambioTextPane[name=&apos;Subjectofcare.PatientDetailsPanel.namePanel&apos;, text=&apos;&apos;, enabled=true, visible=false, showing=false]
                      se.cambiosys.client.framework.components.CambioTextPane[name=&apos;Subjectofcare.PatientDetailsPanel.namePanelTruncated&apos;, text=&apos;&apos;, enabled=true, visible=true, showing=false]
                      se.cambiosys.client.framework.components.CambioLabel[name=&apos;Table.cellRenderer&apos;, text=&apos;&apos;, enabled=true, visible=false, showing=false]
                    se.cambiosys.client.framework.components.CambioPanel[name=null]
                    se.cambiosys.client.framework.subjectofcare.CambioPatientBannerButton[name=&apos;Patients.PatientSOCSelectedPanel.PatientSOCSelectedPanel&apos;, text=&apos;Clear&apos;, enabled=true, visible=true, showing=false]
                    se.cambiosys.client.framework.subjectofcare.CambioPatientBannerButton[name=null, text=&apos;Lists&apos;, enabled=true, visible=true, showing=false]
                    se.cambiosys.client.framework.subjectofcare.CambioPatientBannerButton[name=&apos;Patients.PatientSOCSelectedPanel.PatientSOCSelectedPanel&apos;, text=&apos;&apos;, enabled=true, visible=true, showing=false]
                se.cambiosys.client.framework.subjectofcare.internal.group.gui.GroupSOCPanel[name=null]
                  se.cambiosys.client.framework.subjectofcare.internal.group.gui.GroupSOCSearchPanel[name=&apos;Subjectofcare.GroupSOCPanel.searchPanel&apos;]
                    se.cambiosys.client.framework.components.CambioSelectionComboBox[name=&apos;Subjectofcare.GroupSOCSearchPanel.careUnitSelectionComboBox&apos;, selectedItem=null, contents=[], editable=false, enabled=true, visible=true, showing=false]
                      javax.swing.plaf.synth.SynthArrowButton[name=&apos;ComboBox.arrowButton&apos;, text=&apos;&apos;, enabled=true, visible=true, showing=false]
                      javax.swing.CellRendererPane[,0,0,0x0,hidden]
                    se.cambiosys.client.framework.components.CambioSelectionComboBox[name=&apos;Subjectofcare.GroupSOCSearchPanel.careGiverSelectionComboBox&apos;, selectedItem=null, contents=[], editable=false, enabled=true, visible=true, showing=false]
                      javax.swing.plaf.synth.SynthArrowButton[name=&apos;ComboBox.arrowButton&apos;, text=&apos;&apos;, enabled=true, visible=true, showing=false]
                      javax.swing.CellRendererPane[,0,0,0x0,hidden]
                    se.cambiosys.client.framework.components.CambioLabeledTextField[name=&apos;Subjectofcare.GroupSOCSearchPanel.groupNameTextField&apos;, text=&apos;&apos;, enabled=true, visible=true, showing=false]
                    se.cambiosys.client.framework.subjectofcare.gui.CambioClickablePatientBannerButton[name=&apos;Subjectofcare.GroupSOCSearchPanel.searchButton&apos;, text=null, enabled=true, visible=true, showing=false]
                    se.cambiosys.client.framework.subjectofcare.CambioPatientBannerButton[name=&apos;Subjectofcare.GroupSOCSearchPanel.clearButton&apos;, text=&apos;Clear&apos;, enabled=true, visible=true, showing=false]
                  se.cambiosys.client.framework.subjectofcare.internal.group.gui.GroupSOCSelectedPanel[name=&apos;Subjectofcare.GroupSOCPanel.selectedPanel&apos;]
                    se.cambiosys.client.framework.components.CambioLabel[name=&apos;SubjectGroupSOCSelectedPanel.detailLabel&apos;, text=&apos;&apos;, enabled=true, visible=true, showing=false]
                    se.cambiosys.client.framework.subjectofcare.internal.group.gui.GroupDetailsPanel[name=&apos;SubjectGroupSOCSelectedPanel.groupDetailsPanel&apos;]
                      se.cambiosys.client.framework.components.CambioLabel[name=&apos;Subjectofcare.GroupDetailsPanel.groupSizeLabel&apos;, text=&apos;&apos;, enabled=true, visible=true, showing=false]
                      se.cambiosys.client.framework.components.CambioLabel[name=&apos;Subjectofcare.GroupDetailsPanel.groupNameLabel&apos;, text=&apos;&apos;, enabled=true, visible=true, showing=false]
                      se.cambiosys.client.framework.components.CambioLabel[name=&apos;Subjectofcare.GroupDetailsPanel.dummyLabel&apos;, text=&apos;&apos;, enabled=true, visible=true, showing=false]
                    se.cambiosys.client.framework.subjectofcare.CambioPatientBannerButton[name=&apos;SubjectGroupSOCSelectedPanel.clearButton&apos;, text=&apos;Clear&apos;, enabled=true, visible=true, showing=false]
                    se.cambiosys.client.framework.subjectofcare.CambioPatientBannerButton[name=&apos;SubjectGroupSOCSelectedPanel.toggleButton&apos;, text=&apos;&apos;, enabled=true, visible=true, showing=false]
            se.cambiosys.client.framework.core.internal.gui.SecurityStatusComponent[name=null]
          se.cambiosys.client.framework.components.CambioSplitPane[,0,62,2880x1469,invalid,layout=javax.swing.plaf.basic.BasicSplitPaneUI$BasicHorizontalLayoutManager,alignmentX=0.0,alignmentY=0.0,border=javax.swing.plaf.synth.SynthBorder@3d9f4d7e,flags=201326920,maximumSize=,minimumSize=,preferredSize=,continuousLayout=false,dividerSize=2,lastDividerLocation=-1,oneTouchExpandable=false,orientation=HORIZONTAL_SPLIT]
            javax.swing.plaf.synth.SynthSplitPaneDivider[,200,0,2x1469,layout=javax.swing.plaf.basic.BasicSplitPaneDivider$DividerLayout]
            se.cambiosys.client.framework.core.internal.gui.SidebarPanel[name=null]
              se.cambiosys.client.framework.components.CambioPanel[name=null]
                se.cambiosys.client.framework.core.internal.gui.ShortcutContainerPanel[name=null]
                  se.cambiosys.client.framework.components.CambioPanel[name=null]
                    se.cambiosys.client.framework.components.CambioPanel[name=null]
                      javax.swing.JLabel[name=null, text=&apos;MY SHORTCUTS&apos;, enabled=true, visible=true, showing=true]
                    se.cambiosys.client.framework.core.internal.gui.ShortcutContainerPanel$2(se.cambiosys.client.framework.components.CambioPanel)[name=null]
                  se.cambiosys.client.framework.components.CambioPanel[name=null]
                    se.cambiosys.client.framework.components.CambioScrollPane[name=null, enabled=true, visible=true, showing=true]
                      javax.swing.JViewport[,0,0,191x663,layout=javax.swing.ViewportLayout,alignmentX=0.0,alignmentY=0.0,border=,flags=25165832,maximumSize=,minimumSize=,preferredSize=,isViewSizeSet=true,lastPaintPosition=java.awt.Point[x=0,y=0],scrollUnderway=false]
                        se.cambiosys.client.framework.core.internal.gui.ScrollableContainerPanel[name=null]
                          se.cambiosys.client.framework.core.internal.gui.OpenedWindowPanel[name=null]
                            se.cambiosys.client.framework.core.internal.gui.OpenedWindowPanel$2(javax.swing.JToggleButton)[name=null, text=&apos;Order&apos;, selected=false, enabled=false, visible=true, showing=true]
                            se.cambiosys.client.framework.components.CambioPanel[name=null]
                              javax.swing.JButton[name=null, text=&apos;&apos;, enabled=false, visible=false, showing=false]
                      javax.swing.JScrollPane$ScrollBar[name=null, value=0, blockIncrement=10, minimum=0, maximum=663, enabled=true, visible=false, showing=false]
                        javax.swing.plaf.synth.SynthScrollBarUI$2(javax.swing.plaf.synth.SynthArrowButton)[name=&apos;ScrollBar.button&apos;, text=&apos;&apos;, enabled=true, visible=true, showing=false]
                        javax.swing.plaf.synth.SynthScrollBarUI$1(javax.swing.plaf.synth.SynthArrowButton)[name=&apos;ScrollBar.button&apos;, text=&apos;&apos;, enabled=true, visible=true, showing=false]
                      javax.swing.JScrollPane$ScrollBar[name=null, value=0, blockIncrement=10, minimum=0, maximum=191, enabled=true, visible=false, showing=false]
                        javax.swing.plaf.synth.SynthScrollBarUI$2(javax.swing.plaf.synth.SynthArrowButton)[name=&apos;ScrollBar.button&apos;, text=&apos;&apos;, enabled=true, visible=true, showing=false]
                        javax.swing.plaf.synth.SynthScrollBarUI$1(javax.swing.plaf.synth.SynthArrowButton)[name=&apos;ScrollBar.button&apos;, text=&apos;&apos;, enabled=true, visible=true, showing=false]
                    se.cambiosys.client.framework.core.internal.gui.ShortcutContainerPanel$1(se.cambiosys.client.framework.components.CambioPanel)[name=null]
                se.cambiosys.client.framework.components.CambioPanel[name=null]
                  javax.swing.JSeparator[,0,0,191x3,alignmentX=0.0,alignmentY=0.0,border=javax.swing.plaf.synth.SynthBorder@64c4e2a9,flags=0,maximumSize=,minimumSize=,preferredSize=,orientation=HORIZONTAL]
                  se.cambiosys.client.framework.core.internal.gui.SidebarPanel$1(se.cambiosys.client.framework.components.CambioPanel)[name=null]
                se.cambiosys.client.framework.core.internal.gui.OpenedWindowsContainerPanel[name=null]
                  se.cambiosys.client.framework.components.CambioPanel[name=null]
                    se.cambiosys.client.framework.components.CambioScrollPane[name=null, enabled=true, visible=true, showing=true]
                      javax.swing.JViewport[,0,0,191x640,layout=javax.swing.ViewportLayout,alignmentX=0.0,alignmentY=0.0,border=,flags=25165832,maximumSize=,minimumSize=,preferredSize=,isViewSizeSet=true,lastPaintPosition=java.awt.Point[x=0,y=0],scrollUnderway=false]
                        se.cambiosys.client.framework.core.internal.gui.ScrollableContainerPanel[name=null]
                      javax.swing.JScrollPane$ScrollBar[name=null, value=0, blockIncrement=10, minimum=0, maximum=640, enabled=true, visible=false, showing=false]
                        javax.swing.plaf.synth.SynthScrollBarUI$2(javax.swing.plaf.synth.SynthArrowButton)[name=&apos;ScrollBar.button&apos;, text=&apos;&apos;, enabled=true, visible=true, showing=false]
                        javax.swing.plaf.synth.SynthScrollBarUI$1(javax.swing.plaf.synth.SynthArrowButton)[name=&apos;ScrollBar.button&apos;, text=&apos;&apos;, enabled=true, visible=true, showing=false]
                      javax.swing.JScrollPane$ScrollBar[name=null, value=0, blockIncrement=10, minimum=0, maximum=191, enabled=true, visible=false, showing=false]
                        javax.swing.plaf.synth.SynthScrollBarUI$2(javax.swing.plaf.synth.SynthArrowButton)[name=&apos;ScrollBar.button&apos;, text=&apos;&apos;, enabled=true, visible=true, showing=false]
                        javax.swing.plaf.synth.SynthScrollBarUI$1(javax.swing.plaf.synth.SynthArrowButton)[name=&apos;ScrollBar.button&apos;, text=&apos;&apos;, enabled=true, visible=true, showing=false]
                    se.cambiosys.client.framework.core.internal.gui.OpenedWindowsContainerPanel$1(se.cambiosys.client.framework.components.CambioPanel)[name=null]
                  se.cambiosys.client.framework.components.CambioPanel[name=null]
                    se.cambiosys.client.framework.components.CambioCheckBox[name=null, text=&apos;Keep windows&apos;, selected=true, enabled=true, visible=true, showing=true]
                    se.cambiosys.client.framework.core.internal.multimonitor.MultiMonitorComponent[name=null, text=&apos;&apos;, enabled=true, visible=true, showing=true]
              se.cambiosys.client.framework.components.notification.plugin.gui.NotificationPluginComponent[name=null]
                se.cambiosys.client.framework.components.progress.CambioBusyLabel[name=null, text=&apos;&apos;, enabled=true, visible=true, showing=true]
              se.cambiosys.client.framework.core.internal.gui.SideBarBottomPanel[name=null]
                se.cambiosys.client.framework.subjectofcare.gui.CambioClickablePatientBannerButton[name=null, text=&apos;&apos;, enabled=true, visible=true, showing=true]
                se.cambiosys.client.framework.subjectofcare.gui.CambioClickablePatientBannerButton[name=null, text=&apos;&apos;, enabled=true, visible=true, showing=true]
                se.cambiosys.client.framework.subjectofcare.gui.CambioClickablePatientBannerButton[name=null, text=&apos;&apos;, enabled=true, visible=true, showing=true]
                se.cambiosys.client.framework.subjectofcare.gui.CambioClickablePatientBannerButton[name=null, text=&apos;&apos;, enabled=true, visible=true, showing=true]
                se.cambiosys.client.framework.components.CambioLabel[name=&apos;Table.cellRenderer&apos;, text=&apos;&apos;, enabled=true, visible=true, showing=true]
            se.cambiosys.client.framework.components.CambioDesktopPane[]
              javax.swing.JLabel[name=null, text=&apos;&apos;, enabled=true, visible=true, showing=true]
        se.cambiosys.client.framework.core.internal.gui.ScreenSaverPanel[name=null]
          se.cambiosys.client.framework.components.CambioLabel[name=&apos;Table.cellRenderer&apos;, text=&apos; &apos;, enabled=true, visible=true, showing=false]
        se.cambiosys.client.framework.core.internal.gui.ScreenSaverLoginPanel[name=null]
        se.cambiosys.client.framework.core.internal.gui.NoPermissionPanel[name=null]
          se.cambiosys.client.framework.core.internal.gui.NoPermissionPanel$1(javax.swing.JPanel)[name=null]
            se.cambiosys.client.framework.components.CambioPanel[name=null]
              se.cambiosys.client.framework.core.internal.gui.NoPermissionPanel$3(se.cambiosys.client.framework.components.CambioLabel)[name=&apos;Table.cellRenderer&apos;, text=&apos;or if the user is inactivated by the system administrator. Click OK to login again.&apos;, enabled=true, visible=true, showing=false]
              se.cambiosys.client.framework.components.CambioPanel[name=null]
              se.cambiosys.client.framework.components.CambioButton[name=null, text=&apos;OK&apos;, enabled=true, visible=true, showing=false]
              se.cambiosys.client.framework.core.internal.gui.NoPermissionPanel$2(se.cambiosys.client.framework.components.CambioLabel)[name=&apos;Table.cellRenderer&apos;, text=&apos;You have been logged out from this computer. This happens if the same user log in to another computer&apos;, enabled=true, visible=true, showing=false]
      de.javasoft.plaf.synthetica.SyntheticaTitlePane[name=&apos;RootPane.titlePane&apos;]
        javax.swing.JButton[name=&apos;RootPane.titlePane.menuButton&apos;, text=&apos;&apos;, enabled=true, visible=true, showing=true]
        javax.swing.JLabel[name=&apos;RootPane.title&apos;, text=&apos; &apos;, enabled=true, visible=true, showing=true]
        javax.swing.JLabel[name=&apos;RootPane.menuBar&apos;, text=&apos; &apos;, enabled=true, visible=false, showing=false]
        javax.swing.JButton[name=&apos;RootPane.titlePane.iconifyButton&apos;, text=null, enabled=true, visible=true, showing=true]
        javax.swing.JButton[name=&apos;RootPane.titlePane.toggleButton&apos;, text=null, enabled=true, visible=true, showing=true]
        javax.swing.JButton[name=&apos;RootPane.titlePane.closeButton&apos;, text=null, enabled=true, visible=true, showing=true]
  se.cambiosys.client.framework.subjectofcare.internal.group.gui.GroupSOCSelectedPanel$ExtendedGroupBannerDialog[name=&apos;dialog2&apos;, title=null, enabled=true, modal=false, visible=false, showing=false]
    javax.swing.JRootPane[]
      javax.swing.JPanel[name=&apos;null.glassPane&apos;]
      javax.swing.JLayeredPane[]
        javax.swing.JPanel[name=&apos;null.contentPane&apos;]
          se.cambiosys.client.framework.subjectofcare.internal.group.gui.ExtendedGroupBannerPanel[name=&apos;SubjectGroupSOCSelectedPanel.groupBannerPanel&apos;]
            se.cambiosys.client.framework.components.CambioScrollPane[name=&apos;Subjectofcare.ExtendedGroupBannerPanel.scrollPane&apos;, enabled=true, visible=true, showing=false]
              javax.swing.JViewport[,0,0,0x0,invalid,layout=javax.swing.ViewportLayout,alignmentX=0.0,alignmentY=0.0,border=,flags=25165824,maximumSize=,minimumSize=,preferredSize=,isViewSizeSet=false,lastPaintPosition=,scrollUnderway=false]
                se.cambiosys.client.framework.subjectofcare.internal.group.gui.ExtendedGroupBannerPanel$1(se.cambiosys.client.framework.components.CambioTextPane)[name=&apos;Subjectofcare.ExtendedGroupBannerPanel.textPane&apos;, text=&apos;&lt;html&gt;
  &lt;head&gt;

  &lt;/head&gt;
  &lt;body&gt;
    &lt;p style=&quot;margin-top: 0&quot;&gt;
      
    &lt;/p&gt;
  &lt;/body&gt;
&lt;/html&gt;
&apos;, enabled=true, visible=true, showing=false]
              javax.swing.JScrollPane$ScrollBar[name=null, value=0, blockIncrement=10, minimum=0, maximum=100, enabled=true, visible=true, showing=false]
                javax.swing.plaf.synth.SynthScrollBarUI$2(javax.swing.plaf.synth.SynthArrowButton)[name=&apos;ScrollBar.button&apos;, text=&apos;&apos;, enabled=true, visible=true, showing=false]
                javax.swing.plaf.synth.SynthScrollBarUI$1(javax.swing.plaf.synth.SynthArrowButton)[name=&apos;ScrollBar.button&apos;, text=&apos;&apos;, enabled=true, visible=true, showing=false]
              javax.swing.JScrollPane$ScrollBar[name=null, value=0, blockIncrement=10, minimum=0, maximum=100, enabled=true, visible=true, showing=false]
                javax.swing.plaf.synth.SynthScrollBarUI$2(javax.swing.plaf.synth.SynthArrowButton)[name=&apos;ScrollBar.button&apos;, text=&apos;&apos;, enabled=true, visible=true, showing=false]
                javax.swing.plaf.synth.SynthScrollBarUI$1(javax.swing.plaf.synth.SynthArrowButton)[name=&apos;ScrollBar.button&apos;, text=&apos;&apos;, enabled=true, visible=true, showing=false]
            se.cambiosys.client.framework.components.CambioPanel[name=&apos;Subjectofcare.ExtendedGroupBannerPanel.buttonPanel&apos;]
              se.cambiosys.client.framework.components.CambioButton[name=&apos;Subjectofcare.ExtendedGroupBannerPanel.btnGroupCard&apos;, text=&apos;Group card&apos;, enabled=true, visible=true, showing=false]
  se.cambiosys.client.framework.subjectofcare.internal.gui.ExtendedPatientBannerDialog[name=&apos;Patients.PatientSOCSelectedPanel.PatientSOCSelectedPanel&apos;, title=null, enabled=true, modal=false, visible=false, showing=false]
    javax.swing.JRootPane[]
      javax.swing.JPanel[name=&apos;null.glassPane&apos;]
      javax.swing.JLayeredPane[]
        javax.swing.JPanel[name=&apos;null.contentPane&apos;]
          se.cambiosys.client.framework.subjectofcare.internal.gui.ExtendedPatientBannerPanel[name=&apos;Patients.PatientSOCSelectedPanel.PatientSOCSelectedPanel&apos;]
            se.cambiosys.client.framework.components.CambioScrollPane[name=&apos;Subjectofcare.ExtendedPatientBannerPanel.scrollPane&apos;, enabled=true, visible=true, showing=false]
              javax.swing.JViewport[,0,0,0x0,invalid,layout=javax.swing.ViewportLayout,alignmentX=0.0,alignmentY=0.0,border=,flags=25165824,maximumSize=,minimumSize=,preferredSize=,isViewSizeSet=false,lastPaintPosition=,scrollUnderway=false]
                se.cambiosys.client.framework.subjectofcare.internal.gui.ExtendedPatientBannerPanel$1(se.cambiosys.client.framework.components.CambioTextPane)[name=&apos;Subjectofcare.ExtendedPatientBannerPanel.textPane&apos;, text=&apos;&lt;html&gt;
  &lt;head&gt;

  &lt;/head&gt;
  &lt;body&gt;
    &lt;p style=&quot;margin-top: 0&quot;&gt;
      
    &lt;/p&gt;
  &lt;/body&gt;
&lt;/html&gt;
&apos;, enabled=true, visible=true, showing=false]
              javax.swing.JScrollPane$ScrollBar[name=null, value=0, blockIncrement=10, minimum=0, maximum=100, enabled=true, visible=true, showing=false]
                javax.swing.plaf.synth.SynthScrollBarUI$2(javax.swing.plaf.synth.SynthArrowButton)[name=&apos;ScrollBar.button&apos;, text=&apos;&apos;, enabled=true, visible=true, showing=false]
                javax.swing.plaf.synth.SynthScrollBarUI$1(javax.swing.plaf.synth.SynthArrowButton)[name=&apos;ScrollBar.button&apos;, text=&apos;&apos;, enabled=true, visible=true, showing=false]
              javax.swing.JScrollPane$ScrollBar[name=null, value=0, blockIncrement=10, minimum=0, maximum=100, enabled=true, visible=true, showing=false]
                javax.swing.plaf.synth.SynthScrollBarUI$2(javax.swing.plaf.synth.SynthArrowButton)[name=&apos;ScrollBar.button&apos;, text=&apos;&apos;, enabled=true, visible=true, showing=false]
                javax.swing.plaf.synth.SynthScrollBarUI$1(javax.swing.plaf.synth.SynthArrowButton)[name=&apos;ScrollBar.button&apos;, text=&apos;&apos;, enabled=true, visible=true, showing=false]
            se.cambiosys.client.framework.components.CambioPanel[name=&apos;Subjectofcare.ExtendedPatientBannerPanel.buttonPanel&apos;]
              se.cambiosys.client.framework.components.CambioButton[name=&apos;Subjectofcare.ExtendedPatientBannerPanel.btnPatientCard&apos;, text=&apos;Patient card&apos;, enabled=true, visible=true, showing=false]

	at se.cambio.test.runner.framework.runner.DelegatingTestRunner.run(DelegatingTestRunner.java:38)
	at org.testng.internal.MethodInvocationHelper.invokeHookable(MethodInvocationHelper.java:242)
	at org.testng.internal.Invoker.invokeMethod(Invoker.java:579)
	at org.testng.internal.Invoker.invokeTestMethod(Invoker.java:719)
	at org.testng.internal.Invoker.invokeTestMethods(Invoker.java:989)
	at org.testng.internal.TestMethodWorker.invokeTestMethods(TestMethodWorker.java:125)
	at org.testng.internal.TestMethodWorker.run(TestMethodWorker.java:109)
	at org.testng.TestRunner.privateRun(TestRunner.java:648)
	at org.testng.TestRunner.run(TestRunner.java:505)
	at org.testng.SuiteRunner.runTest(SuiteRunner.java:455)
	at org.testng.SuiteRunner.runSequentially(SuiteRunner.java:450)
	at org.testng.SuiteRunner.privateRun(SuiteRunner.java:415)
	at org.testng.SuiteRunner.run(SuiteRunner.java:364)
	at org.testng.SuiteRunnerWorker.runSuite(SuiteRunnerWorker.java:52)
	at org.testng.SuiteRunnerWorker.run(SuiteRunnerWorker.java:84)
	at org.testng.TestNG.runSuitesSequentially(TestNG.java:1208)
	at org.testng.TestNG.runSuitesLocally(TestNG.java:1137)
	at org.testng.TestNG.runSuites(TestNG.java:1049)
	at org.testng.TestNG.run(TestNG.java:1017)
	at org.apache.maven.surefire.testng.TestNGExecutor.run(TestNGExecutor.java:72)
	at org.apache.maven.surefire.testng.TestNGXmlTestSuite.execute(TestNGXmlTestSuite.java:88)
	at org.apache.maven.surefire.testng.TestNGProvider.invoke(TestNGProvider.java:101)
	at sun.reflect.NativeMethodAccessorImpl.invoke0(Native Method)
	at sun.reflect.NativeMethodAccessorImpl.invoke(NativeMethodAccessorImpl.java:62)
	at sun.reflect.DelegatingMethodAccessorImpl.invoke(DelegatingMethodAccessorImpl.java:43)
	at java.lang.reflect.Method.invoke(Method.java:498)
	at org.apache.maven.surefire.booter.ProviderFactory$ClassLoaderProxy.invoke(ProviderFactory.java:103)
	at com.sun.proxy.$Proxy0.invoke(Unknown Source)
	at org.apache.maven.surefire.booter.SurefireStarter.invokeProvider(SurefireStarter.java:150)
	at org.apache.maven.surefire.booter.SurefireStarter.runSuitesInProcess(SurefireStarter.java:91)
	at org.apache.maven.surefire.booter.ForkedBooter.main(ForkedBooter.java:69)
Caused by: se.cambio.test.taf.core.exception.ApplicationException: Unable to find JMenuItem using the specified GenericTypeMatcher. 
Error: Unable to find component using matcher se.cambio.test.taf.element.desktop.elementbase.core.BaseJMenu$2@4215e133.

Component hierarchy:
se.cambiosys.client.framework.core.internal.gui.MainWindow[name=&apos;jframe_main_window&apos;, title=&apos;Prasad Ranasinghe, (PrasadR), Central administrator*The Emergency department*&apos;, enabled=true, visible=true, showing=true]
  javax.swing.JRootPane[]
    se.cambiosys.client.framework.core.internal.gui.MainGlassPane[name=null]
    javax.swing.JLayeredPane[]
      javax.swing.JPanel[name=null]
        javax.swing.JPopupMenu[name=null, label=null, enabled=true, visible=true, showing=true]
          se.cambiosys.client.framework.core.internal.gui.CambioMenuSearchComponent[name=null]
            se.cambiosys.client.framework.components.CambioPanel[name=null]
              javax.swing.JTextField[name=null, text=&apos;&apos;, enabled=true, visible=true, showing=true]
              se.cambiosys.client.framework.components.CambioLabel[name=&apos;Table.cellRenderer&apos;, text=&apos;&apos;, enabled=true, visible=true, showing=true]
              se.cambiosys.client.framework.components.CambioButton[name=null, text=&apos;&apos;, enabled=true, visible=false, showing=false]
          se.cambiosys.client.framework.components.CambioMenu[name=null, text=&apos;Page Object Creator&apos;, selected=false, enabled=true, visible=true, showing=true]
            javax.swing.JPopupMenu[name=null, label=null, enabled=true, visible=false, showing=false]
              se.cambiosys.client.framework.menueditor.internal.InitializingMenuItem[name=null, text=&apos;Loading...&apos;, selected=false, enabled=true, visible=true, showing=false]
                se.cambiosys.client.framework.core.internal.CambioShortcutMenuButton[name=null, text=&apos;&apos;, selected=false, enabled=true, visible=true, showing=false]
          se.cambiosys.client.framework.components.CambioMenu[name=null, text=&apos;Activity&apos;, selected=false, enabled=true, visible=true, showing=true]
            javax.swing.JPopupMenu[name=null, label=null, enabled=true, visible=false, showing=false]
              se.cambiosys.client.framework.menueditor.internal.InitializingMenuItem[name=null, text=&apos;Order&apos;, selected=false, enabled=false, visible=true, showing=false]
                se.cambiosys.client.framework.core.internal.CambioShortcutMenuButton[name=null, text=&apos;&apos;, selected=true, enabled=true, visible=true, showing=false]
              se.cambiosys.client.framework.menueditor.internal.InitializingMenuItem[name=null, text=&apos;Order Administration&apos;, selected=false, enabled=true, visible=true, showing=false]
                se.cambiosys.client.framework.core.internal.CambioShortcutMenuButton[name=null, text=&apos;&apos;, selected=false, enabled=true, visible=true, showing=false]
          se.cambiosys.client.framework.components.CambioMenu[name=null, text=&apos;Patient Generated Care Entries&apos;, selected=false, enabled=true, visible=true, showing=true]
            javax.swing.JPopupMenu[name=null, label=null, enabled=true, visible=false, showing=false]
              se.cambiosys.client.framework.menueditor.internal.InitializingMenuItem[name=null, text=&apos;PG CareEntries Testing Tool&apos;, selected=false, enabled=true, visible=true, showing=false]
                se.cambiosys.client.framework.core.internal.CambioShortcutMenuButton[name=null, text=&apos;&apos;, selected=false, enabled=true, visible=true, showing=false]
          se.cambiosys.client.framework.components.CambioMenu[name=null, text=&apos;Referral&apos;, selected=false, enabled=true, visible=true, showing=true]
            javax.swing.JPopupMenu[name=null, label=null, enabled=true, visible=false, showing=false]
              se.cambiosys.client.framework.menueditor.internal.InitializingMenuItem[name=null, text=&apos;New referral&apos;, selected=false, enabled=true, visible=true, showing=false]
                se.cambiosys.client.framework.core.internal.CambioShortcutMenuButton[name=null, text=&apos;&apos;, selected=false, enabled=true, visible=true, showing=false]
              se.cambiosys.client.framework.menueditor.internal.InitializingMenuItem[name=null, text=&apos;Received referrals&apos;, selected=false, enabled=true, visible=true, showing=false]
                se.cambiosys.client.framework.core.internal.CambioShortcutMenuButton[name=null, text=&apos;&apos;, selected=false, enabled=true, visible=true, showing=false]
              se.cambiosys.client.framework.menueditor.internal.InitializingMenuItem[name=null, text=&apos;Register referral&apos;, selected=false, enabled=true, visible=true, showing=false]
                se.cambiosys.client.framework.core.internal.CambioShortcutMenuButton[name=null, text=&apos;&apos;, selected=false, enabled=true, visible=true, showing=false]
              se.cambiosys.client.framework.menueditor.internal.InitializingMenuItem[name=null, text=&apos;Saved and sent referrals&apos;, selected=false, enabled=true, visible=true, showing=false]
                se.cambiosys.client.framework.core.internal.CambioShortcutMenuButton[name=null, text=&apos;&apos;, selected=false, enabled=true, visible=true, showing=false]
              se.cambiosys.client.framework.menueditor.internal.InitializingMenuItem[name=null, text=&apos;Patient&apos;s list of answers&apos;, selected=false, enabled=true, visible=true, showing=false]
                se.cambiosys.client.framework.core.internal.CambioShortcutMenuButton[name=null, text=&apos;&apos;, selected=false, enabled=true, visible=true, showing=false]
              se.cambiosys.client.framework.components.CambioMenu[name=null, text=&apos;Administration&apos;, selected=false, enabled=true, visible=true, showing=false]
                javax.swing.JPopupMenu[name=null, label=null, enabled=true, visible=false, showing=false]
                  se.cambiosys.client.framework.menueditor.internal.InitializingMenuItem[name=null, text=&apos;Documentation templates&apos;, selected=false, enabled=true, visible=true, showing=false]
                    se.cambiosys.client.framework.core.internal.CambioShortcutMenuButton[name=null, text=&apos;&apos;, selected=false, enabled=true, visible=true, showing=false]
          se.cambiosys.client.framework.components.CambioMenu[name=null, text=&apos;Link&apos;, selected=false, enabled=true, visible=true, showing=true]
            javax.swing.JPopupMenu[name=null, label=null, enabled=true, visible=false, showing=false]
              se.cambiosys.client.framework.menueditor.internal.InitializingMenuItem[name=null, text=&apos;Case overview&apos;, selected=false, enabled=true, visible=true, showing=false]
                se.cambiosys.client.framework.core.internal.CambioShortcutMenuButton[name=null, text=&apos;&apos;, selected=false, enabled=true, visible=true, showing=false]
              se.cambiosys.client.framework.components.CambioMenu[name=null, text=&apos;Administration&apos;, selected=false, enabled=true, visible=true, showing=false]
                javax.swing.JPopupMenu[name=null, label=null, enabled=true, visible=false, showing=false]
                  se.cambiosys.client.framework.menueditor.internal.InitializingMenuItem[name=null, text=&apos;Suggested Admission message receivers&apos;, selected=false, enabled=true, visible=true, showing=false]
                    se.cambiosys.client.framework.core.internal.CambioShortcutMenuButton[name=null, text=&apos;&apos;, selected=false, enabled=true, visible=true, showing=false]
          se.cambiosys.client.framework.components.CambioMenu[name=null, text=&apos;Fluid balance&apos;, selected=false, enabled=true, visible=true, showing=true]
            javax.swing.JPopupMenu[name=null, label=null, enabled=true, visible=false, showing=false]
              se.cambiosys.client.framework.menueditor.internal.InitializingMenuItem[name=null, text=&apos;Fluid Balance&apos;, selected=false, enabled=true, visible=true, showing=false]
                se.cambiosys.client.framework.core.internal.CambioShortcutMenuButton[name=null, text=&apos;&apos;, selected=false, enabled=true, visible=true, showing=false]
          se.cambiosys.client.framework.components.CambioMenu[name=null, text=&apos;Help&apos;, selected=false, enabled=true, visible=true, showing=true]
            javax.swing.JPopupMenu[name=null, label=null, enabled=true, visible=false, showing=false]
              se.cambiosys.client.framework.menueditor.internal.InitializingMenuItem[name=null, text=&apos;About Cambio COSMIC...&apos;, selected=false, enabled=true, visible=true, showing=false]
                se.cambiosys.client.framework.core.internal.CambioShortcutMenuButton[name=null, text=&apos;&apos;, selected=false, enabled=true, visible=true, showing=false]
              se.cambiosys.client.framework.menueditor.internal.InitializingMenuItem[name=null, text=&apos;Help for Cosmic&apos;, selected=false, enabled=true, visible=true, showing=false]
                se.cambiosys.client.framework.core.internal.CambioShortcutMenuButton[name=null, text=&apos;&apos;, selected=false, enabled=true, visible=true, showing=false]
          se.cambiosys.client.framework.components.CambioMenu[name=null, text=&apos;CDS&apos;, selected=false, enabled=true, visible=true, showing=true]
            javax.swing.JPopupMenu[name=null, label=null, enabled=true, visible=false, showing=false]
              se.cambiosys.client.framework.menueditor.internal.InitializingMenuItem[name=null, text=&apos;CDS App Administration&apos;, selected=false, enabled=true, visible=true, showing=false]
                se.cambiosys.client.framework.core.internal.CambioShortcutMenuButton[name=null, text=&apos;&apos;, selected=false, enabled=true, visible=true, showing=false]
              se.cambiosys.client.framework.menueditor.internal.InitializingMenuItem[name=null, text=&apos;Stroke Prevention for Atrial Fibrillation&apos;, selected=false, enabled=true, visible=true, showing=false]
                se.cambiosys.client.framework.core.internal.CambioShortcutMenuButton[name=null, text=&apos;&apos;, selected=false, enabled=true, visible=true, showing=false]
          se.cambiosys.client.framework.components.CambioMenu[name=null, text=&apos;Resource planning&apos;, selected=false, enabled=true, visible=true, showing=true]
            javax.swing.JPopupMenu[name=null, label=null, enabled=true, visible=false, showing=false]
              se.cambiosys.client.framework.menueditor.internal.InitializingMenuItem[name=null, text=&apos;Schedule&apos;, selected=false, enabled=true, visible=true, showing=false]
                se.cambiosys.client.framework.core.internal.CambioShortcutMenuButton[name=null, text=&apos;&apos;, selected=false, enabled=true, visible=true, showing=false]
              se.cambiosys.client.framework.menueditor.internal.InitializingMenuItem[name=null, text=&apos;Schedule groups&apos;, selected=false, enabled=true, visible=true, showing=false]
                se.cambiosys.client.framework.core.internal.CambioShortcutMenuButton[name=null, text=&apos;&apos;, selected=false, enabled=true, visible=true, showing=false]
              se.cambiosys.client.framework.menueditor.internal.InitializingMenuItem[name=null, text=&apos;Schedule overview&apos;, selected=false, enabled=true, visible=true, showing=false]
                se.cambiosys.client.framework.core.internal.CambioShortcutMenuButton[name=null, text=&apos;&apos;, selected=false, enabled=true, visible=true, showing=false]
              se.cambiosys.client.framework.components.CambioMenu[name=null, text=&apos;Administration&apos;, selected=false, enabled=true, visible=true, showing=false]
                javax.swing.JPopupMenu[name=null, label=null, enabled=true, visible=false, showing=false]
                  se.cambiosys.client.framework.menueditor.internal.InitializingMenuItem[name=null, text=&apos;Connect time slot services&apos;, selected=false, enabled=true, visible=true, showing=false]
                    se.cambiosys.client.framework.core.internal.CambioShortcutMenuButton[name=null, text=&apos;&apos;, selected=false, enabled=true, visible=true, showing=false]
                  se.cambiosys.client.framework.components.CambioMenu[name=null, text=&apos;Scheme&apos;, selected=false, enabled=true, visible=true, showing=false]
                    javax.swing.JPopupMenu[name=null, label=null, enabled=true, visible=false, showing=false]
                      se.cambiosys.client.framework.menueditor.internal.InitializingMenuItem[name=null, text=&apos;Services scheme&apos;, selected=false, enabled=true, visible=true, showing=false]
                        se.cambiosys.client.framework.core.internal.CambioShortcutMenuButton[name=null, text=&apos;&apos;, selected=false, enabled=true, visible=true, showing=false]
                      se.cambiosys.client.framework.menueditor.internal.InitializingMenuItem[name=null, text=&apos;Scheme templates&apos;, selected=false, enabled=true, visible=true, showing=false]
                        se.cambiosys.client.framework.core.internal.CambioShortcutMenuButton[name=null, text=&apos;&apos;, selected=false, enabled=true, visible=true, showing=false]
                      se.cambiosys.client.framework.menueditor.internal.InitializingMenuItem[name=null, text=&apos;Resource&apos;s scheme&apos;, selected=false, enabled=true, visible=true, showing=false]
                        se.cambiosys.client.framework.core.internal.CambioShortcutMenuButton[name=null, text=&apos;&apos;, selected=false, enabled=true, visible=true, showing=false]
                  se.cambiosys.client.framework.components.CambioMenu[name=null, text=&apos;Staffing&apos;, selected=false, enabled=true, visible=true, showing=false]
                    javax.swing.JPopupMenu[name=null, label=null, enabled=true, visible=false, showing=false]
                      se.cambiosys.client.framework.menueditor.internal.InitializingMenuItem[name=null, text=&apos;Allocate resources - Services scheme&apos;, selected=false, enabled=true, visible=true, showing=false]
                        se.cambiosys.client.framework.core.internal.CambioShortcutMenuButton[name=null, text=&apos;&apos;, selected=false, enabled=true, visible=true, showing=false]
                      se.cambiosys.client.framework.menueditor.internal.InitializingMenuItem[name=null, text=&apos;Allocate resources - Scheme templates&apos;, selected=false, enabled=true, visible=true, showing=false]
                        se.cambiosys.client.framework.core.internal.CambioShortcutMenuButton[name=null, text=&apos;&apos;, selected=false, enabled=true, visible=true, showing=false]
                      se.cambiosys.client.framework.menueditor.internal.InitializingMenuItem[name=null, text=&apos;Services missing resources&apos;, selected=false, enabled=true, visible=true, showing=false]
                        se.cambiosys.client.framework.core.internal.CambioShortcutMenuButton[name=null, text=&apos;&apos;, selected=false, enabled=true, visible=true, showing=false]
              se.cambiosys.client.framework.menueditor.internal.InitializingMenuItem[name=null, text=&apos;Planned activities&apos;, selected=false, enabled=true, visible=true, showing=false]
                se.cambiosys.client.framework.core.internal.CambioShortcutMenuButton[name=null, text=&apos;&apos;, selected=false, enabled=true, visible=true, showing=false]
              se.cambiosys.client.framework.menueditor.internal.InitializingMenuItem[name=null, text=&apos;Planning form&apos;, selected=false, enabled=true, visible=true, showing=false]
                se.cambiosys.client.framework.core.internal.CambioShortcutMenuButton[name=null, text=&apos;&apos;, selected=false, enabled=true, visible=true, showing=false]
              se.cambiosys.client.framework.menueditor.internal.InitializingMenuItem[name=null, text=&apos;Light planning form&apos;, selected=false, enabled=true, visible=true, showing=false]
                se.cambiosys.client.framework.core.internal.CambioShortcutMenuButton[name=null, text=&apos;&apos;, selected=false, enabled=true, visible=true, showing=false]
          se.cambiosys.client.framework.components.CambioMenu[name=null, text=&apos;Activity handling&apos;, selected=false, enabled=true, visible=true, showing=true]
            javax.swing.JPopupMenu[name=null, label=null, enabled=true, visible=false, showing=false]
              se.cambiosys.client.framework.menueditor.internal.InitializingMenuItem[name=null, text=&apos;Activity handler&apos;, selected=false, enabled=true, visible=true, showing=false]
                se.cambiosys.client.framework.core.internal.CambioShortcutMenuButton[name=null, text=&apos;&apos;, selected=false, enabled=true, visible=true, showing=false]
              se.cambiosys.client.framework.components.CambioMenu[name=null, text=&apos;Administration&apos;, selected=false, enabled=true, visible=true, showing=false]
                javax.swing.JPopupMenu[name=null, label=null, enabled=true, visible=false, showing=false]
                  se.cambiosys.client.framework.menueditor.internal.InitializingMenuItem[name=null, text=&apos;Configuration of Activity plans&apos;, selected=false, enabled=true, visible=true, showing=false]
                    se.cambiosys.client.framework.core.internal.CambioShortcutMenuButton[name=null, text=&apos;&apos;, selected=false, enabled=true, visible=true, showing=false]
                  se.cambiosys.client.framework.menueditor.internal.InitializingMenuItem[name=null, text=&apos;Configuration of activity plan activation&apos;, selected=false, enabled=true, visible=true, showing=false]
                    se.cambiosys.client.framework.core.internal.CambioShortcutMenuButton[name=null, text=&apos;&apos;, selected=false, enabled=true, visible=true, showing=false]
          se.cambiosys.client.framework.components.CambioMenu[name=null, text=&apos;Drugs&apos;, selected=false, enabled=true, visible=true, showing=true]
            javax.swing.JPopupMenu[name=null, label=null, enabled=true, visible=false, showing=false]
              se.cambiosys.client.framework.menueditor.internal.InitializingMenuItem[name=null, text=&apos;Appliance&apos;, selected=false, enabled=true, visible=true, showing=false]
                se.cambiosys.client.framework.core.internal.CambioShortcutMenuButton[name=null, text=&apos;&apos;, selected=false, enabled=true, visible=true, showing=false]
              se.cambiosys.client.framework.menueditor.internal.InitializingMenuItem[name=null, text=&apos;Prescription&apos;, selected=false, enabled=true, visible=true, showing=false]
                se.cambiosys.client.framework.core.internal.CambioShortcutMenuButton[name=null, text=&apos;&apos;, selected=false, enabled=true, visible=true, showing=false]
              se.cambiosys.client.framework.menueditor.internal.InitializingMenuItem[name=null, text=&apos;R8.0 List of medications&apos;, selected=false, enabled=true, visible=true, showing=false]
                se.cambiosys.client.framework.core.internal.CambioShortcutMenuButton[name=null, text=&apos;&apos;, selected=false, enabled=true, visible=true, showing=false]
              se.cambiosys.client.framework.components.CambioMenu[name=null, text=&apos;Administration&apos;, selected=false, enabled=true, visible=true, showing=false]
                javax.swing.JPopupMenu[name=null, label=null, enabled=true, visible=false, showing=false]
                  se.cambiosys.client.framework.menueditor.internal.InitializingMenuItem[name=null, text=&apos;Sent E-prescriptions&apos;, selected=false, enabled=true, visible=true, showing=false]
                    se.cambiosys.client.framework.core.internal.CambioShortcutMenuButton[name=null, text=&apos;&apos;, selected=false, enabled=true, visible=true, showing=false]
              se.cambiosys.client.framework.menueditor.internal.InitializingMenuItem[name=null, text=&apos;Warnings, cautions and infected blood&apos;, selected=false, enabled=false, visible=true, showing=false]
                se.cambiosys.client.framework.core.internal.CambioShortcutMenuButton[name=null, text=&apos;&apos;, selected=false, enabled=true, visible=true, showing=false]
              se.cambiosys.client.framework.menueditor.internal.InitializingMenuItem[name=null, text=&apos;Medical administration record&apos;, selected=false, enabled=true, visible=true, showing=false]
                se.cambiosys.client.framework.core.internal.CambioShortcutMenuButton[name=null, text=&apos;&apos;, selected=false, enabled=true, visible=true, showing=false]
              se.cambiosys.client.framework.menueditor.internal.InitializingMenuItem[name=null, text=&apos;Decision about medication at admission&apos;, selected=false, enabled=true, visible=true, showing=false]
                se.cambiosys.client.framework.core.internal.CambioShortcutMenuButton[name=null, text=&apos;&apos;, selected=false, enabled=true, visible=true, showing=false]
          se.cambiosys.client.framework.components.CambioMenu[name=null, text=&apos;Concept&apos;, selected=false, enabled=true, visible=true, showing=true]
            javax.swing.JPopupMenu[name=null, label=null, enabled=true, visible=false, showing=false]
              se.cambiosys.client.framework.menueditor.internal.InitializingMenuItem[name=null, text=&apos;Terminology binding configuration&apos;, selected=false, enabled=true, visible=true, showing=false]
                se.cambiosys.client.framework.core.internal.CambioShortcutMenuButton[name=null, text=&apos;&apos;, selected=false, enabled=true, visible=true, showing=false]
          se.cambiosys.client.framework.components.CambioMenu[name=null, text=&apos;Block Administration&apos;, selected=false, enabled=true, visible=true, showing=true]
            javax.swing.JPopupMenu[name=null, label=null, enabled=true, visible=false, showing=false]
              se.cambiosys.client.framework.menueditor.internal.InitializingMenuItem[name=null, text=&apos;Block Administration&apos;, selected=false, enabled=true, visible=true, showing=false]
                se.cambiosys.client.framework.core.internal.CambioShortcutMenuButton[name=null, text=&apos;&apos;, selected=false, enabled=true, visible=true, showing=false]
          se.cambiosys.client.framework.components.CambioMenu[name=null, text=&apos;Overviews&apos;, selected=false, enabled=true, visible=true, showing=true]
            javax.swing.JPopupMenu[name=null, label=null, enabled=true, visible=false, showing=false]
              se.cambiosys.client.framework.menueditor.internal.InitializingMenuItem[name=null, text=&apos;Unsigned and Unacknowledged&apos;, selected=false, enabled=true, visible=true, showing=false]
                se.cambiosys.client.framework.core.internal.CambioShortcutMenuButton[name=null, text=&apos;&apos;, selected=false, enabled=true, visible=true, showing=false]
              se.cambiosys.client.framework.components.CambioMenu[name=null, text=&apos;Unit overviews&apos;, selected=false, enabled=true, visible=true, showing=false]
                javax.swing.JPopupMenu[name=null, label=null, enabled=true, visible=false, showing=false]
                  se.cambiosys.client.framework.menueditor.internal.InitializingMenuItem[name=null, text=&apos;Services&apos;, selected=false, enabled=true, visible=true, showing=false]
                    se.cambiosys.client.framework.core.internal.CambioShortcutMenuButton[name=null, text=&apos;&apos;, selected=false, enabled=true, visible=true, showing=false]
                  se.cambiosys.client.framework.menueditor.internal.InitializingMenuItem[name=null, text=&apos;Commitment&apos;, selected=false, enabled=true, visible=true, showing=false]
                    se.cambiosys.client.framework.core.internal.CambioShortcutMenuButton[name=null, text=&apos;&apos;, selected=false, enabled=true, visible=true, showing=false]
                  se.cambiosys.client.framework.menueditor.internal.InitializingMenuItem[name=null, text=&apos;Admission overview&apos;, selected=false, enabled=true, visible=true, showing=false]
                    se.cambiosys.client.framework.core.internal.CambioShortcutMenuButton[name=null, text=&apos;&apos;, selected=false, enabled=true, visible=true, showing=false]
                  se.cambiosys.client.framework.menueditor.internal.InitializingMenuItem[name=null, text=&apos;Loading...&apos;, selected=false, enabled=true, visible=true, showing=false]
                    se.cambiosys.client.framework.core.internal.CambioShortcutMenuButton[name=null, text=&apos;&apos;, selected=false, enabled=true, visible=true, showing=false]
                  se.cambiosys.client.framework.menueditor.internal.InitializingMenuItem[name=null, text=&apos;Loading...&apos;, selected=false, enabled=true, visible=true, showing=false]
                    se.cambiosys.client.framework.core.internal.CambioShortcutMenuButton[name=null, text=&apos;&apos;, selected=false, enabled=true, visible=true, showing=false]
              se.cambiosys.client.framework.menueditor.internal.InitializingMenuItem[name=null, text=&apos;Visit Overview&apos;, selected=false, enabled=true, visible=true, showing=false]
                se.cambiosys.client.framework.core.internal.CambioShortcutMenuButton[name=null, text=&apos;&apos;, selected=false, enabled=true, visible=true, showing=false]
              se.cambiosys.client.framework.menueditor.internal.InitializingMenuItem[name=null, text=&apos;Clinical overview - OP&apos;, selected=false, enabled=true, visible=true, showing=false]
                se.cambiosys.client.framework.core.internal.CambioShortcutMenuButton[name=null, text=&apos;&apos;, selected=false, enabled=true, visible=true, showing=false]
              se.cambiosys.client.framework.menueditor.internal.InitializingMenuItem[name=null, text=&apos;Clinical overview - IP&apos;, selected=false, enabled=true, visible=true, showing=false]
                se.cambiosys.client.framework.core.internal.CambioShortcutMenuButton[name=null, text=&apos;&apos;, selected=false, enabled=true, visible=true, showing=false]
              se.cambiosys.client.framework.menueditor.internal.InitializingMenuItem[name=null, text=&apos;Process view&apos;, selected=false, enabled=true, visible=true, showing=false]
                se.cambiosys.client.framework.core.internal.CambioShortcutMenuButton[name=null, text=&apos;&apos;, selected=false, enabled=true, visible=true, showing=false]
              se.cambiosys.client.framework.menueditor.internal.InitializingMenuItem[name=null, text=&apos;Dynamic overviews - Administration&apos;, selected=false, enabled=true, visible=true, showing=false]
                se.cambiosys.client.framework.core.internal.CambioShortcutMenuButton[name=null, text=&apos;&apos;, selected=false, enabled=true, visible=true, showing=false]
              se.cambiosys.client.framework.components.CambioMenu[name=null, text=&apos;Dynamic overviews&apos;, selected=false, enabled=true, visible=true, showing=false]
                javax.swing.JPopupMenu[name=null, label=null, enabled=true, visible=false, showing=false]
                  se.cambiosys.client.overviewmodule.Module$8(se.cambiosys.client.framework.components.CambioMenuItem)[name=null, text=&apos;All views*&apos;, selected=false, enabled=true, visible=true, showing=false]
                    se.cambiosys.client.framework.core.internal.CambioShortcutMenuButton[name=null, text=&apos;&apos;, selected=false, enabled=true, visible=true, showing=false]
                  se.cambiosys.client.overviewmodule.Module$8(se.cambiosys.client.framework.components.CambioMenuItem)[name=null, text=&apos;Doctor*&apos;, selected=false, enabled=true, visible=true, showing=false]
                    se.cambiosys.client.framework.core.internal.CambioShortcutMenuButton[name=null, text=&apos;&apos;, selected=false, enabled=true, visible=true, showing=false]
                  se.cambiosys.client.overviewmodule.Module$8(se.cambiosys.client.framework.components.CambioMenuItem)[name=null, text=&apos;Inpatient*&apos;, selected=false, enabled=true, visible=true, showing=false]
                    se.cambiosys.client.framework.core.internal.CambioShortcutMenuButton[name=null, text=&apos;&apos;, selected=false, enabled=true, visible=true, showing=false]
                  se.cambiosys.client.overviewmodule.Module$8(se.cambiosys.client.framework.components.CambioMenuItem)[name=null, text=&apos;Patient*&apos;, selected=false, enabled=true, visible=true, showing=false]
                    se.cambiosys.client.framework.core.internal.CambioShortcutMenuButton[name=null, text=&apos;&apos;, selected=false, enabled=true, visible=true, showing=false]
              se.cambiosys.client.framework.menueditor.internal.InitializingMenuItem[name=null, text=&apos;Patient Overview&apos;, selected=false, enabled=true, visible=true, showing=false]
                se.cambiosys.client.framework.core.internal.CambioShortcutMenuButton[name=null, text=&apos;&apos;, selected=false, enabled=true, visible=true, showing=false]
              se.cambiosys.client.framework.menueditor.internal.InitializingMenuItem[name=null, text=&apos;Analyse Area&apos;, selected=false, enabled=true, visible=true, showing=false]
                se.cambiosys.client.framework.core.internal.CambioShortcutMenuButton[name=null, text=&apos;&apos;, selected=false, enabled=true, visible=true, showing=false]
              se.cambiosys.client.framework.menueditor.internal.InitializingMenuItem[name=null, text=&apos;My Overview&apos;, selected=false, enabled=true, visible=true, showing=false]
                se.cambiosys.client.framework.core.internal.CambioShortcutMenuButton[name=null, text=&apos;&apos;, selected=false, enabled=true, visible=true, showing=false]
              se.cambiosys.client.framework.menueditor.internal.InitializingMenuItem[name=null, text=&apos;Management Overview&apos;, selected=false, enabled=true, visible=true, showing=false]
                se.cambiosys.client.framework.core.internal.CambioShortcutMenuButton[name=null, text=&apos;&apos;, selected=false, enabled=true, visible=true, showing=false]
              se.cambiosys.client.framework.menueditor.internal.InitializingMenuItem[name=null, text=&apos;List of visits&apos;, selected=false, enabled=true, visible=true, showing=false]
                se.cambiosys.client.framework.core.internal.CambioShortcutMenuButton[name=null, text=&apos;&apos;, selected=false, enabled=true, visible=true, showing=false]
              se.cambiosys.client.framework.menueditor.internal.InitializingMenuItem[name=null, text=&apos;Connection Overview&apos;, selected=false, enabled=true, visible=true, showing=false]
                se.cambiosys.client.framework.core.internal.CambioShortcutMenuButton[name=null, text=&apos;&apos;, selected=false, enabled=true, visible=true, showing=false]
              se.cambiosys.client.framework.components.CambioMenu[name=null, text=&apos;Unit overview-Administration&apos;, selected=false, enabled=true, visible=true, showing=false]
                javax.swing.JPopupMenu[name=null, label=null, enabled=true, visible=false, showing=false]
                  se.cambiosys.client.framework.components.CambioMenu[name=null, text=&apos;Priority configuration&apos;, selected=false, enabled=true, visible=true, showing=false]
                    javax.swing.JPopupMenu[name=null, label=null, enabled=true, visible=false, showing=false]
                      se.cambiosys.client.framework.menueditor.internal.InitializingMenuItem[name=null, text=&apos;Loading...&apos;, selected=false, enabled=true, visible=true, showing=false]
                        se.cambiosys.client.framework.core.internal.CambioShortcutMenuButton[name=null, text=&apos;&apos;, selected=false, enabled=true, visible=true, showing=false]
                      se.cambiosys.client.framework.menueditor.internal.InitializingMenuItem[name=null, text=&apos;Loading...&apos;, selected=false, enabled=true, visible=true, showing=false]
                        se.cambiosys.client.framework.core.internal.CambioShortcutMenuButton[name=null, text=&apos;&apos;, selected=false, enabled=true, visible=true, showing=false]
                  se.cambiosys.client.framework.components.CambioMenu[name=null, text=&apos;OW Configuration&apos;, selected=false, enabled=true, visible=true, showing=false]
                    javax.swing.JPopupMenu[name=null, label=null, enabled=true, visible=false, showing=false]
                      se.cambiosys.client.framework.menueditor.internal.InitializingMenuItem[name=null, text=&apos;Loading...&apos;, selected=false, enabled=true, visible=true, showing=false]
                        se.cambiosys.client.framework.core.internal.CambioShortcutMenuButton[name=null, text=&apos;&apos;, selected=false, enabled=true, visible=true, showing=false]
                      se.cambiosys.client.framework.menueditor.internal.InitializingMenuItem[name=null, text=&apos;Loading...&apos;, selected=false, enabled=true, visible=true, showing=false]
                        se.cambiosys.client.framework.core.internal.CambioShortcutMenuButton[name=null, text=&apos;&apos;, selected=false, enabled=true, visible=true, showing=false]
                      se.cambiosys.client.framework.menueditor.internal.InitializingMenuItem[name=null, text=&apos;Loading...&apos;, selected=false, enabled=true, visible=true, showing=false]
                        se.cambiosys.client.framework.core.internal.CambioShortcutMenuButton[name=null, text=&apos;&apos;, selected=false, enabled=true, visible=true, showing=false]
                  se.cambiosys.client.framework.menueditor.internal.InitializingMenuItem[name=null, text=&apos;Loading...&apos;, selected=false, enabled=true, visible=true, showing=false]
                    se.cambiosys.client.framework.core.internal.CambioShortcutMenuButton[name=null, text=&apos;&apos;, selected=false, enabled=true, visible=true, showing=false]
          se.cambiosys.client.framework.components.CambioMenu[name=null, text=&apos;Messenger&apos;, selected=false, enabled=true, visible=true, showing=true]
            javax.swing.JPopupMenu[name=null, label=null, enabled=true, visible=false, showing=false]
              se.cambiosys.client.framework.menueditor.internal.InitializingMenuItem[name=null, text=&apos;Inbox&apos;, selected=false, enabled=true, visible=true, showing=false]
                se.cambiosys.client.framework.core.internal.CambioShortcutMenuButton[name=null, text=&apos;&apos;, selected=false, enabled=true, visible=true, showing=false]
              se.cambiosys.client.framework.menueditor.internal.InitializingMenuItem[name=null, text=&apos;New message&apos;, selected=false, enabled=true, visible=true, showing=false]
                se.cambiosys.client.framework.core.internal.CambioShortcutMenuButton[name=null, text=&apos;&apos;, selected=false, enabled=true, visible=true, showing=false]
              se.cambiosys.client.framework.menueditor.internal.InitializingMenuItem[name=null, text=&apos;New broadcast message&apos;, selected=false, enabled=true, visible=true, showing=false]
                se.cambiosys.client.framework.core.internal.CambioShortcutMenuButton[name=null, text=&apos;&apos;, selected=false, enabled=true, visible=true, showing=false]
              se.cambiosys.client.framework.components.CambioMenu[name=null, text=&apos;Administration&apos;, selected=false, enabled=true, visible=true, showing=false]
                javax.swing.JPopupMenu[name=null, label=null, enabled=true, visible=false, showing=false]
                  se.cambiosys.client.framework.menueditor.internal.InitializingMenuItem[name=null, text=&apos;Recipient group&apos;, selected=false, enabled=true, visible=true, showing=false]
                    se.cambiosys.client.framework.core.internal.CambioShortcutMenuButton[name=null, text=&apos;&apos;, selected=false, enabled=true, visible=true, showing=false]
                  se.cambiosys.client.framework.menueditor.internal.InitializingMenuItem[name=null, text=&apos;Messenger accounts&apos;, selected=false, enabled=true, visible=true, showing=false]
                    se.cambiosys.client.framework.core.internal.CambioShortcutMenuButton[name=null, text=&apos;&apos;, selected=false, enabled=true, visible=true, showing=false]
                  se.cambiosys.client.framework.menueditor.internal.InitializingMenuItem[name=null, text=&apos;Access to other users&apos; Messenger accounts&apos;, selected=false, enabled=true, visible=true, showing=false]
                    se.cambiosys.client.framework.core.internal.CambioShortcutMenuButton[name=null, text=&apos;&apos;, selected=false, enabled=true, visible=true, showing=false]
                  se.cambiosys.client.framework.menueditor.internal.InitializingMenuItem[name=null, text=&apos;Out of office administration&apos;, selected=false, enabled=true, visible=true, showing=false]
                    se.cambiosys.client.framework.core.internal.CambioShortcutMenuButton[name=null, text=&apos;&apos;, selected=false, enabled=true, visible=true, showing=false]
          se.cambiosys.client.framework.components.CambioMenu[name=null, text=&apos;Administration&apos;, selected=false, enabled=true, visible=true, showing=true]
            javax.swing.JPopupMenu[name=null, label=null, enabled=true, visible=false, showing=false]
              se.cambiosys.client.framework.menueditor.internal.InitializingMenuItem[name=null, text=&apos;Unit register&apos;, selected=false, enabled=true, visible=true, showing=false]
                se.cambiosys.client.framework.core.internal.CambioShortcutMenuButton[name=null, text=&apos;&apos;, selected=false, enabled=true, visible=true, showing=false]
              se.cambiosys.client.framework.menueditor.internal.InitializingMenuItem[name=null, text=&apos;Resources&apos;, selected=false, enabled=true, visible=true, showing=false]
                se.cambiosys.client.framework.core.internal.CambioShortcutMenuButton[name=null, text=&apos;&apos;, selected=false, enabled=true, visible=true, showing=false]
              se.cambiosys.client.framework.components.CambioMenu[name=null, text=&apos;Permission&apos;, selected=false, enabled=true, visible=true, showing=false]
                javax.swing.JPopupMenu[name=null, label=null, enabled=true, visible=false, showing=false]
                  se.cambiosys.client.framework.menueditor.internal.InitializingMenuItem[name=null, text=&apos;Define access&apos;, selected=false, enabled=true, visible=true, showing=false]
                    se.cambiosys.client.framework.core.internal.CambioShortcutMenuButton[name=null, text=&apos;&apos;, selected=false, enabled=true, visible=true, showing=false]
                  se.cambiosys.client.framework.menueditor.internal.InitializingMenuItem[name=null, text=&apos;Access overview&apos;, selected=false, enabled=true, visible=true, showing=false]
                    se.cambiosys.client.framework.core.internal.CambioShortcutMenuButton[name=null, text=&apos;&apos;, selected=false, enabled=true, visible=true, showing=false]
                  se.cambiosys.client.framework.menueditor.internal.InitializingMenuItem[name=null, text=&apos;Profile manager&apos;, selected=false, enabled=true, visible=true, showing=false]
                    se.cambiosys.client.framework.core.internal.CambioShortcutMenuButton[name=null, text=&apos;&apos;, selected=false, enabled=true, visible=true, showing=false]
              se.cambiosys.client.framework.components.CambioMenu[name=null, text=&apos;Settings&apos;, selected=false, enabled=true, visible=true, showing=false]
                javax.swing.JPopupMenu[name=null, label=null, enabled=true, visible=false, showing=false]
                  se.cambiosys.client.framework.menueditor.internal.InitializingMenuItem[name=null, text=&apos;Log settings&apos;, selected=false, enabled=true, visible=true, showing=false]
                    se.cambiosys.client.framework.core.internal.CambioShortcutMenuButton[name=null, text=&apos;&apos;, selected=false, enabled=true, visible=true, showing=false]
                  se.cambiosys.client.framework.menueditor.internal.InitializingMenuItem[name=null, text=&apos;Server settings&apos;, selected=false, enabled=true, visible=true, showing=false]
                    se.cambiosys.client.framework.core.internal.CambioShortcutMenuButton[name=null, text=&apos;&apos;, selected=false, enabled=true, visible=true, showing=false]
                  se.cambiosys.client.framework.menueditor.internal.InitializingMenuItem[name=null, text=&apos;Personal settings and selections&apos;, selected=false, enabled=true, visible=true, showing=false]
                    se.cambiosys.client.framework.core.internal.CambioShortcutMenuButton[name=null, text=&apos;&apos;, selected=false, enabled=true, visible=true, showing=false]
                  se.cambiosys.client.framework.menueditor.internal.InitializingMenuItem[name=null, text=&apos;Global settings and selections&apos;, selected=false, enabled=true, visible=true, showing=false]
                    se.cambiosys.client.framework.core.internal.CambioShortcutMenuButton[name=null, text=&apos;&apos;, selected=false, enabled=true, visible=true, showing=false]
                  se.cambiosys.client.framework.menueditor.internal.InitializingMenuItem[name=null, text=&apos;Settings and selections&apos;, selected=false, enabled=true, visible=true, showing=false]
                    se.cambiosys.client.framework.core.internal.CambioShortcutMenuButton[name=null, text=&apos;&apos;, selected=false, enabled=true, visible=true, showing=false]
                  se.cambiosys.client.framework.menueditor.internal.InitializingMenuItem[name=null, text=&apos;Administration nodes&apos;, selected=false, enabled=true, visible=true, showing=false]
                    se.cambiosys.client.framework.core.internal.CambioShortcutMenuButton[name=null, text=&apos;&apos;, selected=false, enabled=true, visible=true, showing=false]
                  se.cambiosys.client.framework.menueditor.internal.InitializingMenuItem[name=null, text=&apos;Places&apos;, selected=false, enabled=true, visible=true, showing=false]
                    se.cambiosys.client.framework.core.internal.CambioShortcutMenuButton[name=null, text=&apos;&apos;, selected=false, enabled=true, visible=true, showing=false]
              se.cambiosys.client.framework.menueditor.internal.InitializingMenuItem[name=null, text=&apos;User&apos;, selected=false, enabled=true, visible=true, showing=false]
                se.cambiosys.client.framework.core.internal.CambioShortcutMenuButton[name=null, text=&apos;&apos;, selected=false, enabled=true, visible=true, showing=false]
              se.cambiosys.client.framework.menueditor.internal.InitializingMenuItem[name=null, text=&apos;Roles&apos;, selected=false, enabled=true, visible=true, showing=false]
                se.cambiosys.client.framework.core.internal.CambioShortcutMenuButton[name=null, text=&apos;&apos;, selected=false, enabled=true, visible=true, showing=false]
              se.cambiosys.client.framework.menueditor.internal.InitializingMenuItem[name=null, text=&apos;Type definitions&apos;, selected=false, enabled=true, visible=true, showing=false]
                se.cambiosys.client.framework.core.internal.CambioShortcutMenuButton[name=null, text=&apos;&apos;, selected=false, enabled=true, visible=true, showing=false]
              se.cambiosys.client.framework.components.CambioMenu[name=null, text=&apos;Terms &amp; Concept&apos;, selected=false, enabled=true, visible=true, showing=false]
                javax.swing.JPopupMenu[name=null, label=null, enabled=true, visible=false, showing=false]
                  se.cambiosys.client.framework.menueditor.internal.InitializingMenuItem[name=null, text=&apos;Terms&apos;, selected=false, enabled=true, visible=true, showing=false]
                    se.cambiosys.client.framework.core.internal.CambioShortcutMenuButton[name=null, text=&apos;&apos;, selected=false, enabled=true, visible=true, showing=false]
                  se.cambiosys.client.framework.menueditor.internal.InitializingMenuItem[name=null, text=&apos;Concept&apos;, selected=false, enabled=true, visible=true, showing=false]
                    se.cambiosys.client.framework.core.internal.CambioShortcutMenuButton[name=null, text=&apos;&apos;, selected=false, enabled=true, visible=true, showing=false]
              se.cambiosys.client.framework.menueditor.internal.InitializingMenuItem[name=null, text=&apos;Ranges&apos;, selected=false, enabled=true, visible=true, showing=false]
                se.cambiosys.client.framework.core.internal.CambioShortcutMenuButton[name=null, text=&apos;&apos;, selected=false, enabled=true, visible=true, showing=false]
              se.cambiosys.client.framework.menueditor.internal.InitializingMenuItem[name=null, text=&apos;Reports&apos;, selected=false, enabled=true, visible=true, showing=false]
                se.cambiosys.client.framework.core.internal.CambioShortcutMenuButton[name=null, text=&apos;&apos;, selected=false, enabled=true, visible=true, showing=false]
              se.cambiosys.client.framework.menueditor.internal.InitializingMenuItem[name=null, text=&apos;Import reports&apos;, selected=false, enabled=true, visible=true, showing=false]
                se.cambiosys.client.framework.core.internal.CambioShortcutMenuButton[name=null, text=&apos;&apos;, selected=false, enabled=true, visible=true, showing=false]
              se.cambiosys.client.framework.menueditor.internal.InitializingMenuItem[name=null, text=&apos;Phrase editor&apos;, selected=false, enabled=true, visible=true, showing=false]
                se.cambiosys.client.framework.core.internal.CambioShortcutMenuButton[name=null, text=&apos;&apos;, selected=false, enabled=true, visible=true, showing=false]
              se.cambiosys.client.framework.components.CambioMenu[name=null, text=&apos;Services&apos;, selected=false, enabled=true, visible=true, showing=false]
                javax.swing.JPopupMenu[name=null, label=null, enabled=true, visible=false, showing=false]
                  se.cambiosys.client.framework.menueditor.internal.InitializingMenuItem[name=null, text=&apos;Services&apos;, selected=false, enabled=true, visible=true, showing=false]
                    se.cambiosys.client.framework.core.internal.CambioShortcutMenuButton[name=null, text=&apos;&apos;, selected=false, enabled=true, visible=true, showing=false]
                  se.cambiosys.client.framework.menueditor.internal.InitializingMenuItem[name=null, text=&apos;Offers of the unit&apos;, selected=false, enabled=true, visible=true, showing=false]
                    se.cambiosys.client.framework.core.internal.CambioShortcutMenuButton[name=null, text=&apos;&apos;, selected=false, enabled=true, visible=true, showing=false]
              se.cambiosys.client.framework.menueditor.internal.InitializingMenuItem[name=null, text=&apos;Selection&apos;, selected=false, enabled=true, visible=true, showing=false]
                se.cambiosys.client.framework.core.internal.CambioShortcutMenuButton[name=null, text=&apos;&apos;, selected=false, enabled=true, visible=true, showing=false]
              se.cambiosys.client.framework.menueditor.internal.InitializingMenuItem[name=null, text=&apos;Printers&apos;, selected=false, enabled=true, visible=true, showing=false]
                se.cambiosys.client.framework.core.internal.CambioShortcutMenuButton[name=null, text=&apos;&apos;, selected=false, enabled=true, visible=true, showing=false]
              se.cambiosys.client.framework.components.CambioMenu[name=null, text=&apos;Secrecy administration&apos;, selected=false, enabled=true, visible=true, showing=false]
                javax.swing.JPopupMenu[name=null, label=null, enabled=true, visible=false, showing=false]
                  se.cambiosys.client.framework.menueditor.internal.InitializingMenuItem[name=null, text=&apos;Secrecy groups&apos;, selected=false, enabled=true, visible=true, showing=false]
                    se.cambiosys.client.framework.core.internal.CambioShortcutMenuButton[name=null, text=&apos;&apos;, selected=false, enabled=true, visible=true, showing=false]
                  se.cambiosys.client.framework.menueditor.internal.InitializingMenuItem[name=null, text=&apos;Secrecy level&apos;, selected=false, enabled=true, visible=true, showing=false]
                    se.cambiosys.client.framework.core.internal.CambioShortcutMenuButton[name=null, text=&apos;&apos;, selected=false, enabled=true, visible=true, showing=false]
                  se.cambiosys.client.framework.menueditor.internal.InitializingMenuItem[name=null, text=&apos;Secrecy rules&apos;, selected=false, enabled=true, visible=true, showing=false]
                    se.cambiosys.client.framework.core.internal.CambioShortcutMenuButton[name=null, text=&apos;&apos;, selected=false, enabled=true, visible=true, showing=false]
              se.cambiosys.client.framework.menueditor.internal.InitializingMenuItem[name=null, text=&apos;Schedule backup&apos;, selected=false, enabled=true, visible=true, showing=false]
                se.cambiosys.client.framework.core.internal.CambioShortcutMenuButton[name=null, text=&apos;&apos;, selected=false, enabled=true, visible=true, showing=false]
              se.cambiosys.client.framework.menueditor.internal.InitializingMenuItem[name=null, text=&apos;Template administration&apos;, selected=false, enabled=true, visible=true, showing=false]
                se.cambiosys.client.framework.core.internal.CambioShortcutMenuButton[name=null, text=&apos;&apos;, selected=false, enabled=true, visible=true, showing=false]
              se.cambiosys.client.framework.menueditor.internal.InitializingMenuItem[name=null, text=&apos;Printout Handler&apos;, selected=false, enabled=true, visible=true, showing=false]
                se.cambiosys.client.framework.core.internal.CambioShortcutMenuButton[name=null, text=&apos;&apos;, selected=false, enabled=true, visible=true, showing=false]
              se.cambiosys.client.framework.menueditor.internal.InitializingMenuItem[name=null, text=&apos;Unit handler&apos;, selected=false, enabled=true, visible=true, showing=false]
                se.cambiosys.client.framework.core.internal.CambioShortcutMenuButton[name=null, text=&apos;&apos;, selected=false, enabled=true, visible=true, showing=false]
              se.cambiosys.client.framework.menueditor.internal.InitializingMenuItem[name=null, text=&apos;Access Log&apos;, selected=false, enabled=true, visible=true, showing=false]
                se.cambiosys.client.framework.core.internal.CambioShortcutMenuButton[name=null, text=&apos;&apos;, selected=false, enabled=true, visible=true, showing=false]
              se.cambiosys.client.framework.menueditor.internal.InitializingMenuItem[name=null, text=&apos;Configuration of Access Log&apos;, selected=false, enabled=true, visible=true, showing=false]
                se.cambiosys.client.framework.core.internal.CambioShortcutMenuButton[name=null, text=&apos;&apos;, selected=false, enabled=true, visible=true, showing=false]
              se.cambiosys.client.framework.menueditor.internal.InitializingMenuItem[name=null, text=&apos;Application logger&apos;, selected=false, enabled=true, visible=true, showing=false]
                se.cambiosys.client.framework.core.internal.CambioShortcutMenuButton[name=null, text=&apos;&apos;, selected=false, enabled=true, visible=true, showing=false]
              se.cambiosys.client.framework.menueditor.internal.InitializingMenuItem[name=null, text=&apos;eVisit Configuration&apos;, selected=false, enabled=true, visible=true, showing=false]
                se.cambiosys.client.framework.core.internal.CambioShortcutMenuButton[name=null, text=&apos;&apos;, selected=false, enabled=true, visible=true, showing=false]
              se.cambiosys.client.framework.components.CambioMenu[name=null, text=&apos;Order management&apos;, selected=false, enabled=true, visible=true, showing=false]
                javax.swing.JPopupMenu[name=null, label=null, enabled=true, visible=false, showing=false]
                  se.cambiosys.client.framework.menueditor.internal.InitializingMenuItem[name=null, text=&apos;Catalog administration&apos;, selected=false, enabled=true, visible=true, showing=false]
                    se.cambiosys.client.framework.core.internal.CambioShortcutMenuButton[name=null, text=&apos;&apos;, selected=false, enabled=true, visible=true, showing=false]
                  se.cambiosys.client.framework.menueditor.internal.InitializingMenuItem[name=null, text=&apos;File administration&apos;, selected=false, enabled=true, visible=true, showing=false]
                    se.cambiosys.client.framework.core.internal.CambioShortcutMenuButton[name=null, text=&apos;&apos;, selected=false, enabled=true, visible=true, showing=false]
                  se.cambiosys.client.framework.menueditor.internal.InitializingMenuItem[name=null, text=&apos;Secrecy administration&apos;, selected=false, enabled=true, visible=true, showing=false]
                    se.cambiosys.client.framework.core.internal.CambioShortcutMenuButton[name=null, text=&apos;&apos;, selected=false, enabled=true, visible=true, showing=false]
                  se.cambiosys.client.framework.menueditor.internal.InitializingMenuItem[name=null, text=&apos;Groups/packages/profiles&apos;, selected=false, enabled=true, visible=true, showing=false]
                    se.cambiosys.client.framework.core.internal.CambioShortcutMenuButton[name=null, text=&apos;&apos;, selected=false, enabled=true, visible=true, showing=false]
                  se.cambiosys.client.framework.menueditor.internal.InitializingMenuItem[name=null, text=&apos;Sorting orders&apos;, selected=false, enabled=true, visible=true, showing=false]
                    se.cambiosys.client.framework.core.internal.CambioShortcutMenuButton[name=null, text=&apos;&apos;, selected=false, enabled=true, visible=true, showing=false]
                  se.cambiosys.client.framework.menueditor.internal.InitializingMenuItem[name=null, text=&apos;Local analyses&apos;, selected=false, enabled=true, visible=true, showing=false]
                    se.cambiosys.client.framework.core.internal.CambioShortcutMenuButton[name=null, text=&apos;&apos;, selected=false, enabled=true, visible=true, showing=false]
                  se.cambiosys.client.framework.menueditor.internal.InitializingMenuItem[name=null, text=&apos;Label printer&apos;, selected=false, enabled=true, visible=true, showing=false]
                    se.cambiosys.client.framework.core.internal.CambioShortcutMenuButton[name=null, text=&apos;&apos;, selected=false, enabled=true, visible=true, showing=false]
              se.cambiosys.client.framework.menueditor.internal.InitializingMenuItem[name=null, text=&apos;Configure Y-axis for Clinical Parameter&apos;, selected=false, enabled=true, visible=true, showing=false]
                se.cambiosys.client.framework.core.internal.CambioShortcutMenuButton[name=null, text=&apos;&apos;, selected=false, enabled=true, visible=true, showing=false]
              se.cambiosys.client.framework.components.CambioMenu[name=null, text=&apos;Visits and admissions&apos;, selected=false, enabled=true, visible=true, showing=false]
                javax.swing.JPopupMenu[name=null, label=null, enabled=true, visible=false, showing=false]
                  se.cambiosys.client.framework.menueditor.internal.InitializingMenuItem[name=null, text=&apos;Create new visit / admission&apos;, selected=false, enabled=true, visible=true, showing=false]
                    se.cambiosys.client.framework.core.internal.CambioShortcutMenuButton[name=null, text=&apos;&apos;, selected=false, enabled=true, visible=true, showing=false]
                  se.cambiosys.client.framework.menueditor.internal.InitializingMenuItem[name=null, text=&apos;Edit visit / admission&apos;, selected=false, enabled=true, visible=true, showing=false]
                    se.cambiosys.client.framework.core.internal.CambioShortcutMenuButton[name=null, text=&apos;&apos;, selected=false, enabled=true, visible=true, showing=false]
              se.cambiosys.client.framework.components.CambioMenu[name=null, text=&apos;Publishing&apos;, selected=false, enabled=true, visible=true, showing=false]
                javax.swing.JPopupMenu[name=null, label=null, enabled=true, visible=false, showing=false]
                  se.cambiosys.client.framework.menueditor.internal.InitializingMenuItem[name=null, text=&apos;Mining&apos;, selected=false, enabled=true, visible=true, showing=false]
                    se.cambiosys.client.framework.core.internal.CambioShortcutMenuButton[name=null, text=&apos;&apos;, selected=false, enabled=true, visible=true, showing=false]
                  se.cambiosys.client.framework.menueditor.internal.InitializingMenuItem[name=null, text=&apos;Error management&apos;, selected=false, enabled=true, visible=true, showing=false]
                    se.cambiosys.client.framework.core.internal.CambioShortcutMenuButton[name=null, text=&apos;&apos;, selected=false, enabled=true, visible=true, showing=false]
              se.cambiosys.client.framework.menueditor.internal.InitializingMenuItem[name=null, text=&apos;CCP Filter Configuration&apos;, selected=false, enabled=true, visible=true, showing=false]
                se.cambiosys.client.framework.core.internal.CambioShortcutMenuButton[name=null, text=&apos;&apos;, selected=false, enabled=true, visible=true, showing=false]
              se.cambiosys.client.framework.menueditor.internal.InitializingMenuItem[name=null, text=&apos;Menu editor&apos;, selected=false, enabled=true, visible=true, showing=false]
                se.cambiosys.client.framework.core.internal.CambioShortcutMenuButton[name=null, text=&apos;&apos;, selected=false, enabled=true, visible=true, showing=false]
              se.cambiosys.client.framework.menueditor.internal.InitializingMenuItem[name=null, text=&apos;Script&apos;, selected=false, enabled=true, visible=true, showing=false]
                se.cambiosys.client.framework.core.internal.CambioShortcutMenuButton[name=null, text=&apos;&apos;, selected=false, enabled=true, visible=true, showing=false]
              se.cambiosys.client.framework.components.CambioMenu[name=null, text=&apos;Spell Check&apos;, selected=false, enabled=true, visible=true, showing=false]
                javax.swing.JPopupMenu[name=null, label=null, enabled=true, visible=false, showing=false]
                  se.cambiosys.client.framework.menueditor.internal.InitializingMenuItem[name=null, text=&apos;Settings&apos;, selected=false, enabled=true, visible=true, showing=false]
                    se.cambiosys.client.framework.core.internal.CambioShortcutMenuButton[name=null, text=&apos;&apos;, selected=false, enabled=true, visible=true, showing=false]
                  se.cambiosys.client.framework.menueditor.internal.InitializingMenuItem[name=null, text=&apos;User dictionary&apos;, selected=false, enabled=true, visible=true, showing=false]
                    se.cambiosys.client.framework.core.internal.CambioShortcutMenuButton[name=null, text=&apos;&apos;, selected=false, enabled=true, visible=true, showing=false]
                  se.cambiosys.client.framework.menueditor.internal.InitializingMenuItem[name=null, text=&apos;Global dictionary&apos;, selected=false, enabled=true, visible=true, showing=false]
                    se.cambiosys.client.framework.core.internal.CambioShortcutMenuButton[name=null, text=&apos;&apos;, selected=false, enabled=true, visible=true, showing=false]
          se.cambiosys.client.framework.components.CambioMenu[name=null, text=&apos;Child Healthcare&apos;, selected=false, enabled=true, visible=true, showing=true]
            javax.swing.JPopupMenu[name=null, label=null, enabled=true, visible=false, showing=false]
              se.cambiosys.client.framework.menueditor.internal.InitializingMenuItem[name=null, text=&apos;Print Child Healthcare data&apos;, selected=false, enabled=true, visible=true, showing=false]
                se.cambiosys.client.framework.core.internal.CambioShortcutMenuButton[name=null, text=&apos;&apos;, selected=false, enabled=true, visible=true, showing=false]
          se.cambiosys.client.framework.components.CambioMenu[name=null, text=&apos;Medication&apos;, selected=false, enabled=true, visible=true, showing=true]
            javax.swing.JPopupMenu[name=null, label=null, enabled=true, visible=false, showing=false]
              se.cambiosys.client.framework.components.CambioMenu[name=null, text=&apos;Administration&apos;, selected=false, enabled=true, visible=true, showing=false]
                javax.swing.JPopupMenu[name=null, label=null, enabled=true, visible=false, showing=false]
                  se.cambiosys.client.framework.menueditor.internal.InitializingMenuItem[name=null, text=&apos;Sent e-recipe overview&apos;, selected=false, enabled=true, visible=true, showing=false]
                    se.cambiosys.client.framework.core.internal.CambioShortcutMenuButton[name=null, text=&apos;&apos;, selected=false, enabled=true, visible=true, showing=false]
                  se.cambiosys.client.framework.menueditor.internal.InitializingMenuItem[name=null, text=&apos;Catalogue administration&apos;, selected=false, enabled=true, visible=true, showing=false]
                    se.cambiosys.client.framework.core.internal.CambioShortcutMenuButton[name=null, text=&apos;&apos;, selected=false, enabled=true, visible=true, showing=false]
                  se.cambiosys.client.framework.menueditor.internal.InitializingMenuItem[name=null, text=&apos;Unit Times and Medicine Cabinet&apos;, selected=false, enabled=true, visible=true, showing=false]
                    se.cambiosys.client.framework.core.internal.CambioShortcutMenuButton[name=null, text=&apos;&apos;, selected=false, enabled=true, visible=true, showing=false]
                  se.cambiosys.client.framework.menueditor.internal.InitializingMenuItem[name=null, text=&apos;Order basis for vaccine&apos;, selected=false, enabled=true, visible=true, showing=false]
                    se.cambiosys.client.framework.core.internal.CambioShortcutMenuButton[name=null, text=&apos;&apos;, selected=false, enabled=true, visible=true, showing=false]
              se.cambiosys.client.framework.components.CambioMenu[name=null, text=&apos;New prescription&apos;, selected=false, enabled=true, visible=true, showing=false]
                javax.swing.JPopupMenu[name=null, label=null, enabled=true, visible=false, showing=false]
                  se.cambiosys.client.framework.menueditor.internal.InitializingMenuItem[name=null, text=&apos;Drug&apos;, selected=false, enabled=true, visible=true, showing=false]
                    se.cambiosys.client.framework.core.internal.CambioShortcutMenuButton[name=null, text=&apos;&apos;, selected=false, enabled=true, visible=true, showing=false]
                  se.cambiosys.client.framework.menueditor.internal.InitializingMenuItem[name=null, text=&apos;Nutrition product&apos;, selected=false, enabled=true, visible=true, showing=false]
                    se.cambiosys.client.framework.core.internal.CambioShortcutMenuButton[name=null, text=&apos;&apos;, selected=false, enabled=true, visible=true, showing=false]
                  se.cambiosys.client.framework.menueditor.internal.InitializingMenuItem[name=null, text=&apos;Consumable&apos;, selected=false, enabled=true, visible=true, showing=false]
                    se.cambiosys.client.framework.core.internal.CambioShortcutMenuButton[name=null, text=&apos;&apos;, selected=false, enabled=true, visible=true, showing=false]
              se.cambiosys.client.framework.components.CambioMenu[name=null, text=&apos;Lists&apos;, selected=false, enabled=true, visible=true, showing=false]
                javax.swing.JPopupMenu[name=null, label=null, enabled=true, visible=false, showing=false]
                  se.cambiosys.client.framework.menueditor.internal.InitializingMenuItem[name=null, text=&apos;Drugs&apos;, selected=false, enabled=true, visible=true, showing=false]
                    se.cambiosys.client.framework.core.internal.CambioShortcutMenuButton[name=null, text=&apos;&apos;, selected=false, enabled=true, visible=true, showing=false]
                  se.cambiosys.client.framework.menueditor.internal.InitializingMenuItem[name=null, text=&apos;Nutritions&apos;, selected=false, enabled=true, visible=true, showing=false]
                    se.cambiosys.client.framework.core.internal.CambioShortcutMenuButton[name=null, text=&apos;&apos;, selected=false, enabled=true, visible=true, showing=false]
                  se.cambiosys.client.framework.menueditor.internal.InitializingMenuItem[name=null, text=&apos;Consumables&apos;, selected=false, enabled=true, visible=true, showing=false]
                    se.cambiosys.client.framework.core.internal.CambioShortcutMenuButton[name=null, text=&apos;&apos;, selected=false, enabled=true, visible=true, showing=false]
                  se.cambiosys.client.framework.menueditor.internal.InitializingMenuItem[name=null, text=&apos;Vaccination list&apos;, selected=false, enabled=true, visible=true, showing=false]
                    se.cambiosys.client.framework.core.internal.CambioShortcutMenuButton[name=null, text=&apos;&apos;, selected=false, enabled=true, visible=true, showing=false]
                  se.cambiosys.client.framework.menueditor.internal.InitializingMenuItem[name=null, text=&apos;Recipe overview&apos;, selected=false, enabled=true, visible=true, showing=false]
                    se.cambiosys.client.framework.core.internal.CambioShortcutMenuButton[name=null, text=&apos;&apos;, selected=false, enabled=true, visible=true, showing=false]
              se.cambiosys.client.framework.menueditor.internal.InitializingMenuItem[name=null, text=&apos;Nurse view&apos;, selected=false, enabled=true, visible=true, showing=false]
                se.cambiosys.client.framework.core.internal.CambioShortcutMenuButton[name=null, text=&apos;&apos;, selected=false, enabled=true, visible=true, showing=false]
          se.cambiosys.client.framework.components.CambioMenu[name=null, text=&apos;Theatre&apos;, selected=false, enabled=true, visible=true, showing=true]
            javax.swing.JPopupMenu[name=null, label=null, enabled=true, visible=false, showing=false]
              se.cambiosys.client.framework.menueditor.internal.InitializingMenuItem[name=null, text=&apos;Create theatre registration&apos;, selected=false, enabled=true, visible=true, showing=false]
                se.cambiosys.client.framework.core.internal.CambioShortcutMenuButton[name=null, text=&apos;&apos;, selected=false, enabled=true, visible=true, showing=false]
              se.cambiosys.client.framework.menueditor.internal.InitializingMenuItem[name=null, text=&apos;Operation list&apos;, selected=false, enabled=true, visible=true, showing=false]
                se.cambiosys.client.framework.core.internal.CambioShortcutMenuButton[name=null, text=&apos;&apos;, selected=false, enabled=true, visible=true, showing=false]
              se.cambiosys.client.framework.menueditor.internal.InitializingMenuItem[name=null, text=&apos;Planning schedule&apos;, selected=false, enabled=true, visible=true, showing=false]
                se.cambiosys.client.framework.core.internal.CambioShortcutMenuButton[name=null, text=&apos;&apos;, selected=false, enabled=true, visible=true, showing=false]
              se.cambiosys.client.framework.menueditor.internal.InitializingMenuItem[name=null, text=&apos;Schedule overview&apos;, selected=false, enabled=true, visible=true, showing=false]
                se.cambiosys.client.framework.core.internal.CambioShortcutMenuButton[name=null, text=&apos;&apos;, selected=false, enabled=true, visible=true, showing=false]
              se.cambiosys.client.framework.menueditor.internal.InitializingMenuItem[name=null, text=&apos;Live Schedule&apos;, selected=false, enabled=true, visible=true, showing=false]
                se.cambiosys.client.framework.core.internal.CambioShortcutMenuButton[name=null, text=&apos;&apos;, selected=false, enabled=true, visible=true, showing=false]
              se.cambiosys.client.framework.components.CambioMenu[name=null, text=&apos;Administration&apos;, selected=false, enabled=true, visible=true, showing=false]
                javax.swing.JPopupMenu[name=null, label=null, enabled=true, visible=false, showing=false]
                  se.cambiosys.client.framework.menueditor.internal.InitializingMenuItem[name=null, text=&apos;Templates for Anaesthetic, Th.record, Recovery&apos;, selected=false, enabled=true, visible=true, showing=false]
                    se.cambiosys.client.framework.core.internal.CambioShortcutMenuButton[name=null, text=&apos;&apos;, selected=false, enabled=true, visible=true, showing=false]
                  se.cambiosys.client.framework.menueditor.internal.InitializingMenuItem[name=null, text=&apos;Basic templates for Th. registration&apos;, selected=false, enabled=true, visible=true, showing=false]
                    se.cambiosys.client.framework.core.internal.CambioShortcutMenuButton[name=null, text=&apos;&apos;, selected=false, enabled=true, visible=true, showing=false]
                  se.cambiosys.client.framework.menueditor.internal.InitializingMenuItem[name=null, text=&apos;Templates for Waypoints&apos;, selected=false, enabled=true, visible=true, showing=false]
                    se.cambiosys.client.framework.core.internal.CambioShortcutMenuButton[name=null, text=&apos;&apos;, selected=false, enabled=true, visible=true, showing=false]
                  se.cambiosys.client.framework.menueditor.internal.InitializingMenuItem[name=null, text=&apos;Theatre suite administration&apos;, selected=false, enabled=true, visible=true, showing=false]
                    se.cambiosys.client.framework.core.internal.CambioShortcutMenuButton[name=null, text=&apos;&apos;, selected=false, enabled=true, visible=true, showing=false]
                  se.cambiosys.client.framework.menueditor.internal.InitializingMenuItem[name=null, text=&apos;Medical priority&apos;, selected=false, enabled=true, visible=true, showing=false]
                    se.cambiosys.client.framework.core.internal.CambioShortcutMenuButton[name=null, text=&apos;&apos;, selected=false, enabled=true, visible=true, showing=false]
                  se.cambiosys.client.framework.menueditor.internal.InitializingMenuItem[name=null, text=&apos;Keyword mapping&apos;, selected=false, enabled=true, visible=true, showing=false]
                    se.cambiosys.client.framework.core.internal.CambioShortcutMenuButton[name=null, text=&apos;&apos;, selected=false, enabled=true, visible=true, showing=false]
                  se.cambiosys.client.framework.menueditor.internal.InitializingMenuItem[name=null, text=&apos;Create theatres&apos;, selected=false, enabled=true, visible=true, showing=false]
                    se.cambiosys.client.framework.core.internal.CambioShortcutMenuButton[name=null, text=&apos;&apos;, selected=false, enabled=true, visible=true, showing=false]
                  se.cambiosys.client.framework.menueditor.internal.InitializingMenuItem[name=null, text=&apos;Global filters&apos;, selected=false, enabled=true, visible=true, showing=false]
                    se.cambiosys.client.framework.core.internal.CambioShortcutMenuButton[name=null, text=&apos;&apos;, selected=false, enabled=true, visible=true, showing=false]
                  se.cambiosys.client.framework.menueditor.internal.InitializingMenuItem[name=null, text=&apos;Activity lists&apos;, selected=false, enabled=true, visible=true, showing=false]
                    se.cambiosys.client.framework.core.internal.CambioShortcutMenuButton[name=null, text=&apos;&apos;, selected=false, enabled=true, visible=true, showing=false]
                  se.cambiosys.client.framework.menueditor.internal.InitializingMenuItem[name=null, text=&apos;Templates for Th. registration&apos;, selected=false, enabled=true, visible=true, showing=false]
                    se.cambiosys.client.framework.core.internal.CambioShortcutMenuButton[name=null, text=&apos;&apos;, selected=false, enabled=true, visible=true, showing=false]
                  se.cambiosys.client.framework.menueditor.internal.InitializingMenuItem[name=null, text=&apos;Colour configuration&apos;, selected=false, enabled=true, visible=true, showing=false]
                    se.cambiosys.client.framework.core.internal.CambioShortcutMenuButton[name=null, text=&apos;&apos;, selected=false, enabled=true, visible=true, showing=false]
                  se.cambiosys.client.framework.menueditor.internal.InitializingMenuItem[name=null, text=&apos;Surgical Unit Administration&apos;, selected=false, enabled=true, visible=true, showing=false]
                    se.cambiosys.client.framework.core.internal.CambioShortcutMenuButton[name=null, text=&apos;&apos;, selected=false, enabled=true, visible=true, showing=false]
                  se.cambiosys.client.framework.menueditor.internal.InitializingMenuItem[name=null, text=&apos;Code Packages&apos;, selected=false, enabled=true, visible=true, showing=false]
                    se.cambiosys.client.framework.core.internal.CambioShortcutMenuButton[name=null, text=&apos;&apos;, selected=false, enabled=true, visible=true, showing=false]
          se.cambiosys.client.framework.components.CambioMenu[name=null, text=&apos;Order management&apos;, selected=false, enabled=true, visible=true, showing=true]
            javax.swing.JPopupMenu[name=null, label=null, enabled=true, visible=false, showing=false]
              se.cambiosys.client.framework.menueditor.internal.InitializingMenuItem[name=null, text=&apos;Request&apos;, selected=false, enabled=true, visible=true, showing=false]
                se.cambiosys.client.framework.core.internal.CambioShortcutMenuButton[name=null, text=&apos;&apos;, selected=false, enabled=true, visible=true, showing=false]
              se.cambiosys.client.framework.menueditor.internal.InitializingMenuItem[name=null, text=&apos;Specimen collection&apos;, selected=false, enabled=true, visible=true, showing=false]
                se.cambiosys.client.framework.core.internal.CambioShortcutMenuButton[name=null, text=&apos;&apos;, selected=false, enabled=true, visible=true, showing=false]
              se.cambiosys.client.framework.menueditor.internal.InitializingMenuItem[name=null, text=&apos;Radiology Request&apos;, selected=false, enabled=true, visible=true, showing=false]
                se.cambiosys.client.framework.core.internal.CambioShortcutMenuButton[name=null, text=&apos;&apos;, selected=false, enabled=true, visible=true, showing=false]
              se.cambiosys.client.framework.menueditor.internal.InitializingMenuItem[name=null, text=&apos;Unsent Radiology Request&apos;, selected=false, enabled=true, visible=true, showing=false]
                se.cambiosys.client.framework.core.internal.CambioShortcutMenuButton[name=null, text=&apos;&apos;, selected=false, enabled=true, visible=true, showing=false]
              se.cambiosys.client.framework.menueditor.internal.InitializingMenuItem[name=null, text=&apos;Request status&apos;, selected=false, enabled=true, visible=true, showing=false]
                se.cambiosys.client.framework.core.internal.CambioShortcutMenuButton[name=null, text=&apos;&apos;, selected=false, enabled=true, visible=true, showing=false]
              se.cambiosys.client.framework.menueditor.internal.InitializingMenuItem[name=null, text=&apos;Local analyses input&apos;, selected=false, enabled=true, visible=true, showing=false]
                se.cambiosys.client.framework.core.internal.CambioShortcutMenuButton[name=null, text=&apos;&apos;, selected=false, enabled=true, visible=true, showing=false]
              se.cambiosys.client.framework.menueditor.internal.InitializingMenuItem[name=null, text=&apos;Result inbox&apos;, selected=false, enabled=true, visible=true, showing=false]
                se.cambiosys.client.framework.core.internal.CambioShortcutMenuButton[name=null, text=&apos;&apos;, selected=false, enabled=true, visible=true, showing=false]
              se.cambiosys.client.framework.menueditor.internal.InitializingMenuItem[name=null, text=&apos;Test result&apos;, selected=false, enabled=true, visible=true, showing=false]
                se.cambiosys.client.framework.core.internal.CambioShortcutMenuButton[name=null, text=&apos;&apos;, selected=false, enabled=true, visible=true, showing=false]
              se.cambiosys.client.framework.menueditor.internal.InitializingMenuItem[name=null, text=&apos;Radiology Report&apos;, selected=false, enabled=true, visible=true, showing=false]
                se.cambiosys.client.framework.core.internal.CambioShortcutMenuButton[name=null, text=&apos;&apos;, selected=false, enabled=true, visible=true, showing=false]
              se.cambiosys.client.framework.menueditor.internal.InitializingMenuItem[name=null, text=&apos;Manual input&apos;, selected=false, enabled=true, visible=true, showing=false]
                se.cambiosys.client.framework.core.internal.CambioShortcutMenuButton[name=null, text=&apos;&apos;, selected=false, enabled=true, visible=true, showing=false]
              se.cambiosys.client.framework.components.CambioMenu[name=null, text=&apos;Administration&apos;, selected=false, enabled=true, visible=true, showing=false]
                javax.swing.JPopupMenu[name=null, label=null, enabled=true, visible=false, showing=false]
                  se.cambiosys.client.framework.menueditor.internal.InitializingMenuItem[name=null, text=&apos;Sketch administration&apos;, selected=false, enabled=true, visible=true, showing=false]
                    se.cambiosys.client.framework.core.internal.CambioShortcutMenuButton[name=null, text=&apos;&apos;, selected=false, enabled=true, visible=true, showing=false]
                  se.cambiosys.client.framework.menueditor.internal.InitializingMenuItem[name=null, text=&apos;Pathology request templates&apos;, selected=false, enabled=true, visible=true, showing=false]
                    se.cambiosys.client.framework.core.internal.CambioShortcutMenuButton[name=null, text=&apos;&apos;, selected=false, enabled=true, visible=true, showing=false]
              se.cambiosys.client.framework.menueditor.internal.InitializingMenuItem[name=null, text=&apos;Signed Radiology Request &apos;, selected=false, enabled=true, visible=true, showing=false]
                se.cambiosys.client.framework.core.internal.CambioShortcutMenuButton[name=null, text=&apos;&apos;, selected=false, enabled=true, visible=true, showing=false]
          se.cambiosys.client.framework.components.CambioMenu[name=null, text=&apos;Medical record&apos;, selected=false, enabled=true, visible=true, showing=true]
            javax.swing.JPopupMenu[name=null, label=null, enabled=true, visible=false, showing=false]
              se.cambiosys.client.framework.components.CambioMenu[name=null, text=&apos;Medical record table&apos;, selected=false, enabled=true, visible=true, showing=false]
                javax.swing.JPopupMenu[name=null, label=null, enabled=true, visible=false, showing=false]
                  se.cambiosys.client.framework.menueditor.internal.InitializingMenuItem[name=null, text=&apos;Administration of templates for medical record tables&apos;, selected=false, enabled=true, visible=true, showing=false]
                    se.cambiosys.client.framework.core.internal.CambioShortcutMenuButton[name=null, text=&apos;&apos;, selected=false, enabled=true, visible=true, showing=false]
                  se.cambiosys.client.framework.menueditor.internal.InitializingMenuItem[name=null, text=&apos;New medical record table&apos;, selected=false, enabled=false, visible=true, showing=false]
                    se.cambiosys.client.framework.core.internal.CambioShortcutMenuButton[name=null, text=&apos;&apos;, selected=false, enabled=true, visible=true, showing=false]
              se.cambiosys.client.framework.menueditor.internal.InitializingMenuItem[name=null, text=&apos;Medical record&apos;, selected=false, enabled=true, visible=true, showing=false]
                se.cambiosys.client.framework.core.internal.CambioShortcutMenuButton[name=null, text=&apos;&apos;, selected=false, enabled=true, visible=true, showing=false]
              se.cambiosys.client.framework.menueditor.internal.InitializingMenuItem[name=null, text=&apos;New note&apos;, selected=false, enabled=true, visible=true, showing=false]
                se.cambiosys.client.framework.core.internal.CambioShortcutMenuButton[name=null, text=&apos;&apos;, selected=false, enabled=true, visible=true, showing=false]
              se.cambiosys.client.framework.menueditor.internal.InitializingMenuItem[name=null, text=&apos;New form&apos;, selected=false, enabled=true, visible=true, showing=false]
                se.cambiosys.client.framework.core.internal.CambioShortcutMenuButton[name=null, text=&apos;&apos;, selected=false, enabled=true, visible=true, showing=false]
              se.cambiosys.client.framework.menueditor.internal.InitializingMenuItem[name=null, text=&apos;New care plan note&apos;, selected=false, enabled=false, visible=false, showing=false]
                se.cambiosys.client.framework.core.internal.CambioShortcutMenuButton[name=null, text=&apos;&apos;, selected=false, enabled=true, visible=true, showing=false]
              se.cambiosys.client.framework.menueditor.internal.InitializingMenuItem[name=null, text=&apos;Observation&apos;, selected=false, enabled=true, visible=true, showing=false]
                se.cambiosys.client.framework.core.internal.CambioShortcutMenuButton[name=null, text=&apos;&apos;, selected=false, enabled=true, visible=true, showing=false]
              se.cambiosys.client.framework.menueditor.internal.InitializingMenuItem[name=null, text=&apos;Graphic view&apos;, selected=false, enabled=true, visible=true, showing=false]
                se.cambiosys.client.framework.core.internal.CambioShortcutMenuButton[name=null, text=&apos;&apos;, selected=false, enabled=true, visible=true, showing=false]
              se.cambiosys.client.framework.menueditor.internal.InitializingMenuItem[name=null, text=&apos;List of activities&apos;, selected=false, enabled=true, visible=true, showing=false]
                se.cambiosys.client.framework.core.internal.CambioShortcutMenuButton[name=null, text=&apos;&apos;, selected=false, enabled=true, visible=true, showing=false]
              se.cambiosys.client.framework.components.CambioMenu[name=null, text=&apos;Administration&apos;, selected=false, enabled=true, visible=true, showing=false]
                javax.swing.JPopupMenu[name=null, label=null, enabled=true, visible=false, showing=false]
                  se.cambiosys.client.framework.menueditor.internal.InitializingMenuItem[name=null, text=&apos;Keyword editor&apos;, selected=false, enabled=true, visible=true, showing=false]
                    se.cambiosys.client.framework.core.internal.CambioShortcutMenuButton[name=null, text=&apos;&apos;, selected=false, enabled=true, visible=true, showing=false]
                  se.cambiosys.client.framework.menueditor.internal.InitializingMenuItem[name=null, text=&apos;Search occurrences of keyword&apos;, selected=false, enabled=true, visible=true, showing=false]
                    se.cambiosys.client.framework.core.internal.CambioShortcutMenuButton[name=null, text=&apos;&apos;, selected=false, enabled=true, visible=true, showing=false]
                  se.cambiosys.client.framework.menueditor.internal.InitializingMenuItem[name=null, text=&apos;Template manager&apos;, selected=false, enabled=true, visible=true, showing=false]
                    se.cambiosys.client.framework.core.internal.CambioShortcutMenuButton[name=null, text=&apos;&apos;, selected=false, enabled=true, visible=true, showing=false]
                  se.cambiosys.client.framework.menueditor.internal.InitializingMenuItem[name=null, text=&apos;Fixed values&apos;, selected=false, enabled=true, visible=true, showing=false]
                    se.cambiosys.client.framework.core.internal.CambioShortcutMenuButton[name=null, text=&apos;&apos;, selected=false, enabled=true, visible=true, showing=false]
                  se.cambiosys.client.framework.menueditor.internal.InitializingMenuItem[name=null, text=&apos;Form administration&apos;, selected=false, enabled=true, visible=true, showing=false]
                    se.cambiosys.client.framework.core.internal.CambioShortcutMenuButton[name=null, text=&apos;&apos;, selected=false, enabled=true, visible=true, showing=false]
                  se.cambiosys.client.framework.menueditor.internal.InitializingMenuItem[name=null, text=&apos;Administration views&apos;, selected=false, enabled=true, visible=true, showing=false]
                    se.cambiosys.client.framework.core.internal.CambioShortcutMenuButton[name=null, text=&apos;&apos;, selected=false, enabled=true, visible=true, showing=false]
                  se.cambiosys.client.framework.menueditor.internal.InitializingMenuItem[name=null, text=&apos;Administration filter&apos;, selected=false, enabled=true, visible=true, showing=false]
                    se.cambiosys.client.framework.core.internal.CambioShortcutMenuButton[name=null, text=&apos;&apos;, selected=false, enabled=true, visible=true, showing=false]
                  se.cambiosys.client.framework.menueditor.internal.InitializingMenuItem[name=null, text=&apos;Selection of problems&apos;, selected=false, enabled=true, visible=true, showing=false]
                    se.cambiosys.client.framework.core.internal.CambioShortcutMenuButton[name=null, text=&apos;&apos;, selected=false, enabled=true, visible=true, showing=false]
              se.cambiosys.client.framework.components.CambioMenu[name=null, text=&apos;Digital dictation&apos;, selected=false, enabled=true, visible=true, showing=false]
                javax.swing.JPopupMenu[name=null, label=null, enabled=true, visible=false, showing=false]
                  se.cambiosys.client.framework.menueditor.internal.InitializingMenuItem[name=null, text=&apos;Create new dictation&apos;, selected=false, enabled=true, visible=true, showing=false]
                    se.cambiosys.client.framework.core.internal.CambioShortcutMenuButton[name=null, text=&apos;&apos;, selected=false, enabled=true, visible=true, showing=false]
                  se.cambiosys.client.framework.menueditor.internal.InitializingMenuItem[name=null, text=&apos;Dictation list&apos;, selected=false, enabled=true, visible=true, showing=false]
                    se.cambiosys.client.framework.core.internal.CambioShortcutMenuButton[name=null, text=&apos;&apos;, selected=false, enabled=true, visible=true, showing=false]
                  se.cambiosys.client.framework.menueditor.internal.InitializingMenuItem[name=null, text=&apos;Create new dictation from file&apos;, selected=false, enabled=true, visible=true, showing=false]
                    se.cambiosys.client.framework.core.internal.CambioShortcutMenuButton[name=null, text=&apos;&apos;, selected=false, enabled=true, visible=true, showing=false]
                  se.cambiosys.client.framework.menueditor.internal.InitializingMenuItem[name=null, text=&apos;Create new dictation minimized&apos;, selected=false, enabled=true, visible=true, showing=false]
                    se.cambiosys.client.framework.core.internal.CambioShortcutMenuButton[name=null, text=&apos;&apos;, selected=false, enabled=true, visible=true, showing=false]
              se.cambiosys.client.framework.components.CambioMenu[name=null, text=&apos;Birth&apos;, selected=false, enabled=true, visible=true, showing=false]
                javax.swing.JPopupMenu[name=null, label=null, enabled=true, visible=false, showing=false]
                  se.cambiosys.client.framework.menueditor.internal.InitializingMenuItem[name=null, text=&apos;Partogram&apos;, selected=false, enabled=false, visible=true, showing=false]
                    se.cambiosys.client.framework.core.internal.CambioShortcutMenuButton[name=null, text=&apos;&apos;, selected=false, enabled=true, visible=true, showing=false]
                  se.cambiosys.client.framework.menueditor.internal.InitializingMenuItem[name=null, text=&apos;New delivery&apos;, selected=false, enabled=false, visible=true, showing=false]
                    se.cambiosys.client.framework.core.internal.CambioShortcutMenuButton[name=null, text=&apos;&apos;, selected=false, enabled=true, visible=true, showing=false]
                  se.cambiosys.client.framework.menueditor.internal.InitializingMenuItem[name=null, text=&apos;Delete partogram&apos;, selected=false, enabled=false, visible=true, showing=false]
                    se.cambiosys.client.framework.core.internal.CambioShortcutMenuButton[name=null, text=&apos;&apos;, selected=false, enabled=true, visible=true, showing=false]
                  se.cambiosys.client.framework.menueditor.internal.InitializingMenuItem[name=null, text=&apos;Configuration of registrations&apos;, selected=false, enabled=true, visible=true, showing=false]
                    se.cambiosys.client.framework.core.internal.CambioShortcutMenuButton[name=null, text=&apos;&apos;, selected=false, enabled=true, visible=true, showing=false]
                  se.cambiosys.client.framework.menueditor.internal.InitializingMenuItem[name=null, text=&apos;Child number configuration&apos;, selected=false, enabled=true, visible=true, showing=false]
                    se.cambiosys.client.framework.core.internal.CambioShortcutMenuButton[name=null, text=&apos;&apos;, selected=false, enabled=true, visible=true, showing=false]
          se.cambiosys.client.framework.components.CambioMenu[name=null, text=&apos;Window&apos;, selected=false, enabled=true, visible=true, showing=true]
            javax.swing.JPopupMenu[name=null, label=null, enabled=true, visible=false, showing=false]
              se.cambiosys.client.framework.core.internal.MenuHandler$10(se.cambiosys.client.framework.components.CambioCheckBoxMenuItem)[name=null, text=&apos;Keep windows&apos;, selected=true, enabled=true, visible=true, showing=false]
              se.cambiosys.client.framework.menueditor.internal.InitializingMenuItem[name=null, text=&apos;Minimize all&apos;, selected=false, enabled=true, visible=true, showing=false]
                se.cambiosys.client.framework.core.internal.CambioShortcutMenuButton[name=null, text=&apos;&apos;, selected=false, enabled=true, visible=true, showing=false]
          se.cambiosys.client.framework.components.CambioMenu[name=null, text=&apos;Basic Menu&apos;, selected=false, enabled=true, visible=true, showing=true]
            javax.swing.JPopupMenu[name=null, label=null, enabled=true, visible=false, showing=false]
              se.cambiosys.client.framework.menueditor.internal.InitializingMenuItem[name=null, text=&apos;Basic Text&apos;, selected=false, enabled=true, visible=true, showing=false]
                se.cambiosys.client.framework.core.internal.CambioShortcutMenuButton[name=null, text=&apos;&apos;, selected=false, enabled=true, visible=true, showing=false]
          se.cambiosys.client.framework.components.CambioMenu[name=null, text=&apos;Patient administration IP &amp; OP&apos;, selected=false, enabled=true, visible=true, showing=true]
            javax.swing.JPopupMenu[name=null, label=null, enabled=true, visible=false, showing=false]
              se.cambiosys.client.framework.components.CambioMenu[name=null, text=&apos;Administration&apos;, selected=false, enabled=true, visible=true, showing=false]
                javax.swing.JPopupMenu[name=null, label=null, enabled=true, visible=false, showing=false]
                  se.cambiosys.client.framework.menueditor.internal.InitializingMenuItem[name=null, text=&apos;Region membership&apos;, selected=false, enabled=true, visible=true, showing=false]
                    se.cambiosys.client.framework.core.internal.CambioShortcutMenuButton[name=null, text=&apos;&apos;, selected=false, enabled=true, visible=true, showing=false]
                  se.cambiosys.client.framework.menueditor.internal.InitializingMenuItem[name=null, text=&apos;Search order number&apos;, selected=false, enabled=true, visible=true, showing=false]
                    se.cambiosys.client.framework.core.internal.CambioShortcutMenuButton[name=null, text=&apos;&apos;, selected=false, enabled=true, visible=true, showing=false]
                  se.cambiosys.client.framework.menueditor.internal.InitializingMenuItem[name=null, text=&apos;Reception administration &amp; reception period&apos;, selected=false, enabled=true, visible=true, showing=false]
                    se.cambiosys.client.framework.core.internal.CambioShortcutMenuButton[name=null, text=&apos;&apos;, selected=false, enabled=true, visible=true, showing=false]
                  se.cambiosys.client.framework.menueditor.internal.InitializingMenuItem[name=null, text=&apos;Receptions and reception locations&apos;, selected=false, enabled=true, visible=true, showing=false]
                    se.cambiosys.client.framework.core.internal.CambioShortcutMenuButton[name=null, text=&apos;&apos;, selected=false, enabled=true, visible=true, showing=false]
                  se.cambiosys.client.framework.components.CambioMenu[name=null, text=&apos;Contract&apos;, selected=false, enabled=true, visible=true, showing=false]
                    javax.swing.JPopupMenu[name=null, label=null, enabled=true, visible=false, showing=false]
                      se.cambiosys.client.framework.menueditor.internal.InitializingMenuItem[name=null, text=&apos;New base price list&apos;, selected=false, enabled=true, visible=true, showing=false]
                        se.cambiosys.client.framework.core.internal.CambioShortcutMenuButton[name=null, text=&apos;&apos;, selected=false, enabled=true, visible=true, showing=false]
                      se.cambiosys.client.framework.menueditor.internal.InitializingMenuItem[name=null, text=&apos;Open base price list&apos;, selected=false, enabled=true, visible=true, showing=false]
                        se.cambiosys.client.framework.core.internal.CambioShortcutMenuButton[name=null, text=&apos;&apos;, selected=false, enabled=true, visible=true, showing=false]
                      se.cambiosys.client.framework.menueditor.internal.InitializingMenuItem[name=null, text=&apos;New contract&apos;, selected=false, enabled=true, visible=true, showing=false]
                        se.cambiosys.client.framework.core.internal.CambioShortcutMenuButton[name=null, text=&apos;&apos;, selected=false, enabled=true, visible=true, showing=false]
                      se.cambiosys.client.framework.menueditor.internal.InitializingMenuItem[name=null, text=&apos;Open contract&apos;, selected=false, enabled=true, visible=true, showing=false]
                        se.cambiosys.client.framework.core.internal.CambioShortcutMenuButton[name=null, text=&apos;&apos;, selected=false, enabled=true, visible=true, showing=false]
                      se.cambiosys.client.framework.menueditor.internal.InitializingMenuItem[name=null, text=&apos;Administration of contracts of goods sales&apos;, selected=false, enabled=true, visible=true, showing=false]
                        se.cambiosys.client.framework.core.internal.CambioShortcutMenuButton[name=null, text=&apos;&apos;, selected=false, enabled=true, visible=true, showing=false]
                  se.cambiosys.client.framework.menueditor.internal.InitializingMenuItem[name=null, text=&apos;Products&apos;, selected=false, enabled=true, visible=true, showing=false]
                    se.cambiosys.client.framework.core.internal.CambioShortcutMenuButton[name=null, text=&apos;&apos;, selected=false, enabled=true, visible=true, showing=false]
                  se.cambiosys.client.framework.menueditor.internal.InitializingMenuItem[name=null, text=&apos;Goods&apos;, selected=false, enabled=true, visible=true, showing=false]
                    se.cambiosys.client.framework.core.internal.CambioShortcutMenuButton[name=null, text=&apos;&apos;, selected=false, enabled=true, visible=true, showing=false]
                  se.cambiosys.client.framework.menueditor.internal.InitializingMenuItem[name=null, text=&apos;VAT classes&apos;, selected=false, enabled=true, visible=true, showing=false]
                    se.cambiosys.client.framework.core.internal.CambioShortcutMenuButton[name=null, text=&apos;&apos;, selected=false, enabled=true, visible=true, showing=false]
              se.cambiosys.client.framework.menueditor.internal.InitializingMenuItem[name=null, text=&apos;Configure economy exports&apos;, selected=false, enabled=true, visible=true, showing=false]
                se.cambiosys.client.framework.core.internal.CambioShortcutMenuButton[name=null, text=&apos;&apos;, selected=false, enabled=true, visible=true, showing=false]
              se.cambiosys.client.framework.menueditor.internal.InitializingMenuItem[name=null, text=&apos;Export management&apos;, selected=false, enabled=true, visible=true, showing=false]
                se.cambiosys.client.framework.core.internal.CambioShortcutMenuButton[name=null, text=&apos;&apos;, selected=false, enabled=true, visible=true, showing=false]
              se.cambiosys.client.framework.menueditor.internal.InitializingMenuItem[name=null, text=&apos;Visit and procedure registration&apos;, selected=false, enabled=true, visible=true, showing=false]
                se.cambiosys.client.framework.core.internal.CambioShortcutMenuButton[name=null, text=&apos;&apos;, selected=false, enabled=true, visible=true, showing=false]
              se.cambiosys.client.framework.menueditor.internal.InitializingMenuItem[name=null, text=&apos;Inpatient registration&apos;, selected=false, enabled=true, visible=true, showing=false]
                se.cambiosys.client.framework.core.internal.CambioShortcutMenuButton[name=null, text=&apos;&apos;, selected=false, enabled=true, visible=true, showing=false]
              se.cambiosys.client.framework.menueditor.internal.InitializingMenuItem[name=null, text=&apos;Acute overview&apos;, selected=false, enabled=true, visible=true, showing=false]
                se.cambiosys.client.framework.core.internal.CambioShortcutMenuButton[name=null, text=&apos;&apos;, selected=false, enabled=true, visible=true, showing=false]
              se.cambiosys.client.framework.menueditor.internal.InitializingMenuItem[name=null, text=&apos;Registration overview&apos;, selected=false, enabled=true, visible=true, showing=false]
                se.cambiosys.client.framework.core.internal.CambioShortcutMenuButton[name=null, text=&apos;&apos;, selected=false, enabled=true, visible=true, showing=false]
              se.cambiosys.client.framework.menueditor.internal.InitializingMenuItem[name=null, text=&apos;Goods Sale overview&apos;, selected=false, enabled=true, visible=true, showing=false]
                se.cambiosys.client.framework.core.internal.CambioShortcutMenuButton[name=null, text=&apos;&apos;, selected=false, enabled=true, visible=true, showing=false]
              se.cambiosys.client.framework.menueditor.internal.InitializingMenuItem[name=null, text=&apos;Invoice overview&apos;, selected=false, enabled=true, visible=true, showing=false]
                se.cambiosys.client.framework.core.internal.CambioShortcutMenuButton[name=null, text=&apos;&apos;, selected=false, enabled=true, visible=true, showing=false]
              se.cambiosys.client.framework.menueditor.internal.InitializingMenuItem[name=null, text=&apos;Register codes&apos;, selected=false, enabled=false, visible=true, showing=false]
                se.cambiosys.client.framework.core.internal.CambioShortcutMenuButton[name=null, text=&apos;&apos;, selected=false, enabled=true, visible=true, showing=false]
              se.cambiosys.client.framework.menueditor.internal.InitializingMenuItem[name=null, text=&apos;Undo&apos;, selected=false, enabled=true, visible=true, showing=false]
                se.cambiosys.client.framework.core.internal.CambioShortcutMenuButton[name=null, text=&apos;&apos;, selected=false, enabled=true, visible=true, showing=false]
          se.cambiosys.client.framework.components.CambioMenu[name=null, text=&apos;Patient&apos;, selected=false, enabled=true, visible=true, showing=true]
            javax.swing.JPopupMenu[name=null, label=null, enabled=true, visible=false, showing=false]
              se.cambiosys.client.framework.components.CambioMenu[name=null, text=&apos;Groups&apos;, selected=false, enabled=true, visible=true, showing=false]
                javax.swing.JPopupMenu[name=null, label=null, enabled=true, visible=false, showing=false]
                  se.cambiosys.client.framework.menueditor.internal.InitializingMenuItem[name=null, text=&apos;Group card&apos;, selected=false, enabled=false, visible=true, showing=false]
                    se.cambiosys.client.framework.core.internal.CambioShortcutMenuButton[name=null, text=&apos;&apos;, selected=false, enabled=true, visible=true, showing=false]
                  se.cambiosys.client.framework.menueditor.internal.InitializingMenuItem[name=null, text=&apos;Group administration&apos;, selected=false, enabled=true, visible=true, showing=false]
                    se.cambiosys.client.framework.core.internal.CambioShortcutMenuButton[name=null, text=&apos;&apos;, selected=false, enabled=true, visible=true, showing=false]
              se.cambiosys.client.framework.subjectofcare.internal.SecurityOverrideHandlerImpl$1(se.cambiosys.client.framework.components.CambioCheckBoxMenuItem)[name=null, text=&apos;Activate security override&apos;, selected=false, enabled=false, visible=true, showing=false]
              se.cambiosys.client.framework.menueditor.internal.InitializingMenuItem[name=null, text=&apos;Patient card&apos;, selected=false, enabled=true, visible=true, showing=false]
                se.cambiosys.client.framework.core.internal.CambioShortcutMenuButton[name=null, text=&apos;&apos;, selected=false, enabled=true, visible=true, showing=false]
              se.cambiosys.client.framework.menueditor.internal.InitializingMenuItem[name=null, text=&apos;Print patient information&apos;, selected=false, enabled=true, visible=true, showing=false]
                se.cambiosys.client.framework.core.internal.CambioShortcutMenuButton[name=null, text=&apos;&apos;, selected=false, enabled=true, visible=true, showing=false]
              se.cambiosys.client.framework.menueditor.internal.InitializingMenuItem[name=null, text=&apos;Connect mother-child&apos;, selected=false, enabled=false, visible=true, showing=false]
                se.cambiosys.client.framework.core.internal.CambioShortcutMenuButton[name=null, text=&apos;&apos;, selected=false, enabled=true, visible=true, showing=false]
              se.cambiosys.client.framework.menueditor.internal.InitializingMenuItem[name=null, text=&apos;Disconnect child-mother&apos;, selected=false, enabled=false, visible=true, showing=false]
                se.cambiosys.client.framework.core.internal.CambioShortcutMenuButton[name=null, text=&apos;&apos;, selected=false, enabled=true, visible=true, showing=false]
              se.cambiosys.client.framework.menueditor.internal.InitializingMenuItem[name=null, text=&apos;Reservenumber...&apos;, selected=false, enabled=true, visible=true, showing=false]
                se.cambiosys.client.framework.core.internal.CambioShortcutMenuButton[name=null, text=&apos;&apos;, selected=false, enabled=true, visible=true, showing=false]
          se.cambiosys.client.framework.components.CambioMenu[name=null, text=&apos;Link (previous version)&apos;, selected=false, enabled=true, visible=true, showing=true]
            javax.swing.JPopupMenu[name=null, label=null, enabled=true, visible=false, showing=false]
              se.cambiosys.client.framework.menueditor.internal.InitializingMenuItem[name=null, text=&apos;Loading...&apos;, selected=false, enabled=true, visible=true, showing=false]
                se.cambiosys.client.framework.core.internal.CambioShortcutMenuButton[name=null, text=&apos;&apos;, selected=false, enabled=true, visible=true, showing=false]
              se.cambiosys.client.framework.menueditor.internal.InitializingMenuItem[name=null, text=&apos;Loading...&apos;, selected=false, enabled=true, visible=true, showing=false]
                se.cambiosys.client.framework.core.internal.CambioShortcutMenuButton[name=null, text=&apos;&apos;, selected=false, enabled=true, visible=true, showing=false]
          se.cambiosys.client.framework.components.CambioMenu[name=null, text=&apos;File&apos;, selected=false, enabled=true, visible=true, showing=true]
            javax.swing.JPopupMenu[name=null, label=null, enabled=true, visible=false, showing=false]
              se.cambiosys.client.framework.menueditor.internal.InitializingMenuItem[name=null, text=&apos;Change password&apos;, selected=false, enabled=true, visible=true, showing=false]
                se.cambiosys.client.framework.core.internal.CambioShortcutMenuButton[name=null, text=&apos;&apos;, selected=false, enabled=true, visible=true, showing=false]
              se.cambiosys.client.framework.menueditor.internal.InitializingMenuItem[name=null, text=&apos;Lock COSMIC&apos;, selected=false, enabled=true, visible=true, showing=false]
                se.cambiosys.client.framework.core.internal.CambioShortcutMenuButton[name=null, text=&apos;&apos;, selected=false, enabled=true, visible=true, showing=false]
              se.cambiosys.client.framework.menueditor.internal.InitializingMenuItem[name=null, text=&apos;Change profile&apos;, selected=false, enabled=true, visible=true, showing=false]
                se.cambiosys.client.framework.core.internal.CambioShortcutMenuButton[name=null, text=&apos;&apos;, selected=false, enabled=true, visible=true, showing=false]
              se.cambiosys.client.framework.menueditor.internal.InitializingMenuItem[name=null, text=&apos;Log out&apos;, selected=false, enabled=true, visible=true, showing=false]
                se.cambiosys.client.framework.core.internal.CambioShortcutMenuButton[name=null, text=&apos;&apos;, selected=false, enabled=true, visible=true, showing=false]
              se.cambiosys.client.framework.menueditor.internal.InitializingMenuItem[name=null, text=&apos;Quit&apos;, selected=false, enabled=true, visible=true, showing=false]
                se.cambiosys.client.framework.core.internal.CambioShortcutMenuButton[name=null, text=&apos;&apos;, selected=false, enabled=true, visible=true, showing=false]
          se.cambiosys.client.framework.components.CambioMenu[name=null, text=&apos;External Applications&apos;, selected=false, enabled=true, visible=true, showing=true]
            javax.swing.JPopupMenu[name=null, label=null, enabled=true, visible=false, showing=false]
              se.cambiosys.client.framework.menueditor.internal.InitializingMenuItem[name=null, text=&apos;DrCompanion&apos;, selected=false, enabled=true, visible=true, showing=false]
                se.cambiosys.client.framework.core.internal.CambioShortcutMenuButton[name=null, text=&apos;&apos;, selected=false, enabled=true, visible=true, showing=false]
              se.cambiosys.client.framework.menueditor.internal.InitializingMenuItem[name=null, text=&apos;OBSTETRIX (Ext)&apos;, selected=false, enabled=true, visible=true, showing=false]
                se.cambiosys.client.framework.core.internal.CambioShortcutMenuButton[name=null, text=&apos;&apos;, selected=false, enabled=true, visible=true, showing=false]
          se.cambiosys.client.framework.components.CambioMenu[name=null, text=&apos;Analytics&apos;, selected=false, enabled=true, visible=true, showing=true]
            javax.swing.JPopupMenu[name=null, label=null, enabled=true, visible=false, showing=false]
              se.cambiosys.client.framework.menueditor.internal.InitializingMenuItem[name=null, text=&apos;Insight&apos;, selected=false, enabled=true, visible=true, showing=false]
                se.cambiosys.client.framework.core.internal.CambioShortcutMenuButton[name=null, text=&apos;&apos;, selected=false, enabled=true, visible=true, showing=false]
          se.cambiosys.client.framework.components.CambioMenu[name=null, text=&apos;Bed management&apos;, selected=false, enabled=true, visible=true, showing=true]
            javax.swing.JPopupMenu[name=null, label=null, enabled=true, visible=false, showing=false]
              se.cambiosys.client.framework.menueditor.internal.InitializingMenuItem[name=null, text=&apos;Patient search&apos;, selected=false, enabled=true, visible=true, showing=false]
                se.cambiosys.client.framework.core.internal.CambioShortcutMenuButton[name=null, text=&apos;&apos;, selected=false, enabled=true, visible=true, showing=false]
              se.cambiosys.client.framework.menueditor.internal.InitializingMenuItem[name=null, text=&apos;Bed reservation overview&apos;, selected=false, enabled=true, visible=true, showing=false]
                se.cambiosys.client.framework.core.internal.CambioShortcutMenuButton[name=null, text=&apos;&apos;, selected=false, enabled=true, visible=true, showing=false]
              se.cambiosys.client.framework.menueditor.internal.InitializingMenuItem[name=null, text=&apos;Bed Administration&apos;, selected=false, enabled=true, visible=true, showing=false]
                se.cambiosys.client.framework.core.internal.CambioShortcutMenuButton[name=null, text=&apos;&apos;, selected=false, enabled=true, visible=true, showing=false]
      javax.swing.JPanel[name=&apos;null.contentPane&apos;]
        se.cambiosys.client.framework.core.internal.gui.MainWindow$2(javax.swing.JPanel)[name=null]
        se.cambiosys.client.framework.components.CambioDesktopPane[]
          javax.swing.JLabel[name=null, text=&apos;&apos;, enabled=true, visible=true, showing=false]
        se.cambiosys.client.framework.components.CambioPanel[name=null]
          se.cambiosys.client.framework.core.internal.gui.MainWindow$1(se.cambiosys.client.framework.subjectofcare.internal.gui.PatientBannerTopPanel)[name=null]
            se.cambiosys.client.framework.core.internal.gui.SideBarToggleButton[name=null, text=&apos;&apos;, enabled=true, visible=true, showing=true]
            se.cambiosys.client.framework.core.internal.gui.CambioVerticalMenu[name=null]
              javax.swing.JMenuBar[]
                javax.swing.JMenu[name=null, text=&apos;&apos;, selected=true, enabled=true, visible=true, showing=true]
                  javax.swing.JPopupMenu[name=null, label=null, enabled=true, visible=true, showing=true]
                    se.cambiosys.client.framework.core.internal.gui.CambioMenuSearchComponent[name=null]
                      se.cambiosys.client.framework.components.CambioPanel[name=null]
                        javax.swing.JTextField[name=null, text=&apos;&apos;, enabled=true, visible=true, showing=true]
                        se.cambiosys.client.framework.components.CambioLabel[name=&apos;Table.cellRenderer&apos;, text=&apos;&apos;, enabled=true, visible=true, showing=true]
                        se.cambiosys.client.framework.components.CambioButton[name=null, text=&apos;&apos;, enabled=true, visible=false, showing=false]
                    se.cambiosys.client.framework.components.CambioMenu[name=null, text=&apos;Page Object Creator&apos;, selected=false, enabled=true, visible=true, showing=true]
                      javax.swing.JPopupMenu[name=null, label=null, enabled=true, visible=false, showing=false]
                        se.cambiosys.client.framework.menueditor.internal.InitializingMenuItem[name=null, text=&apos;Loading...&apos;, selected=false, enabled=true, visible=true, showing=false]
                          se.cambiosys.client.framework.core.internal.CambioShortcutMenuButton[name=null, text=&apos;&apos;, selected=false, enabled=true, visible=true, showing=false]
                    se.cambiosys.client.framework.components.CambioMenu[name=null, text=&apos;Activity&apos;, selected=false, enabled=true, visible=true, showing=true]
                      javax.swing.JPopupMenu[name=null, label=null, enabled=true, visible=false, showing=false]
                        se.cambiosys.client.framework.menueditor.internal.InitializingMenuItem[name=null, text=&apos;Order&apos;, selected=false, enabled=false, visible=true, showing=false]
                          se.cambiosys.client.framework.core.internal.CambioShortcutMenuButton[name=null, text=&apos;&apos;, selected=true, enabled=true, visible=true, showing=false]
                        se.cambiosys.client.framework.menueditor.internal.InitializingMenuItem[name=null, text=&apos;Order Administration&apos;, selected=false, enabled=true, visible=true, showing=false]
                          se.cambiosys.client.framework.core.internal.CambioShortcutMenuButton[name=null, text=&apos;&apos;, selected=false, enabled=true, visible=true, showing=false]
                    se.cambiosys.client.framework.components.CambioMenu[name=null, text=&apos;Patient Generated Care Entries&apos;, selected=false, enabled=true, visible=true, showing=true]
                      javax.swing.JPopupMenu[name=null, label=null, enabled=true, visible=false, showing=false]
                        se.cambiosys.client.framework.menueditor.internal.InitializingMenuItem[name=null, text=&apos;PG CareEntries Testing Tool&apos;, selected=false, enabled=true, visible=true, showing=false]
                          se.cambiosys.client.framework.core.internal.CambioShortcutMenuButton[name=null, text=&apos;&apos;, selected=false, enabled=true, visible=true, showing=false]
                    se.cambiosys.client.framework.components.CambioMenu[name=null, text=&apos;Referral&apos;, selected=false, enabled=true, visible=true, showing=true]
                      javax.swing.JPopupMenu[name=null, label=null, enabled=true, visible=false, showing=false]
                        se.cambiosys.client.framework.menueditor.internal.InitializingMenuItem[name=null, text=&apos;New referral&apos;, selected=false, enabled=true, visible=true, showing=false]
                          se.cambiosys.client.framework.core.internal.CambioShortcutMenuButton[name=null, text=&apos;&apos;, selected=false, enabled=true, visible=true, showing=false]
                        se.cambiosys.client.framework.menueditor.internal.InitializingMenuItem[name=null, text=&apos;Received referrals&apos;, selected=false, enabled=true, visible=true, showing=false]
                          se.cambiosys.client.framework.core.internal.CambioShortcutMenuButton[name=null, text=&apos;&apos;, selected=false, enabled=true, visible=true, showing=false]
                        se.cambiosys.client.framework.menueditor.internal.InitializingMenuItem[name=null, text=&apos;Register referral&apos;, selected=false, enabled=true, visible=true, showing=false]
                          se.cambiosys.client.framework.core.internal.CambioShortcutMenuButton[name=null, text=&apos;&apos;, selected=false, enabled=true, visible=true, showing=false]
                        se.cambiosys.client.framework.menueditor.internal.InitializingMenuItem[name=null, text=&apos;Saved and sent referrals&apos;, selected=false, enabled=true, visible=true, showing=false]
                          se.cambiosys.client.framework.core.internal.CambioShortcutMenuButton[name=null, text=&apos;&apos;, selected=false, enabled=true, visible=true, showing=false]
                        se.cambiosys.client.framework.menueditor.internal.InitializingMenuItem[name=null, text=&apos;Patient&apos;s list of answers&apos;, selected=false, enabled=true, visible=true, showing=false]
                          se.cambiosys.client.framework.core.internal.CambioShortcutMenuButton[name=null, text=&apos;&apos;, selected=false, enabled=true, visible=true, showing=false]
                        se.cambiosys.client.framework.components.CambioMenu[name=null, text=&apos;Administration&apos;, selected=false, enabled=true, visible=true, showing=false]
                          javax.swing.JPopupMenu[name=null, label=null, enabled=true, visible=false, showing=false]
                            se.cambiosys.client.framework.menueditor.internal.InitializingMenuItem[name=null, text=&apos;Documentation templates&apos;, selected=false, enabled=true, visible=true, showing=false]
                              se.cambiosys.client.framework.core.internal.CambioShortcutMenuButton[name=null, text=&apos;&apos;, selected=false, enabled=true, visible=true, showing=false]
                    se.cambiosys.client.framework.components.CambioMenu[name=null, text=&apos;Link&apos;, selected=false, enabled=true, visible=true, showing=true]
                      javax.swing.JPopupMenu[name=null, label=null, enabled=true, visible=false, showing=false]
                        se.cambiosys.client.framework.menueditor.internal.InitializingMenuItem[name=null, text=&apos;Case overview&apos;, selected=false, enabled=true, visible=true, showing=false]
                          se.cambiosys.client.framework.core.internal.CambioShortcutMenuButton[name=null, text=&apos;&apos;, selected=false, enabled=true, visible=true, showing=false]
                        se.cambiosys.client.framework.components.CambioMenu[name=null, text=&apos;Administration&apos;, selected=false, enabled=true, visible=true, showing=false]
                          javax.swing.JPopupMenu[name=null, label=null, enabled=true, visible=false, showing=false]
                            se.cambiosys.client.framework.menueditor.internal.InitializingMenuItem[name=null, text=&apos;Suggested Admission message receivers&apos;, selected=false, enabled=true, visible=true, showing=false]
                              se.cambiosys.client.framework.core.internal.CambioShortcutMenuButton[name=null, text=&apos;&apos;, selected=false, enabled=true, visible=true, showing=false]
                    se.cambiosys.client.framework.components.CambioMenu[name=null, text=&apos;Fluid balance&apos;, selected=false, enabled=true, visible=true, showing=true]
                      javax.swing.JPopupMenu[name=null, label=null, enabled=true, visible=false, showing=false]
                        se.cambiosys.client.framework.menueditor.internal.InitializingMenuItem[name=null, text=&apos;Fluid Balance&apos;, selected=false, enabled=true, visible=true, showing=false]
                          se.cambiosys.client.framework.core.internal.CambioShortcutMenuButton[name=null, text=&apos;&apos;, selected=false, enabled=true, visible=true, showing=false]
                    se.cambiosys.client.framework.components.CambioMenu[name=null, text=&apos;Help&apos;, selected=false, enabled=true, visible=true, showing=true]
                      javax.swing.JPopupMenu[name=null, label=null, enabled=true, visible=false, showing=false]
                        se.cambiosys.client.framework.menueditor.internal.InitializingMenuItem[name=null, text=&apos;About Cambio COSMIC...&apos;, selected=false, enabled=true, visible=true, showing=false]
                          se.cambiosys.client.framework.core.internal.CambioShortcutMenuButton[name=null, text=&apos;&apos;, selected=false, enabled=true, visible=true, showing=false]
                        se.cambiosys.client.framework.menueditor.internal.InitializingMenuItem[name=null, text=&apos;Help for Cosmic&apos;, selected=false, enabled=true, visible=true, showing=false]
                          se.cambiosys.client.framework.core.internal.CambioShortcutMenuButton[name=null, text=&apos;&apos;, selected=false, enabled=true, visible=true, showing=false]
                    se.cambiosys.client.framework.components.CambioMenu[name=null, text=&apos;CDS&apos;, selected=false, enabled=true, visible=true, showing=true]
                      javax.swing.JPopupMenu[name=null, label=null, enabled=true, visible=false, showing=false]
                        se.cambiosys.client.framework.menueditor.internal.InitializingMenuItem[name=null, text=&apos;CDS App Administration&apos;, selected=false, enabled=true, visible=true, showing=false]
                          se.cambiosys.client.framework.core.internal.CambioShortcutMenuButton[name=null, text=&apos;&apos;, selected=false, enabled=true, visible=true, showing=false]
                        se.cambiosys.client.framework.menueditor.internal.InitializingMenuItem[name=null, text=&apos;Stroke Prevention for Atrial Fibrillation&apos;, selected=false, enabled=true, visible=true, showing=false]
                          se.cambiosys.client.framework.core.internal.CambioShortcutMenuButton[name=null, text=&apos;&apos;, selected=false, enabled=true, visible=true, showing=false]
                    se.cambiosys.client.framework.components.CambioMenu[name=null, text=&apos;Resource planning&apos;, selected=false, enabled=true, visible=true, showing=true]
                      javax.swing.JPopupMenu[name=null, label=null, enabled=true, visible=false, showing=false]
                        se.cambiosys.client.framework.menueditor.internal.InitializingMenuItem[name=null, text=&apos;Schedule&apos;, selected=false, enabled=true, visible=true, showing=false]
                          se.cambiosys.client.framework.core.internal.CambioShortcutMenuButton[name=null, text=&apos;&apos;, selected=false, enabled=true, visible=true, showing=false]
                        se.cambiosys.client.framework.menueditor.internal.InitializingMenuItem[name=null, text=&apos;Schedule groups&apos;, selected=false, enabled=true, visible=true, showing=false]
                          se.cambiosys.client.framework.core.internal.CambioShortcutMenuButton[name=null, text=&apos;&apos;, selected=false, enabled=true, visible=true, showing=false]
                        se.cambiosys.client.framework.menueditor.internal.InitializingMenuItem[name=null, text=&apos;Schedule overview&apos;, selected=false, enabled=true, visible=true, showing=false]
                          se.cambiosys.client.framework.core.internal.CambioShortcutMenuButton[name=null, text=&apos;&apos;, selected=false, enabled=true, visible=true, showing=false]
                        se.cambiosys.client.framework.components.CambioMenu[name=null, text=&apos;Administration&apos;, selected=false, enabled=true, visible=true, showing=false]
                          javax.swing.JPopupMenu[name=null, label=null, enabled=true, visible=false, showing=false]
                            se.cambiosys.client.framework.menueditor.internal.InitializingMenuItem[name=null, text=&apos;Connect time slot services&apos;, selected=false, enabled=true, visible=true, showing=false]
                              se.cambiosys.client.framework.core.internal.CambioShortcutMenuButton[name=null, text=&apos;&apos;, selected=false, enabled=true, visible=true, showing=false]
                            se.cambiosys.client.framework.components.CambioMenu[name=null, text=&apos;Scheme&apos;, selected=false, enabled=true, visible=true, showing=false]
                              javax.swing.JPopupMenu[name=null, label=null, enabled=true, visible=false, showing=false]
                                se.cambiosys.client.framework.menueditor.internal.InitializingMenuItem[name=null, text=&apos;Services scheme&apos;, selected=false, enabled=true, visible=true, showing=false]
                                  se.cambiosys.client.framework.core.internal.CambioShortcutMenuButton[name=null, text=&apos;&apos;, selected=false, enabled=true, visible=true, showing=false]
                                se.cambiosys.client.framework.menueditor.internal.InitializingMenuItem[name=null, text=&apos;Scheme templates&apos;, selected=false, enabled=true, visible=true, showing=false]
                                  se.cambiosys.client.framework.core.internal.CambioShortcutMenuButton[name=null, text=&apos;&apos;, selected=false, enabled=true, visible=true, showing=false]
                                se.cambiosys.client.framework.menueditor.internal.InitializingMenuItem[name=null, text=&apos;Resource&apos;s scheme&apos;, selected=false, enabled=true, visible=true, showing=false]
                                  se.cambiosys.client.framework.core.internal.CambioShortcutMenuButton[name=null, text=&apos;&apos;, selected=false, enabled=true, visible=true, showing=false]
                            se.cambiosys.client.framework.components.CambioMenu[name=null, text=&apos;Staffing&apos;, selected=false, enabled=true, visible=true, showing=false]
                              javax.swing.JPopupMenu[name=null, label=null, enabled=true, visible=false, showing=false]
                                se.cambiosys.client.framework.menueditor.internal.InitializingMenuItem[name=null, text=&apos;Allocate resources - Services scheme&apos;, selected=false, enabled=true, visible=true, showing=false]
                                  se.cambiosys.client.framework.core.internal.CambioShortcutMenuButton[name=null, text=&apos;&apos;, selected=false, enabled=true, visible=true, showing=false]
                                se.cambiosys.client.framework.menueditor.internal.InitializingMenuItem[name=null, text=&apos;Allocate resources - Scheme templates&apos;, selected=false, enabled=true, visible=true, showing=false]
                                  se.cambiosys.client.framework.core.internal.CambioShortcutMenuButton[name=null, text=&apos;&apos;, selected=false, enabled=true, visible=true, showing=false]
                                se.cambiosys.client.framework.menueditor.internal.InitializingMenuItem[name=null, text=&apos;Services missing resources&apos;, selected=false, enabled=true, visible=true, showing=false]
                                  se.cambiosys.client.framework.core.internal.CambioShortcutMenuButton[name=null, text=&apos;&apos;, selected=false, enabled=true, visible=true, showing=false]
                        se.cambiosys.client.framework.menueditor.internal.InitializingMenuItem[name=null, text=&apos;Planned activities&apos;, selected=false, enabled=true, visible=true, showing=false]
                          se.cambiosys.client.framework.core.internal.CambioShortcutMenuButton[name=null, text=&apos;&apos;, selected=false, enabled=true, visible=true, showing=false]
                        se.cambiosys.client.framework.menueditor.internal.InitializingMenuItem[name=null, text=&apos;Planning form&apos;, selected=false, enabled=true, visible=true, showing=false]
                          se.cambiosys.client.framework.core.internal.CambioShortcutMenuButton[name=null, text=&apos;&apos;, selected=false, enabled=true, visible=true, showing=false]
                        se.cambiosys.client.framework.menueditor.internal.InitializingMenuItem[name=null, text=&apos;Light planning form&apos;, selected=false, enabled=true, visible=true, showing=false]
                          se.cambiosys.client.framework.core.internal.CambioShortcutMenuButton[name=null, text=&apos;&apos;, selected=false, enabled=true, visible=true, showing=false]
                    se.cambiosys.client.framework.components.CambioMenu[name=null, text=&apos;Activity handling&apos;, selected=false, enabled=true, visible=true, showing=true]
                      javax.swing.JPopupMenu[name=null, label=null, enabled=true, visible=false, showing=false]
                        se.cambiosys.client.framework.menueditor.internal.InitializingMenuItem[name=null, text=&apos;Activity handler&apos;, selected=false, enabled=true, visible=true, showing=false]
                          se.cambiosys.client.framework.core.internal.CambioShortcutMenuButton[name=null, text=&apos;&apos;, selected=false, enabled=true, visible=true, showing=false]
                        se.cambiosys.client.framework.components.CambioMenu[name=null, text=&apos;Administration&apos;, selected=false, enabled=true, visible=true, showing=false]
                          javax.swing.JPopupMenu[name=null, label=null, enabled=true, visible=false, showing=false]
                            se.cambiosys.client.framework.menueditor.internal.InitializingMenuItem[name=null, text=&apos;Configuration of Activity plans&apos;, selected=false, enabled=true, visible=true, showing=false]
                              se.cambiosys.client.framework.core.internal.CambioShortcutMenuButton[name=null, text=&apos;&apos;, selected=false, enabled=true, visible=true, showing=false]
                            se.cambiosys.client.framework.menueditor.internal.InitializingMenuItem[name=null, text=&apos;Configuration of activity plan activation&apos;, selected=false, enabled=true, visible=true, showing=false]
                              se.cambiosys.client.framework.core.internal.CambioShortcutMenuButton[name=null, text=&apos;&apos;, selected=false, enabled=true, visible=true, showing=false]
                    se.cambiosys.client.framework.components.CambioMenu[name=null, text=&apos;Drugs&apos;, selected=false, enabled=true, visible=true, showing=true]
                      javax.swing.JPopupMenu[name=null, label=null, enabled=true, visible=false, showing=false]
                        se.cambiosys.client.framework.menueditor.internal.InitializingMenuItem[name=null, text=&apos;Appliance&apos;, selected=false, enabled=true, visible=true, showing=false]
                          se.cambiosys.client.framework.core.internal.CambioShortcutMenuButton[name=null, text=&apos;&apos;, selected=false, enabled=true, visible=true, showing=false]
                        se.cambiosys.client.framework.menueditor.internal.InitializingMenuItem[name=null, text=&apos;Prescription&apos;, selected=false, enabled=true, visible=true, showing=false]
                          se.cambiosys.client.framework.core.internal.CambioShortcutMenuButton[name=null, text=&apos;&apos;, selected=false, enabled=true, visible=true, showing=false]
                        se.cambiosys.client.framework.menueditor.internal.InitializingMenuItem[name=null, text=&apos;R8.0 List of medications&apos;, selected=false, enabled=true, visible=true, showing=false]
                          se.cambiosys.client.framework.core.internal.CambioShortcutMenuButton[name=null, text=&apos;&apos;, selected=false, enabled=true, visible=true, showing=false]
                        se.cambiosys.client.framework.components.CambioMenu[name=null, text=&apos;Administration&apos;, selected=false, enabled=true, visible=true, showing=false]
                          javax.swing.JPopupMenu[name=null, label=null, enabled=true, visible=false, showing=false]
                            se.cambiosys.client.framework.menueditor.internal.InitializingMenuItem[name=null, text=&apos;Sent E-prescriptions&apos;, selected=false, enabled=true, visible=true, showing=false]
                              se.cambiosys.client.framework.core.internal.CambioShortcutMenuButton[name=null, text=&apos;&apos;, selected=false, enabled=true, visible=true, showing=false]
                        se.cambiosys.client.framework.menueditor.internal.InitializingMenuItem[name=null, text=&apos;Warnings, cautions and infected blood&apos;, selected=false, enabled=false, visible=true, showing=false]
                          se.cambiosys.client.framework.core.internal.CambioShortcutMenuButton[name=null, text=&apos;&apos;, selected=false, enabled=true, visible=true, showing=false]
                        se.cambiosys.client.framework.menueditor.internal.InitializingMenuItem[name=null, text=&apos;Medical administration record&apos;, selected=false, enabled=true, visible=true, showing=false]
                          se.cambiosys.client.framework.core.internal.CambioShortcutMenuButton[name=null, text=&apos;&apos;, selected=false, enabled=true, visible=true, showing=false]
                        se.cambiosys.client.framework.menueditor.internal.InitializingMenuItem[name=null, text=&apos;Decision about medication at admission&apos;, selected=false, enabled=true, visible=true, showing=false]
                          se.cambiosys.client.framework.core.internal.CambioShortcutMenuButton[name=null, text=&apos;&apos;, selected=false, enabled=true, visible=true, showing=false]
                    se.cambiosys.client.framework.components.CambioMenu[name=null, text=&apos;Concept&apos;, selected=false, enabled=true, visible=true, showing=true]
                      javax.swing.JPopupMenu[name=null, label=null, enabled=true, visible=false, showing=false]
                        se.cambiosys.client.framework.menueditor.internal.InitializingMenuItem[name=null, text=&apos;Terminology binding configuration&apos;, selected=false, enabled=true, visible=true, showing=false]
                          se.cambiosys.client.framework.core.internal.CambioShortcutMenuButton[name=null, text=&apos;&apos;, selected=false, enabled=true, visible=true, showing=false]
                    se.cambiosys.client.framework.components.CambioMenu[name=null, text=&apos;Block Administration&apos;, selected=false, enabled=true, visible=true, showing=true]
                      javax.swing.JPopupMenu[name=null, label=null, enabled=true, visible=false, showing=false]
                        se.cambiosys.client.framework.menueditor.internal.InitializingMenuItem[name=null, text=&apos;Block Administration&apos;, selected=false, enabled=true, visible=true, showing=false]
                          se.cambiosys.client.framework.core.internal.CambioShortcutMenuButton[name=null, text=&apos;&apos;, selected=false, enabled=true, visible=true, showing=false]
                    se.cambiosys.client.framework.components.CambioMenu[name=null, text=&apos;Overviews&apos;, selected=false, enabled=true, visible=true, showing=true]
                      javax.swing.JPopupMenu[name=null, label=null, enabled=true, visible=false, showing=false]
                        se.cambiosys.client.framework.menueditor.internal.InitializingMenuItem[name=null, text=&apos;Unsigned and Unacknowledged&apos;, selected=false, enabled=true, visible=true, showing=false]
                          se.cambiosys.client.framework.core.internal.CambioShortcutMenuButton[name=null, text=&apos;&apos;, selected=false, enabled=true, visible=true, showing=false]
                        se.cambiosys.client.framework.components.CambioMenu[name=null, text=&apos;Unit overviews&apos;, selected=false, enabled=true, visible=true, showing=false]
                          javax.swing.JPopupMenu[name=null, label=null, enabled=true, visible=false, showing=false]
                            se.cambiosys.client.framework.menueditor.internal.InitializingMenuItem[name=null, text=&apos;Services&apos;, selected=false, enabled=true, visible=true, showing=false]
                              se.cambiosys.client.framework.core.internal.CambioShortcutMenuButton[name=null, text=&apos;&apos;, selected=false, enabled=true, visible=true, showing=false]
                            se.cambiosys.client.framework.menueditor.internal.InitializingMenuItem[name=null, text=&apos;Commitment&apos;, selected=false, enabled=true, visible=true, showing=false]
                              se.cambiosys.client.framework.core.internal.CambioShortcutMenuButton[name=null, text=&apos;&apos;, selected=false, enabled=true, visible=true, showing=false]
                            se.cambiosys.client.framework.menueditor.internal.InitializingMenuItem[name=null, text=&apos;Admission overview&apos;, selected=false, enabled=true, visible=true, showing=false]
                              se.cambiosys.client.framework.core.internal.CambioShortcutMenuButton[name=null, text=&apos;&apos;, selected=false, enabled=true, visible=true, showing=false]
                            se.cambiosys.client.framework.menueditor.internal.InitializingMenuItem[name=null, text=&apos;Loading...&apos;, selected=false, enabled=true, visible=true, showing=false]
                              se.cambiosys.client.framework.core.internal.CambioShortcutMenuButton[name=null, text=&apos;&apos;, selected=false, enabled=true, visible=true, showing=false]
                            se.cambiosys.client.framework.menueditor.internal.InitializingMenuItem[name=null, text=&apos;Loading...&apos;, selected=false, enabled=true, visible=true, showing=false]
                              se.cambiosys.client.framework.core.internal.CambioShortcutMenuButton[name=null, text=&apos;&apos;, selected=false, enabled=true, visible=true, showing=false]
                        se.cambiosys.client.framework.menueditor.internal.InitializingMenuItem[name=null, text=&apos;Visit Overview&apos;, selected=false, enabled=true, visible=true, showing=false]
                          se.cambiosys.client.framework.core.internal.CambioShortcutMenuButton[name=null, text=&apos;&apos;, selected=false, enabled=true, visible=true, showing=false]
                        se.cambiosys.client.framework.menueditor.internal.InitializingMenuItem[name=null, text=&apos;Clinical overview - OP&apos;, selected=false, enabled=true, visible=true, showing=false]
                          se.cambiosys.client.framework.core.internal.CambioShortcutMenuButton[name=null, text=&apos;&apos;, selected=false, enabled=true, visible=true, showing=false]
                        se.cambiosys.client.framework.menueditor.internal.InitializingMenuItem[name=null, text=&apos;Clinical overview - IP&apos;, selected=false, enabled=true, visible=true, showing=false]
                          se.cambiosys.client.framework.core.internal.CambioShortcutMenuButton[name=null, text=&apos;&apos;, selected=false, enabled=true, visible=true, showing=false]
                        se.cambiosys.client.framework.menueditor.internal.InitializingMenuItem[name=null, text=&apos;Process view&apos;, selected=false, enabled=true, visible=true, showing=false]
                          se.cambiosys.client.framework.core.internal.CambioShortcutMenuButton[name=null, text=&apos;&apos;, selected=false, enabled=true, visible=true, showing=false]
                        se.cambiosys.client.framework.menueditor.internal.InitializingMenuItem[name=null, text=&apos;Dynamic overviews - Administration&apos;, selected=false, enabled=true, visible=true, showing=false]
                          se.cambiosys.client.framework.core.internal.CambioShortcutMenuButton[name=null, text=&apos;&apos;, selected=false, enabled=true, visible=true, showing=false]
                        se.cambiosys.client.framework.components.CambioMenu[name=null, text=&apos;Dynamic overviews&apos;, selected=false, enabled=true, visible=true, showing=false]
                          javax.swing.JPopupMenu[name=null, label=null, enabled=true, visible=false, showing=false]
                            se.cambiosys.client.overviewmodule.Module$8(se.cambiosys.client.framework.components.CambioMenuItem)[name=null, text=&apos;All views*&apos;, selected=false, enabled=true, visible=true, showing=false]
                              se.cambiosys.client.framework.core.internal.CambioShortcutMenuButton[name=null, text=&apos;&apos;, selected=false, enabled=true, visible=true, showing=false]
                            se.cambiosys.client.overviewmodule.Module$8(se.cambiosys.client.framework.components.CambioMenuItem)[name=null, text=&apos;Doctor*&apos;, selected=false, enabled=true, visible=true, showing=false]
                              se.cambiosys.client.framework.core.internal.CambioShortcutMenuButton[name=null, text=&apos;&apos;, selected=false, enabled=true, visible=true, showing=false]
                            se.cambiosys.client.overviewmodule.Module$8(se.cambiosys.client.framework.components.CambioMenuItem)[name=null, text=&apos;Inpatient*&apos;, selected=false, enabled=true, visible=true, showing=false]
                              se.cambiosys.client.framework.core.internal.CambioShortcutMenuButton[name=null, text=&apos;&apos;, selected=false, enabled=true, visible=true, showing=false]
                            se.cambiosys.client.overviewmodule.Module$8(se.cambiosys.client.framework.components.CambioMenuItem)[name=null, text=&apos;Patient*&apos;, selected=false, enabled=true, visible=true, showing=false]
                              se.cambiosys.client.framework.core.internal.CambioShortcutMenuButton[name=null, text=&apos;&apos;, selected=false, enabled=true, visible=true, showing=false]
                        se.cambiosys.client.framework.menueditor.internal.InitializingMenuItem[name=null, text=&apos;Patient Overview&apos;, selected=false, enabled=true, visible=true, showing=false]
                          se.cambiosys.client.framework.core.internal.CambioShortcutMenuButton[name=null, text=&apos;&apos;, selected=false, enabled=true, visible=true, showing=false]
                        se.cambiosys.client.framework.menueditor.internal.InitializingMenuItem[name=null, text=&apos;Analyse Area&apos;, selected=false, enabled=true, visible=true, showing=false]
                          se.cambiosys.client.framework.core.internal.CambioShortcutMenuButton[name=null, text=&apos;&apos;, selected=false, enabled=true, visible=true, showing=false]
                        se.cambiosys.client.framework.menueditor.internal.InitializingMenuItem[name=null, text=&apos;My Overview&apos;, selected=false, enabled=true, visible=true, showing=false]
                          se.cambiosys.client.framework.core.internal.CambioShortcutMenuButton[name=null, text=&apos;&apos;, selected=false, enabled=true, visible=true, showing=false]
                        se.cambiosys.client.framework.menueditor.internal.InitializingMenuItem[name=null, text=&apos;Management Overview&apos;, selected=false, enabled=true, visible=true, showing=false]
                          se.cambiosys.client.framework.core.internal.CambioShortcutMenuButton[name=null, text=&apos;&apos;, selected=false, enabled=true, visible=true, showing=false]
                        se.cambiosys.client.framework.menueditor.internal.InitializingMenuItem[name=null, text=&apos;List of visits&apos;, selected=false, enabled=true, visible=true, showing=false]
                          se.cambiosys.client.framework.core.internal.CambioShortcutMenuButton[name=null, text=&apos;&apos;, selected=false, enabled=true, visible=true, showing=false]
                        se.cambiosys.client.framework.menueditor.internal.InitializingMenuItem[name=null, text=&apos;Connection Overview&apos;, selected=false, enabled=true, visible=true, showing=false]
                          se.cambiosys.client.framework.core.internal.CambioShortcutMenuButton[name=null, text=&apos;&apos;, selected=false, enabled=true, visible=true, showing=false]
                        se.cambiosys.client.framework.components.CambioMenu[name=null, text=&apos;Unit overview-Administration&apos;, selected=false, enabled=true, visible=true, showing=false]
                          javax.swing.JPopupMenu[name=null, label=null, enabled=true, visible=false, showing=false]
                            se.cambiosys.client.framework.components.CambioMenu[name=null, text=&apos;Priority configuration&apos;, selected=false, enabled=true, visible=true, showing=false]
                              javax.swing.JPopupMenu[name=null, label=null, enabled=true, visible=false, showing=false]
                                se.cambiosys.client.framework.menueditor.internal.InitializingMenuItem[name=null, text=&apos;Loading...&apos;, selected=false, enabled=true, visible=true, showing=false]
                                  se.cambiosys.client.framework.core.internal.CambioShortcutMenuButton[name=null, text=&apos;&apos;, selected=false, enabled=true, visible=true, showing=false]
                                se.cambiosys.client.framework.menueditor.internal.InitializingMenuItem[name=null, text=&apos;Loading...&apos;, selected=false, enabled=true, visible=true, showing=false]
                                  se.cambiosys.client.framework.core.internal.CambioShortcutMenuButton[name=null, text=&apos;&apos;, selected=false, enabled=true, visible=true, showing=false]
                            se.cambiosys.client.framework.components.CambioMenu[name=null, text=&apos;OW Configuration&apos;, selected=false, enabled=true, visible=true, showing=false]
                              javax.swing.JPopupMenu[name=null, label=null, enabled=true, visible=false, showing=false]
                                se.cambiosys.client.framework.menueditor.internal.InitializingMenuItem[name=null, text=&apos;Loading...&apos;, selected=false, enabled=true, visible=true, showing=false]
                                  se.cambiosys.client.framework.core.internal.CambioShortcutMenuButton[name=null, text=&apos;&apos;, selected=false, enabled=true, visible=true, showing=false]
                                se.cambiosys.client.framework.menueditor.internal.InitializingMenuItem[name=null, text=&apos;Loading...&apos;, selected=false, enabled=true, visible=true, showing=false]
                                  se.cambiosys.client.framework.core.internal.CambioShortcutMenuButton[name=null, text=&apos;&apos;, selected=false, enabled=true, visible=true, showing=false]
                                se.cambiosys.client.framework.menueditor.internal.InitializingMenuItem[name=null, text=&apos;Loading...&apos;, selected=false, enabled=true, visible=true, showing=false]
                                  se.cambiosys.client.framework.core.internal.CambioShortcutMenuButton[name=null, text=&apos;&apos;, selected=false, enabled=true, visible=true, showing=false]
                            se.cambiosys.client.framework.menueditor.internal.InitializingMenuItem[name=null, text=&apos;Loading...&apos;, selected=false, enabled=true, visible=true, showing=false]
                              se.cambiosys.client.framework.core.internal.CambioShortcutMenuButton[name=null, text=&apos;&apos;, selected=false, enabled=true, visible=true, showing=false]
                    se.cambiosys.client.framework.components.CambioMenu[name=null, text=&apos;Messenger&apos;, selected=false, enabled=true, visible=true, showing=true]
                      javax.swing.JPopupMenu[name=null, label=null, enabled=true, visible=false, showing=false]
                        se.cambiosys.client.framework.menueditor.internal.InitializingMenuItem[name=null, text=&apos;Inbox&apos;, selected=false, enabled=true, visible=true, showing=false]
                          se.cambiosys.client.framework.core.internal.CambioShortcutMenuButton[name=null, text=&apos;&apos;, selected=false, enabled=true, visible=true, showing=false]
                        se.cambiosys.client.framework.menueditor.internal.InitializingMenuItem[name=null, text=&apos;New message&apos;, selected=false, enabled=true, visible=true, showing=false]
                          se.cambiosys.client.framework.core.internal.CambioShortcutMenuButton[name=null, text=&apos;&apos;, selected=false, enabled=true, visible=true, showing=false]
                        se.cambiosys.client.framework.menueditor.internal.InitializingMenuItem[name=null, text=&apos;New broadcast message&apos;, selected=false, enabled=true, visible=true, showing=false]
                          se.cambiosys.client.framework.core.internal.CambioShortcutMenuButton[name=null, text=&apos;&apos;, selected=false, enabled=true, visible=true, showing=false]
                        se.cambiosys.client.framework.components.CambioMenu[name=null, text=&apos;Administration&apos;, selected=false, enabled=true, visible=true, showing=false]
                          javax.swing.JPopupMenu[name=null, label=null, enabled=true, visible=false, showing=false]
                            se.cambiosys.client.framework.menueditor.internal.InitializingMenuItem[name=null, text=&apos;Recipient group&apos;, selected=false, enabled=true, visible=true, showing=false]
                              se.cambiosys.client.framework.core.internal.CambioShortcutMenuButton[name=null, text=&apos;&apos;, selected=false, enabled=true, visible=true, showing=false]
                            se.cambiosys.client.framework.menueditor.internal.InitializingMenuItem[name=null, text=&apos;Messenger accounts&apos;, selected=false, enabled=true, visible=true, showing=false]
                              se.cambiosys.client.framework.core.internal.CambioShortcutMenuButton[name=null, text=&apos;&apos;, selected=false, enabled=true, visible=true, showing=false]
                            se.cambiosys.client.framework.menueditor.internal.InitializingMenuItem[name=null, text=&apos;Access to other users&apos; Messenger accounts&apos;, selected=false, enabled=true, visible=true, showing=false]
                              se.cambiosys.client.framework.core.internal.CambioShortcutMenuButton[name=null, text=&apos;&apos;, selected=false, enabled=true, visible=true, showing=false]
                            se.cambiosys.client.framework.menueditor.internal.InitializingMenuItem[name=null, text=&apos;Out of office administration&apos;, selected=false, enabled=true, visible=true, showing=false]
                              se.cambiosys.client.framework.core.internal.CambioShortcutMenuButton[name=null, text=&apos;&apos;, selected=false, enabled=true, visible=true, showing=false]
                    se.cambiosys.client.framework.components.CambioMenu[name=null, text=&apos;Administration&apos;, selected=false, enabled=true, visible=true, showing=true]
                      javax.swing.JPopupMenu[name=null, label=null, enabled=true, visible=false, showing=false]
                        se.cambiosys.client.framework.menueditor.internal.InitializingMenuItem[name=null, text=&apos;Unit register&apos;, selected=false, enabled=true, visible=true, showing=false]
                          se.cambiosys.client.framework.core.internal.CambioShortcutMenuButton[name=null, text=&apos;&apos;, selected=false, enabled=true, visible=true, showing=false]
                        se.cambiosys.client.framework.menueditor.internal.InitializingMenuItem[name=null, text=&apos;Resources&apos;, selected=false, enabled=true, visible=true, showing=false]
                          se.cambiosys.client.framework.core.internal.CambioShortcutMenuButton[name=null, text=&apos;&apos;, selected=false, enabled=true, visible=true, showing=false]
                        se.cambiosys.client.framework.components.CambioMenu[name=null, text=&apos;Permission&apos;, selected=false, enabled=true, visible=true, showing=false]
                          javax.swing.JPopupMenu[name=null, label=null, enabled=true, visible=false, showing=false]
                            se.cambiosys.client.framework.menueditor.internal.InitializingMenuItem[name=null, text=&apos;Define access&apos;, selected=false, enabled=true, visible=true, showing=false]
                              se.cambiosys.client.framework.core.internal.CambioShortcutMenuButton[name=null, text=&apos;&apos;, selected=false, enabled=true, visible=true, showing=false]
                            se.cambiosys.client.framework.menueditor.internal.InitializingMenuItem[name=null, text=&apos;Access overview&apos;, selected=false, enabled=true, visible=true, showing=false]
                              se.cambiosys.client.framework.core.internal.CambioShortcutMenuButton[name=null, text=&apos;&apos;, selected=false, enabled=true, visible=true, showing=false]
                            se.cambiosys.client.framework.menueditor.internal.InitializingMenuItem[name=null, text=&apos;Profile manager&apos;, selected=false, enabled=true, visible=true, showing=false]
                              se.cambiosys.client.framework.core.internal.CambioShortcutMenuButton[name=null, text=&apos;&apos;, selected=false, enabled=true, visible=true, showing=false]
                        se.cambiosys.client.framework.components.CambioMenu[name=null, text=&apos;Settings&apos;, selected=false, enabled=true, visible=true, showing=false]
                          javax.swing.JPopupMenu[name=null, label=null, enabled=true, visible=false, showing=false]
                            se.cambiosys.client.framework.menueditor.internal.InitializingMenuItem[name=null, text=&apos;Log settings&apos;, selected=false, enabled=true, visible=true, showing=false]
                              se.cambiosys.client.framework.core.internal.CambioShortcutMenuButton[name=null, text=&apos;&apos;, selected=false, enabled=true, visible=true, showing=false]
                            se.cambiosys.client.framework.menueditor.internal.InitializingMenuItem[name=null, text=&apos;Server settings&apos;, selected=false, enabled=true, visible=true, showing=false]
                              se.cambiosys.client.framework.core.internal.CambioShortcutMenuButton[name=null, text=&apos;&apos;, selected=false, enabled=true, visible=true, showing=false]
                            se.cambiosys.client.framework.menueditor.internal.InitializingMenuItem[name=null, text=&apos;Personal settings and selections&apos;, selected=false, enabled=true, visible=true, showing=false]
                              se.cambiosys.client.framework.core.internal.CambioShortcutMenuButton[name=null, text=&apos;&apos;, selected=false, enabled=true, visible=true, showing=false]
                            se.cambiosys.client.framework.menueditor.internal.InitializingMenuItem[name=null, text=&apos;Global settings and selections&apos;, selected=false, enabled=true, visible=true, showing=false]
                              se.cambiosys.client.framework.core.internal.CambioShortcutMenuButton[name=null, text=&apos;&apos;, selected=false, enabled=true, visible=true, showing=false]
                            se.cambiosys.client.framework.menueditor.internal.InitializingMenuItem[name=null, text=&apos;Settings and selections&apos;, selected=false, enabled=true, visible=true, showing=false]
                              se.cambiosys.client.framework.core.internal.CambioShortcutMenuButton[name=null, text=&apos;&apos;, selected=false, enabled=true, visible=true, showing=false]
                            se.cambiosys.client.framework.menueditor.internal.InitializingMenuItem[name=null, text=&apos;Administration nodes&apos;, selected=false, enabled=true, visible=true, showing=false]
                              se.cambiosys.client.framework.core.internal.CambioShortcutMenuButton[name=null, text=&apos;&apos;, selected=false, enabled=true, visible=true, showing=false]
                            se.cambiosys.client.framework.menueditor.internal.InitializingMenuItem[name=null, text=&apos;Places&apos;, selected=false, enabled=true, visible=true, showing=false]
                              se.cambiosys.client.framework.core.internal.CambioShortcutMenuButton[name=null, text=&apos;&apos;, selected=false, enabled=true, visible=true, showing=false]
                        se.cambiosys.client.framework.menueditor.internal.InitializingMenuItem[name=null, text=&apos;User&apos;, selected=false, enabled=true, visible=true, showing=false]
                          se.cambiosys.client.framework.core.internal.CambioShortcutMenuButton[name=null, text=&apos;&apos;, selected=false, enabled=true, visible=true, showing=false]
                        se.cambiosys.client.framework.menueditor.internal.InitializingMenuItem[name=null, text=&apos;Roles&apos;, selected=false, enabled=true, visible=true, showing=false]
                          se.cambiosys.client.framework.core.internal.CambioShortcutMenuButton[name=null, text=&apos;&apos;, selected=false, enabled=true, visible=true, showing=false]
                        se.cambiosys.client.framework.menueditor.internal.InitializingMenuItem[name=null, text=&apos;Type definitions&apos;, selected=false, enabled=true, visible=true, showing=false]
                          se.cambiosys.client.framework.core.internal.CambioShortcutMenuButton[name=null, text=&apos;&apos;, selected=false, enabled=true, visible=true, showing=false]
                        se.cambiosys.client.framework.components.CambioMenu[name=null, text=&apos;Terms &amp; Concept&apos;, selected=false, enabled=true, visible=true, showing=false]
                          javax.swing.JPopupMenu[name=null, label=null, enabled=true, visible=false, showing=false]
                            se.cambiosys.client.framework.menueditor.internal.InitializingMenuItem[name=null, text=&apos;Terms&apos;, selected=false, enabled=true, visible=true, showing=false]
                              se.cambiosys.client.framework.core.internal.CambioShortcutMenuButton[name=null, text=&apos;&apos;, selected=false, enabled=true, visible=true, showing=false]
                            se.cambiosys.client.framework.menueditor.internal.InitializingMenuItem[name=null, text=&apos;Concept&apos;, selected=false, enabled=true, visible=true, showing=false]
                              se.cambiosys.client.framework.core.internal.CambioShortcutMenuButton[name=null, text=&apos;&apos;, selected=false, enabled=true, visible=true, showing=false]
                        se.cambiosys.client.framework.menueditor.internal.InitializingMenuItem[name=null, text=&apos;Ranges&apos;, selected=false, enabled=true, visible=true, showing=false]
                          se.cambiosys.client.framework.core.internal.CambioShortcutMenuButton[name=null, text=&apos;&apos;, selected=false, enabled=true, visible=true, showing=false]
                        se.cambiosys.client.framework.menueditor.internal.InitializingMenuItem[name=null, text=&apos;Reports&apos;, selected=false, enabled=true, visible=true, showing=false]
                          se.cambiosys.client.framework.core.internal.CambioShortcutMenuButton[name=null, text=&apos;&apos;, selected=false, enabled=true, visible=true, showing=false]
                        se.cambiosys.client.framework.menueditor.internal.InitializingMenuItem[name=null, text=&apos;Import reports&apos;, selected=false, enabled=true, visible=true, showing=false]
                          se.cambiosys.client.framework.core.internal.CambioShortcutMenuButton[name=null, text=&apos;&apos;, selected=false, enabled=true, visible=true, showing=false]
                        se.cambiosys.client.framework.menueditor.internal.InitializingMenuItem[name=null, text=&apos;Phrase editor&apos;, selected=false, enabled=true, visible=true, showing=false]
                          se.cambiosys.client.framework.core.internal.CambioShortcutMenuButton[name=null, text=&apos;&apos;, selected=false, enabled=true, visible=true, showing=false]
                        se.cambiosys.client.framework.components.CambioMenu[name=null, text=&apos;Services&apos;, selected=false, enabled=true, visible=true, showing=false]
                          javax.swing.JPopupMenu[name=null, label=null, enabled=true, visible=false, showing=false]
                            se.cambiosys.client.framework.menueditor.internal.InitializingMenuItem[name=null, text=&apos;Services&apos;, selected=false, enabled=true, visible=true, showing=false]
                              se.cambiosys.client.framework.core.internal.CambioShortcutMenuButton[name=null, text=&apos;&apos;, selected=false, enabled=true, visible=true, showing=false]
                            se.cambiosys.client.framework.menueditor.internal.InitializingMenuItem[name=null, text=&apos;Offers of the unit&apos;, selected=false, enabled=true, visible=true, showing=false]
                              se.cambiosys.client.framework.core.internal.CambioShortcutMenuButton[name=null, text=&apos;&apos;, selected=false, enabled=true, visible=true, showing=false]
                        se.cambiosys.client.framework.menueditor.internal.InitializingMenuItem[name=null, text=&apos;Selection&apos;, selected=false, enabled=true, visible=true, showing=false]
                          se.cambiosys.client.framework.core.internal.CambioShortcutMenuButton[name=null, text=&apos;&apos;, selected=false, enabled=true, visible=true, showing=false]
                        se.cambiosys.client.framework.menueditor.internal.InitializingMenuItem[name=null, text=&apos;Printers&apos;, selected=false, enabled=true, visible=true, showing=false]
                          se.cambiosys.client.framework.core.internal.CambioShortcutMenuButton[name=null, text=&apos;&apos;, selected=false, enabled=true, visible=true, showing=false]
                        se.cambiosys.client.framework.components.CambioMenu[name=null, text=&apos;Secrecy administration&apos;, selected=false, enabled=true, visible=true, showing=false]
                          javax.swing.JPopupMenu[name=null, label=null, enabled=true, visible=false, showing=false]
                            se.cambiosys.client.framework.menueditor.internal.InitializingMenuItem[name=null, text=&apos;Secrecy groups&apos;, selected=false, enabled=true, visible=true, showing=false]
                              se.cambiosys.client.framework.core.internal.CambioShortcutMenuButton[name=null, text=&apos;&apos;, selected=false, enabled=true, visible=true, showing=false]
                            se.cambiosys.client.framework.menueditor.internal.InitializingMenuItem[name=null, text=&apos;Secrecy level&apos;, selected=false, enabled=true, visible=true, showing=false]
                              se.cambiosys.client.framework.core.internal.CambioShortcutMenuButton[name=null, text=&apos;&apos;, selected=false, enabled=true, visible=true, showing=false]
                            se.cambiosys.client.framework.menueditor.internal.InitializingMenuItem[name=null, text=&apos;Secrecy rules&apos;, selected=false, enabled=true, visible=true, showing=false]
                              se.cambiosys.client.framework.core.internal.CambioShortcutMenuButton[name=null, text=&apos;&apos;, selected=false, enabled=true, visible=true, showing=false]
                        se.cambiosys.client.framework.menueditor.internal.InitializingMenuItem[name=null, text=&apos;Schedule backup&apos;, selected=false, enabled=true, visible=true, showing=false]
                          se.cambiosys.client.framework.core.internal.CambioShortcutMenuButton[name=null, text=&apos;&apos;, selected=false, enabled=true, visible=true, showing=false]
                        se.cambiosys.client.framework.menueditor.internal.InitializingMenuItem[name=null, text=&apos;Template administration&apos;, selected=false, enabled=true, visible=true, showing=false]
                          se.cambiosys.client.framework.core.internal.CambioShortcutMenuButton[name=null, text=&apos;&apos;, selected=false, enabled=true, visible=true, showing=false]
                        se.cambiosys.client.framework.menueditor.internal.InitializingMenuItem[name=null, text=&apos;Printout Handler&apos;, selected=false, enabled=true, visible=true, showing=false]
                          se.cambiosys.client.framework.core.internal.CambioShortcutMenuButton[name=null, text=&apos;&apos;, selected=false, enabled=true, visible=true, showing=false]
                        se.cambiosys.client.framework.menueditor.internal.InitializingMenuItem[name=null, text=&apos;Unit handler&apos;, selected=false, enabled=true, visible=true, showing=false]
                          se.cambiosys.client.framework.core.internal.CambioShortcutMenuButton[name=null, text=&apos;&apos;, selected=false, enabled=true, visible=true, showing=false]
                        se.cambiosys.client.framework.menueditor.internal.InitializingMenuItem[name=null, text=&apos;Access Log&apos;, selected=false, enabled=true, visible=true, showing=false]
                          se.cambiosys.client.framework.core.internal.CambioShortcutMenuButton[name=null, text=&apos;&apos;, selected=false, enabled=true, visible=true, showing=false]
                        se.cambiosys.client.framework.menueditor.internal.InitializingMenuItem[name=null, text=&apos;Configuration of Access Log&apos;, selected=false, enabled=true, visible=true, showing=false]
                          se.cambiosys.client.framework.core.internal.CambioShortcutMenuButton[name=null, text=&apos;&apos;, selected=false, enabled=true, visible=true, showing=false]
                        se.cambiosys.client.framework.menueditor.internal.InitializingMenuItem[name=null, text=&apos;Application logger&apos;, selected=false, enabled=true, visible=true, showing=false]
                          se.cambiosys.client.framework.core.internal.CambioShortcutMenuButton[name=null, text=&apos;&apos;, selected=false, enabled=true, visible=true, showing=false]
                        se.cambiosys.client.framework.menueditor.internal.InitializingMenuItem[name=null, text=&apos;eVisit Configuration&apos;, selected=false, enabled=true, visible=true, showing=false]
                          se.cambiosys.client.framework.core.internal.CambioShortcutMenuButton[name=null, text=&apos;&apos;, selected=false, enabled=true, visible=true, showing=false]
                        se.cambiosys.client.framework.components.CambioMenu[name=null, text=&apos;Order management&apos;, selected=false, enabled=true, visible=true, showing=false]
                          javax.swing.JPopupMenu[name=null, label=null, enabled=true, visible=false, showing=false]
                            se.cambiosys.client.framework.menueditor.internal.InitializingMenuItem[name=null, text=&apos;Catalog administration&apos;, selected=false, enabled=true, visible=true, showing=false]
                              se.cambiosys.client.framework.core.internal.CambioShortcutMenuButton[name=null, text=&apos;&apos;, selected=false, enabled=true, visible=true, showing=false]
                            se.cambiosys.client.framework.menueditor.internal.InitializingMenuItem[name=null, text=&apos;File administration&apos;, selected=false, enabled=true, visible=true, showing=false]
                              se.cambiosys.client.framework.core.internal.CambioShortcutMenuButton[name=null, text=&apos;&apos;, selected=false, enabled=true, visible=true, showing=false]
                            se.cambiosys.client.framework.menueditor.internal.InitializingMenuItem[name=null, text=&apos;Secrecy administration&apos;, selected=false, enabled=true, visible=true, showing=false]
                              se.cambiosys.client.framework.core.internal.CambioShortcutMenuButton[name=null, text=&apos;&apos;, selected=false, enabled=true, visible=true, showing=false]
                            se.cambiosys.client.framework.menueditor.internal.InitializingMenuItem[name=null, text=&apos;Groups/packages/profiles&apos;, selected=false, enabled=true, visible=true, showing=false]
                              se.cambiosys.client.framework.core.internal.CambioShortcutMenuButton[name=null, text=&apos;&apos;, selected=false, enabled=true, visible=true, showing=false]
                            se.cambiosys.client.framework.menueditor.internal.InitializingMenuItem[name=null, text=&apos;Sorting orders&apos;, selected=false, enabled=true, visible=true, showing=false]
                              se.cambiosys.client.framework.core.internal.CambioShortcutMenuButton[name=null, text=&apos;&apos;, selected=false, enabled=true, visible=true, showing=false]
                            se.cambiosys.client.framework.menueditor.internal.InitializingMenuItem[name=null, text=&apos;Local analyses&apos;, selected=false, enabled=true, visible=true, showing=false]
                              se.cambiosys.client.framework.core.internal.CambioShortcutMenuButton[name=null, text=&apos;&apos;, selected=false, enabled=true, visible=true, showing=false]
                            se.cambiosys.client.framework.menueditor.internal.InitializingMenuItem[name=null, text=&apos;Label printer&apos;, selected=false, enabled=true, visible=true, showing=false]
                              se.cambiosys.client.framework.core.internal.CambioShortcutMenuButton[name=null, text=&apos;&apos;, selected=false, enabled=true, visible=true, showing=false]
                        se.cambiosys.client.framework.menueditor.internal.InitializingMenuItem[name=null, text=&apos;Configure Y-axis for Clinical Parameter&apos;, selected=false, enabled=true, visible=true, showing=false]
                          se.cambiosys.client.framework.core.internal.CambioShortcutMenuButton[name=null, text=&apos;&apos;, selected=false, enabled=true, visible=true, showing=false]
                        se.cambiosys.client.framework.components.CambioMenu[name=null, text=&apos;Visits and admissions&apos;, selected=false, enabled=true, visible=true, showing=false]
                          javax.swing.JPopupMenu[name=null, label=null, enabled=true, visible=false, showing=false]
                            se.cambiosys.client.framework.menueditor.internal.InitializingMenuItem[name=null, text=&apos;Create new visit / admission&apos;, selected=false, enabled=true, visible=true, showing=false]
                              se.cambiosys.client.framework.core.internal.CambioShortcutMenuButton[name=null, text=&apos;&apos;, selected=false, enabled=true, visible=true, showing=false]
                            se.cambiosys.client.framework.menueditor.internal.InitializingMenuItem[name=null, text=&apos;Edit visit / admission&apos;, selected=false, enabled=true, visible=true, showing=false]
                              se.cambiosys.client.framework.core.internal.CambioShortcutMenuButton[name=null, text=&apos;&apos;, selected=false, enabled=true, visible=true, showing=false]
                        se.cambiosys.client.framework.components.CambioMenu[name=null, text=&apos;Publishing&apos;, selected=false, enabled=true, visible=true, showing=false]
                          javax.swing.JPopupMenu[name=null, label=null, enabled=true, visible=false, showing=false]
                            se.cambiosys.client.framework.menueditor.internal.InitializingMenuItem[name=null, text=&apos;Mining&apos;, selected=false, enabled=true, visible=true, showing=false]
                              se.cambiosys.client.framework.core.internal.CambioShortcutMenuButton[name=null, text=&apos;&apos;, selected=false, enabled=true, visible=true, showing=false]
                            se.cambiosys.client.framework.menueditor.internal.InitializingMenuItem[name=null, text=&apos;Error management&apos;, selected=false, enabled=true, visible=true, showing=false]
                              se.cambiosys.client.framework.core.internal.CambioShortcutMenuButton[name=null, text=&apos;&apos;, selected=false, enabled=true, visible=true, showing=false]
                        se.cambiosys.client.framework.menueditor.internal.InitializingMenuItem[name=null, text=&apos;CCP Filter Configuration&apos;, selected=false, enabled=true, visible=true, showing=false]
                          se.cambiosys.client.framework.core.internal.CambioShortcutMenuButton[name=null, text=&apos;&apos;, selected=false, enabled=true, visible=true, showing=false]
                        se.cambiosys.client.framework.menueditor.internal.InitializingMenuItem[name=null, text=&apos;Menu editor&apos;, selected=false, enabled=true, visible=true, showing=false]
                          se.cambiosys.client.framework.core.internal.CambioShortcutMenuButton[name=null, text=&apos;&apos;, selected=false, enabled=true, visible=true, showing=false]
                        se.cambiosys.client.framework.menueditor.internal.InitializingMenuItem[name=null, text=&apos;Script&apos;, selected=false, enabled=true, visible=true, showing=false]
                          se.cambiosys.client.framework.core.internal.CambioShortcutMenuButton[name=null, text=&apos;&apos;, selected=false, enabled=true, visible=true, showing=false]
                        se.cambiosys.client.framework.components.CambioMenu[name=null, text=&apos;Spell Check&apos;, selected=false, enabled=true, visible=true, showing=false]
                          javax.swing.JPopupMenu[name=null, label=null, enabled=true, visible=false, showing=false]
                            se.cambiosys.client.framework.menueditor.internal.InitializingMenuItem[name=null, text=&apos;Settings&apos;, selected=false, enabled=true, visible=true, showing=false]
                              se.cambiosys.client.framework.core.internal.CambioShortcutMenuButton[name=null, text=&apos;&apos;, selected=false, enabled=true, visible=true, showing=false]
                            se.cambiosys.client.framework.menueditor.internal.InitializingMenuItem[name=null, text=&apos;User dictionary&apos;, selected=false, enabled=true, visible=true, showing=false]
                              se.cambiosys.client.framework.core.internal.CambioShortcutMenuButton[name=null, text=&apos;&apos;, selected=false, enabled=true, visible=true, showing=false]
                            se.cambiosys.client.framework.menueditor.internal.InitializingMenuItem[name=null, text=&apos;Global dictionary&apos;, selected=false, enabled=true, visible=true, showing=false]
                              se.cambiosys.client.framework.core.internal.CambioShortcutMenuButton[name=null, text=&apos;&apos;, selected=false, enabled=true, visible=true, showing=false]
                    se.cambiosys.client.framework.components.CambioMenu[name=null, text=&apos;Child Healthcare&apos;, selected=false, enabled=true, visible=true, showing=true]
                      javax.swing.JPopupMenu[name=null, label=null, enabled=true, visible=false, showing=false]
                        se.cambiosys.client.framework.menueditor.internal.InitializingMenuItem[name=null, text=&apos;Print Child Healthcare data&apos;, selected=false, enabled=true, visible=true, showing=false]
                          se.cambiosys.client.framework.core.internal.CambioShortcutMenuButton[name=null, text=&apos;&apos;, selected=false, enabled=true, visible=true, showing=false]
                    se.cambiosys.client.framework.components.CambioMenu[name=null, text=&apos;Medication&apos;, selected=false, enabled=true, visible=true, showing=true]
                      javax.swing.JPopupMenu[name=null, label=null, enabled=true, visible=false, showing=false]
                        se.cambiosys.client.framework.components.CambioMenu[name=null, text=&apos;Administration&apos;, selected=false, enabled=true, visible=true, showing=false]
                          javax.swing.JPopupMenu[name=null, label=null, enabled=true, visible=false, showing=false]
                            se.cambiosys.client.framework.menueditor.internal.InitializingMenuItem[name=null, text=&apos;Sent e-recipe overview&apos;, selected=false, enabled=true, visible=true, showing=false]
                              se.cambiosys.client.framework.core.internal.CambioShortcutMenuButton[name=null, text=&apos;&apos;, selected=false, enabled=true, visible=true, showing=false]
                            se.cambiosys.client.framework.menueditor.internal.InitializingMenuItem[name=null, text=&apos;Catalogue administration&apos;, selected=false, enabled=true, visible=true, showing=false]
                              se.cambiosys.client.framework.core.internal.CambioShortcutMenuButton[name=null, text=&apos;&apos;, selected=false, enabled=true, visible=true, showing=false]
                            se.cambiosys.client.framework.menueditor.internal.InitializingMenuItem[name=null, text=&apos;Unit Times and Medicine Cabinet&apos;, selected=false, enabled=true, visible=true, showing=false]
                              se.cambiosys.client.framework.core.internal.CambioShortcutMenuButton[name=null, text=&apos;&apos;, selected=false, enabled=true, visible=true, showing=false]
                            se.cambiosys.client.framework.menueditor.internal.InitializingMenuItem[name=null, text=&apos;Order basis for vaccine&apos;, selected=false, enabled=true, visible=true, showing=false]
                              se.cambiosys.client.framework.core.internal.CambioShortcutMenuButton[name=null, text=&apos;&apos;, selected=false, enabled=true, visible=true, showing=false]
                        se.cambiosys.client.framework.components.CambioMenu[name=null, text=&apos;New prescription&apos;, selected=false, enabled=true, visible=true, showing=false]
                          javax.swing.JPopupMenu[name=null, label=null, enabled=true, visible=false, showing=false]
                            se.cambiosys.client.framework.menueditor.internal.InitializingMenuItem[name=null, text=&apos;Drug&apos;, selected=false, enabled=true, visible=true, showing=false]
                              se.cambiosys.client.framework.core.internal.CambioShortcutMenuButton[name=null, text=&apos;&apos;, selected=false, enabled=true, visible=true, showing=false]
                            se.cambiosys.client.framework.menueditor.internal.InitializingMenuItem[name=null, text=&apos;Nutrition product&apos;, selected=false, enabled=true, visible=true, showing=false]
                              se.cambiosys.client.framework.core.internal.CambioShortcutMenuButton[name=null, text=&apos;&apos;, selected=false, enabled=true, visible=true, showing=false]
                            se.cambiosys.client.framework.menueditor.internal.InitializingMenuItem[name=null, text=&apos;Consumable&apos;, selected=false, enabled=true, visible=true, showing=false]
                              se.cambiosys.client.framework.core.internal.CambioShortcutMenuButton[name=null, text=&apos;&apos;, selected=false, enabled=true, visible=true, showing=false]
                        se.cambiosys.client.framework.components.CambioMenu[name=null, text=&apos;Lists&apos;, selected=false, enabled=true, visible=true, showing=false]
                          javax.swing.JPopupMenu[name=null, label=null, enabled=true, visible=false, showing=false]
                            se.cambiosys.client.framework.menueditor.internal.InitializingMenuItem[name=null, text=&apos;Drugs&apos;, selected=false, enabled=true, visible=true, showing=false]
                              se.cambiosys.client.framework.core.internal.CambioShortcutMenuButton[name=null, text=&apos;&apos;, selected=false, enabled=true, visible=true, showing=false]
                            se.cambiosys.client.framework.menueditor.internal.InitializingMenuItem[name=null, text=&apos;Nutritions&apos;, selected=false, enabled=true, visible=true, showing=false]
                              se.cambiosys.client.framework.core.internal.CambioShortcutMenuButton[name=null, text=&apos;&apos;, selected=false, enabled=true, visible=true, showing=false]
                            se.cambiosys.client.framework.menueditor.internal.InitializingMenuItem[name=null, text=&apos;Consumables&apos;, selected=false, enabled=true, visible=true, showing=false]
                              se.cambiosys.client.framework.core.internal.CambioShortcutMenuButton[name=null, text=&apos;&apos;, selected=false, enabled=true, visible=true, showing=false]
                            se.cambiosys.client.framework.menueditor.internal.InitializingMenuItem[name=null, text=&apos;Vaccination list&apos;, selected=false, enabled=true, visible=true, showing=false]
                              se.cambiosys.client.framework.core.internal.CambioShortcutMenuButton[name=null, text=&apos;&apos;, selected=false, enabled=true, visible=true, showing=false]
                            se.cambiosys.client.framework.menueditor.internal.InitializingMenuItem[name=null, text=&apos;Recipe overview&apos;, selected=false, enabled=true, visible=true, showing=false]
                              se.cambiosys.client.framework.core.internal.CambioShortcutMenuButton[name=null, text=&apos;&apos;, selected=false, enabled=true, visible=true, showing=false]
                        se.cambiosys.client.framework.menueditor.internal.InitializingMenuItem[name=null, text=&apos;Nurse view&apos;, selected=false, enabled=true, visible=true, showing=false]
                          se.cambiosys.client.framework.core.internal.CambioShortcutMenuButton[name=null, text=&apos;&apos;, selected=false, enabled=true, visible=true, showing=false]
                    se.cambiosys.client.framework.components.CambioMenu[name=null, text=&apos;Theatre&apos;, selected=false, enabled=true, visible=true, showing=true]
                      javax.swing.JPopupMenu[name=null, label=null, enabled=true, visible=false, showing=false]
                        se.cambiosys.client.framework.menueditor.internal.InitializingMenuItem[name=null, text=&apos;Create theatre registration&apos;, selected=false, enabled=true, visible=true, showing=false]
                          se.cambiosys.client.framework.core.internal.CambioShortcutMenuButton[name=null, text=&apos;&apos;, selected=false, enabled=true, visible=true, showing=false]
                        se.cambiosys.client.framework.menueditor.internal.InitializingMenuItem[name=null, text=&apos;Operation list&apos;, selected=false, enabled=true, visible=true, showing=false]
                          se.cambiosys.client.framework.core.internal.CambioShortcutMenuButton[name=null, text=&apos;&apos;, selected=false, enabled=true, visible=true, showing=false]
                        se.cambiosys.client.framework.menueditor.internal.InitializingMenuItem[name=null, text=&apos;Planning schedule&apos;, selected=false, enabled=true, visible=true, showing=false]
                          se.cambiosys.client.framework.core.internal.CambioShortcutMenuButton[name=null, text=&apos;&apos;, selected=false, enabled=true, visible=true, showing=false]
                        se.cambiosys.client.framework.menueditor.internal.InitializingMenuItem[name=null, text=&apos;Schedule overview&apos;, selected=false, enabled=true, visible=true, showing=false]
                          se.cambiosys.client.framework.core.internal.CambioShortcutMenuButton[name=null, text=&apos;&apos;, selected=false, enabled=true, visible=true, showing=false]
                        se.cambiosys.client.framework.menueditor.internal.InitializingMenuItem[name=null, text=&apos;Live Schedule&apos;, selected=false, enabled=true, visible=true, showing=false]
                          se.cambiosys.client.framework.core.internal.CambioShortcutMenuButton[name=null, text=&apos;&apos;, selected=false, enabled=true, visible=true, showing=false]
                        se.cambiosys.client.framework.components.CambioMenu[name=null, text=&apos;Administration&apos;, selected=false, enabled=true, visible=true, showing=false]
                          javax.swing.JPopupMenu[name=null, label=null, enabled=true, visible=false, showing=false]
                            se.cambiosys.client.framework.menueditor.internal.InitializingMenuItem[name=null, text=&apos;Templates for Anaesthetic, Th.record, Recovery&apos;, selected=false, enabled=true, visible=true, showing=false]
                              se.cambiosys.client.framework.core.internal.CambioShortcutMenuButton[name=null, text=&apos;&apos;, selected=false, enabled=true, visible=true, showing=false]
                            se.cambiosys.client.framework.menueditor.internal.InitializingMenuItem[name=null, text=&apos;Basic templates for Th. registration&apos;, selected=false, enabled=true, visible=true, showing=false]
                              se.cambiosys.client.framework.core.internal.CambioShortcutMenuButton[name=null, text=&apos;&apos;, selected=false, enabled=true, visible=true, showing=false]
                            se.cambiosys.client.framework.menueditor.internal.InitializingMenuItem[name=null, text=&apos;Templates for Waypoints&apos;, selected=false, enabled=true, visible=true, showing=false]
                              se.cambiosys.client.framework.core.internal.CambioShortcutMenuButton[name=null, text=&apos;&apos;, selected=false, enabled=true, visible=true, showing=false]
                            se.cambiosys.client.framework.menueditor.internal.InitializingMenuItem[name=null, text=&apos;Theatre suite administration&apos;, selected=false, enabled=true, visible=true, showing=false]
                              se.cambiosys.client.framework.core.internal.CambioShortcutMenuButton[name=null, text=&apos;&apos;, selected=false, enabled=true, visible=true, showing=false]
                            se.cambiosys.client.framework.menueditor.internal.InitializingMenuItem[name=null, text=&apos;Medical priority&apos;, selected=false, enabled=true, visible=true, showing=false]
                              se.cambiosys.client.framework.core.internal.CambioShortcutMenuButton[name=null, text=&apos;&apos;, selected=false, enabled=true, visible=true, showing=false]
                            se.cambiosys.client.framework.menueditor.internal.InitializingMenuItem[name=null, text=&apos;Keyword mapping&apos;, selected=false, enabled=true, visible=true, showing=false]
                              se.cambiosys.client.framework.core.internal.CambioShortcutMenuButton[name=null, text=&apos;&apos;, selected=false, enabled=true, visible=true, showing=false]
                            se.cambiosys.client.framework.menueditor.internal.InitializingMenuItem[name=null, text=&apos;Create theatres&apos;, selected=false, enabled=true, visible=true, showing=false]
                              se.cambiosys.client.framework.core.internal.CambioShortcutMenuButton[name=null, text=&apos;&apos;, selected=false, enabled=true, visible=true, showing=false]
                            se.cambiosys.client.framework.menueditor.internal.InitializingMenuItem[name=null, text=&apos;Global filters&apos;, selected=false, enabled=true, visible=true, showing=false]
                              se.cambiosys.client.framework.core.internal.CambioShortcutMenuButton[name=null, text=&apos;&apos;, selected=false, enabled=true, visible=true, showing=false]
                            se.cambiosys.client.framework.menueditor.internal.InitializingMenuItem[name=null, text=&apos;Activity lists&apos;, selected=false, enabled=true, visible=true, showing=false]
                              se.cambiosys.client.framework.core.internal.CambioShortcutMenuButton[name=null, text=&apos;&apos;, selected=false, enabled=true, visible=true, showing=false]
                            se.cambiosys.client.framework.menueditor.internal.InitializingMenuItem[name=null, text=&apos;Templates for Th. registration&apos;, selected=false, enabled=true, visible=true, showing=false]
                              se.cambiosys.client.framework.core.internal.CambioShortcutMenuButton[name=null, text=&apos;&apos;, selected=false, enabled=true, visible=true, showing=false]
                            se.cambiosys.client.framework.menueditor.internal.InitializingMenuItem[name=null, text=&apos;Colour configuration&apos;, selected=false, enabled=true, visible=true, showing=false]
                              se.cambiosys.client.framework.core.internal.CambioShortcutMenuButton[name=null, text=&apos;&apos;, selected=false, enabled=true, visible=true, showing=false]
                            se.cambiosys.client.framework.menueditor.internal.InitializingMenuItem[name=null, text=&apos;Surgical Unit Administration&apos;, selected=false, enabled=true, visible=true, showing=false]
                              se.cambiosys.client.framework.core.internal.CambioShortcutMenuButton[name=null, text=&apos;&apos;, selected=false, enabled=true, visible=true, showing=false]
                            se.cambiosys.client.framework.menueditor.internal.InitializingMenuItem[name=null, text=&apos;Code Packages&apos;, selected=false, enabled=true, visible=true, showing=false]
                              se.cambiosys.client.framework.core.internal.CambioShortcutMenuButton[name=null, text=&apos;&apos;, selected=false, enabled=true, visible=true, showing=false]
                    se.cambiosys.client.framework.components.CambioMenu[name=null, text=&apos;Order management&apos;, selected=false, enabled=true, visible=true, showing=true]
                      javax.swing.JPopupMenu[name=null, label=null, enabled=true, visible=false, showing=false]
                        se.cambiosys.client.framework.menueditor.internal.InitializingMenuItem[name=null, text=&apos;Request&apos;, selected=false, enabled=true, visible=true, showing=false]
                          se.cambiosys.client.framework.core.internal.CambioShortcutMenuButton[name=null, text=&apos;&apos;, selected=false, enabled=true, visible=true, showing=false]
                        se.cambiosys.client.framework.menueditor.internal.InitializingMenuItem[name=null, text=&apos;Specimen collection&apos;, selected=false, enabled=true, visible=true, showing=false]
                          se.cambiosys.client.framework.core.internal.CambioShortcutMenuButton[name=null, text=&apos;&apos;, selected=false, enabled=true, visible=true, showing=false]
                        se.cambiosys.client.framework.menueditor.internal.InitializingMenuItem[name=null, text=&apos;Radiology Request&apos;, selected=false, enabled=true, visible=true, showing=false]
                          se.cambiosys.client.framework.core.internal.CambioShortcutMenuButton[name=null, text=&apos;&apos;, selected=false, enabled=true, visible=true, showing=false]
                        se.cambiosys.client.framework.menueditor.internal.InitializingMenuItem[name=null, text=&apos;Unsent Radiology Request&apos;, selected=false, enabled=true, visible=true, showing=false]
                          se.cambiosys.client.framework.core.internal.CambioShortcutMenuButton[name=null, text=&apos;&apos;, selected=false, enabled=true, visible=true, showing=false]
                        se.cambiosys.client.framework.menueditor.internal.InitializingMenuItem[name=null, text=&apos;Request status&apos;, selected=false, enabled=true, visible=true, showing=false]
                          se.cambiosys.client.framework.core.internal.CambioShortcutMenuButton[name=null, text=&apos;&apos;, selected=false, enabled=true, visible=true, showing=false]
                        se.cambiosys.client.framework.menueditor.internal.InitializingMenuItem[name=null, text=&apos;Local analyses input&apos;, selected=false, enabled=true, visible=true, showing=false]
                          se.cambiosys.client.framework.core.internal.CambioShortcutMenuButton[name=null, text=&apos;&apos;, selected=false, enabled=true, visible=true, showing=false]
                        se.cambiosys.client.framework.menueditor.internal.InitializingMenuItem[name=null, text=&apos;Result inbox&apos;, selected=false, enabled=true, visible=true, showing=false]
                          se.cambiosys.client.framework.core.internal.CambioShortcutMenuButton[name=null, text=&apos;&apos;, selected=false, enabled=true, visible=true, showing=false]
                        se.cambiosys.client.framework.menueditor.internal.InitializingMenuItem[name=null, text=&apos;Test result&apos;, selected=false, enabled=true, visible=true, showing=false]
                          se.cambiosys.client.framework.core.internal.CambioShortcutMenuButton[name=null, text=&apos;&apos;, selected=false, enabled=true, visible=true, showing=false]
                        se.cambiosys.client.framework.menueditor.internal.InitializingMenuItem[name=null, text=&apos;Radiology Report&apos;, selected=false, enabled=true, visible=true, showing=false]
                          se.cambiosys.client.framework.core.internal.CambioShortcutMenuButton[name=null, text=&apos;&apos;, selected=false, enabled=true, visible=true, showing=false]
                        se.cambiosys.client.framework.menueditor.internal.InitializingMenuItem[name=null, text=&apos;Manual input&apos;, selected=false, enabled=true, visible=true, showing=false]
                          se.cambiosys.client.framework.core.internal.CambioShortcutMenuButton[name=null, text=&apos;&apos;, selected=false, enabled=true, visible=true, showing=false]
                        se.cambiosys.client.framework.components.CambioMenu[name=null, text=&apos;Administration&apos;, selected=false, enabled=true, visible=true, showing=false]
                          javax.swing.JPopupMenu[name=null, label=null, enabled=true, visible=false, showing=false]
                            se.cambiosys.client.framework.menueditor.internal.InitializingMenuItem[name=null, text=&apos;Sketch administration&apos;, selected=false, enabled=true, visible=true, showing=false]
                              se.cambiosys.client.framework.core.internal.CambioShortcutMenuButton[name=null, text=&apos;&apos;, selected=false, enabled=true, visible=true, showing=false]
                            se.cambiosys.client.framework.menueditor.internal.InitializingMenuItem[name=null, text=&apos;Pathology request templates&apos;, selected=false, enabled=true, visible=true, showing=false]
                              se.cambiosys.client.framework.core.internal.CambioShortcutMenuButton[name=null, text=&apos;&apos;, selected=false, enabled=true, visible=true, showing=false]
                        se.cambiosys.client.framework.menueditor.internal.InitializingMenuItem[name=null, text=&apos;Signed Radiology Request &apos;, selected=false, enabled=true, visible=true, showing=false]
                          se.cambiosys.client.framework.core.internal.CambioShortcutMenuButton[name=null, text=&apos;&apos;, selected=false, enabled=true, visible=true, showing=false]
                    se.cambiosys.client.framework.components.CambioMenu[name=null, text=&apos;Medical record&apos;, selected=false, enabled=true, visible=true, showing=true]
                      javax.swing.JPopupMenu[name=null, label=null, enabled=true, visible=false, showing=false]
                        se.cambiosys.client.framework.components.CambioMenu[name=null, text=&apos;Medical record table&apos;, selected=false, enabled=true, visible=true, showing=false]
                          javax.swing.JPopupMenu[name=null, label=null, enabled=true, visible=false, showing=false]
                            se.cambiosys.client.framework.menueditor.internal.InitializingMenuItem[name=null, text=&apos;Administration of templates for medical record tables&apos;, selected=false, enabled=true, visible=true, showing=false]
                              se.cambiosys.client.framework.core.internal.CambioShortcutMenuButton[name=null, text=&apos;&apos;, selected=false, enabled=true, visible=true, showing=false]
                            se.cambiosys.client.framework.menueditor.internal.InitializingMenuItem[name=null, text=&apos;New medical record table&apos;, selected=false, enabled=false, visible=true, showing=false]
                              se.cambiosys.client.framework.core.internal.CambioShortcutMenuButton[name=null, text=&apos;&apos;, selected=false, enabled=true, visible=true, showing=false]
                        se.cambiosys.client.framework.menueditor.internal.InitializingMenuItem[name=null, text=&apos;Medical record&apos;, selected=false, enabled=true, visible=true, showing=false]
                          se.cambiosys.client.framework.core.internal.CambioShortcutMenuButton[name=null, text=&apos;&apos;, selected=false, enabled=true, visible=true, showing=false]
                        se.cambiosys.client.framework.menueditor.internal.InitializingMenuItem[name=null, text=&apos;New note&apos;, selected=false, enabled=true, visible=true, showing=false]
                          se.cambiosys.client.framework.core.internal.CambioShortcutMenuButton[name=null, text=&apos;&apos;, selected=false, enabled=true, visible=true, showing=false]
                        se.cambiosys.client.framework.menueditor.internal.InitializingMenuItem[name=null, text=&apos;New form&apos;, selected=false, enabled=true, visible=true, showing=false]
                          se.cambiosys.client.framework.core.internal.CambioShortcutMenuButton[name=null, text=&apos;&apos;, selected=false, enabled=true, visible=true, showing=false]
                        se.cambiosys.client.framework.menueditor.internal.InitializingMenuItem[name=null, text=&apos;New care plan note&apos;, selected=false, enabled=false, visible=false, showing=false]
                          se.cambiosys.client.framework.core.internal.CambioShortcutMenuButton[name=null, text=&apos;&apos;, selected=false, enabled=true, visible=true, showing=false]
                        se.cambiosys.client.framework.menueditor.internal.InitializingMenuItem[name=null, text=&apos;Observation&apos;, selected=false, enabled=true, visible=true, showing=false]
                          se.cambiosys.client.framework.core.internal.CambioShortcutMenuButton[name=null, text=&apos;&apos;, selected=false, enabled=true, visible=true, showing=false]
                        se.cambiosys.client.framework.menueditor.internal.InitializingMenuItem[name=null, text=&apos;Graphic view&apos;, selected=false, enabled=true, visible=true, showing=false]
                          se.cambiosys.client.framework.core.internal.CambioShortcutMenuButton[name=null, text=&apos;&apos;, selected=false, enabled=true, visible=true, showing=false]
                        se.cambiosys.client.framework.menueditor.internal.InitializingMenuItem[name=null, text=&apos;List of activities&apos;, selected=false, enabled=true, visible=true, showing=false]
                          se.cambiosys.client.framework.core.internal.CambioShortcutMenuButton[name=null, text=&apos;&apos;, selected=false, enabled=true, visible=true, showing=false]
                        se.cambiosys.client.framework.components.CambioMenu[name=null, text=&apos;Administration&apos;, selected=false, enabled=true, visible=true, showing=false]
                          javax.swing.JPopupMenu[name=null, label=null, enabled=true, visible=false, showing=false]
                            se.cambiosys.client.framework.menueditor.internal.InitializingMenuItem[name=null, text=&apos;Keyword editor&apos;, selected=false, enabled=true, visible=true, showing=false]
                              se.cambiosys.client.framework.core.internal.CambioShortcutMenuButton[name=null, text=&apos;&apos;, selected=false, enabled=true, visible=true, showing=false]
                            se.cambiosys.client.framework.menueditor.internal.InitializingMenuItem[name=null, text=&apos;Search occurrences of keyword&apos;, selected=false, enabled=true, visible=true, showing=false]
                              se.cambiosys.client.framework.core.internal.CambioShortcutMenuButton[name=null, text=&apos;&apos;, selected=false, enabled=true, visible=true, showing=false]
                            se.cambiosys.client.framework.menueditor.internal.InitializingMenuItem[name=null, text=&apos;Template manager&apos;, selected=false, enabled=true, visible=true, showing=false]
                              se.cambiosys.client.framework.core.internal.CambioShortcutMenuButton[name=null, text=&apos;&apos;, selected=false, enabled=true, visible=true, showing=false]
                            se.cambiosys.client.framework.menueditor.internal.InitializingMenuItem[name=null, text=&apos;Fixed values&apos;, selected=false, enabled=true, visible=true, showing=false]
                              se.cambiosys.client.framework.core.internal.CambioShortcutMenuButton[name=null, text=&apos;&apos;, selected=false, enabled=true, visible=true, showing=false]
                            se.cambiosys.client.framework.menueditor.internal.InitializingMenuItem[name=null, text=&apos;Form administration&apos;, selected=false, enabled=true, visible=true, showing=false]
                              se.cambiosys.client.framework.core.internal.CambioShortcutMenuButton[name=null, text=&apos;&apos;, selected=false, enabled=true, visible=true, showing=false]
                            se.cambiosys.client.framework.menueditor.internal.InitializingMenuItem[name=null, text=&apos;Administration views&apos;, selected=false, enabled=true, visible=true, showing=false]
                              se.cambiosys.client.framework.core.internal.CambioShortcutMenuButton[name=null, text=&apos;&apos;, selected=false, enabled=true, visible=true, showing=false]
                            se.cambiosys.client.framework.menueditor.internal.InitializingMenuItem[name=null, text=&apos;Administration filter&apos;, selected=false, enabled=true, visible=true, showing=false]
                              se.cambiosys.client.framework.core.internal.CambioShortcutMenuButton[name=null, text=&apos;&apos;, selected=false, enabled=true, visible=true, showing=false]
                            se.cambiosys.client.framework.menueditor.internal.InitializingMenuItem[name=null, text=&apos;Selection of problems&apos;, selected=false, enabled=true, visible=true, showing=false]
                              se.cambiosys.client.framework.core.internal.CambioShortcutMenuButton[name=null, text=&apos;&apos;, selected=false, enabled=true, visible=true, showing=false]
                        se.cambiosys.client.framework.components.CambioMenu[name=null, text=&apos;Digital dictation&apos;, selected=false, enabled=true, visible=true, showing=false]
                          javax.swing.JPopupMenu[name=null, label=null, enabled=true, visible=false, showing=false]
                            se.cambiosys.client.framework.menueditor.internal.InitializingMenuItem[name=null, text=&apos;Create new dictation&apos;, selected=false, enabled=true, visible=true, showing=false]
                              se.cambiosys.client.framework.core.internal.CambioShortcutMenuButton[name=null, text=&apos;&apos;, selected=false, enabled=true, visible=true, showing=false]
                            se.cambiosys.client.framework.menueditor.internal.InitializingMenuItem[name=null, text=&apos;Dictation list&apos;, selected=false, enabled=true, visible=true, showing=false]
                              se.cambiosys.client.framework.core.internal.CambioShortcutMenuButton[name=null, text=&apos;&apos;, selected=false, enabled=true, visible=true, showing=false]
                            se.cambiosys.client.framework.menueditor.internal.InitializingMenuItem[name=null, text=&apos;Create new dictation from file&apos;, selected=false, enabled=true, visible=true, showing=false]
                              se.cambiosys.client.framework.core.internal.CambioShortcutMenuButton[name=null, text=&apos;&apos;, selected=false, enabled=true, visible=true, showing=false]
                            se.cambiosys.client.framework.menueditor.internal.InitializingMenuItem[name=null, text=&apos;Create new dictation minimized&apos;, selected=false, enabled=true, visible=true, showing=false]
                              se.cambiosys.client.framework.core.internal.CambioShortcutMenuButton[name=null, text=&apos;&apos;, selected=false, enabled=true, visible=true, showing=false]
                        se.cambiosys.client.framework.components.CambioMenu[name=null, text=&apos;Birth&apos;, selected=false, enabled=true, visible=true, showing=false]
                          javax.swing.JPopupMenu[name=null, label=null, enabled=true, visible=false, showing=false]
                            se.cambiosys.client.framework.menueditor.internal.InitializingMenuItem[name=null, text=&apos;Partogram&apos;, selected=false, enabled=false, visible=true, showing=false]
                              se.cambiosys.client.framework.core.internal.CambioShortcutMenuButton[name=null, text=&apos;&apos;, selected=false, enabled=true, visible=true, showing=false]
                            se.cambiosys.client.framework.menueditor.internal.InitializingMenuItem[name=null, text=&apos;New delivery&apos;, selected=false, enabled=false, visible=true, showing=false]
                              se.cambiosys.client.framework.core.internal.CambioShortcutMenuButton[name=null, text=&apos;&apos;, selected=false, enabled=true, visible=true, showing=false]
                            se.cambiosys.client.framework.menueditor.internal.InitializingMenuItem[name=null, text=&apos;Delete partogram&apos;, selected=false, enabled=false, visible=true, showing=false]
                              se.cambiosys.client.framework.core.internal.CambioShortcutMenuButton[name=null, text=&apos;&apos;, selected=false, enabled=true, visible=true, showing=false]
                            se.cambiosys.client.framework.menueditor.internal.InitializingMenuItem[name=null, text=&apos;Configuration of registrations&apos;, selected=false, enabled=true, visible=true, showing=false]
                              se.cambiosys.client.framework.core.internal.CambioShortcutMenuButton[name=null, text=&apos;&apos;, selected=false, enabled=true, visible=true, showing=false]
                            se.cambiosys.client.framework.menueditor.internal.InitializingMenuItem[name=null, text=&apos;Child number configuration&apos;, selected=false, enabled=true, visible=true, showing=false]
                              se.cambiosys.client.framework.core.internal.CambioShortcutMenuButton[name=null, text=&apos;&apos;, selected=false, enabled=true, visible=true, showing=false]
                    se.cambiosys.client.framework.components.CambioMenu[name=null, text=&apos;Window&apos;, selected=false, enabled=true, visible=true, showing=true]
                      javax.swing.JPopupMenu[name=null, label=null, enabled=true, visible=false, showing=false]
                        se.cambiosys.client.framework.core.internal.MenuHandler$10(se.cambiosys.client.framework.components.CambioCheckBoxMenuItem)[name=null, text=&apos;Keep windows&apos;, selected=true, enabled=true, visible=true, showing=false]
                        se.cambiosys.client.framework.menueditor.internal.InitializingMenuItem[name=null, text=&apos;Minimize all&apos;, selected=false, enabled=true, visible=true, showing=false]
                          se.cambiosys.client.framework.core.internal.CambioShortcutMenuButton[name=null, text=&apos;&apos;, selected=false, enabled=true, visible=true, showing=false]
                    se.cambiosys.client.framework.components.CambioMenu[name=null, text=&apos;Basic Menu&apos;, selected=false, enabled=true, visible=true, showing=true]
                      javax.swing.JPopupMenu[name=null, label=null, enabled=true, visible=false, showing=false]
                        se.cambiosys.client.framework.menueditor.internal.InitializingMenuItem[name=null, text=&apos;Basic Text&apos;, selected=false, enabled=true, visible=true, showing=false]
                          se.cambiosys.client.framework.core.internal.CambioShortcutMenuButton[name=null, text=&apos;&apos;, selected=false, enabled=true, visible=true, showing=false]
                    se.cambiosys.client.framework.components.CambioMenu[name=null, text=&apos;Patient administration IP &amp; OP&apos;, selected=false, enabled=true, visible=true, showing=true]
                      javax.swing.JPopupMenu[name=null, label=null, enabled=true, visible=false, showing=false]
                        se.cambiosys.client.framework.components.CambioMenu[name=null, text=&apos;Administration&apos;, selected=false, enabled=true, visible=true, showing=false]
                          javax.swing.JPopupMenu[name=null, label=null, enabled=true, visible=false, showing=false]
                            se.cambiosys.client.framework.menueditor.internal.InitializingMenuItem[name=null, text=&apos;Region membership&apos;, selected=false, enabled=true, visible=true, showing=false]
                              se.cambiosys.client.framework.core.internal.CambioShortcutMenuButton[name=null, text=&apos;&apos;, selected=false, enabled=true, visible=true, showing=false]
                            se.cambiosys.client.framework.menueditor.internal.InitializingMenuItem[name=null, text=&apos;Search order number&apos;, selected=false, enabled=true, visible=true, showing=false]
                              se.cambiosys.client.framework.core.internal.CambioShortcutMenuButton[name=null, text=&apos;&apos;, selected=false, enabled=true, visible=true, showing=false]
                            se.cambiosys.client.framework.menueditor.internal.InitializingMenuItem[name=null, text=&apos;Reception administration &amp; reception period&apos;, selected=false, enabled=true, visible=true, showing=false]
                              se.cambiosys.client.framework.core.internal.CambioShortcutMenuButton[name=null, text=&apos;&apos;, selected=false, enabled=true, visible=true, showing=false]
                            se.cambiosys.client.framework.menueditor.internal.InitializingMenuItem[name=null, text=&apos;Receptions and reception locations&apos;, selected=false, enabled=true, visible=true, showing=false]
                              se.cambiosys.client.framework.core.internal.CambioShortcutMenuButton[name=null, text=&apos;&apos;, selected=false, enabled=true, visible=true, showing=false]
                            se.cambiosys.client.framework.components.CambioMenu[name=null, text=&apos;Contract&apos;, selected=false, enabled=true, visible=true, showing=false]
                              javax.swing.JPopupMenu[name=null, label=null, enabled=true, visible=false, showing=false]
                                se.cambiosys.client.framework.menueditor.internal.InitializingMenuItem[name=null, text=&apos;New base price list&apos;, selected=false, enabled=true, visible=true, showing=false]
                                  se.cambiosys.client.framework.core.internal.CambioShortcutMenuButton[name=null, text=&apos;&apos;, selected=false, enabled=true, visible=true, showing=false]
                                se.cambiosys.client.framework.menueditor.internal.InitializingMenuItem[name=null, text=&apos;Open base price list&apos;, selected=false, enabled=true, visible=true, showing=false]
                                  se.cambiosys.client.framework.core.internal.CambioShortcutMenuButton[name=null, text=&apos;&apos;, selected=false, enabled=true, visible=true, showing=false]
                                se.cambiosys.client.framework.menueditor.internal.InitializingMenuItem[name=null, text=&apos;New contract&apos;, selected=false, enabled=true, visible=true, showing=false]
                                  se.cambiosys.client.framework.core.internal.CambioShortcutMenuButton[name=null, text=&apos;&apos;, selected=false, enabled=true, visible=true, showing=false]
                                se.cambiosys.client.framework.menueditor.internal.InitializingMenuItem[name=null, text=&apos;Open contract&apos;, selected=false, enabled=true, visible=true, showing=false]
                                  se.cambiosys.client.framework.core.internal.CambioShortcutMenuButton[name=null, text=&apos;&apos;, selected=false, enabled=true, visible=true, showing=false]
                                se.cambiosys.client.framework.menueditor.internal.InitializingMenuItem[name=null, text=&apos;Administration of contracts of goods sales&apos;, selected=false, enabled=true, visible=true, showing=false]
                                  se.cambiosys.client.framework.core.internal.CambioShortcutMenuButton[name=null, text=&apos;&apos;, selected=false, enabled=true, visible=true, showing=false]
                            se.cambiosys.client.framework.menueditor.internal.InitializingMenuItem[name=null, text=&apos;Products&apos;, selected=false, enabled=true, visible=true, showing=false]
                              se.cambiosys.client.framework.core.internal.CambioShortcutMenuButton[name=null, text=&apos;&apos;, selected=false, enabled=true, visible=true, showing=false]
                            se.cambiosys.client.framework.menueditor.internal.InitializingMenuItem[name=null, text=&apos;Goods&apos;, selected=false, enabled=true, visible=true, showing=false]
                              se.cambiosys.client.framework.core.internal.CambioShortcutMenuButton[name=null, text=&apos;&apos;, selected=false, enabled=true, visible=true, showing=false]
                            se.cambiosys.client.framework.menueditor.internal.InitializingMenuItem[name=null, text=&apos;VAT classes&apos;, selected=false, enabled=true, visible=true, showing=false]
                              se.cambiosys.client.framework.core.internal.CambioShortcutMenuButton[name=null, text=&apos;&apos;, selected=false, enabled=true, visible=true, showing=false]
                        se.cambiosys.client.framework.menueditor.internal.InitializingMenuItem[name=null, text=&apos;Configure economy exports&apos;, selected=false, enabled=true, visible=true, showing=false]
                          se.cambiosys.client.framework.core.internal.CambioShortcutMenuButton[name=null, text=&apos;&apos;, selected=false, enabled=true, visible=true, showing=false]
                        se.cambiosys.client.framework.menueditor.internal.InitializingMenuItem[name=null, text=&apos;Export management&apos;, selected=false, enabled=true, visible=true, showing=false]
                          se.cambiosys.client.framework.core.internal.CambioShortcutMenuButton[name=null, text=&apos;&apos;, selected=false, enabled=true, visible=true, showing=false]
                        se.cambiosys.client.framework.menueditor.internal.InitializingMenuItem[name=null, text=&apos;Visit and procedure registration&apos;, selected=false, enabled=true, visible=true, showing=false]
                          se.cambiosys.client.framework.core.internal.CambioShortcutMenuButton[name=null, text=&apos;&apos;, selected=false, enabled=true, visible=true, showing=false]
                        se.cambiosys.client.framework.menueditor.internal.InitializingMenuItem[name=null, text=&apos;Inpatient registration&apos;, selected=false, enabled=true, visible=true, showing=false]
                          se.cambiosys.client.framework.core.internal.CambioShortcutMenuButton[name=null, text=&apos;&apos;, selected=false, enabled=true, visible=true, showing=false]
                        se.cambiosys.client.framework.menueditor.internal.InitializingMenuItem[name=null, text=&apos;Acute overview&apos;, selected=false, enabled=true, visible=true, showing=false]
                          se.cambiosys.client.framework.core.internal.CambioShortcutMenuButton[name=null, text=&apos;&apos;, selected=false, enabled=true, visible=true, showing=false]
                        se.cambiosys.client.framework.menueditor.internal.InitializingMenuItem[name=null, text=&apos;Registration overview&apos;, selected=false, enabled=true, visible=true, showing=false]
                          se.cambiosys.client.framework.core.internal.CambioShortcutMenuButton[name=null, text=&apos;&apos;, selected=false, enabled=true, visible=true, showing=false]
                        se.cambiosys.client.framework.menueditor.internal.InitializingMenuItem[name=null, text=&apos;Goods Sale overview&apos;, selected=false, enabled=true, visible=true, showing=false]
                          se.cambiosys.client.framework.core.internal.CambioShortcutMenuButton[name=null, text=&apos;&apos;, selected=false, enabled=true, visible=true, showing=false]
                        se.cambiosys.client.framework.menueditor.internal.InitializingMenuItem[name=null, text=&apos;Invoice overview&apos;, selected=false, enabled=true, visible=true, showing=false]
                          se.cambiosys.client.framework.core.internal.CambioShortcutMenuButton[name=null, text=&apos;&apos;, selected=false, enabled=true, visible=true, showing=false]
                        se.cambiosys.client.framework.menueditor.internal.InitializingMenuItem[name=null, text=&apos;Register codes&apos;, selected=false, enabled=false, visible=true, showing=false]
                          se.cambiosys.client.framework.core.internal.CambioShortcutMenuButton[name=null, text=&apos;&apos;, selected=false, enabled=true, visible=true, showing=false]
                        se.cambiosys.client.framework.menueditor.internal.InitializingMenuItem[name=null, text=&apos;Undo&apos;, selected=false, enabled=true, visible=true, showing=false]
                          se.cambiosys.client.framework.core.internal.CambioShortcutMenuButton[name=null, text=&apos;&apos;, selected=false, enabled=true, visible=true, showing=false]
                    se.cambiosys.client.framework.components.CambioMenu[name=null, text=&apos;Patient&apos;, selected=false, enabled=true, visible=true, showing=true]
                      javax.swing.JPopupMenu[name=null, label=null, enabled=true, visible=false, showing=false]
                        se.cambiosys.client.framework.components.CambioMenu[name=null, text=&apos;Groups&apos;, selected=false, enabled=true, visible=true, showing=false]
                          javax.swing.JPopupMenu[name=null, label=null, enabled=true, visible=false, showing=false]
                            se.cambiosys.client.framework.menueditor.internal.InitializingMenuItem[name=null, text=&apos;Group card&apos;, selected=false, enabled=false, visible=true, showing=false]
                              se.cambiosys.client.framework.core.internal.CambioShortcutMenuButton[name=null, text=&apos;&apos;, selected=false, enabled=true, visible=true, showing=false]
                            se.cambiosys.client.framework.menueditor.internal.InitializingMenuItem[name=null, text=&apos;Group administration&apos;, selected=false, enabled=true, visible=true, showing=false]
                              se.cambiosys.client.framework.core.internal.CambioShortcutMenuButton[name=null, text=&apos;&apos;, selected=false, enabled=true, visible=true, showing=false]
                        se.cambiosys.client.framework.subjectofcare.internal.SecurityOverrideHandlerImpl$1(se.cambiosys.client.framework.components.CambioCheckBoxMenuItem)[name=null, text=&apos;Activate security override&apos;, selected=false, enabled=false, visible=true, showing=false]
                        se.cambiosys.client.framework.menueditor.internal.InitializingMenuItem[name=null, text=&apos;Patient card&apos;, selected=false, enabled=true, visible=true, showing=false]
                          se.cambiosys.client.framework.core.internal.CambioShortcutMenuButton[name=null, text=&apos;&apos;, selected=false, enabled=true, visible=true, showing=false]
                        se.cambiosys.client.framework.menueditor.internal.InitializingMenuItem[name=null, text=&apos;Print patient information&apos;, selected=false, enabled=true, visible=true, showing=false]
                          se.cambiosys.client.framework.core.internal.CambioShortcutMenuButton[name=null, text=&apos;&apos;, selected=false, enabled=true, visible=true, showing=false]
                        se.cambiosys.client.framework.menueditor.internal.InitializingMenuItem[name=null, text=&apos;Connect mother-child&apos;, selected=false, enabled=false, visible=true, showing=false]
                          se.cambiosys.client.framework.core.internal.CambioShortcutMenuButton[name=null, text=&apos;&apos;, selected=false, enabled=true, visible=true, showing=false]
                        se.cambiosys.client.framework.menueditor.internal.InitializingMenuItem[name=null, text=&apos;Disconnect child-mother&apos;, selected=false, enabled=false, visible=true, showing=false]
                          se.cambiosys.client.framework.core.internal.CambioShortcutMenuButton[name=null, text=&apos;&apos;, selected=false, enabled=true, visible=true, showing=false]
                        se.cambiosys.client.framework.menueditor.internal.InitializingMenuItem[name=null, text=&apos;Reservenumber...&apos;, selected=false, enabled=true, visible=true, showing=false]
                          se.cambiosys.client.framework.core.internal.CambioShortcutMenuButton[name=null, text=&apos;&apos;, selected=false, enabled=true, visible=true, showing=false]
                    se.cambiosys.client.framework.components.CambioMenu[name=null, text=&apos;Link (previous version)&apos;, selected=false, enabled=true, visible=true, showing=true]
                      javax.swing.JPopupMenu[name=null, label=null, enabled=true, visible=false, showing=false]
                        se.cambiosys.client.framework.menueditor.internal.InitializingMenuItem[name=null, text=&apos;Loading...&apos;, selected=false, enabled=true, visible=true, showing=false]
                          se.cambiosys.client.framework.core.internal.CambioShortcutMenuButton[name=null, text=&apos;&apos;, selected=false, enabled=true, visible=true, showing=false]
                        se.cambiosys.client.framework.menueditor.internal.InitializingMenuItem[name=null, text=&apos;Loading...&apos;, selected=false, enabled=true, visible=true, showing=false]
                          se.cambiosys.client.framework.core.internal.CambioShortcutMenuButton[name=null, text=&apos;&apos;, selected=false, enabled=true, visible=true, showing=false]
                    se.cambiosys.client.framework.components.CambioMenu[name=null, text=&apos;File&apos;, selected=false, enabled=true, visible=true, showing=true]
                      javax.swing.JPopupMenu[name=null, label=null, enabled=true, visible=false, showing=false]
                        se.cambiosys.client.framework.menueditor.internal.InitializingMenuItem[name=null, text=&apos;Change password&apos;, selected=false, enabled=true, visible=true, showing=false]
                          se.cambiosys.client.framework.core.internal.CambioShortcutMenuButton[name=null, text=&apos;&apos;, selected=false, enabled=true, visible=true, showing=false]
                        se.cambiosys.client.framework.menueditor.internal.InitializingMenuItem[name=null, text=&apos;Lock COSMIC&apos;, selected=false, enabled=true, visible=true, showing=false]
                          se.cambiosys.client.framework.core.internal.CambioShortcutMenuButton[name=null, text=&apos;&apos;, selected=false, enabled=true, visible=true, showing=false]
                        se.cambiosys.client.framework.menueditor.internal.InitializingMenuItem[name=null, text=&apos;Change profile&apos;, selected=false, enabled=true, visible=true, showing=false]
                          se.cambiosys.client.framework.core.internal.CambioShortcutMenuButton[name=null, text=&apos;&apos;, selected=false, enabled=true, visible=true, showing=false]
                        se.cambiosys.client.framework.menueditor.internal.InitializingMenuItem[name=null, text=&apos;Log out&apos;, selected=false, enabled=true, visible=true, showing=false]
                          se.cambiosys.client.framework.core.internal.CambioShortcutMenuButton[name=null, text=&apos;&apos;, selected=false, enabled=true, visible=true, showing=false]
                        se.cambiosys.client.framework.menueditor.internal.InitializingMenuItem[name=null, text=&apos;Quit&apos;, selected=false, enabled=true, visible=true, showing=false]
                          se.cambiosys.client.framework.core.internal.CambioShortcutMenuButton[name=null, text=&apos;&apos;, selected=false, enabled=true, visible=true, showing=false]
                    se.cambiosys.client.framework.components.CambioMenu[name=null, text=&apos;External Applications&apos;, selected=false, enabled=true, visible=true, showing=true]
                      javax.swing.JPopupMenu[name=null, label=null, enabled=true, visible=false, showing=false]
                        se.cambiosys.client.framework.menueditor.internal.InitializingMenuItem[name=null, text=&apos;DrCompanion&apos;, selected=false, enabled=true, visible=true, showing=false]
                          se.cambiosys.client.framework.core.internal.CambioShortcutMenuButton[name=null, text=&apos;&apos;, selected=false, enabled=true, visible=true, showing=false]
                        se.cambiosys.client.framework.menueditor.internal.InitializingMenuItem[name=null, text=&apos;OBSTETRIX (Ext)&apos;, selected=false, enabled=true, visible=true, showing=false]
                          se.cambiosys.client.framework.core.internal.CambioShortcutMenuButton[name=null, text=&apos;&apos;, selected=false, enabled=true, visible=true, showing=false]
                    se.cambiosys.client.framework.components.CambioMenu[name=null, text=&apos;Analytics&apos;, selected=false, enabled=true, visible=true, showing=true]
                      javax.swing.JPopupMenu[name=null, label=null, enabled=true, visible=false, showing=false]
                        se.cambiosys.client.framework.menueditor.internal.InitializingMenuItem[name=null, text=&apos;Insight&apos;, selected=false, enabled=true, visible=true, showing=false]
                          se.cambiosys.client.framework.core.internal.CambioShortcutMenuButton[name=null, text=&apos;&apos;, selected=false, enabled=true, visible=true, showing=false]
                    se.cambiosys.client.framework.components.CambioMenu[name=null, text=&apos;Bed management&apos;, selected=false, enabled=true, visible=true, showing=true]
                      javax.swing.JPopupMenu[name=null, label=null, enabled=true, visible=false, showing=false]
                        se.cambiosys.client.framework.menueditor.internal.InitializingMenuItem[name=null, text=&apos;Patient search&apos;, selected=false, enabled=true, visible=true, showing=false]
                          se.cambiosys.client.framework.core.internal.CambioShortcutMenuButton[name=null, text=&apos;&apos;, selected=false, enabled=true, visible=true, showing=false]
                        se.cambiosys.client.framework.menueditor.internal.InitializingMenuItem[name=null, text=&apos;Bed reservation overview&apos;, selected=false, enabled=true, visible=true, showing=false]
                          se.cambiosys.client.framework.core.internal.CambioShortcutMenuButton[name=null, text=&apos;&apos;, selected=false, enabled=true, visible=true, showing=false]
                        se.cambiosys.client.framework.menueditor.internal.InitializingMenuItem[name=null, text=&apos;Bed Administration&apos;, selected=false, enabled=true, visible=true, showing=false]
                          se.cambiosys.client.framework.core.internal.CambioShortcutMenuButton[name=null, text=&apos;&apos;, selected=false, enabled=true, visible=true, showing=false]
            se.cambiosys.client.framework.subjectofcare.internal.gui.SOCComponentPanel[name=null]
              se.cambiosys.client.framework.subjectofcare.internal.gui.SOCComponentPanel$1(se.cambiosys.client.framework.components.CambioTabbedPane)[name=&apos;TopTabbedPaneTab&apos;, selectedTabIndex=0, selectedTabTitle=&apos;&apos;, tabCount=2, tabTitles=[&quot;&quot;, &quot;&quot;], enabled=true, visible=true, showing=true
                se.cambiosys.client.framework.patients.internal.gui.PatientSOCPanel[name=&apos;Patient.PatientSOCPanel&apos;]
                  se.cambiosys.client.framework.patients.internal.gui.PatientSOCSearchPanel[name=&apos;Patient.PatientSOCPanel.searchPanel&apos;]
                    se.cambiosys.client.framework.patients.gui.PatientIdentifierNumberTextField[name=&apos;Patient.PatientSOCSearchPanel.numberTextField&apos;, text=&apos;19&apos;, enabled=true, visible=true, showing=true]
                    se.cambiosys.client.framework.components.CambioLabeledTextField[name=&apos;Patient.PatientSOCSearchPanel.nameTextField&apos;, text=&apos;&apos;, enabled=true, visible=true, showing=true]
                    se.cambiosys.client.framework.components.CambioLabeledTextField[name=&apos;Patient.PatientSOCSearchPanel.familyNameTextField&apos;, text=&apos;&apos;, enabled=true, visible=true, showing=true]
                    se.cambiosys.client.framework.subjectofcare.gui.CambioClickablePatientBannerButton[name=&apos;Patient.PatientSOCSearchPanel.searchButton&apos;, text=null, enabled=true, visible=true, showing=true]
                    se.cambiosys.client.framework.components.CambioLabel[name=&apos;Patient.PatientSOCSearchPanel.dummyLabel2&apos;, text=&apos;&apos;, enabled=true, visible=true, showing=true]
                    se.cambiosys.client.framework.subjectofcare.CambioPatientBannerButton[name=&apos;Patient.PatientSOCSearchPanel.clearButton&apos;, text=&apos;Clear&apos;, enabled=true, visible=true, showing=true]
                    se.cambiosys.client.framework.subjectofcare.CambioPatientBannerButton[name=&apos;Patient.PatientSOCSearchPanel.getPatientButton&apos;, text=&apos;Lists&apos;, enabled=true, visible=true, showing=true]
                  se.cambiosys.client.framework.patients.internal.gui.PatientSOCSelectedPanel[name=&apos;Patient.PatientSOCPanel.selectedPanel&apos;]
                    se.cambiosys.client.framework.components.CambioLabel[name=&apos;Patients.PatientSOCSelectedPanel.PatientSOCSelectedPanel&apos;, text=&apos;&apos;, enabled=true, visible=true, showing=false]
                    se.cambiosys.client.framework.components.CambioPanel[name=&apos;Patients.PatientSOCSelectedPanel.PatientSOCSelectedPanel&apos;]
                      se.cambio.attentionsignal.plugin.AttentionSignalSoCListPlugin[name=null]
                        se.cambiosys.client.framework.components.CambioPanel[name=null]
                          se.cambiosys.client.framework.components.CambioPanel[name=null]
                            se.cambio.attentionsignal.icons.BusyIconLabel[name=null, text=&apos;&apos;, enabled=true, visible=true, showing=false]
                          se.cambiosys.client.framework.components.CambioPanel[name=null]
                            se.cambio.attentionsignal.component.view.AbstractAttentionSignalIconView$2(se.cambiosys.client.framework.components.CambioLabel)[name=&apos;Table.cellRenderer&apos;, text=&apos;&apos;, enabled=true, visible=true, showing=false]
                    se.cambiosys.client.framework.subjectofcare.internal.gui.PatientDetailsPanel[name=&apos;Patients.PatientSOCSelectedPanel.PatientSOCSelectedPanel&apos;]
                      se.cambiosys.client.framework.components.CambioPanel[name=&apos;Subjectofcare.PatientDetailsPanel.endPanel&apos;]
                        se.cambiosys.client.framework.components.CambioLabel[name=&apos;Subjectofcare.PatientDetailsPanel.ageLabel&apos;, text=&apos;&apos;, enabled=true, visible=true, showing=false]
                        se.cambiosys.client.framework.subjectofcare.internal.gui.PatientPluginLoadingPanel[name=null]
                          se.cambiosys.client.framework.patients.internal.gui.PatientSOCLoadingPanel[name=null]
                            org.jdesktop.swingx.JXBusyLabel[name=null, text=&apos;&apos;, enabled=true, visible=true, showing=false]
                          se.cambiosys.client.framework.components.CambioPanel[name=&apos;Patients.PatientSOCSelectedPanel.PatientSOCSelectedPanel&apos;]
                            se.cambiosys.client.framework.components.CambioPanel[name=&apos;Patients.PatientSOCSelectedPanel.PatientSOCSelectedPanel&apos;]
                            se.cambiosys.client.framework.components.CambioPanel[name=&apos;Patients.PatientSOCSelectedPanel.PatientSOCSelectedPanel&apos;]
                              se.cambiosys.client.framework.patients.internal.gui.patientbannerplugins.SexPatientBannerPlugin[name=&apos;Table.cellRenderer&apos;, text=&apos;&apos;, enabled=true, visible=true, showing=false]
                              se.cambiosys.client.framework.components.CambioLabel[name=&apos;Patient.PatientCommunicationBannerPlugin.bannerLabel&apos;, text=&apos;&apos;, enabled=true, visible=true, showing=false]
                              se.cambiosys.client.membership.plugin.patient.MembershipPatientBannerPlugin[name=&apos;Table.cellRenderer&apos;, text=&apos;&apos;, enabled=true, visible=true, showing=false]
                              se.cambiosys.client.framework.patients.internal.gui.patientbannerplugins.ConnectedPatientButtonPlugin[name=null, text=&apos;&apos;, enabled=true, visible=false, showing=false]
                              se.cambiosys.client.framework.patients.internal.gui.patientbannerplugins.MotherChildPatientBannerPlugin[name=&apos;Patients.PatientBannerPlugins.MotherChildPatientBannerPlugin&apos;, text=&apos;&apos;, enabled=true, visible=true, showing=false]
                              se.cambiosys.client.patientlist.mylist.comment.AddToMyListPatientBannerPlugin[name=null, text=&apos;&apos;, enabled=false, visible=true, showing=false]
                              se.cambiosys.client.framework.patients.internal.gui.patientbannerplugins.InfoClassedButtonPlugin[name=null, text=&apos;&apos;, enabled=true, visible=false, showing=false]
                              se.cambiosys.client.countermodule.patientbannerplugins.ongoingcontact.OngoingContactPatientBannerComponent[name=null]
                                se.cambiosys.client.countermodule.patientbannerplugins.ongoingcontact.PatientBannerContactButton[name=null, text=&apos;&apos;, enabled=true, visible=false, showing=false]
                                se.cambiosys.client.countermodule.patientbannerplugins.ongoingcontact.PatientBannerContactButton[name=null, text=&apos;&apos;, enabled=true, visible=false, showing=false]
                                se.cambiosys.client.countermodule.patientbannerplugins.ongoingcontact.PatientBannerContactButton[name=null, text=&apos;&apos;, enabled=true, visible=false, showing=false]
                                se.cambiosys.client.countermodule.patientbannerplugins.ongoingcontact.PatientBannerContactButton[name=null, text=&apos;&apos;, enabled=true, visible=false, showing=false]
                                se.cambiosys.client.countermodule.patientbannerplugins.ongoingcontact.PatientBannerContactButton[name=null, text=&apos;&apos;, enabled=true, visible=false, showing=false]
                              se.cambiosys.client.psychiatricmodule.patientbannerplugins.CareTypePatientBannerPlugin[name=null]
                              se.cambio.link.client.linkcase.patientbanner.view.LinkCasePatientBannerComponent[name=null, text=&apos;&apos;, enabled=true, visible=false, showing=false]
                              se.cambio.client.cds.adaptor.gui.CdsPatientBannerButton[name=&apos;CambioClickablePatientBannerButton_cdsPatientBannerButton&apos;, text=&apos;&apos;, enabled=true, visible=false, showing=false]
                      se.cambiosys.client.framework.components.CambioLabel[name=&apos;Subjectofcare.PatientDetailsPanel.identifierLabel&apos;, text=&apos;&apos;, enabled=true, visible=true, showing=false]
                      se.cambiosys.client.framework.components.CambioTextPane[name=&apos;Subjectofcare.PatientDetailsPanel.namePanel&apos;, text=&apos;&apos;, enabled=true, visible=false, showing=false]
                      se.cambiosys.client.framework.components.CambioTextPane[name=&apos;Subjectofcare.PatientDetailsPanel.namePanelTruncated&apos;, text=&apos;&apos;, enabled=true, visible=true, showing=false]
                      se.cambiosys.client.framework.components.CambioLabel[name=&apos;Table.cellRenderer&apos;, text=&apos;&apos;, enabled=true, visible=false, showing=false]
                    se.cambiosys.client.framework.components.CambioPanel[name=null]
                    se.cambiosys.client.framework.subjectofcare.CambioPatientBannerButton[name=&apos;Patients.PatientSOCSelectedPanel.PatientSOCSelectedPanel&apos;, text=&apos;Clear&apos;, enabled=true, visible=true, showing=false]
                    se.cambiosys.client.framework.subjectofcare.CambioPatientBannerButton[name=null, text=&apos;Lists&apos;, enabled=true, visible=true, showing=false]
                    se.cambiosys.client.framework.subjectofcare.CambioPatientBannerButton[name=&apos;Patients.PatientSOCSelectedPanel.PatientSOCSelectedPanel&apos;, text=&apos;&apos;, enabled=true, visible=true, showing=false]
                se.cambiosys.client.framework.subjectofcare.internal.group.gui.GroupSOCPanel[name=null]
                  se.cambiosys.client.framework.subjectofcare.internal.group.gui.GroupSOCSearchPanel[name=&apos;Subjectofcare.GroupSOCPanel.searchPanel&apos;]
                    se.cambiosys.client.framework.components.CambioSelectionComboBox[name=&apos;Subjectofcare.GroupSOCSearchPanel.careUnitSelectionComboBox&apos;, selectedItem=null, contents=[], editable=false, enabled=true, visible=true, showing=false]
                      javax.swing.plaf.synth.SynthArrowButton[name=&apos;ComboBox.arrowButton&apos;, text=&apos;&apos;, enabled=true, visible=true, showing=false]
                      javax.swing.CellRendererPane[,0,0,0x0,hidden]
                    se.cambiosys.client.framework.components.CambioSelectionComboBox[name=&apos;Subjectofcare.GroupSOCSearchPanel.careGiverSelectionComboBox&apos;, selectedItem=null, contents=[], editable=false, enabled=true, visible=true, showing=false]
                      javax.swing.plaf.synth.SynthArrowButton[name=&apos;ComboBox.arrowButton&apos;, text=&apos;&apos;, enabled=true, visible=true, showing=false]
                      javax.swing.CellRendererPane[,0,0,0x0,hidden]
                    se.cambiosys.client.framework.components.CambioLabeledTextField[name=&apos;Subjectofcare.GroupSOCSearchPanel.groupNameTextField&apos;, text=&apos;&apos;, enabled=true, visible=true, showing=false]
                    se.cambiosys.client.framework.subjectofcare.gui.CambioClickablePatientBannerButton[name=&apos;Subjectofcare.GroupSOCSearchPanel.searchButton&apos;, text=null, enabled=true, visible=true, showing=false]
                    se.cambiosys.client.framework.subjectofcare.CambioPatientBannerButton[name=&apos;Subjectofcare.GroupSOCSearchPanel.clearButton&apos;, text=&apos;Clear&apos;, enabled=true, visible=true, showing=false]
                  se.cambiosys.client.framework.subjectofcare.internal.group.gui.GroupSOCSelectedPanel[name=&apos;Subjectofcare.GroupSOCPanel.selectedPanel&apos;]
                    se.cambiosys.client.framework.components.CambioLabel[name=&apos;SubjectGroupSOCSelectedPanel.detailLabel&apos;, text=&apos;&apos;, enabled=true, visible=true, showing=false]
                    se.cambiosys.client.framework.subjectofcare.internal.group.gui.GroupDetailsPanel[name=&apos;SubjectGroupSOCSelectedPanel.groupDetailsPanel&apos;]
                      se.cambiosys.client.framework.components.CambioLabel[name=&apos;Subjectofcare.GroupDetailsPanel.groupSizeLabel&apos;, text=&apos;&apos;, enabled=true, visible=true, showing=false]
                      se.cambiosys.client.framework.components.CambioLabel[name=&apos;Subjectofcare.GroupDetailsPanel.groupNameLabel&apos;, text=&apos;&apos;, enabled=true, visible=true, showing=false]
                      se.cambiosys.client.framework.components.CambioLabel[name=&apos;Subjectofcare.GroupDetailsPanel.dummyLabel&apos;, text=&apos;&apos;, enabled=true, visible=true, showing=false]
                    se.cambiosys.client.framework.subjectofcare.CambioPatientBannerButton[name=&apos;SubjectGroupSOCSelectedPanel.clearButton&apos;, text=&apos;Clear&apos;, enabled=true, visible=true, showing=false]
                    se.cambiosys.client.framework.subjectofcare.CambioPatientBannerButton[name=&apos;SubjectGroupSOCSelectedPanel.toggleButton&apos;, text=&apos;&apos;, enabled=true, visible=true, showing=false]
            se.cambiosys.client.framework.core.internal.gui.SecurityStatusComponent[name=null]
          se.cambiosys.client.framework.components.CambioSplitPane[,0,62,2880x1469,invalid,layout=javax.swing.plaf.basic.BasicSplitPaneUI$BasicHorizontalLayoutManager,alignmentX=0.0,alignmentY=0.0,border=javax.swing.plaf.synth.SynthBorder@3d9f4d7e,flags=201326920,maximumSize=,minimumSize=,preferredSize=,continuousLayout=false,dividerSize=2,lastDividerLocation=-1,oneTouchExpandable=false,orientation=HORIZONTAL_SPLIT]
            javax.swing.plaf.synth.SynthSplitPaneDivider[,200,0,2x1469,layout=javax.swing.plaf.basic.BasicSplitPaneDivider$DividerLayout]
            se.cambiosys.client.framework.core.internal.gui.SidebarPanel[name=null]
              se.cambiosys.client.framework.components.CambioPanel[name=null]
                se.cambiosys.client.framework.core.internal.gui.ShortcutContainerPanel[name=null]
                  se.cambiosys.client.framework.components.CambioPanel[name=null]
                    se.cambiosys.client.framework.components.CambioPanel[name=null]
                      javax.swing.JLabel[name=null, text=&apos;MY SHORTCUTS&apos;, enabled=true, visible=true, showing=true]
                    se.cambiosys.client.framework.core.internal.gui.ShortcutContainerPanel$2(se.cambiosys.client.framework.components.CambioPanel)[name=null]
                  se.cambiosys.client.framework.components.CambioPanel[name=null]
                    se.cambiosys.client.framework.components.CambioScrollPane[name=null, enabled=true, visible=true, showing=true]
                      javax.swing.JViewport[,0,0,191x663,layout=javax.swing.ViewportLayout,alignmentX=0.0,alignmentY=0.0,border=,flags=25165832,maximumSize=,minimumSize=,preferredSize=,isViewSizeSet=true,lastPaintPosition=java.awt.Point[x=0,y=0],scrollUnderway=false]
                        se.cambiosys.client.framework.core.internal.gui.ScrollableContainerPanel[name=null]
                          se.cambiosys.client.framework.core.internal.gui.OpenedWindowPanel[name=null]
                            se.cambiosys.client.framework.core.internal.gui.OpenedWindowPanel$2(javax.swing.JToggleButton)[name=null, text=&apos;Order&apos;, selected=false, enabled=false, visible=true, showing=true]
                            se.cambiosys.client.framework.components.CambioPanel[name=null]
                              javax.swing.JButton[name=null, text=&apos;&apos;, enabled=false, visible=false, showing=false]
                      javax.swing.JScrollPane$ScrollBar[name=null, value=0, blockIncrement=10, minimum=0, maximum=663, enabled=true, visible=false, showing=false]
                        javax.swing.plaf.synth.SynthScrollBarUI$2(javax.swing.plaf.synth.SynthArrowButton)[name=&apos;ScrollBar.button&apos;, text=&apos;&apos;, enabled=true, visible=true, showing=false]
                        javax.swing.plaf.synth.SynthScrollBarUI$1(javax.swing.plaf.synth.SynthArrowButton)[name=&apos;ScrollBar.button&apos;, text=&apos;&apos;, enabled=true, visible=true, showing=false]
                      javax.swing.JScrollPane$ScrollBar[name=null, value=0, blockIncrement=10, minimum=0, maximum=191, enabled=true, visible=false, showing=false]
                        javax.swing.plaf.synth.SynthScrollBarUI$2(javax.swing.plaf.synth.SynthArrowButton)[name=&apos;ScrollBar.button&apos;, text=&apos;&apos;, enabled=true, visible=true, showing=false]
                        javax.swing.plaf.synth.SynthScrollBarUI$1(javax.swing.plaf.synth.SynthArrowButton)[name=&apos;ScrollBar.button&apos;, text=&apos;&apos;, enabled=true, visible=true, showing=false]
                    se.cambiosys.client.framework.core.internal.gui.ShortcutContainerPanel$1(se.cambiosys.client.framework.components.CambioPanel)[name=null]
                se.cambiosys.client.framework.components.CambioPanel[name=null]
                  javax.swing.JSeparator[,0,0,191x3,alignmentX=0.0,alignmentY=0.0,border=javax.swing.plaf.synth.SynthBorder@64c4e2a9,flags=0,maximumSize=,minimumSize=,preferredSize=,orientation=HORIZONTAL]
                  se.cambiosys.client.framework.core.internal.gui.SidebarPanel$1(se.cambiosys.client.framework.components.CambioPanel)[name=null]
                se.cambiosys.client.framework.core.internal.gui.OpenedWindowsContainerPanel[name=null]
                  se.cambiosys.client.framework.components.CambioPanel[name=null]
                    se.cambiosys.client.framework.components.CambioScrollPane[name=null, enabled=true, visible=true, showing=true]
                      javax.swing.JViewport[,0,0,191x640,layout=javax.swing.ViewportLayout,alignmentX=0.0,alignmentY=0.0,border=,flags=25165832,maximumSize=,minimumSize=,preferredSize=,isViewSizeSet=true,lastPaintPosition=java.awt.Point[x=0,y=0],scrollUnderway=false]
                        se.cambiosys.client.framework.core.internal.gui.ScrollableContainerPanel[name=null]
                      javax.swing.JScrollPane$ScrollBar[name=null, value=0, blockIncrement=10, minimum=0, maximum=640, enabled=true, visible=false, showing=false]
                        javax.swing.plaf.synth.SynthScrollBarUI$2(javax.swing.plaf.synth.SynthArrowButton)[name=&apos;ScrollBar.button&apos;, text=&apos;&apos;, enabled=true, visible=true, showing=false]
                        javax.swing.plaf.synth.SynthScrollBarUI$1(javax.swing.plaf.synth.SynthArrowButton)[name=&apos;ScrollBar.button&apos;, text=&apos;&apos;, enabled=true, visible=true, showing=false]
                      javax.swing.JScrollPane$ScrollBar[name=null, value=0, blockIncrement=10, minimum=0, maximum=191, enabled=true, visible=false, showing=false]
                        javax.swing.plaf.synth.SynthScrollBarUI$2(javax.swing.plaf.synth.SynthArrowButton)[name=&apos;ScrollBar.button&apos;, text=&apos;&apos;, enabled=true, visible=true, showing=false]
                        javax.swing.plaf.synth.SynthScrollBarUI$1(javax.swing.plaf.synth.SynthArrowButton)[name=&apos;ScrollBar.button&apos;, text=&apos;&apos;, enabled=true, visible=true, showing=false]
                    se.cambiosys.client.framework.core.internal.gui.OpenedWindowsContainerPanel$1(se.cambiosys.client.framework.components.CambioPanel)[name=null]
                  se.cambiosys.client.framework.components.CambioPanel[name=null]
                    se.cambiosys.client.framework.components.CambioCheckBox[name=null, text=&apos;Keep windows&apos;, selected=true, enabled=true, visible=true, showing=true]
                    se.cambiosys.client.framework.core.internal.multimonitor.MultiMonitorComponent[name=null, text=&apos;&apos;, enabled=true, visible=true, showing=true]
              se.cambiosys.client.framework.components.notification.plugin.gui.NotificationPluginComponent[name=null]
                se.cambiosys.client.framework.components.progress.CambioBusyLabel[name=null, text=&apos;&apos;, enabled=true, visible=true, showing=true]
              se.cambiosys.client.framework.core.internal.gui.SideBarBottomPanel[name=null]
                se.cambiosys.client.framework.subjectofcare.gui.CambioClickablePatientBannerButton[name=null, text=&apos;&apos;, enabled=true, visible=true, showing=true]
                se.cambiosys.client.framework.subjectofcare.gui.CambioClickablePatientBannerButton[name=null, text=&apos;&apos;, enabled=true, visible=true, showing=true]
                se.cambiosys.client.framework.subjectofcare.gui.CambioClickablePatientBannerButton[name=null, text=&apos;&apos;, enabled=true, visible=true, showing=true]
                se.cambiosys.client.framework.subjectofcare.gui.CambioClickablePatientBannerButton[name=null, text=&apos;&apos;, enabled=true, visible=true, showing=true]
                se.cambiosys.client.framework.components.CambioLabel[name=&apos;Table.cellRenderer&apos;, text=&apos;&apos;, enabled=true, visible=true, showing=true]
            se.cambiosys.client.framework.components.CambioDesktopPane[]
              javax.swing.JLabel[name=null, text=&apos;&apos;, enabled=true, visible=true, showing=true]
        se.cambiosys.client.framework.core.internal.gui.ScreenSaverPanel[name=null]
          se.cambiosys.client.framework.components.CambioLabel[name=&apos;Table.cellRenderer&apos;, text=&apos; &apos;, enabled=true, visible=true, showing=false]
        se.cambiosys.client.framework.core.internal.gui.ScreenSaverLoginPanel[name=null]
        se.cambiosys.client.framework.core.internal.gui.NoPermissionPanel[name=null]
          se.cambiosys.client.framework.core.internal.gui.NoPermissionPanel$1(javax.swing.JPanel)[name=null]
            se.cambiosys.client.framework.components.CambioPanel[name=null]
              se.cambiosys.client.framework.core.internal.gui.NoPermissionPanel$3(se.cambiosys.client.framework.components.CambioLabel)[name=&apos;Table.cellRenderer&apos;, text=&apos;or if the user is inactivated by the system administrator. Click OK to login again.&apos;, enabled=true, visible=true, showing=false]
              se.cambiosys.client.framework.components.CambioPanel[name=null]
              se.cambiosys.client.framework.components.CambioButton[name=null, text=&apos;OK&apos;, enabled=true, visible=true, showing=false]
              se.cambiosys.client.framework.core.internal.gui.NoPermissionPanel$2(se.cambiosys.client.framework.components.CambioLabel)[name=&apos;Table.cellRenderer&apos;, text=&apos;You have been logged out from this computer. This happens if the same user log in to another computer&apos;, enabled=true, visible=true, showing=false]
      de.javasoft.plaf.synthetica.SyntheticaTitlePane[name=&apos;RootPane.titlePane&apos;]
        javax.swing.JButton[name=&apos;RootPane.titlePane.menuButton&apos;, text=&apos;&apos;, enabled=true, visible=true, showing=true]
        javax.swing.JLabel[name=&apos;RootPane.title&apos;, text=&apos; &apos;, enabled=true, visible=true, showing=true]
        javax.swing.JLabel[name=&apos;RootPane.menuBar&apos;, text=&apos; &apos;, enabled=true, visible=false, showing=false]
        javax.swing.JButton[name=&apos;RootPane.titlePane.iconifyButton&apos;, text=null, enabled=true, visible=true, showing=true]
        javax.swing.JButton[name=&apos;RootPane.titlePane.toggleButton&apos;, text=null, enabled=true, visible=true, showing=true]
        javax.swing.JButton[name=&apos;RootPane.titlePane.closeButton&apos;, text=null, enabled=true, visible=true, showing=true]
  se.cambiosys.client.framework.subjectofcare.internal.group.gui.GroupSOCSelectedPanel$ExtendedGroupBannerDialog[name=&apos;dialog2&apos;, title=null, enabled=true, modal=false, visible=false, showing=false]
    javax.swing.JRootPane[]
      javax.swing.JPanel[name=&apos;null.glassPane&apos;]
      javax.swing.JLayeredPane[]
        javax.swing.JPanel[name=&apos;null.contentPane&apos;]
          se.cambiosys.client.framework.subjectofcare.internal.group.gui.ExtendedGroupBannerPanel[name=&apos;SubjectGroupSOCSelectedPanel.groupBannerPanel&apos;]
            se.cambiosys.client.framework.components.CambioScrollPane[name=&apos;Subjectofcare.ExtendedGroupBannerPanel.scrollPane&apos;, enabled=true, visible=true, showing=false]
              javax.swing.JViewport[,0,0,0x0,invalid,layout=javax.swing.ViewportLayout,alignmentX=0.0,alignmentY=0.0,border=,flags=25165824,maximumSize=,minimumSize=,preferredSize=,isViewSizeSet=false,lastPaintPosition=,scrollUnderway=false]
                se.cambiosys.client.framework.subjectofcare.internal.group.gui.ExtendedGroupBannerPanel$1(se.cambiosys.client.framework.components.CambioTextPane)[name=&apos;Subjectofcare.ExtendedGroupBannerPanel.textPane&apos;, text=&apos;&lt;html&gt;
  &lt;head&gt;

  &lt;/head&gt;
  &lt;body&gt;
    &lt;p style=&quot;margin-top: 0&quot;&gt;
      
    &lt;/p&gt;
  &lt;/body&gt;
&lt;/html&gt;
&apos;, enabled=true, visible=true, showing=false]
              javax.swing.JScrollPane$ScrollBar[name=null, value=0, blockIncrement=10, minimum=0, maximum=100, enabled=true, visible=true, showing=false]
                javax.swing.plaf.synth.SynthScrollBarUI$2(javax.swing.plaf.synth.SynthArrowButton)[name=&apos;ScrollBar.button&apos;, text=&apos;&apos;, enabled=true, visible=true, showing=false]
                javax.swing.plaf.synth.SynthScrollBarUI$1(javax.swing.plaf.synth.SynthArrowButton)[name=&apos;ScrollBar.button&apos;, text=&apos;&apos;, enabled=true, visible=true, showing=false]
              javax.swing.JScrollPane$ScrollBar[name=null, value=0, blockIncrement=10, minimum=0, maximum=100, enabled=true, visible=true, showing=false]
                javax.swing.plaf.synth.SynthScrollBarUI$2(javax.swing.plaf.synth.SynthArrowButton)[name=&apos;ScrollBar.button&apos;, text=&apos;&apos;, enabled=true, visible=true, showing=false]
                javax.swing.plaf.synth.SynthScrollBarUI$1(javax.swing.plaf.synth.SynthArrowButton)[name=&apos;ScrollBar.button&apos;, text=&apos;&apos;, enabled=true, visible=true, showing=false]
            se.cambiosys.client.framework.components.CambioPanel[name=&apos;Subjectofcare.ExtendedGroupBannerPanel.buttonPanel&apos;]
              se.cambiosys.client.framework.components.CambioButton[name=&apos;Subjectofcare.ExtendedGroupBannerPanel.btnGroupCard&apos;, text=&apos;Group card&apos;, enabled=true, visible=true, showing=false]
  se.cambiosys.client.framework.subjectofcare.internal.gui.ExtendedPatientBannerDialog[name=&apos;Patients.PatientSOCSelectedPanel.PatientSOCSelectedPanel&apos;, title=null, enabled=true, modal=false, visible=false, showing=false]
    javax.swing.JRootPane[]
      javax.swing.JPanel[name=&apos;null.glassPane&apos;]
      javax.swing.JLayeredPane[]
        javax.swing.JPanel[name=&apos;null.contentPane&apos;]
          se.cambiosys.client.framework.subjectofcare.internal.gui.ExtendedPatientBannerPanel[name=&apos;Patients.PatientSOCSelectedPanel.PatientSOCSelectedPanel&apos;]
            se.cambiosys.client.framework.components.CambioScrollPane[name=&apos;Subjectofcare.ExtendedPatientBannerPanel.scrollPane&apos;, enabled=true, visible=true, showing=false]
              javax.swing.JViewport[,0,0,0x0,invalid,layout=javax.swing.ViewportLayout,alignmentX=0.0,alignmentY=0.0,border=,flags=25165824,maximumSize=,minimumSize=,preferredSize=,isViewSizeSet=false,lastPaintPosition=,scrollUnderway=false]
                se.cambiosys.client.framework.subjectofcare.internal.gui.ExtendedPatientBannerPanel$1(se.cambiosys.client.framework.components.CambioTextPane)[name=&apos;Subjectofcare.ExtendedPatientBannerPanel.textPane&apos;, text=&apos;&lt;html&gt;
  &lt;head&gt;

  &lt;/head&gt;
  &lt;body&gt;
    &lt;p style=&quot;margin-top: 0&quot;&gt;
      
    &lt;/p&gt;
  &lt;/body&gt;
&lt;/html&gt;
&apos;, enabled=true, visible=true, showing=false]
              javax.swing.JScrollPane$ScrollBar[name=null, value=0, blockIncrement=10, minimum=0, maximum=100, enabled=true, visible=true, showing=false]
                javax.swing.plaf.synth.SynthScrollBarUI$2(javax.swing.plaf.synth.SynthArrowButton)[name=&apos;ScrollBar.button&apos;, text=&apos;&apos;, enabled=true, visible=true, showing=false]
                javax.swing.plaf.synth.SynthScrollBarUI$1(javax.swing.plaf.synth.SynthArrowButton)[name=&apos;ScrollBar.button&apos;, text=&apos;&apos;, enabled=true, visible=true, showing=false]
              javax.swing.JScrollPane$ScrollBar[name=null, value=0, blockIncrement=10, minimum=0, maximum=100, enabled=true, visible=true, showing=false]
                javax.swing.plaf.synth.SynthScrollBarUI$2(javax.swing.plaf.synth.SynthArrowButton)[name=&apos;ScrollBar.button&apos;, text=&apos;&apos;, enabled=true, visible=true, showing=false]
                javax.swing.plaf.synth.SynthScrollBarUI$1(javax.swing.plaf.synth.SynthArrowButton)[name=&apos;ScrollBar.button&apos;, text=&apos;&apos;, enabled=true, visible=true, showing=false]
            se.cambiosys.client.framework.components.CambioPanel[name=&apos;Subjectofcare.ExtendedPatientBannerPanel.buttonPanel&apos;]
              se.cambiosys.client.framework.components.CambioButton[name=&apos;Subjectofcare.ExtendedPatientBannerPanel.btnPatientCard&apos;, text=&apos;Patient card&apos;, enabled=true, visible=true, showing=false]

	at se.cambio.test.taf.element.desktop.elementbase.core.BaseElement.handleComponentLookUpException(BaseElement.java:288)
	at se.cambio.test.taf.element.desktop.elementbase.core.BaseJMenuItem.&lt;init&gt;(BaseJMenuItem.java:72)
	at se.cambio.test.taf.element.desktop.elementbase.core.BaseJMenu.selectMenu(BaseJMenu.java:45)
	at se.cambio.test.taf.element.desktop.element.JMenu.selectCosmicMenu(JMenu.java:33)
	at se.cambio.test.taf.element.desktop.DesktopContainerLocator.selectMenu(DesktopContainerLocator.java:206)
	at se.cambio.test.taf.element.desktop.PageObject.selectMenu(PageObject.java:449)
	at se.cambio.qa.panels.CosmicCDECommonHeaderPanel.headerPanel_NavigateToMenu(CosmicCDECommonHeaderPanel.java:109)
	at se.cambio.qa.panels.CosmicCDECommonHeaderPanel.landing_mb_navigate_region_membership_section(CosmicCDECommonHeaderPanel.java:345)
	at se.cambio.qa.pages.CosmicCDECommonLandingPage.landing_mb_navigate_region_membership_section(CosmicCDECommonLandingPage.java:394)
	at se.cambio.qa.dev.MbSampleTest.step_mb_region_membership(MbSampleTest.java:20)
	at sun.reflect.NativeMethodAccessorImpl.invoke0(Native Method)
	at sun.reflect.NativeMethodAccessorImpl.invoke(NativeMethodAccessorImpl.java:62)
	at sun.reflect.DelegatingMethodAccessorImpl.invoke(DelegatingMethodAccessorImpl.java:43)
	at java.lang.reflect.Method.invoke(Method.java:498)
	at org.testng.internal.MethodInvocationHelper.invokeMethod(MethodInvocationHelper.java:124)
	at org.testng.internal.Invoker.invokeMethod(Invoker.java:583)
	at org.testng.internal.Invoker.invokeTestMethod(Invoker.java:719)
	at org.testng.internal.Invoker.invokeTestMethods(Invoker.java:989)
	at org.testng.internal.TestMethodWorker.invokeTestMethods(TestMethodWorker.java:125)
	at org.testng.internal.TestMethodWorker.run(TestMethodWorker.java:109)
	at org.testng.TestRunner.privateRun(TestRunner.java:648)
	at org.testng.TestRunner.run(TestRunner.java:505)
	at org.testng.SuiteRunner.runTest(SuiteRunner.java:455)
	at org.testng.SuiteRunner.runSequentially(SuiteRunner.java:450)
	at org.testng.SuiteRunner.privateRun(SuiteRunner.java:415)
	at org.testng.SuiteRunner.run(SuiteRunner.java:364)
	at org.testng.SuiteRunnerWorker.runSuite(SuiteRunnerWorker.java:52)
	at org.testng.SuiteRunnerWorker.run(SuiteRunnerWorker.java:84)
	at org.testng.TestNG.runSuitesSequentially(TestNG.java:1208)
	at org.testng.TestNG.runSuitesLocally(TestNG.java:1137)
	at org.testng.TestNG.runSuites(TestNG.java:1049)
	at org.testng.TestNG.run(TestNG.java:1017)
	at se.cambio.test.runner.framework.executor.impl.local.TestNgTestExecutor.runTestSuite(TestNgTestExecutor.java:53)
	at se.cambio.test.runner.framework.executor.impl.local.TestNgTestExecutor.execute(TestNgTestExecutor.java:37)
	at se.cambio.test.runner.framework.runner.DelegatingTestRunner.run(DelegatingTestRunner.java:34)
	... 30 more
Caused by: se.cambio.test.taf.core.exception.ApplicationException: Unable to find JMenuItem using the specified GenericTypeMatcher. 
Error: Unable to find component using matcher se.cambio.test.taf.element.desktop.elementbase.core.BaseJMenu$2@4215e133.

Component hierarchy:
se.cambiosys.client.framework.core.internal.gui.MainWindow[name=&apos;jframe_main_window&apos;, title=&apos;Prasad Ranasinghe, (PrasadR), Central administrator*The Emergency department*&apos;, enabled=true, visible=true, showing=true]
  javax.swing.JRootPane[]
    se.cambiosys.client.framework.core.internal.gui.MainGlassPane[name=null]
    javax.swing.JLayeredPane[]
      javax.swing.JPanel[name=null]
        javax.swing.JPopupMenu[name=null, label=null, enabled=true, visible=true, showing=true]
          se.cambiosys.client.framework.core.internal.gui.CambioMenuSearchComponent[name=null]
            se.cambiosys.client.framework.components.CambioPanel[name=null]
              javax.swing.JTextField[name=null, text=&apos;&apos;, enabled=true, visible=true, showing=true]
              se.cambiosys.client.framework.components.CambioLabel[name=&apos;Table.cellRenderer&apos;, text=&apos;&apos;, enabled=true, visible=true, showing=true]
              se.cambiosys.client.framework.components.CambioButton[name=null, text=&apos;&apos;, enabled=true, visible=false, showing=false]
          se.cambiosys.client.framework.components.CambioMenu[name=null, text=&apos;Page Object Creator&apos;, selected=false, enabled=true, visible=true, showing=true]
            javax.swing.JPopupMenu[name=null, label=null, enabled=true, visible=false, showing=false]
              se.cambiosys.client.framework.menueditor.internal.InitializingMenuItem[name=null, text=&apos;Loading...&apos;, selected=false, enabled=true, visible=true, showing=false]
                se.cambiosys.client.framework.core.internal.CambioShortcutMenuButton[name=null, text=&apos;&apos;, selected=false, enabled=true, visible=true, showing=false]
          se.cambiosys.client.framework.components.CambioMenu[name=null, text=&apos;Activity&apos;, selected=false, enabled=true, visible=true, showing=true]
            javax.swing.JPopupMenu[name=null, label=null, enabled=true, visible=false, showing=false]
              se.cambiosys.client.framework.menueditor.internal.InitializingMenuItem[name=null, text=&apos;Order&apos;, selected=false, enabled=false, visible=true, showing=false]
                se.cambiosys.client.framework.core.internal.CambioShortcutMenuButton[name=null, text=&apos;&apos;, selected=true, enabled=true, visible=true, showing=false]
              se.cambiosys.client.framework.menueditor.internal.InitializingMenuItem[name=null, text=&apos;Order Administration&apos;, selected=false, enabled=true, visible=true, showing=false]
                se.cambiosys.client.framework.core.internal.CambioShortcutMenuButton[name=null, text=&apos;&apos;, selected=false, enabled=true, visible=true, showing=false]
          se.cambiosys.client.framework.components.CambioMenu[name=null, text=&apos;Patient Generated Care Entries&apos;, selected=false, enabled=true, visible=true, showing=true]
            javax.swing.JPopupMenu[name=null, label=null, enabled=true, visible=false, showing=false]
              se.cambiosys.client.framework.menueditor.internal.InitializingMenuItem[name=null, text=&apos;PG CareEntries Testing Tool&apos;, selected=false, enabled=true, visible=true, showing=false]
                se.cambiosys.client.framework.core.internal.CambioShortcutMenuButton[name=null, text=&apos;&apos;, selected=false, enabled=true, visible=true, showing=false]
          se.cambiosys.client.framework.components.CambioMenu[name=null, text=&apos;Referral&apos;, selected=false, enabled=true, visible=true, showing=true]
            javax.swing.JPopupMenu[name=null, label=null, enabled=true, visible=false, showing=false]
              se.cambiosys.client.framework.menueditor.internal.InitializingMenuItem[name=null, text=&apos;New referral&apos;, selected=false, enabled=true, visible=true, showing=false]
                se.cambiosys.client.framework.core.internal.CambioShortcutMenuButton[name=null, text=&apos;&apos;, selected=false, enabled=true, visible=true, showing=false]
              se.cambiosys.client.framework.menueditor.internal.InitializingMenuItem[name=null, text=&apos;Received referrals&apos;, selected=false, enabled=true, visible=true, showing=false]
                se.cambiosys.client.framework.core.internal.CambioShortcutMenuButton[name=null, text=&apos;&apos;, selected=false, enabled=true, visible=true, showing=false]
              se.cambiosys.client.framework.menueditor.internal.InitializingMenuItem[name=null, text=&apos;Register referral&apos;, selected=false, enabled=true, visible=true, showing=false]
                se.cambiosys.client.framework.core.internal.CambioShortcutMenuButton[name=null, text=&apos;&apos;, selected=false, enabled=true, visible=true, showing=false]
              se.cambiosys.client.framework.menueditor.internal.InitializingMenuItem[name=null, text=&apos;Saved and sent referrals&apos;, selected=false, enabled=true, visible=true, showing=false]
                se.cambiosys.client.framework.core.internal.CambioShortcutMenuButton[name=null, text=&apos;&apos;, selected=false, enabled=true, visible=true, showing=false]
              se.cambiosys.client.framework.menueditor.internal.InitializingMenuItem[name=null, text=&apos;Patient&apos;s list of answers&apos;, selected=false, enabled=true, visible=true, showing=false]
                se.cambiosys.client.framework.core.internal.CambioShortcutMenuButton[name=null, text=&apos;&apos;, selected=false, enabled=true, visible=true, showing=false]
              se.cambiosys.client.framework.components.CambioMenu[name=null, text=&apos;Administration&apos;, selected=false, enabled=true, visible=true, showing=false]
                javax.swing.JPopupMenu[name=null, label=null, enabled=true, visible=false, showing=false]
                  se.cambiosys.client.framework.menueditor.internal.InitializingMenuItem[name=null, text=&apos;Documentation templates&apos;, selected=false, enabled=true, visible=true, showing=false]
                    se.cambiosys.client.framework.core.internal.CambioShortcutMenuButton[name=null, text=&apos;&apos;, selected=false, enabled=true, visible=true, showing=false]
          se.cambiosys.client.framework.components.CambioMenu[name=null, text=&apos;Link&apos;, selected=false, enabled=true, visible=true, showing=true]
            javax.swing.JPopupMenu[name=null, label=null, enabled=true, visible=false, showing=false]
              se.cambiosys.client.framework.menueditor.internal.InitializingMenuItem[name=null, text=&apos;Case overview&apos;, selected=false, enabled=true, visible=true, showing=false]
                se.cambiosys.client.framework.core.internal.CambioShortcutMenuButton[name=null, text=&apos;&apos;, selected=false, enabled=true, visible=true, showing=false]
              se.cambiosys.client.framework.components.CambioMenu[name=null, text=&apos;Administration&apos;, selected=false, enabled=true, visible=true, showing=false]
                javax.swing.JPopupMenu[name=null, label=null, enabled=true, visible=false, showing=false]
                  se.cambiosys.client.framework.menueditor.internal.InitializingMenuItem[name=null, text=&apos;Suggested Admission message receivers&apos;, selected=false, enabled=true, visible=true, showing=false]
                    se.cambiosys.client.framework.core.internal.CambioShortcutMenuButton[name=null, text=&apos;&apos;, selected=false, enabled=true, visible=true, showing=false]
          se.cambiosys.client.framework.components.CambioMenu[name=null, text=&apos;Fluid balance&apos;, selected=false, enabled=true, visible=true, showing=true]
            javax.swing.JPopupMenu[name=null, label=null, enabled=true, visible=false, showing=false]
              se.cambiosys.client.framework.menueditor.internal.InitializingMenuItem[name=null, text=&apos;Fluid Balance&apos;, selected=false, enabled=true, visible=true, showing=false]
                se.cambiosys.client.framework.core.internal.CambioShortcutMenuButton[name=null, text=&apos;&apos;, selected=false, enabled=true, visible=true, showing=false]
          se.cambiosys.client.framework.components.CambioMenu[name=null, text=&apos;Help&apos;, selected=false, enabled=true, visible=true, showing=true]
            javax.swing.JPopupMenu[name=null, label=null, enabled=true, visible=false, showing=false]
              se.cambiosys.client.framework.menueditor.internal.InitializingMenuItem[name=null, text=&apos;About Cambio COSMIC...&apos;, selected=false, enabled=true, visible=true, showing=false]
                se.cambiosys.client.framework.core.internal.CambioShortcutMenuButton[name=null, text=&apos;&apos;, selected=false, enabled=true, visible=true, showing=false]
              se.cambiosys.client.framework.menueditor.internal.InitializingMenuItem[name=null, text=&apos;Help for Cosmic&apos;, selected=false, enabled=true, visible=true, showing=false]
                se.cambiosys.client.framework.core.internal.CambioShortcutMenuButton[name=null, text=&apos;&apos;, selected=false, enabled=true, visible=true, showing=false]
          se.cambiosys.client.framework.components.CambioMenu[name=null, text=&apos;CDS&apos;, selected=false, enabled=true, visible=true, showing=true]
            javax.swing.JPopupMenu[name=null, label=null, enabled=true, visible=false, showing=false]
              se.cambiosys.client.framework.menueditor.internal.InitializingMenuItem[name=null, text=&apos;CDS App Administration&apos;, selected=false, enabled=true, visible=true, showing=false]
                se.cambiosys.client.framework.core.internal.CambioShortcutMenuButton[name=null, text=&apos;&apos;, selected=false, enabled=true, visible=true, showing=false]
              se.cambiosys.client.framework.menueditor.internal.InitializingMenuItem[name=null, text=&apos;Stroke Prevention for Atrial Fibrillation&apos;, selected=false, enabled=true, visible=true, showing=false]
                se.cambiosys.client.framework.core.internal.CambioShortcutMenuButton[name=null, text=&apos;&apos;, selected=false, enabled=true, visible=true, showing=false]
          se.cambiosys.client.framework.components.CambioMenu[name=null, text=&apos;Resource planning&apos;, selected=false, enabled=true, visible=true, showing=true]
            javax.swing.JPopupMenu[name=null, label=null, enabled=true, visible=false, showing=false]
              se.cambiosys.client.framework.menueditor.internal.InitializingMenuItem[name=null, text=&apos;Schedule&apos;, selected=false, enabled=true, visible=true, showing=false]
                se.cambiosys.client.framework.core.internal.CambioShortcutMenuButton[name=null, text=&apos;&apos;, selected=false, enabled=true, visible=true, showing=false]
              se.cambiosys.client.framework.menueditor.internal.InitializingMenuItem[name=null, text=&apos;Schedule groups&apos;, selected=false, enabled=true, visible=true, showing=false]
                se.cambiosys.client.framework.core.internal.CambioShortcutMenuButton[name=null, text=&apos;&apos;, selected=false, enabled=true, visible=true, showing=false]
              se.cambiosys.client.framework.menueditor.internal.InitializingMenuItem[name=null, text=&apos;Schedule overview&apos;, selected=false, enabled=true, visible=true, showing=false]
                se.cambiosys.client.framework.core.internal.CambioShortcutMenuButton[name=null, text=&apos;&apos;, selected=false, enabled=true, visible=true, showing=false]
              se.cambiosys.client.framework.components.CambioMenu[name=null, text=&apos;Administration&apos;, selected=false, enabled=true, visible=true, showing=false]
                javax.swing.JPopupMenu[name=null, label=null, enabled=true, visible=false, showing=false]
                  se.cambiosys.client.framework.menueditor.internal.InitializingMenuItem[name=null, text=&apos;Connect time slot services&apos;, selected=false, enabled=true, visible=true, showing=false]
                    se.cambiosys.client.framework.core.internal.CambioShortcutMenuButton[name=null, text=&apos;&apos;, selected=false, enabled=true, visible=true, showing=false]
                  se.cambiosys.client.framework.components.CambioMenu[name=null, text=&apos;Scheme&apos;, selected=false, enabled=true, visible=true, showing=false]
                    javax.swing.JPopupMenu[name=null, label=null, enabled=true, visible=false, showing=false]
                      se.cambiosys.client.framework.menueditor.internal.InitializingMenuItem[name=null, text=&apos;Services scheme&apos;, selected=false, enabled=true, visible=true, showing=false]
                        se.cambiosys.client.framework.core.internal.CambioShortcutMenuButton[name=null, text=&apos;&apos;, selected=false, enabled=true, visible=true, showing=false]
                      se.cambiosys.client.framework.menueditor.internal.InitializingMenuItem[name=null, text=&apos;Scheme templates&apos;, selected=false, enabled=true, visible=true, showing=false]
                        se.cambiosys.client.framework.core.internal.CambioShortcutMenuButton[name=null, text=&apos;&apos;, selected=false, enabled=true, visible=true, showing=false]
                      se.cambiosys.client.framework.menueditor.internal.InitializingMenuItem[name=null, text=&apos;Resource&apos;s scheme&apos;, selected=false, enabled=true, visible=true, showing=false]
                        se.cambiosys.client.framework.core.internal.CambioShortcutMenuButton[name=null, text=&apos;&apos;, selected=false, enabled=true, visible=true, showing=false]
                  se.cambiosys.client.framework.components.CambioMenu[name=null, text=&apos;Staffing&apos;, selected=false, enabled=true, visible=true, showing=false]
                    javax.swing.JPopupMenu[name=null, label=null, enabled=true, visible=false, showing=false]
                      se.cambiosys.client.framework.menueditor.internal.InitializingMenuItem[name=null, text=&apos;Allocate resources - Services scheme&apos;, selected=false, enabled=true, visible=true, showing=false]
                        se.cambiosys.client.framework.core.internal.CambioShortcutMenuButton[name=null, text=&apos;&apos;, selected=false, enabled=true, visible=true, showing=false]
                      se.cambiosys.client.framework.menueditor.internal.InitializingMenuItem[name=null, text=&apos;Allocate resources - Scheme templates&apos;, selected=false, enabled=true, visible=true, showing=false]
                        se.cambiosys.client.framework.core.internal.CambioShortcutMenuButton[name=null, text=&apos;&apos;, selected=false, enabled=true, visible=true, showing=false]
                      se.cambiosys.client.framework.menueditor.internal.InitializingMenuItem[name=null, text=&apos;Services missing resources&apos;, selected=false, enabled=true, visible=true, showing=false]
                        se.cambiosys.client.framework.core.internal.CambioShortcutMenuButton[name=null, text=&apos;&apos;, selected=false, enabled=true, visible=true, showing=false]
              se.cambiosys.client.framework.menueditor.internal.InitializingMenuItem[name=null, text=&apos;Planned activities&apos;, selected=false, enabled=true, visible=true, showing=false]
                se.cambiosys.client.framework.core.internal.CambioShortcutMenuButton[name=null, text=&apos;&apos;, selected=false, enabled=true, visible=true, showing=false]
              se.cambiosys.client.framework.menueditor.internal.InitializingMenuItem[name=null, text=&apos;Planning form&apos;, selected=false, enabled=true, visible=true, showing=false]
                se.cambiosys.client.framework.core.internal.CambioShortcutMenuButton[name=null, text=&apos;&apos;, selected=false, enabled=true, visible=true, showing=false]
              se.cambiosys.client.framework.menueditor.internal.InitializingMenuItem[name=null, text=&apos;Light planning form&apos;, selected=false, enabled=true, visible=true, showing=false]
                se.cambiosys.client.framework.core.internal.CambioShortcutMenuButton[name=null, text=&apos;&apos;, selected=false, enabled=true, visible=true, showing=false]
          se.cambiosys.client.framework.components.CambioMenu[name=null, text=&apos;Activity handling&apos;, selected=false, enabled=true, visible=true, showing=true]
            javax.swing.JPopupMenu[name=null, label=null, enabled=true, visible=false, showing=false]
              se.cambiosys.client.framework.menueditor.internal.InitializingMenuItem[name=null, text=&apos;Activity handler&apos;, selected=false, enabled=true, visible=true, showing=false]
                se.cambiosys.client.framework.core.internal.CambioShortcutMenuButton[name=null, text=&apos;&apos;, selected=false, enabled=true, visible=true, showing=false]
              se.cambiosys.client.framework.components.CambioMenu[name=null, text=&apos;Administration&apos;, selected=false, enabled=true, visible=true, showing=false]
                javax.swing.JPopupMenu[name=null, label=null, enabled=true, visible=false, showing=false]
                  se.cambiosys.client.framework.menueditor.internal.InitializingMenuItem[name=null, text=&apos;Configuration of Activity plans&apos;, selected=false, enabled=true, visible=true, showing=false]
                    se.cambiosys.client.framework.core.internal.CambioShortcutMenuButton[name=null, text=&apos;&apos;, selected=false, enabled=true, visible=true, showing=false]
                  se.cambiosys.client.framework.menueditor.internal.InitializingMenuItem[name=null, text=&apos;Configuration of activity plan activation&apos;, selected=false, enabled=true, visible=true, showing=false]
                    se.cambiosys.client.framework.core.internal.CambioShortcutMenuButton[name=null, text=&apos;&apos;, selected=false, enabled=true, visible=true, showing=false]
          se.cambiosys.client.framework.components.CambioMenu[name=null, text=&apos;Drugs&apos;, selected=false, enabled=true, visible=true, showing=true]
            javax.swing.JPopupMenu[name=null, label=null, enabled=true, visible=false, showing=false]
              se.cambiosys.client.framework.menueditor.internal.InitializingMenuItem[name=null, text=&apos;Appliance&apos;, selected=false, enabled=true, visible=true, showing=false]
                se.cambiosys.client.framework.core.internal.CambioShortcutMenuButton[name=null, text=&apos;&apos;, selected=false, enabled=true, visible=true, showing=false]
              se.cambiosys.client.framework.menueditor.internal.InitializingMenuItem[name=null, text=&apos;Prescription&apos;, selected=false, enabled=true, visible=true, showing=false]
                se.cambiosys.client.framework.core.internal.CambioShortcutMenuButton[name=null, text=&apos;&apos;, selected=false, enabled=true, visible=true, showing=false]
              se.cambiosys.client.framework.menueditor.internal.InitializingMenuItem[name=null, text=&apos;R8.0 List of medications&apos;, selected=false, enabled=true, visible=true, showing=false]
                se.cambiosys.client.framework.core.internal.CambioShortcutMenuButton[name=null, text=&apos;&apos;, selected=false, enabled=true, visible=true, showing=false]
              se.cambiosys.client.framework.components.CambioMenu[name=null, text=&apos;Administration&apos;, selected=false, enabled=true, visible=true, showing=false]
                javax.swing.JPopupMenu[name=null, label=null, enabled=true, visible=false, showing=false]
                  se.cambiosys.client.framework.menueditor.internal.InitializingMenuItem[name=null, text=&apos;Sent E-prescriptions&apos;, selected=false, enabled=true, visible=true, showing=false]
                    se.cambiosys.client.framework.core.internal.CambioShortcutMenuButton[name=null, text=&apos;&apos;, selected=false, enabled=true, visible=true, showing=false]
              se.cambiosys.client.framework.menueditor.internal.InitializingMenuItem[name=null, text=&apos;Warnings, cautions and infected blood&apos;, selected=false, enabled=false, visible=true, showing=false]
                se.cambiosys.client.framework.core.internal.CambioShortcutMenuButton[name=null, text=&apos;&apos;, selected=false, enabled=true, visible=true, showing=false]
              se.cambiosys.client.framework.menueditor.internal.InitializingMenuItem[name=null, text=&apos;Medical administration record&apos;, selected=false, enabled=true, visible=true, showing=false]
                se.cambiosys.client.framework.core.internal.CambioShortcutMenuButton[name=null, text=&apos;&apos;, selected=false, enabled=true, visible=true, showing=false]
              se.cambiosys.client.framework.menueditor.internal.InitializingMenuItem[name=null, text=&apos;Decision about medication at admission&apos;, selected=false, enabled=true, visible=true, showing=false]
                se.cambiosys.client.framework.core.internal.CambioShortcutMenuButton[name=null, text=&apos;&apos;, selected=false, enabled=true, visible=true, showing=false]
          se.cambiosys.client.framework.components.CambioMenu[name=null, text=&apos;Concept&apos;, selected=false, enabled=true, visible=true, showing=true]
            javax.swing.JPopupMenu[name=null, label=null, enabled=true, visible=false, showing=false]
              se.cambiosys.client.framework.menueditor.internal.InitializingMenuItem[name=null, text=&apos;Terminology binding configuration&apos;, selected=false, enabled=true, visible=true, showing=false]
                se.cambiosys.client.framework.core.internal.CambioShortcutMenuButton[name=null, text=&apos;&apos;, selected=false, enabled=true, visible=true, showing=false]
          se.cambiosys.client.framework.components.CambioMenu[name=null, text=&apos;Block Administration&apos;, selected=false, enabled=true, visible=true, showing=true]
            javax.swing.JPopupMenu[name=null, label=null, enabled=true, visible=false, showing=false]
              se.cambiosys.client.framework.menueditor.internal.InitializingMenuItem[name=null, text=&apos;Block Administration&apos;, selected=false, enabled=true, visible=true, showing=false]
                se.cambiosys.client.framework.core.internal.CambioShortcutMenuButton[name=null, text=&apos;&apos;, selected=false, enabled=true, visible=true, showing=false]
          se.cambiosys.client.framework.components.CambioMenu[name=null, text=&apos;Overviews&apos;, selected=false, enabled=true, visible=true, showing=true]
            javax.swing.JPopupMenu[name=null, label=null, enabled=true, visible=false, showing=false]
              se.cambiosys.client.framework.menueditor.internal.InitializingMenuItem[name=null, text=&apos;Unsigned and Unacknowledged&apos;, selected=false, enabled=true, visible=true, showing=false]
                se.cambiosys.client.framework.core.internal.CambioShortcutMenuButton[name=null, text=&apos;&apos;, selected=false, enabled=true, visible=true, showing=false]
              se.cambiosys.client.framework.components.CambioMenu[name=null, text=&apos;Unit overviews&apos;, selected=false, enabled=true, visible=true, showing=false]
                javax.swing.JPopupMenu[name=null, label=null, enabled=true, visible=false, showing=false]
                  se.cambiosys.client.framework.menueditor.internal.InitializingMenuItem[name=null, text=&apos;Services&apos;, selected=false, enabled=true, visible=true, showing=false]
                    se.cambiosys.client.framework.core.internal.CambioShortcutMenuButton[name=null, text=&apos;&apos;, selected=false, enabled=true, visible=true, showing=false]
                  se.cambiosys.client.framework.menueditor.internal.InitializingMenuItem[name=null, text=&apos;Commitment&apos;, selected=false, enabled=true, visible=true, showing=false]
                    se.cambiosys.client.framework.core.internal.CambioShortcutMenuButton[name=null, text=&apos;&apos;, selected=false, enabled=true, visible=true, showing=false]
                  se.cambiosys.client.framework.menueditor.internal.InitializingMenuItem[name=null, text=&apos;Admission overview&apos;, selected=false, enabled=true, visible=true, showing=false]
                    se.cambiosys.client.framework.core.internal.CambioShortcutMenuButton[name=null, text=&apos;&apos;, selected=false, enabled=true, visible=true, showing=false]
                  se.cambiosys.client.framework.menueditor.internal.InitializingMenuItem[name=null, text=&apos;Loading...&apos;, selected=false, enabled=true, visible=true, showing=false]
                    se.cambiosys.client.framework.core.internal.CambioShortcutMenuButton[name=null, text=&apos;&apos;, selected=false, enabled=true, visible=true, showing=false]
                  se.cambiosys.client.framework.menueditor.internal.InitializingMenuItem[name=null, text=&apos;Loading...&apos;, selected=false, enabled=true, visible=true, showing=false]
                    se.cambiosys.client.framework.core.internal.CambioShortcutMenuButton[name=null, text=&apos;&apos;, selected=false, enabled=true, visible=true, showing=false]
              se.cambiosys.client.framework.menueditor.internal.InitializingMenuItem[name=null, text=&apos;Visit Overview&apos;, selected=false, enabled=true, visible=true, showing=false]
                se.cambiosys.client.framework.core.internal.CambioShortcutMenuButton[name=null, text=&apos;&apos;, selected=false, enabled=true, visible=true, showing=false]
              se.cambiosys.client.framework.menueditor.internal.InitializingMenuItem[name=null, text=&apos;Clinical overview - OP&apos;, selected=false, enabled=true, visible=true, showing=false]
                se.cambiosys.client.framework.core.internal.CambioShortcutMenuButton[name=null, text=&apos;&apos;, selected=false, enabled=true, visible=true, showing=false]
              se.cambiosys.client.framework.menueditor.internal.InitializingMenuItem[name=null, text=&apos;Clinical overview - IP&apos;, selected=false, enabled=true, visible=true, showing=false]
                se.cambiosys.client.framework.core.internal.CambioShortcutMenuButton[name=null, text=&apos;&apos;, selected=false, enabled=true, visible=true, showing=false]
              se.cambiosys.client.framework.menueditor.internal.InitializingMenuItem[name=null, text=&apos;Process view&apos;, selected=false, enabled=true, visible=true, showing=false]
                se.cambiosys.client.framework.core.internal.CambioShortcutMenuButton[name=null, text=&apos;&apos;, selected=false, enabled=true, visible=true, showing=false]
              se.cambiosys.client.framework.menueditor.internal.InitializingMenuItem[name=null, text=&apos;Dynamic overviews - Administration&apos;, selected=false, enabled=true, visible=true, showing=false]
                se.cambiosys.client.framework.core.internal.CambioShortcutMenuButton[name=null, text=&apos;&apos;, selected=false, enabled=true, visible=true, showing=false]
              se.cambiosys.client.framework.components.CambioMenu[name=null, text=&apos;Dynamic overviews&apos;, selected=false, enabled=true, visible=true, showing=false]
                javax.swing.JPopupMenu[name=null, label=null, enabled=true, visible=false, showing=false]
                  se.cambiosys.client.overviewmodule.Module$8(se.cambiosys.client.framework.components.CambioMenuItem)[name=null, text=&apos;All views*&apos;, selected=false, enabled=true, visible=true, showing=false]
                    se.cambiosys.client.framework.core.internal.CambioShortcutMenuButton[name=null, text=&apos;&apos;, selected=false, enabled=true, visible=true, showing=false]
                  se.cambiosys.client.overviewmodule.Module$8(se.cambiosys.client.framework.components.CambioMenuItem)[name=null, text=&apos;Doctor*&apos;, selected=false, enabled=true, visible=true, showing=false]
                    se.cambiosys.client.framework.core.internal.CambioShortcutMenuButton[name=null, text=&apos;&apos;, selected=false, enabled=true, visible=true, showing=false]
                  se.cambiosys.client.overviewmodule.Module$8(se.cambiosys.client.framework.components.CambioMenuItem)[name=null, text=&apos;Inpatient*&apos;, selected=false, enabled=true, visible=true, showing=false]
                    se.cambiosys.client.framework.core.internal.CambioShortcutMenuButton[name=null, text=&apos;&apos;, selected=false, enabled=true, visible=true, showing=false]
                  se.cambiosys.client.overviewmodule.Module$8(se.cambiosys.client.framework.components.CambioMenuItem)[name=null, text=&apos;Patient*&apos;, selected=false, enabled=true, visible=true, showing=false]
                    se.cambiosys.client.framework.core.internal.CambioShortcutMenuButton[name=null, text=&apos;&apos;, selected=false, enabled=true, visible=true, showing=false]
              se.cambiosys.client.framework.menueditor.internal.InitializingMenuItem[name=null, text=&apos;Patient Overview&apos;, selected=false, enabled=true, visible=true, showing=false]
                se.cambiosys.client.framework.core.internal.CambioShortcutMenuButton[name=null, text=&apos;&apos;, selected=false, enabled=true, visible=true, showing=false]
              se.cambiosys.client.framework.menueditor.internal.InitializingMenuItem[name=null, text=&apos;Analyse Area&apos;, selected=false, enabled=true, visible=true, showing=false]
                se.cambiosys.client.framework.core.internal.CambioShortcutMenuButton[name=null, text=&apos;&apos;, selected=false, enabled=true, visible=true, showing=false]
              se.cambiosys.client.framework.menueditor.internal.InitializingMenuItem[name=null, text=&apos;My Overview&apos;, selected=false, enabled=true, visible=true, showing=false]
                se.cambiosys.client.framework.core.internal.CambioShortcutMenuButton[name=null, text=&apos;&apos;, selected=false, enabled=true, visible=true, showing=false]
              se.cambiosys.client.framework.menueditor.internal.InitializingMenuItem[name=null, text=&apos;Management Overview&apos;, selected=false, enabled=true, visible=true, showing=false]
                se.cambiosys.client.framework.core.internal.CambioShortcutMenuButton[name=null, text=&apos;&apos;, selected=false, enabled=true, visible=true, showing=false]
              se.cambiosys.client.framework.menueditor.internal.InitializingMenuItem[name=null, text=&apos;List of visits&apos;, selected=false, enabled=true, visible=true, showing=false]
                se.cambiosys.client.framework.core.internal.CambioShortcutMenuButton[name=null, text=&apos;&apos;, selected=false, enabled=true, visible=true, showing=false]
              se.cambiosys.client.framework.menueditor.internal.InitializingMenuItem[name=null, text=&apos;Connection Overview&apos;, selected=false, enabled=true, visible=true, showing=false]
                se.cambiosys.client.framework.core.internal.CambioShortcutMenuButton[name=null, text=&apos;&apos;, selected=false, enabled=true, visible=true, showing=false]
              se.cambiosys.client.framework.components.CambioMenu[name=null, text=&apos;Unit overview-Administration&apos;, selected=false, enabled=true, visible=true, showing=false]
                javax.swing.JPopupMenu[name=null, label=null, enabled=true, visible=false, showing=false]
                  se.cambiosys.client.framework.components.CambioMenu[name=null, text=&apos;Priority configuration&apos;, selected=false, enabled=true, visible=true, showing=false]
                    javax.swing.JPopupMenu[name=null, label=null, enabled=true, visible=false, showing=false]
                      se.cambiosys.client.framework.menueditor.internal.InitializingMenuItem[name=null, text=&apos;Loading...&apos;, selected=false, enabled=true, visible=true, showing=false]
                        se.cambiosys.client.framework.core.internal.CambioShortcutMenuButton[name=null, text=&apos;&apos;, selected=false, enabled=true, visible=true, showing=false]
                      se.cambiosys.client.framework.menueditor.internal.InitializingMenuItem[name=null, text=&apos;Loading...&apos;, selected=false, enabled=true, visible=true, showing=false]
                        se.cambiosys.client.framework.core.internal.CambioShortcutMenuButton[name=null, text=&apos;&apos;, selected=false, enabled=true, visible=true, showing=false]
                  se.cambiosys.client.framework.components.CambioMenu[name=null, text=&apos;OW Configuration&apos;, selected=false, enabled=true, visible=true, showing=false]
                    javax.swing.JPopupMenu[name=null, label=null, enabled=true, visible=false, showing=false]
                      se.cambiosys.client.framework.menueditor.internal.InitializingMenuItem[name=null, text=&apos;Loading...&apos;, selected=false, enabled=true, visible=true, showing=false]
                        se.cambiosys.client.framework.core.internal.CambioShortcutMenuButton[name=null, text=&apos;&apos;, selected=false, enabled=true, visible=true, showing=false]
                      se.cambiosys.client.framework.menueditor.internal.InitializingMenuItem[name=null, text=&apos;Loading...&apos;, selected=false, enabled=true, visible=true, showing=false]
                        se.cambiosys.client.framework.core.internal.CambioShortcutMenuButton[name=null, text=&apos;&apos;, selected=false, enabled=true, visible=true, showing=false]
                      se.cambiosys.client.framework.menueditor.internal.InitializingMenuItem[name=null, text=&apos;Loading...&apos;, selected=false, enabled=true, visible=true, showing=false]
                        se.cambiosys.client.framework.core.internal.CambioShortcutMenuButton[name=null, text=&apos;&apos;, selected=false, enabled=true, visible=true, showing=false]
                  se.cambiosys.client.framework.menueditor.internal.InitializingMenuItem[name=null, text=&apos;Loading...&apos;, selected=false, enabled=true, visible=true, showing=false]
                    se.cambiosys.client.framework.core.internal.CambioShortcutMenuButton[name=null, text=&apos;&apos;, selected=false, enabled=true, visible=true, showing=false]
          se.cambiosys.client.framework.components.CambioMenu[name=null, text=&apos;Messenger&apos;, selected=false, enabled=true, visible=true, showing=true]
            javax.swing.JPopupMenu[name=null, label=null, enabled=true, visible=false, showing=false]
              se.cambiosys.client.framework.menueditor.internal.InitializingMenuItem[name=null, text=&apos;Inbox&apos;, selected=false, enabled=true, visible=true, showing=false]
                se.cambiosys.client.framework.core.internal.CambioShortcutMenuButton[name=null, text=&apos;&apos;, selected=false, enabled=true, visible=true, showing=false]
              se.cambiosys.client.framework.menueditor.internal.InitializingMenuItem[name=null, text=&apos;New message&apos;, selected=false, enabled=true, visible=true, showing=false]
                se.cambiosys.client.framework.core.internal.CambioShortcutMenuButton[name=null, text=&apos;&apos;, selected=false, enabled=true, visible=true, showing=false]
              se.cambiosys.client.framework.menueditor.internal.InitializingMenuItem[name=null, text=&apos;New broadcast message&apos;, selected=false, enabled=true, visible=true, showing=false]
                se.cambiosys.client.framework.core.internal.CambioShortcutMenuButton[name=null, text=&apos;&apos;, selected=false, enabled=true, visible=true, showing=false]
              se.cambiosys.client.framework.components.CambioMenu[name=null, text=&apos;Administration&apos;, selected=false, enabled=true, visible=true, showing=false]
                javax.swing.JPopupMenu[name=null, label=null, enabled=true, visible=false, showing=false]
                  se.cambiosys.client.framework.menueditor.internal.InitializingMenuItem[name=null, text=&apos;Recipient group&apos;, selected=false, enabled=true, visible=true, showing=false]
                    se.cambiosys.client.framework.core.internal.CambioShortcutMenuButton[name=null, text=&apos;&apos;, selected=false, enabled=true, visible=true, showing=false]
                  se.cambiosys.client.framework.menueditor.internal.InitializingMenuItem[name=null, text=&apos;Messenger accounts&apos;, selected=false, enabled=true, visible=true, showing=false]
                    se.cambiosys.client.framework.core.internal.CambioShortcutMenuButton[name=null, text=&apos;&apos;, selected=false, enabled=true, visible=true, showing=false]
                  se.cambiosys.client.framework.menueditor.internal.InitializingMenuItem[name=null, text=&apos;Access to other users&apos; Messenger accounts&apos;, selected=false, enabled=true, visible=true, showing=false]
                    se.cambiosys.client.framework.core.internal.CambioShortcutMenuButton[name=null, text=&apos;&apos;, selected=false, enabled=true, visible=true, showing=false]
                  se.cambiosys.client.framework.menueditor.internal.InitializingMenuItem[name=null, text=&apos;Out of office administration&apos;, selected=false, enabled=true, visible=true, showing=false]
                    se.cambiosys.client.framework.core.internal.CambioShortcutMenuButton[name=null, text=&apos;&apos;, selected=false, enabled=true, visible=true, showing=false]
          se.cambiosys.client.framework.components.CambioMenu[name=null, text=&apos;Administration&apos;, selected=false, enabled=true, visible=true, showing=true]
            javax.swing.JPopupMenu[name=null, label=null, enabled=true, visible=false, showing=false]
              se.cambiosys.client.framework.menueditor.internal.InitializingMenuItem[name=null, text=&apos;Unit register&apos;, selected=false, enabled=true, visible=true, showing=false]
                se.cambiosys.client.framework.core.internal.CambioShortcutMenuButton[name=null, text=&apos;&apos;, selected=false, enabled=true, visible=true, showing=false]
              se.cambiosys.client.framework.menueditor.internal.InitializingMenuItem[name=null, text=&apos;Resources&apos;, selected=false, enabled=true, visible=true, showing=false]
                se.cambiosys.client.framework.core.internal.CambioShortcutMenuButton[name=null, text=&apos;&apos;, selected=false, enabled=true, visible=true, showing=false]
              se.cambiosys.client.framework.components.CambioMenu[name=null, text=&apos;Permission&apos;, selected=false, enabled=true, visible=true, showing=false]
                javax.swing.JPopupMenu[name=null, label=null, enabled=true, visible=false, showing=false]
                  se.cambiosys.client.framework.menueditor.internal.InitializingMenuItem[name=null, text=&apos;Define access&apos;, selected=false, enabled=true, visible=true, showing=false]
                    se.cambiosys.client.framework.core.internal.CambioShortcutMenuButton[name=null, text=&apos;&apos;, selected=false, enabled=true, visible=true, showing=false]
                  se.cambiosys.client.framework.menueditor.internal.InitializingMenuItem[name=null, text=&apos;Access overview&apos;, selected=false, enabled=true, visible=true, showing=false]
                    se.cambiosys.client.framework.core.internal.CambioShortcutMenuButton[name=null, text=&apos;&apos;, selected=false, enabled=true, visible=true, showing=false]
                  se.cambiosys.client.framework.menueditor.internal.InitializingMenuItem[name=null, text=&apos;Profile manager&apos;, selected=false, enabled=true, visible=true, showing=false]
                    se.cambiosys.client.framework.core.internal.CambioShortcutMenuButton[name=null, text=&apos;&apos;, selected=false, enabled=true, visible=true, showing=false]
              se.cambiosys.client.framework.components.CambioMenu[name=null, text=&apos;Settings&apos;, selected=false, enabled=true, visible=true, showing=false]
                javax.swing.JPopupMenu[name=null, label=null, enabled=true, visible=false, showing=false]
                  se.cambiosys.client.framework.menueditor.internal.InitializingMenuItem[name=null, text=&apos;Log settings&apos;, selected=false, enabled=true, visible=true, showing=false]
                    se.cambiosys.client.framework.core.internal.CambioShortcutMenuButton[name=null, text=&apos;&apos;, selected=false, enabled=true, visible=true, showing=false]
                  se.cambiosys.client.framework.menueditor.internal.InitializingMenuItem[name=null, text=&apos;Server settings&apos;, selected=false, enabled=true, visible=true, showing=false]
                    se.cambiosys.client.framework.core.internal.CambioShortcutMenuButton[name=null, text=&apos;&apos;, selected=false, enabled=true, visible=true, showing=false]
                  se.cambiosys.client.framework.menueditor.internal.InitializingMenuItem[name=null, text=&apos;Personal settings and selections&apos;, selected=false, enabled=true, visible=true, showing=false]
                    se.cambiosys.client.framework.core.internal.CambioShortcutMenuButton[name=null, text=&apos;&apos;, selected=false, enabled=true, visible=true, showing=false]
                  se.cambiosys.client.framework.menueditor.internal.InitializingMenuItem[name=null, text=&apos;Global settings and selections&apos;, selected=false, enabled=true, visible=true, showing=false]
                    se.cambiosys.client.framework.core.internal.CambioShortcutMenuButton[name=null, text=&apos;&apos;, selected=false, enabled=true, visible=true, showing=false]
                  se.cambiosys.client.framework.menueditor.internal.InitializingMenuItem[name=null, text=&apos;Settings and selections&apos;, selected=false, enabled=true, visible=true, showing=false]
                    se.cambiosys.client.framework.core.internal.CambioShortcutMenuButton[name=null, text=&apos;&apos;, selected=false, enabled=true, visible=true, showing=false]
                  se.cambiosys.client.framework.menueditor.internal.InitializingMenuItem[name=null, text=&apos;Administration nodes&apos;, selected=false, enabled=true, visible=true, showing=false]
                    se.cambiosys.client.framework.core.internal.CambioShortcutMenuButton[name=null, text=&apos;&apos;, selected=false, enabled=true, visible=true, showing=false]
                  se.cambiosys.client.framework.menueditor.internal.InitializingMenuItem[name=null, text=&apos;Places&apos;, selected=false, enabled=true, visible=true, showing=false]
                    se.cambiosys.client.framework.core.internal.CambioShortcutMenuButton[name=null, text=&apos;&apos;, selected=false, enabled=true, visible=true, showing=false]
              se.cambiosys.client.framework.menueditor.internal.InitializingMenuItem[name=null, text=&apos;User&apos;, selected=false, enabled=true, visible=true, showing=false]
                se.cambiosys.client.framework.core.internal.CambioShortcutMenuButton[name=null, text=&apos;&apos;, selected=false, enabled=true, visible=true, showing=false]
              se.cambiosys.client.framework.menueditor.internal.InitializingMenuItem[name=null, text=&apos;Roles&apos;, selected=false, enabled=true, visible=true, showing=false]
                se.cambiosys.client.framework.core.internal.CambioShortcutMenuButton[name=null, text=&apos;&apos;, selected=false, enabled=true, visible=true, showing=false]
              se.cambiosys.client.framework.menueditor.internal.InitializingMenuItem[name=null, text=&apos;Type definitions&apos;, selected=false, enabled=true, visible=true, showing=false]
                se.cambiosys.client.framework.core.internal.CambioShortcutMenuButton[name=null, text=&apos;&apos;, selected=false, enabled=true, visible=true, showing=false]
              se.cambiosys.client.framework.components.CambioMenu[name=null, text=&apos;Terms &amp; Concept&apos;, selected=false, enabled=true, visible=true, showing=false]
                javax.swing.JPopupMenu[name=null, label=null, enabled=true, visible=false, showing=false]
                  se.cambiosys.client.framework.menueditor.internal.InitializingMenuItem[name=null, text=&apos;Terms&apos;, selected=false, enabled=true, visible=true, showing=false]
                    se.cambiosys.client.framework.core.internal.CambioShortcutMenuButton[name=null, text=&apos;&apos;, selected=false, enabled=true, visible=true, showing=false]
                  se.cambiosys.client.framework.menueditor.internal.InitializingMenuItem[name=null, text=&apos;Concept&apos;, selected=false, enabled=true, visible=true, showing=false]
                    se.cambiosys.client.framework.core.internal.CambioShortcutMenuButton[name=null, text=&apos;&apos;, selected=false, enabled=true, visible=true, showing=false]
              se.cambiosys.client.framework.menueditor.internal.InitializingMenuItem[name=null, text=&apos;Ranges&apos;, selected=false, enabled=true, visible=true, showing=false]
                se.cambiosys.client.framework.core.internal.CambioShortcutMenuButton[name=null, text=&apos;&apos;, selected=false, enabled=true, visible=true, showing=false]
              se.cambiosys.client.framework.menueditor.internal.InitializingMenuItem[name=null, text=&apos;Reports&apos;, selected=false, enabled=true, visible=true, showing=false]
                se.cambiosys.client.framework.core.internal.CambioShortcutMenuButton[name=null, text=&apos;&apos;, selected=false, enabled=true, visible=true, showing=false]
              se.cambiosys.client.framework.menueditor.internal.InitializingMenuItem[name=null, text=&apos;Import reports&apos;, selected=false, enabled=true, visible=true, showing=false]
                se.cambiosys.client.framework.core.internal.CambioShortcutMenuButton[name=null, text=&apos;&apos;, selected=false, enabled=true, visible=true, showing=false]
              se.cambiosys.client.framework.menueditor.internal.InitializingMenuItem[name=null, text=&apos;Phrase editor&apos;, selected=false, enabled=true, visible=true, showing=false]
                se.cambiosys.client.framework.core.internal.CambioShortcutMenuButton[name=null, text=&apos;&apos;, selected=false, enabled=true, visible=true, showing=false]
              se.cambiosys.client.framework.components.CambioMenu[name=null, text=&apos;Services&apos;, selected=false, enabled=true, visible=true, showing=false]
                javax.swing.JPopupMenu[name=null, label=null, enabled=true, visible=false, showing=false]
                  se.cambiosys.client.framework.menueditor.internal.InitializingMenuItem[name=null, text=&apos;Services&apos;, selected=false, enabled=true, visible=true, showing=false]
                    se.cambiosys.client.framework.core.internal.CambioShortcutMenuButton[name=null, text=&apos;&apos;, selected=false, enabled=true, visible=true, showing=false]
                  se.cambiosys.client.framework.menueditor.internal.InitializingMenuItem[name=null, text=&apos;Offers of the unit&apos;, selected=false, enabled=true, visible=true, showing=false]
                    se.cambiosys.client.framework.core.internal.CambioShortcutMenuButton[name=null, text=&apos;&apos;, selected=false, enabled=true, visible=true, showing=false]
              se.cambiosys.client.framework.menueditor.internal.InitializingMenuItem[name=null, text=&apos;Selection&apos;, selected=false, enabled=true, visible=true, showing=false]
                se.cambiosys.client.framework.core.internal.CambioShortcutMenuButton[name=null, text=&apos;&apos;, selected=false, enabled=true, visible=true, showing=false]
              se.cambiosys.client.framework.menueditor.internal.InitializingMenuItem[name=null, text=&apos;Printers&apos;, selected=false, enabled=true, visible=true, showing=false]
                se.cambiosys.client.framework.core.internal.CambioShortcutMenuButton[name=null, text=&apos;&apos;, selected=false, enabled=true, visible=true, showing=false]
              se.cambiosys.client.framework.components.CambioMenu[name=null, text=&apos;Secrecy administration&apos;, selected=false, enabled=true, visible=true, showing=false]
                javax.swing.JPopupMenu[name=null, label=null, enabled=true, visible=false, showing=false]
                  se.cambiosys.client.framework.menueditor.internal.InitializingMenuItem[name=null, text=&apos;Secrecy groups&apos;, selected=false, enabled=true, visible=true, showing=false]
                    se.cambiosys.client.framework.core.internal.CambioShortcutMenuButton[name=null, text=&apos;&apos;, selected=false, enabled=true, visible=true, showing=false]
                  se.cambiosys.client.framework.menueditor.internal.InitializingMenuItem[name=null, text=&apos;Secrecy level&apos;, selected=false, enabled=true, visible=true, showing=false]
                    se.cambiosys.client.framework.core.internal.CambioShortcutMenuButton[name=null, text=&apos;&apos;, selected=false, enabled=true, visible=true, showing=false]
                  se.cambiosys.client.framework.menueditor.internal.InitializingMenuItem[name=null, text=&apos;Secrecy rules&apos;, selected=false, enabled=true, visible=true, showing=false]
                    se.cambiosys.client.framework.core.internal.CambioShortcutMenuButton[name=null, text=&apos;&apos;, selected=false, enabled=true, visible=true, showing=false]
              se.cambiosys.client.framework.menueditor.internal.InitializingMenuItem[name=null, text=&apos;Schedule backup&apos;, selected=false, enabled=true, visible=true, showing=false]
                se.cambiosys.client.framework.core.internal.CambioShortcutMenuButton[name=null, text=&apos;&apos;, selected=false, enabled=true, visible=true, showing=false]
              se.cambiosys.client.framework.menueditor.internal.InitializingMenuItem[name=null, text=&apos;Template administration&apos;, selected=false, enabled=true, visible=true, showing=false]
                se.cambiosys.client.framework.core.internal.CambioShortcutMenuButton[name=null, text=&apos;&apos;, selected=false, enabled=true, visible=true, showing=false]
              se.cambiosys.client.framework.menueditor.internal.InitializingMenuItem[name=null, text=&apos;Printout Handler&apos;, selected=false, enabled=true, visible=true, showing=false]
                se.cambiosys.client.framework.core.internal.CambioShortcutMenuButton[name=null, text=&apos;&apos;, selected=false, enabled=true, visible=true, showing=false]
              se.cambiosys.client.framework.menueditor.internal.InitializingMenuItem[name=null, text=&apos;Unit handler&apos;, selected=false, enabled=true, visible=true, showing=false]
                se.cambiosys.client.framework.core.internal.CambioShortcutMenuButton[name=null, text=&apos;&apos;, selected=false, enabled=true, visible=true, showing=false]
              se.cambiosys.client.framework.menueditor.internal.InitializingMenuItem[name=null, text=&apos;Access Log&apos;, selected=false, enabled=true, visible=true, showing=false]
                se.cambiosys.client.framework.core.internal.CambioShortcutMenuButton[name=null, text=&apos;&apos;, selected=false, enabled=true, visible=true, showing=false]
              se.cambiosys.client.framework.menueditor.internal.InitializingMenuItem[name=null, text=&apos;Configuration of Access Log&apos;, selected=false, enabled=true, visible=true, showing=false]
                se.cambiosys.client.framework.core.internal.CambioShortcutMenuButton[name=null, text=&apos;&apos;, selected=false, enabled=true, visible=true, showing=false]
              se.cambiosys.client.framework.menueditor.internal.InitializingMenuItem[name=null, text=&apos;Application logger&apos;, selected=false, enabled=true, visible=true, showing=false]
                se.cambiosys.client.framework.core.internal.CambioShortcutMenuButton[name=null, text=&apos;&apos;, selected=false, enabled=true, visible=true, showing=false]
              se.cambiosys.client.framework.menueditor.internal.InitializingMenuItem[name=null, text=&apos;eVisit Configuration&apos;, selected=false, enabled=true, visible=true, showing=false]
                se.cambiosys.client.framework.core.internal.CambioShortcutMenuButton[name=null, text=&apos;&apos;, selected=false, enabled=true, visible=true, showing=false]
              se.cambiosys.client.framework.components.CambioMenu[name=null, text=&apos;Order management&apos;, selected=false, enabled=true, visible=true, showing=false]
                javax.swing.JPopupMenu[name=null, label=null, enabled=true, visible=false, showing=false]
                  se.cambiosys.client.framework.menueditor.internal.InitializingMenuItem[name=null, text=&apos;Catalog administration&apos;, selected=false, enabled=true, visible=true, showing=false]
                    se.cambiosys.client.framework.core.internal.CambioShortcutMenuButton[name=null, text=&apos;&apos;, selected=false, enabled=true, visible=true, showing=false]
                  se.cambiosys.client.framework.menueditor.internal.InitializingMenuItem[name=null, text=&apos;File administration&apos;, selected=false, enabled=true, visible=true, showing=false]
                    se.cambiosys.client.framework.core.internal.CambioShortcutMenuButton[name=null, text=&apos;&apos;, selected=false, enabled=true, visible=true, showing=false]
                  se.cambiosys.client.framework.menueditor.internal.InitializingMenuItem[name=null, text=&apos;Secrecy administration&apos;, selected=false, enabled=true, visible=true, showing=false]
                    se.cambiosys.client.framework.core.internal.CambioShortcutMenuButton[name=null, text=&apos;&apos;, selected=false, enabled=true, visible=true, showing=false]
                  se.cambiosys.client.framework.menueditor.internal.InitializingMenuItem[name=null, text=&apos;Groups/packages/profiles&apos;, selected=false, enabled=true, visible=true, showing=false]
                    se.cambiosys.client.framework.core.internal.CambioShortcutMenuButton[name=null, text=&apos;&apos;, selected=false, enabled=true, visible=true, showing=false]
                  se.cambiosys.client.framework.menueditor.internal.InitializingMenuItem[name=null, text=&apos;Sorting orders&apos;, selected=false, enabled=true, visible=true, showing=false]
                    se.cambiosys.client.framework.core.internal.CambioShortcutMenuButton[name=null, text=&apos;&apos;, selected=false, enabled=true, visible=true, showing=false]
                  se.cambiosys.client.framework.menueditor.internal.InitializingMenuItem[name=null, text=&apos;Local analyses&apos;, selected=false, enabled=true, visible=true, showing=false]
                    se.cambiosys.client.framework.core.internal.CambioShortcutMenuButton[name=null, text=&apos;&apos;, selected=false, enabled=true, visible=true, showing=false]
                  se.cambiosys.client.framework.menueditor.internal.InitializingMenuItem[name=null, text=&apos;Label printer&apos;, selected=false, enabled=true, visible=true, showing=false]
                    se.cambiosys.client.framework.core.internal.CambioShortcutMenuButton[name=null, text=&apos;&apos;, selected=false, enabled=true, visible=true, showing=false]
              se.cambiosys.client.framework.menueditor.internal.InitializingMenuItem[name=null, text=&apos;Configure Y-axis for Clinical Parameter&apos;, selected=false, enabled=true, visible=true, showing=false]
                se.cambiosys.client.framework.core.internal.CambioShortcutMenuButton[name=null, text=&apos;&apos;, selected=false, enabled=true, visible=true, showing=false]
              se.cambiosys.client.framework.components.CambioMenu[name=null, text=&apos;Visits and admissions&apos;, selected=false, enabled=true, visible=true, showing=false]
                javax.swing.JPopupMenu[name=null, label=null, enabled=true, visible=false, showing=false]
                  se.cambiosys.client.framework.menueditor.internal.InitializingMenuItem[name=null, text=&apos;Create new visit / admission&apos;, selected=false, enabled=true, visible=true, showing=false]
                    se.cambiosys.client.framework.core.internal.CambioShortcutMenuButton[name=null, text=&apos;&apos;, selected=false, enabled=true, visible=true, showing=false]
                  se.cambiosys.client.framework.menueditor.internal.InitializingMenuItem[name=null, text=&apos;Edit visit / admission&apos;, selected=false, enabled=true, visible=true, showing=false]
                    se.cambiosys.client.framework.core.internal.CambioShortcutMenuButton[name=null, text=&apos;&apos;, selected=false, enabled=true, visible=true, showing=false]
              se.cambiosys.client.framework.components.CambioMenu[name=null, text=&apos;Publishing&apos;, selected=false, enabled=true, visible=true, showing=false]
                javax.swing.JPopupMenu[name=null, label=null, enabled=true, visible=false, showing=false]
                  se.cambiosys.client.framework.menueditor.internal.InitializingMenuItem[name=null, text=&apos;Mining&apos;, selected=false, enabled=true, visible=true, showing=false]
                    se.cambiosys.client.framework.core.internal.CambioShortcutMenuButton[name=null, text=&apos;&apos;, selected=false, enabled=true, visible=true, showing=false]
                  se.cambiosys.client.framework.menueditor.internal.InitializingMenuItem[name=null, text=&apos;Error management&apos;, selected=false, enabled=true, visible=true, showing=false]
                    se.cambiosys.client.framework.core.internal.CambioShortcutMenuButton[name=null, text=&apos;&apos;, selected=false, enabled=true, visible=true, showing=false]
              se.cambiosys.client.framework.menueditor.internal.InitializingMenuItem[name=null, text=&apos;CCP Filter Configuration&apos;, selected=false, enabled=true, visible=true, showing=false]
                se.cambiosys.client.framework.core.internal.CambioShortcutMenuButton[name=null, text=&apos;&apos;, selected=false, enabled=true, visible=true, showing=false]
              se.cambiosys.client.framework.menueditor.internal.InitializingMenuItem[name=null, text=&apos;Menu editor&apos;, selected=false, enabled=true, visible=true, showing=false]
                se.cambiosys.client.framework.core.internal.CambioShortcutMenuButton[name=null, text=&apos;&apos;, selected=false, enabled=true, visible=true, showing=false]
              se.cambiosys.client.framework.menueditor.internal.InitializingMenuItem[name=null, text=&apos;Script&apos;, selected=false, enabled=true, visible=true, showing=false]
                se.cambiosys.client.framework.core.internal.CambioShortcutMenuButton[name=null, text=&apos;&apos;, selected=false, enabled=true, visible=true, showing=false]
              se.cambiosys.client.framework.components.CambioMenu[name=null, text=&apos;Spell Check&apos;, selected=false, enabled=true, visible=true, showing=false]
                javax.swing.JPopupMenu[name=null, label=null, enabled=true, visible=false, showing=false]
                  se.cambiosys.client.framework.menueditor.internal.InitializingMenuItem[name=null, text=&apos;Settings&apos;, selected=false, enabled=true, visible=true, showing=false]
                    se.cambiosys.client.framework.core.internal.CambioShortcutMenuButton[name=null, text=&apos;&apos;, selected=false, enabled=true, visible=true, showing=false]
                  se.cambiosys.client.framework.menueditor.internal.InitializingMenuItem[name=null, text=&apos;User dictionary&apos;, selected=false, enabled=true, visible=true, showing=false]
                    se.cambiosys.client.framework.core.internal.CambioShortcutMenuButton[name=null, text=&apos;&apos;, selected=false, enabled=true, visible=true, showing=false]
                  se.cambiosys.client.framework.menueditor.internal.InitializingMenuItem[name=null, text=&apos;Global dictionary&apos;, selected=false, enabled=true, visible=true, showing=false]
                    se.cambiosys.client.framework.core.internal.CambioShortcutMenuButton[name=null, text=&apos;&apos;, selected=false, enabled=true, visible=true, showing=false]
          se.cambiosys.client.framework.components.CambioMenu[name=null, text=&apos;Child Healthcare&apos;, selected=false, enabled=true, visible=true, showing=true]
            javax.swing.JPopupMenu[name=null, label=null, enabled=true, visible=false, showing=false]
              se.cambiosys.client.framework.menueditor.internal.InitializingMenuItem[name=null, text=&apos;Print Child Healthcare data&apos;, selected=false, enabled=true, visible=true, showing=false]
                se.cambiosys.client.framework.core.internal.CambioShortcutMenuButton[name=null, text=&apos;&apos;, selected=false, enabled=true, visible=true, showing=false]
          se.cambiosys.client.framework.components.CambioMenu[name=null, text=&apos;Medication&apos;, selected=false, enabled=true, visible=true, showing=true]
            javax.swing.JPopupMenu[name=null, label=null, enabled=true, visible=false, showing=false]
              se.cambiosys.client.framework.components.CambioMenu[name=null, text=&apos;Administration&apos;, selected=false, enabled=true, visible=true, showing=false]
                javax.swing.JPopupMenu[name=null, label=null, enabled=true, visible=false, showing=false]
                  se.cambiosys.client.framework.menueditor.internal.InitializingMenuItem[name=null, text=&apos;Sent e-recipe overview&apos;, selected=false, enabled=true, visible=true, showing=false]
                    se.cambiosys.client.framework.core.internal.CambioShortcutMenuButton[name=null, text=&apos;&apos;, selected=false, enabled=true, visible=true, showing=false]
                  se.cambiosys.client.framework.menueditor.internal.InitializingMenuItem[name=null, text=&apos;Catalogue administration&apos;, selected=false, enabled=true, visible=true, showing=false]
                    se.cambiosys.client.framework.core.internal.CambioShortcutMenuButton[name=null, text=&apos;&apos;, selected=false, enabled=true, visible=true, showing=false]
                  se.cambiosys.client.framework.menueditor.internal.InitializingMenuItem[name=null, text=&apos;Unit Times and Medicine Cabinet&apos;, selected=false, enabled=true, visible=true, showing=false]
                    se.cambiosys.client.framework.core.internal.CambioShortcutMenuButton[name=null, text=&apos;&apos;, selected=false, enabled=true, visible=true, showing=false]
                  se.cambiosys.client.framework.menueditor.internal.InitializingMenuItem[name=null, text=&apos;Order basis for vaccine&apos;, selected=false, enabled=true, visible=true, showing=false]
                    se.cambiosys.client.framework.core.internal.CambioShortcutMenuButton[name=null, text=&apos;&apos;, selected=false, enabled=true, visible=true, showing=false]
              se.cambiosys.client.framework.components.CambioMenu[name=null, text=&apos;New prescription&apos;, selected=false, enabled=true, visible=true, showing=false]
                javax.swing.JPopupMenu[name=null, label=null, enabled=true, visible=false, showing=false]
                  se.cambiosys.client.framework.menueditor.internal.InitializingMenuItem[name=null, text=&apos;Drug&apos;, selected=false, enabled=true, visible=true, showing=false]
                    se.cambiosys.client.framework.core.internal.CambioShortcutMenuButton[name=null, text=&apos;&apos;, selected=false, enabled=true, visible=true, showing=false]
                  se.cambiosys.client.framework.menueditor.internal.InitializingMenuItem[name=null, text=&apos;Nutrition product&apos;, selected=false, enabled=true, visible=true, showing=false]
                    se.cambiosys.client.framework.core.internal.CambioShortcutMenuButton[name=null, text=&apos;&apos;, selected=false, enabled=true, visible=true, showing=false]
                  se.cambiosys.client.framework.menueditor.internal.InitializingMenuItem[name=null, text=&apos;Consumable&apos;, selected=false, enabled=true, visible=true, showing=false]
                    se.cambiosys.client.framework.core.internal.CambioShortcutMenuButton[name=null, text=&apos;&apos;, selected=false, enabled=true, visible=true, showing=false]
              se.cambiosys.client.framework.components.CambioMenu[name=null, text=&apos;Lists&apos;, selected=false, enabled=true, visible=true, showing=false]
                javax.swing.JPopupMenu[name=null, label=null, enabled=true, visible=false, showing=false]
                  se.cambiosys.client.framework.menueditor.internal.InitializingMenuItem[name=null, text=&apos;Drugs&apos;, selected=false, enabled=true, visible=true, showing=false]
                    se.cambiosys.client.framework.core.internal.CambioShortcutMenuButton[name=null, text=&apos;&apos;, selected=false, enabled=true, visible=true, showing=false]
                  se.cambiosys.client.framework.menueditor.internal.InitializingMenuItem[name=null, text=&apos;Nutritions&apos;, selected=false, enabled=true, visible=true, showing=false]
                    se.cambiosys.client.framework.core.internal.CambioShortcutMenuButton[name=null, text=&apos;&apos;, selected=false, enabled=true, visible=true, showing=false]
                  se.cambiosys.client.framework.menueditor.internal.InitializingMenuItem[name=null, text=&apos;Consumables&apos;, selected=false, enabled=true, visible=true, showing=false]
                    se.cambiosys.client.framework.core.internal.CambioShortcutMenuButton[name=null, text=&apos;&apos;, selected=false, enabled=true, visible=true, showing=false]
                  se.cambiosys.client.framework.menueditor.internal.InitializingMenuItem[name=null, text=&apos;Vaccination list&apos;, selected=false, enabled=true, visible=true, showing=false]
                    se.cambiosys.client.framework.core.internal.CambioShortcutMenuButton[name=null, text=&apos;&apos;, selected=false, enabled=true, visible=true, showing=false]
                  se.cambiosys.client.framework.menueditor.internal.InitializingMenuItem[name=null, text=&apos;Recipe overview&apos;, selected=false, enabled=true, visible=true, showing=false]
                    se.cambiosys.client.framework.core.internal.CambioShortcutMenuButton[name=null, text=&apos;&apos;, selected=false, enabled=true, visible=true, showing=false]
              se.cambiosys.client.framework.menueditor.internal.InitializingMenuItem[name=null, text=&apos;Nurse view&apos;, selected=false, enabled=true, visible=true, showing=false]
                se.cambiosys.client.framework.core.internal.CambioShortcutMenuButton[name=null, text=&apos;&apos;, selected=false, enabled=true, visible=true, showing=false]
          se.cambiosys.client.framework.components.CambioMenu[name=null, text=&apos;Theatre&apos;, selected=false, enabled=true, visible=true, showing=true]
            javax.swing.JPopupMenu[name=null, label=null, enabled=true, visible=false, showing=false]
              se.cambiosys.client.framework.menueditor.internal.InitializingMenuItem[name=null, text=&apos;Create theatre registration&apos;, selected=false, enabled=true, visible=true, showing=false]
                se.cambiosys.client.framework.core.internal.CambioShortcutMenuButton[name=null, text=&apos;&apos;, selected=false, enabled=true, visible=true, showing=false]
              se.cambiosys.client.framework.menueditor.internal.InitializingMenuItem[name=null, text=&apos;Operation list&apos;, selected=false, enabled=true, visible=true, showing=false]
                se.cambiosys.client.framework.core.internal.CambioShortcutMenuButton[name=null, text=&apos;&apos;, selected=false, enabled=true, visible=true, showing=false]
              se.cambiosys.client.framework.menueditor.internal.InitializingMenuItem[name=null, text=&apos;Planning schedule&apos;, selected=false, enabled=true, visible=true, showing=false]
                se.cambiosys.client.framework.core.internal.CambioShortcutMenuButton[name=null, text=&apos;&apos;, selected=false, enabled=true, visible=true, showing=false]
              se.cambiosys.client.framework.menueditor.internal.InitializingMenuItem[name=null, text=&apos;Schedule overview&apos;, selected=false, enabled=true, visible=true, showing=false]
                se.cambiosys.client.framework.core.internal.CambioShortcutMenuButton[name=null, text=&apos;&apos;, selected=false, enabled=true, visible=true, showing=false]
              se.cambiosys.client.framework.menueditor.internal.InitializingMenuItem[name=null, text=&apos;Live Schedule&apos;, selected=false, enabled=true, visible=true, showing=false]
                se.cambiosys.client.framework.core.internal.CambioShortcutMenuButton[name=null, text=&apos;&apos;, selected=false, enabled=true, visible=true, showing=false]
              se.cambiosys.client.framework.components.CambioMenu[name=null, text=&apos;Administration&apos;, selected=false, enabled=true, visible=true, showing=false]
                javax.swing.JPopupMenu[name=null, label=null, enabled=true, visible=false, showing=false]
                  se.cambiosys.client.framework.menueditor.internal.InitializingMenuItem[name=null, text=&apos;Templates for Anaesthetic, Th.record, Recovery&apos;, selected=false, enabled=true, visible=true, showing=false]
                    se.cambiosys.client.framework.core.internal.CambioShortcutMenuButton[name=null, text=&apos;&apos;, selected=false, enabled=true, visible=true, showing=false]
                  se.cambiosys.client.framework.menueditor.internal.InitializingMenuItem[name=null, text=&apos;Basic templates for Th. registration&apos;, selected=false, enabled=true, visible=true, showing=false]
                    se.cambiosys.client.framework.core.internal.CambioShortcutMenuButton[name=null, text=&apos;&apos;, selected=false, enabled=true, visible=true, showing=false]
                  se.cambiosys.client.framework.menueditor.internal.InitializingMenuItem[name=null, text=&apos;Templates for Waypoints&apos;, selected=false, enabled=true, visible=true, showing=false]
                    se.cambiosys.client.framework.core.internal.CambioShortcutMenuButton[name=null, text=&apos;&apos;, selected=false, enabled=true, visible=true, showing=false]
                  se.cambiosys.client.framework.menueditor.internal.InitializingMenuItem[name=null, text=&apos;Theatre suite administration&apos;, selected=false, enabled=true, visible=true, showing=false]
                    se.cambiosys.client.framework.core.internal.CambioShortcutMenuButton[name=null, text=&apos;&apos;, selected=false, enabled=true, visible=true, showing=false]
                  se.cambiosys.client.framework.menueditor.internal.InitializingMenuItem[name=null, text=&apos;Medical priority&apos;, selected=false, enabled=true, visible=true, showing=false]
                    se.cambiosys.client.framework.core.internal.CambioShortcutMenuButton[name=null, text=&apos;&apos;, selected=false, enabled=true, visible=true, showing=false]
                  se.cambiosys.client.framework.menueditor.internal.InitializingMenuItem[name=null, text=&apos;Keyword mapping&apos;, selected=false, enabled=true, visible=true, showing=false]
                    se.cambiosys.client.framework.core.internal.CambioShortcutMenuButton[name=null, text=&apos;&apos;, selected=false, enabled=true, visible=true, showing=false]
                  se.cambiosys.client.framework.menueditor.internal.InitializingMenuItem[name=null, text=&apos;Create theatres&apos;, selected=false, enabled=true, visible=true, showing=false]
                    se.cambiosys.client.framework.core.internal.CambioShortcutMenuButton[name=null, text=&apos;&apos;, selected=false, enabled=true, visible=true, showing=false]
                  se.cambiosys.client.framework.menueditor.internal.InitializingMenuItem[name=null, text=&apos;Global filters&apos;, selected=false, enabled=true, visible=true, showing=false]
                    se.cambiosys.client.framework.core.internal.CambioShortcutMenuButton[name=null, text=&apos;&apos;, selected=false, enabled=true, visible=true, showing=false]
                  se.cambiosys.client.framework.menueditor.internal.InitializingMenuItem[name=null, text=&apos;Activity lists&apos;, selected=false, enabled=true, visible=true, showing=false]
                    se.cambiosys.client.framework.core.internal.CambioShortcutMenuButton[name=null, text=&apos;&apos;, selected=false, enabled=true, visible=true, showing=false]
                  se.cambiosys.client.framework.menueditor.internal.InitializingMenuItem[name=null, text=&apos;Templates for Th. registration&apos;, selected=false, enabled=true, visible=true, showing=false]
                    se.cambiosys.client.framework.core.internal.CambioShortcutMenuButton[name=null, text=&apos;&apos;, selected=false, enabled=true, visible=true, showing=false]
                  se.cambiosys.client.framework.menueditor.internal.InitializingMenuItem[name=null, text=&apos;Colour configuration&apos;, selected=false, enabled=true, visible=true, showing=false]
                    se.cambiosys.client.framework.core.internal.CambioShortcutMenuButton[name=null, text=&apos;&apos;, selected=false, enabled=true, visible=true, showing=false]
                  se.cambiosys.client.framework.menueditor.internal.InitializingMenuItem[name=null, text=&apos;Surgical Unit Administration&apos;, selected=false, enabled=true, visible=true, showing=false]
                    se.cambiosys.client.framework.core.internal.CambioShortcutMenuButton[name=null, text=&apos;&apos;, selected=false, enabled=true, visible=true, showing=false]
                  se.cambiosys.client.framework.menueditor.internal.InitializingMenuItem[name=null, text=&apos;Code Packages&apos;, selected=false, enabled=true, visible=true, showing=false]
                    se.cambiosys.client.framework.core.internal.CambioShortcutMenuButton[name=null, text=&apos;&apos;, selected=false, enabled=true, visible=true, showing=false]
          se.cambiosys.client.framework.components.CambioMenu[name=null, text=&apos;Order management&apos;, selected=false, enabled=true, visible=true, showing=true]
            javax.swing.JPopupMenu[name=null, label=null, enabled=true, visible=false, showing=false]
              se.cambiosys.client.framework.menueditor.internal.InitializingMenuItem[name=null, text=&apos;Request&apos;, selected=false, enabled=true, visible=true, showing=false]
                se.cambiosys.client.framework.core.internal.CambioShortcutMenuButton[name=null, text=&apos;&apos;, selected=false, enabled=true, visible=true, showing=false]
              se.cambiosys.client.framework.menueditor.internal.InitializingMenuItem[name=null, text=&apos;Specimen collection&apos;, selected=false, enabled=true, visible=true, showing=false]
                se.cambiosys.client.framework.core.internal.CambioShortcutMenuButton[name=null, text=&apos;&apos;, selected=false, enabled=true, visible=true, showing=false]
              se.cambiosys.client.framework.menueditor.internal.InitializingMenuItem[name=null, text=&apos;Radiology Request&apos;, selected=false, enabled=true, visible=true, showing=false]
                se.cambiosys.client.framework.core.internal.CambioShortcutMenuButton[name=null, text=&apos;&apos;, selected=false, enabled=true, visible=true, showing=false]
              se.cambiosys.client.framework.menueditor.internal.InitializingMenuItem[name=null, text=&apos;Unsent Radiology Request&apos;, selected=false, enabled=true, visible=true, showing=false]
                se.cambiosys.client.framework.core.internal.CambioShortcutMenuButton[name=null, text=&apos;&apos;, selected=false, enabled=true, visible=true, showing=false]
              se.cambiosys.client.framework.menueditor.internal.InitializingMenuItem[name=null, text=&apos;Request status&apos;, selected=false, enabled=true, visible=true, showing=false]
                se.cambiosys.client.framework.core.internal.CambioShortcutMenuButton[name=null, text=&apos;&apos;, selected=false, enabled=true, visible=true, showing=false]
              se.cambiosys.client.framework.menueditor.internal.InitializingMenuItem[name=null, text=&apos;Local analyses input&apos;, selected=false, enabled=true, visible=true, showing=false]
                se.cambiosys.client.framework.core.internal.CambioShortcutMenuButton[name=null, text=&apos;&apos;, selected=false, enabled=true, visible=true, showing=false]
              se.cambiosys.client.framework.menueditor.internal.InitializingMenuItem[name=null, text=&apos;Result inbox&apos;, selected=false, enabled=true, visible=true, showing=false]
                se.cambiosys.client.framework.core.internal.CambioShortcutMenuButton[name=null, text=&apos;&apos;, selected=false, enabled=true, visible=true, showing=false]
              se.cambiosys.client.framework.menueditor.internal.InitializingMenuItem[name=null, text=&apos;Test result&apos;, selected=false, enabled=true, visible=true, showing=false]
                se.cambiosys.client.framework.core.internal.CambioShortcutMenuButton[name=null, text=&apos;&apos;, selected=false, enabled=true, visible=true, showing=false]
              se.cambiosys.client.framework.menueditor.internal.InitializingMenuItem[name=null, text=&apos;Radiology Report&apos;, selected=false, enabled=true, visible=true, showing=false]
                se.cambiosys.client.framework.core.internal.CambioShortcutMenuButton[name=null, text=&apos;&apos;, selected=false, enabled=true, visible=true, showing=false]
              se.cambiosys.client.framework.menueditor.internal.InitializingMenuItem[name=null, text=&apos;Manual input&apos;, selected=false, enabled=true, visible=true, showing=false]
                se.cambiosys.client.framework.core.internal.CambioShortcutMenuButton[name=null, text=&apos;&apos;, selected=false, enabled=true, visible=true, showing=false]
              se.cambiosys.client.framework.components.CambioMenu[name=null, text=&apos;Administration&apos;, selected=false, enabled=true, visible=true, showing=false]
                javax.swing.JPopupMenu[name=null, label=null, enabled=true, visible=false, showing=false]
                  se.cambiosys.client.framework.menueditor.internal.InitializingMenuItem[name=null, text=&apos;Sketch administration&apos;, selected=false, enabled=true, visible=true, showing=false]
                    se.cambiosys.client.framework.core.internal.CambioShortcutMenuButton[name=null, text=&apos;&apos;, selected=false, enabled=true, visible=true, showing=false]
                  se.cambiosys.client.framework.menueditor.internal.InitializingMenuItem[name=null, text=&apos;Pathology request templates&apos;, selected=false, enabled=true, visible=true, showing=false]
                    se.cambiosys.client.framework.core.internal.CambioShortcutMenuButton[name=null, text=&apos;&apos;, selected=false, enabled=true, visible=true, showing=false]
              se.cambiosys.client.framework.menueditor.internal.InitializingMenuItem[name=null, text=&apos;Signed Radiology Request &apos;, selected=false, enabled=true, visible=true, showing=false]
                se.cambiosys.client.framework.core.internal.CambioShortcutMenuButton[name=null, text=&apos;&apos;, selected=false, enabled=true, visible=true, showing=false]
          se.cambiosys.client.framework.components.CambioMenu[name=null, text=&apos;Medical record&apos;, selected=false, enabled=true, visible=true, showing=true]
            javax.swing.JPopupMenu[name=null, label=null, enabled=true, visible=false, showing=false]
              se.cambiosys.client.framework.components.CambioMenu[name=null, text=&apos;Medical record table&apos;, selected=false, enabled=true, visible=true, showing=false]
                javax.swing.JPopupMenu[name=null, label=null, enabled=true, visible=false, showing=false]
                  se.cambiosys.client.framework.menueditor.internal.InitializingMenuItem[name=null, text=&apos;Administration of templates for medical record tables&apos;, selected=false, enabled=true, visible=true, showing=false]
                    se.cambiosys.client.framework.core.internal.CambioShortcutMenuButton[name=null, text=&apos;&apos;, selected=false, enabled=true, visible=true, showing=false]
                  se.cambiosys.client.framework.menueditor.internal.InitializingMenuItem[name=null, text=&apos;New medical record table&apos;, selected=false, enabled=false, visible=true, showing=false]
                    se.cambiosys.client.framework.core.internal.CambioShortcutMenuButton[name=null, text=&apos;&apos;, selected=false, enabled=true, visible=true, showing=false]
              se.cambiosys.client.framework.menueditor.internal.InitializingMenuItem[name=null, text=&apos;Medical record&apos;, selected=false, enabled=true, visible=true, showing=false]
                se.cambiosys.client.framework.core.internal.CambioShortcutMenuButton[name=null, text=&apos;&apos;, selected=false, enabled=true, visible=true, showing=false]
              se.cambiosys.client.framework.menueditor.internal.InitializingMenuItem[name=null, text=&apos;New note&apos;, selected=false, enabled=true, visible=true, showing=false]
                se.cambiosys.client.framework.core.internal.CambioShortcutMenuButton[name=null, text=&apos;&apos;, selected=false, enabled=true, visible=true, showing=false]
              se.cambiosys.client.framework.menueditor.internal.InitializingMenuItem[name=null, text=&apos;New form&apos;, selected=false, enabled=true, visible=true, showing=false]
                se.cambiosys.client.framework.core.internal.CambioShortcutMenuButton[name=null, text=&apos;&apos;, selected=false, enabled=true, visible=true, showing=false]
              se.cambiosys.client.framework.menueditor.internal.InitializingMenuItem[name=null, text=&apos;New care plan note&apos;, selected=false, enabled=false, visible=false, showing=false]
                se.cambiosys.client.framework.core.internal.CambioShortcutMenuButton[name=null, text=&apos;&apos;, selected=false, enabled=true, visible=true, showing=false]
              se.cambiosys.client.framework.menueditor.internal.InitializingMenuItem[name=null, text=&apos;Observation&apos;, selected=false, enabled=true, visible=true, showing=false]
                se.cambiosys.client.framework.core.internal.CambioShortcutMenuButton[name=null, text=&apos;&apos;, selected=false, enabled=true, visible=true, showing=false]
              se.cambiosys.client.framework.menueditor.internal.InitializingMenuItem[name=null, text=&apos;Graphic view&apos;, selected=false, enabled=true, visible=true, showing=false]
                se.cambiosys.client.framework.core.internal.CambioShortcutMenuButton[name=null, text=&apos;&apos;, selected=false, enabled=true, visible=true, showing=false]
              se.cambiosys.client.framework.menueditor.internal.InitializingMenuItem[name=null, text=&apos;List of activities&apos;, selected=false, enabled=true, visible=true, showing=false]
                se.cambiosys.client.framework.core.internal.CambioShortcutMenuButton[name=null, text=&apos;&apos;, selected=false, enabled=true, visible=true, showing=false]
              se.cambiosys.client.framework.components.CambioMenu[name=null, text=&apos;Administration&apos;, selected=false, enabled=true, visible=true, showing=false]
                javax.swing.JPopupMenu[name=null, label=null, enabled=true, visible=false, showing=false]
                  se.cambiosys.client.framework.menueditor.internal.InitializingMenuItem[name=null, text=&apos;Keyword editor&apos;, selected=false, enabled=true, visible=true, showing=false]
                    se.cambiosys.client.framework.core.internal.CambioShortcutMenuButton[name=null, text=&apos;&apos;, selected=false, enabled=true, visible=true, showing=false]
                  se.cambiosys.client.framework.menueditor.internal.InitializingMenuItem[name=null, text=&apos;Search occurrences of keyword&apos;, selected=false, enabled=true, visible=true, showing=false]
                    se.cambiosys.client.framework.core.internal.CambioShortcutMenuButton[name=null, text=&apos;&apos;, selected=false, enabled=true, visible=true, showing=false]
                  se.cambiosys.client.framework.menueditor.internal.InitializingMenuItem[name=null, text=&apos;Template manager&apos;, selected=false, enabled=true, visible=true, showing=false]
                    se.cambiosys.client.framework.core.internal.CambioShortcutMenuButton[name=null, text=&apos;&apos;, selected=false, enabled=true, visible=true, showing=false]
                  se.cambiosys.client.framework.menueditor.internal.InitializingMenuItem[name=null, text=&apos;Fixed values&apos;, selected=false, enabled=true, visible=true, showing=false]
                    se.cambiosys.client.framework.core.internal.CambioShortcutMenuButton[name=null, text=&apos;&apos;, selected=false, enabled=true, visible=true, showing=false]
                  se.cambiosys.client.framework.menueditor.internal.InitializingMenuItem[name=null, text=&apos;Form administration&apos;, selected=false, enabled=true, visible=true, showing=false]
                    se.cambiosys.client.framework.core.internal.CambioShortcutMenuButton[name=null, text=&apos;&apos;, selected=false, enabled=true, visible=true, showing=false]
                  se.cambiosys.client.framework.menueditor.internal.InitializingMenuItem[name=null, text=&apos;Administration views&apos;, selected=false, enabled=true, visible=true, showing=false]
                    se.cambiosys.client.framework.core.internal.CambioShortcutMenuButton[name=null, text=&apos;&apos;, selected=false, enabled=true, visible=true, showing=false]
                  se.cambiosys.client.framework.menueditor.internal.InitializingMenuItem[name=null, text=&apos;Administration filter&apos;, selected=false, enabled=true, visible=true, showing=false]
                    se.cambiosys.client.framework.core.internal.CambioShortcutMenuButton[name=null, text=&apos;&apos;, selected=false, enabled=true, visible=true, showing=false]
                  se.cambiosys.client.framework.menueditor.internal.InitializingMenuItem[name=null, text=&apos;Selection of problems&apos;, selected=false, enabled=true, visible=true, showing=false]
                    se.cambiosys.client.framework.core.internal.CambioShortcutMenuButton[name=null, text=&apos;&apos;, selected=false, enabled=true, visible=true, showing=false]
              se.cambiosys.client.framework.components.CambioMenu[name=null, text=&apos;Digital dictation&apos;, selected=false, enabled=true, visible=true, showing=false]
                javax.swing.JPopupMenu[name=null, label=null, enabled=true, visible=false, showing=false]
                  se.cambiosys.client.framework.menueditor.internal.InitializingMenuItem[name=null, text=&apos;Create new dictation&apos;, selected=false, enabled=true, visible=true, showing=false]
                    se.cambiosys.client.framework.core.internal.CambioShortcutMenuButton[name=null, text=&apos;&apos;, selected=false, enabled=true, visible=true, showing=false]
                  se.cambiosys.client.framework.menueditor.internal.InitializingMenuItem[name=null, text=&apos;Dictation list&apos;, selected=false, enabled=true, visible=true, showing=false]
                    se.cambiosys.client.framework.core.internal.CambioShortcutMenuButton[name=null, text=&apos;&apos;, selected=false, enabled=true, visible=true, showing=false]
                  se.cambiosys.client.framework.menueditor.internal.InitializingMenuItem[name=null, text=&apos;Create new dictation from file&apos;, selected=false, enabled=true, visible=true, showing=false]
                    se.cambiosys.client.framework.core.internal.CambioShortcutMenuButton[name=null, text=&apos;&apos;, selected=false, enabled=true, visible=true, showing=false]
                  se.cambiosys.client.framework.menueditor.internal.InitializingMenuItem[name=null, text=&apos;Create new dictation minimized&apos;, selected=false, enabled=true, visible=true, showing=false]
                    se.cambiosys.client.framework.core.internal.CambioShortcutMenuButton[name=null, text=&apos;&apos;, selected=false, enabled=true, visible=true, showing=false]
              se.cambiosys.client.framework.components.CambioMenu[name=null, text=&apos;Birth&apos;, selected=false, enabled=true, visible=true, showing=false]
                javax.swing.JPopupMenu[name=null, label=null, enabled=true, visible=false, showing=false]
                  se.cambiosys.client.framework.menueditor.internal.InitializingMenuItem[name=null, text=&apos;Partogram&apos;, selected=false, enabled=false, visible=true, showing=false]
                    se.cambiosys.client.framework.core.internal.CambioShortcutMenuButton[name=null, text=&apos;&apos;, selected=false, enabled=true, visible=true, showing=false]
                  se.cambiosys.client.framework.menueditor.internal.InitializingMenuItem[name=null, text=&apos;New delivery&apos;, selected=false, enabled=false, visible=true, showing=false]
                    se.cambiosys.client.framework.core.internal.CambioShortcutMenuButton[name=null, text=&apos;&apos;, selected=false, enabled=true, visible=true, showing=false]
                  se.cambiosys.client.framework.menueditor.internal.InitializingMenuItem[name=null, text=&apos;Delete partogram&apos;, selected=false, enabled=false, visible=true, showing=false]
                    se.cambiosys.client.framework.core.internal.CambioShortcutMenuButton[name=null, text=&apos;&apos;, selected=false, enabled=true, visible=true, showing=false]
                  se.cambiosys.client.framework.menueditor.internal.InitializingMenuItem[name=null, text=&apos;Configuration of registrations&apos;, selected=false, enabled=true, visible=true, showing=false]
                    se.cambiosys.client.framework.core.internal.CambioShortcutMenuButton[name=null, text=&apos;&apos;, selected=false, enabled=true, visible=true, showing=false]
                  se.cambiosys.client.framework.menueditor.internal.InitializingMenuItem[name=null, text=&apos;Child number configuration&apos;, selected=false, enabled=true, visible=true, showing=false]
                    se.cambiosys.client.framework.core.internal.CambioShortcutMenuButton[name=null, text=&apos;&apos;, selected=false, enabled=true, visible=true, showing=false]
          se.cambiosys.client.framework.components.CambioMenu[name=null, text=&apos;Window&apos;, selected=false, enabled=true, visible=true, showing=true]
            javax.swing.JPopupMenu[name=null, label=null, enabled=true, visible=false, showing=false]
              se.cambiosys.client.framework.core.internal.MenuHandler$10(se.cambiosys.client.framework.components.CambioCheckBoxMenuItem)[name=null, text=&apos;Keep windows&apos;, selected=true, enabled=true, visible=true, showing=false]
              se.cambiosys.client.framework.menueditor.internal.InitializingMenuItem[name=null, text=&apos;Minimize all&apos;, selected=false, enabled=true, visible=true, showing=false]
                se.cambiosys.client.framework.core.internal.CambioShortcutMenuButton[name=null, text=&apos;&apos;, selected=false, enabled=true, visible=true, showing=false]
          se.cambiosys.client.framework.components.CambioMenu[name=null, text=&apos;Basic Menu&apos;, selected=false, enabled=true, visible=true, showing=true]
            javax.swing.JPopupMenu[name=null, label=null, enabled=true, visible=false, showing=false]
              se.cambiosys.client.framework.menueditor.internal.InitializingMenuItem[name=null, text=&apos;Basic Text&apos;, selected=false, enabled=true, visible=true, showing=false]
                se.cambiosys.client.framework.core.internal.CambioShortcutMenuButton[name=null, text=&apos;&apos;, selected=false, enabled=true, visible=true, showing=false]
          se.cambiosys.client.framework.components.CambioMenu[name=null, text=&apos;Patient administration IP &amp; OP&apos;, selected=false, enabled=true, visible=true, showing=true]
            javax.swing.JPopupMenu[name=null, label=null, enabled=true, visible=false, showing=false]
              se.cambiosys.client.framework.components.CambioMenu[name=null, text=&apos;Administration&apos;, selected=false, enabled=true, visible=true, showing=false]
                javax.swing.JPopupMenu[name=null, label=null, enabled=true, visible=false, showing=false]
                  se.cambiosys.client.framework.menueditor.internal.InitializingMenuItem[name=null, text=&apos;Region membership&apos;, selected=false, enabled=true, visible=true, showing=false]
                    se.cambiosys.client.framework.core.internal.CambioShortcutMenuButton[name=null, text=&apos;&apos;, selected=false, enabled=true, visible=true, showing=false]
                  se.cambiosys.client.framework.menueditor.internal.InitializingMenuItem[name=null, text=&apos;Search order number&apos;, selected=false, enabled=true, visible=true, showing=false]
                    se.cambiosys.client.framework.core.internal.CambioShortcutMenuButton[name=null, text=&apos;&apos;, selected=false, enabled=true, visible=true, showing=false]
                  se.cambiosys.client.framework.menueditor.internal.InitializingMenuItem[name=null, text=&apos;Reception administration &amp; reception period&apos;, selected=false, enabled=true, visible=true, showing=false]
                    se.cambiosys.client.framework.core.internal.CambioShortcutMenuButton[name=null, text=&apos;&apos;, selected=false, enabled=true, visible=true, showing=false]
                  se.cambiosys.client.framework.menueditor.internal.InitializingMenuItem[name=null, text=&apos;Receptions and reception locations&apos;, selected=false, enabled=true, visible=true, showing=false]
                    se.cambiosys.client.framework.core.internal.CambioShortcutMenuButton[name=null, text=&apos;&apos;, selected=false, enabled=true, visible=true, showing=false]
                  se.cambiosys.client.framework.components.CambioMenu[name=null, text=&apos;Contract&apos;, selected=false, enabled=true, visible=true, showing=false]
                    javax.swing.JPopupMenu[name=null, label=null, enabled=true, visible=false, showing=false]
                      se.cambiosys.client.framework.menueditor.internal.InitializingMenuItem[name=null, text=&apos;New base price list&apos;, selected=false, enabled=true, visible=true, showing=false]
                        se.cambiosys.client.framework.core.internal.CambioShortcutMenuButton[name=null, text=&apos;&apos;, selected=false, enabled=true, visible=true, showing=false]
                      se.cambiosys.client.framework.menueditor.internal.InitializingMenuItem[name=null, text=&apos;Open base price list&apos;, selected=false, enabled=true, visible=true, showing=false]
                        se.cambiosys.client.framework.core.internal.CambioShortcutMenuButton[name=null, text=&apos;&apos;, selected=false, enabled=true, visible=true, showing=false]
                      se.cambiosys.client.framework.menueditor.internal.InitializingMenuItem[name=null, text=&apos;New contract&apos;, selected=false, enabled=true, visible=true, showing=false]
                        se.cambiosys.client.framework.core.internal.CambioShortcutMenuButton[name=null, text=&apos;&apos;, selected=false, enabled=true, visible=true, showing=false]
                      se.cambiosys.client.framework.menueditor.internal.InitializingMenuItem[name=null, text=&apos;Open contract&apos;, selected=false, enabled=true, visible=true, showing=false]
                        se.cambiosys.client.framework.core.internal.CambioShortcutMenuButton[name=null, text=&apos;&apos;, selected=false, enabled=true, visible=true, showing=false]
                      se.cambiosys.client.framework.menueditor.internal.InitializingMenuItem[name=null, text=&apos;Administration of contracts of goods sales&apos;, selected=false, enabled=true, visible=true, showing=false]
                        se.cambiosys.client.framework.core.internal.CambioShortcutMenuButton[name=null, text=&apos;&apos;, selected=false, enabled=true, visible=true, showing=false]
                  se.cambiosys.client.framework.menueditor.internal.InitializingMenuItem[name=null, text=&apos;Products&apos;, selected=false, enabled=true, visible=true, showing=false]
                    se.cambiosys.client.framework.core.internal.CambioShortcutMenuButton[name=null, text=&apos;&apos;, selected=false, enabled=true, visible=true, showing=false]
                  se.cambiosys.client.framework.menueditor.internal.InitializingMenuItem[name=null, text=&apos;Goods&apos;, selected=false, enabled=true, visible=true, showing=false]
                    se.cambiosys.client.framework.core.internal.CambioShortcutMenuButton[name=null, text=&apos;&apos;, selected=false, enabled=true, visible=true, showing=false]
                  se.cambiosys.client.framework.menueditor.internal.InitializingMenuItem[name=null, text=&apos;VAT classes&apos;, selected=false, enabled=true, visible=true, showing=false]
                    se.cambiosys.client.framework.core.internal.CambioShortcutMenuButton[name=null, text=&apos;&apos;, selected=false, enabled=true, visible=true, showing=false]
              se.cambiosys.client.framework.menueditor.internal.InitializingMenuItem[name=null, text=&apos;Configure economy exports&apos;, selected=false, enabled=true, visible=true, showing=false]
                se.cambiosys.client.framework.core.internal.CambioShortcutMenuButton[name=null, text=&apos;&apos;, selected=false, enabled=true, visible=true, showing=false]
              se.cambiosys.client.framework.menueditor.internal.InitializingMenuItem[name=null, text=&apos;Export management&apos;, selected=false, enabled=true, visible=true, showing=false]
                se.cambiosys.client.framework.core.internal.CambioShortcutMenuButton[name=null, text=&apos;&apos;, selected=false, enabled=true, visible=true, showing=false]
              se.cambiosys.client.framework.menueditor.internal.InitializingMenuItem[name=null, text=&apos;Visit and procedure registration&apos;, selected=false, enabled=true, visible=true, showing=false]
                se.cambiosys.client.framework.core.internal.CambioShortcutMenuButton[name=null, text=&apos;&apos;, selected=false, enabled=true, visible=true, showing=false]
              se.cambiosys.client.framework.menueditor.internal.InitializingMenuItem[name=null, text=&apos;Inpatient registration&apos;, selected=false, enabled=true, visible=true, showing=false]
                se.cambiosys.client.framework.core.internal.CambioShortcutMenuButton[name=null, text=&apos;&apos;, selected=false, enabled=true, visible=true, showing=false]
              se.cambiosys.client.framework.menueditor.internal.InitializingMenuItem[name=null, text=&apos;Acute overview&apos;, selected=false, enabled=true, visible=true, showing=false]
                se.cambiosys.client.framework.core.internal.CambioShortcutMenuButton[name=null, text=&apos;&apos;, selected=false, enabled=true, visible=true, showing=false]
              se.cambiosys.client.framework.menueditor.internal.InitializingMenuItem[name=null, text=&apos;Registration overview&apos;, selected=false, enabled=true, visible=true, showing=false]
                se.cambiosys.client.framework.core.internal.CambioShortcutMenuButton[name=null, text=&apos;&apos;, selected=false, enabled=true, visible=true, showing=false]
              se.cambiosys.client.framework.menueditor.internal.InitializingMenuItem[name=null, text=&apos;Goods Sale overview&apos;, selected=false, enabled=true, visible=true, showing=false]
                se.cambiosys.client.framework.core.internal.CambioShortcutMenuButton[name=null, text=&apos;&apos;, selected=false, enabled=true, visible=true, showing=false]
              se.cambiosys.client.framework.menueditor.internal.InitializingMenuItem[name=null, text=&apos;Invoice overview&apos;, selected=false, enabled=true, visible=true, showing=false]
                se.cambiosys.client.framework.core.internal.CambioShortcutMenuButton[name=null, text=&apos;&apos;, selected=false, enabled=true, visible=true, showing=false]
              se.cambiosys.client.framework.menueditor.internal.InitializingMenuItem[name=null, text=&apos;Register codes&apos;, selected=false, enabled=false, visible=true, showing=false]
                se.cambiosys.client.framework.core.internal.CambioShortcutMenuButton[name=null, text=&apos;&apos;, selected=false, enabled=true, visible=true, showing=false]
              se.cambiosys.client.framework.menueditor.internal.InitializingMenuItem[name=null, text=&apos;Undo&apos;, selected=false, enabled=true, visible=true, showing=false]
                se.cambiosys.client.framework.core.internal.CambioShortcutMenuButton[name=null, text=&apos;&apos;, selected=false, enabled=true, visible=true, showing=false]
          se.cambiosys.client.framework.components.CambioMenu[name=null, text=&apos;Patient&apos;, selected=false, enabled=true, visible=true, showing=true]
            javax.swing.JPopupMenu[name=null, label=null, enabled=true, visible=false, showing=false]
              se.cambiosys.client.framework.components.CambioMenu[name=null, text=&apos;Groups&apos;, selected=false, enabled=true, visible=true, showing=false]
                javax.swing.JPopupMenu[name=null, label=null, enabled=true, visible=false, showing=false]
                  se.cambiosys.client.framework.menueditor.internal.InitializingMenuItem[name=null, text=&apos;Group card&apos;, selected=false, enabled=false, visible=true, showing=false]
                    se.cambiosys.client.framework.core.internal.CambioShortcutMenuButton[name=null, text=&apos;&apos;, selected=false, enabled=true, visible=true, showing=false]
                  se.cambiosys.client.framework.menueditor.internal.InitializingMenuItem[name=null, text=&apos;Group administration&apos;, selected=false, enabled=true, visible=true, showing=false]
                    se.cambiosys.client.framework.core.internal.CambioShortcutMenuButton[name=null, text=&apos;&apos;, selected=false, enabled=true, visible=true, showing=false]
              se.cambiosys.client.framework.subjectofcare.internal.SecurityOverrideHandlerImpl$1(se.cambiosys.client.framework.components.CambioCheckBoxMenuItem)[name=null, text=&apos;Activate security override&apos;, selected=false, enabled=false, visible=true, showing=false]
              se.cambiosys.client.framework.menueditor.internal.InitializingMenuItem[name=null, text=&apos;Patient card&apos;, selected=false, enabled=true, visible=true, showing=false]
                se.cambiosys.client.framework.core.internal.CambioShortcutMenuButton[name=null, text=&apos;&apos;, selected=false, enabled=true, visible=true, showing=false]
              se.cambiosys.client.framework.menueditor.internal.InitializingMenuItem[name=null, text=&apos;Print patient information&apos;, selected=false, enabled=true, visible=true, showing=false]
                se.cambiosys.client.framework.core.internal.CambioShortcutMenuButton[name=null, text=&apos;&apos;, selected=false, enabled=true, visible=true, showing=false]
              se.cambiosys.client.framework.menueditor.internal.InitializingMenuItem[name=null, text=&apos;Connect mother-child&apos;, selected=false, enabled=false, visible=true, showing=false]
                se.cambiosys.client.framework.core.internal.CambioShortcutMenuButton[name=null, text=&apos;&apos;, selected=false, enabled=true, visible=true, showing=false]
              se.cambiosys.client.framework.menueditor.internal.InitializingMenuItem[name=null, text=&apos;Disconnect child-mother&apos;, selected=false, enabled=false, visible=true, showing=false]
                se.cambiosys.client.framework.core.internal.CambioShortcutMenuButton[name=null, text=&apos;&apos;, selected=false, enabled=true, visible=true, showing=false]
              se.cambiosys.client.framework.menueditor.internal.InitializingMenuItem[name=null, text=&apos;Reservenumber...&apos;, selected=false, enabled=true, visible=true, showing=false]
                se.cambiosys.client.framework.core.internal.CambioShortcutMenuButton[name=null, text=&apos;&apos;, selected=false, enabled=true, visible=true, showing=false]
          se.cambiosys.client.framework.components.CambioMenu[name=null, text=&apos;Link (previous version)&apos;, selected=false, enabled=true, visible=true, showing=true]
            javax.swing.JPopupMenu[name=null, label=null, enabled=true, visible=false, showing=false]
              se.cambiosys.client.framework.menueditor.internal.InitializingMenuItem[name=null, text=&apos;Loading...&apos;, selected=false, enabled=true, visible=true, showing=false]
                se.cambiosys.client.framework.core.internal.CambioShortcutMenuButton[name=null, text=&apos;&apos;, selected=false, enabled=true, visible=true, showing=false]
              se.cambiosys.client.framework.menueditor.internal.InitializingMenuItem[name=null, text=&apos;Loading...&apos;, selected=false, enabled=true, visible=true, showing=false]
                se.cambiosys.client.framework.core.internal.CambioShortcutMenuButton[name=null, text=&apos;&apos;, selected=false, enabled=true, visible=true, showing=false]
          se.cambiosys.client.framework.components.CambioMenu[name=null, text=&apos;File&apos;, selected=false, enabled=true, visible=true, showing=true]
            javax.swing.JPopupMenu[name=null, label=null, enabled=true, visible=false, showing=false]
              se.cambiosys.client.framework.menueditor.internal.InitializingMenuItem[name=null, text=&apos;Change password&apos;, selected=false, enabled=true, visible=true, showing=false]
                se.cambiosys.client.framework.core.internal.CambioShortcutMenuButton[name=null, text=&apos;&apos;, selected=false, enabled=true, visible=true, showing=false]
              se.cambiosys.client.framework.menueditor.internal.InitializingMenuItem[name=null, text=&apos;Lock COSMIC&apos;, selected=false, enabled=true, visible=true, showing=false]
                se.cambiosys.client.framework.core.internal.CambioShortcutMenuButton[name=null, text=&apos;&apos;, selected=false, enabled=true, visible=true, showing=false]
              se.cambiosys.client.framework.menueditor.internal.InitializingMenuItem[name=null, text=&apos;Change profile&apos;, selected=false, enabled=true, visible=true, showing=false]
                se.cambiosys.client.framework.core.internal.CambioShortcutMenuButton[name=null, text=&apos;&apos;, selected=false, enabled=true, visible=true, showing=false]
              se.cambiosys.client.framework.menueditor.internal.InitializingMenuItem[name=null, text=&apos;Log out&apos;, selected=false, enabled=true, visible=true, showing=false]
                se.cambiosys.client.framework.core.internal.CambioShortcutMenuButton[name=null, text=&apos;&apos;, selected=false, enabled=true, visible=true, showing=false]
              se.cambiosys.client.framework.menueditor.internal.InitializingMenuItem[name=null, text=&apos;Quit&apos;, selected=false, enabled=true, visible=true, showing=false]
                se.cambiosys.client.framework.core.internal.CambioShortcutMenuButton[name=null, text=&apos;&apos;, selected=false, enabled=true, visible=true, showing=false]
          se.cambiosys.client.framework.components.CambioMenu[name=null, text=&apos;External Applications&apos;, selected=false, enabled=true, visible=true, showing=true]
            javax.swing.JPopupMenu[name=null, label=null, enabled=true, visible=false, showing=false]
              se.cambiosys.client.framework.menueditor.internal.InitializingMenuItem[name=null, text=&apos;DrCompanion&apos;, selected=false, enabled=true, visible=true, showing=false]
                se.cambiosys.client.framework.core.internal.CambioShortcutMenuButton[name=null, text=&apos;&apos;, selected=false, enabled=true, visible=true, showing=false]
              se.cambiosys.client.framework.menueditor.internal.InitializingMenuItem[name=null, text=&apos;OBSTETRIX (Ext)&apos;, selected=false, enabled=true, visible=true, showing=false]
                se.cambiosys.client.framework.core.internal.CambioShortcutMenuButton[name=null, text=&apos;&apos;, selected=false, enabled=true, visible=true, showing=false]
          se.cambiosys.client.framework.components.CambioMenu[name=null, text=&apos;Analytics&apos;, selected=false, enabled=true, visible=true, showing=true]
            javax.swing.JPopupMenu[name=null, label=null, enabled=true, visible=false, showing=false]
              se.cambiosys.client.framework.menueditor.internal.InitializingMenuItem[name=null, text=&apos;Insight&apos;, selected=false, enabled=true, visible=true, showing=false]
                se.cambiosys.client.framework.core.internal.CambioShortcutMenuButton[name=null, text=&apos;&apos;, selected=false, enabled=true, visible=true, showing=false]
          se.cambiosys.client.framework.components.CambioMenu[name=null, text=&apos;Bed management&apos;, selected=false, enabled=true, visible=true, showing=true]
            javax.swing.JPopupMenu[name=null, label=null, enabled=true, visible=false, showing=false]
              se.cambiosys.client.framework.menueditor.internal.InitializingMenuItem[name=null, text=&apos;Patient search&apos;, selected=false, enabled=true, visible=true, showing=false]
                se.cambiosys.client.framework.core.internal.CambioShortcutMenuButton[name=null, text=&apos;&apos;, selected=false, enabled=true, visible=true, showing=false]
              se.cambiosys.client.framework.menueditor.internal.InitializingMenuItem[name=null, text=&apos;Bed reservation overview&apos;, selected=false, enabled=true, visible=true, showing=false]
                se.cambiosys.client.framework.core.internal.CambioShortcutMenuButton[name=null, text=&apos;&apos;, selected=false, enabled=true, visible=true, showing=false]
              se.cambiosys.client.framework.menueditor.internal.InitializingMenuItem[name=null, text=&apos;Bed Administration&apos;, selected=false, enabled=true, visible=true, showing=false]
                se.cambiosys.client.framework.core.internal.CambioShortcutMenuButton[name=null, text=&apos;&apos;, selected=false, enabled=true, visible=true, showing=false]
      javax.swing.JPanel[name=&apos;null.contentPane&apos;]
        se.cambiosys.client.framework.core.internal.gui.MainWindow$2(javax.swing.JPanel)[name=null]
        se.cambiosys.client.framework.components.CambioDesktopPane[]
          javax.swing.JLabel[name=null, text=&apos;&apos;, enabled=true, visible=true, showing=false]
        se.cambiosys.client.framework.components.CambioPanel[name=null]
          se.cambiosys.client.framework.core.internal.gui.MainWindow$1(se.cambiosys.client.framework.subjectofcare.internal.gui.PatientBannerTopPanel)[name=null]
            se.cambiosys.client.framework.core.internal.gui.SideBarToggleButton[name=null, text=&apos;&apos;, enabled=true, visible=true, showing=true]
            se.cambiosys.client.framework.core.internal.gui.CambioVerticalMenu[name=null]
              javax.swing.JMenuBar[]
                javax.swing.JMenu[name=null, text=&apos;&apos;, selected=true, enabled=true, visible=true, showing=true]
                  javax.swing.JPopupMenu[name=null, label=null, enabled=true, visible=true, showing=true]
                    se.cambiosys.client.framework.core.internal.gui.CambioMenuSearchComponent[name=null]
                      se.cambiosys.client.framework.components.CambioPanel[name=null]
                        javax.swing.JTextField[name=null, text=&apos;&apos;, enabled=true, visible=true, showing=true]
                        se.cambiosys.client.framework.components.CambioLabel[name=&apos;Table.cellRenderer&apos;, text=&apos;&apos;, enabled=true, visible=true, showing=true]
                        se.cambiosys.client.framework.components.CambioButton[name=null, text=&apos;&apos;, enabled=true, visible=false, showing=false]
                    se.cambiosys.client.framework.components.CambioMenu[name=null, text=&apos;Page Object Creator&apos;, selected=false, enabled=true, visible=true, showing=true]
                      javax.swing.JPopupMenu[name=null, label=null, enabled=true, visible=false, showing=false]
                        se.cambiosys.client.framework.menueditor.internal.InitializingMenuItem[name=null, text=&apos;Loading...&apos;, selected=false, enabled=true, visible=true, showing=false]
                          se.cambiosys.client.framework.core.internal.CambioShortcutMenuButton[name=null, text=&apos;&apos;, selected=false, enabled=true, visible=true, showing=false]
                    se.cambiosys.client.framework.components.CambioMenu[name=null, text=&apos;Activity&apos;, selected=false, enabled=true, visible=true, showing=true]
                      javax.swing.JPopupMenu[name=null, label=null, enabled=true, visible=false, showing=false]
                        se.cambiosys.client.framework.menueditor.internal.InitializingMenuItem[name=null, text=&apos;Order&apos;, selected=false, enabled=false, visible=true, showing=false]
                          se.cambiosys.client.framework.core.internal.CambioShortcutMenuButton[name=null, text=&apos;&apos;, selected=true, enabled=true, visible=true, showing=false]
                        se.cambiosys.client.framework.menueditor.internal.InitializingMenuItem[name=null, text=&apos;Order Administration&apos;, selected=false, enabled=true, visible=true, showing=false]
                          se.cambiosys.client.framework.core.internal.CambioShortcutMenuButton[name=null, text=&apos;&apos;, selected=false, enabled=true, visible=true, showing=false]
                    se.cambiosys.client.framework.components.CambioMenu[name=null, text=&apos;Patient Generated Care Entries&apos;, selected=false, enabled=true, visible=true, showing=true]
                      javax.swing.JPopupMenu[name=null, label=null, enabled=true, visible=false, showing=false]
                        se.cambiosys.client.framework.menueditor.internal.InitializingMenuItem[name=null, text=&apos;PG CareEntries Testing Tool&apos;, selected=false, enabled=true, visible=true, showing=false]
                          se.cambiosys.client.framework.core.internal.CambioShortcutMenuButton[name=null, text=&apos;&apos;, selected=false, enabled=true, visible=true, showing=false]
                    se.cambiosys.client.framework.components.CambioMenu[name=null, text=&apos;Referral&apos;, selected=false, enabled=true, visible=true, showing=true]
                      javax.swing.JPopupMenu[name=null, label=null, enabled=true, visible=false, showing=false]
                        se.cambiosys.client.framework.menueditor.internal.InitializingMenuItem[name=null, text=&apos;New referral&apos;, selected=false, enabled=true, visible=true, showing=false]
                          se.cambiosys.client.framework.core.internal.CambioShortcutMenuButton[name=null, text=&apos;&apos;, selected=false, enabled=true, visible=true, showing=false]
                        se.cambiosys.client.framework.menueditor.internal.InitializingMenuItem[name=null, text=&apos;Received referrals&apos;, selected=false, enabled=true, visible=true, showing=false]
                          se.cambiosys.client.framework.core.internal.CambioShortcutMenuButton[name=null, text=&apos;&apos;, selected=false, enabled=true, visible=true, showing=false]
                        se.cambiosys.client.framework.menueditor.internal.InitializingMenuItem[name=null, text=&apos;Register referral&apos;, selected=false, enabled=true, visible=true, showing=false]
                          se.cambiosys.client.framework.core.internal.CambioShortcutMenuButton[name=null, text=&apos;&apos;, selected=false, enabled=true, visible=true, showing=false]
                        se.cambiosys.client.framework.menueditor.internal.InitializingMenuItem[name=null, text=&apos;Saved and sent referrals&apos;, selected=false, enabled=true, visible=true, showing=false]
                          se.cambiosys.client.framework.core.internal.CambioShortcutMenuButton[name=null, text=&apos;&apos;, selected=false, enabled=true, visible=true, showing=false]
                        se.cambiosys.client.framework.menueditor.internal.InitializingMenuItem[name=null, text=&apos;Patient&apos;s list of answers&apos;, selected=false, enabled=true, visible=true, showing=false]
                          se.cambiosys.client.framework.core.internal.CambioShortcutMenuButton[name=null, text=&apos;&apos;, selected=false, enabled=true, visible=true, showing=false]
                        se.cambiosys.client.framework.components.CambioMenu[name=null, text=&apos;Administration&apos;, selected=false, enabled=true, visible=true, showing=false]
                          javax.swing.JPopupMenu[name=null, label=null, enabled=true, visible=false, showing=false]
                            se.cambiosys.client.framework.menueditor.internal.InitializingMenuItem[name=null, text=&apos;Documentation templates&apos;, selected=false, enabled=true, visible=true, showing=false]
                              se.cambiosys.client.framework.core.internal.CambioShortcutMenuButton[name=null, text=&apos;&apos;, selected=false, enabled=true, visible=true, showing=false]
                    se.cambiosys.client.framework.components.CambioMenu[name=null, text=&apos;Link&apos;, selected=false, enabled=true, visible=true, showing=true]
                      javax.swing.JPopupMenu[name=null, label=null, enabled=true, visible=false, showing=false]
                        se.cambiosys.client.framework.menueditor.internal.InitializingMenuItem[name=null, text=&apos;Case overview&apos;, selected=false, enabled=true, visible=true, showing=false]
                          se.cambiosys.client.framework.core.internal.CambioShortcutMenuButton[name=null, text=&apos;&apos;, selected=false, enabled=true, visible=true, showing=false]
                        se.cambiosys.client.framework.components.CambioMenu[name=null, text=&apos;Administration&apos;, selected=false, enabled=true, visible=true, showing=false]
                          javax.swing.JPopupMenu[name=null, label=null, enabled=true, visible=false, showing=false]
                            se.cambiosys.client.framework.menueditor.internal.InitializingMenuItem[name=null, text=&apos;Suggested Admission message receivers&apos;, selected=false, enabled=true, visible=true, showing=false]
                              se.cambiosys.client.framework.core.internal.CambioShortcutMenuButton[name=null, text=&apos;&apos;, selected=false, enabled=true, visible=true, showing=false]
                    se.cambiosys.client.framework.components.CambioMenu[name=null, text=&apos;Fluid balance&apos;, selected=false, enabled=true, visible=true, showing=true]
                      javax.swing.JPopupMenu[name=null, label=null, enabled=true, visible=false, showing=false]
                        se.cambiosys.client.framework.menueditor.internal.InitializingMenuItem[name=null, text=&apos;Fluid Balance&apos;, selected=false, enabled=true, visible=true, showing=false]
                          se.cambiosys.client.framework.core.internal.CambioShortcutMenuButton[name=null, text=&apos;&apos;, selected=false, enabled=true, visible=true, showing=false]
                    se.cambiosys.client.framework.components.CambioMenu[name=null, text=&apos;Help&apos;, selected=false, enabled=true, visible=true, showing=true]
                      javax.swing.JPopupMenu[name=null, label=null, enabled=true, visible=false, showing=false]
                        se.cambiosys.client.framework.menueditor.internal.InitializingMenuItem[name=null, text=&apos;About Cambio COSMIC...&apos;, selected=false, enabled=true, visible=true, showing=false]
                          se.cambiosys.client.framework.core.internal.CambioShortcutMenuButton[name=null, text=&apos;&apos;, selected=false, enabled=true, visible=true, showing=false]
                        se.cambiosys.client.framework.menueditor.internal.InitializingMenuItem[name=null, text=&apos;Help for Cosmic&apos;, selected=false, enabled=true, visible=true, showing=false]
                          se.cambiosys.client.framework.core.internal.CambioShortcutMenuButton[name=null, text=&apos;&apos;, selected=false, enabled=true, visible=true, showing=false]
                    se.cambiosys.client.framework.components.CambioMenu[name=null, text=&apos;CDS&apos;, selected=false, enabled=true, visible=true, showing=true]
                      javax.swing.JPopupMenu[name=null, label=null, enabled=true, visible=false, showing=false]
                        se.cambiosys.client.framework.menueditor.internal.InitializingMenuItem[name=null, text=&apos;CDS App Administration&apos;, selected=false, enabled=true, visible=true, showing=false]
                          se.cambiosys.client.framework.core.internal.CambioShortcutMenuButton[name=null, text=&apos;&apos;, selected=false, enabled=true, visible=true, showing=false]
                        se.cambiosys.client.framework.menueditor.internal.InitializingMenuItem[name=null, text=&apos;Stroke Prevention for Atrial Fibrillation&apos;, selected=false, enabled=true, visible=true, showing=false]
                          se.cambiosys.client.framework.core.internal.CambioShortcutMenuButton[name=null, text=&apos;&apos;, selected=false, enabled=true, visible=true, showing=false]
                    se.cambiosys.client.framework.components.CambioMenu[name=null, text=&apos;Resource planning&apos;, selected=false, enabled=true, visible=true, showing=true]
                      javax.swing.JPopupMenu[name=null, label=null, enabled=true, visible=false, showing=false]
                        se.cambiosys.client.framework.menueditor.internal.InitializingMenuItem[name=null, text=&apos;Schedule&apos;, selected=false, enabled=true, visible=true, showing=false]
                          se.cambiosys.client.framework.core.internal.CambioShortcutMenuButton[name=null, text=&apos;&apos;, selected=false, enabled=true, visible=true, showing=false]
                        se.cambiosys.client.framework.menueditor.internal.InitializingMenuItem[name=null, text=&apos;Schedule groups&apos;, selected=false, enabled=true, visible=true, showing=false]
                          se.cambiosys.client.framework.core.internal.CambioShortcutMenuButton[name=null, text=&apos;&apos;, selected=false, enabled=true, visible=true, showing=false]
                        se.cambiosys.client.framework.menueditor.internal.InitializingMenuItem[name=null, text=&apos;Schedule overview&apos;, selected=false, enabled=true, visible=true, showing=false]
                          se.cambiosys.client.framework.core.internal.CambioShortcutMenuButton[name=null, text=&apos;&apos;, selected=false, enabled=true, visible=true, showing=false]
                        se.cambiosys.client.framework.components.CambioMenu[name=null, text=&apos;Administration&apos;, selected=false, enabled=true, visible=true, showing=false]
                          javax.swing.JPopupMenu[name=null, label=null, enabled=true, visible=false, showing=false]
                            se.cambiosys.client.framework.menueditor.internal.InitializingMenuItem[name=null, text=&apos;Connect time slot services&apos;, selected=false, enabled=true, visible=true, showing=false]
                              se.cambiosys.client.framework.core.internal.CambioShortcutMenuButton[name=null, text=&apos;&apos;, selected=false, enabled=true, visible=true, showing=false]
                            se.cambiosys.client.framework.components.CambioMenu[name=null, text=&apos;Scheme&apos;, selected=false, enabled=true, visible=true, showing=false]
                              javax.swing.JPopupMenu[name=null, label=null, enabled=true, visible=false, showing=false]
                                se.cambiosys.client.framework.menueditor.internal.InitializingMenuItem[name=null, text=&apos;Services scheme&apos;, selected=false, enabled=true, visible=true, showing=false]
                                  se.cambiosys.client.framework.core.internal.CambioShortcutMenuButton[name=null, text=&apos;&apos;, selected=false, enabled=true, visible=true, showing=false]
                                se.cambiosys.client.framework.menueditor.internal.InitializingMenuItem[name=null, text=&apos;Scheme templates&apos;, selected=false, enabled=true, visible=true, showing=false]
                                  se.cambiosys.client.framework.core.internal.CambioShortcutMenuButton[name=null, text=&apos;&apos;, selected=false, enabled=true, visible=true, showing=false]
                                se.cambiosys.client.framework.menueditor.internal.InitializingMenuItem[name=null, text=&apos;Resource&apos;s scheme&apos;, selected=false, enabled=true, visible=true, showing=false]
                                  se.cambiosys.client.framework.core.internal.CambioShortcutMenuButton[name=null, text=&apos;&apos;, selected=false, enabled=true, visible=true, showing=false]
                            se.cambiosys.client.framework.components.CambioMenu[name=null, text=&apos;Staffing&apos;, selected=false, enabled=true, visible=true, showing=false]
                              javax.swing.JPopupMenu[name=null, label=null, enabled=true, visible=false, showing=false]
                                se.cambiosys.client.framework.menueditor.internal.InitializingMenuItem[name=null, text=&apos;Allocate resources - Services scheme&apos;, selected=false, enabled=true, visible=true, showing=false]
                                  se.cambiosys.client.framework.core.internal.CambioShortcutMenuButton[name=null, text=&apos;&apos;, selected=false, enabled=true, visible=true, showing=false]
                                se.cambiosys.client.framework.menueditor.internal.InitializingMenuItem[name=null, text=&apos;Allocate resources - Scheme templates&apos;, selected=false, enabled=true, visible=true, showing=false]
                                  se.cambiosys.client.framework.core.internal.CambioShortcutMenuButton[name=null, text=&apos;&apos;, selected=false, enabled=true, visible=true, showing=false]
                                se.cambiosys.client.framework.menueditor.internal.InitializingMenuItem[name=null, text=&apos;Services missing resources&apos;, selected=false, enabled=true, visible=true, showing=false]
                                  se.cambiosys.client.framework.core.internal.CambioShortcutMenuButton[name=null, text=&apos;&apos;, selected=false, enabled=true, visible=true, showing=false]
                        se.cambiosys.client.framework.menueditor.internal.InitializingMenuItem[name=null, text=&apos;Planned activities&apos;, selected=false, enabled=true, visible=true, showing=false]
                          se.cambiosys.client.framework.core.internal.CambioShortcutMenuButton[name=null, text=&apos;&apos;, selected=false, enabled=true, visible=true, showing=false]
                        se.cambiosys.client.framework.menueditor.internal.InitializingMenuItem[name=null, text=&apos;Planning form&apos;, selected=false, enabled=true, visible=true, showing=false]
                          se.cambiosys.client.framework.core.internal.CambioShortcutMenuButton[name=null, text=&apos;&apos;, selected=false, enabled=true, visible=true, showing=false]
                        se.cambiosys.client.framework.menueditor.internal.InitializingMenuItem[name=null, text=&apos;Light planning form&apos;, selected=false, enabled=true, visible=true, showing=false]
                          se.cambiosys.client.framework.core.internal.CambioShortcutMenuButton[name=null, text=&apos;&apos;, selected=false, enabled=true, visible=true, showing=false]
                    se.cambiosys.client.framework.components.CambioMenu[name=null, text=&apos;Activity handling&apos;, selected=false, enabled=true, visible=true, showing=true]
                      javax.swing.JPopupMenu[name=null, label=null, enabled=true, visible=false, showing=false]
                        se.cambiosys.client.framework.menueditor.internal.InitializingMenuItem[name=null, text=&apos;Activity handler&apos;, selected=false, enabled=true, visible=true, showing=false]
                          se.cambiosys.client.framework.core.internal.CambioShortcutMenuButton[name=null, text=&apos;&apos;, selected=false, enabled=true, visible=true, showing=false]
                        se.cambiosys.client.framework.components.CambioMenu[name=null, text=&apos;Administration&apos;, selected=false, enabled=true, visible=true, showing=false]
                          javax.swing.JPopupMenu[name=null, label=null, enabled=true, visible=false, showing=false]
                            se.cambiosys.client.framework.menueditor.internal.InitializingMenuItem[name=null, text=&apos;Configuration of Activity plans&apos;, selected=false, enabled=true, visible=true, showing=false]
                              se.cambiosys.client.framework.core.internal.CambioShortcutMenuButton[name=null, text=&apos;&apos;, selected=false, enabled=true, visible=true, showing=false]
                            se.cambiosys.client.framework.menueditor.internal.InitializingMenuItem[name=null, text=&apos;Configuration of activity plan activation&apos;, selected=false, enabled=true, visible=true, showing=false]
                              se.cambiosys.client.framework.core.internal.CambioShortcutMenuButton[name=null, text=&apos;&apos;, selected=false, enabled=true, visible=true, showing=false]
                    se.cambiosys.client.framework.components.CambioMenu[name=null, text=&apos;Drugs&apos;, selected=false, enabled=true, visible=true, showing=true]
                      javax.swing.JPopupMenu[name=null, label=null, enabled=true, visible=false, showing=false]
                        se.cambiosys.client.framework.menueditor.internal.InitializingMenuItem[name=null, text=&apos;Appliance&apos;, selected=false, enabled=true, visible=true, showing=false]
                          se.cambiosys.client.framework.core.internal.CambioShortcutMenuButton[name=null, text=&apos;&apos;, selected=false, enabled=true, visible=true, showing=false]
                        se.cambiosys.client.framework.menueditor.internal.InitializingMenuItem[name=null, text=&apos;Prescription&apos;, selected=false, enabled=true, visible=true, showing=false]
                          se.cambiosys.client.framework.core.internal.CambioShortcutMenuButton[name=null, text=&apos;&apos;, selected=false, enabled=true, visible=true, showing=false]
                        se.cambiosys.client.framework.menueditor.internal.InitializingMenuItem[name=null, text=&apos;R8.0 List of medications&apos;, selected=false, enabled=true, visible=true, showing=false]
                          se.cambiosys.client.framework.core.internal.CambioShortcutMenuButton[name=null, text=&apos;&apos;, selected=false, enabled=true, visible=true, showing=false]
                        se.cambiosys.client.framework.components.CambioMenu[name=null, text=&apos;Administration&apos;, selected=false, enabled=true, visible=true, showing=false]
                          javax.swing.JPopupMenu[name=null, label=null, enabled=true, visible=false, showing=false]
                            se.cambiosys.client.framework.menueditor.internal.InitializingMenuItem[name=null, text=&apos;Sent E-prescriptions&apos;, selected=false, enabled=true, visible=true, showing=false]
                              se.cambiosys.client.framework.core.internal.CambioShortcutMenuButton[name=null, text=&apos;&apos;, selected=false, enabled=true, visible=true, showing=false]
                        se.cambiosys.client.framework.menueditor.internal.InitializingMenuItem[name=null, text=&apos;Warnings, cautions and infected blood&apos;, selected=false, enabled=false, visible=true, showing=false]
                          se.cambiosys.client.framework.core.internal.CambioShortcutMenuButton[name=null, text=&apos;&apos;, selected=false, enabled=true, visible=true, showing=false]
                        se.cambiosys.client.framework.menueditor.internal.InitializingMenuItem[name=null, text=&apos;Medical administration record&apos;, selected=false, enabled=true, visible=true, showing=false]
                          se.cambiosys.client.framework.core.internal.CambioShortcutMenuButton[name=null, text=&apos;&apos;, selected=false, enabled=true, visible=true, showing=false]
                        se.cambiosys.client.framework.menueditor.internal.InitializingMenuItem[name=null, text=&apos;Decision about medication at admission&apos;, selected=false, enabled=true, visible=true, showing=false]
                          se.cambiosys.client.framework.core.internal.CambioShortcutMenuButton[name=null, text=&apos;&apos;, selected=false, enabled=true, visible=true, showing=false]
                    se.cambiosys.client.framework.components.CambioMenu[name=null, text=&apos;Concept&apos;, selected=false, enabled=true, visible=true, showing=true]
                      javax.swing.JPopupMenu[name=null, label=null, enabled=true, visible=false, showing=false]
                        se.cambiosys.client.framework.menueditor.internal.InitializingMenuItem[name=null, text=&apos;Terminology binding configuration&apos;, selected=false, enabled=true, visible=true, showing=false]
                          se.cambiosys.client.framework.core.internal.CambioShortcutMenuButton[name=null, text=&apos;&apos;, selected=false, enabled=true, visible=true, showing=false]
                    se.cambiosys.client.framework.components.CambioMenu[name=null, text=&apos;Block Administration&apos;, selected=false, enabled=true, visible=true, showing=true]
                      javax.swing.JPopupMenu[name=null, label=null, enabled=true, visible=false, showing=false]
                        se.cambiosys.client.framework.menueditor.internal.InitializingMenuItem[name=null, text=&apos;Block Administration&apos;, selected=false, enabled=true, visible=true, showing=false]
                          se.cambiosys.client.framework.core.internal.CambioShortcutMenuButton[name=null, text=&apos;&apos;, selected=false, enabled=true, visible=true, showing=false]
                    se.cambiosys.client.framework.components.CambioMenu[name=null, text=&apos;Overviews&apos;, selected=false, enabled=true, visible=true, showing=true]
                      javax.swing.JPopupMenu[name=null, label=null, enabled=true, visible=false, showing=false]
                        se.cambiosys.client.framework.menueditor.internal.InitializingMenuItem[name=null, text=&apos;Unsigned and Unacknowledged&apos;, selected=false, enabled=true, visible=true, showing=false]
                          se.cambiosys.client.framework.core.internal.CambioShortcutMenuButton[name=null, text=&apos;&apos;, selected=false, enabled=true, visible=true, showing=false]
                        se.cambiosys.client.framework.components.CambioMenu[name=null, text=&apos;Unit overviews&apos;, selected=false, enabled=true, visible=true, showing=false]
                          javax.swing.JPopupMenu[name=null, label=null, enabled=true, visible=false, showing=false]
                            se.cambiosys.client.framework.menueditor.internal.InitializingMenuItem[name=null, text=&apos;Services&apos;, selected=false, enabled=true, visible=true, showing=false]
                              se.cambiosys.client.framework.core.internal.CambioShortcutMenuButton[name=null, text=&apos;&apos;, selected=false, enabled=true, visible=true, showing=false]
                            se.cambiosys.client.framework.menueditor.internal.InitializingMenuItem[name=null, text=&apos;Commitment&apos;, selected=false, enabled=true, visible=true, showing=false]
                              se.cambiosys.client.framework.core.internal.CambioShortcutMenuButton[name=null, text=&apos;&apos;, selected=false, enabled=true, visible=true, showing=false]
                            se.cambiosys.client.framework.menueditor.internal.InitializingMenuItem[name=null, text=&apos;Admission overview&apos;, selected=false, enabled=true, visible=true, showing=false]
                              se.cambiosys.client.framework.core.internal.CambioShortcutMenuButton[name=null, text=&apos;&apos;, selected=false, enabled=true, visible=true, showing=false]
                            se.cambiosys.client.framework.menueditor.internal.InitializingMenuItem[name=null, text=&apos;Loading...&apos;, selected=false, enabled=true, visible=true, showing=false]
                              se.cambiosys.client.framework.core.internal.CambioShortcutMenuButton[name=null, text=&apos;&apos;, selected=false, enabled=true, visible=true, showing=false]
                            se.cambiosys.client.framework.menueditor.internal.InitializingMenuItem[name=null, text=&apos;Loading...&apos;, selected=false, enabled=true, visible=true, showing=false]
                              se.cambiosys.client.framework.core.internal.CambioShortcutMenuButton[name=null, text=&apos;&apos;, selected=false, enabled=true, visible=true, showing=false]
                        se.cambiosys.client.framework.menueditor.internal.InitializingMenuItem[name=null, text=&apos;Visit Overview&apos;, selected=false, enabled=true, visible=true, showing=false]
                          se.cambiosys.client.framework.core.internal.CambioShortcutMenuButton[name=null, text=&apos;&apos;, selected=false, enabled=true, visible=true, showing=false]
                        se.cambiosys.client.framework.menueditor.internal.InitializingMenuItem[name=null, text=&apos;Clinical overview - OP&apos;, selected=false, enabled=true, visible=true, showing=false]
                          se.cambiosys.client.framework.core.internal.CambioShortcutMenuButton[name=null, text=&apos;&apos;, selected=false, enabled=true, visible=true, showing=false]
                        se.cambiosys.client.framework.menueditor.internal.InitializingMenuItem[name=null, text=&apos;Clinical overview - IP&apos;, selected=false, enabled=true, visible=true, showing=false]
                          se.cambiosys.client.framework.core.internal.CambioShortcutMenuButton[name=null, text=&apos;&apos;, selected=false, enabled=true, visible=true, showing=false]
                        se.cambiosys.client.framework.menueditor.internal.InitializingMenuItem[name=null, text=&apos;Process view&apos;, selected=false, enabled=true, visible=true, showing=false]
                          se.cambiosys.client.framework.core.internal.CambioShortcutMenuButton[name=null, text=&apos;&apos;, selected=false, enabled=true, visible=true, showing=false]
                        se.cambiosys.client.framework.menueditor.internal.InitializingMenuItem[name=null, text=&apos;Dynamic overviews - Administration&apos;, selected=false, enabled=true, visible=true, showing=false]
                          se.cambiosys.client.framework.core.internal.CambioShortcutMenuButton[name=null, text=&apos;&apos;, selected=false, enabled=true, visible=true, showing=false]
                        se.cambiosys.client.framework.components.CambioMenu[name=null, text=&apos;Dynamic overviews&apos;, selected=false, enabled=true, visible=true, showing=false]
                          javax.swing.JPopupMenu[name=null, label=null, enabled=true, visible=false, showing=false]
                            se.cambiosys.client.overviewmodule.Module$8(se.cambiosys.client.framework.components.CambioMenuItem)[name=null, text=&apos;All views*&apos;, selected=false, enabled=true, visible=true, showing=false]
                              se.cambiosys.client.framework.core.internal.CambioShortcutMenuButton[name=null, text=&apos;&apos;, selected=false, enabled=true, visible=true, showing=false]
                            se.cambiosys.client.overviewmodule.Module$8(se.cambiosys.client.framework.components.CambioMenuItem)[name=null, text=&apos;Doctor*&apos;, selected=false, enabled=true, visible=true, showing=false]
                              se.cambiosys.client.framework.core.internal.CambioShortcutMenuButton[name=null, text=&apos;&apos;, selected=false, enabled=true, visible=true, showing=false]
                            se.cambiosys.client.overviewmodule.Module$8(se.cambiosys.client.framework.components.CambioMenuItem)[name=null, text=&apos;Inpatient*&apos;, selected=false, enabled=true, visible=true, showing=false]
                              se.cambiosys.client.framework.core.internal.CambioShortcutMenuButton[name=null, text=&apos;&apos;, selected=false, enabled=true, visible=true, showing=false]
                            se.cambiosys.client.overviewmodule.Module$8(se.cambiosys.client.framework.components.CambioMenuItem)[name=null, text=&apos;Patient*&apos;, selected=false, enabled=true, visible=true, showing=false]
                              se.cambiosys.client.framework.core.internal.CambioShortcutMenuButton[name=null, text=&apos;&apos;, selected=false, enabled=true, visible=true, showing=false]
                        se.cambiosys.client.framework.menueditor.internal.InitializingMenuItem[name=null, text=&apos;Patient Overview&apos;, selected=false, enabled=true, visible=true, showing=false]
                          se.cambiosys.client.framework.core.internal.CambioShortcutMenuButton[name=null, text=&apos;&apos;, selected=false, enabled=true, visible=true, showing=false]
                        se.cambiosys.client.framework.menueditor.internal.InitializingMenuItem[name=null, text=&apos;Analyse Area&apos;, selected=false, enabled=true, visible=true, showing=false]
                          se.cambiosys.client.framework.core.internal.CambioShortcutMenuButton[name=null, text=&apos;&apos;, selected=false, enabled=true, visible=true, showing=false]
                        se.cambiosys.client.framework.menueditor.internal.InitializingMenuItem[name=null, text=&apos;My Overview&apos;, selected=false, enabled=true, visible=true, showing=false]
                          se.cambiosys.client.framework.core.internal.CambioShortcutMenuButton[name=null, text=&apos;&apos;, selected=false, enabled=true, visible=true, showing=false]
                        se.cambiosys.client.framework.menueditor.internal.InitializingMenuItem[name=null, text=&apos;Management Overview&apos;, selected=false, enabled=true, visible=true, showing=false]
                          se.cambiosys.client.framework.core.internal.CambioShortcutMenuButton[name=null, text=&apos;&apos;, selected=false, enabled=true, visible=true, showing=false]
                        se.cambiosys.client.framework.menueditor.internal.InitializingMenuItem[name=null, text=&apos;List of visits&apos;, selected=false, enabled=true, visible=true, showing=false]
                          se.cambiosys.client.framework.core.internal.CambioShortcutMenuButton[name=null, text=&apos;&apos;, selected=false, enabled=true, visible=true, showing=false]
                        se.cambiosys.client.framework.menueditor.internal.InitializingMenuItem[name=null, text=&apos;Connection Overview&apos;, selected=false, enabled=true, visible=true, showing=false]
                          se.cambiosys.client.framework.core.internal.CambioShortcutMenuButton[name=null, text=&apos;&apos;, selected=false, enabled=true, visible=true, showing=false]
                        se.cambiosys.client.framework.components.CambioMenu[name=null, text=&apos;Unit overview-Administration&apos;, selected=false, enabled=true, visible=true, showing=false]
                          javax.swing.JPopupMenu[name=null, label=null, enabled=true, visible=false, showing=false]
                            se.cambiosys.client.framework.components.CambioMenu[name=null, text=&apos;Priority configuration&apos;, selected=false, enabled=true, visible=true, showing=false]
                              javax.swing.JPopupMenu[name=null, label=null, enabled=true, visible=false, showing=false]
                                se.cambiosys.client.framework.menueditor.internal.InitializingMenuItem[name=null, text=&apos;Loading...&apos;, selected=false, enabled=true, visible=true, showing=false]
                                  se.cambiosys.client.framework.core.internal.CambioShortcutMenuButton[name=null, text=&apos;&apos;, selected=false, enabled=true, visible=true, showing=false]
                                se.cambiosys.client.framework.menueditor.internal.InitializingMenuItem[name=null, text=&apos;Loading...&apos;, selected=false, enabled=true, visible=true, showing=false]
                                  se.cambiosys.client.framework.core.internal.CambioShortcutMenuButton[name=null, text=&apos;&apos;, selected=false, enabled=true, visible=true, showing=false]
                            se.cambiosys.client.framework.components.CambioMenu[name=null, text=&apos;OW Configuration&apos;, selected=false, enabled=true, visible=true, showing=false]
                              javax.swing.JPopupMenu[name=null, label=null, enabled=true, visible=false, showing=false]
                                se.cambiosys.client.framework.menueditor.internal.InitializingMenuItem[name=null, text=&apos;Loading...&apos;, selected=false, enabled=true, visible=true, showing=false]
                                  se.cambiosys.client.framework.core.internal.CambioShortcutMenuButton[name=null, text=&apos;&apos;, selected=false, enabled=true, visible=true, showing=false]
                                se.cambiosys.client.framework.menueditor.internal.InitializingMenuItem[name=null, text=&apos;Loading...&apos;, selected=false, enabled=true, visible=true, showing=false]
                                  se.cambiosys.client.framework.core.internal.CambioShortcutMenuButton[name=null, text=&apos;&apos;, selected=false, enabled=true, visible=true, showing=false]
                                se.cambiosys.client.framework.menueditor.internal.InitializingMenuItem[name=null, text=&apos;Loading...&apos;, selected=false, enabled=true, visible=true, showing=false]
                                  se.cambiosys.client.framework.core.internal.CambioShortcutMenuButton[name=null, text=&apos;&apos;, selected=false, enabled=true, visible=true, showing=false]
                            se.cambiosys.client.framework.menueditor.internal.InitializingMenuItem[name=null, text=&apos;Loading...&apos;, selected=false, enabled=true, visible=true, showing=false]
                              se.cambiosys.client.framework.core.internal.CambioShortcutMenuButton[name=null, text=&apos;&apos;, selected=false, enabled=true, visible=true, showing=false]
                    se.cambiosys.client.framework.components.CambioMenu[name=null, text=&apos;Messenger&apos;, selected=false, enabled=true, visible=true, showing=true]
                      javax.swing.JPopupMenu[name=null, label=null, enabled=true, visible=false, showing=false]
                        se.cambiosys.client.framework.menueditor.internal.InitializingMenuItem[name=null, text=&apos;Inbox&apos;, selected=false, enabled=true, visible=true, showing=false]
                          se.cambiosys.client.framework.core.internal.CambioShortcutMenuButton[name=null, text=&apos;&apos;, selected=false, enabled=true, visible=true, showing=false]
                        se.cambiosys.client.framework.menueditor.internal.InitializingMenuItem[name=null, text=&apos;New message&apos;, selected=false, enabled=true, visible=true, showing=false]
                          se.cambiosys.client.framework.core.internal.CambioShortcutMenuButton[name=null, text=&apos;&apos;, selected=false, enabled=true, visible=true, showing=false]
                        se.cambiosys.client.framework.menueditor.internal.InitializingMenuItem[name=null, text=&apos;New broadcast message&apos;, selected=false, enabled=true, visible=true, showing=false]
                          se.cambiosys.client.framework.core.internal.CambioShortcutMenuButton[name=null, text=&apos;&apos;, selected=false, enabled=true, visible=true, showing=false]
                        se.cambiosys.client.framework.components.CambioMenu[name=null, text=&apos;Administration&apos;, selected=false, enabled=true, visible=true, showing=false]
                          javax.swing.JPopupMenu[name=null, label=null, enabled=true, visible=false, showing=false]
                            se.cambiosys.client.framework.menueditor.internal.InitializingMenuItem[name=null, text=&apos;Recipient group&apos;, selected=false, enabled=true, visible=true, showing=false]
                              se.cambiosys.client.framework.core.internal.CambioShortcutMenuButton[name=null, text=&apos;&apos;, selected=false, enabled=true, visible=true, showing=false]
                            se.cambiosys.client.framework.menueditor.internal.InitializingMenuItem[name=null, text=&apos;Messenger accounts&apos;, selected=false, enabled=true, visible=true, showing=false]
                              se.cambiosys.client.framework.core.internal.CambioShortcutMenuButton[name=null, text=&apos;&apos;, selected=false, enabled=true, visible=true, showing=false]
                            se.cambiosys.client.framework.menueditor.internal.InitializingMenuItem[name=null, text=&apos;Access to other users&apos; Messenger accounts&apos;, selected=false, enabled=true, visible=true, showing=false]
                              se.cambiosys.client.framework.core.internal.CambioShortcutMenuButton[name=null, text=&apos;&apos;, selected=false, enabled=true, visible=true, showing=false]
                            se.cambiosys.client.framework.menueditor.internal.InitializingMenuItem[name=null, text=&apos;Out of office administration&apos;, selected=false, enabled=true, visible=true, showing=false]
                              se.cambiosys.client.framework.core.internal.CambioShortcutMenuButton[name=null, text=&apos;&apos;, selected=false, enabled=true, visible=true, showing=false]
                    se.cambiosys.client.framework.components.CambioMenu[name=null, text=&apos;Administration&apos;, selected=false, enabled=true, visible=true, showing=true]
                      javax.swing.JPopupMenu[name=null, label=null, enabled=true, visible=false, showing=false]
                        se.cambiosys.client.framework.menueditor.internal.InitializingMenuItem[name=null, text=&apos;Unit register&apos;, selected=false, enabled=true, visible=true, showing=false]
                          se.cambiosys.client.framework.core.internal.CambioShortcutMenuButton[name=null, text=&apos;&apos;, selected=false, enabled=true, visible=true, showing=false]
                        se.cambiosys.client.framework.menueditor.internal.InitializingMenuItem[name=null, text=&apos;Resources&apos;, selected=false, enabled=true, visible=true, showing=false]
                          se.cambiosys.client.framework.core.internal.CambioShortcutMenuButton[name=null, text=&apos;&apos;, selected=false, enabled=true, visible=true, showing=false]
                        se.cambiosys.client.framework.components.CambioMenu[name=null, text=&apos;Permission&apos;, selected=false, enabled=true, visible=true, showing=false]
                          javax.swing.JPopupMenu[name=null, label=null, enabled=true, visible=false, showing=false]
                            se.cambiosys.client.framework.menueditor.internal.InitializingMenuItem[name=null, text=&apos;Define access&apos;, selected=false, enabled=true, visible=true, showing=false]
                              se.cambiosys.client.framework.core.internal.CambioShortcutMenuButton[name=null, text=&apos;&apos;, selected=false, enabled=true, visible=true, showing=false]
                            se.cambiosys.client.framework.menueditor.internal.InitializingMenuItem[name=null, text=&apos;Access overview&apos;, selected=false, enabled=true, visible=true, showing=false]
                              se.cambiosys.client.framework.core.internal.CambioShortcutMenuButton[name=null, text=&apos;&apos;, selected=false, enabled=true, visible=true, showing=false]
                            se.cambiosys.client.framework.menueditor.internal.InitializingMenuItem[name=null, text=&apos;Profile manager&apos;, selected=false, enabled=true, visible=true, showing=false]
                              se.cambiosys.client.framework.core.internal.CambioShortcutMenuButton[name=null, text=&apos;&apos;, selected=false, enabled=true, visible=true, showing=false]
                        se.cambiosys.client.framework.components.CambioMenu[name=null, text=&apos;Settings&apos;, selected=false, enabled=true, visible=true, showing=false]
                          javax.swing.JPopupMenu[name=null, label=null, enabled=true, visible=false, showing=false]
                            se.cambiosys.client.framework.menueditor.internal.InitializingMenuItem[name=null, text=&apos;Log settings&apos;, selected=false, enabled=true, visible=true, showing=false]
                              se.cambiosys.client.framework.core.internal.CambioShortcutMenuButton[name=null, text=&apos;&apos;, selected=false, enabled=true, visible=true, showing=false]
                            se.cambiosys.client.framework.menueditor.internal.InitializingMenuItem[name=null, text=&apos;Server settings&apos;, selected=false, enabled=true, visible=true, showing=false]
                              se.cambiosys.client.framework.core.internal.CambioShortcutMenuButton[name=null, text=&apos;&apos;, selected=false, enabled=true, visible=true, showing=false]
                            se.cambiosys.client.framework.menueditor.internal.InitializingMenuItem[name=null, text=&apos;Personal settings and selections&apos;, selected=false, enabled=true, visible=true, showing=false]
                              se.cambiosys.client.framework.core.internal.CambioShortcutMenuButton[name=null, text=&apos;&apos;, selected=false, enabled=true, visible=true, showing=false]
                            se.cambiosys.client.framework.menueditor.internal.InitializingMenuItem[name=null, text=&apos;Global settings and selections&apos;, selected=false, enabled=true, visible=true, showing=false]
                              se.cambiosys.client.framework.core.internal.CambioShortcutMenuButton[name=null, text=&apos;&apos;, selected=false, enabled=true, visible=true, showing=false]
                            se.cambiosys.client.framework.menueditor.internal.InitializingMenuItem[name=null, text=&apos;Settings and selections&apos;, selected=false, enabled=true, visible=true, showing=false]
                              se.cambiosys.client.framework.core.internal.CambioShortcutMenuButton[name=null, text=&apos;&apos;, selected=false, enabled=true, visible=true, showing=false]
                            se.cambiosys.client.framework.menueditor.internal.InitializingMenuItem[name=null, text=&apos;Administration nodes&apos;, selected=false, enabled=true, visible=true, showing=false]
                              se.cambiosys.client.framework.core.internal.CambioShortcutMenuButton[name=null, text=&apos;&apos;, selected=false, enabled=true, visible=true, showing=false]
                            se.cambiosys.client.framework.menueditor.internal.InitializingMenuItem[name=null, text=&apos;Places&apos;, selected=false, enabled=true, visible=true, showing=false]
                              se.cambiosys.client.framework.core.internal.CambioShortcutMenuButton[name=null, text=&apos;&apos;, selected=false, enabled=true, visible=true, showing=false]
                        se.cambiosys.client.framework.menueditor.internal.InitializingMenuItem[name=null, text=&apos;User&apos;, selected=false, enabled=true, visible=true, showing=false]
                          se.cambiosys.client.framework.core.internal.CambioShortcutMenuButton[name=null, text=&apos;&apos;, selected=false, enabled=true, visible=true, showing=false]
                        se.cambiosys.client.framework.menueditor.internal.InitializingMenuItem[name=null, text=&apos;Roles&apos;, selected=false, enabled=true, visible=true, showing=false]
                          se.cambiosys.client.framework.core.internal.CambioShortcutMenuButton[name=null, text=&apos;&apos;, selected=false, enabled=true, visible=true, showing=false]
                        se.cambiosys.client.framework.menueditor.internal.InitializingMenuItem[name=null, text=&apos;Type definitions&apos;, selected=false, enabled=true, visible=true, showing=false]
                          se.cambiosys.client.framework.core.internal.CambioShortcutMenuButton[name=null, text=&apos;&apos;, selected=false, enabled=true, visible=true, showing=false]
                        se.cambiosys.client.framework.components.CambioMenu[name=null, text=&apos;Terms &amp; Concept&apos;, selected=false, enabled=true, visible=true, showing=false]
                          javax.swing.JPopupMenu[name=null, label=null, enabled=true, visible=false, showing=false]
                            se.cambiosys.client.framework.menueditor.internal.InitializingMenuItem[name=null, text=&apos;Terms&apos;, selected=false, enabled=true, visible=true, showing=false]
                              se.cambiosys.client.framework.core.internal.CambioShortcutMenuButton[name=null, text=&apos;&apos;, selected=false, enabled=true, visible=true, showing=false]
                            se.cambiosys.client.framework.menueditor.internal.InitializingMenuItem[name=null, text=&apos;Concept&apos;, selected=false, enabled=true, visible=true, showing=false]
                              se.cambiosys.client.framework.core.internal.CambioShortcutMenuButton[name=null, text=&apos;&apos;, selected=false, enabled=true, visible=true, showing=false]
                        se.cambiosys.client.framework.menueditor.internal.InitializingMenuItem[name=null, text=&apos;Ranges&apos;, selected=false, enabled=true, visible=true, showing=false]
                          se.cambiosys.client.framework.core.internal.CambioShortcutMenuButton[name=null, text=&apos;&apos;, selected=false, enabled=true, visible=true, showing=false]
                        se.cambiosys.client.framework.menueditor.internal.InitializingMenuItem[name=null, text=&apos;Reports&apos;, selected=false, enabled=true, visible=true, showing=false]
                          se.cambiosys.client.framework.core.internal.CambioShortcutMenuButton[name=null, text=&apos;&apos;, selected=false, enabled=true, visible=true, showing=false]
                        se.cambiosys.client.framework.menueditor.internal.InitializingMenuItem[name=null, text=&apos;Import reports&apos;, selected=false, enabled=true, visible=true, showing=false]
                          se.cambiosys.client.framework.core.internal.CambioShortcutMenuButton[name=null, text=&apos;&apos;, selected=false, enabled=true, visible=true, showing=false]
                        se.cambiosys.client.framework.menueditor.internal.InitializingMenuItem[name=null, text=&apos;Phrase editor&apos;, selected=false, enabled=true, visible=true, showing=false]
                          se.cambiosys.client.framework.core.internal.CambioShortcutMenuButton[name=null, text=&apos;&apos;, selected=false, enabled=true, visible=true, showing=false]
                        se.cambiosys.client.framework.components.CambioMenu[name=null, text=&apos;Services&apos;, selected=false, enabled=true, visible=true, showing=false]
                          javax.swing.JPopupMenu[name=null, label=null, enabled=true, visible=false, showing=false]
                            se.cambiosys.client.framework.menueditor.internal.InitializingMenuItem[name=null, text=&apos;Services&apos;, selected=false, enabled=true, visible=true, showing=false]
                              se.cambiosys.client.framework.core.internal.CambioShortcutMenuButton[name=null, text=&apos;&apos;, selected=false, enabled=true, visible=true, showing=false]
                            se.cambiosys.client.framework.menueditor.internal.InitializingMenuItem[name=null, text=&apos;Offers of the unit&apos;, selected=false, enabled=true, visible=true, showing=false]
                              se.cambiosys.client.framework.core.internal.CambioShortcutMenuButton[name=null, text=&apos;&apos;, selected=false, enabled=true, visible=true, showing=false]
                        se.cambiosys.client.framework.menueditor.internal.InitializingMenuItem[name=null, text=&apos;Selection&apos;, selected=false, enabled=true, visible=true, showing=false]
                          se.cambiosys.client.framework.core.internal.CambioShortcutMenuButton[name=null, text=&apos;&apos;, selected=false, enabled=true, visible=true, showing=false]
                        se.cambiosys.client.framework.menueditor.internal.InitializingMenuItem[name=null, text=&apos;Printers&apos;, selected=false, enabled=true, visible=true, showing=false]
                          se.cambiosys.client.framework.core.internal.CambioShortcutMenuButton[name=null, text=&apos;&apos;, selected=false, enabled=true, visible=true, showing=false]
                        se.cambiosys.client.framework.components.CambioMenu[name=null, text=&apos;Secrecy administration&apos;, selected=false, enabled=true, visible=true, showing=false]
                          javax.swing.JPopupMenu[name=null, label=null, enabled=true, visible=false, showing=false]
                            se.cambiosys.client.framework.menueditor.internal.InitializingMenuItem[name=null, text=&apos;Secrecy groups&apos;, selected=false, enabled=true, visible=true, showing=false]
                              se.cambiosys.client.framework.core.internal.CambioShortcutMenuButton[name=null, text=&apos;&apos;, selected=false, enabled=true, visible=true, showing=false]
                            se.cambiosys.client.framework.menueditor.internal.InitializingMenuItem[name=null, text=&apos;Secrecy level&apos;, selected=false, enabled=true, visible=true, showing=false]
                              se.cambiosys.client.framework.core.internal.CambioShortcutMenuButton[name=null, text=&apos;&apos;, selected=false, enabled=true, visible=true, showing=false]
                            se.cambiosys.client.framework.menueditor.internal.InitializingMenuItem[name=null, text=&apos;Secrecy rules&apos;, selected=false, enabled=true, visible=true, showing=false]
                              se.cambiosys.client.framework.core.internal.CambioShortcutMenuButton[name=null, text=&apos;&apos;, selected=false, enabled=true, visible=true, showing=false]
                        se.cambiosys.client.framework.menueditor.internal.InitializingMenuItem[name=null, text=&apos;Schedule backup&apos;, selected=false, enabled=true, visible=true, showing=false]
                          se.cambiosys.client.framework.core.internal.CambioShortcutMenuButton[name=null, text=&apos;&apos;, selected=false, enabled=true, visible=true, showing=false]
                        se.cambiosys.client.framework.menueditor.internal.InitializingMenuItem[name=null, text=&apos;Template administration&apos;, selected=false, enabled=true, visible=true, showing=false]
                          se.cambiosys.client.framework.core.internal.CambioShortcutMenuButton[name=null, text=&apos;&apos;, selected=false, enabled=true, visible=true, showing=false]
                        se.cambiosys.client.framework.menueditor.internal.InitializingMenuItem[name=null, text=&apos;Printout Handler&apos;, selected=false, enabled=true, visible=true, showing=false]
                          se.cambiosys.client.framework.core.internal.CambioShortcutMenuButton[name=null, text=&apos;&apos;, selected=false, enabled=true, visible=true, showing=false]
                        se.cambiosys.client.framework.menueditor.internal.InitializingMenuItem[name=null, text=&apos;Unit handler&apos;, selected=false, enabled=true, visible=true, showing=false]
                          se.cambiosys.client.framework.core.internal.CambioShortcutMenuButton[name=null, text=&apos;&apos;, selected=false, enabled=true, visible=true, showing=false]
                        se.cambiosys.client.framework.menueditor.internal.InitializingMenuItem[name=null, text=&apos;Access Log&apos;, selected=false, enabled=true, visible=true, showing=false]
                          se.cambiosys.client.framework.core.internal.CambioShortcutMenuButton[name=null, text=&apos;&apos;, selected=false, enabled=true, visible=true, showing=false]
                        se.cambiosys.client.framework.menueditor.internal.InitializingMenuItem[name=null, text=&apos;Configuration of Access Log&apos;, selected=false, enabled=true, visible=true, showing=false]
                          se.cambiosys.client.framework.core.internal.CambioShortcutMenuButton[name=null, text=&apos;&apos;, selected=false, enabled=true, visible=true, showing=false]
                        se.cambiosys.client.framework.menueditor.internal.InitializingMenuItem[name=null, text=&apos;Application logger&apos;, selected=false, enabled=true, visible=true, showing=false]
                          se.cambiosys.client.framework.core.internal.CambioShortcutMenuButton[name=null, text=&apos;&apos;, selected=false, enabled=true, visible=true, showing=false]
                        se.cambiosys.client.framework.menueditor.internal.InitializingMenuItem[name=null, text=&apos;eVisit Configuration&apos;, selected=false, enabled=true, visible=true, showing=false]
                          se.cambiosys.client.framework.core.internal.CambioShortcutMenuButton[name=null, text=&apos;&apos;, selected=false, enabled=true, visible=true, showing=false]
                        se.cambiosys.client.framework.components.CambioMenu[name=null, text=&apos;Order management&apos;, selected=false, enabled=true, visible=true, showing=false]
                          javax.swing.JPopupMenu[name=null, label=null, enabled=true, visible=false, showing=false]
                            se.cambiosys.client.framework.menueditor.internal.InitializingMenuItem[name=null, text=&apos;Catalog administration&apos;, selected=false, enabled=true, visible=true, showing=false]
                              se.cambiosys.client.framework.core.internal.CambioShortcutMenuButton[name=null, text=&apos;&apos;, selected=false, enabled=true, visible=true, showing=false]
                            se.cambiosys.client.framework.menueditor.internal.InitializingMenuItem[name=null, text=&apos;File administration&apos;, selected=false, enabled=true, visible=true, showing=false]
                              se.cambiosys.client.framework.core.internal.CambioShortcutMenuButton[name=null, text=&apos;&apos;, selected=false, enabled=true, visible=true, showing=false]
                            se.cambiosys.client.framework.menueditor.internal.InitializingMenuItem[name=null, text=&apos;Secrecy administration&apos;, selected=false, enabled=true, visible=true, showing=false]
                              se.cambiosys.client.framework.core.internal.CambioShortcutMenuButton[name=null, text=&apos;&apos;, selected=false, enabled=true, visible=true, showing=false]
                            se.cambiosys.client.framework.menueditor.internal.InitializingMenuItem[name=null, text=&apos;Groups/packages/profiles&apos;, selected=false, enabled=true, visible=true, showing=false]
                              se.cambiosys.client.framework.core.internal.CambioShortcutMenuButton[name=null, text=&apos;&apos;, selected=false, enabled=true, visible=true, showing=false]
                            se.cambiosys.client.framework.menueditor.internal.InitializingMenuItem[name=null, text=&apos;Sorting orders&apos;, selected=false, enabled=true, visible=true, showing=false]
                              se.cambiosys.client.framework.core.internal.CambioShortcutMenuButton[name=null, text=&apos;&apos;, selected=false, enabled=true, visible=true, showing=false]
                            se.cambiosys.client.framework.menueditor.internal.InitializingMenuItem[name=null, text=&apos;Local analyses&apos;, selected=false, enabled=true, visible=true, showing=false]
                              se.cambiosys.client.framework.core.internal.CambioShortcutMenuButton[name=null, text=&apos;&apos;, selected=false, enabled=true, visible=true, showing=false]
                            se.cambiosys.client.framework.menueditor.internal.InitializingMenuItem[name=null, text=&apos;Label printer&apos;, selected=false, enabled=true, visible=true, showing=false]
                              se.cambiosys.client.framework.core.internal.CambioShortcutMenuButton[name=null, text=&apos;&apos;, selected=false, enabled=true, visible=true, showing=false]
                        se.cambiosys.client.framework.menueditor.internal.InitializingMenuItem[name=null, text=&apos;Configure Y-axis for Clinical Parameter&apos;, selected=false, enabled=true, visible=true, showing=false]
                          se.cambiosys.client.framework.core.internal.CambioShortcutMenuButton[name=null, text=&apos;&apos;, selected=false, enabled=true, visible=true, showing=false]
                        se.cambiosys.client.framework.components.CambioMenu[name=null, text=&apos;Visits and admissions&apos;, selected=false, enabled=true, visible=true, showing=false]
                          javax.swing.JPopupMenu[name=null, label=null, enabled=true, visible=false, showing=false]
                            se.cambiosys.client.framework.menueditor.internal.InitializingMenuItem[name=null, text=&apos;Create new visit / admission&apos;, selected=false, enabled=true, visible=true, showing=false]
                              se.cambiosys.client.framework.core.internal.CambioShortcutMenuButton[name=null, text=&apos;&apos;, selected=false, enabled=true, visible=true, showing=false]
                            se.cambiosys.client.framework.menueditor.internal.InitializingMenuItem[name=null, text=&apos;Edit visit / admission&apos;, selected=false, enabled=true, visible=true, showing=false]
                              se.cambiosys.client.framework.core.internal.CambioShortcutMenuButton[name=null, text=&apos;&apos;, selected=false, enabled=true, visible=true, showing=false]
                        se.cambiosys.client.framework.components.CambioMenu[name=null, text=&apos;Publishing&apos;, selected=false, enabled=true, visible=true, showing=false]
                          javax.swing.JPopupMenu[name=null, label=null, enabled=true, visible=false, showing=false]
                            se.cambiosys.client.framework.menueditor.internal.InitializingMenuItem[name=null, text=&apos;Mining&apos;, selected=false, enabled=true, visible=true, showing=false]
                              se.cambiosys.client.framework.core.internal.CambioShortcutMenuButton[name=null, text=&apos;&apos;, selected=false, enabled=true, visible=true, showing=false]
                            se.cambiosys.client.framework.menueditor.internal.InitializingMenuItem[name=null, text=&apos;Error management&apos;, selected=false, enabled=true, visible=true, showing=false]
                              se.cambiosys.client.framework.core.internal.CambioShortcutMenuButton[name=null, text=&apos;&apos;, selected=false, enabled=true, visible=true, showing=false]
                        se.cambiosys.client.framework.menueditor.internal.InitializingMenuItem[name=null, text=&apos;CCP Filter Configuration&apos;, selected=false, enabled=true, visible=true, showing=false]
                          se.cambiosys.client.framework.core.internal.CambioShortcutMenuButton[name=null, text=&apos;&apos;, selected=false, enabled=true, visible=true, showing=false]
                        se.cambiosys.client.framework.menueditor.internal.InitializingMenuItem[name=null, text=&apos;Menu editor&apos;, selected=false, enabled=true, visible=true, showing=false]
                          se.cambiosys.client.framework.core.internal.CambioShortcutMenuButton[name=null, text=&apos;&apos;, selected=false, enabled=true, visible=true, showing=false]
                        se.cambiosys.client.framework.menueditor.internal.InitializingMenuItem[name=null, text=&apos;Script&apos;, selected=false, enabled=true, visible=true, showing=false]
                          se.cambiosys.client.framework.core.internal.CambioShortcutMenuButton[name=null, text=&apos;&apos;, selected=false, enabled=true, visible=true, showing=false]
                        se.cambiosys.client.framework.components.CambioMenu[name=null, text=&apos;Spell Check&apos;, selected=false, enabled=true, visible=true, showing=false]
                          javax.swing.JPopupMenu[name=null, label=null, enabled=true, visible=false, showing=false]
                            se.cambiosys.client.framework.menueditor.internal.InitializingMenuItem[name=null, text=&apos;Settings&apos;, selected=false, enabled=true, visible=true, showing=false]
                              se.cambiosys.client.framework.core.internal.CambioShortcutMenuButton[name=null, text=&apos;&apos;, selected=false, enabled=true, visible=true, showing=false]
                            se.cambiosys.client.framework.menueditor.internal.InitializingMenuItem[name=null, text=&apos;User dictionary&apos;, selected=false, enabled=true, visible=true, showing=false]
                              se.cambiosys.client.framework.core.internal.CambioShortcutMenuButton[name=null, text=&apos;&apos;, selected=false, enabled=true, visible=true, showing=false]
                            se.cambiosys.client.framework.menueditor.internal.InitializingMenuItem[name=null, text=&apos;Global dictionary&apos;, selected=false, enabled=true, visible=true, showing=false]
                              se.cambiosys.client.framework.core.internal.CambioShortcutMenuButton[name=null, text=&apos;&apos;, selected=false, enabled=true, visible=true, showing=false]
                    se.cambiosys.client.framework.components.CambioMenu[name=null, text=&apos;Child Healthcare&apos;, selected=false, enabled=true, visible=true, showing=true]
                      javax.swing.JPopupMenu[name=null, label=null, enabled=true, visible=false, showing=false]
                        se.cambiosys.client.framework.menueditor.internal.InitializingMenuItem[name=null, text=&apos;Print Child Healthcare data&apos;, selected=false, enabled=true, visible=true, showing=false]
                          se.cambiosys.client.framework.core.internal.CambioShortcutMenuButton[name=null, text=&apos;&apos;, selected=false, enabled=true, visible=true, showing=false]
                    se.cambiosys.client.framework.components.CambioMenu[name=null, text=&apos;Medication&apos;, selected=false, enabled=true, visible=true, showing=true]
                      javax.swing.JPopupMenu[name=null, label=null, enabled=true, visible=false, showing=false]
                        se.cambiosys.client.framework.components.CambioMenu[name=null, text=&apos;Administration&apos;, selected=false, enabled=true, visible=true, showing=false]
                          javax.swing.JPopupMenu[name=null, label=null, enabled=true, visible=false, showing=false]
                            se.cambiosys.client.framework.menueditor.internal.InitializingMenuItem[name=null, text=&apos;Sent e-recipe overview&apos;, selected=false, enabled=true, visible=true, showing=false]
                              se.cambiosys.client.framework.core.internal.CambioShortcutMenuButton[name=null, text=&apos;&apos;, selected=false, enabled=true, visible=true, showing=false]
                            se.cambiosys.client.framework.menueditor.internal.InitializingMenuItem[name=null, text=&apos;Catalogue administration&apos;, selected=false, enabled=true, visible=true, showing=false]
                              se.cambiosys.client.framework.core.internal.CambioShortcutMenuButton[name=null, text=&apos;&apos;, selected=false, enabled=true, visible=true, showing=false]
                            se.cambiosys.client.framework.menueditor.internal.InitializingMenuItem[name=null, text=&apos;Unit Times and Medicine Cabinet&apos;, selected=false, enabled=true, visible=true, showing=false]
                              se.cambiosys.client.framework.core.internal.CambioShortcutMenuButton[name=null, text=&apos;&apos;, selected=false, enabled=true, visible=true, showing=false]
                            se.cambiosys.client.framework.menueditor.internal.InitializingMenuItem[name=null, text=&apos;Order basis for vaccine&apos;, selected=false, enabled=true, visible=true, showing=false]
                              se.cambiosys.client.framework.core.internal.CambioShortcutMenuButton[name=null, text=&apos;&apos;, selected=false, enabled=true, visible=true, showing=false]
                        se.cambiosys.client.framework.components.CambioMenu[name=null, text=&apos;New prescription&apos;, selected=false, enabled=true, visible=true, showing=false]
                          javax.swing.JPopupMenu[name=null, label=null, enabled=true, visible=false, showing=false]
                            se.cambiosys.client.framework.menueditor.internal.InitializingMenuItem[name=null, text=&apos;Drug&apos;, selected=false, enabled=true, visible=true, showing=false]
                              se.cambiosys.client.framework.core.internal.CambioShortcutMenuButton[name=null, text=&apos;&apos;, selected=false, enabled=true, visible=true, showing=false]
                            se.cambiosys.client.framework.menueditor.internal.InitializingMenuItem[name=null, text=&apos;Nutrition product&apos;, selected=false, enabled=true, visible=true, showing=false]
                              se.cambiosys.client.framework.core.internal.CambioShortcutMenuButton[name=null, text=&apos;&apos;, selected=false, enabled=true, visible=true, showing=false]
                            se.cambiosys.client.framework.menueditor.internal.InitializingMenuItem[name=null, text=&apos;Consumable&apos;, selected=false, enabled=true, visible=true, showing=false]
                              se.cambiosys.client.framework.core.internal.CambioShortcutMenuButton[name=null, text=&apos;&apos;, selected=false, enabled=true, visible=true, showing=false]
                        se.cambiosys.client.framework.components.CambioMenu[name=null, text=&apos;Lists&apos;, selected=false, enabled=true, visible=true, showing=false]
                          javax.swing.JPopupMenu[name=null, label=null, enabled=true, visible=false, showing=false]
                            se.cambiosys.client.framework.menueditor.internal.InitializingMenuItem[name=null, text=&apos;Drugs&apos;, selected=false, enabled=true, visible=true, showing=false]
                              se.cambiosys.client.framework.core.internal.CambioShortcutMenuButton[name=null, text=&apos;&apos;, selected=false, enabled=true, visible=true, showing=false]
                            se.cambiosys.client.framework.menueditor.internal.InitializingMenuItem[name=null, text=&apos;Nutritions&apos;, selected=false, enabled=true, visible=true, showing=false]
                              se.cambiosys.client.framework.core.internal.CambioShortcutMenuButton[name=null, text=&apos;&apos;, selected=false, enabled=true, visible=true, showing=false]
                            se.cambiosys.client.framework.menueditor.internal.InitializingMenuItem[name=null, text=&apos;Consumables&apos;, selected=false, enabled=true, visible=true, showing=false]
                              se.cambiosys.client.framework.core.internal.CambioShortcutMenuButton[name=null, text=&apos;&apos;, selected=false, enabled=true, visible=true, showing=false]
                            se.cambiosys.client.framework.menueditor.internal.InitializingMenuItem[name=null, text=&apos;Vaccination list&apos;, selected=false, enabled=true, visible=true, showing=false]
                              se.cambiosys.client.framework.core.internal.CambioShortcutMenuButton[name=null, text=&apos;&apos;, selected=false, enabled=true, visible=true, showing=false]
                            se.cambiosys.client.framework.menueditor.internal.InitializingMenuItem[name=null, text=&apos;Recipe overview&apos;, selected=false, enabled=true, visible=true, showing=false]
                              se.cambiosys.client.framework.core.internal.CambioShortcutMenuButton[name=null, text=&apos;&apos;, selected=false, enabled=true, visible=true, showing=false]
                        se.cambiosys.client.framework.menueditor.internal.InitializingMenuItem[name=null, text=&apos;Nurse view&apos;, selected=false, enabled=true, visible=true, showing=false]
                          se.cambiosys.client.framework.core.internal.CambioShortcutMenuButton[name=null, text=&apos;&apos;, selected=false, enabled=true, visible=true, showing=false]
                    se.cambiosys.client.framework.components.CambioMenu[name=null, text=&apos;Theatre&apos;, selected=false, enabled=true, visible=true, showing=true]
                      javax.swing.JPopupMenu[name=null, label=null, enabled=true, visible=false, showing=false]
                        se.cambiosys.client.framework.menueditor.internal.InitializingMenuItem[name=null, text=&apos;Create theatre registration&apos;, selected=false, enabled=true, visible=true, showing=false]
                          se.cambiosys.client.framework.core.internal.CambioShortcutMenuButton[name=null, text=&apos;&apos;, selected=false, enabled=true, visible=true, showing=false]
                        se.cambiosys.client.framework.menueditor.internal.InitializingMenuItem[name=null, text=&apos;Operation list&apos;, selected=false, enabled=true, visible=true, showing=false]
                          se.cambiosys.client.framework.core.internal.CambioShortcutMenuButton[name=null, text=&apos;&apos;, selected=false, enabled=true, visible=true, showing=false]
                        se.cambiosys.client.framework.menueditor.internal.InitializingMenuItem[name=null, text=&apos;Planning schedule&apos;, selected=false, enabled=true, visible=true, showing=false]
                          se.cambiosys.client.framework.core.internal.CambioShortcutMenuButton[name=null, text=&apos;&apos;, selected=false, enabled=true, visible=true, showing=false]
                        se.cambiosys.client.framework.menueditor.internal.InitializingMenuItem[name=null, text=&apos;Schedule overview&apos;, selected=false, enabled=true, visible=true, showing=false]
                          se.cambiosys.client.framework.core.internal.CambioShortcutMenuButton[name=null, text=&apos;&apos;, selected=false, enabled=true, visible=true, showing=false]
                        se.cambiosys.client.framework.menueditor.internal.InitializingMenuItem[name=null, text=&apos;Live Schedule&apos;, selected=false, enabled=true, visible=true, showing=false]
                          se.cambiosys.client.framework.core.internal.CambioShortcutMenuButton[name=null, text=&apos;&apos;, selected=false, enabled=true, visible=true, showing=false]
                        se.cambiosys.client.framework.components.CambioMenu[name=null, text=&apos;Administration&apos;, selected=false, enabled=true, visible=true, showing=false]
                          javax.swing.JPopupMenu[name=null, label=null, enabled=true, visible=false, showing=false]
                            se.cambiosys.client.framework.menueditor.internal.InitializingMenuItem[name=null, text=&apos;Templates for Anaesthetic, Th.record, Recovery&apos;, selected=false, enabled=true, visible=true, showing=false]
                              se.cambiosys.client.framework.core.internal.CambioShortcutMenuButton[name=null, text=&apos;&apos;, selected=false, enabled=true, visible=true, showing=false]
                            se.cambiosys.client.framework.menueditor.internal.InitializingMenuItem[name=null, text=&apos;Basic templates for Th. registration&apos;, selected=false, enabled=true, visible=true, showing=false]
                              se.cambiosys.client.framework.core.internal.CambioShortcutMenuButton[name=null, text=&apos;&apos;, selected=false, enabled=true, visible=true, showing=false]
                            se.cambiosys.client.framework.menueditor.internal.InitializingMenuItem[name=null, text=&apos;Templates for Waypoints&apos;, selected=false, enabled=true, visible=true, showing=false]
                              se.cambiosys.client.framework.core.internal.CambioShortcutMenuButton[name=null, text=&apos;&apos;, selected=false, enabled=true, visible=true, showing=false]
                            se.cambiosys.client.framework.menueditor.internal.InitializingMenuItem[name=null, text=&apos;Theatre suite administration&apos;, selected=false, enabled=true, visible=true, showing=false]
                              se.cambiosys.client.framework.core.internal.CambioShortcutMenuButton[name=null, text=&apos;&apos;, selected=false, enabled=true, visible=true, showing=false]
                            se.cambiosys.client.framework.menueditor.internal.InitializingMenuItem[name=null, text=&apos;Medical priority&apos;, selected=false, enabled=true, visible=true, showing=false]
                              se.cambiosys.client.framework.core.internal.CambioShortcutMenuButton[name=null, text=&apos;&apos;, selected=false, enabled=true, visible=true, showing=false]
                            se.cambiosys.client.framework.menueditor.internal.InitializingMenuItem[name=null, text=&apos;Keyword mapping&apos;, selected=false, enabled=true, visible=true, showing=false]
                              se.cambiosys.client.framework.core.internal.CambioShortcutMenuButton[name=null, text=&apos;&apos;, selected=false, enabled=true, visible=true, showing=false]
                            se.cambiosys.client.framework.menueditor.internal.InitializingMenuItem[name=null, text=&apos;Create theatres&apos;, selected=false, enabled=true, visible=true, showing=false]
                              se.cambiosys.client.framework.core.internal.CambioShortcutMenuButton[name=null, text=&apos;&apos;, selected=false, enabled=true, visible=true, showing=false]
                            se.cambiosys.client.framework.menueditor.internal.InitializingMenuItem[name=null, text=&apos;Global filters&apos;, selected=false, enabled=true, visible=true, showing=false]
                              se.cambiosys.client.framework.core.internal.CambioShortcutMenuButton[name=null, text=&apos;&apos;, selected=false, enabled=true, visible=true, showing=false]
                            se.cambiosys.client.framework.menueditor.internal.InitializingMenuItem[name=null, text=&apos;Activity lists&apos;, selected=false, enabled=true, visible=true, showing=false]
                              se.cambiosys.client.framework.core.internal.CambioShortcutMenuButton[name=null, text=&apos;&apos;, selected=false, enabled=true, visible=true, showing=false]
                            se.cambiosys.client.framework.menueditor.internal.InitializingMenuItem[name=null, text=&apos;Templates for Th. registration&apos;, selected=false, enabled=true, visible=true, showing=false]
                              se.cambiosys.client.framework.core.internal.CambioShortcutMenuButton[name=null, text=&apos;&apos;, selected=false, enabled=true, visible=true, showing=false]
                            se.cambiosys.client.framework.menueditor.internal.InitializingMenuItem[name=null, text=&apos;Colour configuration&apos;, selected=false, enabled=true, visible=true, showing=false]
                              se.cambiosys.client.framework.core.internal.CambioShortcutMenuButton[name=null, text=&apos;&apos;, selected=false, enabled=true, visible=true, showing=false]
                            se.cambiosys.client.framework.menueditor.internal.InitializingMenuItem[name=null, text=&apos;Surgical Unit Administration&apos;, selected=false, enabled=true, visible=true, showing=false]
                              se.cambiosys.client.framework.core.internal.CambioShortcutMenuButton[name=null, text=&apos;&apos;, selected=false, enabled=true, visible=true, showing=false]
                            se.cambiosys.client.framework.menueditor.internal.InitializingMenuItem[name=null, text=&apos;Code Packages&apos;, selected=false, enabled=true, visible=true, showing=false]
                              se.cambiosys.client.framework.core.internal.CambioShortcutMenuButton[name=null, text=&apos;&apos;, selected=false, enabled=true, visible=true, showing=false]
                    se.cambiosys.client.framework.components.CambioMenu[name=null, text=&apos;Order management&apos;, selected=false, enabled=true, visible=true, showing=true]
                      javax.swing.JPopupMenu[name=null, label=null, enabled=true, visible=false, showing=false]
                        se.cambiosys.client.framework.menueditor.internal.InitializingMenuItem[name=null, text=&apos;Request&apos;, selected=false, enabled=true, visible=true, showing=false]
                          se.cambiosys.client.framework.core.internal.CambioShortcutMenuButton[name=null, text=&apos;&apos;, selected=false, enabled=true, visible=true, showing=false]
                        se.cambiosys.client.framework.menueditor.internal.InitializingMenuItem[name=null, text=&apos;Specimen collection&apos;, selected=false, enabled=true, visible=true, showing=false]
                          se.cambiosys.client.framework.core.internal.CambioShortcutMenuButton[name=null, text=&apos;&apos;, selected=false, enabled=true, visible=true, showing=false]
                        se.cambiosys.client.framework.menueditor.internal.InitializingMenuItem[name=null, text=&apos;Radiology Request&apos;, selected=false, enabled=true, visible=true, showing=false]
                          se.cambiosys.client.framework.core.internal.CambioShortcutMenuButton[name=null, text=&apos;&apos;, selected=false, enabled=true, visible=true, showing=false]
                        se.cambiosys.client.framework.menueditor.internal.InitializingMenuItem[name=null, text=&apos;Unsent Radiology Request&apos;, selected=false, enabled=true, visible=true, showing=false]
                          se.cambiosys.client.framework.core.internal.CambioShortcutMenuButton[name=null, text=&apos;&apos;, selected=false, enabled=true, visible=true, showing=false]
                        se.cambiosys.client.framework.menueditor.internal.InitializingMenuItem[name=null, text=&apos;Request status&apos;, selected=false, enabled=true, visible=true, showing=false]
                          se.cambiosys.client.framework.core.internal.CambioShortcutMenuButton[name=null, text=&apos;&apos;, selected=false, enabled=true, visible=true, showing=false]
                        se.cambiosys.client.framework.menueditor.internal.InitializingMenuItem[name=null, text=&apos;Local analyses input&apos;, selected=false, enabled=true, visible=true, showing=false]
                          se.cambiosys.client.framework.core.internal.CambioShortcutMenuButton[name=null, text=&apos;&apos;, selected=false, enabled=true, visible=true, showing=false]
                        se.cambiosys.client.framework.menueditor.internal.InitializingMenuItem[name=null, text=&apos;Result inbox&apos;, selected=false, enabled=true, visible=true, showing=false]
                          se.cambiosys.client.framework.core.internal.CambioShortcutMenuButton[name=null, text=&apos;&apos;, selected=false, enabled=true, visible=true, showing=false]
                        se.cambiosys.client.framework.menueditor.internal.InitializingMenuItem[name=null, text=&apos;Test result&apos;, selected=false, enabled=true, visible=true, showing=false]
                          se.cambiosys.client.framework.core.internal.CambioShortcutMenuButton[name=null, text=&apos;&apos;, selected=false, enabled=true, visible=true, showing=false]
                        se.cambiosys.client.framework.menueditor.internal.InitializingMenuItem[name=null, text=&apos;Radiology Report&apos;, selected=false, enabled=true, visible=true, showing=false]
                          se.cambiosys.client.framework.core.internal.CambioShortcutMenuButton[name=null, text=&apos;&apos;, selected=false, enabled=true, visible=true, showing=false]
                        se.cambiosys.client.framework.menueditor.internal.InitializingMenuItem[name=null, text=&apos;Manual input&apos;, selected=false, enabled=true, visible=true, showing=false]
                          se.cambiosys.client.framework.core.internal.CambioShortcutMenuButton[name=null, text=&apos;&apos;, selected=false, enabled=true, visible=true, showing=false]
                        se.cambiosys.client.framework.components.CambioMenu[name=null, text=&apos;Administration&apos;, selected=false, enabled=true, visible=true, showing=false]
                          javax.swing.JPopupMenu[name=null, label=null, enabled=true, visible=false, showing=false]
                            se.cambiosys.client.framework.menueditor.internal.InitializingMenuItem[name=null, text=&apos;Sketch administration&apos;, selected=false, enabled=true, visible=true, showing=false]
                              se.cambiosys.client.framework.core.internal.CambioShortcutMenuButton[name=null, text=&apos;&apos;, selected=false, enabled=true, visible=true, showing=false]
                            se.cambiosys.client.framework.menueditor.internal.InitializingMenuItem[name=null, text=&apos;Pathology request templates&apos;, selected=false, enabled=true, visible=true, showing=false]
                              se.cambiosys.client.framework.core.internal.CambioShortcutMenuButton[name=null, text=&apos;&apos;, selected=false, enabled=true, visible=true, showing=false]
                        se.cambiosys.client.framework.menueditor.internal.InitializingMenuItem[name=null, text=&apos;Signed Radiology Request &apos;, selected=false, enabled=true, visible=true, showing=false]
                          se.cambiosys.client.framework.core.internal.CambioShortcutMenuButton[name=null, text=&apos;&apos;, selected=false, enabled=true, visible=true, showing=false]
                    se.cambiosys.client.framework.components.CambioMenu[name=null, text=&apos;Medical record&apos;, selected=false, enabled=true, visible=true, showing=true]
                      javax.swing.JPopupMenu[name=null, label=null, enabled=true, visible=false, showing=false]
                        se.cambiosys.client.framework.components.CambioMenu[name=null, text=&apos;Medical record table&apos;, selected=false, enabled=true, visible=true, showing=false]
                          javax.swing.JPopupMenu[name=null, label=null, enabled=true, visible=false, showing=false]
                            se.cambiosys.client.framework.menueditor.internal.InitializingMenuItem[name=null, text=&apos;Administration of templates for medical record tables&apos;, selected=false, enabled=true, visible=true, showing=false]
                              se.cambiosys.client.framework.core.internal.CambioShortcutMenuButton[name=null, text=&apos;&apos;, selected=false, enabled=true, visible=true, showing=false]
                            se.cambiosys.client.framework.menueditor.internal.InitializingMenuItem[name=null, text=&apos;New medical record table&apos;, selected=false, enabled=false, visible=true, showing=false]
                              se.cambiosys.client.framework.core.internal.CambioShortcutMenuButton[name=null, text=&apos;&apos;, selected=false, enabled=true, visible=true, showing=false]
                        se.cambiosys.client.framework.menueditor.internal.InitializingMenuItem[name=null, text=&apos;Medical record&apos;, selected=false, enabled=true, visible=true, showing=false]
                          se.cambiosys.client.framework.core.internal.CambioShortcutMenuButton[name=null, text=&apos;&apos;, selected=false, enabled=true, visible=true, showing=false]
                        se.cambiosys.client.framework.menueditor.internal.InitializingMenuItem[name=null, text=&apos;New note&apos;, selected=false, enabled=true, visible=true, showing=false]
                          se.cambiosys.client.framework.core.internal.CambioShortcutMenuButton[name=null, text=&apos;&apos;, selected=false, enabled=true, visible=true, showing=false]
                        se.cambiosys.client.framework.menueditor.internal.InitializingMenuItem[name=null, text=&apos;New form&apos;, selected=false, enabled=true, visible=true, showing=false]
                          se.cambiosys.client.framework.core.internal.CambioShortcutMenuButton[name=null, text=&apos;&apos;, selected=false, enabled=true, visible=true, showing=false]
                        se.cambiosys.client.framework.menueditor.internal.InitializingMenuItem[name=null, text=&apos;New care plan note&apos;, selected=false, enabled=false, visible=false, showing=false]
                          se.cambiosys.client.framework.core.internal.CambioShortcutMenuButton[name=null, text=&apos;&apos;, selected=false, enabled=true, visible=true, showing=false]
                        se.cambiosys.client.framework.menueditor.internal.InitializingMenuItem[name=null, text=&apos;Observation&apos;, selected=false, enabled=true, visible=true, showing=false]
                          se.cambiosys.client.framework.core.internal.CambioShortcutMenuButton[name=null, text=&apos;&apos;, selected=false, enabled=true, visible=true, showing=false]
                        se.cambiosys.client.framework.menueditor.internal.InitializingMenuItem[name=null, text=&apos;Graphic view&apos;, selected=false, enabled=true, visible=true, showing=false]
                          se.cambiosys.client.framework.core.internal.CambioShortcutMenuButton[name=null, text=&apos;&apos;, selected=false, enabled=true, visible=true, showing=false]
                        se.cambiosys.client.framework.menueditor.internal.InitializingMenuItem[name=null, text=&apos;List of activities&apos;, selected=false, enabled=true, visible=true, showing=false]
                          se.cambiosys.client.framework.core.internal.CambioShortcutMenuButton[name=null, text=&apos;&apos;, selected=false, enabled=true, visible=true, showing=false]
                        se.cambiosys.client.framework.components.CambioMenu[name=null, text=&apos;Administration&apos;, selected=false, enabled=true, visible=true, showing=false]
                          javax.swing.JPopupMenu[name=null, label=null, enabled=true, visible=false, showing=false]
                            se.cambiosys.client.framework.menueditor.internal.InitializingMenuItem[name=null, text=&apos;Keyword editor&apos;, selected=false, enabled=true, visible=true, showing=false]
                              se.cambiosys.client.framework.core.internal.CambioShortcutMenuButton[name=null, text=&apos;&apos;, selected=false, enabled=true, visible=true, showing=false]
                            se.cambiosys.client.framework.menueditor.internal.InitializingMenuItem[name=null, text=&apos;Search occurrences of keyword&apos;, selected=false, enabled=true, visible=true, showing=false]
                              se.cambiosys.client.framework.core.internal.CambioShortcutMenuButton[name=null, text=&apos;&apos;, selected=false, enabled=true, visible=true, showing=false]
                            se.cambiosys.client.framework.menueditor.internal.InitializingMenuItem[name=null, text=&apos;Template manager&apos;, selected=false, enabled=true, visible=true, showing=false]
                              se.cambiosys.client.framework.core.internal.CambioShortcutMenuButton[name=null, text=&apos;&apos;, selected=false, enabled=true, visible=true, showing=false]
                            se.cambiosys.client.framework.menueditor.internal.InitializingMenuItem[name=null, text=&apos;Fixed values&apos;, selected=false, enabled=true, visible=true, showing=false]
                              se.cambiosys.client.framework.core.internal.CambioShortcutMenuButton[name=null, text=&apos;&apos;, selected=false, enabled=true, visible=true, showing=false]
                            se.cambiosys.client.framework.menueditor.internal.InitializingMenuItem[name=null, text=&apos;Form administration&apos;, selected=false, enabled=true, visible=true, showing=false]
                              se.cambiosys.client.framework.core.internal.CambioShortcutMenuButton[name=null, text=&apos;&apos;, selected=false, enabled=true, visible=true, showing=false]
                            se.cambiosys.client.framework.menueditor.internal.InitializingMenuItem[name=null, text=&apos;Administration views&apos;, selected=false, enabled=true, visible=true, showing=false]
                              se.cambiosys.client.framework.core.internal.CambioShortcutMenuButton[name=null, text=&apos;&apos;, selected=false, enabled=true, visible=true, showing=false]
                            se.cambiosys.client.framework.menueditor.internal.InitializingMenuItem[name=null, text=&apos;Administration filter&apos;, selected=false, enabled=true, visible=true, showing=false]
                              se.cambiosys.client.framework.core.internal.CambioShortcutMenuButton[name=null, text=&apos;&apos;, selected=false, enabled=true, visible=true, showing=false]
                            se.cambiosys.client.framework.menueditor.internal.InitializingMenuItem[name=null, text=&apos;Selection of problems&apos;, selected=false, enabled=true, visible=true, showing=false]
                              se.cambiosys.client.framework.core.internal.CambioShortcutMenuButton[name=null, text=&apos;&apos;, selected=false, enabled=true, visible=true, showing=false]
                        se.cambiosys.client.framework.components.CambioMenu[name=null, text=&apos;Digital dictation&apos;, selected=false, enabled=true, visible=true, showing=false]
                          javax.swing.JPopupMenu[name=null, label=null, enabled=true, visible=false, showing=false]
                            se.cambiosys.client.framework.menueditor.internal.InitializingMenuItem[name=null, text=&apos;Create new dictation&apos;, selected=false, enabled=true, visible=true, showing=false]
                              se.cambiosys.client.framework.core.internal.CambioShortcutMenuButton[name=null, text=&apos;&apos;, selected=false, enabled=true, visible=true, showing=false]
                            se.cambiosys.client.framework.menueditor.internal.InitializingMenuItem[name=null, text=&apos;Dictation list&apos;, selected=false, enabled=true, visible=true, showing=false]
                              se.cambiosys.client.framework.core.internal.CambioShortcutMenuButton[name=null, text=&apos;&apos;, selected=false, enabled=true, visible=true, showing=false]
                            se.cambiosys.client.framework.menueditor.internal.InitializingMenuItem[name=null, text=&apos;Create new dictation from file&apos;, selected=false, enabled=true, visible=true, showing=false]
                              se.cambiosys.client.framework.core.internal.CambioShortcutMenuButton[name=null, text=&apos;&apos;, selected=false, enabled=true, visible=true, showing=false]
                            se.cambiosys.client.framework.menueditor.internal.InitializingMenuItem[name=null, text=&apos;Create new dictation minimized&apos;, selected=false, enabled=true, visible=true, showing=false]
                              se.cambiosys.client.framework.core.internal.CambioShortcutMenuButton[name=null, text=&apos;&apos;, selected=false, enabled=true, visible=true, showing=false]
                        se.cambiosys.client.framework.components.CambioMenu[name=null, text=&apos;Birth&apos;, selected=false, enabled=true, visible=true, showing=false]
                          javax.swing.JPopupMenu[name=null, label=null, enabled=true, visible=false, showing=false]
                            se.cambiosys.client.framework.menueditor.internal.InitializingMenuItem[name=null, text=&apos;Partogram&apos;, selected=false, enabled=false, visible=true, showing=false]
                              se.cambiosys.client.framework.core.internal.CambioShortcutMenuButton[name=null, text=&apos;&apos;, selected=false, enabled=true, visible=true, showing=false]
                            se.cambiosys.client.framework.menueditor.internal.InitializingMenuItem[name=null, text=&apos;New delivery&apos;, selected=false, enabled=false, visible=true, showing=false]
                              se.cambiosys.client.framework.core.internal.CambioShortcutMenuButton[name=null, text=&apos;&apos;, selected=false, enabled=true, visible=true, showing=false]
                            se.cambiosys.client.framework.menueditor.internal.InitializingMenuItem[name=null, text=&apos;Delete partogram&apos;, selected=false, enabled=false, visible=true, showing=false]
                              se.cambiosys.client.framework.core.internal.CambioShortcutMenuButton[name=null, text=&apos;&apos;, selected=false, enabled=true, visible=true, showing=false]
                            se.cambiosys.client.framework.menueditor.internal.InitializingMenuItem[name=null, text=&apos;Configuration of registrations&apos;, selected=false, enabled=true, visible=true, showing=false]
                              se.cambiosys.client.framework.core.internal.CambioShortcutMenuButton[name=null, text=&apos;&apos;, selected=false, enabled=true, visible=true, showing=false]
                            se.cambiosys.client.framework.menueditor.internal.InitializingMenuItem[name=null, text=&apos;Child number configuration&apos;, selected=false, enabled=true, visible=true, showing=false]
                              se.cambiosys.client.framework.core.internal.CambioShortcutMenuButton[name=null, text=&apos;&apos;, selected=false, enabled=true, visible=true, showing=false]
                    se.cambiosys.client.framework.components.CambioMenu[name=null, text=&apos;Window&apos;, selected=false, enabled=true, visible=true, showing=true]
                      javax.swing.JPopupMenu[name=null, label=null, enabled=true, visible=false, showing=false]
                        se.cambiosys.client.framework.core.internal.MenuHandler$10(se.cambiosys.client.framework.components.CambioCheckBoxMenuItem)[name=null, text=&apos;Keep windows&apos;, selected=true, enabled=true, visible=true, showing=false]
                        se.cambiosys.client.framework.menueditor.internal.InitializingMenuItem[name=null, text=&apos;Minimize all&apos;, selected=false, enabled=true, visible=true, showing=false]
                          se.cambiosys.client.framework.core.internal.CambioShortcutMenuButton[name=null, text=&apos;&apos;, selected=false, enabled=true, visible=true, showing=false]
                    se.cambiosys.client.framework.components.CambioMenu[name=null, text=&apos;Basic Menu&apos;, selected=false, enabled=true, visible=true, showing=true]
                      javax.swing.JPopupMenu[name=null, label=null, enabled=true, visible=false, showing=false]
                        se.cambiosys.client.framework.menueditor.internal.InitializingMenuItem[name=null, text=&apos;Basic Text&apos;, selected=false, enabled=true, visible=true, showing=false]
                          se.cambiosys.client.framework.core.internal.CambioShortcutMenuButton[name=null, text=&apos;&apos;, selected=false, enabled=true, visible=true, showing=false]
                    se.cambiosys.client.framework.components.CambioMenu[name=null, text=&apos;Patient administration IP &amp; OP&apos;, selected=false, enabled=true, visible=true, showing=true]
                      javax.swing.JPopupMenu[name=null, label=null, enabled=true, visible=false, showing=false]
                        se.cambiosys.client.framework.components.CambioMenu[name=null, text=&apos;Administration&apos;, selected=false, enabled=true, visible=true, showing=false]
                          javax.swing.JPopupMenu[name=null, label=null, enabled=true, visible=false, showing=false]
                            se.cambiosys.client.framework.menueditor.internal.InitializingMenuItem[name=null, text=&apos;Region membership&apos;, selected=false, enabled=true, visible=true, showing=false]
                              se.cambiosys.client.framework.core.internal.CambioShortcutMenuButton[name=null, text=&apos;&apos;, selected=false, enabled=true, visible=true, showing=false]
                            se.cambiosys.client.framework.menueditor.internal.InitializingMenuItem[name=null, text=&apos;Search order number&apos;, selected=false, enabled=true, visible=true, showing=false]
                              se.cambiosys.client.framework.core.internal.CambioShortcutMenuButton[name=null, text=&apos;&apos;, selected=false, enabled=true, visible=true, showing=false]
                            se.cambiosys.client.framework.menueditor.internal.InitializingMenuItem[name=null, text=&apos;Reception administration &amp; reception period&apos;, selected=false, enabled=true, visible=true, showing=false]
                              se.cambiosys.client.framework.core.internal.CambioShortcutMenuButton[name=null, text=&apos;&apos;, selected=false, enabled=true, visible=true, showing=false]
                            se.cambiosys.client.framework.menueditor.internal.InitializingMenuItem[name=null, text=&apos;Receptions and reception locations&apos;, selected=false, enabled=true, visible=true, showing=false]
                              se.cambiosys.client.framework.core.internal.CambioShortcutMenuButton[name=null, text=&apos;&apos;, selected=false, enabled=true, visible=true, showing=false]
                            se.cambiosys.client.framework.components.CambioMenu[name=null, text=&apos;Contract&apos;, selected=false, enabled=true, visible=true, showing=false]
                              javax.swing.JPopupMenu[name=null, label=null, enabled=true, visible=false, showing=false]
                                se.cambiosys.client.framework.menueditor.internal.InitializingMenuItem[name=null, text=&apos;New base price list&apos;, selected=false, enabled=true, visible=true, showing=false]
                                  se.cambiosys.client.framework.core.internal.CambioShortcutMenuButton[name=null, text=&apos;&apos;, selected=false, enabled=true, visible=true, showing=false]
                                se.cambiosys.client.framework.menueditor.internal.InitializingMenuItem[name=null, text=&apos;Open base price list&apos;, selected=false, enabled=true, visible=true, showing=false]
                                  se.cambiosys.client.framework.core.internal.CambioShortcutMenuButton[name=null, text=&apos;&apos;, selected=false, enabled=true, visible=true, showing=false]
                                se.cambiosys.client.framework.menueditor.internal.InitializingMenuItem[name=null, text=&apos;New contract&apos;, selected=false, enabled=true, visible=true, showing=false]
                                  se.cambiosys.client.framework.core.internal.CambioShortcutMenuButton[name=null, text=&apos;&apos;, selected=false, enabled=true, visible=true, showing=false]
                                se.cambiosys.client.framework.menueditor.internal.InitializingMenuItem[name=null, text=&apos;Open contract&apos;, selected=false, enabled=true, visible=true, showing=false]
                                  se.cambiosys.client.framework.core.internal.CambioShortcutMenuButton[name=null, text=&apos;&apos;, selected=false, enabled=true, visible=true, showing=false]
                                se.cambiosys.client.framework.menueditor.internal.InitializingMenuItem[name=null, text=&apos;Administration of contracts of goods sales&apos;, selected=false, enabled=true, visible=true, showing=false]
                                  se.cambiosys.client.framework.core.internal.CambioShortcutMenuButton[name=null, text=&apos;&apos;, selected=false, enabled=true, visible=true, showing=false]
                            se.cambiosys.client.framework.menueditor.internal.InitializingMenuItem[name=null, text=&apos;Products&apos;, selected=false, enabled=true, visible=true, showing=false]
                              se.cambiosys.client.framework.core.internal.CambioShortcutMenuButton[name=null, text=&apos;&apos;, selected=false, enabled=true, visible=true, showing=false]
                            se.cambiosys.client.framework.menueditor.internal.InitializingMenuItem[name=null, text=&apos;Goods&apos;, selected=false, enabled=true, visible=true, showing=false]
                              se.cambiosys.client.framework.core.internal.CambioShortcutMenuButton[name=null, text=&apos;&apos;, selected=false, enabled=true, visible=true, showing=false]
                            se.cambiosys.client.framework.menueditor.internal.InitializingMenuItem[name=null, text=&apos;VAT classes&apos;, selected=false, enabled=true, visible=true, showing=false]
                              se.cambiosys.client.framework.core.internal.CambioShortcutMenuButton[name=null, text=&apos;&apos;, selected=false, enabled=true, visible=true, showing=false]
                        se.cambiosys.client.framework.menueditor.internal.InitializingMenuItem[name=null, text=&apos;Configure economy exports&apos;, selected=false, enabled=true, visible=true, showing=false]
                          se.cambiosys.client.framework.core.internal.CambioShortcutMenuButton[name=null, text=&apos;&apos;, selected=false, enabled=true, visible=true, showing=false]
                        se.cambiosys.client.framework.menueditor.internal.InitializingMenuItem[name=null, text=&apos;Export management&apos;, selected=false, enabled=true, visible=true, showing=false]
                          se.cambiosys.client.framework.core.internal.CambioShortcutMenuButton[name=null, text=&apos;&apos;, selected=false, enabled=true, visible=true, showing=false]
                        se.cambiosys.client.framework.menueditor.internal.InitializingMenuItem[name=null, text=&apos;Visit and procedure registration&apos;, selected=false, enabled=true, visible=true, showing=false]
                          se.cambiosys.client.framework.core.internal.CambioShortcutMenuButton[name=null, text=&apos;&apos;, selected=false, enabled=true, visible=true, showing=false]
                        se.cambiosys.client.framework.menueditor.internal.InitializingMenuItem[name=null, text=&apos;Inpatient registration&apos;, selected=false, enabled=true, visible=true, showing=false]
                          se.cambiosys.client.framework.core.internal.CambioShortcutMenuButton[name=null, text=&apos;&apos;, selected=false, enabled=true, visible=true, showing=false]
                        se.cambiosys.client.framework.menueditor.internal.InitializingMenuItem[name=null, text=&apos;Acute overview&apos;, selected=false, enabled=true, visible=true, showing=false]
                          se.cambiosys.client.framework.core.internal.CambioShortcutMenuButton[name=null, text=&apos;&apos;, selected=false, enabled=true, visible=true, showing=false]
                        se.cambiosys.client.framework.menueditor.internal.InitializingMenuItem[name=null, text=&apos;Registration overview&apos;, selected=false, enabled=true, visible=true, showing=false]
                          se.cambiosys.client.framework.core.internal.CambioShortcutMenuButton[name=null, text=&apos;&apos;, selected=false, enabled=true, visible=true, showing=false]
                        se.cambiosys.client.framework.menueditor.internal.InitializingMenuItem[name=null, text=&apos;Goods Sale overview&apos;, selected=false, enabled=true, visible=true, showing=false]
                          se.cambiosys.client.framework.core.internal.CambioShortcutMenuButton[name=null, text=&apos;&apos;, selected=false, enabled=true, visible=true, showing=false]
                        se.cambiosys.client.framework.menueditor.internal.InitializingMenuItem[name=null, text=&apos;Invoice overview&apos;, selected=false, enabled=true, visible=true, showing=false]
                          se.cambiosys.client.framework.core.internal.CambioShortcutMenuButton[name=null, text=&apos;&apos;, selected=false, enabled=true, visible=true, showing=false]
                        se.cambiosys.client.framework.menueditor.internal.InitializingMenuItem[name=null, text=&apos;Register codes&apos;, selected=false, enabled=false, visible=true, showing=false]
                          se.cambiosys.client.framework.core.internal.CambioShortcutMenuButton[name=null, text=&apos;&apos;, selected=false, enabled=true, visible=true, showing=false]
                        se.cambiosys.client.framework.menueditor.internal.InitializingMenuItem[name=null, text=&apos;Undo&apos;, selected=false, enabled=true, visible=true, showing=false]
                          se.cambiosys.client.framework.core.internal.CambioShortcutMenuButton[name=null, text=&apos;&apos;, selected=false, enabled=true, visible=true, showing=false]
                    se.cambiosys.client.framework.components.CambioMenu[name=null, text=&apos;Patient&apos;, selected=false, enabled=true, visible=true, showing=true]
                      javax.swing.JPopupMenu[name=null, label=null, enabled=true, visible=false, showing=false]
                        se.cambiosys.client.framework.components.CambioMenu[name=null, text=&apos;Groups&apos;, selected=false, enabled=true, visible=true, showing=false]
                          javax.swing.JPopupMenu[name=null, label=null, enabled=true, visible=false, showing=false]
                            se.cambiosys.client.framework.menueditor.internal.InitializingMenuItem[name=null, text=&apos;Group card&apos;, selected=false, enabled=false, visible=true, showing=false]
                              se.cambiosys.client.framework.core.internal.CambioShortcutMenuButton[name=null, text=&apos;&apos;, selected=false, enabled=true, visible=true, showing=false]
                            se.cambiosys.client.framework.menueditor.internal.InitializingMenuItem[name=null, text=&apos;Group administration&apos;, selected=false, enabled=true, visible=true, showing=false]
                              se.cambiosys.client.framework.core.internal.CambioShortcutMenuButton[name=null, text=&apos;&apos;, selected=false, enabled=true, visible=true, showing=false]
                        se.cambiosys.client.framework.subjectofcare.internal.SecurityOverrideHandlerImpl$1(se.cambiosys.client.framework.components.CambioCheckBoxMenuItem)[name=null, text=&apos;Activate security override&apos;, selected=false, enabled=false, visible=true, showing=false]
                        se.cambiosys.client.framework.menueditor.internal.InitializingMenuItem[name=null, text=&apos;Patient card&apos;, selected=false, enabled=true, visible=true, showing=false]
                          se.cambiosys.client.framework.core.internal.CambioShortcutMenuButton[name=null, text=&apos;&apos;, selected=false, enabled=true, visible=true, showing=false]
                        se.cambiosys.client.framework.menueditor.internal.InitializingMenuItem[name=null, text=&apos;Print patient information&apos;, selected=false, enabled=true, visible=true, showing=false]
                          se.cambiosys.client.framework.core.internal.CambioShortcutMenuButton[name=null, text=&apos;&apos;, selected=false, enabled=true, visible=true, showing=false]
                        se.cambiosys.client.framework.menueditor.internal.InitializingMenuItem[name=null, text=&apos;Connect mother-child&apos;, selected=false, enabled=false, visible=true, showing=false]
                          se.cambiosys.client.framework.core.internal.CambioShortcutMenuButton[name=null, text=&apos;&apos;, selected=false, enabled=true, visible=true, showing=false]
                        se.cambiosys.client.framework.menueditor.internal.InitializingMenuItem[name=null, text=&apos;Disconnect child-mother&apos;, selected=false, enabled=false, visible=true, showing=false]
                          se.cambiosys.client.framework.core.internal.CambioShortcutMenuButton[name=null, text=&apos;&apos;, selected=false, enabled=true, visible=true, showing=false]
                        se.cambiosys.client.framework.menueditor.internal.InitializingMenuItem[name=null, text=&apos;Reservenumber...&apos;, selected=false, enabled=true, visible=true, showing=false]
                          se.cambiosys.client.framework.core.internal.CambioShortcutMenuButton[name=null, text=&apos;&apos;, selected=false, enabled=true, visible=true, showing=false]
                    se.cambiosys.client.framework.components.CambioMenu[name=null, text=&apos;Link (previous version)&apos;, selected=false, enabled=true, visible=true, showing=true]
                      javax.swing.JPopupMenu[name=null, label=null, enabled=true, visible=false, showing=false]
                        se.cambiosys.client.framework.menueditor.internal.InitializingMenuItem[name=null, text=&apos;Loading...&apos;, selected=false, enabled=true, visible=true, showing=false]
                          se.cambiosys.client.framework.core.internal.CambioShortcutMenuButton[name=null, text=&apos;&apos;, selected=false, enabled=true, visible=true, showing=false]
                        se.cambiosys.client.framework.menueditor.internal.InitializingMenuItem[name=null, text=&apos;Loading...&apos;, selected=false, enabled=true, visible=true, showing=false]
                          se.cambiosys.client.framework.core.internal.CambioShortcutMenuButton[name=null, text=&apos;&apos;, selected=false, enabled=true, visible=true, showing=false]
                    se.cambiosys.client.framework.components.CambioMenu[name=null, text=&apos;File&apos;, selected=false, enabled=true, visible=true, showing=true]
                      javax.swing.JPopupMenu[name=null, label=null, enabled=true, visible=false, showing=false]
                        se.cambiosys.client.framework.menueditor.internal.InitializingMenuItem[name=null, text=&apos;Change password&apos;, selected=false, enabled=true, visible=true, showing=false]
                          se.cambiosys.client.framework.core.internal.CambioShortcutMenuButton[name=null, text=&apos;&apos;, selected=false, enabled=true, visible=true, showing=false]
                        se.cambiosys.client.framework.menueditor.internal.InitializingMenuItem[name=null, text=&apos;Lock COSMIC&apos;, selected=false, enabled=true, visible=true, showing=false]
                          se.cambiosys.client.framework.core.internal.CambioShortcutMenuButton[name=null, text=&apos;&apos;, selected=false, enabled=true, visible=true, showing=false]
                        se.cambiosys.client.framework.menueditor.internal.InitializingMenuItem[name=null, text=&apos;Change profile&apos;, selected=false, enabled=true, visible=true, showing=false]
                          se.cambiosys.client.framework.core.internal.CambioShortcutMenuButton[name=null, text=&apos;&apos;, selected=false, enabled=true, visible=true, showing=false]
                        se.cambiosys.client.framework.menueditor.internal.InitializingMenuItem[name=null, text=&apos;Log out&apos;, selected=false, enabled=true, visible=true, showing=false]
                          se.cambiosys.client.framework.core.internal.CambioShortcutMenuButton[name=null, text=&apos;&apos;, selected=false, enabled=true, visible=true, showing=false]
                        se.cambiosys.client.framework.menueditor.internal.InitializingMenuItem[name=null, text=&apos;Quit&apos;, selected=false, enabled=true, visible=true, showing=false]
                          se.cambiosys.client.framework.core.internal.CambioShortcutMenuButton[name=null, text=&apos;&apos;, selected=false, enabled=true, visible=true, showing=false]
                    se.cambiosys.client.framework.components.CambioMenu[name=null, text=&apos;External Applications&apos;, selected=false, enabled=true, visible=true, showing=true]
                      javax.swing.JPopupMenu[name=null, label=null, enabled=true, visible=false, showing=false]
                        se.cambiosys.client.framework.menueditor.internal.InitializingMenuItem[name=null, text=&apos;DrCompanion&apos;, selected=false, enabled=true, visible=true, showing=false]
                          se.cambiosys.client.framework.core.internal.CambioShortcutMenuButton[name=null, text=&apos;&apos;, selected=false, enabled=true, visible=true, showing=false]
                        se.cambiosys.client.framework.menueditor.internal.InitializingMenuItem[name=null, text=&apos;OBSTETRIX (Ext)&apos;, selected=false, enabled=true, visible=true, showing=false]
                          se.cambiosys.client.framework.core.internal.CambioShortcutMenuButton[name=null, text=&apos;&apos;, selected=false, enabled=true, visible=true, showing=false]
                    se.cambiosys.client.framework.components.CambioMenu[name=null, text=&apos;Analytics&apos;, selected=false, enabled=true, visible=true, showing=true]
                      javax.swing.JPopupMenu[name=null, label=null, enabled=true, visible=false, showing=false]
                        se.cambiosys.client.framework.menueditor.internal.InitializingMenuItem[name=null, text=&apos;Insight&apos;, selected=false, enabled=true, visible=true, showing=false]
                          se.cambiosys.client.framework.core.internal.CambioShortcutMenuButton[name=null, text=&apos;&apos;, selected=false, enabled=true, visible=true, showing=false]
                    se.cambiosys.client.framework.components.CambioMenu[name=null, text=&apos;Bed management&apos;, selected=false, enabled=true, visible=true, showing=true]
                      javax.swing.JPopupMenu[name=null, label=null, enabled=true, visible=false, showing=false]
                        se.cambiosys.client.framework.menueditor.internal.InitializingMenuItem[name=null, text=&apos;Patient search&apos;, selected=false, enabled=true, visible=true, showing=false]
                          se.cambiosys.client.framework.core.internal.CambioShortcutMenuButton[name=null, text=&apos;&apos;, selected=false, enabled=true, visible=true, showing=false]
                        se.cambiosys.client.framework.menueditor.internal.InitializingMenuItem[name=null, text=&apos;Bed reservation overview&apos;, selected=false, enabled=true, visible=true, showing=false]
                          se.cambiosys.client.framework.core.internal.CambioShortcutMenuButton[name=null, text=&apos;&apos;, selected=false, enabled=true, visible=true, showing=false]
                        se.cambiosys.client.framework.menueditor.internal.InitializingMenuItem[name=null, text=&apos;Bed Administration&apos;, selected=false, enabled=true, visible=true, showing=false]
                          se.cambiosys.client.framework.core.internal.CambioShortcutMenuButton[name=null, text=&apos;&apos;, selected=false, enabled=true, visible=true, showing=false]
            se.cambiosys.client.framework.subjectofcare.internal.gui.SOCComponentPanel[name=null]
              se.cambiosys.client.framework.subjectofcare.internal.gui.SOCComponentPanel$1(se.cambiosys.client.framework.components.CambioTabbedPane)[name=&apos;TopTabbedPaneTab&apos;, selectedTabIndex=0, selectedTabTitle=&apos;&apos;, tabCount=2, tabTitles=[&quot;&quot;, &quot;&quot;], enabled=true, visible=true, showing=true
                se.cambiosys.client.framework.patients.internal.gui.PatientSOCPanel[name=&apos;Patient.PatientSOCPanel&apos;]
                  se.cambiosys.client.framework.patients.internal.gui.PatientSOCSearchPanel[name=&apos;Patient.PatientSOCPanel.searchPanel&apos;]
                    se.cambiosys.client.framework.patients.gui.PatientIdentifierNumberTextField[name=&apos;Patient.PatientSOCSearchPanel.numberTextField&apos;, text=&apos;19&apos;, enabled=true, visible=true, showing=true]
                    se.cambiosys.client.framework.components.CambioLabeledTextField[name=&apos;Patient.PatientSOCSearchPanel.nameTextField&apos;, text=&apos;&apos;, enabled=true, visible=true, showing=true]
                    se.cambiosys.client.framework.components.CambioLabeledTextField[name=&apos;Patient.PatientSOCSearchPanel.familyNameTextField&apos;, text=&apos;&apos;, enabled=true, visible=true, showing=true]
                    se.cambiosys.client.framework.subjectofcare.gui.CambioClickablePatientBannerButton[name=&apos;Patient.PatientSOCSearchPanel.searchButton&apos;, text=null, enabled=true, visible=true, showing=true]
                    se.cambiosys.client.framework.components.CambioLabel[name=&apos;Patient.PatientSOCSearchPanel.dummyLabel2&apos;, text=&apos;&apos;, enabled=true, visible=true, showing=true]
                    se.cambiosys.client.framework.subjectofcare.CambioPatientBannerButton[name=&apos;Patient.PatientSOCSearchPanel.clearButton&apos;, text=&apos;Clear&apos;, enabled=true, visible=true, showing=true]
                    se.cambiosys.client.framework.subjectofcare.CambioPatientBannerButton[name=&apos;Patient.PatientSOCSearchPanel.getPatientButton&apos;, text=&apos;Lists&apos;, enabled=true, visible=true, showing=true]
                  se.cambiosys.client.framework.patients.internal.gui.PatientSOCSelectedPanel[name=&apos;Patient.PatientSOCPanel.selectedPanel&apos;]
                    se.cambiosys.client.framework.components.CambioLabel[name=&apos;Patients.PatientSOCSelectedPanel.PatientSOCSelectedPanel&apos;, text=&apos;&apos;, enabled=true, visible=true, showing=false]
                    se.cambiosys.client.framework.components.CambioPanel[name=&apos;Patients.PatientSOCSelectedPanel.PatientSOCSelectedPanel&apos;]
                      se.cambio.attentionsignal.plugin.AttentionSignalSoCListPlugin[name=null]
                        se.cambiosys.client.framework.components.CambioPanel[name=null]
                          se.cambiosys.client.framework.components.CambioPanel[name=null]
                            se.cambio.attentionsignal.icons.BusyIconLabel[name=null, text=&apos;&apos;, enabled=true, visible=true, showing=false]
                          se.cambiosys.client.framework.components.CambioPanel[name=null]
                            se.cambio.attentionsignal.component.view.AbstractAttentionSignalIconView$2(se.cambiosys.client.framework.components.CambioLabel)[name=&apos;Table.cellRenderer&apos;, text=&apos;&apos;, enabled=true, visible=true, showing=false]
                    se.cambiosys.client.framework.subjectofcare.internal.gui.PatientDetailsPanel[name=&apos;Patients.PatientSOCSelectedPanel.PatientSOCSelectedPanel&apos;]
                      se.cambiosys.client.framework.components.CambioPanel[name=&apos;Subjectofcare.PatientDetailsPanel.endPanel&apos;]
                        se.cambiosys.client.framework.components.CambioLabel[name=&apos;Subjectofcare.PatientDetailsPanel.ageLabel&apos;, text=&apos;&apos;, enabled=true, visible=true, showing=false]
                        se.cambiosys.client.framework.subjectofcare.internal.gui.PatientPluginLoadingPanel[name=null]
                          se.cambiosys.client.framework.patients.internal.gui.PatientSOCLoadingPanel[name=null]
                            org.jdesktop.swingx.JXBusyLabel[name=null, text=&apos;&apos;, enabled=true, visible=true, showing=false]
                          se.cambiosys.client.framework.components.CambioPanel[name=&apos;Patients.PatientSOCSelectedPanel.PatientSOCSelectedPanel&apos;]
                            se.cambiosys.client.framework.components.CambioPanel[name=&apos;Patients.PatientSOCSelectedPanel.PatientSOCSelectedPanel&apos;]
                            se.cambiosys.client.framework.components.CambioPanel[name=&apos;Patients.PatientSOCSelectedPanel.PatientSOCSelectedPanel&apos;]
                              se.cambiosys.client.framework.patients.internal.gui.patientbannerplugins.SexPatientBannerPlugin[name=&apos;Table.cellRenderer&apos;, text=&apos;&apos;, enabled=true, visible=true, showing=false]
                              se.cambiosys.client.framework.components.CambioLabel[name=&apos;Patient.PatientCommunicationBannerPlugin.bannerLabel&apos;, text=&apos;&apos;, enabled=true, visible=true, showing=false]
                              se.cambiosys.client.membership.plugin.patient.MembershipPatientBannerPlugin[name=&apos;Table.cellRenderer&apos;, text=&apos;&apos;, enabled=true, visible=true, showing=false]
                              se.cambiosys.client.framework.patients.internal.gui.patientbannerplugins.ConnectedPatientButtonPlugin[name=null, text=&apos;&apos;, enabled=true, visible=false, showing=false]
                              se.cambiosys.client.framework.patients.internal.gui.patientbannerplugins.MotherChildPatientBannerPlugin[name=&apos;Patients.PatientBannerPlugins.MotherChildPatientBannerPlugin&apos;, text=&apos;&apos;, enabled=true, visible=true, showing=false]
                              se.cambiosys.client.patientlist.mylist.comment.AddToMyListPatientBannerPlugin[name=null, text=&apos;&apos;, enabled=false, visible=true, showing=false]
                              se.cambiosys.client.framework.patients.internal.gui.patientbannerplugins.InfoClassedButtonPlugin[name=null, text=&apos;&apos;, enabled=true, visible=false, showing=false]
                              se.cambiosys.client.countermodule.patientbannerplugins.ongoingcontact.OngoingContactPatientBannerComponent[name=null]
                                se.cambiosys.client.countermodule.patientbannerplugins.ongoingcontact.PatientBannerContactButton[name=null, text=&apos;&apos;, enabled=true, visible=false, showing=false]
                                se.cambiosys.client.countermodule.patientbannerplugins.ongoingcontact.PatientBannerContactButton[name=null, text=&apos;&apos;, enabled=true, visible=false, showing=false]
                                se.cambiosys.client.countermodule.patientbannerplugins.ongoingcontact.PatientBannerContactButton[name=null, text=&apos;&apos;, enabled=true, visible=false, showing=false]
                                se.cambiosys.client.countermodule.patientbannerplugins.ongoingcontact.PatientBannerContactButton[name=null, text=&apos;&apos;, enabled=true, visible=false, showing=false]
                                se.cambiosys.client.countermodule.patientbannerplugins.ongoingcontact.PatientBannerContactButton[name=null, text=&apos;&apos;, enabled=true, visible=false, showing=false]
                              se.cambiosys.client.psychiatricmodule.patientbannerplugins.CareTypePatientBannerPlugin[name=null]
                              se.cambio.link.client.linkcase.patientbanner.view.LinkCasePatientBannerComponent[name=null, text=&apos;&apos;, enabled=true, visible=false, showing=false]
                              se.cambio.client.cds.adaptor.gui.CdsPatientBannerButton[name=&apos;CambioClickablePatientBannerButton_cdsPatientBannerButton&apos;, text=&apos;&apos;, enabled=true, visible=false, showing=false]
                      se.cambiosys.client.framework.components.CambioLabel[name=&apos;Subjectofcare.PatientDetailsPanel.identifierLabel&apos;, text=&apos;&apos;, enabled=true, visible=true, showing=false]
                      se.cambiosys.client.framework.components.CambioTextPane[name=&apos;Subjectofcare.PatientDetailsPanel.namePanel&apos;, text=&apos;&apos;, enabled=true, visible=false, showing=false]
                      se.cambiosys.client.framework.components.CambioTextPane[name=&apos;Subjectofcare.PatientDetailsPanel.namePanelTruncated&apos;, text=&apos;&apos;, enabled=true, visible=true, showing=false]
                      se.cambiosys.client.framework.components.CambioLabel[name=&apos;Table.cellRenderer&apos;, text=&apos;&apos;, enabled=true, visible=false, showing=false]
                    se.cambiosys.client.framework.components.CambioPanel[name=null]
                    se.cambiosys.client.framework.subjectofcare.CambioPatientBannerButton[name=&apos;Patients.PatientSOCSelectedPanel.PatientSOCSelectedPanel&apos;, text=&apos;Clear&apos;, enabled=true, visible=true, showing=false]
                    se.cambiosys.client.framework.subjectofcare.CambioPatientBannerButton[name=null, text=&apos;Lists&apos;, enabled=true, visible=true, showing=false]
                    se.cambiosys.client.framework.subjectofcare.CambioPatientBannerButton[name=&apos;Patients.PatientSOCSelectedPanel.PatientSOCSelectedPanel&apos;, text=&apos;&apos;, enabled=true, visible=true, showing=false]
                se.cambiosys.client.framework.subjectofcare.internal.group.gui.GroupSOCPanel[name=null]
                  se.cambiosys.client.framework.subjectofcare.internal.group.gui.GroupSOCSearchPanel[name=&apos;Subjectofcare.GroupSOCPanel.searchPanel&apos;]
                    se.cambiosys.client.framework.components.CambioSelectionComboBox[name=&apos;Subjectofcare.GroupSOCSearchPanel.careUnitSelectionComboBox&apos;, selectedItem=null, contents=[], editable=false, enabled=true, visible=true, showing=false]
                      javax.swing.plaf.synth.SynthArrowButton[name=&apos;ComboBox.arrowButton&apos;, text=&apos;&apos;, enabled=true, visible=true, showing=false]
                      javax.swing.CellRendererPane[,0,0,0x0,hidden]
                    se.cambiosys.client.framework.components.CambioSelectionComboBox[name=&apos;Subjectofcare.GroupSOCSearchPanel.careGiverSelectionComboBox&apos;, selectedItem=null, contents=[], editable=false, enabled=true, visible=true, showing=false]
                      javax.swing.plaf.synth.SynthArrowButton[name=&apos;ComboBox.arrowButton&apos;, text=&apos;&apos;, enabled=true, visible=true, showing=false]
                      javax.swing.CellRendererPane[,0,0,0x0,hidden]
                    se.cambiosys.client.framework.components.CambioLabeledTextField[name=&apos;Subjectofcare.GroupSOCSearchPanel.groupNameTextField&apos;, text=&apos;&apos;, enabled=true, visible=true, showing=false]
                    se.cambiosys.client.framework.subjectofcare.gui.CambioClickablePatientBannerButton[name=&apos;Subjectofcare.GroupSOCSearchPanel.searchButton&apos;, text=null, enabled=true, visible=true, showing=false]
                    se.cambiosys.client.framework.subjectofcare.CambioPatientBannerButton[name=&apos;Subjectofcare.GroupSOCSearchPanel.clearButton&apos;, text=&apos;Clear&apos;, enabled=true, visible=true, showing=false]
                  se.cambiosys.client.framework.subjectofcare.internal.group.gui.GroupSOCSelectedPanel[name=&apos;Subjectofcare.GroupSOCPanel.selectedPanel&apos;]
                    se.cambiosys.client.framework.components.CambioLabel[name=&apos;SubjectGroupSOCSelectedPanel.detailLabel&apos;, text=&apos;&apos;, enabled=true, visible=true, showing=false]
                    se.cambiosys.client.framework.subjectofcare.internal.group.gui.GroupDetailsPanel[name=&apos;SubjectGroupSOCSelectedPanel.groupDetailsPanel&apos;]
                      se.cambiosys.client.framework.components.CambioLabel[name=&apos;Subjectofcare.GroupDetailsPanel.groupSizeLabel&apos;, text=&apos;&apos;, enabled=true, visible=true, showing=false]
                      se.cambiosys.client.framework.components.CambioLabel[name=&apos;Subjectofcare.GroupDetailsPanel.groupNameLabel&apos;, text=&apos;&apos;, enabled=true, visible=true, showing=false]
                      se.cambiosys.client.framework.components.CambioLabel[name=&apos;Subjectofcare.GroupDetailsPanel.dummyLabel&apos;, text=&apos;&apos;, enabled=true, visible=true, showing=false]
                    se.cambiosys.client.framework.subjectofcare.CambioPatientBannerButton[name=&apos;SubjectGroupSOCSelectedPanel.clearButton&apos;, text=&apos;Clear&apos;, enabled=true, visible=true, showing=false]
                    se.cambiosys.client.framework.subjectofcare.CambioPatientBannerButton[name=&apos;SubjectGroupSOCSelectedPanel.toggleButton&apos;, text=&apos;&apos;, enabled=true, visible=true, showing=false]
            se.cambiosys.client.framework.core.internal.gui.SecurityStatusComponent[name=null]
          se.cambiosys.client.framework.components.CambioSplitPane[,0,62,2880x1469,invalid,layout=javax.swing.plaf.basic.BasicSplitPaneUI$BasicHorizontalLayoutManager,alignmentX=0.0,alignmentY=0.0,border=javax.swing.plaf.synth.SynthBorder@3d9f4d7e,flags=201326920,maximumSize=,minimumSize=,preferredSize=,continuousLayout=false,dividerSize=2,lastDividerLocation=-1,oneTouchExpandable=false,orientation=HORIZONTAL_SPLIT]
            javax.swing.plaf.synth.SynthSplitPaneDivider[,200,0,2x1469,layout=javax.swing.plaf.basic.BasicSplitPaneDivider$DividerLayout]
            se.cambiosys.client.framework.core.internal.gui.SidebarPanel[name=null]
              se.cambiosys.client.framework.components.CambioPanel[name=null]
                se.cambiosys.client.framework.core.internal.gui.ShortcutContainerPanel[name=null]
                  se.cambiosys.client.framework.components.CambioPanel[name=null]
                    se.cambiosys.client.framework.components.CambioPanel[name=null]
                      javax.swing.JLabel[name=null, text=&apos;MY SHORTCUTS&apos;, enabled=true, visible=true, showing=true]
                    se.cambiosys.client.framework.core.internal.gui.ShortcutContainerPanel$2(se.cambiosys.client.framework.components.CambioPanel)[name=null]
                  se.cambiosys.client.framework.components.CambioPanel[name=null]
                    se.cambiosys.client.framework.components.CambioScrollPane[name=null, enabled=true, visible=true, showing=true]
                      javax.swing.JViewport[,0,0,191x663,layout=javax.swing.ViewportLayout,alignmentX=0.0,alignmentY=0.0,border=,flags=25165832,maximumSize=,minimumSize=,preferredSize=,isViewSizeSet=true,lastPaintPosition=java.awt.Point[x=0,y=0],scrollUnderway=false]
                        se.cambiosys.client.framework.core.internal.gui.ScrollableContainerPanel[name=null]
                          se.cambiosys.client.framework.core.internal.gui.OpenedWindowPanel[name=null]
                            se.cambiosys.client.framework.core.internal.gui.OpenedWindowPanel$2(javax.swing.JToggleButton)[name=null, text=&apos;Order&apos;, selected=false, enabled=false, visible=true, showing=true]
                            se.cambiosys.client.framework.components.CambioPanel[name=null]
                              javax.swing.JButton[name=null, text=&apos;&apos;, enabled=false, visible=false, showing=false]
                      javax.swing.JScrollPane$ScrollBar[name=null, value=0, blockIncrement=10, minimum=0, maximum=663, enabled=true, visible=false, showing=false]
                        javax.swing.plaf.synth.SynthScrollBarUI$2(javax.swing.plaf.synth.SynthArrowButton)[name=&apos;ScrollBar.button&apos;, text=&apos;&apos;, enabled=true, visible=true, showing=false]
                        javax.swing.plaf.synth.SynthScrollBarUI$1(javax.swing.plaf.synth.SynthArrowButton)[name=&apos;ScrollBar.button&apos;, text=&apos;&apos;, enabled=true, visible=true, showing=false]
                      javax.swing.JScrollPane$ScrollBar[name=null, value=0, blockIncrement=10, minimum=0, maximum=191, enabled=true, visible=false, showing=false]
                        javax.swing.plaf.synth.SynthScrollBarUI$2(javax.swing.plaf.synth.SynthArrowButton)[name=&apos;ScrollBar.button&apos;, text=&apos;&apos;, enabled=true, visible=true, showing=false]
                        javax.swing.plaf.synth.SynthScrollBarUI$1(javax.swing.plaf.synth.SynthArrowButton)[name=&apos;ScrollBar.button&apos;, text=&apos;&apos;, enabled=true, visible=true, showing=false]
                    se.cambiosys.client.framework.core.internal.gui.ShortcutContainerPanel$1(se.cambiosys.client.framework.components.CambioPanel)[name=null]
                se.cambiosys.client.framework.components.CambioPanel[name=null]
                  javax.swing.JSeparator[,0,0,191x3,alignmentX=0.0,alignmentY=0.0,border=javax.swing.plaf.synth.SynthBorder@64c4e2a9,flags=0,maximumSize=,minimumSize=,preferredSize=,orientation=HORIZONTAL]
                  se.cambiosys.client.framework.core.internal.gui.SidebarPanel$1(se.cambiosys.client.framework.components.CambioPanel)[name=null]
                se.cambiosys.client.framework.core.internal.gui.OpenedWindowsContainerPanel[name=null]
                  se.cambiosys.client.framework.components.CambioPanel[name=null]
                    se.cambiosys.client.framework.components.CambioScrollPane[name=null, enabled=true, visible=true, showing=true]
                      javax.swing.JViewport[,0,0,191x640,layout=javax.swing.ViewportLayout,alignmentX=0.0,alignmentY=0.0,border=,flags=25165832,maximumSize=,minimumSize=,preferredSize=,isViewSizeSet=true,lastPaintPosition=java.awt.Point[x=0,y=0],scrollUnderway=false]
                        se.cambiosys.client.framework.core.internal.gui.ScrollableContainerPanel[name=null]
                      javax.swing.JScrollPane$ScrollBar[name=null, value=0, blockIncrement=10, minimum=0, maximum=640, enabled=true, visible=false, showing=false]
                        javax.swing.plaf.synth.SynthScrollBarUI$2(javax.swing.plaf.synth.SynthArrowButton)[name=&apos;ScrollBar.button&apos;, text=&apos;&apos;, enabled=true, visible=true, showing=false]
                        javax.swing.plaf.synth.SynthScrollBarUI$1(javax.swing.plaf.synth.SynthArrowButton)[name=&apos;ScrollBar.button&apos;, text=&apos;&apos;, enabled=true, visible=true, showing=false]
                      javax.swing.JScrollPane$ScrollBar[name=null, value=0, blockIncrement=10, minimum=0, maximum=191, enabled=true, visible=false, showing=false]
                        javax.swing.plaf.synth.SynthScrollBarUI$2(javax.swing.plaf.synth.SynthArrowButton)[name=&apos;ScrollBar.button&apos;, text=&apos;&apos;, enabled=true, visible=true, showing=false]
                        javax.swing.plaf.synth.SynthScrollBarUI$1(javax.swing.plaf.synth.SynthArrowButton)[name=&apos;ScrollBar.button&apos;, text=&apos;&apos;, enabled=true, visible=true, showing=false]
                    se.cambiosys.client.framework.core.internal.gui.OpenedWindowsContainerPanel$1(se.cambiosys.client.framework.components.CambioPanel)[name=null]
                  se.cambiosys.client.framework.components.CambioPanel[name=null]
                    se.cambiosys.client.framework.components.CambioCheckBox[name=null, text=&apos;Keep windows&apos;, selected=true, enabled=true, visible=true, showing=true]
                    se.cambiosys.client.framework.core.internal.multimonitor.MultiMonitorComponent[name=null, text=&apos;&apos;, enabled=true, visible=true, showing=true]
              se.cambiosys.client.framework.components.notification.plugin.gui.NotificationPluginComponent[name=null]
                se.cambiosys.client.framework.components.progress.CambioBusyLabel[name=null, text=&apos;&apos;, enabled=true, visible=true, showing=true]
              se.cambiosys.client.framework.core.internal.gui.SideBarBottomPanel[name=null]
                se.cambiosys.client.framework.subjectofcare.gui.CambioClickablePatientBannerButton[name=null, text=&apos;&apos;, enabled=true, visible=true, showing=true]
                se.cambiosys.client.framework.subjectofcare.gui.CambioClickablePatientBannerButton[name=null, text=&apos;&apos;, enabled=true, visible=true, showing=true]
                se.cambiosys.client.framework.subjectofcare.gui.CambioClickablePatientBannerButton[name=null, text=&apos;&apos;, enabled=true, visible=true, showing=true]
                se.cambiosys.client.framework.subjectofcare.gui.CambioClickablePatientBannerButton[name=null, text=&apos;&apos;, enabled=true, visible=true, showing=true]
                se.cambiosys.client.framework.components.CambioLabel[name=&apos;Table.cellRenderer&apos;, text=&apos;&apos;, enabled=true, visible=true, showing=true]
            se.cambiosys.client.framework.components.CambioDesktopPane[]
              javax.swing.JLabel[name=null, text=&apos;&apos;, enabled=true, visible=true, showing=true]
        se.cambiosys.client.framework.core.internal.gui.ScreenSaverPanel[name=null]
          se.cambiosys.client.framework.components.CambioLabel[name=&apos;Table.cellRenderer&apos;, text=&apos; &apos;, enabled=true, visible=true, showing=false]
        se.cambiosys.client.framework.core.internal.gui.ScreenSaverLoginPanel[name=null]
        se.cambiosys.client.framework.core.internal.gui.NoPermissionPanel[name=null]
          se.cambiosys.client.framework.core.internal.gui.NoPermissionPanel$1(javax.swing.JPanel)[name=null]
            se.cambiosys.client.framework.components.CambioPanel[name=null]
              se.cambiosys.client.framework.core.internal.gui.NoPermissionPanel$3(se.cambiosys.client.framework.components.CambioLabel)[name=&apos;Table.cellRenderer&apos;, text=&apos;or if the user is inactivated by the system administrator. Click OK to login again.&apos;, enabled=true, visible=true, showing=false]
              se.cambiosys.client.framework.components.CambioPanel[name=null]
              se.cambiosys.client.framework.components.CambioButton[name=null, text=&apos;OK&apos;, enabled=true, visible=true, showing=false]
              se.cambiosys.client.framework.core.internal.gui.NoPermissionPanel$2(se.cambiosys.client.framework.components.CambioLabel)[name=&apos;Table.cellRenderer&apos;, text=&apos;You have been logged out from this computer. This happens if the same user log in to another computer&apos;, enabled=true, visible=true, showing=false]
      de.javasoft.plaf.synthetica.SyntheticaTitlePane[name=&apos;RootPane.titlePane&apos;]
        javax.swing.JButton[name=&apos;RootPane.titlePane.menuButton&apos;, text=&apos;&apos;, enabled=true, visible=true, showing=true]
        javax.swing.JLabel[name=&apos;RootPane.title&apos;, text=&apos; &apos;, enabled=true, visible=true, showing=true]
        javax.swing.JLabel[name=&apos;RootPane.menuBar&apos;, text=&apos; &apos;, enabled=true, visible=false, showing=false]
        javax.swing.JButton[name=&apos;RootPane.titlePane.iconifyButton&apos;, text=null, enabled=true, visible=true, showing=true]
        javax.swing.JButton[name=&apos;RootPane.titlePane.toggleButton&apos;, text=null, enabled=true, visible=true, showing=true]
        javax.swing.JButton[name=&apos;RootPane.titlePane.closeButton&apos;, text=null, enabled=true, visible=true, showing=true]
  se.cambiosys.client.framework.subjectofcare.internal.group.gui.GroupSOCSelectedPanel$ExtendedGroupBannerDialog[name=&apos;dialog2&apos;, title=null, enabled=true, modal=false, visible=false, showing=false]
    javax.swing.JRootPane[]
      javax.swing.JPanel[name=&apos;null.glassPane&apos;]
      javax.swing.JLayeredPane[]
        javax.swing.JPanel[name=&apos;null.contentPane&apos;]
          se.cambiosys.client.framework.subjectofcare.internal.group.gui.ExtendedGroupBannerPanel[name=&apos;SubjectGroupSOCSelectedPanel.groupBannerPanel&apos;]
            se.cambiosys.client.framework.components.CambioScrollPane[name=&apos;Subjectofcare.ExtendedGroupBannerPanel.scrollPane&apos;, enabled=true, visible=true, showing=false]
              javax.swing.JViewport[,0,0,0x0,invalid,layout=javax.swing.ViewportLayout,alignmentX=0.0,alignmentY=0.0,border=,flags=25165824,maximumSize=,minimumSize=,preferredSize=,isViewSizeSet=false,lastPaintPosition=,scrollUnderway=false]
                se.cambiosys.client.framework.subjectofcare.internal.group.gui.ExtendedGroupBannerPanel$1(se.cambiosys.client.framework.components.CambioTextPane)[name=&apos;Subjectofcare.ExtendedGroupBannerPanel.textPane&apos;, text=&apos;&lt;html&gt;
  &lt;head&gt;

  &lt;/head&gt;
  &lt;body&gt;
    &lt;p style=&quot;margin-top: 0&quot;&gt;
      
    &lt;/p&gt;
  &lt;/body&gt;
&lt;/html&gt;
&apos;, enabled=true, visible=true, showing=false]
              javax.swing.JScrollPane$ScrollBar[name=null, value=0, blockIncrement=10, minimum=0, maximum=100, enabled=true, visible=true, showing=false]
                javax.swing.plaf.synth.SynthScrollBarUI$2(javax.swing.plaf.synth.SynthArrowButton)[name=&apos;ScrollBar.button&apos;, text=&apos;&apos;, enabled=true, visible=true, showing=false]
                javax.swing.plaf.synth.SynthScrollBarUI$1(javax.swing.plaf.synth.SynthArrowButton)[name=&apos;ScrollBar.button&apos;, text=&apos;&apos;, enabled=true, visible=true, showing=false]
              javax.swing.JScrollPane$ScrollBar[name=null, value=0, blockIncrement=10, minimum=0, maximum=100, enabled=true, visible=true, showing=false]
                javax.swing.plaf.synth.SynthScrollBarUI$2(javax.swing.plaf.synth.SynthArrowButton)[name=&apos;ScrollBar.button&apos;, text=&apos;&apos;, enabled=true, visible=true, showing=false]
                javax.swing.plaf.synth.SynthScrollBarUI$1(javax.swing.plaf.synth.SynthArrowButton)[name=&apos;ScrollBar.button&apos;, text=&apos;&apos;, enabled=true, visible=true, showing=false]
            se.cambiosys.client.framework.components.CambioPanel[name=&apos;Subjectofcare.ExtendedGroupBannerPanel.buttonPanel&apos;]
              se.cambiosys.client.framework.components.CambioButton[name=&apos;Subjectofcare.ExtendedGroupBannerPanel.btnGroupCard&apos;, text=&apos;Group card&apos;, enabled=true, visible=true, showing=false]
  se.cambiosys.client.framework.subjectofcare.internal.gui.ExtendedPatientBannerDialog[name=&apos;Patients.PatientSOCSelectedPanel.PatientSOCSelectedPanel&apos;, title=null, enabled=true, modal=false, visible=false, showing=false]
    javax.swing.JRootPane[]
      javax.swing.JPanel[name=&apos;null.glassPane&apos;]
      javax.swing.JLayeredPane[]
        javax.swing.JPanel[name=&apos;null.contentPane&apos;]
          se.cambiosys.client.framework.subjectofcare.internal.gui.ExtendedPatientBannerPanel[name=&apos;Patients.PatientSOCSelectedPanel.PatientSOCSelectedPanel&apos;]
            se.cambiosys.client.framework.components.CambioScrollPane[name=&apos;Subjectofcare.ExtendedPatientBannerPanel.scrollPane&apos;, enabled=true, visible=true, showing=false]
              javax.swing.JViewport[,0,0,0x0,invalid,layout=javax.swing.ViewportLayout,alignmentX=0.0,alignmentY=0.0,border=,flags=25165824,maximumSize=,minimumSize=,preferredSize=,isViewSizeSet=false,lastPaintPosition=,scrollUnderway=false]
                se.cambiosys.client.framework.subjectofcare.internal.gui.ExtendedPatientBannerPanel$1(se.cambiosys.client.framework.components.CambioTextPane)[name=&apos;Subjectofcare.ExtendedPatientBannerPanel.textPane&apos;, text=&apos;&lt;html&gt;
  &lt;head&gt;

  &lt;/head&gt;
  &lt;body&gt;
    &lt;p style=&quot;margin-top: 0&quot;&gt;
      
    &lt;/p&gt;
  &lt;/body&gt;
&lt;/html&gt;
&apos;, enabled=true, visible=true, showing=false]
              javax.swing.JScrollPane$ScrollBar[name=null, value=0, blockIncrement=10, minimum=0, maximum=100, enabled=true, visible=true, showing=false]
                javax.swing.plaf.synth.SynthScrollBarUI$2(javax.swing.plaf.synth.SynthArrowButton)[name=&apos;ScrollBar.button&apos;, text=&apos;&apos;, enabled=true, visible=true, showing=false]
                javax.swing.plaf.synth.SynthScrollBarUI$1(javax.swing.plaf.synth.SynthArrowButton)[name=&apos;ScrollBar.button&apos;, text=&apos;&apos;, enabled=true, visible=true, showing=false]
              javax.swing.JScrollPane$ScrollBar[name=null, value=0, blockIncrement=10, minimum=0, maximum=100, enabled=true, visible=true, showing=false]
                javax.swing.plaf.synth.SynthScrollBarUI$2(javax.swing.plaf.synth.SynthArrowButton)[name=&apos;ScrollBar.button&apos;, text=&apos;&apos;, enabled=true, visible=true, showing=false]
                javax.swing.plaf.synth.SynthScrollBarUI$1(javax.swing.plaf.synth.SynthArrowButton)[name=&apos;ScrollBar.button&apos;, text=&apos;&apos;, enabled=true, visible=true, showing=false]
            se.cambiosys.client.framework.components.CambioPanel[name=&apos;Subjectofcare.ExtendedPatientBannerPanel.buttonPanel&apos;]
              se.cambiosys.client.framework.components.CambioButton[name=&apos;Subjectofcare.ExtendedPatientBannerPanel.btnPatientCard&apos;, text=&apos;Patient card&apos;, enabled=true, visible=true, showing=false]

	at se.cambio.test.taf.element.desktop.elementbase.core.BaseElement.handleComponentLookUpException(BaseElement.java:288)
	at se.cambio.test.taf.element.desktop.elementbase.core.BaseJMenuItem.&lt;init&gt;(BaseJMenuItem.java:72)
	at se.cambio.test.taf.element.desktop.elementbase.core.BaseJMenu.selectMenu(BaseJMenu.java:45)
	at se.cambio.test.taf.element.desktop.element.JMenu.selectCosmicMenu(JMenu.java:33)
	at se.cambio.test.taf.element.desktop.DesktopContainerLocator.selectMenu(DesktopContainerLocator.java:206)
	at se.cambio.test.taf.element.desktop.PageObject.selectMenu(PageObject.java:449)
	at se.cambio.qa.panels.CosmicCDECommonHeaderPanel.headerPanel_NavigateToMenu(CosmicCDECommonHeaderPanel.java:109)
	at se.cambio.qa.panels.CosmicCDECommonHeaderPanel.landing_mb_navigate_region_membership_section(CosmicCDECommonHeaderPanel.java:345)
	at se.cambio.qa.pages.CosmicCDECommonLandingPage.landing_mb_navigate_region_membership_section(CosmicCDECommonLandingPage.java:394)
	at se.cambio.qa.dev.MbSampleTest.step_mb_region_membership(MbSampleTest.java:20)
	at sun.reflect.NativeMethodAccessorImpl.invoke0(Native Method)
	at sun.reflect.NativeMethodAccessorImpl.invoke(NativeMethodAccessorImpl.java:62)
	at sun.reflect.DelegatingMethodAccessorImpl.invoke(DelegatingMethodAccessorImpl.java:43)
	at java.lang.reflect.Method.invoke(Method.java:498)
	at org.testng.internal.MethodInvocationHelper.invokeMethod(MethodInvocationHelper.java:124)
	at org.testng.internal.Invoker.invokeMethod(Invoker.java:583)
	at org.testng.internal.Invoker.invokeTestMethod(Invoker.java:719)
	at org.testng.internal.Invoker.invokeTestMethods(Invoker.java:989)
	at org.testng.internal.TestMethodWorker.invokeTestMethods(TestMethodWorker.java:125)
	at org.testng.internal.TestMethodWorker.run(TestMethodWorker.java:109)
	at org.testng.TestRunner.privateRun(TestRunner.java:648)
	at org.testng.TestRunner.run(TestRunner.java:505)
	at org.testng.SuiteRunner.runTest(SuiteRunner.java:455)
	at org.testng.SuiteRunner.runSequentially(SuiteRunner.java:450)
	at org.testng.SuiteRunner.privateRun(SuiteRunner.java:415)
	at org.testng.SuiteRunner.run(SuiteRunner.java:364)
	at org.testng.SuiteRunnerWorker.runSuite(SuiteRunnerWorker.java:52)
	at org.testng.SuiteRunnerWorker.run(SuiteRunnerWorker.java:84)
	at org.testng.TestNG.runSuitesSequentially(TestNG.java:1208)
	at org.testng.TestNG.runSuitesLocally(TestNG.java:1137)
	at org.testng.TestNG.runSuites(TestNG.java:1049)
	at org.testng.TestNG.run(TestNG.java:1017)
	at se.cambio.test.runner.framework.executor.impl.local.TestNgTestExecutor.runTestSuite(TestNgTestExecutor.java:53)
	at se.cambio.test.runner.framework.executor.impl.local.TestNgTestExecutor.execute(TestNgTestExecutor.java:37)
	at se.cambio.test.runner.framework.runner.DelegatingTestRunner.run(DelegatingTestRunner.java:34)
	... 30 more
</failure>
    <system-out>@HL
@HL-------------------------------------------------------
@HL T E S T S
@HL-------------------------------------------------------
@SLRunning TestSuite
log4j: reset attribute= &quot;false&quot;.
log4j: Threshold =&quot;null&quot;.
log4j: Retreiving an instance of org.apache.log4j.Logger.
log4j: Setting [com.cambio.qa.web.suite] additivity to [true].
log4j: Class name: [org.apache.log4j.FileAppender]
log4j: Setting property [file] to [info.log].
log4j: Parsing layout of class: &quot;org.apache.log4j.PatternLayout&quot;
log4j: Setting property [conversionPattern] to [%-5p | %d{yyyy-MM-dd HH:mm:ss} | [%t] %C{2} (%F:%L) - %m%n].
log4j: Setting property [levelMin] to [DEBUG].
log4j: Setting property [levelMax] to [INFO].
log4j: Setting property [acceptOnMatch] to [true].
log4j: Adding filter of type [class org.apache.log4j.varia.LevelRangeFilter] to appender named [info-log].
log4j: setFile called: info.log, true
log4j: setFile ended
log4j: Adding appender named [info-log] to category [com.cambio.qa.web.suite].
log4j: Class name: [org.apache.log4j.FileAppender]
log4j: Setting property [append] to [false].
log4j: Setting property [file] to [error.log].
log4j: Parsing layout of class: &quot;org.apache.log4j.PatternLayout&quot;
log4j: Setting property [conversionPattern] to [%-5p | %d{yyyy-MM-dd HH:mm:ss} | [%t] %C{2} (%F:%L) - %m%n].
log4j: Setting property [levelMin] to [WARN].
log4j: Setting property [levelMax] to [FATAL].
log4j: Setting property [acceptOnMatch] to [true].
log4j: Adding filter of type [class org.apache.log4j.varia.LevelRangeFilter] to appender named [error-log].
log4j: setFile called: error.log, false
log4j: setFile ended
log4j: Adding appender named [error-log] to category [com.cambio.qa.web.suite].
log4j: Level value for root is  [debug].
log4j: root level set to DEBUG
log4j: Class name: [org.apache.log4j.ConsoleAppender]
log4j: Setting property [target] to [System.out].
log4j: Parsing layout of class: &quot;org.apache.log4j.PatternLayout&quot;
log4j: Setting property [conversionPattern] to [%-5p | %d{yyyy-MM-dd HH:mm:ss} | [%t] %C{2} (%F:%L) - %m%n].
log4j: Setting property [levelMin] to [INFO].
log4j: Setting property [levelMax] to [INFO].
log4j: Setting property [acceptOnMatch] to [true].
log4j: Adding filter of type [class org.apache.log4j.varia.LevelRangeFilter] to appender named [console].
log4j: Adding appender named [console] to category [root].
--- All Test Execution Started ---
INFO  | 2019-01-21 17:34:54 | [main] runner.DelegatingTestRunner (DelegatingTestRunner.java:61) - 

--------------------- Starting a New Test Suite Run ----------------------
--- Starting : step_mb_region_membership

name = chrome
driver = webdriver.chrome.driver
location = chromedriver.exe
os-type = Windows
grid-mode = OFF
headless-mode = OFF
embedded-mode = ON
app-mode = GUI
dashboard = OFF

spider_jboss_server = CSLK-AFTSP-81-2
spider_jboss_port = 14099
spider_jboss_service_name = JBoss_TeamCI_LEO_AFT_R81_Spider_140
ix3_jboss_server = CSLK-AFTIX-81-2
ix3_jboss_servicename = TeamCI_LEO_Cosmic
ix3_jboss_deployments_folder = \\\\CSLK-AFTIX-81-2\\e\\ix3\\TeamCI_LEO\\instance\\Cosmic\\standalone\\deployments

protocol = http
server = puppies.herokuapp.com
port = 
directory = 
page = 
application-path = C:\\AFTSetup\\Task_2\\R8P1_AFT_LEO\\Client

implicit = 8000
script = 2000
pageload = 10000
env-timeout = 3000
17:34:55,710 |-INFO in ch.qos.logback.classic.LoggerContext[default] - Could NOT find resource [logback.groovy]
17:34:55,712 |-INFO in ch.qos.logback.classic.LoggerContext[default] - Could NOT find resource [logback-test.xml]
17:34:55,715 |-INFO in ch.qos.logback.classic.LoggerContext[default] - Found resource [logback.xml] at [file:/D:/CTAFProject/team-projects/process-support/Client/Application/framework/config/logback.xml]
17:34:55,792 |-INFO in ch.qos.logback.classic.joran.action.ConfigurationAction - debug attribute not set
17:34:55,817 |-ERROR in ch.qos.logback.core.joran.action.PropertyAction - In &lt;property&gt; element, either the &quot;file&quot; attribute alone, or the &quot;resource&quot; element alone, or both the &quot;name&quot; and &quot;value&quot; attributes must be set.
17:34:55,817 |-INFO in ch.qos.logback.core.joran.action.AppenderAction - About to instantiate appender of type [ch.qos.logback.core.ConsoleAppender]
17:34:55,821 |-INFO in ch.qos.logback.core.joran.action.AppenderAction - Naming appender as [STDOUT]
17:34:55,984 |-WARN in ch.qos.logback.core.ConsoleAppender[STDOUT] - This appender no longer admits a layout as a sub-component, set an encoder instead.
17:34:55,984 |-WARN in ch.qos.logback.core.ConsoleAppender[STDOUT] - To ensure compatibility, wrapping your layout in LayoutWrappingEncoder.
17:34:55,984 |-WARN in ch.qos.logback.core.ConsoleAppender[STDOUT] - See also http://logback.qos.ch/codes.html#layoutInsteadOfEncoder for details
17:34:55,984 |-INFO in ch.qos.logback.core.joran.action.AppenderAction - About to instantiate appender of type [ch.qos.logback.core.rolling.RollingFileAppender]
17:34:55,987 |-INFO in ch.qos.logback.core.joran.action.AppenderAction - Naming appender as [LOG-FILE]
17:34:56,056 |-INFO in c.q.l.core.rolling.TimeBasedRollingPolicy - No compression will be used
17:34:56,058 |-INFO in c.q.l.core.rolling.TimeBasedRollingPolicy - Will use the pattern CosmicUserHome_IS_UNDEFINED/log/old/log.%d{yyyyMMdd}_%i.txt for the active file
17:34:56,060 |-INFO in ch.qos.logback.core.rolling.SizeAndTimeBasedFNATP@176b3f44 - The date pattern is &apos;yyyyMMdd&apos; from file name pattern &apos;CosmicUserHome_IS_UNDEFINED/log/old/log.%d{yyyyMMdd}_%i.txt&apos;.
17:34:56,060 |-INFO in ch.qos.logback.core.rolling.SizeAndTimeBasedFNATP@176b3f44 - Roll-over at midnight.
17:34:56,064 |-INFO in ch.qos.logback.core.rolling.SizeAndTimeBasedFNATP@176b3f44 - Setting initial period to Mon Jan 21 11:21:52 IST 2019
17:34:56,066 |-WARN in ch.qos.logback.core.rolling.RollingFileAppender[LOG-FILE] - This appender no longer admits a layout as a sub-component, set an encoder instead.
17:34:56,066 |-WARN in ch.qos.logback.core.rolling.RollingFileAppender[LOG-FILE] - To ensure compatibility, wrapping your layout in LayoutWrappingEncoder.
17:34:56,066 |-WARN in ch.qos.logback.core.rolling.RollingFileAppender[LOG-FILE] - See also http://logback.qos.ch/codes.html#layoutInsteadOfEncoder for details
17:34:56,074 |-INFO in ch.qos.logback.core.rolling.RollingFileAppender[LOG-FILE] - Active log file name: CosmicUserHome_IS_UNDEFINED\log\log.txt
17:34:56,074 |-INFO in ch.qos.logback.core.rolling.RollingFileAppender[LOG-FILE] - File property is set to [CosmicUserHome_IS_UNDEFINED\log\log.txt]
17:34:56,075 |-INFO in ch.qos.logback.core.joran.action.AppenderAction - About to instantiate appender of type [ch.qos.logback.core.rolling.RollingFileAppender]
17:34:56,075 |-INFO in ch.qos.logback.core.joran.action.AppenderAction - Naming appender as [ERROR-FILE]
17:34:56,076 |-INFO in c.q.l.core.rolling.TimeBasedRollingPolicy - No compression will be used
17:34:56,076 |-INFO in c.q.l.core.rolling.TimeBasedRollingPolicy - Will use the pattern CosmicUserHome_IS_UNDEFINED/log/old/errorlog.%d{yyyyMMdd}_%i.txt for the active file
17:34:56,077 |-INFO in ch.qos.logback.core.rolling.SizeAndTimeBasedFNATP@6ee6f53 - The date pattern is &apos;yyyyMMdd&apos; from file name pattern &apos;CosmicUserHome_IS_UNDEFINED/log/old/errorlog.%d{yyyyMMdd}_%i.txt&apos;.
17:34:56,077 |-INFO in ch.qos.logback.core.rolling.SizeAndTimeBasedFNATP@6ee6f53 - Roll-over at midnight.
17:34:56,078 |-INFO in ch.qos.logback.core.rolling.SizeAndTimeBasedFNATP@6ee6f53 - Setting initial period to Mon Jan 21 11:21:52 IST 2019
17:34:56,079 |-WARN in ch.qos.logback.core.rolling.RollingFileAppender[ERROR-FILE] - This appender no longer admits a layout as a sub-component, set an encoder instead.
17:34:56,079 |-WARN in ch.qos.logback.core.rolling.RollingFileAppender[ERROR-FILE] - To ensure compatibility, wrapping your layout in LayoutWrappingEncoder.
17:34:56,079 |-WARN in ch.qos.logback.core.rolling.RollingFileAppender[ERROR-FILE] - See also http://logback.qos.ch/codes.html#layoutInsteadOfEncoder for details
17:34:56,079 |-INFO in ch.qos.logback.core.rolling.RollingFileAppender[ERROR-FILE] - Active log file name: CosmicUserHome_IS_UNDEFINED\log\errorlog.txt
17:34:56,079 |-INFO in ch.qos.logback.core.rolling.RollingFileAppender[ERROR-FILE] - File property is set to [CosmicUserHome_IS_UNDEFINED\log\errorlog.txt]
17:34:56,079 |-INFO in ch.qos.logback.core.joran.action.AppenderAction - About to instantiate appender of type [ch.qos.logback.core.rolling.RollingFileAppender]
17:34:56,079 |-INFO in ch.qos.logback.core.joran.action.AppenderAction - Naming appender as [WINDOW-LOG-FILE]
17:34:56,082 |-INFO in c.q.l.core.rolling.TimeBasedRollingPolicy - No compression will be used
17:34:56,083 |-INFO in c.q.l.core.rolling.TimeBasedRollingPolicy - Will use the pattern CosmicUserHome_IS_UNDEFINED/log/old/windowlog.%d{yyyyMMdd}_%i.txt for the active file
17:34:56,084 |-INFO in ch.qos.logback.core.rolling.SizeAndTimeBasedFNATP@421bba99 - The date pattern is &apos;yyyyMMdd&apos; from file name pattern &apos;CosmicUserHome_IS_UNDEFINED/log/old/windowlog.%d{yyyyMMdd}_%i.txt&apos;.
17:34:56,084 |-INFO in ch.qos.logback.core.rolling.SizeAndTimeBasedFNATP@421bba99 - Roll-over at midnight.
17:34:56,084 |-INFO in ch.qos.logback.core.rolling.SizeAndTimeBasedFNATP@421bba99 - Setting initial period to Mon Jan 21 12:07:47 IST 2019
17:34:56,085 |-WARN in ch.qos.logback.core.rolling.RollingFileAppender[WINDOW-LOG-FILE] - This appender no longer admits a layout as a sub-component, set an encoder instead.
17:34:56,085 |-WARN in ch.qos.logback.core.rolling.RollingFileAppender[WINDOW-LOG-FILE] - To ensure compatibility, wrapping your layout in LayoutWrappingEncoder.
17:34:56,085 |-WARN in ch.qos.logback.core.rolling.RollingFileAppender[WINDOW-LOG-FILE] - See also http://logback.qos.ch/codes.html#layoutInsteadOfEncoder for details
17:34:56,085 |-INFO in ch.qos.logback.core.rolling.RollingFileAppender[WINDOW-LOG-FILE] - Active log file name: CosmicUserHome_IS_UNDEFINED\log\windowlog.txt
17:34:56,085 |-INFO in ch.qos.logback.core.rolling.RollingFileAppender[WINDOW-LOG-FILE] - File property is set to [CosmicUserHome_IS_UNDEFINED\log\windowlog.txt]
17:34:56,086 |-INFO in ch.qos.logback.classic.joran.action.RootLoggerAction - Setting level of ROOT logger to ERROR
17:34:56,086 |-INFO in ch.qos.logback.core.joran.action.AppenderRefAction - Attaching appender named [STDOUT] to Logger[ROOT]
17:34:56,088 |-INFO in ch.qos.logback.core.joran.action.AppenderRefAction - Attaching appender named [LOG-FILE] to Logger[ROOT]
17:34:56,088 |-INFO in ch.qos.logback.classic.joran.action.LoggerAction - Setting level of logger [log] to INFO
17:34:56,088 |-INFO in ch.qos.logback.classic.joran.action.LoggerAction - Setting additivity of logger [log] to false
17:34:56,088 |-INFO in ch.qos.logback.core.joran.action.AppenderRefAction - Attaching appender named [LOG-FILE] to Logger[log]
17:34:56,089 |-INFO in ch.qos.logback.classic.joran.action.LoggerAction - Setting level of logger [windowlog] to INFO
17:34:56,089 |-INFO in ch.qos.logback.classic.joran.action.LoggerAction - Setting additivity of logger [windowlog] to false
17:34:56,089 |-INFO in ch.qos.logback.core.joran.action.AppenderRefAction - Attaching appender named [WINDOW-LOG-FILE] to Logger[windowlog]
17:34:56,089 |-INFO in ch.qos.logback.classic.joran.action.LoggerAction - Setting level of logger [errorlog] to ERROR
17:34:56,089 |-INFO in ch.qos.logback.classic.joran.action.LoggerAction - Setting additivity of logger [errorlog] to false
17:34:56,089 |-INFO in ch.qos.logback.core.joran.action.AppenderRefAction - Attaching appender named [ERROR-FILE] to Logger[errorlog]
17:34:56,089 |-INFO in ch.qos.logback.classic.joran.action.ConfigurationAction - End of configuration.
17:34:56,089 |-INFO in ch.qos.logback.classic.joran.JoranConfigurator@5d12a356 - Registering current configuration as safe fallback point














































































INFO  | 2019-01-21 17:35:02 | [main] pages.CosmicCDECommonLoginPage (CosmicCDECommonLoginPage.java:24) - Initiate se.cambio.qa.pages.CosmicCDECommonLoginPage

INFO  | 2019-01-21 17:35:03 | [AWT-EventQueue-0] statistics.UserTransactionManager$Factory (UserTransactionManager.java:100) - Found implementation: jar:file:/D:/CTAFProject/team-projects/process-support/Client/Application/modules/Include/External/cambio-cuts-basic.jar!/META-INF/se.cambiosys.client.framework.statistics.UserTransactionManager.properties
INFO  | 2019-01-21 17:35:03 | [AWT-EventQueue-0] statistics.UserTransactionManager$Factory (UserTransactionManager.java:123) - Loaded: se.cambio.cuts.basic.BasicUserTransactionManager@50827800
INFO  | 2019-01-21 17:35:03 | [AWT-EventQueue-0] impl.InvocationStatisticAttributeAccessorFactory (InvocationStatisticAttributeAccessorFactory.java:174) - Created accessors for: interface se.cambio.cuts.common.stats.GCStatistic, accessors: [se.cambio.cuts.jmx.common.impl.InvocationStatisticAttributeAccessor@59b7425d, se.cambio.cuts.jmx.common.impl.InvocationStatisticAttributeAccessor@7b23894c]
INFO  | 2019-01-21 17:35:03 | [AWT-EventQueue-0] impl.InvocationStatisticAttributeAccessorFactory (InvocationStatisticAttributeAccessorFactory.java:174) - Created accessors for: interface se.cambio.cuts.common.stats.ExternalJDBCStatistic, accessors: [se.cambio.cuts.jmx.common.impl.InvocationStatisticAttributeAccessor@2700fd30, se.cambio.cuts.jmx.common.impl.InvocationStatisticAttributeAccessor@75574215, se.cambio.cuts.jmx.common.impl.InvocationStatisticAttributeAccessor@7f5f0a4c, se.cambio.cuts.jmx.common.impl.InvocationStatisticAttributeAccessor@4019d074, se.cambio.cuts.jmx.common.impl.InvocationStatisticAttributeAccessor@75e4fc2b]
INFO  | 2019-01-21 17:35:03 | [AWT-EventQueue-0] impl.InvocationStatisticAttributeAccessorFactory (InvocationStatisticAttributeAccessorFactory.java:174) - Created accessors for: interface se.cambio.cuts.common.stats.JDBCStatistic, accessors: [se.cambio.cuts.jmx.common.impl.InvocationStatisticAttributeAccessor@6812fc72, se.cambio.cuts.jmx.common.impl.InvocationStatisticAttributeAccessor@4748c0d, se.cambio.cuts.jmx.common.impl.InvocationStatisticAttributeAccessor@3f95919f, se.cambio.cuts.jmx.common.impl.InvocationStatisticAttributeAccessor@5f903c3, se.cambio.cuts.jmx.common.impl.InvocationStatisticAttributeAccessor@7af78e62]
INFO  | 2019-01-21 17:35:03 | [AWT-EventQueue-0] impl.InvocationStatisticAttributeAccessorFactory (InvocationStatisticAttributeAccessorFactory.java:174) - Created accessors for: interface se.cambio.cuts.common.stats.ResponseTimeStatistic, accessors: [se.cambio.cuts.jmx.common.impl.InvocationStatisticAttributeAccessor@457c64c8]
INFO  | 2019-01-21 17:35:03 | [AWT-EventQueue-0] impl.InvocationStatisticAttributeAccessorFactory (InvocationStatisticAttributeAccessorFactory.java:174) - Created accessors for: interface se.cambio.cuts.common.stats.ThreadStatistic, accessors: [se.cambio.cuts.jmx.common.impl.InvocationStatisticAttributeAccessor@18edf51e, se.cambio.cuts.jmx.common.impl.InvocationStatisticAttributeAccessor@50fc7a99, se.cambio.cuts.jmx.common.impl.InvocationStatisticAttributeAccessor@133b6c54, se.cambio.cuts.jmx.common.impl.InvocationStatisticAttributeAccessor@7647dea8, se.cambio.cuts.jmx.common.impl.InvocationStatisticAttributeAccessor@50bbae8c]
INFO  | 2019-01-21 17:35:03 | [AWT-EventQueue-0] impl.InvocationStatisticAttributeAccessorFactory (InvocationStatisticAttributeAccessorFactory.java:174) - Created accessors for: interface se.cambio.cuts.common.stats.EJBInvocationStatistic, accessors: [se.cambio.cuts.jmx.common.impl.InvocationStatisticAttributeAccessor@614001ad, se.cambio.cuts.jmx.common.impl.InvocationStatisticAttributeAccessor@3790d101]
INFO  | 2019-01-21 17:35:03 | [AWT-EventQueue-0] impl.InvocationStatisticAttributeAccessorFactory (InvocationStatisticAttributeAccessorFactory.java:174) - Created accessors for: interface se.cambio.cuts.common.stats.UserTransactionStatistic, accessors: [se.cambio.cuts.jmx.common.impl.InvocationStatisticAttributeAccessor@639400fd, se.cambio.cuts.jmx.common.impl.InvocationStatisticAttributeAccessor@6a39dba8, se.cambio.cuts.jmx.common.impl.InvocationStatisticAttributeAccessor@52bddd57, se.cambio.cuts.jmx.common.impl.InvocationStatisticAttributeAccessor@296189c5, se.cambio.cuts.jmx.common.impl.InvocationStatisticAttributeAccessor@6ab1f7fc]
INFO  | 2019-01-21 17:35:08 | [AWT-EventQueue-0] security.Version (Version.java:57) - ELY00001: WildFly Elytron version 1.1.10.Final-redhat-1
INFO  | 2019-01-21 17:35:08 | [AWT-EventQueue-0] client.EJBClient (EJBClient.java:51) - JBoss EJB Client version 4.0.10.Final-redhat-1
INFO  | 2019-01-21 17:35:09 | [AWT-EventQueue-0] xnio.Xnio (Xnio.java:95) - XNIO version 3.5.5.Final-redhat-1
INFO  | 2019-01-21 17:35:09 | [AWT-EventQueue-0] nio.NioXnio (NioXnio.java:58) - XNIO NIO Implementation Version 3.5.5.Final-redhat-1
INFO  | 2019-01-21 17:35:09 | [AWT-EventQueue-0] remoting3.EndpointImpl (EndpointImpl.java:99) - JBoss Remoting version 5.0.8.Final-redhat-1
INFO  | 2019-01-21 17:35:12 | [AWT-EventQueue-0] cosmic.CSMModule (CSMModule.java:25) - Created new instance: se.cambio.tools.csm.agent.client.cosmic.CSMModule@31ab422e
INFO  | 2019-01-21 17:35:14 | [AWT-EventQueue-0] client.Module (Module.java:89) - Found bypassed classes: []
INFO  | 2019-01-21 17:35:14 | [AWT-EventQueue-0] client.Module (Module.java:108) - Found bypassed modules: []





























Jan 21, 2019 5:35:15 PM java.util.prefs.WindowsPreferences &lt;init&gt;
WARNING: Could not open/create prefs root node Software\JavaSoft\Prefs at root 0x80000002. Windows RegCreateKeyEx(...) returned error code 5.
INFO  | 2019-01-21 17:35:18 | [main] pages.CosmicCDECommonLoginPage (CosmicCDECommonLoginPage.java:136) - Step: Login to the Cosmic [CosmicCDECommonLoginPage#login_Enter_CosmicUserName]
INFO  | 2019-01-21 17:35:27 | [main] pages.CosmicCDECommonLoginPage (CosmicCDECommonLoginPage.java:139) - Step: Login to Cosmic using Given information[CosmicCDECommonLoginPage#login_SuccessfulLogin]
INFO  | 2019-01-21 17:35:37 | [main] panels.CosmicCDECommonHeaderPanel (CosmicCDECommonHeaderPanel.java:32) - Initiate se.cambio.qa.panels.CosmicCDECommonHeaderPanel
INFO  | 2019-01-21 17:35:37 | [main] panels.CosmicCDECommonShortcutsPanel (CosmicCDECommonShortcutsPanel.java:24) - Initiate se.cambio.qa.panels.CosmicCDECommonShortcutsPanel
INFO  | 2019-01-21 17:35:37 | [main] pages.CosmicCDECommonLandingPage (CosmicCDECommonLandingPage.java:37) - Initiate se.cambio.qa.pages.CosmicCDECommonLandingPage

INFO  | 2019-01-21 17:35:47 | [main] local.TestNgTestExecutor (TestNgTestExecutor.java:93) - Test Method:se.cambio.qa.dev.MbSampleTest.step_mb_region_membership - Result :Failure
INFO  | 2019-01-21 17:35:48 | [AWT-EventQueue-0] controller.AbstractController (AbstractController.java:145) - HMVC Controller id = EmergencyOverviewController, setupModelAndView() called, view hashcode = 1524794391
INFO  | 2019-01-21 17:35:48 | [AWT-EventQueue-0] controller.AbstractController (AbstractController.java:147) - HMVC Controller id = EmergencyOverviewController, setupModelAndView() called, model hashcode = 450362200
INFO  | 2019-01-21 17:35:48 | [AWT-EventQueue-0] controller.AbstractController (AbstractController.java:145) - HMVC Controller id = OWHighestLevelController, setupModelAndView() called, view hashcode = 1973475367
INFO  | 2019-01-21 17:35:48 | [AWT-EventQueue-0] controller.AbstractController (AbstractController.java:147) - HMVC Controller id = OWHighestLevelController, setupModelAndView() called, model hashcode = 157346469
INFO  | 2019-01-21 17:35:48 | [AWT-EventQueue-0] controller.AbstractController (AbstractController.java:145) - HMVC Controller id = OWController, setupModelAndView() called, view hashcode = 578262440
INFO  | 2019-01-21 17:35:48 | [AWT-EventQueue-0] controller.AbstractController (AbstractController.java:147) - HMVC Controller id = OWController, setupModelAndView() called, model hashcode = 166685076
INFO  | 2019-01-21 17:35:48 | [AWT-EventQueue-0] controller.AbstractController (AbstractController.java:145) - HMVC Controller id = OWLogController, setupModelAndView() called, view hashcode = 1685797585
INFO  | 2019-01-21 17:35:48 | [AWT-EventQueue-0] controller.AbstractController (AbstractController.java:147) - HMVC Controller id = OWLogController, setupModelAndView() called, model hashcode = 1294593137
INFO  | 2019-01-21 17:35:48 | [AWT-EventQueue-0] controller.AbstractController (AbstractController.java:145) - HMVC Controller id = WorkLoadController, setupModelAndView() called, view hashcode = 521434647
INFO  | 2019-01-21 17:35:48 | [AWT-EventQueue-0] controller.AbstractController (AbstractController.java:147) - HMVC Controller id = WorkLoadController, setupModelAndView() called, model hashcode = 1751470324
INFO  | 2019-01-21 17:35:48 | [AWT-EventQueue-0] controller.AbstractController (AbstractController.java:145) - HMVC Controller id = OWAdministrationController, setupModelAndView() called, view hashcode = 184997355
INFO  | 2019-01-21 17:35:48 | [AWT-EventQueue-0] controller.AbstractController (AbstractController.java:147) - HMVC Controller id = OWAdministrationController, setupModelAndView() called, model hashcode = 1178889178
INFO  | 2019-01-21 17:35:48 | [AWT-EventQueue-0] controller.AbstractController (AbstractController.java:145) - HMVC Controller id = DischargedContactsController, setupModelAndView() called, view hashcode = 1876646942
INFO  | 2019-01-21 17:35:48 | [AWT-EventQueue-0] controller.AbstractController (AbstractController.java:147) - HMVC Controller id = DischargedContactsController, setupModelAndView() called, model hashcode = 307087158
INFO  | 2019-01-21 17:35:48 | [AWT-EventQueue-0] controller.AbstractController (AbstractController.java:145) - HMVC Controller id = ActiveContactsController, setupModelAndView() called, view hashcode = 29894048
INFO  | 2019-01-21 17:35:48 | [AWT-EventQueue-0] controller.AbstractController (AbstractController.java:147) - HMVC Controller id = ActiveContactsController, setupModelAndView() called, model hashcode = 553981683
INFO  | 2019-01-21 17:35:48 | [AWT-EventQueue-0] controller.AbstractController (AbstractController.java:145) - HMVC Controller id = BookedContactsController, setupModelAndView() called, view hashcode = 470842839
INFO  | 2019-01-21 17:35:48 | [AWT-EventQueue-0] controller.AbstractController (AbstractController.java:147) - HMVC Controller id = BookedContactsController, setupModelAndView() called, model hashcode = 1540415023
INFO  | 2019-01-21 17:35:48 | [AWT-EventQueue-0] controller.AbstractController (AbstractController.java:145) - HMVC Controller id = TransferContactsController, setupModelAndView() called, view hashcode = 1851521576
INFO  | 2019-01-21 17:35:48 | [AWT-EventQueue-0] controller.AbstractController (AbstractController.java:147) - HMVC Controller id = TransferContactsController, setupModelAndView() called, model hashcode = 997829550
INFO  | 2019-01-21 17:35:48 | [AWT-EventQueue-0] client.ActiveModuleListener (ActiveModuleListener.java:120) - Mapped class se.cambiosys.client.emergencycare.emergencyOverview.view.EmergencyOverviewView to id se.cambiosys.client.emergencycare
INFO  | 2019-01-21 17:35:48 | [AWT-EventQueue-0] internal.WindowHandlerImpl$1 (WindowHandlerImpl.java:528) - lastActiveWindow = se.cambiosys.client.emergencycare.emergencyOverview.view.EmergencyOverviewView[CambioInternalFrame_UnitOverview,0,0,800x600,invalid,layout=javax.swing.plaf.basic.BasicInternalFrameUI$Handler,alignmentX=0.0,alignmentY=0.0,border=javax.swing.plaf.synth.SynthBorder@4a8bb56d,flags=16777664,maximumSize=,minimumSize=java.awt.Dimension[width=800,height=600],preferredSize=,closable=true,defaultCloseOperation=DO_NOTHING_ON_CLOSE,desktopIcon=javax.swing.JInternalFrame$JDesktopIcon[,0,0,26x23,invalid,layout=java.awt.BorderLayout,alignmentX=0.0,alignmentY=0.0,border=javax.swing.plaf.synth.SynthBorder@7dc3e7ff,flags=0,maximumSize=,minimumSize=,preferredSize=],frameIcon=javax.swing.ImageIcon@5d924064,iconable=true,isClosed=false,isIcon=false,isMaximum=false,isSelected=true,maximizable=true,opened=true,resizable=true,rootPane=se.cambiosys.client.framework.components.CambioRootPane[,2,25,796x573,layout=javax.swing.JRootPane$RootLayout,alignmentX=0.0,alignmentY=0.0,border=,flags=449,maximumSize=,minimumSize=,preferredSize=],rootPaneCheckingEnabled=true,title=Unit overview]
INFO  | 2019-01-21 17:35:52 | [AWT-EventQueue-0] client.ActiveModuleListener (ActiveModuleListener.java:120) - Mapped class se.cambiosys.client.emergencycare.emergencyOverview.operationalWorkload.overview.view.OWDialog to id se.cambiosys.client.emergencycare
</system-out>
  </testcase>
</testsuite>